[2025-05-14T00:08:22.439+0000] {processor.py:161} INFO - Started process (PID=70) to work on /home/airflow/.local/lib/python3.8/site-packages/airflow/example_dags/example_latest_only.py
[2025-05-14T00:08:22.441+0000] {processor.py:830} INFO - Processing file /home/airflow/.local/lib/python3.8/site-packages/airflow/example_dags/example_latest_only.py for tasks to queue
[2025-05-14T00:08:22.451+0000] {logging_mixin.py:188} INFO - [2025-05-14T00:08:22.450+0000] {dagbag.py:538} INFO - Filling up the DagBag from /home/airflow/.local/lib/python3.8/site-packages/airflow/example_dags/example_latest_only.py
[2025-05-14T00:08:22.472+0000] {processor.py:840} INFO - DAG(s) 'latest_only' retrieved from /home/airflow/.local/lib/python3.8/site-packages/airflow/example_dags/example_latest_only.py
[2025-05-14T00:08:22.676+0000] {logging_mixin.py:188} INFO - [2025-05-14T00:08:22.675+0000] {dag.py:3036} INFO - Sync 1 DAGs
[2025-05-14T00:08:22.733+0000] {logging_mixin.py:188} INFO - [2025-05-14T00:08:22.733+0000] {dag.py:3823} INFO - Setting next_dagrun for latest_only to 2025-05-13 20:00:00+00:00, run_after=2025-05-14 00:00:00+00:00
[2025-05-14T00:08:22.886+0000] {processor.py:183} INFO - Processing /home/airflow/.local/lib/python3.8/site-packages/airflow/example_dags/example_latest_only.py took 0.450 seconds
[2025-05-14T00:08:54.562+0000] {processor.py:161} INFO - Started process (PID=126) to work on /home/airflow/.local/lib/python3.8/site-packages/airflow/example_dags/example_latest_only.py
[2025-05-14T00:08:54.564+0000] {processor.py:830} INFO - Processing file /home/airflow/.local/lib/python3.8/site-packages/airflow/example_dags/example_latest_only.py for tasks to queue
[2025-05-14T00:08:54.567+0000] {logging_mixin.py:188} INFO - [2025-05-14T00:08:54.566+0000] {dagbag.py:538} INFO - Filling up the DagBag from /home/airflow/.local/lib/python3.8/site-packages/airflow/example_dags/example_latest_only.py
[2025-05-14T00:08:54.573+0000] {processor.py:840} INFO - DAG(s) 'latest_only' retrieved from /home/airflow/.local/lib/python3.8/site-packages/airflow/example_dags/example_latest_only.py
[2025-05-14T00:08:54.601+0000] {logging_mixin.py:188} INFO - [2025-05-14T00:08:54.600+0000] {dag.py:3036} INFO - Sync 1 DAGs
[2025-05-14T00:08:54.645+0000] {logging_mixin.py:188} INFO - [2025-05-14T00:08:54.644+0000] {dag.py:3823} INFO - Setting next_dagrun for latest_only to 2025-05-13 20:00:00+00:00, run_after=2025-05-14 00:00:00+00:00
[2025-05-14T00:08:54.677+0000] {processor.py:183} INFO - Processing /home/airflow/.local/lib/python3.8/site-packages/airflow/example_dags/example_latest_only.py took 0.119 seconds
[2025-05-14T00:09:25.122+0000] {processor.py:161} INFO - Started process (PID=180) to work on /home/airflow/.local/lib/python3.8/site-packages/airflow/example_dags/example_latest_only.py
[2025-05-14T00:09:25.124+0000] {processor.py:830} INFO - Processing file /home/airflow/.local/lib/python3.8/site-packages/airflow/example_dags/example_latest_only.py for tasks to queue
[2025-05-14T00:09:25.126+0000] {logging_mixin.py:188} INFO - [2025-05-14T00:09:25.126+0000] {dagbag.py:538} INFO - Filling up the DagBag from /home/airflow/.local/lib/python3.8/site-packages/airflow/example_dags/example_latest_only.py
[2025-05-14T00:09:25.132+0000] {processor.py:840} INFO - DAG(s) 'latest_only' retrieved from /home/airflow/.local/lib/python3.8/site-packages/airflow/example_dags/example_latest_only.py
[2025-05-14T00:09:25.155+0000] {logging_mixin.py:188} INFO - [2025-05-14T00:09:25.154+0000] {dag.py:3036} INFO - Sync 1 DAGs
[2025-05-14T00:09:25.180+0000] {logging_mixin.py:188} INFO - [2025-05-14T00:09:25.179+0000] {dag.py:3823} INFO - Setting next_dagrun for latest_only to 2025-05-13 20:00:00+00:00, run_after=2025-05-14 00:00:00+00:00
[2025-05-14T00:09:25.205+0000] {processor.py:183} INFO - Processing /home/airflow/.local/lib/python3.8/site-packages/airflow/example_dags/example_latest_only.py took 0.086 seconds
[2025-05-14T00:09:55.852+0000] {processor.py:161} INFO - Started process (PID=236) to work on /home/airflow/.local/lib/python3.8/site-packages/airflow/example_dags/example_latest_only.py
[2025-05-14T00:09:55.863+0000] {processor.py:830} INFO - Processing file /home/airflow/.local/lib/python3.8/site-packages/airflow/example_dags/example_latest_only.py for tasks to queue
[2025-05-14T00:09:55.867+0000] {logging_mixin.py:188} INFO - [2025-05-14T00:09:55.867+0000] {dagbag.py:538} INFO - Filling up the DagBag from /home/airflow/.local/lib/python3.8/site-packages/airflow/example_dags/example_latest_only.py
[2025-05-14T00:09:55.881+0000] {processor.py:840} INFO - DAG(s) 'latest_only' retrieved from /home/airflow/.local/lib/python3.8/site-packages/airflow/example_dags/example_latest_only.py
[2025-05-14T00:09:55.915+0000] {logging_mixin.py:188} INFO - [2025-05-14T00:09:55.915+0000] {dag.py:3036} INFO - Sync 1 DAGs
[2025-05-14T00:09:56.020+0000] {logging_mixin.py:188} INFO - [2025-05-14T00:09:56.020+0000] {dag.py:3823} INFO - Setting next_dagrun for latest_only to 2025-05-13 20:00:00+00:00, run_after=2025-05-14 00:00:00+00:00
[2025-05-14T00:09:56.059+0000] {processor.py:183} INFO - Processing /home/airflow/.local/lib/python3.8/site-packages/airflow/example_dags/example_latest_only.py took 0.211 seconds
[2025-05-14T00:10:26.996+0000] {processor.py:161} INFO - Started process (PID=292) to work on /home/airflow/.local/lib/python3.8/site-packages/airflow/example_dags/example_latest_only.py
[2025-05-14T00:10:26.997+0000] {processor.py:830} INFO - Processing file /home/airflow/.local/lib/python3.8/site-packages/airflow/example_dags/example_latest_only.py for tasks to queue
[2025-05-14T00:10:27.000+0000] {logging_mixin.py:188} INFO - [2025-05-14T00:10:27.000+0000] {dagbag.py:538} INFO - Filling up the DagBag from /home/airflow/.local/lib/python3.8/site-packages/airflow/example_dags/example_latest_only.py
[2025-05-14T00:10:27.007+0000] {processor.py:840} INFO - DAG(s) 'latest_only' retrieved from /home/airflow/.local/lib/python3.8/site-packages/airflow/example_dags/example_latest_only.py
[2025-05-14T00:10:27.034+0000] {logging_mixin.py:188} INFO - [2025-05-14T00:10:27.033+0000] {dag.py:3036} INFO - Sync 1 DAGs
[2025-05-14T00:10:27.061+0000] {logging_mixin.py:188} INFO - [2025-05-14T00:10:27.061+0000] {dag.py:3823} INFO - Setting next_dagrun for latest_only to 2025-05-13 20:00:00+00:00, run_after=2025-05-14 00:00:00+00:00
[2025-05-14T00:10:27.086+0000] {processor.py:183} INFO - Processing /home/airflow/.local/lib/python3.8/site-packages/airflow/example_dags/example_latest_only.py took 0.093 seconds
[2025-05-14T00:10:57.278+0000] {processor.py:161} INFO - Started process (PID=348) to work on /home/airflow/.local/lib/python3.8/site-packages/airflow/example_dags/example_latest_only.py
[2025-05-14T00:10:57.280+0000] {processor.py:830} INFO - Processing file /home/airflow/.local/lib/python3.8/site-packages/airflow/example_dags/example_latest_only.py for tasks to queue
[2025-05-14T00:10:57.284+0000] {logging_mixin.py:188} INFO - [2025-05-14T00:10:57.283+0000] {dagbag.py:538} INFO - Filling up the DagBag from /home/airflow/.local/lib/python3.8/site-packages/airflow/example_dags/example_latest_only.py
[2025-05-14T00:10:57.294+0000] {processor.py:840} INFO - DAG(s) 'latest_only' retrieved from /home/airflow/.local/lib/python3.8/site-packages/airflow/example_dags/example_latest_only.py
[2025-05-14T00:10:57.387+0000] {logging_mixin.py:188} INFO - [2025-05-14T00:10:57.387+0000] {dag.py:3036} INFO - Sync 1 DAGs
[2025-05-14T00:10:57.472+0000] {logging_mixin.py:188} INFO - [2025-05-14T00:10:57.472+0000] {dag.py:3823} INFO - Setting next_dagrun for latest_only to 2025-05-13 20:00:00+00:00, run_after=2025-05-14 00:00:00+00:00
[2025-05-14T00:10:57.537+0000] {processor.py:183} INFO - Processing /home/airflow/.local/lib/python3.8/site-packages/airflow/example_dags/example_latest_only.py took 0.262 seconds
[2025-05-14T00:11:28.106+0000] {processor.py:161} INFO - Started process (PID=404) to work on /home/airflow/.local/lib/python3.8/site-packages/airflow/example_dags/example_latest_only.py
[2025-05-14T00:11:28.108+0000] {processor.py:830} INFO - Processing file /home/airflow/.local/lib/python3.8/site-packages/airflow/example_dags/example_latest_only.py for tasks to queue
[2025-05-14T00:11:28.110+0000] {logging_mixin.py:188} INFO - [2025-05-14T00:11:28.109+0000] {dagbag.py:538} INFO - Filling up the DagBag from /home/airflow/.local/lib/python3.8/site-packages/airflow/example_dags/example_latest_only.py
[2025-05-14T00:11:28.116+0000] {processor.py:840} INFO - DAG(s) 'latest_only' retrieved from /home/airflow/.local/lib/python3.8/site-packages/airflow/example_dags/example_latest_only.py
[2025-05-14T00:11:28.139+0000] {logging_mixin.py:188} INFO - [2025-05-14T00:11:28.139+0000] {dag.py:3036} INFO - Sync 1 DAGs
[2025-05-14T00:11:28.164+0000] {logging_mixin.py:188} INFO - [2025-05-14T00:11:28.164+0000] {dag.py:3823} INFO - Setting next_dagrun for latest_only to 2025-05-13 20:00:00+00:00, run_after=2025-05-14 00:00:00+00:00
[2025-05-14T00:11:28.188+0000] {processor.py:183} INFO - Processing /home/airflow/.local/lib/python3.8/site-packages/airflow/example_dags/example_latest_only.py took 0.084 seconds
[2025-05-14T00:11:58.701+0000] {processor.py:161} INFO - Started process (PID=460) to work on /home/airflow/.local/lib/python3.8/site-packages/airflow/example_dags/example_latest_only.py
[2025-05-14T00:11:58.703+0000] {processor.py:830} INFO - Processing file /home/airflow/.local/lib/python3.8/site-packages/airflow/example_dags/example_latest_only.py for tasks to queue
[2025-05-14T00:11:58.706+0000] {logging_mixin.py:188} INFO - [2025-05-14T00:11:58.705+0000] {dagbag.py:538} INFO - Filling up the DagBag from /home/airflow/.local/lib/python3.8/site-packages/airflow/example_dags/example_latest_only.py
[2025-05-14T00:11:58.718+0000] {processor.py:840} INFO - DAG(s) 'latest_only' retrieved from /home/airflow/.local/lib/python3.8/site-packages/airflow/example_dags/example_latest_only.py
[2025-05-14T00:11:58.768+0000] {logging_mixin.py:188} INFO - [2025-05-14T00:11:58.767+0000] {dag.py:3036} INFO - Sync 1 DAGs
[2025-05-14T00:11:58.807+0000] {logging_mixin.py:188} INFO - [2025-05-14T00:11:58.806+0000] {dag.py:3823} INFO - Setting next_dagrun for latest_only to 2025-05-13 20:00:00+00:00, run_after=2025-05-14 00:00:00+00:00
[2025-05-14T00:11:58.869+0000] {processor.py:183} INFO - Processing /home/airflow/.local/lib/python3.8/site-packages/airflow/example_dags/example_latest_only.py took 0.172 seconds
[2025-05-14T00:12:29.050+0000] {processor.py:161} INFO - Started process (PID=516) to work on /home/airflow/.local/lib/python3.8/site-packages/airflow/example_dags/example_latest_only.py
[2025-05-14T00:12:29.052+0000] {processor.py:830} INFO - Processing file /home/airflow/.local/lib/python3.8/site-packages/airflow/example_dags/example_latest_only.py for tasks to queue
[2025-05-14T00:12:29.056+0000] {logging_mixin.py:188} INFO - [2025-05-14T00:12:29.055+0000] {dagbag.py:538} INFO - Filling up the DagBag from /home/airflow/.local/lib/python3.8/site-packages/airflow/example_dags/example_latest_only.py
[2025-05-14T00:12:29.062+0000] {processor.py:840} INFO - DAG(s) 'latest_only' retrieved from /home/airflow/.local/lib/python3.8/site-packages/airflow/example_dags/example_latest_only.py
[2025-05-14T00:12:29.096+0000] {logging_mixin.py:188} INFO - [2025-05-14T00:12:29.095+0000] {dag.py:3036} INFO - Sync 1 DAGs
[2025-05-14T00:12:29.133+0000] {logging_mixin.py:188} INFO - [2025-05-14T00:12:29.132+0000] {dag.py:3823} INFO - Setting next_dagrun for latest_only to 2025-05-13 20:00:00+00:00, run_after=2025-05-14 00:00:00+00:00
[2025-05-14T00:12:29.168+0000] {processor.py:183} INFO - Processing /home/airflow/.local/lib/python3.8/site-packages/airflow/example_dags/example_latest_only.py took 0.122 seconds
[2025-05-14T00:12:59.647+0000] {processor.py:161} INFO - Started process (PID=572) to work on /home/airflow/.local/lib/python3.8/site-packages/airflow/example_dags/example_latest_only.py
[2025-05-14T00:12:59.649+0000] {processor.py:830} INFO - Processing file /home/airflow/.local/lib/python3.8/site-packages/airflow/example_dags/example_latest_only.py for tasks to queue
[2025-05-14T00:12:59.652+0000] {logging_mixin.py:188} INFO - [2025-05-14T00:12:59.651+0000] {dagbag.py:538} INFO - Filling up the DagBag from /home/airflow/.local/lib/python3.8/site-packages/airflow/example_dags/example_latest_only.py
[2025-05-14T00:12:59.656+0000] {processor.py:840} INFO - DAG(s) 'latest_only' retrieved from /home/airflow/.local/lib/python3.8/site-packages/airflow/example_dags/example_latest_only.py
[2025-05-14T00:12:59.678+0000] {logging_mixin.py:188} INFO - [2025-05-14T00:12:59.678+0000] {dag.py:3036} INFO - Sync 1 DAGs
[2025-05-14T00:12:59.704+0000] {logging_mixin.py:188} INFO - [2025-05-14T00:12:59.703+0000] {dag.py:3823} INFO - Setting next_dagrun for latest_only to 2025-05-13 20:00:00+00:00, run_after=2025-05-14 00:00:00+00:00
[2025-05-14T00:12:59.730+0000] {processor.py:183} INFO - Processing /home/airflow/.local/lib/python3.8/site-packages/airflow/example_dags/example_latest_only.py took 0.086 seconds
[2025-05-14T00:13:30.212+0000] {processor.py:161} INFO - Started process (PID=628) to work on /home/airflow/.local/lib/python3.8/site-packages/airflow/example_dags/example_latest_only.py
[2025-05-14T00:13:30.214+0000] {processor.py:830} INFO - Processing file /home/airflow/.local/lib/python3.8/site-packages/airflow/example_dags/example_latest_only.py for tasks to queue
[2025-05-14T00:13:30.217+0000] {logging_mixin.py:188} INFO - [2025-05-14T00:13:30.217+0000] {dagbag.py:538} INFO - Filling up the DagBag from /home/airflow/.local/lib/python3.8/site-packages/airflow/example_dags/example_latest_only.py
[2025-05-14T00:13:30.223+0000] {processor.py:840} INFO - DAG(s) 'latest_only' retrieved from /home/airflow/.local/lib/python3.8/site-packages/airflow/example_dags/example_latest_only.py
[2025-05-14T00:13:30.244+0000] {logging_mixin.py:188} INFO - [2025-05-14T00:13:30.244+0000] {dag.py:3036} INFO - Sync 1 DAGs
[2025-05-14T00:13:30.271+0000] {logging_mixin.py:188} INFO - [2025-05-14T00:13:30.270+0000] {dag.py:3823} INFO - Setting next_dagrun for latest_only to 2025-05-13 20:00:00+00:00, run_after=2025-05-14 00:00:00+00:00
[2025-05-14T00:13:30.292+0000] {processor.py:183} INFO - Processing /home/airflow/.local/lib/python3.8/site-packages/airflow/example_dags/example_latest_only.py took 0.083 seconds
[2025-05-14T00:14:00.719+0000] {processor.py:161} INFO - Started process (PID=684) to work on /home/airflow/.local/lib/python3.8/site-packages/airflow/example_dags/example_latest_only.py
[2025-05-14T00:14:00.721+0000] {processor.py:830} INFO - Processing file /home/airflow/.local/lib/python3.8/site-packages/airflow/example_dags/example_latest_only.py for tasks to queue
[2025-05-14T00:14:00.723+0000] {logging_mixin.py:188} INFO - [2025-05-14T00:14:00.722+0000] {dagbag.py:538} INFO - Filling up the DagBag from /home/airflow/.local/lib/python3.8/site-packages/airflow/example_dags/example_latest_only.py
[2025-05-14T00:14:00.728+0000] {processor.py:840} INFO - DAG(s) 'latest_only' retrieved from /home/airflow/.local/lib/python3.8/site-packages/airflow/example_dags/example_latest_only.py
[2025-05-14T00:14:00.754+0000] {logging_mixin.py:188} INFO - [2025-05-14T00:14:00.754+0000] {dag.py:3036} INFO - Sync 1 DAGs
[2025-05-14T00:14:00.779+0000] {logging_mixin.py:188} INFO - [2025-05-14T00:14:00.779+0000] {dag.py:3823} INFO - Setting next_dagrun for latest_only to 2025-05-13 20:00:00+00:00, run_after=2025-05-14 00:00:00+00:00
[2025-05-14T00:14:00.803+0000] {processor.py:183} INFO - Processing /home/airflow/.local/lib/python3.8/site-packages/airflow/example_dags/example_latest_only.py took 0.088 seconds
[2025-05-14T00:14:30.855+0000] {processor.py:161} INFO - Started process (PID=740) to work on /home/airflow/.local/lib/python3.8/site-packages/airflow/example_dags/example_latest_only.py
[2025-05-14T00:14:30.856+0000] {processor.py:830} INFO - Processing file /home/airflow/.local/lib/python3.8/site-packages/airflow/example_dags/example_latest_only.py for tasks to queue
[2025-05-14T00:14:30.858+0000] {logging_mixin.py:188} INFO - [2025-05-14T00:14:30.858+0000] {dagbag.py:538} INFO - Filling up the DagBag from /home/airflow/.local/lib/python3.8/site-packages/airflow/example_dags/example_latest_only.py
[2025-05-14T00:14:30.863+0000] {processor.py:840} INFO - DAG(s) 'latest_only' retrieved from /home/airflow/.local/lib/python3.8/site-packages/airflow/example_dags/example_latest_only.py
[2025-05-14T00:14:30.887+0000] {logging_mixin.py:188} INFO - [2025-05-14T00:14:30.886+0000] {dag.py:3036} INFO - Sync 1 DAGs
[2025-05-14T00:14:30.909+0000] {logging_mixin.py:188} INFO - [2025-05-14T00:14:30.909+0000] {dag.py:3823} INFO - Setting next_dagrun for latest_only to 2025-05-13 20:00:00+00:00, run_after=2025-05-14 00:00:00+00:00
[2025-05-14T00:14:30.932+0000] {processor.py:183} INFO - Processing /home/airflow/.local/lib/python3.8/site-packages/airflow/example_dags/example_latest_only.py took 0.080 seconds
[2025-05-14T00:15:01.457+0000] {processor.py:161} INFO - Started process (PID=796) to work on /home/airflow/.local/lib/python3.8/site-packages/airflow/example_dags/example_latest_only.py
[2025-05-14T00:15:01.458+0000] {processor.py:830} INFO - Processing file /home/airflow/.local/lib/python3.8/site-packages/airflow/example_dags/example_latest_only.py for tasks to queue
[2025-05-14T00:15:01.461+0000] {logging_mixin.py:188} INFO - [2025-05-14T00:15:01.460+0000] {dagbag.py:538} INFO - Filling up the DagBag from /home/airflow/.local/lib/python3.8/site-packages/airflow/example_dags/example_latest_only.py
[2025-05-14T00:15:01.468+0000] {processor.py:840} INFO - DAG(s) 'latest_only' retrieved from /home/airflow/.local/lib/python3.8/site-packages/airflow/example_dags/example_latest_only.py
[2025-05-14T00:15:01.491+0000] {logging_mixin.py:188} INFO - [2025-05-14T00:15:01.491+0000] {dag.py:3036} INFO - Sync 1 DAGs
[2025-05-14T00:15:01.519+0000] {logging_mixin.py:188} INFO - [2025-05-14T00:15:01.519+0000] {dag.py:3823} INFO - Setting next_dagrun for latest_only to 2025-05-13 20:00:00+00:00, run_after=2025-05-14 00:00:00+00:00
[2025-05-14T00:15:01.579+0000] {processor.py:183} INFO - Processing /home/airflow/.local/lib/python3.8/site-packages/airflow/example_dags/example_latest_only.py took 0.125 seconds
[2025-05-14T00:15:32.074+0000] {processor.py:161} INFO - Started process (PID=852) to work on /home/airflow/.local/lib/python3.8/site-packages/airflow/example_dags/example_latest_only.py
[2025-05-14T00:15:32.075+0000] {processor.py:830} INFO - Processing file /home/airflow/.local/lib/python3.8/site-packages/airflow/example_dags/example_latest_only.py for tasks to queue
[2025-05-14T00:15:32.077+0000] {logging_mixin.py:188} INFO - [2025-05-14T00:15:32.077+0000] {dagbag.py:538} INFO - Filling up the DagBag from /home/airflow/.local/lib/python3.8/site-packages/airflow/example_dags/example_latest_only.py
[2025-05-14T00:15:32.083+0000] {processor.py:840} INFO - DAG(s) 'latest_only' retrieved from /home/airflow/.local/lib/python3.8/site-packages/airflow/example_dags/example_latest_only.py
[2025-05-14T00:15:32.105+0000] {logging_mixin.py:188} INFO - [2025-05-14T00:15:32.105+0000] {dag.py:3036} INFO - Sync 1 DAGs
[2025-05-14T00:15:32.130+0000] {logging_mixin.py:188} INFO - [2025-05-14T00:15:32.130+0000] {dag.py:3823} INFO - Setting next_dagrun for latest_only to 2025-05-13 20:00:00+00:00, run_after=2025-05-14 00:00:00+00:00
[2025-05-14T00:15:32.155+0000] {processor.py:183} INFO - Processing /home/airflow/.local/lib/python3.8/site-packages/airflow/example_dags/example_latest_only.py took 0.084 seconds
[2025-05-14T00:16:04.461+0000] {processor.py:161} INFO - Started process (PID=907) to work on /home/airflow/.local/lib/python3.8/site-packages/airflow/example_dags/example_latest_only.py
[2025-05-14T00:16:04.479+0000] {processor.py:830} INFO - Processing file /home/airflow/.local/lib/python3.8/site-packages/airflow/example_dags/example_latest_only.py for tasks to queue
[2025-05-14T00:16:04.514+0000] {logging_mixin.py:188} INFO - [2025-05-14T00:16:04.514+0000] {dagbag.py:538} INFO - Filling up the DagBag from /home/airflow/.local/lib/python3.8/site-packages/airflow/example_dags/example_latest_only.py
[2025-05-14T00:16:04.532+0000] {processor.py:840} INFO - DAG(s) 'latest_only' retrieved from /home/airflow/.local/lib/python3.8/site-packages/airflow/example_dags/example_latest_only.py
[2025-05-14T00:16:04.600+0000] {logging_mixin.py:188} INFO - [2025-05-14T00:16:04.599+0000] {dag.py:3036} INFO - Sync 1 DAGs
[2025-05-14T00:16:04.659+0000] {logging_mixin.py:188} INFO - [2025-05-14T00:16:04.659+0000] {dag.py:3823} INFO - Setting next_dagrun for latest_only to 2025-05-13 20:00:00+00:00, run_after=2025-05-14 00:00:00+00:00
[2025-05-14T00:16:04.802+0000] {processor.py:183} INFO - Processing /home/airflow/.local/lib/python3.8/site-packages/airflow/example_dags/example_latest_only.py took 0.344 seconds
[2025-05-14T00:16:35.449+0000] {processor.py:161} INFO - Started process (PID=963) to work on /home/airflow/.local/lib/python3.8/site-packages/airflow/example_dags/example_latest_only.py
[2025-05-14T00:16:35.451+0000] {processor.py:830} INFO - Processing file /home/airflow/.local/lib/python3.8/site-packages/airflow/example_dags/example_latest_only.py for tasks to queue
[2025-05-14T00:16:35.456+0000] {logging_mixin.py:188} INFO - [2025-05-14T00:16:35.455+0000] {dagbag.py:538} INFO - Filling up the DagBag from /home/airflow/.local/lib/python3.8/site-packages/airflow/example_dags/example_latest_only.py
[2025-05-14T00:16:35.463+0000] {processor.py:840} INFO - DAG(s) 'latest_only' retrieved from /home/airflow/.local/lib/python3.8/site-packages/airflow/example_dags/example_latest_only.py
[2025-05-14T00:16:35.495+0000] {logging_mixin.py:188} INFO - [2025-05-14T00:16:35.494+0000] {dag.py:3036} INFO - Sync 1 DAGs
[2025-05-14T00:16:35.597+0000] {logging_mixin.py:188} INFO - [2025-05-14T00:16:35.597+0000] {dag.py:3823} INFO - Setting next_dagrun for latest_only to 2025-05-13 20:00:00+00:00, run_after=2025-05-14 00:00:00+00:00
[2025-05-14T00:16:35.665+0000] {processor.py:183} INFO - Processing /home/airflow/.local/lib/python3.8/site-packages/airflow/example_dags/example_latest_only.py took 0.219 seconds
[2025-05-14T00:17:06.049+0000] {processor.py:161} INFO - Started process (PID=1018) to work on /home/airflow/.local/lib/python3.8/site-packages/airflow/example_dags/example_latest_only.py
[2025-05-14T00:17:06.051+0000] {processor.py:830} INFO - Processing file /home/airflow/.local/lib/python3.8/site-packages/airflow/example_dags/example_latest_only.py for tasks to queue
[2025-05-14T00:17:06.054+0000] {logging_mixin.py:188} INFO - [2025-05-14T00:17:06.054+0000] {dagbag.py:538} INFO - Filling up the DagBag from /home/airflow/.local/lib/python3.8/site-packages/airflow/example_dags/example_latest_only.py
[2025-05-14T00:17:06.062+0000] {processor.py:840} INFO - DAG(s) 'latest_only' retrieved from /home/airflow/.local/lib/python3.8/site-packages/airflow/example_dags/example_latest_only.py
[2025-05-14T00:17:06.095+0000] {logging_mixin.py:188} INFO - [2025-05-14T00:17:06.094+0000] {dag.py:3036} INFO - Sync 1 DAGs
[2025-05-14T00:17:06.123+0000] {logging_mixin.py:188} INFO - [2025-05-14T00:17:06.123+0000] {dag.py:3823} INFO - Setting next_dagrun for latest_only to 2025-05-13 20:00:00+00:00, run_after=2025-05-14 00:00:00+00:00
[2025-05-14T00:17:06.153+0000] {processor.py:183} INFO - Processing /home/airflow/.local/lib/python3.8/site-packages/airflow/example_dags/example_latest_only.py took 0.106 seconds
[2025-05-14T00:17:36.379+0000] {processor.py:161} INFO - Started process (PID=1075) to work on /home/airflow/.local/lib/python3.8/site-packages/airflow/example_dags/example_latest_only.py
[2025-05-14T00:17:36.384+0000] {processor.py:830} INFO - Processing file /home/airflow/.local/lib/python3.8/site-packages/airflow/example_dags/example_latest_only.py for tasks to queue
[2025-05-14T00:17:36.387+0000] {logging_mixin.py:188} INFO - [2025-05-14T00:17:36.386+0000] {dagbag.py:538} INFO - Filling up the DagBag from /home/airflow/.local/lib/python3.8/site-packages/airflow/example_dags/example_latest_only.py
[2025-05-14T00:17:36.395+0000] {processor.py:840} INFO - DAG(s) 'latest_only' retrieved from /home/airflow/.local/lib/python3.8/site-packages/airflow/example_dags/example_latest_only.py
[2025-05-14T00:17:36.445+0000] {logging_mixin.py:188} INFO - [2025-05-14T00:17:36.445+0000] {dag.py:3036} INFO - Sync 1 DAGs
[2025-05-14T00:17:36.495+0000] {logging_mixin.py:188} INFO - [2025-05-14T00:17:36.495+0000] {dag.py:3823} INFO - Setting next_dagrun for latest_only to 2025-05-13 20:00:00+00:00, run_after=2025-05-14 00:00:00+00:00
[2025-05-14T00:17:36.543+0000] {processor.py:183} INFO - Processing /home/airflow/.local/lib/python3.8/site-packages/airflow/example_dags/example_latest_only.py took 0.168 seconds
[2025-05-14T00:18:07.151+0000] {processor.py:161} INFO - Started process (PID=1131) to work on /home/airflow/.local/lib/python3.8/site-packages/airflow/example_dags/example_latest_only.py
[2025-05-14T00:18:07.152+0000] {processor.py:830} INFO - Processing file /home/airflow/.local/lib/python3.8/site-packages/airflow/example_dags/example_latest_only.py for tasks to queue
[2025-05-14T00:18:07.154+0000] {logging_mixin.py:188} INFO - [2025-05-14T00:18:07.153+0000] {dagbag.py:538} INFO - Filling up the DagBag from /home/airflow/.local/lib/python3.8/site-packages/airflow/example_dags/example_latest_only.py
[2025-05-14T00:18:07.160+0000] {processor.py:840} INFO - DAG(s) 'latest_only' retrieved from /home/airflow/.local/lib/python3.8/site-packages/airflow/example_dags/example_latest_only.py
[2025-05-14T00:18:07.267+0000] {logging_mixin.py:188} INFO - [2025-05-14T00:18:07.266+0000] {dag.py:3036} INFO - Sync 1 DAGs
[2025-05-14T00:18:07.333+0000] {logging_mixin.py:188} INFO - [2025-05-14T00:18:07.333+0000] {dag.py:3823} INFO - Setting next_dagrun for latest_only to 2025-05-13 20:00:00+00:00, run_after=2025-05-14 00:00:00+00:00
[2025-05-14T00:18:07.493+0000] {processor.py:183} INFO - Processing /home/airflow/.local/lib/python3.8/site-packages/airflow/example_dags/example_latest_only.py took 0.346 seconds
[2025-05-14T00:18:38.079+0000] {processor.py:161} INFO - Started process (PID=1188) to work on /home/airflow/.local/lib/python3.8/site-packages/airflow/example_dags/example_latest_only.py
[2025-05-14T00:18:38.080+0000] {processor.py:830} INFO - Processing file /home/airflow/.local/lib/python3.8/site-packages/airflow/example_dags/example_latest_only.py for tasks to queue
[2025-05-14T00:18:38.083+0000] {logging_mixin.py:188} INFO - [2025-05-14T00:18:38.082+0000] {dagbag.py:538} INFO - Filling up the DagBag from /home/airflow/.local/lib/python3.8/site-packages/airflow/example_dags/example_latest_only.py
[2025-05-14T00:18:38.089+0000] {processor.py:840} INFO - DAG(s) 'latest_only' retrieved from /home/airflow/.local/lib/python3.8/site-packages/airflow/example_dags/example_latest_only.py
[2025-05-14T00:18:38.119+0000] {logging_mixin.py:188} INFO - [2025-05-14T00:18:38.119+0000] {dag.py:3036} INFO - Sync 1 DAGs
[2025-05-14T00:18:38.160+0000] {logging_mixin.py:188} INFO - [2025-05-14T00:18:38.159+0000] {dag.py:3823} INFO - Setting next_dagrun for latest_only to 2025-05-13 20:00:00+00:00, run_after=2025-05-14 00:00:00+00:00
[2025-05-14T00:18:38.203+0000] {processor.py:183} INFO - Processing /home/airflow/.local/lib/python3.8/site-packages/airflow/example_dags/example_latest_only.py took 0.129 seconds
[2025-05-14T00:19:08.260+0000] {processor.py:161} INFO - Started process (PID=1244) to work on /home/airflow/.local/lib/python3.8/site-packages/airflow/example_dags/example_latest_only.py
[2025-05-14T00:19:08.262+0000] {processor.py:830} INFO - Processing file /home/airflow/.local/lib/python3.8/site-packages/airflow/example_dags/example_latest_only.py for tasks to queue
[2025-05-14T00:19:08.265+0000] {logging_mixin.py:188} INFO - [2025-05-14T00:19:08.264+0000] {dagbag.py:538} INFO - Filling up the DagBag from /home/airflow/.local/lib/python3.8/site-packages/airflow/example_dags/example_latest_only.py
[2025-05-14T00:19:08.269+0000] {processor.py:840} INFO - DAG(s) 'latest_only' retrieved from /home/airflow/.local/lib/python3.8/site-packages/airflow/example_dags/example_latest_only.py
[2025-05-14T00:19:08.291+0000] {logging_mixin.py:188} INFO - [2025-05-14T00:19:08.291+0000] {dag.py:3036} INFO - Sync 1 DAGs
[2025-05-14T00:19:08.315+0000] {logging_mixin.py:188} INFO - [2025-05-14T00:19:08.315+0000] {dag.py:3823} INFO - Setting next_dagrun for latest_only to 2025-05-13 20:00:00+00:00, run_after=2025-05-14 00:00:00+00:00
[2025-05-14T00:19:08.336+0000] {processor.py:183} INFO - Processing /home/airflow/.local/lib/python3.8/site-packages/airflow/example_dags/example_latest_only.py took 0.078 seconds
[2025-05-14T00:19:38.764+0000] {processor.py:161} INFO - Started process (PID=1300) to work on /home/airflow/.local/lib/python3.8/site-packages/airflow/example_dags/example_latest_only.py
[2025-05-14T00:19:38.766+0000] {processor.py:830} INFO - Processing file /home/airflow/.local/lib/python3.8/site-packages/airflow/example_dags/example_latest_only.py for tasks to queue
[2025-05-14T00:19:38.768+0000] {logging_mixin.py:188} INFO - [2025-05-14T00:19:38.768+0000] {dagbag.py:538} INFO - Filling up the DagBag from /home/airflow/.local/lib/python3.8/site-packages/airflow/example_dags/example_latest_only.py
[2025-05-14T00:19:38.773+0000] {processor.py:840} INFO - DAG(s) 'latest_only' retrieved from /home/airflow/.local/lib/python3.8/site-packages/airflow/example_dags/example_latest_only.py
[2025-05-14T00:19:38.796+0000] {logging_mixin.py:188} INFO - [2025-05-14T00:19:38.795+0000] {dag.py:3036} INFO - Sync 1 DAGs
[2025-05-14T00:19:38.824+0000] {logging_mixin.py:188} INFO - [2025-05-14T00:19:38.824+0000] {dag.py:3823} INFO - Setting next_dagrun for latest_only to 2025-05-13 20:00:00+00:00, run_after=2025-05-14 00:00:00+00:00
[2025-05-14T00:19:38.888+0000] {processor.py:183} INFO - Processing /home/airflow/.local/lib/python3.8/site-packages/airflow/example_dags/example_latest_only.py took 0.128 seconds
[2025-05-14T00:20:09.756+0000] {processor.py:161} INFO - Started process (PID=1356) to work on /home/airflow/.local/lib/python3.8/site-packages/airflow/example_dags/example_latest_only.py
[2025-05-14T00:20:09.758+0000] {processor.py:830} INFO - Processing file /home/airflow/.local/lib/python3.8/site-packages/airflow/example_dags/example_latest_only.py for tasks to queue
[2025-05-14T00:20:09.761+0000] {logging_mixin.py:188} INFO - [2025-05-14T00:20:09.761+0000] {dagbag.py:538} INFO - Filling up the DagBag from /home/airflow/.local/lib/python3.8/site-packages/airflow/example_dags/example_latest_only.py
[2025-05-14T00:20:09.769+0000] {processor.py:840} INFO - DAG(s) 'latest_only' retrieved from /home/airflow/.local/lib/python3.8/site-packages/airflow/example_dags/example_latest_only.py
[2025-05-14T00:20:09.794+0000] {logging_mixin.py:188} INFO - [2025-05-14T00:20:09.793+0000] {dag.py:3036} INFO - Sync 1 DAGs
[2025-05-14T00:20:09.820+0000] {logging_mixin.py:188} INFO - [2025-05-14T00:20:09.819+0000] {dag.py:3823} INFO - Setting next_dagrun for latest_only to 2025-05-13 20:00:00+00:00, run_after=2025-05-14 00:00:00+00:00
[2025-05-14T00:20:09.845+0000] {processor.py:183} INFO - Processing /home/airflow/.local/lib/python3.8/site-packages/airflow/example_dags/example_latest_only.py took 0.092 seconds
[2025-05-14T00:20:40.497+0000] {processor.py:161} INFO - Started process (PID=1412) to work on /home/airflow/.local/lib/python3.8/site-packages/airflow/example_dags/example_latest_only.py
[2025-05-14T00:20:40.499+0000] {processor.py:830} INFO - Processing file /home/airflow/.local/lib/python3.8/site-packages/airflow/example_dags/example_latest_only.py for tasks to queue
[2025-05-14T00:20:40.501+0000] {logging_mixin.py:188} INFO - [2025-05-14T00:20:40.501+0000] {dagbag.py:538} INFO - Filling up the DagBag from /home/airflow/.local/lib/python3.8/site-packages/airflow/example_dags/example_latest_only.py
[2025-05-14T00:20:40.507+0000] {processor.py:840} INFO - DAG(s) 'latest_only' retrieved from /home/airflow/.local/lib/python3.8/site-packages/airflow/example_dags/example_latest_only.py
[2025-05-14T00:20:40.535+0000] {logging_mixin.py:188} INFO - [2025-05-14T00:20:40.535+0000] {dag.py:3036} INFO - Sync 1 DAGs
[2025-05-14T00:20:40.577+0000] {logging_mixin.py:188} INFO - [2025-05-14T00:20:40.577+0000] {dag.py:3823} INFO - Setting next_dagrun for latest_only to 2025-05-13 20:00:00+00:00, run_after=2025-05-14 00:00:00+00:00
[2025-05-14T00:20:40.610+0000] {processor.py:183} INFO - Processing /home/airflow/.local/lib/python3.8/site-packages/airflow/example_dags/example_latest_only.py took 0.116 seconds
[2025-05-14T00:21:11.180+0000] {processor.py:161} INFO - Started process (PID=1466) to work on /home/airflow/.local/lib/python3.8/site-packages/airflow/example_dags/example_latest_only.py
[2025-05-14T00:21:11.182+0000] {processor.py:830} INFO - Processing file /home/airflow/.local/lib/python3.8/site-packages/airflow/example_dags/example_latest_only.py for tasks to queue
[2025-05-14T00:21:11.186+0000] {logging_mixin.py:188} INFO - [2025-05-14T00:21:11.186+0000] {dagbag.py:538} INFO - Filling up the DagBag from /home/airflow/.local/lib/python3.8/site-packages/airflow/example_dags/example_latest_only.py
[2025-05-14T00:21:11.194+0000] {processor.py:840} INFO - DAG(s) 'latest_only' retrieved from /home/airflow/.local/lib/python3.8/site-packages/airflow/example_dags/example_latest_only.py
[2025-05-14T00:21:11.230+0000] {logging_mixin.py:188} INFO - [2025-05-14T00:21:11.229+0000] {dag.py:3036} INFO - Sync 1 DAGs
[2025-05-14T00:21:11.264+0000] {logging_mixin.py:188} INFO - [2025-05-14T00:21:11.263+0000] {dag.py:3823} INFO - Setting next_dagrun for latest_only to 2025-05-13 20:00:00+00:00, run_after=2025-05-14 00:00:00+00:00
[2025-05-14T00:21:11.303+0000] {processor.py:183} INFO - Processing /home/airflow/.local/lib/python3.8/site-packages/airflow/example_dags/example_latest_only.py took 0.126 seconds
[2025-05-14T00:21:41.997+0000] {processor.py:161} INFO - Started process (PID=1522) to work on /home/airflow/.local/lib/python3.8/site-packages/airflow/example_dags/example_latest_only.py
[2025-05-14T00:21:41.999+0000] {processor.py:830} INFO - Processing file /home/airflow/.local/lib/python3.8/site-packages/airflow/example_dags/example_latest_only.py for tasks to queue
[2025-05-14T00:21:42.002+0000] {logging_mixin.py:188} INFO - [2025-05-14T00:21:42.002+0000] {dagbag.py:538} INFO - Filling up the DagBag from /home/airflow/.local/lib/python3.8/site-packages/airflow/example_dags/example_latest_only.py
[2025-05-14T00:21:42.009+0000] {processor.py:840} INFO - DAG(s) 'latest_only' retrieved from /home/airflow/.local/lib/python3.8/site-packages/airflow/example_dags/example_latest_only.py
[2025-05-14T00:21:42.039+0000] {logging_mixin.py:188} INFO - [2025-05-14T00:21:42.039+0000] {dag.py:3036} INFO - Sync 1 DAGs
[2025-05-14T00:21:42.071+0000] {logging_mixin.py:188} INFO - [2025-05-14T00:21:42.071+0000] {dag.py:3823} INFO - Setting next_dagrun for latest_only to 2025-05-13 20:00:00+00:00, run_after=2025-05-14 00:00:00+00:00
[2025-05-14T00:21:42.104+0000] {processor.py:183} INFO - Processing /home/airflow/.local/lib/python3.8/site-packages/airflow/example_dags/example_latest_only.py took 0.113 seconds
[2025-05-14T00:22:12.780+0000] {processor.py:161} INFO - Started process (PID=1578) to work on /home/airflow/.local/lib/python3.8/site-packages/airflow/example_dags/example_latest_only.py
[2025-05-14T00:22:12.781+0000] {processor.py:830} INFO - Processing file /home/airflow/.local/lib/python3.8/site-packages/airflow/example_dags/example_latest_only.py for tasks to queue
[2025-05-14T00:22:12.784+0000] {logging_mixin.py:188} INFO - [2025-05-14T00:22:12.784+0000] {dagbag.py:538} INFO - Filling up the DagBag from /home/airflow/.local/lib/python3.8/site-packages/airflow/example_dags/example_latest_only.py
[2025-05-14T00:22:12.791+0000] {processor.py:840} INFO - DAG(s) 'latest_only' retrieved from /home/airflow/.local/lib/python3.8/site-packages/airflow/example_dags/example_latest_only.py
[2025-05-14T00:22:12.819+0000] {logging_mixin.py:188} INFO - [2025-05-14T00:22:12.818+0000] {dag.py:3036} INFO - Sync 1 DAGs
[2025-05-14T00:22:12.850+0000] {logging_mixin.py:188} INFO - [2025-05-14T00:22:12.850+0000] {dag.py:3823} INFO - Setting next_dagrun for latest_only to 2025-05-13 20:00:00+00:00, run_after=2025-05-14 00:00:00+00:00
[2025-05-14T00:22:12.883+0000] {processor.py:183} INFO - Processing /home/airflow/.local/lib/python3.8/site-packages/airflow/example_dags/example_latest_only.py took 0.108 seconds
[2025-05-14T00:22:43.490+0000] {processor.py:161} INFO - Started process (PID=1634) to work on /home/airflow/.local/lib/python3.8/site-packages/airflow/example_dags/example_latest_only.py
[2025-05-14T00:22:43.492+0000] {processor.py:830} INFO - Processing file /home/airflow/.local/lib/python3.8/site-packages/airflow/example_dags/example_latest_only.py for tasks to queue
[2025-05-14T00:22:43.497+0000] {logging_mixin.py:188} INFO - [2025-05-14T00:22:43.496+0000] {dagbag.py:538} INFO - Filling up the DagBag from /home/airflow/.local/lib/python3.8/site-packages/airflow/example_dags/example_latest_only.py
[2025-05-14T00:22:43.504+0000] {processor.py:840} INFO - DAG(s) 'latest_only' retrieved from /home/airflow/.local/lib/python3.8/site-packages/airflow/example_dags/example_latest_only.py
[2025-05-14T00:22:43.531+0000] {logging_mixin.py:188} INFO - [2025-05-14T00:22:43.531+0000] {dag.py:3036} INFO - Sync 1 DAGs
[2025-05-14T00:22:43.567+0000] {logging_mixin.py:188} INFO - [2025-05-14T00:22:43.567+0000] {dag.py:3823} INFO - Setting next_dagrun for latest_only to 2025-05-13 20:00:00+00:00, run_after=2025-05-14 00:00:00+00:00
[2025-05-14T00:22:43.615+0000] {processor.py:183} INFO - Processing /home/airflow/.local/lib/python3.8/site-packages/airflow/example_dags/example_latest_only.py took 0.129 seconds
[2025-05-14T00:23:14.518+0000] {processor.py:161} INFO - Started process (PID=1690) to work on /home/airflow/.local/lib/python3.8/site-packages/airflow/example_dags/example_latest_only.py
[2025-05-14T00:23:14.519+0000] {processor.py:830} INFO - Processing file /home/airflow/.local/lib/python3.8/site-packages/airflow/example_dags/example_latest_only.py for tasks to queue
[2025-05-14T00:23:14.522+0000] {logging_mixin.py:188} INFO - [2025-05-14T00:23:14.521+0000] {dagbag.py:538} INFO - Filling up the DagBag from /home/airflow/.local/lib/python3.8/site-packages/airflow/example_dags/example_latest_only.py
[2025-05-14T00:23:14.527+0000] {processor.py:840} INFO - DAG(s) 'latest_only' retrieved from /home/airflow/.local/lib/python3.8/site-packages/airflow/example_dags/example_latest_only.py
[2025-05-14T00:23:14.554+0000] {logging_mixin.py:188} INFO - [2025-05-14T00:23:14.553+0000] {dag.py:3036} INFO - Sync 1 DAGs
[2025-05-14T00:23:14.591+0000] {logging_mixin.py:188} INFO - [2025-05-14T00:23:14.590+0000] {dag.py:3823} INFO - Setting next_dagrun for latest_only to 2025-05-13 20:00:00+00:00, run_after=2025-05-14 00:00:00+00:00
[2025-05-14T00:23:14.663+0000] {processor.py:183} INFO - Processing /home/airflow/.local/lib/python3.8/site-packages/airflow/example_dags/example_latest_only.py took 0.148 seconds
[2025-05-14T00:23:45.503+0000] {processor.py:161} INFO - Started process (PID=1746) to work on /home/airflow/.local/lib/python3.8/site-packages/airflow/example_dags/example_latest_only.py
[2025-05-14T00:23:45.504+0000] {processor.py:830} INFO - Processing file /home/airflow/.local/lib/python3.8/site-packages/airflow/example_dags/example_latest_only.py for tasks to queue
[2025-05-14T00:23:45.506+0000] {logging_mixin.py:188} INFO - [2025-05-14T00:23:45.506+0000] {dagbag.py:538} INFO - Filling up the DagBag from /home/airflow/.local/lib/python3.8/site-packages/airflow/example_dags/example_latest_only.py
[2025-05-14T00:23:45.515+0000] {processor.py:840} INFO - DAG(s) 'latest_only' retrieved from /home/airflow/.local/lib/python3.8/site-packages/airflow/example_dags/example_latest_only.py
[2025-05-14T00:23:45.542+0000] {logging_mixin.py:188} INFO - [2025-05-14T00:23:45.541+0000] {dag.py:3036} INFO - Sync 1 DAGs
[2025-05-14T00:23:45.571+0000] {logging_mixin.py:188} INFO - [2025-05-14T00:23:45.571+0000] {dag.py:3823} INFO - Setting next_dagrun for latest_only to 2025-05-13 20:00:00+00:00, run_after=2025-05-14 00:00:00+00:00
[2025-05-14T00:23:45.607+0000] {processor.py:183} INFO - Processing /home/airflow/.local/lib/python3.8/site-packages/airflow/example_dags/example_latest_only.py took 0.107 seconds
