[2025-05-14T00:08:44.133+0000] {processor.py:161} INFO - Started process (PID=106) to work on /home/airflow/.local/lib/python3.8/site-packages/airflow/example_dags/example_skip_dag.py
[2025-05-14T00:08:44.136+0000] {processor.py:830} INFO - Processing file /home/airflow/.local/lib/python3.8/site-packages/airflow/example_dags/example_skip_dag.py for tasks to queue
[2025-05-14T00:08:44.139+0000] {logging_mixin.py:188} INFO - [2025-05-14T00:08:44.138+0000] {dagbag.py:538} INFO - Filling up the DagBag from /home/airflow/.local/lib/python3.8/site-packages/airflow/example_dags/example_skip_dag.py
[2025-05-14T00:08:44.149+0000] {processor.py:840} INFO - DAG(s) 'example_skip_dag' retrieved from /home/airflow/.local/lib/python3.8/site-packages/airflow/example_dags/example_skip_dag.py
[2025-05-14T00:08:44.290+0000] {logging_mixin.py:188} INFO - [2025-05-14T00:08:44.289+0000] {dag.py:3036} INFO - Sync 1 DAGs
[2025-05-14T00:08:44.330+0000] {logging_mixin.py:188} INFO - [2025-05-14T00:08:44.325+0000] {dag.py:3823} INFO - Setting next_dagrun for example_skip_dag to 2025-05-13 00:00:00+00:00, run_after=2025-05-14 00:00:00+00:00
[2025-05-14T00:08:44.388+0000] {processor.py:183} INFO - Processing /home/airflow/.local/lib/python3.8/site-packages/airflow/example_dags/example_skip_dag.py took 0.260 seconds
[2025-05-14T00:09:15.053+0000] {processor.py:161} INFO - Started process (PID=162) to work on /home/airflow/.local/lib/python3.8/site-packages/airflow/example_dags/example_skip_dag.py
[2025-05-14T00:09:15.056+0000] {processor.py:830} INFO - Processing file /home/airflow/.local/lib/python3.8/site-packages/airflow/example_dags/example_skip_dag.py for tasks to queue
[2025-05-14T00:09:15.059+0000] {logging_mixin.py:188} INFO - [2025-05-14T00:09:15.059+0000] {dagbag.py:538} INFO - Filling up the DagBag from /home/airflow/.local/lib/python3.8/site-packages/airflow/example_dags/example_skip_dag.py
[2025-05-14T00:09:15.068+0000] {processor.py:840} INFO - DAG(s) 'example_skip_dag' retrieved from /home/airflow/.local/lib/python3.8/site-packages/airflow/example_dags/example_skip_dag.py
[2025-05-14T00:09:15.099+0000] {logging_mixin.py:188} INFO - [2025-05-14T00:09:15.099+0000] {dag.py:3036} INFO - Sync 1 DAGs
[2025-05-14T00:09:15.129+0000] {logging_mixin.py:188} INFO - [2025-05-14T00:09:15.129+0000] {dag.py:3823} INFO - Setting next_dagrun for example_skip_dag to 2025-05-13 00:00:00+00:00, run_after=2025-05-14 00:00:00+00:00
[2025-05-14T00:09:15.159+0000] {processor.py:183} INFO - Processing /home/airflow/.local/lib/python3.8/site-packages/airflow/example_dags/example_skip_dag.py took 0.110 seconds
[2025-05-14T00:09:45.911+0000] {processor.py:161} INFO - Started process (PID=218) to work on /home/airflow/.local/lib/python3.8/site-packages/airflow/example_dags/example_skip_dag.py
[2025-05-14T00:09:45.913+0000] {processor.py:830} INFO - Processing file /home/airflow/.local/lib/python3.8/site-packages/airflow/example_dags/example_skip_dag.py for tasks to queue
[2025-05-14T00:09:45.915+0000] {logging_mixin.py:188} INFO - [2025-05-14T00:09:45.915+0000] {dagbag.py:538} INFO - Filling up the DagBag from /home/airflow/.local/lib/python3.8/site-packages/airflow/example_dags/example_skip_dag.py
[2025-05-14T00:09:45.923+0000] {processor.py:840} INFO - DAG(s) 'example_skip_dag' retrieved from /home/airflow/.local/lib/python3.8/site-packages/airflow/example_dags/example_skip_dag.py
[2025-05-14T00:09:45.950+0000] {logging_mixin.py:188} INFO - [2025-05-14T00:09:45.950+0000] {dag.py:3036} INFO - Sync 1 DAGs
[2025-05-14T00:09:45.979+0000] {logging_mixin.py:188} INFO - [2025-05-14T00:09:45.979+0000] {dag.py:3823} INFO - Setting next_dagrun for example_skip_dag to 2025-05-13 00:00:00+00:00, run_after=2025-05-14 00:00:00+00:00
[2025-05-14T00:09:46.011+0000] {processor.py:183} INFO - Processing /home/airflow/.local/lib/python3.8/site-packages/airflow/example_dags/example_skip_dag.py took 0.103 seconds
[2025-05-14T00:10:18.785+0000] {processor.py:161} INFO - Started process (PID=274) to work on /home/airflow/.local/lib/python3.8/site-packages/airflow/example_dags/example_skip_dag.py
[2025-05-14T00:10:18.791+0000] {processor.py:830} INFO - Processing file /home/airflow/.local/lib/python3.8/site-packages/airflow/example_dags/example_skip_dag.py for tasks to queue
[2025-05-14T00:10:18.796+0000] {logging_mixin.py:188} INFO - [2025-05-14T00:10:18.796+0000] {dagbag.py:538} INFO - Filling up the DagBag from /home/airflow/.local/lib/python3.8/site-packages/airflow/example_dags/example_skip_dag.py
[2025-05-14T00:10:18.809+0000] {processor.py:840} INFO - DAG(s) 'example_skip_dag' retrieved from /home/airflow/.local/lib/python3.8/site-packages/airflow/example_dags/example_skip_dag.py
[2025-05-14T00:10:18.842+0000] {logging_mixin.py:188} INFO - [2025-05-14T00:10:18.842+0000] {dag.py:3036} INFO - Sync 1 DAGs
[2025-05-14T00:10:18.880+0000] {logging_mixin.py:188} INFO - [2025-05-14T00:10:18.880+0000] {dag.py:3823} INFO - Setting next_dagrun for example_skip_dag to 2025-05-13 00:00:00+00:00, run_after=2025-05-14 00:00:00+00:00
[2025-05-14T00:10:18.929+0000] {processor.py:183} INFO - Processing /home/airflow/.local/lib/python3.8/site-packages/airflow/example_dags/example_skip_dag.py took 0.148 seconds
[2025-05-14T00:10:49.799+0000] {processor.py:161} INFO - Started process (PID=330) to work on /home/airflow/.local/lib/python3.8/site-packages/airflow/example_dags/example_skip_dag.py
[2025-05-14T00:10:49.804+0000] {processor.py:830} INFO - Processing file /home/airflow/.local/lib/python3.8/site-packages/airflow/example_dags/example_skip_dag.py for tasks to queue
[2025-05-14T00:10:49.807+0000] {logging_mixin.py:188} INFO - [2025-05-14T00:10:49.806+0000] {dagbag.py:538} INFO - Filling up the DagBag from /home/airflow/.local/lib/python3.8/site-packages/airflow/example_dags/example_skip_dag.py
[2025-05-14T00:10:49.822+0000] {processor.py:840} INFO - DAG(s) 'example_skip_dag' retrieved from /home/airflow/.local/lib/python3.8/site-packages/airflow/example_dags/example_skip_dag.py
[2025-05-14T00:10:49.866+0000] {logging_mixin.py:188} INFO - [2025-05-14T00:10:49.866+0000] {dag.py:3036} INFO - Sync 1 DAGs
[2025-05-14T00:10:49.901+0000] {logging_mixin.py:188} INFO - [2025-05-14T00:10:49.900+0000] {dag.py:3823} INFO - Setting next_dagrun for example_skip_dag to 2025-05-13 00:00:00+00:00, run_after=2025-05-14 00:00:00+00:00
[2025-05-14T00:10:49.960+0000] {processor.py:183} INFO - Processing /home/airflow/.local/lib/python3.8/site-packages/airflow/example_dags/example_skip_dag.py took 0.166 seconds
[2025-05-14T00:11:20.721+0000] {processor.py:161} INFO - Started process (PID=386) to work on /home/airflow/.local/lib/python3.8/site-packages/airflow/example_dags/example_skip_dag.py
[2025-05-14T00:11:20.724+0000] {processor.py:830} INFO - Processing file /home/airflow/.local/lib/python3.8/site-packages/airflow/example_dags/example_skip_dag.py for tasks to queue
[2025-05-14T00:11:20.727+0000] {logging_mixin.py:188} INFO - [2025-05-14T00:11:20.726+0000] {dagbag.py:538} INFO - Filling up the DagBag from /home/airflow/.local/lib/python3.8/site-packages/airflow/example_dags/example_skip_dag.py
[2025-05-14T00:11:20.741+0000] {processor.py:840} INFO - DAG(s) 'example_skip_dag' retrieved from /home/airflow/.local/lib/python3.8/site-packages/airflow/example_dags/example_skip_dag.py
[2025-05-14T00:11:20.786+0000] {logging_mixin.py:188} INFO - [2025-05-14T00:11:20.786+0000] {dag.py:3036} INFO - Sync 1 DAGs
[2025-05-14T00:11:20.821+0000] {logging_mixin.py:188} INFO - [2025-05-14T00:11:20.821+0000] {dag.py:3823} INFO - Setting next_dagrun for example_skip_dag to 2025-05-13 00:00:00+00:00, run_after=2025-05-14 00:00:00+00:00
[2025-05-14T00:11:20.859+0000] {processor.py:183} INFO - Processing /home/airflow/.local/lib/python3.8/site-packages/airflow/example_dags/example_skip_dag.py took 0.142 seconds
[2025-05-14T00:11:51.508+0000] {processor.py:161} INFO - Started process (PID=442) to work on /home/airflow/.local/lib/python3.8/site-packages/airflow/example_dags/example_skip_dag.py
[2025-05-14T00:11:51.510+0000] {processor.py:830} INFO - Processing file /home/airflow/.local/lib/python3.8/site-packages/airflow/example_dags/example_skip_dag.py for tasks to queue
[2025-05-14T00:11:51.512+0000] {logging_mixin.py:188} INFO - [2025-05-14T00:11:51.511+0000] {dagbag.py:538} INFO - Filling up the DagBag from /home/airflow/.local/lib/python3.8/site-packages/airflow/example_dags/example_skip_dag.py
[2025-05-14T00:11:51.520+0000] {processor.py:840} INFO - DAG(s) 'example_skip_dag' retrieved from /home/airflow/.local/lib/python3.8/site-packages/airflow/example_dags/example_skip_dag.py
[2025-05-14T00:11:51.542+0000] {logging_mixin.py:188} INFO - [2025-05-14T00:11:51.541+0000] {dag.py:3036} INFO - Sync 1 DAGs
[2025-05-14T00:11:51.565+0000] {logging_mixin.py:188} INFO - [2025-05-14T00:11:51.565+0000] {dag.py:3823} INFO - Setting next_dagrun for example_skip_dag to 2025-05-13 00:00:00+00:00, run_after=2025-05-14 00:00:00+00:00
[2025-05-14T00:11:51.589+0000] {processor.py:183} INFO - Processing /home/airflow/.local/lib/python3.8/site-packages/airflow/example_dags/example_skip_dag.py took 0.084 seconds
[2025-05-14T00:12:21.713+0000] {processor.py:161} INFO - Started process (PID=498) to work on /home/airflow/.local/lib/python3.8/site-packages/airflow/example_dags/example_skip_dag.py
[2025-05-14T00:12:21.715+0000] {processor.py:830} INFO - Processing file /home/airflow/.local/lib/python3.8/site-packages/airflow/example_dags/example_skip_dag.py for tasks to queue
[2025-05-14T00:12:21.717+0000] {logging_mixin.py:188} INFO - [2025-05-14T00:12:21.717+0000] {dagbag.py:538} INFO - Filling up the DagBag from /home/airflow/.local/lib/python3.8/site-packages/airflow/example_dags/example_skip_dag.py
[2025-05-14T00:12:21.726+0000] {processor.py:840} INFO - DAG(s) 'example_skip_dag' retrieved from /home/airflow/.local/lib/python3.8/site-packages/airflow/example_dags/example_skip_dag.py
[2025-05-14T00:12:21.753+0000] {logging_mixin.py:188} INFO - [2025-05-14T00:12:21.751+0000] {dag.py:3036} INFO - Sync 1 DAGs
[2025-05-14T00:12:21.780+0000] {logging_mixin.py:188} INFO - [2025-05-14T00:12:21.780+0000] {dag.py:3823} INFO - Setting next_dagrun for example_skip_dag to 2025-05-13 00:00:00+00:00, run_after=2025-05-14 00:00:00+00:00
[2025-05-14T00:12:21.819+0000] {processor.py:183} INFO - Processing /home/airflow/.local/lib/python3.8/site-packages/airflow/example_dags/example_skip_dag.py took 0.110 seconds
[2025-05-14T00:12:52.086+0000] {processor.py:161} INFO - Started process (PID=554) to work on /home/airflow/.local/lib/python3.8/site-packages/airflow/example_dags/example_skip_dag.py
[2025-05-14T00:12:52.097+0000] {processor.py:830} INFO - Processing file /home/airflow/.local/lib/python3.8/site-packages/airflow/example_dags/example_skip_dag.py for tasks to queue
[2025-05-14T00:12:52.099+0000] {logging_mixin.py:188} INFO - [2025-05-14T00:12:52.099+0000] {dagbag.py:538} INFO - Filling up the DagBag from /home/airflow/.local/lib/python3.8/site-packages/airflow/example_dags/example_skip_dag.py
[2025-05-14T00:12:52.127+0000] {processor.py:840} INFO - DAG(s) 'example_skip_dag' retrieved from /home/airflow/.local/lib/python3.8/site-packages/airflow/example_dags/example_skip_dag.py
[2025-05-14T00:12:52.158+0000] {logging_mixin.py:188} INFO - [2025-05-14T00:12:52.157+0000] {dag.py:3036} INFO - Sync 1 DAGs
[2025-05-14T00:12:52.228+0000] {logging_mixin.py:188} INFO - [2025-05-14T00:12:52.228+0000] {dag.py:3823} INFO - Setting next_dagrun for example_skip_dag to 2025-05-13 00:00:00+00:00, run_after=2025-05-14 00:00:00+00:00
[2025-05-14T00:12:52.318+0000] {processor.py:183} INFO - Processing /home/airflow/.local/lib/python3.8/site-packages/airflow/example_dags/example_skip_dag.py took 0.235 seconds
[2025-05-14T00:13:22.504+0000] {processor.py:161} INFO - Started process (PID=610) to work on /home/airflow/.local/lib/python3.8/site-packages/airflow/example_dags/example_skip_dag.py
[2025-05-14T00:13:22.506+0000] {processor.py:830} INFO - Processing file /home/airflow/.local/lib/python3.8/site-packages/airflow/example_dags/example_skip_dag.py for tasks to queue
[2025-05-14T00:13:22.509+0000] {logging_mixin.py:188} INFO - [2025-05-14T00:13:22.508+0000] {dagbag.py:538} INFO - Filling up the DagBag from /home/airflow/.local/lib/python3.8/site-packages/airflow/example_dags/example_skip_dag.py
[2025-05-14T00:13:22.517+0000] {processor.py:840} INFO - DAG(s) 'example_skip_dag' retrieved from /home/airflow/.local/lib/python3.8/site-packages/airflow/example_dags/example_skip_dag.py
[2025-05-14T00:13:22.550+0000] {logging_mixin.py:188} INFO - [2025-05-14T00:13:22.550+0000] {dag.py:3036} INFO - Sync 1 DAGs
[2025-05-14T00:13:22.583+0000] {logging_mixin.py:188} INFO - [2025-05-14T00:13:22.583+0000] {dag.py:3823} INFO - Setting next_dagrun for example_skip_dag to 2025-05-13 00:00:00+00:00, run_after=2025-05-14 00:00:00+00:00
[2025-05-14T00:13:22.617+0000] {processor.py:183} INFO - Processing /home/airflow/.local/lib/python3.8/site-packages/airflow/example_dags/example_skip_dag.py took 0.119 seconds
[2025-05-14T00:13:52.875+0000] {processor.py:161} INFO - Started process (PID=666) to work on /home/airflow/.local/lib/python3.8/site-packages/airflow/example_dags/example_skip_dag.py
[2025-05-14T00:13:52.876+0000] {processor.py:830} INFO - Processing file /home/airflow/.local/lib/python3.8/site-packages/airflow/example_dags/example_skip_dag.py for tasks to queue
[2025-05-14T00:13:52.878+0000] {logging_mixin.py:188} INFO - [2025-05-14T00:13:52.878+0000] {dagbag.py:538} INFO - Filling up the DagBag from /home/airflow/.local/lib/python3.8/site-packages/airflow/example_dags/example_skip_dag.py
[2025-05-14T00:13:52.885+0000] {processor.py:840} INFO - DAG(s) 'example_skip_dag' retrieved from /home/airflow/.local/lib/python3.8/site-packages/airflow/example_dags/example_skip_dag.py
[2025-05-14T00:13:52.910+0000] {logging_mixin.py:188} INFO - [2025-05-14T00:13:52.910+0000] {dag.py:3036} INFO - Sync 1 DAGs
[2025-05-14T00:13:52.935+0000] {logging_mixin.py:188} INFO - [2025-05-14T00:13:52.934+0000] {dag.py:3823} INFO - Setting next_dagrun for example_skip_dag to 2025-05-13 00:00:00+00:00, run_after=2025-05-14 00:00:00+00:00
[2025-05-14T00:13:52.964+0000] {processor.py:183} INFO - Processing /home/airflow/.local/lib/python3.8/site-packages/airflow/example_dags/example_skip_dag.py took 0.092 seconds
[2025-05-14T00:14:23.527+0000] {processor.py:161} INFO - Started process (PID=722) to work on /home/airflow/.local/lib/python3.8/site-packages/airflow/example_dags/example_skip_dag.py
[2025-05-14T00:14:23.528+0000] {processor.py:830} INFO - Processing file /home/airflow/.local/lib/python3.8/site-packages/airflow/example_dags/example_skip_dag.py for tasks to queue
[2025-05-14T00:14:23.530+0000] {logging_mixin.py:188} INFO - [2025-05-14T00:14:23.530+0000] {dagbag.py:538} INFO - Filling up the DagBag from /home/airflow/.local/lib/python3.8/site-packages/airflow/example_dags/example_skip_dag.py
[2025-05-14T00:14:23.539+0000] {processor.py:840} INFO - DAG(s) 'example_skip_dag' retrieved from /home/airflow/.local/lib/python3.8/site-packages/airflow/example_dags/example_skip_dag.py
[2025-05-14T00:14:23.561+0000] {logging_mixin.py:188} INFO - [2025-05-14T00:14:23.561+0000] {dag.py:3036} INFO - Sync 1 DAGs
[2025-05-14T00:14:23.588+0000] {logging_mixin.py:188} INFO - [2025-05-14T00:14:23.588+0000] {dag.py:3823} INFO - Setting next_dagrun for example_skip_dag to 2025-05-13 00:00:00+00:00, run_after=2025-05-14 00:00:00+00:00
[2025-05-14T00:14:23.613+0000] {processor.py:183} INFO - Processing /home/airflow/.local/lib/python3.8/site-packages/airflow/example_dags/example_skip_dag.py took 0.089 seconds
[2025-05-14T00:14:54.066+0000] {processor.py:161} INFO - Started process (PID=778) to work on /home/airflow/.local/lib/python3.8/site-packages/airflow/example_dags/example_skip_dag.py
[2025-05-14T00:14:54.067+0000] {processor.py:830} INFO - Processing file /home/airflow/.local/lib/python3.8/site-packages/airflow/example_dags/example_skip_dag.py for tasks to queue
[2025-05-14T00:14:54.071+0000] {logging_mixin.py:188} INFO - [2025-05-14T00:14:54.071+0000] {dagbag.py:538} INFO - Filling up the DagBag from /home/airflow/.local/lib/python3.8/site-packages/airflow/example_dags/example_skip_dag.py
[2025-05-14T00:14:54.080+0000] {processor.py:840} INFO - DAG(s) 'example_skip_dag' retrieved from /home/airflow/.local/lib/python3.8/site-packages/airflow/example_dags/example_skip_dag.py
[2025-05-14T00:14:54.112+0000] {logging_mixin.py:188} INFO - [2025-05-14T00:14:54.111+0000] {dag.py:3036} INFO - Sync 1 DAGs
[2025-05-14T00:14:54.142+0000] {logging_mixin.py:188} INFO - [2025-05-14T00:14:54.142+0000] {dag.py:3823} INFO - Setting next_dagrun for example_skip_dag to 2025-05-13 00:00:00+00:00, run_after=2025-05-14 00:00:00+00:00
[2025-05-14T00:14:54.177+0000] {processor.py:183} INFO - Processing /home/airflow/.local/lib/python3.8/site-packages/airflow/example_dags/example_skip_dag.py took 0.115 seconds
[2025-05-14T00:15:24.360+0000] {processor.py:161} INFO - Started process (PID=834) to work on /home/airflow/.local/lib/python3.8/site-packages/airflow/example_dags/example_skip_dag.py
[2025-05-14T00:15:24.362+0000] {processor.py:830} INFO - Processing file /home/airflow/.local/lib/python3.8/site-packages/airflow/example_dags/example_skip_dag.py for tasks to queue
[2025-05-14T00:15:24.365+0000] {logging_mixin.py:188} INFO - [2025-05-14T00:15:24.364+0000] {dagbag.py:538} INFO - Filling up the DagBag from /home/airflow/.local/lib/python3.8/site-packages/airflow/example_dags/example_skip_dag.py
[2025-05-14T00:15:24.374+0000] {processor.py:840} INFO - DAG(s) 'example_skip_dag' retrieved from /home/airflow/.local/lib/python3.8/site-packages/airflow/example_dags/example_skip_dag.py
[2025-05-14T00:15:24.422+0000] {logging_mixin.py:188} INFO - [2025-05-14T00:15:24.421+0000] {dag.py:3036} INFO - Sync 1 DAGs
[2025-05-14T00:15:24.463+0000] {logging_mixin.py:188} INFO - [2025-05-14T00:15:24.462+0000] {dag.py:3823} INFO - Setting next_dagrun for example_skip_dag to 2025-05-13 00:00:00+00:00, run_after=2025-05-14 00:00:00+00:00
[2025-05-14T00:15:24.496+0000] {processor.py:183} INFO - Processing /home/airflow/.local/lib/python3.8/site-packages/airflow/example_dags/example_skip_dag.py took 0.139 seconds
[2025-05-14T00:15:54.559+0000] {processor.py:161} INFO - Started process (PID=889) to work on /home/airflow/.local/lib/python3.8/site-packages/airflow/example_dags/example_skip_dag.py
[2025-05-14T00:15:54.560+0000] {processor.py:830} INFO - Processing file /home/airflow/.local/lib/python3.8/site-packages/airflow/example_dags/example_skip_dag.py for tasks to queue
[2025-05-14T00:15:54.563+0000] {logging_mixin.py:188} INFO - [2025-05-14T00:15:54.562+0000] {dagbag.py:538} INFO - Filling up the DagBag from /home/airflow/.local/lib/python3.8/site-packages/airflow/example_dags/example_skip_dag.py
[2025-05-14T00:15:54.569+0000] {processor.py:840} INFO - DAG(s) 'example_skip_dag' retrieved from /home/airflow/.local/lib/python3.8/site-packages/airflow/example_dags/example_skip_dag.py
[2025-05-14T00:15:54.594+0000] {logging_mixin.py:188} INFO - [2025-05-14T00:15:54.593+0000] {dag.py:3036} INFO - Sync 1 DAGs
[2025-05-14T00:15:54.619+0000] {logging_mixin.py:188} INFO - [2025-05-14T00:15:54.619+0000] {dag.py:3823} INFO - Setting next_dagrun for example_skip_dag to 2025-05-13 00:00:00+00:00, run_after=2025-05-14 00:00:00+00:00
[2025-05-14T00:15:54.645+0000] {processor.py:183} INFO - Processing /home/airflow/.local/lib/python3.8/site-packages/airflow/example_dags/example_skip_dag.py took 0.089 seconds
[2025-05-14T00:16:24.964+0000] {processor.py:161} INFO - Started process (PID=943) to work on /home/airflow/.local/lib/python3.8/site-packages/airflow/example_dags/example_skip_dag.py
[2025-05-14T00:16:24.966+0000] {processor.py:830} INFO - Processing file /home/airflow/.local/lib/python3.8/site-packages/airflow/example_dags/example_skip_dag.py for tasks to queue
[2025-05-14T00:16:24.983+0000] {logging_mixin.py:188} INFO - [2025-05-14T00:16:24.982+0000] {dagbag.py:538} INFO - Filling up the DagBag from /home/airflow/.local/lib/python3.8/site-packages/airflow/example_dags/example_skip_dag.py
[2025-05-14T00:16:25.025+0000] {processor.py:840} INFO - DAG(s) 'example_skip_dag' retrieved from /home/airflow/.local/lib/python3.8/site-packages/airflow/example_dags/example_skip_dag.py
[2025-05-14T00:16:25.079+0000] {logging_mixin.py:188} INFO - [2025-05-14T00:16:25.079+0000] {dag.py:3036} INFO - Sync 1 DAGs
[2025-05-14T00:16:25.116+0000] {logging_mixin.py:188} INFO - [2025-05-14T00:16:25.115+0000] {dag.py:3823} INFO - Setting next_dagrun for example_skip_dag to 2025-05-13 00:00:00+00:00, run_after=2025-05-14 00:00:00+00:00
[2025-05-14T00:16:25.153+0000] {processor.py:183} INFO - Processing /home/airflow/.local/lib/python3.8/site-packages/airflow/example_dags/example_skip_dag.py took 0.193 seconds
[2025-05-14T00:16:55.936+0000] {processor.py:161} INFO - Started process (PID=999) to work on /home/airflow/.local/lib/python3.8/site-packages/airflow/example_dags/example_skip_dag.py
[2025-05-14T00:16:55.938+0000] {processor.py:830} INFO - Processing file /home/airflow/.local/lib/python3.8/site-packages/airflow/example_dags/example_skip_dag.py for tasks to queue
[2025-05-14T00:16:55.942+0000] {logging_mixin.py:188} INFO - [2025-05-14T00:16:55.942+0000] {dagbag.py:538} INFO - Filling up the DagBag from /home/airflow/.local/lib/python3.8/site-packages/airflow/example_dags/example_skip_dag.py
[2025-05-14T00:16:55.951+0000] {processor.py:840} INFO - DAG(s) 'example_skip_dag' retrieved from /home/airflow/.local/lib/python3.8/site-packages/airflow/example_dags/example_skip_dag.py
[2025-05-14T00:16:55.978+0000] {logging_mixin.py:188} INFO - [2025-05-14T00:16:55.978+0000] {dag.py:3036} INFO - Sync 1 DAGs
[2025-05-14T00:16:56.008+0000] {logging_mixin.py:188} INFO - [2025-05-14T00:16:56.008+0000] {dag.py:3823} INFO - Setting next_dagrun for example_skip_dag to 2025-05-13 00:00:00+00:00, run_after=2025-05-14 00:00:00+00:00
[2025-05-14T00:16:56.035+0000] {processor.py:183} INFO - Processing /home/airflow/.local/lib/python3.8/site-packages/airflow/example_dags/example_skip_dag.py took 0.108 seconds
[2025-05-14T00:17:26.774+0000] {processor.py:161} INFO - Started process (PID=1056) to work on /home/airflow/.local/lib/python3.8/site-packages/airflow/example_dags/example_skip_dag.py
[2025-05-14T00:17:26.776+0000] {processor.py:830} INFO - Processing file /home/airflow/.local/lib/python3.8/site-packages/airflow/example_dags/example_skip_dag.py for tasks to queue
[2025-05-14T00:17:26.778+0000] {logging_mixin.py:188} INFO - [2025-05-14T00:17:26.778+0000] {dagbag.py:538} INFO - Filling up the DagBag from /home/airflow/.local/lib/python3.8/site-packages/airflow/example_dags/example_skip_dag.py
[2025-05-14T00:17:26.788+0000] {processor.py:840} INFO - DAG(s) 'example_skip_dag' retrieved from /home/airflow/.local/lib/python3.8/site-packages/airflow/example_dags/example_skip_dag.py
[2025-05-14T00:17:26.818+0000] {logging_mixin.py:188} INFO - [2025-05-14T00:17:26.818+0000] {dag.py:3036} INFO - Sync 1 DAGs
[2025-05-14T00:17:26.847+0000] {logging_mixin.py:188} INFO - [2025-05-14T00:17:26.847+0000] {dag.py:3823} INFO - Setting next_dagrun for example_skip_dag to 2025-05-13 00:00:00+00:00, run_after=2025-05-14 00:00:00+00:00
[2025-05-14T00:17:26.871+0000] {processor.py:183} INFO - Processing /home/airflow/.local/lib/python3.8/site-packages/airflow/example_dags/example_skip_dag.py took 0.100 seconds
[2025-05-14T00:17:57.013+0000] {processor.py:161} INFO - Started process (PID=1112) to work on /home/airflow/.local/lib/python3.8/site-packages/airflow/example_dags/example_skip_dag.py
[2025-05-14T00:17:57.014+0000] {processor.py:830} INFO - Processing file /home/airflow/.local/lib/python3.8/site-packages/airflow/example_dags/example_skip_dag.py for tasks to queue
[2025-05-14T00:17:57.017+0000] {logging_mixin.py:188} INFO - [2025-05-14T00:17:57.017+0000] {dagbag.py:538} INFO - Filling up the DagBag from /home/airflow/.local/lib/python3.8/site-packages/airflow/example_dags/example_skip_dag.py
[2025-05-14T00:17:57.025+0000] {processor.py:840} INFO - DAG(s) 'example_skip_dag' retrieved from /home/airflow/.local/lib/python3.8/site-packages/airflow/example_dags/example_skip_dag.py
[2025-05-14T00:17:57.049+0000] {logging_mixin.py:188} INFO - [2025-05-14T00:17:57.048+0000] {dag.py:3036} INFO - Sync 1 DAGs
[2025-05-14T00:17:57.075+0000] {logging_mixin.py:188} INFO - [2025-05-14T00:17:57.075+0000] {dag.py:3823} INFO - Setting next_dagrun for example_skip_dag to 2025-05-13 00:00:00+00:00, run_after=2025-05-14 00:00:00+00:00
[2025-05-14T00:17:57.100+0000] {processor.py:183} INFO - Processing /home/airflow/.local/lib/python3.8/site-packages/airflow/example_dags/example_skip_dag.py took 0.090 seconds
[2025-05-14T00:18:27.414+0000] {processor.py:161} INFO - Started process (PID=1169) to work on /home/airflow/.local/lib/python3.8/site-packages/airflow/example_dags/example_skip_dag.py
[2025-05-14T00:18:27.416+0000] {processor.py:830} INFO - Processing file /home/airflow/.local/lib/python3.8/site-packages/airflow/example_dags/example_skip_dag.py for tasks to queue
[2025-05-14T00:18:27.419+0000] {logging_mixin.py:188} INFO - [2025-05-14T00:18:27.419+0000] {dagbag.py:538} INFO - Filling up the DagBag from /home/airflow/.local/lib/python3.8/site-packages/airflow/example_dags/example_skip_dag.py
[2025-05-14T00:18:27.426+0000] {processor.py:840} INFO - DAG(s) 'example_skip_dag' retrieved from /home/airflow/.local/lib/python3.8/site-packages/airflow/example_dags/example_skip_dag.py
[2025-05-14T00:18:27.451+0000] {logging_mixin.py:188} INFO - [2025-05-14T00:18:27.450+0000] {dag.py:3036} INFO - Sync 1 DAGs
[2025-05-14T00:18:27.476+0000] {logging_mixin.py:188} INFO - [2025-05-14T00:18:27.476+0000] {dag.py:3823} INFO - Setting next_dagrun for example_skip_dag to 2025-05-13 00:00:00+00:00, run_after=2025-05-14 00:00:00+00:00
[2025-05-14T00:18:27.540+0000] {processor.py:183} INFO - Processing /home/airflow/.local/lib/python3.8/site-packages/airflow/example_dags/example_skip_dag.py took 0.129 seconds
[2025-05-14T00:18:57.656+0000] {processor.py:161} INFO - Started process (PID=1225) to work on /home/airflow/.local/lib/python3.8/site-packages/airflow/example_dags/example_skip_dag.py
[2025-05-14T00:18:57.658+0000] {processor.py:830} INFO - Processing file /home/airflow/.local/lib/python3.8/site-packages/airflow/example_dags/example_skip_dag.py for tasks to queue
[2025-05-14T00:18:57.672+0000] {logging_mixin.py:188} INFO - [2025-05-14T00:18:57.672+0000] {dagbag.py:538} INFO - Filling up the DagBag from /home/airflow/.local/lib/python3.8/site-packages/airflow/example_dags/example_skip_dag.py
[2025-05-14T00:18:57.679+0000] {processor.py:840} INFO - DAG(s) 'example_skip_dag' retrieved from /home/airflow/.local/lib/python3.8/site-packages/airflow/example_dags/example_skip_dag.py
[2025-05-14T00:18:57.703+0000] {logging_mixin.py:188} INFO - [2025-05-14T00:18:57.702+0000] {dag.py:3036} INFO - Sync 1 DAGs
[2025-05-14T00:18:57.736+0000] {logging_mixin.py:188} INFO - [2025-05-14T00:18:57.736+0000] {dag.py:3823} INFO - Setting next_dagrun for example_skip_dag to 2025-05-13 00:00:00+00:00, run_after=2025-05-14 00:00:00+00:00
[2025-05-14T00:18:57.772+0000] {processor.py:183} INFO - Processing /home/airflow/.local/lib/python3.8/site-packages/airflow/example_dags/example_skip_dag.py took 0.119 seconds
[2025-05-14T00:19:28.462+0000] {processor.py:161} INFO - Started process (PID=1281) to work on /home/airflow/.local/lib/python3.8/site-packages/airflow/example_dags/example_skip_dag.py
[2025-05-14T00:19:28.463+0000] {processor.py:830} INFO - Processing file /home/airflow/.local/lib/python3.8/site-packages/airflow/example_dags/example_skip_dag.py for tasks to queue
[2025-05-14T00:19:28.466+0000] {logging_mixin.py:188} INFO - [2025-05-14T00:19:28.465+0000] {dagbag.py:538} INFO - Filling up the DagBag from /home/airflow/.local/lib/python3.8/site-packages/airflow/example_dags/example_skip_dag.py
[2025-05-14T00:19:28.477+0000] {processor.py:840} INFO - DAG(s) 'example_skip_dag' retrieved from /home/airflow/.local/lib/python3.8/site-packages/airflow/example_dags/example_skip_dag.py
[2025-05-14T00:19:28.503+0000] {logging_mixin.py:188} INFO - [2025-05-14T00:19:28.503+0000] {dag.py:3036} INFO - Sync 1 DAGs
[2025-05-14T00:19:28.534+0000] {logging_mixin.py:188} INFO - [2025-05-14T00:19:28.534+0000] {dag.py:3823} INFO - Setting next_dagrun for example_skip_dag to 2025-05-13 00:00:00+00:00, run_after=2025-05-14 00:00:00+00:00
[2025-05-14T00:19:28.577+0000] {processor.py:183} INFO - Processing /home/airflow/.local/lib/python3.8/site-packages/airflow/example_dags/example_skip_dag.py took 0.119 seconds
[2025-05-14T00:19:59.047+0000] {processor.py:161} INFO - Started process (PID=1337) to work on /home/airflow/.local/lib/python3.8/site-packages/airflow/example_dags/example_skip_dag.py
[2025-05-14T00:19:59.048+0000] {processor.py:830} INFO - Processing file /home/airflow/.local/lib/python3.8/site-packages/airflow/example_dags/example_skip_dag.py for tasks to queue
[2025-05-14T00:19:59.050+0000] {logging_mixin.py:188} INFO - [2025-05-14T00:19:59.050+0000] {dagbag.py:538} INFO - Filling up the DagBag from /home/airflow/.local/lib/python3.8/site-packages/airflow/example_dags/example_skip_dag.py
[2025-05-14T00:19:59.062+0000] {processor.py:840} INFO - DAG(s) 'example_skip_dag' retrieved from /home/airflow/.local/lib/python3.8/site-packages/airflow/example_dags/example_skip_dag.py
[2025-05-14T00:19:59.107+0000] {logging_mixin.py:188} INFO - [2025-05-14T00:19:59.107+0000] {dag.py:3036} INFO - Sync 1 DAGs
[2025-05-14T00:19:59.132+0000] {logging_mixin.py:188} INFO - [2025-05-14T00:19:59.132+0000] {dag.py:3823} INFO - Setting next_dagrun for example_skip_dag to 2025-05-13 00:00:00+00:00, run_after=2025-05-14 00:00:00+00:00
[2025-05-14T00:19:59.158+0000] {processor.py:183} INFO - Processing /home/airflow/.local/lib/python3.8/site-packages/airflow/example_dags/example_skip_dag.py took 0.115 seconds
[2025-05-14T00:20:29.993+0000] {processor.py:161} INFO - Started process (PID=1393) to work on /home/airflow/.local/lib/python3.8/site-packages/airflow/example_dags/example_skip_dag.py
[2025-05-14T00:20:29.995+0000] {processor.py:830} INFO - Processing file /home/airflow/.local/lib/python3.8/site-packages/airflow/example_dags/example_skip_dag.py for tasks to queue
[2025-05-14T00:20:29.998+0000] {logging_mixin.py:188} INFO - [2025-05-14T00:20:29.997+0000] {dagbag.py:538} INFO - Filling up the DagBag from /home/airflow/.local/lib/python3.8/site-packages/airflow/example_dags/example_skip_dag.py
[2025-05-14T00:20:30.006+0000] {processor.py:840} INFO - DAG(s) 'example_skip_dag' retrieved from /home/airflow/.local/lib/python3.8/site-packages/airflow/example_dags/example_skip_dag.py
[2025-05-14T00:20:30.037+0000] {logging_mixin.py:188} INFO - [2025-05-14T00:20:30.036+0000] {dag.py:3036} INFO - Sync 1 DAGs
[2025-05-14T00:20:30.065+0000] {logging_mixin.py:188} INFO - [2025-05-14T00:20:30.065+0000] {dag.py:3823} INFO - Setting next_dagrun for example_skip_dag to 2025-05-13 00:00:00+00:00, run_after=2025-05-14 00:00:00+00:00
[2025-05-14T00:20:30.094+0000] {processor.py:183} INFO - Processing /home/airflow/.local/lib/python3.8/site-packages/airflow/example_dags/example_skip_dag.py took 0.104 seconds
[2025-05-14T00:21:00.333+0000] {processor.py:161} INFO - Started process (PID=1449) to work on /home/airflow/.local/lib/python3.8/site-packages/airflow/example_dags/example_skip_dag.py
[2025-05-14T00:21:00.334+0000] {processor.py:830} INFO - Processing file /home/airflow/.local/lib/python3.8/site-packages/airflow/example_dags/example_skip_dag.py for tasks to queue
[2025-05-14T00:21:00.336+0000] {logging_mixin.py:188} INFO - [2025-05-14T00:21:00.336+0000] {dagbag.py:538} INFO - Filling up the DagBag from /home/airflow/.local/lib/python3.8/site-packages/airflow/example_dags/example_skip_dag.py
[2025-05-14T00:21:00.343+0000] {processor.py:840} INFO - DAG(s) 'example_skip_dag' retrieved from /home/airflow/.local/lib/python3.8/site-packages/airflow/example_dags/example_skip_dag.py
[2025-05-14T00:21:00.368+0000] {logging_mixin.py:188} INFO - [2025-05-14T00:21:00.368+0000] {dag.py:3036} INFO - Sync 1 DAGs
[2025-05-14T00:21:00.393+0000] {logging_mixin.py:188} INFO - [2025-05-14T00:21:00.393+0000] {dag.py:3823} INFO - Setting next_dagrun for example_skip_dag to 2025-05-13 00:00:00+00:00, run_after=2025-05-14 00:00:00+00:00
[2025-05-14T00:21:00.418+0000] {processor.py:183} INFO - Processing /home/airflow/.local/lib/python3.8/site-packages/airflow/example_dags/example_skip_dag.py took 0.088 seconds
[2025-05-14T00:21:31.646+0000] {processor.py:161} INFO - Started process (PID=1505) to work on /home/airflow/.local/lib/python3.8/site-packages/airflow/example_dags/example_skip_dag.py
[2025-05-14T00:21:31.648+0000] {processor.py:830} INFO - Processing file /home/airflow/.local/lib/python3.8/site-packages/airflow/example_dags/example_skip_dag.py for tasks to queue
[2025-05-14T00:21:31.650+0000] {logging_mixin.py:188} INFO - [2025-05-14T00:21:31.650+0000] {dagbag.py:538} INFO - Filling up the DagBag from /home/airflow/.local/lib/python3.8/site-packages/airflow/example_dags/example_skip_dag.py
[2025-05-14T00:21:31.659+0000] {processor.py:840} INFO - DAG(s) 'example_skip_dag' retrieved from /home/airflow/.local/lib/python3.8/site-packages/airflow/example_dags/example_skip_dag.py
[2025-05-14T00:21:31.686+0000] {logging_mixin.py:188} INFO - [2025-05-14T00:21:31.686+0000] {dag.py:3036} INFO - Sync 1 DAGs
[2025-05-14T00:21:31.717+0000] {logging_mixin.py:188} INFO - [2025-05-14T00:21:31.717+0000] {dag.py:3823} INFO - Setting next_dagrun for example_skip_dag to 2025-05-13 00:00:00+00:00, run_after=2025-05-14 00:00:00+00:00
[2025-05-14T00:21:31.746+0000] {processor.py:183} INFO - Processing /home/airflow/.local/lib/python3.8/site-packages/airflow/example_dags/example_skip_dag.py took 0.103 seconds
[2025-05-14T00:22:02.462+0000] {processor.py:161} INFO - Started process (PID=1561) to work on /home/airflow/.local/lib/python3.8/site-packages/airflow/example_dags/example_skip_dag.py
[2025-05-14T00:22:02.469+0000] {processor.py:830} INFO - Processing file /home/airflow/.local/lib/python3.8/site-packages/airflow/example_dags/example_skip_dag.py for tasks to queue
[2025-05-14T00:22:02.471+0000] {logging_mixin.py:188} INFO - [2025-05-14T00:22:02.471+0000] {dagbag.py:538} INFO - Filling up the DagBag from /home/airflow/.local/lib/python3.8/site-packages/airflow/example_dags/example_skip_dag.py
[2025-05-14T00:22:02.479+0000] {processor.py:840} INFO - DAG(s) 'example_skip_dag' retrieved from /home/airflow/.local/lib/python3.8/site-packages/airflow/example_dags/example_skip_dag.py
[2025-05-14T00:22:02.507+0000] {logging_mixin.py:188} INFO - [2025-05-14T00:22:02.506+0000] {dag.py:3036} INFO - Sync 1 DAGs
[2025-05-14T00:22:02.536+0000] {logging_mixin.py:188} INFO - [2025-05-14T00:22:02.535+0000] {dag.py:3823} INFO - Setting next_dagrun for example_skip_dag to 2025-05-13 00:00:00+00:00, run_after=2025-05-14 00:00:00+00:00
[2025-05-14T00:22:02.562+0000] {processor.py:183} INFO - Processing /home/airflow/.local/lib/python3.8/site-packages/airflow/example_dags/example_skip_dag.py took 0.103 seconds
[2025-05-14T00:22:33.482+0000] {processor.py:161} INFO - Started process (PID=1616) to work on /home/airflow/.local/lib/python3.8/site-packages/airflow/example_dags/example_skip_dag.py
[2025-05-14T00:22:33.483+0000] {processor.py:830} INFO - Processing file /home/airflow/.local/lib/python3.8/site-packages/airflow/example_dags/example_skip_dag.py for tasks to queue
[2025-05-14T00:22:33.485+0000] {logging_mixin.py:188} INFO - [2025-05-14T00:22:33.485+0000] {dagbag.py:538} INFO - Filling up the DagBag from /home/airflow/.local/lib/python3.8/site-packages/airflow/example_dags/example_skip_dag.py
[2025-05-14T00:22:33.493+0000] {processor.py:840} INFO - DAG(s) 'example_skip_dag' retrieved from /home/airflow/.local/lib/python3.8/site-packages/airflow/example_dags/example_skip_dag.py
[2025-05-14T00:22:33.517+0000] {logging_mixin.py:188} INFO - [2025-05-14T00:22:33.517+0000] {dag.py:3036} INFO - Sync 1 DAGs
[2025-05-14T00:22:33.552+0000] {logging_mixin.py:188} INFO - [2025-05-14T00:22:33.552+0000] {dag.py:3823} INFO - Setting next_dagrun for example_skip_dag to 2025-05-13 00:00:00+00:00, run_after=2025-05-14 00:00:00+00:00
[2025-05-14T00:22:33.574+0000] {processor.py:183} INFO - Processing /home/airflow/.local/lib/python3.8/site-packages/airflow/example_dags/example_skip_dag.py took 0.095 seconds
[2025-05-14T00:23:04.125+0000] {processor.py:161} INFO - Started process (PID=1672) to work on /home/airflow/.local/lib/python3.8/site-packages/airflow/example_dags/example_skip_dag.py
[2025-05-14T00:23:04.127+0000] {processor.py:830} INFO - Processing file /home/airflow/.local/lib/python3.8/site-packages/airflow/example_dags/example_skip_dag.py for tasks to queue
[2025-05-14T00:23:04.130+0000] {logging_mixin.py:188} INFO - [2025-05-14T00:23:04.129+0000] {dagbag.py:538} INFO - Filling up the DagBag from /home/airflow/.local/lib/python3.8/site-packages/airflow/example_dags/example_skip_dag.py
[2025-05-14T00:23:04.138+0000] {processor.py:840} INFO - DAG(s) 'example_skip_dag' retrieved from /home/airflow/.local/lib/python3.8/site-packages/airflow/example_dags/example_skip_dag.py
[2025-05-14T00:23:04.166+0000] {logging_mixin.py:188} INFO - [2025-05-14T00:23:04.166+0000] {dag.py:3036} INFO - Sync 1 DAGs
[2025-05-14T00:23:04.197+0000] {logging_mixin.py:188} INFO - [2025-05-14T00:23:04.196+0000] {dag.py:3823} INFO - Setting next_dagrun for example_skip_dag to 2025-05-13 00:00:00+00:00, run_after=2025-05-14 00:00:00+00:00
[2025-05-14T00:23:04.227+0000] {processor.py:183} INFO - Processing /home/airflow/.local/lib/python3.8/site-packages/airflow/example_dags/example_skip_dag.py took 0.105 seconds
[2025-05-14T00:23:35.037+0000] {processor.py:161} INFO - Started process (PID=1728) to work on /home/airflow/.local/lib/python3.8/site-packages/airflow/example_dags/example_skip_dag.py
[2025-05-14T00:23:35.040+0000] {processor.py:830} INFO - Processing file /home/airflow/.local/lib/python3.8/site-packages/airflow/example_dags/example_skip_dag.py for tasks to queue
[2025-05-14T00:23:35.043+0000] {logging_mixin.py:188} INFO - [2025-05-14T00:23:35.043+0000] {dagbag.py:538} INFO - Filling up the DagBag from /home/airflow/.local/lib/python3.8/site-packages/airflow/example_dags/example_skip_dag.py
[2025-05-14T00:23:35.054+0000] {processor.py:840} INFO - DAG(s) 'example_skip_dag' retrieved from /home/airflow/.local/lib/python3.8/site-packages/airflow/example_dags/example_skip_dag.py
[2025-05-14T00:23:35.090+0000] {logging_mixin.py:188} INFO - [2025-05-14T00:23:35.090+0000] {dag.py:3036} INFO - Sync 1 DAGs
[2025-05-14T00:23:35.123+0000] {logging_mixin.py:188} INFO - [2025-05-14T00:23:35.123+0000] {dag.py:3823} INFO - Setting next_dagrun for example_skip_dag to 2025-05-13 00:00:00+00:00, run_after=2025-05-14 00:00:00+00:00
[2025-05-14T00:23:35.153+0000] {processor.py:183} INFO - Processing /home/airflow/.local/lib/python3.8/site-packages/airflow/example_dags/example_skip_dag.py took 0.121 seconds
