[2025-05-14T00:08:44.655+0000] {processor.py:161} INFO - Started process (PID=108) to work on /home/airflow/.local/lib/python3.8/site-packages/airflow/example_dags/example_sla_dag.py
[2025-05-14T00:08:44.676+0000] {processor.py:830} INFO - Processing file /home/airflow/.local/lib/python3.8/site-packages/airflow/example_dags/example_sla_dag.py for tasks to queue
[2025-05-14T00:08:44.679+0000] {logging_mixin.py:188} INFO - [2025-05-14T00:08:44.679+0000] {dagbag.py:538} INFO - Filling up the DagBag from /home/airflow/.local/lib/python3.8/site-packages/airflow/example_dags/example_sla_dag.py
[2025-05-14T00:08:44.702+0000] {processor.py:840} INFO - DAG(s) 'example_sla_dag' retrieved from /home/airflow/.local/lib/python3.8/site-packages/airflow/example_dags/example_sla_dag.py
[2025-05-14T00:08:45.021+0000] {logging_mixin.py:188} INFO - [2025-05-14T00:08:45.021+0000] {dag.py:3036} INFO - Sync 1 DAGs
[2025-05-14T00:08:45.166+0000] {logging_mixin.py:188} INFO - [2025-05-14T00:08:45.165+0000] {dag.py:3823} INFO - Setting next_dagrun for example_sla_dag to 2025-05-14 00:06:00+00:00, run_after=2025-05-14 00:08:00+00:00
[2025-05-14T00:08:45.249+0000] {processor.py:183} INFO - Processing /home/airflow/.local/lib/python3.8/site-packages/airflow/example_dags/example_sla_dag.py took 0.599 seconds
[2025-05-14T00:09:16.180+0000] {processor.py:161} INFO - Started process (PID=164) to work on /home/airflow/.local/lib/python3.8/site-packages/airflow/example_dags/example_sla_dag.py
[2025-05-14T00:09:16.182+0000] {processor.py:830} INFO - Processing file /home/airflow/.local/lib/python3.8/site-packages/airflow/example_dags/example_sla_dag.py for tasks to queue
[2025-05-14T00:09:16.185+0000] {logging_mixin.py:188} INFO - [2025-05-14T00:09:16.184+0000] {dagbag.py:538} INFO - Filling up the DagBag from /home/airflow/.local/lib/python3.8/site-packages/airflow/example_dags/example_sla_dag.py
[2025-05-14T00:09:16.197+0000] {processor.py:840} INFO - DAG(s) 'example_sla_dag' retrieved from /home/airflow/.local/lib/python3.8/site-packages/airflow/example_dags/example_sla_dag.py
[2025-05-14T00:09:16.225+0000] {logging_mixin.py:188} INFO - [2025-05-14T00:09:16.225+0000] {dag.py:3036} INFO - Sync 1 DAGs
[2025-05-14T00:09:16.266+0000] {logging_mixin.py:188} INFO - [2025-05-14T00:09:16.265+0000] {dag.py:3823} INFO - Setting next_dagrun for example_sla_dag to 2025-05-14 00:06:00+00:00, run_after=2025-05-14 00:08:00+00:00
[2025-05-14T00:09:16.486+0000] {processor.py:183} INFO - Processing /home/airflow/.local/lib/python3.8/site-packages/airflow/example_dags/example_sla_dag.py took 0.311 seconds
[2025-05-14T00:09:47.059+0000] {processor.py:161} INFO - Started process (PID=220) to work on /home/airflow/.local/lib/python3.8/site-packages/airflow/example_dags/example_sla_dag.py
[2025-05-14T00:09:47.060+0000] {processor.py:830} INFO - Processing file /home/airflow/.local/lib/python3.8/site-packages/airflow/example_dags/example_sla_dag.py for tasks to queue
[2025-05-14T00:09:47.063+0000] {logging_mixin.py:188} INFO - [2025-05-14T00:09:47.062+0000] {dagbag.py:538} INFO - Filling up the DagBag from /home/airflow/.local/lib/python3.8/site-packages/airflow/example_dags/example_sla_dag.py
[2025-05-14T00:09:47.075+0000] {processor.py:840} INFO - DAG(s) 'example_sla_dag' retrieved from /home/airflow/.local/lib/python3.8/site-packages/airflow/example_dags/example_sla_dag.py
[2025-05-14T00:09:47.107+0000] {logging_mixin.py:188} INFO - [2025-05-14T00:09:47.106+0000] {dag.py:3036} INFO - Sync 1 DAGs
[2025-05-14T00:09:47.147+0000] {logging_mixin.py:188} INFO - [2025-05-14T00:09:47.147+0000] {dag.py:3823} INFO - Setting next_dagrun for example_sla_dag to 2025-05-14 00:06:00+00:00, run_after=2025-05-14 00:08:00+00:00
[2025-05-14T00:09:47.176+0000] {processor.py:183} INFO - Processing /home/airflow/.local/lib/python3.8/site-packages/airflow/example_dags/example_sla_dag.py took 0.124 seconds
[2025-05-14T00:10:18.998+0000] {processor.py:161} INFO - Started process (PID=276) to work on /home/airflow/.local/lib/python3.8/site-packages/airflow/example_dags/example_sla_dag.py
[2025-05-14T00:10:19.001+0000] {processor.py:830} INFO - Processing file /home/airflow/.local/lib/python3.8/site-packages/airflow/example_dags/example_sla_dag.py for tasks to queue
[2025-05-14T00:10:19.004+0000] {logging_mixin.py:188} INFO - [2025-05-14T00:10:19.003+0000] {dagbag.py:538} INFO - Filling up the DagBag from /home/airflow/.local/lib/python3.8/site-packages/airflow/example_dags/example_sla_dag.py
[2025-05-14T00:10:19.036+0000] {processor.py:840} INFO - DAG(s) 'example_sla_dag' retrieved from /home/airflow/.local/lib/python3.8/site-packages/airflow/example_dags/example_sla_dag.py
[2025-05-14T00:10:19.073+0000] {logging_mixin.py:188} INFO - [2025-05-14T00:10:19.073+0000] {dag.py:3036} INFO - Sync 1 DAGs
[2025-05-14T00:10:19.182+0000] {logging_mixin.py:188} INFO - [2025-05-14T00:10:19.181+0000] {dag.py:3823} INFO - Setting next_dagrun for example_sla_dag to 2025-05-14 00:08:00+00:00, run_after=2025-05-14 00:10:00+00:00
[2025-05-14T00:10:19.225+0000] {processor.py:183} INFO - Processing /home/airflow/.local/lib/python3.8/site-packages/airflow/example_dags/example_sla_dag.py took 0.230 seconds
[2025-05-14T00:10:50.037+0000] {processor.py:161} INFO - Started process (PID=332) to work on /home/airflow/.local/lib/python3.8/site-packages/airflow/example_dags/example_sla_dag.py
[2025-05-14T00:10:50.039+0000] {processor.py:830} INFO - Processing file /home/airflow/.local/lib/python3.8/site-packages/airflow/example_dags/example_sla_dag.py for tasks to queue
[2025-05-14T00:10:50.042+0000] {logging_mixin.py:188} INFO - [2025-05-14T00:10:50.041+0000] {dagbag.py:538} INFO - Filling up the DagBag from /home/airflow/.local/lib/python3.8/site-packages/airflow/example_dags/example_sla_dag.py
[2025-05-14T00:10:50.052+0000] {processor.py:840} INFO - DAG(s) 'example_sla_dag' retrieved from /home/airflow/.local/lib/python3.8/site-packages/airflow/example_dags/example_sla_dag.py
[2025-05-14T00:10:50.078+0000] {logging_mixin.py:188} INFO - [2025-05-14T00:10:50.077+0000] {dag.py:3036} INFO - Sync 1 DAGs
[2025-05-14T00:10:50.116+0000] {logging_mixin.py:188} INFO - [2025-05-14T00:10:50.116+0000] {dag.py:3823} INFO - Setting next_dagrun for example_sla_dag to 2025-05-14 00:08:00+00:00, run_after=2025-05-14 00:10:00+00:00
[2025-05-14T00:10:50.150+0000] {processor.py:183} INFO - Processing /home/airflow/.local/lib/python3.8/site-packages/airflow/example_dags/example_sla_dag.py took 0.117 seconds
[2025-05-14T00:11:20.914+0000] {processor.py:161} INFO - Started process (PID=388) to work on /home/airflow/.local/lib/python3.8/site-packages/airflow/example_dags/example_sla_dag.py
[2025-05-14T00:11:20.916+0000] {processor.py:830} INFO - Processing file /home/airflow/.local/lib/python3.8/site-packages/airflow/example_dags/example_sla_dag.py for tasks to queue
[2025-05-14T00:11:20.918+0000] {logging_mixin.py:188} INFO - [2025-05-14T00:11:20.918+0000] {dagbag.py:538} INFO - Filling up the DagBag from /home/airflow/.local/lib/python3.8/site-packages/airflow/example_dags/example_sla_dag.py
[2025-05-14T00:11:20.928+0000] {processor.py:840} INFO - DAG(s) 'example_sla_dag' retrieved from /home/airflow/.local/lib/python3.8/site-packages/airflow/example_dags/example_sla_dag.py
[2025-05-14T00:11:20.967+0000] {logging_mixin.py:188} INFO - [2025-05-14T00:11:20.966+0000] {dag.py:3036} INFO - Sync 1 DAGs
[2025-05-14T00:11:21.002+0000] {logging_mixin.py:188} INFO - [2025-05-14T00:11:21.002+0000] {dag.py:3823} INFO - Setting next_dagrun for example_sla_dag to 2025-05-14 00:08:00+00:00, run_after=2025-05-14 00:10:00+00:00
[2025-05-14T00:11:21.043+0000] {processor.py:183} INFO - Processing /home/airflow/.local/lib/python3.8/site-packages/airflow/example_dags/example_sla_dag.py took 0.132 seconds
[2025-05-14T00:11:51.618+0000] {processor.py:161} INFO - Started process (PID=444) to work on /home/airflow/.local/lib/python3.8/site-packages/airflow/example_dags/example_sla_dag.py
[2025-05-14T00:11:51.619+0000] {processor.py:830} INFO - Processing file /home/airflow/.local/lib/python3.8/site-packages/airflow/example_dags/example_sla_dag.py for tasks to queue
[2025-05-14T00:11:51.621+0000] {logging_mixin.py:188} INFO - [2025-05-14T00:11:51.620+0000] {dagbag.py:538} INFO - Filling up the DagBag from /home/airflow/.local/lib/python3.8/site-packages/airflow/example_dags/example_sla_dag.py
[2025-05-14T00:11:51.628+0000] {processor.py:840} INFO - DAG(s) 'example_sla_dag' retrieved from /home/airflow/.local/lib/python3.8/site-packages/airflow/example_dags/example_sla_dag.py
[2025-05-14T00:11:51.650+0000] {logging_mixin.py:188} INFO - [2025-05-14T00:11:51.650+0000] {dag.py:3036} INFO - Sync 1 DAGs
[2025-05-14T00:11:51.676+0000] {logging_mixin.py:188} INFO - [2025-05-14T00:11:51.676+0000] {dag.py:3823} INFO - Setting next_dagrun for example_sla_dag to 2025-05-14 00:08:00+00:00, run_after=2025-05-14 00:10:00+00:00
[2025-05-14T00:11:51.699+0000] {processor.py:183} INFO - Processing /home/airflow/.local/lib/python3.8/site-packages/airflow/example_dags/example_sla_dag.py took 0.084 seconds
[2025-05-14T00:12:21.864+0000] {processor.py:161} INFO - Started process (PID=500) to work on /home/airflow/.local/lib/python3.8/site-packages/airflow/example_dags/example_sla_dag.py
[2025-05-14T00:12:21.868+0000] {processor.py:830} INFO - Processing file /home/airflow/.local/lib/python3.8/site-packages/airflow/example_dags/example_sla_dag.py for tasks to queue
[2025-05-14T00:12:21.871+0000] {logging_mixin.py:188} INFO - [2025-05-14T00:12:21.870+0000] {dagbag.py:538} INFO - Filling up the DagBag from /home/airflow/.local/lib/python3.8/site-packages/airflow/example_dags/example_sla_dag.py
[2025-05-14T00:12:21.894+0000] {processor.py:840} INFO - DAG(s) 'example_sla_dag' retrieved from /home/airflow/.local/lib/python3.8/site-packages/airflow/example_dags/example_sla_dag.py
[2025-05-14T00:12:21.924+0000] {logging_mixin.py:188} INFO - [2025-05-14T00:12:21.924+0000] {dag.py:3036} INFO - Sync 1 DAGs
[2025-05-14T00:12:21.958+0000] {logging_mixin.py:188} INFO - [2025-05-14T00:12:21.957+0000] {dag.py:3823} INFO - Setting next_dagrun for example_sla_dag to 2025-05-14 00:10:00+00:00, run_after=2025-05-14 00:12:00+00:00
[2025-05-14T00:12:21.988+0000] {processor.py:183} INFO - Processing /home/airflow/.local/lib/python3.8/site-packages/airflow/example_dags/example_sla_dag.py took 0.130 seconds
[2025-05-14T00:12:52.519+0000] {processor.py:161} INFO - Started process (PID=556) to work on /home/airflow/.local/lib/python3.8/site-packages/airflow/example_dags/example_sla_dag.py
[2025-05-14T00:12:52.536+0000] {processor.py:830} INFO - Processing file /home/airflow/.local/lib/python3.8/site-packages/airflow/example_dags/example_sla_dag.py for tasks to queue
[2025-05-14T00:12:52.539+0000] {logging_mixin.py:188} INFO - [2025-05-14T00:12:52.538+0000] {dagbag.py:538} INFO - Filling up the DagBag from /home/airflow/.local/lib/python3.8/site-packages/airflow/example_dags/example_sla_dag.py
[2025-05-14T00:12:52.622+0000] {processor.py:840} INFO - DAG(s) 'example_sla_dag' retrieved from /home/airflow/.local/lib/python3.8/site-packages/airflow/example_dags/example_sla_dag.py
[2025-05-14T00:12:52.738+0000] {logging_mixin.py:188} INFO - [2025-05-14T00:12:52.738+0000] {dag.py:3036} INFO - Sync 1 DAGs
[2025-05-14T00:12:52.777+0000] {logging_mixin.py:188} INFO - [2025-05-14T00:12:52.777+0000] {dag.py:3823} INFO - Setting next_dagrun for example_sla_dag to 2025-05-14 00:10:00+00:00, run_after=2025-05-14 00:12:00+00:00
[2025-05-14T00:12:52.814+0000] {processor.py:183} INFO - Processing /home/airflow/.local/lib/python3.8/site-packages/airflow/example_dags/example_sla_dag.py took 0.317 seconds
[2025-05-14T00:13:23.659+0000] {processor.py:161} INFO - Started process (PID=612) to work on /home/airflow/.local/lib/python3.8/site-packages/airflow/example_dags/example_sla_dag.py
[2025-05-14T00:13:23.661+0000] {processor.py:830} INFO - Processing file /home/airflow/.local/lib/python3.8/site-packages/airflow/example_dags/example_sla_dag.py for tasks to queue
[2025-05-14T00:13:23.664+0000] {logging_mixin.py:188} INFO - [2025-05-14T00:13:23.664+0000] {dagbag.py:538} INFO - Filling up the DagBag from /home/airflow/.local/lib/python3.8/site-packages/airflow/example_dags/example_sla_dag.py
[2025-05-14T00:13:23.679+0000] {processor.py:840} INFO - DAG(s) 'example_sla_dag' retrieved from /home/airflow/.local/lib/python3.8/site-packages/airflow/example_dags/example_sla_dag.py
[2025-05-14T00:13:23.725+0000] {logging_mixin.py:188} INFO - [2025-05-14T00:13:23.724+0000] {dag.py:3036} INFO - Sync 1 DAGs
[2025-05-14T00:13:23.785+0000] {logging_mixin.py:188} INFO - [2025-05-14T00:13:23.784+0000] {dag.py:3823} INFO - Setting next_dagrun for example_sla_dag to 2025-05-14 00:10:00+00:00, run_after=2025-05-14 00:12:00+00:00
[2025-05-14T00:13:23.845+0000] {processor.py:183} INFO - Processing /home/airflow/.local/lib/python3.8/site-packages/airflow/example_dags/example_sla_dag.py took 0.190 seconds
[2025-05-14T00:13:53.995+0000] {processor.py:161} INFO - Started process (PID=668) to work on /home/airflow/.local/lib/python3.8/site-packages/airflow/example_dags/example_sla_dag.py
[2025-05-14T00:13:53.998+0000] {processor.py:830} INFO - Processing file /home/airflow/.local/lib/python3.8/site-packages/airflow/example_dags/example_sla_dag.py for tasks to queue
[2025-05-14T00:13:54.000+0000] {logging_mixin.py:188} INFO - [2025-05-14T00:13:53.999+0000] {dagbag.py:538} INFO - Filling up the DagBag from /home/airflow/.local/lib/python3.8/site-packages/airflow/example_dags/example_sla_dag.py
[2025-05-14T00:13:54.008+0000] {processor.py:840} INFO - DAG(s) 'example_sla_dag' retrieved from /home/airflow/.local/lib/python3.8/site-packages/airflow/example_dags/example_sla_dag.py
[2025-05-14T00:13:54.035+0000] {logging_mixin.py:188} INFO - [2025-05-14T00:13:54.034+0000] {dag.py:3036} INFO - Sync 1 DAGs
[2025-05-14T00:13:54.066+0000] {logging_mixin.py:188} INFO - [2025-05-14T00:13:54.066+0000] {dag.py:3823} INFO - Setting next_dagrun for example_sla_dag to 2025-05-14 00:10:00+00:00, run_after=2025-05-14 00:12:00+00:00
[2025-05-14T00:13:54.094+0000] {processor.py:183} INFO - Processing /home/airflow/.local/lib/python3.8/site-packages/airflow/example_dags/example_sla_dag.py took 0.108 seconds
[2025-05-14T00:14:24.624+0000] {processor.py:161} INFO - Started process (PID=724) to work on /home/airflow/.local/lib/python3.8/site-packages/airflow/example_dags/example_sla_dag.py
[2025-05-14T00:14:24.626+0000] {processor.py:830} INFO - Processing file /home/airflow/.local/lib/python3.8/site-packages/airflow/example_dags/example_sla_dag.py for tasks to queue
[2025-05-14T00:14:24.628+0000] {logging_mixin.py:188} INFO - [2025-05-14T00:14:24.627+0000] {dagbag.py:538} INFO - Filling up the DagBag from /home/airflow/.local/lib/python3.8/site-packages/airflow/example_dags/example_sla_dag.py
[2025-05-14T00:14:24.639+0000] {processor.py:840} INFO - DAG(s) 'example_sla_dag' retrieved from /home/airflow/.local/lib/python3.8/site-packages/airflow/example_dags/example_sla_dag.py
[2025-05-14T00:14:24.663+0000] {logging_mixin.py:188} INFO - [2025-05-14T00:14:24.663+0000] {dag.py:3036} INFO - Sync 1 DAGs
[2025-05-14T00:14:24.694+0000] {logging_mixin.py:188} INFO - [2025-05-14T00:14:24.693+0000] {dag.py:3823} INFO - Setting next_dagrun for example_sla_dag to 2025-05-14 00:12:00+00:00, run_after=2025-05-14 00:14:00+00:00
[2025-05-14T00:14:24.728+0000] {processor.py:183} INFO - Processing /home/airflow/.local/lib/python3.8/site-packages/airflow/example_dags/example_sla_dag.py took 0.106 seconds
[2025-05-14T00:14:55.205+0000] {processor.py:161} INFO - Started process (PID=780) to work on /home/airflow/.local/lib/python3.8/site-packages/airflow/example_dags/example_sla_dag.py
[2025-05-14T00:14:55.207+0000] {processor.py:830} INFO - Processing file /home/airflow/.local/lib/python3.8/site-packages/airflow/example_dags/example_sla_dag.py for tasks to queue
[2025-05-14T00:14:55.209+0000] {logging_mixin.py:188} INFO - [2025-05-14T00:14:55.209+0000] {dagbag.py:538} INFO - Filling up the DagBag from /home/airflow/.local/lib/python3.8/site-packages/airflow/example_dags/example_sla_dag.py
[2025-05-14T00:14:55.219+0000] {processor.py:840} INFO - DAG(s) 'example_sla_dag' retrieved from /home/airflow/.local/lib/python3.8/site-packages/airflow/example_dags/example_sla_dag.py
[2025-05-14T00:14:55.247+0000] {logging_mixin.py:188} INFO - [2025-05-14T00:14:55.247+0000] {dag.py:3036} INFO - Sync 1 DAGs
[2025-05-14T00:14:55.284+0000] {logging_mixin.py:188} INFO - [2025-05-14T00:14:55.283+0000] {dag.py:3823} INFO - Setting next_dagrun for example_sla_dag to 2025-05-14 00:12:00+00:00, run_after=2025-05-14 00:14:00+00:00
[2025-05-14T00:14:55.325+0000] {processor.py:183} INFO - Processing /home/airflow/.local/lib/python3.8/site-packages/airflow/example_dags/example_sla_dag.py took 0.125 seconds
[2025-05-14T00:15:25.521+0000] {processor.py:161} INFO - Started process (PID=836) to work on /home/airflow/.local/lib/python3.8/site-packages/airflow/example_dags/example_sla_dag.py
[2025-05-14T00:15:25.524+0000] {processor.py:830} INFO - Processing file /home/airflow/.local/lib/python3.8/site-packages/airflow/example_dags/example_sla_dag.py for tasks to queue
[2025-05-14T00:15:25.528+0000] {logging_mixin.py:188} INFO - [2025-05-14T00:15:25.527+0000] {dagbag.py:538} INFO - Filling up the DagBag from /home/airflow/.local/lib/python3.8/site-packages/airflow/example_dags/example_sla_dag.py
[2025-05-14T00:15:25.541+0000] {processor.py:840} INFO - DAG(s) 'example_sla_dag' retrieved from /home/airflow/.local/lib/python3.8/site-packages/airflow/example_dags/example_sla_dag.py
[2025-05-14T00:15:25.571+0000] {logging_mixin.py:188} INFO - [2025-05-14T00:15:25.570+0000] {dag.py:3036} INFO - Sync 1 DAGs
[2025-05-14T00:15:25.608+0000] {logging_mixin.py:188} INFO - [2025-05-14T00:15:25.607+0000] {dag.py:3823} INFO - Setting next_dagrun for example_sla_dag to 2025-05-14 00:12:00+00:00, run_after=2025-05-14 00:14:00+00:00
[2025-05-14T00:15:25.640+0000] {processor.py:183} INFO - Processing /home/airflow/.local/lib/python3.8/site-packages/airflow/example_dags/example_sla_dag.py took 0.124 seconds
[2025-05-14T00:15:55.689+0000] {processor.py:161} INFO - Started process (PID=890) to work on /home/airflow/.local/lib/python3.8/site-packages/airflow/example_dags/example_sla_dag.py
[2025-05-14T00:15:55.690+0000] {processor.py:830} INFO - Processing file /home/airflow/.local/lib/python3.8/site-packages/airflow/example_dags/example_sla_dag.py for tasks to queue
[2025-05-14T00:15:55.693+0000] {logging_mixin.py:188} INFO - [2025-05-14T00:15:55.693+0000] {dagbag.py:538} INFO - Filling up the DagBag from /home/airflow/.local/lib/python3.8/site-packages/airflow/example_dags/example_sla_dag.py
[2025-05-14T00:15:55.705+0000] {processor.py:840} INFO - DAG(s) 'example_sla_dag' retrieved from /home/airflow/.local/lib/python3.8/site-packages/airflow/example_dags/example_sla_dag.py
[2025-05-14T00:15:55.731+0000] {logging_mixin.py:188} INFO - [2025-05-14T00:15:55.731+0000] {dag.py:3036} INFO - Sync 1 DAGs
[2025-05-14T00:15:55.766+0000] {logging_mixin.py:188} INFO - [2025-05-14T00:15:55.766+0000] {dag.py:3823} INFO - Setting next_dagrun for example_sla_dag to 2025-05-14 00:12:00+00:00, run_after=2025-05-14 00:14:00+00:00
[2025-05-14T00:15:55.792+0000] {processor.py:183} INFO - Processing /home/airflow/.local/lib/python3.8/site-packages/airflow/example_dags/example_sla_dag.py took 0.107 seconds
[2025-05-14T00:16:26.493+0000] {processor.py:161} INFO - Started process (PID=947) to work on /home/airflow/.local/lib/python3.8/site-packages/airflow/example_dags/example_sla_dag.py
[2025-05-14T00:16:26.509+0000] {processor.py:830} INFO - Processing file /home/airflow/.local/lib/python3.8/site-packages/airflow/example_dags/example_sla_dag.py for tasks to queue
[2025-05-14T00:16:26.515+0000] {logging_mixin.py:188} INFO - [2025-05-14T00:16:26.514+0000] {dagbag.py:538} INFO - Filling up the DagBag from /home/airflow/.local/lib/python3.8/site-packages/airflow/example_dags/example_sla_dag.py
[2025-05-14T00:16:26.549+0000] {processor.py:840} INFO - DAG(s) 'example_sla_dag' retrieved from /home/airflow/.local/lib/python3.8/site-packages/airflow/example_dags/example_sla_dag.py
[2025-05-14T00:16:26.599+0000] {logging_mixin.py:188} INFO - [2025-05-14T00:16:26.598+0000] {dag.py:3036} INFO - Sync 1 DAGs
[2025-05-14T00:16:26.667+0000] {logging_mixin.py:188} INFO - [2025-05-14T00:16:26.667+0000] {dag.py:3823} INFO - Setting next_dagrun for example_sla_dag to 2025-05-14 00:14:00+00:00, run_after=2025-05-14 00:16:00+00:00
[2025-05-14T00:16:26.739+0000] {processor.py:183} INFO - Processing /home/airflow/.local/lib/python3.8/site-packages/airflow/example_dags/example_sla_dag.py took 0.251 seconds
[2025-05-14T00:16:57.053+0000] {processor.py:161} INFO - Started process (PID=1001) to work on /home/airflow/.local/lib/python3.8/site-packages/airflow/example_dags/example_sla_dag.py
[2025-05-14T00:16:57.055+0000] {processor.py:830} INFO - Processing file /home/airflow/.local/lib/python3.8/site-packages/airflow/example_dags/example_sla_dag.py for tasks to queue
[2025-05-14T00:16:57.058+0000] {logging_mixin.py:188} INFO - [2025-05-14T00:16:57.058+0000] {dagbag.py:538} INFO - Filling up the DagBag from /home/airflow/.local/lib/python3.8/site-packages/airflow/example_dags/example_sla_dag.py
[2025-05-14T00:16:57.068+0000] {processor.py:840} INFO - DAG(s) 'example_sla_dag' retrieved from /home/airflow/.local/lib/python3.8/site-packages/airflow/example_dags/example_sla_dag.py
[2025-05-14T00:16:57.093+0000] {logging_mixin.py:188} INFO - [2025-05-14T00:16:57.093+0000] {dag.py:3036} INFO - Sync 1 DAGs
[2025-05-14T00:16:57.128+0000] {logging_mixin.py:188} INFO - [2025-05-14T00:16:57.128+0000] {dag.py:3823} INFO - Setting next_dagrun for example_sla_dag to 2025-05-14 00:14:00+00:00, run_after=2025-05-14 00:16:00+00:00
[2025-05-14T00:16:57.167+0000] {processor.py:183} INFO - Processing /home/airflow/.local/lib/python3.8/site-packages/airflow/example_dags/example_sla_dag.py took 0.117 seconds
[2025-05-14T00:17:27.925+0000] {processor.py:161} INFO - Started process (PID=1058) to work on /home/airflow/.local/lib/python3.8/site-packages/airflow/example_dags/example_sla_dag.py
[2025-05-14T00:17:27.927+0000] {processor.py:830} INFO - Processing file /home/airflow/.local/lib/python3.8/site-packages/airflow/example_dags/example_sla_dag.py for tasks to queue
[2025-05-14T00:17:27.940+0000] {logging_mixin.py:188} INFO - [2025-05-14T00:17:27.936+0000] {dagbag.py:538} INFO - Filling up the DagBag from /home/airflow/.local/lib/python3.8/site-packages/airflow/example_dags/example_sla_dag.py
[2025-05-14T00:17:27.965+0000] {processor.py:840} INFO - DAG(s) 'example_sla_dag' retrieved from /home/airflow/.local/lib/python3.8/site-packages/airflow/example_dags/example_sla_dag.py
[2025-05-14T00:17:27.993+0000] {logging_mixin.py:188} INFO - [2025-05-14T00:17:27.993+0000] {dag.py:3036} INFO - Sync 1 DAGs
[2025-05-14T00:17:28.025+0000] {logging_mixin.py:188} INFO - [2025-05-14T00:17:28.025+0000] {dag.py:3823} INFO - Setting next_dagrun for example_sla_dag to 2025-05-14 00:14:00+00:00, run_after=2025-05-14 00:16:00+00:00
[2025-05-14T00:17:28.050+0000] {processor.py:183} INFO - Processing /home/airflow/.local/lib/python3.8/site-packages/airflow/example_dags/example_sla_dag.py took 0.128 seconds
[2025-05-14T00:17:58.153+0000] {processor.py:161} INFO - Started process (PID=1114) to work on /home/airflow/.local/lib/python3.8/site-packages/airflow/example_dags/example_sla_dag.py
[2025-05-14T00:17:58.156+0000] {processor.py:830} INFO - Processing file /home/airflow/.local/lib/python3.8/site-packages/airflow/example_dags/example_sla_dag.py for tasks to queue
[2025-05-14T00:17:58.158+0000] {logging_mixin.py:188} INFO - [2025-05-14T00:17:58.158+0000] {dagbag.py:538} INFO - Filling up the DagBag from /home/airflow/.local/lib/python3.8/site-packages/airflow/example_dags/example_sla_dag.py
[2025-05-14T00:17:58.168+0000] {processor.py:840} INFO - DAG(s) 'example_sla_dag' retrieved from /home/airflow/.local/lib/python3.8/site-packages/airflow/example_dags/example_sla_dag.py
[2025-05-14T00:17:58.191+0000] {logging_mixin.py:188} INFO - [2025-05-14T00:17:58.191+0000] {dag.py:3036} INFO - Sync 1 DAGs
[2025-05-14T00:17:58.227+0000] {logging_mixin.py:188} INFO - [2025-05-14T00:17:58.227+0000] {dag.py:3823} INFO - Setting next_dagrun for example_sla_dag to 2025-05-14 00:14:00+00:00, run_after=2025-05-14 00:16:00+00:00
[2025-05-14T00:17:58.255+0000] {processor.py:183} INFO - Processing /home/airflow/.local/lib/python3.8/site-packages/airflow/example_dags/example_sla_dag.py took 0.106 seconds
[2025-05-14T00:18:28.647+0000] {processor.py:161} INFO - Started process (PID=1171) to work on /home/airflow/.local/lib/python3.8/site-packages/airflow/example_dags/example_sla_dag.py
[2025-05-14T00:18:28.651+0000] {processor.py:830} INFO - Processing file /home/airflow/.local/lib/python3.8/site-packages/airflow/example_dags/example_sla_dag.py for tasks to queue
[2025-05-14T00:18:28.655+0000] {logging_mixin.py:188} INFO - [2025-05-14T00:18:28.655+0000] {dagbag.py:538} INFO - Filling up the DagBag from /home/airflow/.local/lib/python3.8/site-packages/airflow/example_dags/example_sla_dag.py
[2025-05-14T00:18:28.672+0000] {processor.py:840} INFO - DAG(s) 'example_sla_dag' retrieved from /home/airflow/.local/lib/python3.8/site-packages/airflow/example_dags/example_sla_dag.py
[2025-05-14T00:18:28.741+0000] {logging_mixin.py:188} INFO - [2025-05-14T00:18:28.740+0000] {dag.py:3036} INFO - Sync 1 DAGs
[2025-05-14T00:18:28.789+0000] {logging_mixin.py:188} INFO - [2025-05-14T00:18:28.789+0000] {dag.py:3823} INFO - Setting next_dagrun for example_sla_dag to 2025-05-14 00:16:00+00:00, run_after=2025-05-14 00:18:00+00:00
[2025-05-14T00:18:28.833+0000] {processor.py:183} INFO - Processing /home/airflow/.local/lib/python3.8/site-packages/airflow/example_dags/example_sla_dag.py took 0.192 seconds
[2025-05-14T00:18:59.813+0000] {processor.py:161} INFO - Started process (PID=1227) to work on /home/airflow/.local/lib/python3.8/site-packages/airflow/example_dags/example_sla_dag.py
[2025-05-14T00:18:59.818+0000] {processor.py:830} INFO - Processing file /home/airflow/.local/lib/python3.8/site-packages/airflow/example_dags/example_sla_dag.py for tasks to queue
[2025-05-14T00:18:59.820+0000] {logging_mixin.py:188} INFO - [2025-05-14T00:18:59.820+0000] {dagbag.py:538} INFO - Filling up the DagBag from /home/airflow/.local/lib/python3.8/site-packages/airflow/example_dags/example_sla_dag.py
[2025-05-14T00:18:59.830+0000] {processor.py:840} INFO - DAG(s) 'example_sla_dag' retrieved from /home/airflow/.local/lib/python3.8/site-packages/airflow/example_dags/example_sla_dag.py
[2025-05-14T00:18:59.858+0000] {logging_mixin.py:188} INFO - [2025-05-14T00:18:59.858+0000] {dag.py:3036} INFO - Sync 1 DAGs
[2025-05-14T00:18:59.893+0000] {logging_mixin.py:188} INFO - [2025-05-14T00:18:59.893+0000] {dag.py:3823} INFO - Setting next_dagrun for example_sla_dag to 2025-05-14 00:16:00+00:00, run_after=2025-05-14 00:18:00+00:00
[2025-05-14T00:18:59.924+0000] {processor.py:183} INFO - Processing /home/airflow/.local/lib/python3.8/site-packages/airflow/example_dags/example_sla_dag.py took 0.114 seconds
[2025-05-14T00:19:30.658+0000] {processor.py:161} INFO - Started process (PID=1283) to work on /home/airflow/.local/lib/python3.8/site-packages/airflow/example_dags/example_sla_dag.py
[2025-05-14T00:19:30.659+0000] {processor.py:830} INFO - Processing file /home/airflow/.local/lib/python3.8/site-packages/airflow/example_dags/example_sla_dag.py for tasks to queue
[2025-05-14T00:19:30.662+0000] {logging_mixin.py:188} INFO - [2025-05-14T00:19:30.662+0000] {dagbag.py:538} INFO - Filling up the DagBag from /home/airflow/.local/lib/python3.8/site-packages/airflow/example_dags/example_sla_dag.py
[2025-05-14T00:19:30.671+0000] {processor.py:840} INFO - DAG(s) 'example_sla_dag' retrieved from /home/airflow/.local/lib/python3.8/site-packages/airflow/example_dags/example_sla_dag.py
[2025-05-14T00:19:30.698+0000] {logging_mixin.py:188} INFO - [2025-05-14T00:19:30.697+0000] {dag.py:3036} INFO - Sync 1 DAGs
[2025-05-14T00:19:30.732+0000] {logging_mixin.py:188} INFO - [2025-05-14T00:19:30.732+0000] {dag.py:3823} INFO - Setting next_dagrun for example_sla_dag to 2025-05-14 00:16:00+00:00, run_after=2025-05-14 00:18:00+00:00
[2025-05-14T00:19:30.796+0000] {processor.py:183} INFO - Processing /home/airflow/.local/lib/python3.8/site-packages/airflow/example_dags/example_sla_dag.py took 0.141 seconds
[2025-05-14T00:20:01.185+0000] {processor.py:161} INFO - Started process (PID=1339) to work on /home/airflow/.local/lib/python3.8/site-packages/airflow/example_dags/example_sla_dag.py
[2025-05-14T00:20:01.188+0000] {processor.py:830} INFO - Processing file /home/airflow/.local/lib/python3.8/site-packages/airflow/example_dags/example_sla_dag.py for tasks to queue
[2025-05-14T00:20:01.193+0000] {logging_mixin.py:188} INFO - [2025-05-14T00:20:01.190+0000] {dagbag.py:538} INFO - Filling up the DagBag from /home/airflow/.local/lib/python3.8/site-packages/airflow/example_dags/example_sla_dag.py
[2025-05-14T00:20:01.202+0000] {processor.py:840} INFO - DAG(s) 'example_sla_dag' retrieved from /home/airflow/.local/lib/python3.8/site-packages/airflow/example_dags/example_sla_dag.py
[2025-05-14T00:20:01.230+0000] {logging_mixin.py:188} INFO - [2025-05-14T00:20:01.229+0000] {dag.py:3036} INFO - Sync 1 DAGs
[2025-05-14T00:20:01.258+0000] {logging_mixin.py:188} INFO - [2025-05-14T00:20:01.258+0000] {dag.py:3823} INFO - Setting next_dagrun for example_sla_dag to 2025-05-14 00:18:00+00:00, run_after=2025-05-14 00:20:00+00:00
[2025-05-14T00:20:01.284+0000] {processor.py:183} INFO - Processing /home/airflow/.local/lib/python3.8/site-packages/airflow/example_dags/example_sla_dag.py took 0.102 seconds
[2025-05-14T00:20:32.087+0000] {processor.py:161} INFO - Started process (PID=1395) to work on /home/airflow/.local/lib/python3.8/site-packages/airflow/example_dags/example_sla_dag.py
[2025-05-14T00:20:32.124+0000] {processor.py:830} INFO - Processing file /home/airflow/.local/lib/python3.8/site-packages/airflow/example_dags/example_sla_dag.py for tasks to queue
[2025-05-14T00:20:32.126+0000] {logging_mixin.py:188} INFO - [2025-05-14T00:20:32.126+0000] {dagbag.py:538} INFO - Filling up the DagBag from /home/airflow/.local/lib/python3.8/site-packages/airflow/example_dags/example_sla_dag.py
[2025-05-14T00:20:32.138+0000] {processor.py:840} INFO - DAG(s) 'example_sla_dag' retrieved from /home/airflow/.local/lib/python3.8/site-packages/airflow/example_dags/example_sla_dag.py
[2025-05-14T00:20:32.166+0000] {logging_mixin.py:188} INFO - [2025-05-14T00:20:32.166+0000] {dag.py:3036} INFO - Sync 1 DAGs
[2025-05-14T00:20:32.206+0000] {logging_mixin.py:188} INFO - [2025-05-14T00:20:32.205+0000] {dag.py:3823} INFO - Setting next_dagrun for example_sla_dag to 2025-05-14 00:18:00+00:00, run_after=2025-05-14 00:20:00+00:00
[2025-05-14T00:20:32.307+0000] {processor.py:183} INFO - Processing /home/airflow/.local/lib/python3.8/site-packages/airflow/example_dags/example_sla_dag.py took 0.225 seconds
[2025-05-14T00:21:02.414+0000] {processor.py:161} INFO - Started process (PID=1451) to work on /home/airflow/.local/lib/python3.8/site-packages/airflow/example_dags/example_sla_dag.py
[2025-05-14T00:21:02.417+0000] {processor.py:830} INFO - Processing file /home/airflow/.local/lib/python3.8/site-packages/airflow/example_dags/example_sla_dag.py for tasks to queue
[2025-05-14T00:21:02.422+0000] {logging_mixin.py:188} INFO - [2025-05-14T00:21:02.421+0000] {dagbag.py:538} INFO - Filling up the DagBag from /home/airflow/.local/lib/python3.8/site-packages/airflow/example_dags/example_sla_dag.py
[2025-05-14T00:21:02.432+0000] {processor.py:840} INFO - DAG(s) 'example_sla_dag' retrieved from /home/airflow/.local/lib/python3.8/site-packages/airflow/example_dags/example_sla_dag.py
[2025-05-14T00:21:02.475+0000] {logging_mixin.py:188} INFO - [2025-05-14T00:21:02.475+0000] {dag.py:3036} INFO - Sync 1 DAGs
[2025-05-14T00:21:02.511+0000] {logging_mixin.py:188} INFO - [2025-05-14T00:21:02.511+0000] {dag.py:3823} INFO - Setting next_dagrun for example_sla_dag to 2025-05-14 00:18:00+00:00, run_after=2025-05-14 00:20:00+00:00
[2025-05-14T00:21:02.550+0000] {processor.py:183} INFO - Processing /home/airflow/.local/lib/python3.8/site-packages/airflow/example_dags/example_sla_dag.py took 0.140 seconds
[2025-05-14T00:21:32.682+0000] {processor.py:161} INFO - Started process (PID=1507) to work on /home/airflow/.local/lib/python3.8/site-packages/airflow/example_dags/example_sla_dag.py
[2025-05-14T00:21:32.684+0000] {processor.py:830} INFO - Processing file /home/airflow/.local/lib/python3.8/site-packages/airflow/example_dags/example_sla_dag.py for tasks to queue
[2025-05-14T00:21:32.688+0000] {logging_mixin.py:188} INFO - [2025-05-14T00:21:32.687+0000] {dagbag.py:538} INFO - Filling up the DagBag from /home/airflow/.local/lib/python3.8/site-packages/airflow/example_dags/example_sla_dag.py
[2025-05-14T00:21:32.701+0000] {processor.py:840} INFO - DAG(s) 'example_sla_dag' retrieved from /home/airflow/.local/lib/python3.8/site-packages/airflow/example_dags/example_sla_dag.py
[2025-05-14T00:21:32.726+0000] {logging_mixin.py:188} INFO - [2025-05-14T00:21:32.726+0000] {dag.py:3036} INFO - Sync 1 DAGs
[2025-05-14T00:21:32.752+0000] {logging_mixin.py:188} INFO - [2025-05-14T00:21:32.751+0000] {dag.py:3823} INFO - Setting next_dagrun for example_sla_dag to 2025-05-14 00:18:00+00:00, run_after=2025-05-14 00:20:00+00:00
[2025-05-14T00:21:32.774+0000] {processor.py:183} INFO - Processing /home/airflow/.local/lib/python3.8/site-packages/airflow/example_dags/example_sla_dag.py took 0.095 seconds
[2025-05-14T00:22:03.533+0000] {processor.py:161} INFO - Started process (PID=1563) to work on /home/airflow/.local/lib/python3.8/site-packages/airflow/example_dags/example_sla_dag.py
[2025-05-14T00:22:03.534+0000] {processor.py:830} INFO - Processing file /home/airflow/.local/lib/python3.8/site-packages/airflow/example_dags/example_sla_dag.py for tasks to queue
[2025-05-14T00:22:03.540+0000] {logging_mixin.py:188} INFO - [2025-05-14T00:22:03.540+0000] {dagbag.py:538} INFO - Filling up the DagBag from /home/airflow/.local/lib/python3.8/site-packages/airflow/example_dags/example_sla_dag.py
[2025-05-14T00:22:03.549+0000] {processor.py:840} INFO - DAG(s) 'example_sla_dag' retrieved from /home/airflow/.local/lib/python3.8/site-packages/airflow/example_dags/example_sla_dag.py
[2025-05-14T00:22:03.574+0000] {logging_mixin.py:188} INFO - [2025-05-14T00:22:03.574+0000] {dag.py:3036} INFO - Sync 1 DAGs
[2025-05-14T00:22:03.606+0000] {logging_mixin.py:188} INFO - [2025-05-14T00:22:03.606+0000] {dag.py:3823} INFO - Setting next_dagrun for example_sla_dag to 2025-05-14 00:20:00+00:00, run_after=2025-05-14 00:22:00+00:00
[2025-05-14T00:22:03.637+0000] {processor.py:183} INFO - Processing /home/airflow/.local/lib/python3.8/site-packages/airflow/example_dags/example_sla_dag.py took 0.107 seconds
[2025-05-14T00:22:34.577+0000] {processor.py:161} INFO - Started process (PID=1618) to work on /home/airflow/.local/lib/python3.8/site-packages/airflow/example_dags/example_sla_dag.py
[2025-05-14T00:22:34.578+0000] {processor.py:830} INFO - Processing file /home/airflow/.local/lib/python3.8/site-packages/airflow/example_dags/example_sla_dag.py for tasks to queue
[2025-05-14T00:22:34.580+0000] {logging_mixin.py:188} INFO - [2025-05-14T00:22:34.580+0000] {dagbag.py:538} INFO - Filling up the DagBag from /home/airflow/.local/lib/python3.8/site-packages/airflow/example_dags/example_sla_dag.py
[2025-05-14T00:22:34.589+0000] {processor.py:840} INFO - DAG(s) 'example_sla_dag' retrieved from /home/airflow/.local/lib/python3.8/site-packages/airflow/example_dags/example_sla_dag.py
[2025-05-14T00:22:34.611+0000] {logging_mixin.py:188} INFO - [2025-05-14T00:22:34.611+0000] {dag.py:3036} INFO - Sync 1 DAGs
[2025-05-14T00:22:34.640+0000] {logging_mixin.py:188} INFO - [2025-05-14T00:22:34.640+0000] {dag.py:3823} INFO - Setting next_dagrun for example_sla_dag to 2025-05-14 00:20:00+00:00, run_after=2025-05-14 00:22:00+00:00
[2025-05-14T00:22:34.709+0000] {processor.py:183} INFO - Processing /home/airflow/.local/lib/python3.8/site-packages/airflow/example_dags/example_sla_dag.py took 0.135 seconds
[2025-05-14T00:23:05.163+0000] {processor.py:161} INFO - Started process (PID=1674) to work on /home/airflow/.local/lib/python3.8/site-packages/airflow/example_dags/example_sla_dag.py
[2025-05-14T00:23:05.174+0000] {processor.py:830} INFO - Processing file /home/airflow/.local/lib/python3.8/site-packages/airflow/example_dags/example_sla_dag.py for tasks to queue
[2025-05-14T00:23:05.189+0000] {logging_mixin.py:188} INFO - [2025-05-14T00:23:05.184+0000] {dagbag.py:538} INFO - Filling up the DagBag from /home/airflow/.local/lib/python3.8/site-packages/airflow/example_dags/example_sla_dag.py
[2025-05-14T00:23:05.209+0000] {processor.py:840} INFO - DAG(s) 'example_sla_dag' retrieved from /home/airflow/.local/lib/python3.8/site-packages/airflow/example_dags/example_sla_dag.py
[2025-05-14T00:23:05.258+0000] {logging_mixin.py:188} INFO - [2025-05-14T00:23:05.257+0000] {dag.py:3036} INFO - Sync 1 DAGs
[2025-05-14T00:23:05.343+0000] {logging_mixin.py:188} INFO - [2025-05-14T00:23:05.343+0000] {dag.py:3823} INFO - Setting next_dagrun for example_sla_dag to 2025-05-14 00:20:00+00:00, run_after=2025-05-14 00:22:00+00:00
[2025-05-14T00:23:05.393+0000] {processor.py:183} INFO - Processing /home/airflow/.local/lib/python3.8/site-packages/airflow/example_dags/example_sla_dag.py took 0.235 seconds
[2025-05-14T00:23:36.221+0000] {processor.py:161} INFO - Started process (PID=1730) to work on /home/airflow/.local/lib/python3.8/site-packages/airflow/example_dags/example_sla_dag.py
[2025-05-14T00:23:36.223+0000] {processor.py:830} INFO - Processing file /home/airflow/.local/lib/python3.8/site-packages/airflow/example_dags/example_sla_dag.py for tasks to queue
[2025-05-14T00:23:36.225+0000] {logging_mixin.py:188} INFO - [2025-05-14T00:23:36.225+0000] {dagbag.py:538} INFO - Filling up the DagBag from /home/airflow/.local/lib/python3.8/site-packages/airflow/example_dags/example_sla_dag.py
[2025-05-14T00:23:36.239+0000] {processor.py:840} INFO - DAG(s) 'example_sla_dag' retrieved from /home/airflow/.local/lib/python3.8/site-packages/airflow/example_dags/example_sla_dag.py
[2025-05-14T00:23:36.271+0000] {logging_mixin.py:188} INFO - [2025-05-14T00:23:36.270+0000] {dag.py:3036} INFO - Sync 1 DAGs
[2025-05-14T00:23:36.314+0000] {logging_mixin.py:188} INFO - [2025-05-14T00:23:36.313+0000] {dag.py:3823} INFO - Setting next_dagrun for example_sla_dag to 2025-05-14 00:20:00+00:00, run_after=2025-05-14 00:22:00+00:00
[2025-05-14T00:23:36.352+0000] {processor.py:183} INFO - Processing /home/airflow/.local/lib/python3.8/site-packages/airflow/example_dags/example_sla_dag.py took 0.134 seconds
