[2025-05-14T00:08:43.261+0000] {processor.py:161} INFO - Started process (PID=102) to work on /home/airflow/.local/lib/python3.8/site-packages/airflow/example_dags/example_branch_datetime_operator.py
[2025-05-14T00:08:43.263+0000] {processor.py:830} INFO - Processing file /home/airflow/.local/lib/python3.8/site-packages/airflow/example_dags/example_branch_datetime_operator.py for tasks to queue
[2025-05-14T00:08:43.266+0000] {logging_mixin.py:188} INFO - [2025-05-14T00:08:43.265+0000] {dagbag.py:538} INFO - Filling up the DagBag from /home/airflow/.local/lib/python3.8/site-packages/airflow/example_dags/example_branch_datetime_operator.py
[2025-05-14T00:08:43.280+0000] {processor.py:840} INFO - DAG(s) 'example_branch_datetime_operator', 'example_branch_datetime_operator_3', 'example_branch_datetime_operator_2' retrieved from /home/airflow/.local/lib/python3.8/site-packages/airflow/example_dags/example_branch_datetime_operator.py
[2025-05-14T00:08:43.562+0000] {logging_mixin.py:188} INFO - [2025-05-14T00:08:43.562+0000] {dag.py:3036} INFO - Sync 3 DAGs
[2025-05-14T00:08:43.606+0000] {logging_mixin.py:188} INFO - [2025-05-14T00:08:43.606+0000] {dag.py:3823} INFO - Setting next_dagrun for example_branch_datetime_operator to 2025-05-13 00:00:00+00:00, run_after=2025-05-14 00:00:00+00:00
[2025-05-14T00:08:43.628+0000] {logging_mixin.py:188} INFO - [2025-05-14T00:08:43.628+0000] {dag.py:3823} INFO - Setting next_dagrun for example_branch_datetime_operator_2 to 2025-05-13 00:00:00+00:00, run_after=2025-05-14 00:00:00+00:00
[2025-05-14T00:08:43.636+0000] {logging_mixin.py:188} INFO - [2025-05-14T00:08:43.632+0000] {dag.py:3823} INFO - Setting next_dagrun for example_branch_datetime_operator_3 to 2025-05-13 00:00:00+00:00, run_after=2025-05-14 00:00:00+00:00
[2025-05-14T00:08:43.674+0000] {processor.py:183} INFO - Processing /home/airflow/.local/lib/python3.8/site-packages/airflow/example_dags/example_branch_datetime_operator.py took 0.418 seconds
[2025-05-14T00:09:13.817+0000] {processor.py:161} INFO - Started process (PID=158) to work on /home/airflow/.local/lib/python3.8/site-packages/airflow/example_dags/example_branch_datetime_operator.py
[2025-05-14T00:09:13.819+0000] {processor.py:830} INFO - Processing file /home/airflow/.local/lib/python3.8/site-packages/airflow/example_dags/example_branch_datetime_operator.py for tasks to queue
[2025-05-14T00:09:13.821+0000] {logging_mixin.py:188} INFO - [2025-05-14T00:09:13.821+0000] {dagbag.py:538} INFO - Filling up the DagBag from /home/airflow/.local/lib/python3.8/site-packages/airflow/example_dags/example_branch_datetime_operator.py
[2025-05-14T00:09:13.833+0000] {processor.py:840} INFO - DAG(s) 'example_branch_datetime_operator', 'example_branch_datetime_operator_3', 'example_branch_datetime_operator_2' retrieved from /home/airflow/.local/lib/python3.8/site-packages/airflow/example_dags/example_branch_datetime_operator.py
[2025-05-14T00:09:13.875+0000] {logging_mixin.py:188} INFO - [2025-05-14T00:09:13.875+0000] {dag.py:3036} INFO - Sync 3 DAGs
[2025-05-14T00:09:13.908+0000] {logging_mixin.py:188} INFO - [2025-05-14T00:09:13.908+0000] {dag.py:3823} INFO - Setting next_dagrun for example_branch_datetime_operator to 2025-05-13 00:00:00+00:00, run_after=2025-05-14 00:00:00+00:00
[2025-05-14T00:09:13.916+0000] {logging_mixin.py:188} INFO - [2025-05-14T00:09:13.915+0000] {dag.py:3823} INFO - Setting next_dagrun for example_branch_datetime_operator_2 to 2025-05-13 00:00:00+00:00, run_after=2025-05-14 00:00:00+00:00
[2025-05-14T00:09:13.919+0000] {logging_mixin.py:188} INFO - [2025-05-14T00:09:13.919+0000] {dag.py:3823} INFO - Setting next_dagrun for example_branch_datetime_operator_3 to 2025-05-13 00:00:00+00:00, run_after=2025-05-14 00:00:00+00:00
[2025-05-14T00:09:13.943+0000] {processor.py:183} INFO - Processing /home/airflow/.local/lib/python3.8/site-packages/airflow/example_dags/example_branch_datetime_operator.py took 0.130 seconds
[2025-05-14T00:09:44.623+0000] {processor.py:161} INFO - Started process (PID=214) to work on /home/airflow/.local/lib/python3.8/site-packages/airflow/example_dags/example_branch_datetime_operator.py
[2025-05-14T00:09:44.625+0000] {processor.py:830} INFO - Processing file /home/airflow/.local/lib/python3.8/site-packages/airflow/example_dags/example_branch_datetime_operator.py for tasks to queue
[2025-05-14T00:09:44.629+0000] {logging_mixin.py:188} INFO - [2025-05-14T00:09:44.629+0000] {dagbag.py:538} INFO - Filling up the DagBag from /home/airflow/.local/lib/python3.8/site-packages/airflow/example_dags/example_branch_datetime_operator.py
[2025-05-14T00:09:44.643+0000] {processor.py:840} INFO - DAG(s) 'example_branch_datetime_operator', 'example_branch_datetime_operator_3', 'example_branch_datetime_operator_2' retrieved from /home/airflow/.local/lib/python3.8/site-packages/airflow/example_dags/example_branch_datetime_operator.py
[2025-05-14T00:09:44.683+0000] {logging_mixin.py:188} INFO - [2025-05-14T00:09:44.683+0000] {dag.py:3036} INFO - Sync 3 DAGs
[2025-05-14T00:09:44.713+0000] {logging_mixin.py:188} INFO - [2025-05-14T00:09:44.712+0000] {dag.py:3823} INFO - Setting next_dagrun for example_branch_datetime_operator to 2025-05-13 00:00:00+00:00, run_after=2025-05-14 00:00:00+00:00
[2025-05-14T00:09:44.720+0000] {logging_mixin.py:188} INFO - [2025-05-14T00:09:44.719+0000] {dag.py:3823} INFO - Setting next_dagrun for example_branch_datetime_operator_2 to 2025-05-13 00:00:00+00:00, run_after=2025-05-14 00:00:00+00:00
[2025-05-14T00:09:44.725+0000] {logging_mixin.py:188} INFO - [2025-05-14T00:09:44.725+0000] {dag.py:3823} INFO - Setting next_dagrun for example_branch_datetime_operator_3 to 2025-05-13 00:00:00+00:00, run_after=2025-05-14 00:00:00+00:00
[2025-05-14T00:09:44.749+0000] {processor.py:183} INFO - Processing /home/airflow/.local/lib/python3.8/site-packages/airflow/example_dags/example_branch_datetime_operator.py took 0.130 seconds
[2025-05-14T00:10:15.714+0000] {processor.py:161} INFO - Started process (PID=270) to work on /home/airflow/.local/lib/python3.8/site-packages/airflow/example_dags/example_branch_datetime_operator.py
[2025-05-14T00:10:15.715+0000] {processor.py:830} INFO - Processing file /home/airflow/.local/lib/python3.8/site-packages/airflow/example_dags/example_branch_datetime_operator.py for tasks to queue
[2025-05-14T00:10:15.718+0000] {logging_mixin.py:188} INFO - [2025-05-14T00:10:15.717+0000] {dagbag.py:538} INFO - Filling up the DagBag from /home/airflow/.local/lib/python3.8/site-packages/airflow/example_dags/example_branch_datetime_operator.py
[2025-05-14T00:10:15.732+0000] {processor.py:840} INFO - DAG(s) 'example_branch_datetime_operator_2', 'example_branch_datetime_operator', 'example_branch_datetime_operator_3' retrieved from /home/airflow/.local/lib/python3.8/site-packages/airflow/example_dags/example_branch_datetime_operator.py
[2025-05-14T00:10:15.768+0000] {logging_mixin.py:188} INFO - [2025-05-14T00:10:15.768+0000] {dag.py:3036} INFO - Sync 3 DAGs
[2025-05-14T00:10:15.801+0000] {logging_mixin.py:188} INFO - [2025-05-14T00:10:15.800+0000] {dag.py:3823} INFO - Setting next_dagrun for example_branch_datetime_operator to 2025-05-13 00:00:00+00:00, run_after=2025-05-14 00:00:00+00:00
[2025-05-14T00:10:15.807+0000] {logging_mixin.py:188} INFO - [2025-05-14T00:10:15.807+0000] {dag.py:3823} INFO - Setting next_dagrun for example_branch_datetime_operator_2 to 2025-05-13 00:00:00+00:00, run_after=2025-05-14 00:00:00+00:00
[2025-05-14T00:10:15.811+0000] {logging_mixin.py:188} INFO - [2025-05-14T00:10:15.810+0000] {dag.py:3823} INFO - Setting next_dagrun for example_branch_datetime_operator_3 to 2025-05-13 00:00:00+00:00, run_after=2025-05-14 00:00:00+00:00
[2025-05-14T00:10:15.840+0000] {processor.py:183} INFO - Processing /home/airflow/.local/lib/python3.8/site-packages/airflow/example_dags/example_branch_datetime_operator.py took 0.128 seconds
[2025-05-14T00:10:46.429+0000] {processor.py:161} INFO - Started process (PID=326) to work on /home/airflow/.local/lib/python3.8/site-packages/airflow/example_dags/example_branch_datetime_operator.py
[2025-05-14T00:10:46.430+0000] {processor.py:830} INFO - Processing file /home/airflow/.local/lib/python3.8/site-packages/airflow/example_dags/example_branch_datetime_operator.py for tasks to queue
[2025-05-14T00:10:46.432+0000] {logging_mixin.py:188} INFO - [2025-05-14T00:10:46.431+0000] {dagbag.py:538} INFO - Filling up the DagBag from /home/airflow/.local/lib/python3.8/site-packages/airflow/example_dags/example_branch_datetime_operator.py
[2025-05-14T00:10:46.449+0000] {processor.py:840} INFO - DAG(s) 'example_branch_datetime_operator_3', 'example_branch_datetime_operator_2', 'example_branch_datetime_operator' retrieved from /home/airflow/.local/lib/python3.8/site-packages/airflow/example_dags/example_branch_datetime_operator.py
[2025-05-14T00:10:46.492+0000] {logging_mixin.py:188} INFO - [2025-05-14T00:10:46.491+0000] {dag.py:3036} INFO - Sync 3 DAGs
[2025-05-14T00:10:46.522+0000] {logging_mixin.py:188} INFO - [2025-05-14T00:10:46.521+0000] {dag.py:3823} INFO - Setting next_dagrun for example_branch_datetime_operator to 2025-05-13 00:00:00+00:00, run_after=2025-05-14 00:00:00+00:00
[2025-05-14T00:10:46.528+0000] {logging_mixin.py:188} INFO - [2025-05-14T00:10:46.528+0000] {dag.py:3823} INFO - Setting next_dagrun for example_branch_datetime_operator_2 to 2025-05-13 00:00:00+00:00, run_after=2025-05-14 00:00:00+00:00
[2025-05-14T00:10:46.532+0000] {logging_mixin.py:188} INFO - [2025-05-14T00:10:46.532+0000] {dag.py:3823} INFO - Setting next_dagrun for example_branch_datetime_operator_3 to 2025-05-13 00:00:00+00:00, run_after=2025-05-14 00:00:00+00:00
[2025-05-14T00:10:46.553+0000] {processor.py:183} INFO - Processing /home/airflow/.local/lib/python3.8/site-packages/airflow/example_dags/example_branch_datetime_operator.py took 0.128 seconds
[2025-05-14T00:11:17.243+0000] {processor.py:161} INFO - Started process (PID=382) to work on /home/airflow/.local/lib/python3.8/site-packages/airflow/example_dags/example_branch_datetime_operator.py
[2025-05-14T00:11:17.245+0000] {processor.py:830} INFO - Processing file /home/airflow/.local/lib/python3.8/site-packages/airflow/example_dags/example_branch_datetime_operator.py for tasks to queue
[2025-05-14T00:11:17.247+0000] {logging_mixin.py:188} INFO - [2025-05-14T00:11:17.247+0000] {dagbag.py:538} INFO - Filling up the DagBag from /home/airflow/.local/lib/python3.8/site-packages/airflow/example_dags/example_branch_datetime_operator.py
[2025-05-14T00:11:17.259+0000] {processor.py:840} INFO - DAG(s) 'example_branch_datetime_operator_2', 'example_branch_datetime_operator', 'example_branch_datetime_operator_3' retrieved from /home/airflow/.local/lib/python3.8/site-packages/airflow/example_dags/example_branch_datetime_operator.py
[2025-05-14T00:11:17.296+0000] {logging_mixin.py:188} INFO - [2025-05-14T00:11:17.295+0000] {dag.py:3036} INFO - Sync 3 DAGs
[2025-05-14T00:11:17.325+0000] {logging_mixin.py:188} INFO - [2025-05-14T00:11:17.325+0000] {dag.py:3823} INFO - Setting next_dagrun for example_branch_datetime_operator to 2025-05-13 00:00:00+00:00, run_after=2025-05-14 00:00:00+00:00
[2025-05-14T00:11:17.333+0000] {logging_mixin.py:188} INFO - [2025-05-14T00:11:17.332+0000] {dag.py:3823} INFO - Setting next_dagrun for example_branch_datetime_operator_2 to 2025-05-13 00:00:00+00:00, run_after=2025-05-14 00:00:00+00:00
[2025-05-14T00:11:17.337+0000] {logging_mixin.py:188} INFO - [2025-05-14T00:11:17.336+0000] {dag.py:3823} INFO - Setting next_dagrun for example_branch_datetime_operator_3 to 2025-05-13 00:00:00+00:00, run_after=2025-05-14 00:00:00+00:00
[2025-05-14T00:11:17.366+0000] {processor.py:183} INFO - Processing /home/airflow/.local/lib/python3.8/site-packages/airflow/example_dags/example_branch_datetime_operator.py took 0.125 seconds
[2025-05-14T00:11:48.299+0000] {processor.py:161} INFO - Started process (PID=438) to work on /home/airflow/.local/lib/python3.8/site-packages/airflow/example_dags/example_branch_datetime_operator.py
[2025-05-14T00:11:48.303+0000] {processor.py:830} INFO - Processing file /home/airflow/.local/lib/python3.8/site-packages/airflow/example_dags/example_branch_datetime_operator.py for tasks to queue
[2025-05-14T00:11:48.306+0000] {logging_mixin.py:188} INFO - [2025-05-14T00:11:48.306+0000] {dagbag.py:538} INFO - Filling up the DagBag from /home/airflow/.local/lib/python3.8/site-packages/airflow/example_dags/example_branch_datetime_operator.py
[2025-05-14T00:11:48.319+0000] {processor.py:840} INFO - DAG(s) 'example_branch_datetime_operator_3', 'example_branch_datetime_operator', 'example_branch_datetime_operator_2' retrieved from /home/airflow/.local/lib/python3.8/site-packages/airflow/example_dags/example_branch_datetime_operator.py
[2025-05-14T00:11:48.351+0000] {logging_mixin.py:188} INFO - [2025-05-14T00:11:48.351+0000] {dag.py:3036} INFO - Sync 3 DAGs
[2025-05-14T00:11:48.380+0000] {logging_mixin.py:188} INFO - [2025-05-14T00:11:48.380+0000] {dag.py:3823} INFO - Setting next_dagrun for example_branch_datetime_operator to 2025-05-13 00:00:00+00:00, run_after=2025-05-14 00:00:00+00:00
[2025-05-14T00:11:48.387+0000] {logging_mixin.py:188} INFO - [2025-05-14T00:11:48.387+0000] {dag.py:3823} INFO - Setting next_dagrun for example_branch_datetime_operator_2 to 2025-05-13 00:00:00+00:00, run_after=2025-05-14 00:00:00+00:00
[2025-05-14T00:11:48.391+0000] {logging_mixin.py:188} INFO - [2025-05-14T00:11:48.391+0000] {dag.py:3823} INFO - Setting next_dagrun for example_branch_datetime_operator_3 to 2025-05-13 00:00:00+00:00, run_after=2025-05-14 00:00:00+00:00
[2025-05-14T00:11:48.415+0000] {processor.py:183} INFO - Processing /home/airflow/.local/lib/python3.8/site-packages/airflow/example_dags/example_branch_datetime_operator.py took 0.119 seconds
[2025-05-14T00:12:18.525+0000] {processor.py:161} INFO - Started process (PID=494) to work on /home/airflow/.local/lib/python3.8/site-packages/airflow/example_dags/example_branch_datetime_operator.py
[2025-05-14T00:12:18.526+0000] {processor.py:830} INFO - Processing file /home/airflow/.local/lib/python3.8/site-packages/airflow/example_dags/example_branch_datetime_operator.py for tasks to queue
[2025-05-14T00:12:18.528+0000] {logging_mixin.py:188} INFO - [2025-05-14T00:12:18.528+0000] {dagbag.py:538} INFO - Filling up the DagBag from /home/airflow/.local/lib/python3.8/site-packages/airflow/example_dags/example_branch_datetime_operator.py
[2025-05-14T00:12:18.541+0000] {processor.py:840} INFO - DAG(s) 'example_branch_datetime_operator_3', 'example_branch_datetime_operator', 'example_branch_datetime_operator_2' retrieved from /home/airflow/.local/lib/python3.8/site-packages/airflow/example_dags/example_branch_datetime_operator.py
[2025-05-14T00:12:18.584+0000] {logging_mixin.py:188} INFO - [2025-05-14T00:12:18.584+0000] {dag.py:3036} INFO - Sync 3 DAGs
[2025-05-14T00:12:18.625+0000] {logging_mixin.py:188} INFO - [2025-05-14T00:12:18.624+0000] {dag.py:3823} INFO - Setting next_dagrun for example_branch_datetime_operator to 2025-05-13 00:00:00+00:00, run_after=2025-05-14 00:00:00+00:00
[2025-05-14T00:12:18.637+0000] {logging_mixin.py:188} INFO - [2025-05-14T00:12:18.636+0000] {dag.py:3823} INFO - Setting next_dagrun for example_branch_datetime_operator_2 to 2025-05-13 00:00:00+00:00, run_after=2025-05-14 00:00:00+00:00
[2025-05-14T00:12:18.642+0000] {logging_mixin.py:188} INFO - [2025-05-14T00:12:18.642+0000] {dag.py:3823} INFO - Setting next_dagrun for example_branch_datetime_operator_3 to 2025-05-13 00:00:00+00:00, run_after=2025-05-14 00:00:00+00:00
[2025-05-14T00:12:18.668+0000] {processor.py:183} INFO - Processing /home/airflow/.local/lib/python3.8/site-packages/airflow/example_dags/example_branch_datetime_operator.py took 0.146 seconds
[2025-05-14T00:12:49.591+0000] {processor.py:161} INFO - Started process (PID=550) to work on /home/airflow/.local/lib/python3.8/site-packages/airflow/example_dags/example_branch_datetime_operator.py
[2025-05-14T00:12:49.592+0000] {processor.py:830} INFO - Processing file /home/airflow/.local/lib/python3.8/site-packages/airflow/example_dags/example_branch_datetime_operator.py for tasks to queue
[2025-05-14T00:12:49.595+0000] {logging_mixin.py:188} INFO - [2025-05-14T00:12:49.594+0000] {dagbag.py:538} INFO - Filling up the DagBag from /home/airflow/.local/lib/python3.8/site-packages/airflow/example_dags/example_branch_datetime_operator.py
[2025-05-14T00:12:49.608+0000] {processor.py:840} INFO - DAG(s) 'example_branch_datetime_operator', 'example_branch_datetime_operator_3', 'example_branch_datetime_operator_2' retrieved from /home/airflow/.local/lib/python3.8/site-packages/airflow/example_dags/example_branch_datetime_operator.py
[2025-05-14T00:12:49.647+0000] {logging_mixin.py:188} INFO - [2025-05-14T00:12:49.647+0000] {dag.py:3036} INFO - Sync 3 DAGs
[2025-05-14T00:12:49.680+0000] {logging_mixin.py:188} INFO - [2025-05-14T00:12:49.680+0000] {dag.py:3823} INFO - Setting next_dagrun for example_branch_datetime_operator to 2025-05-13 00:00:00+00:00, run_after=2025-05-14 00:00:00+00:00
[2025-05-14T00:12:49.690+0000] {logging_mixin.py:188} INFO - [2025-05-14T00:12:49.690+0000] {dag.py:3823} INFO - Setting next_dagrun for example_branch_datetime_operator_2 to 2025-05-13 00:00:00+00:00, run_after=2025-05-14 00:00:00+00:00
[2025-05-14T00:12:49.694+0000] {logging_mixin.py:188} INFO - [2025-05-14T00:12:49.694+0000] {dag.py:3823} INFO - Setting next_dagrun for example_branch_datetime_operator_3 to 2025-05-13 00:00:00+00:00, run_after=2025-05-14 00:00:00+00:00
[2025-05-14T00:12:49.723+0000] {processor.py:183} INFO - Processing /home/airflow/.local/lib/python3.8/site-packages/airflow/example_dags/example_branch_datetime_operator.py took 0.135 seconds
[2025-05-14T00:13:20.148+0000] {processor.py:161} INFO - Started process (PID=606) to work on /home/airflow/.local/lib/python3.8/site-packages/airflow/example_dags/example_branch_datetime_operator.py
[2025-05-14T00:13:20.150+0000] {processor.py:830} INFO - Processing file /home/airflow/.local/lib/python3.8/site-packages/airflow/example_dags/example_branch_datetime_operator.py for tasks to queue
[2025-05-14T00:13:20.157+0000] {logging_mixin.py:188} INFO - [2025-05-14T00:13:20.156+0000] {dagbag.py:538} INFO - Filling up the DagBag from /home/airflow/.local/lib/python3.8/site-packages/airflow/example_dags/example_branch_datetime_operator.py
[2025-05-14T00:13:20.174+0000] {processor.py:840} INFO - DAG(s) 'example_branch_datetime_operator_2', 'example_branch_datetime_operator', 'example_branch_datetime_operator_3' retrieved from /home/airflow/.local/lib/python3.8/site-packages/airflow/example_dags/example_branch_datetime_operator.py
[2025-05-14T00:13:20.232+0000] {logging_mixin.py:188} INFO - [2025-05-14T00:13:20.232+0000] {dag.py:3036} INFO - Sync 3 DAGs
[2025-05-14T00:13:20.270+0000] {logging_mixin.py:188} INFO - [2025-05-14T00:13:20.263+0000] {dag.py:3823} INFO - Setting next_dagrun for example_branch_datetime_operator to 2025-05-13 00:00:00+00:00, run_after=2025-05-14 00:00:00+00:00
[2025-05-14T00:13:20.280+0000] {logging_mixin.py:188} INFO - [2025-05-14T00:13:20.279+0000] {dag.py:3823} INFO - Setting next_dagrun for example_branch_datetime_operator_2 to 2025-05-13 00:00:00+00:00, run_after=2025-05-14 00:00:00+00:00
[2025-05-14T00:13:20.284+0000] {logging_mixin.py:188} INFO - [2025-05-14T00:13:20.283+0000] {dag.py:3823} INFO - Setting next_dagrun for example_branch_datetime_operator_3 to 2025-05-13 00:00:00+00:00, run_after=2025-05-14 00:00:00+00:00
[2025-05-14T00:13:20.309+0000] {processor.py:183} INFO - Processing /home/airflow/.local/lib/python3.8/site-packages/airflow/example_dags/example_branch_datetime_operator.py took 0.165 seconds
[2025-05-14T00:13:50.448+0000] {processor.py:161} INFO - Started process (PID=660) to work on /home/airflow/.local/lib/python3.8/site-packages/airflow/example_dags/example_branch_datetime_operator.py
[2025-05-14T00:13:50.450+0000] {processor.py:830} INFO - Processing file /home/airflow/.local/lib/python3.8/site-packages/airflow/example_dags/example_branch_datetime_operator.py for tasks to queue
[2025-05-14T00:13:50.454+0000] {logging_mixin.py:188} INFO - [2025-05-14T00:13:50.453+0000] {dagbag.py:538} INFO - Filling up the DagBag from /home/airflow/.local/lib/python3.8/site-packages/airflow/example_dags/example_branch_datetime_operator.py
[2025-05-14T00:13:50.476+0000] {processor.py:840} INFO - DAG(s) 'example_branch_datetime_operator', 'example_branch_datetime_operator_2', 'example_branch_datetime_operator_3' retrieved from /home/airflow/.local/lib/python3.8/site-packages/airflow/example_dags/example_branch_datetime_operator.py
[2025-05-14T00:13:50.541+0000] {logging_mixin.py:188} INFO - [2025-05-14T00:13:50.541+0000] {dag.py:3036} INFO - Sync 3 DAGs
[2025-05-14T00:13:50.581+0000] {logging_mixin.py:188} INFO - [2025-05-14T00:13:50.580+0000] {dag.py:3823} INFO - Setting next_dagrun for example_branch_datetime_operator to 2025-05-13 00:00:00+00:00, run_after=2025-05-14 00:00:00+00:00
[2025-05-14T00:13:50.595+0000] {logging_mixin.py:188} INFO - [2025-05-14T00:13:50.595+0000] {dag.py:3823} INFO - Setting next_dagrun for example_branch_datetime_operator_2 to 2025-05-13 00:00:00+00:00, run_after=2025-05-14 00:00:00+00:00
[2025-05-14T00:13:50.600+0000] {logging_mixin.py:188} INFO - [2025-05-14T00:13:50.599+0000] {dag.py:3823} INFO - Setting next_dagrun for example_branch_datetime_operator_3 to 2025-05-13 00:00:00+00:00, run_after=2025-05-14 00:00:00+00:00
[2025-05-14T00:13:50.630+0000] {processor.py:183} INFO - Processing /home/airflow/.local/lib/python3.8/site-packages/airflow/example_dags/example_branch_datetime_operator.py took 0.187 seconds
[2025-05-14T00:14:21.177+0000] {processor.py:161} INFO - Started process (PID=716) to work on /home/airflow/.local/lib/python3.8/site-packages/airflow/example_dags/example_branch_datetime_operator.py
[2025-05-14T00:14:21.178+0000] {processor.py:830} INFO - Processing file /home/airflow/.local/lib/python3.8/site-packages/airflow/example_dags/example_branch_datetime_operator.py for tasks to queue
[2025-05-14T00:14:21.182+0000] {logging_mixin.py:188} INFO - [2025-05-14T00:14:21.181+0000] {dagbag.py:538} INFO - Filling up the DagBag from /home/airflow/.local/lib/python3.8/site-packages/airflow/example_dags/example_branch_datetime_operator.py
[2025-05-14T00:14:21.203+0000] {processor.py:840} INFO - DAG(s) 'example_branch_datetime_operator', 'example_branch_datetime_operator_3', 'example_branch_datetime_operator_2' retrieved from /home/airflow/.local/lib/python3.8/site-packages/airflow/example_dags/example_branch_datetime_operator.py
[2025-05-14T00:14:21.241+0000] {logging_mixin.py:188} INFO - [2025-05-14T00:14:21.240+0000] {dag.py:3036} INFO - Sync 3 DAGs
[2025-05-14T00:14:21.273+0000] {logging_mixin.py:188} INFO - [2025-05-14T00:14:21.273+0000] {dag.py:3823} INFO - Setting next_dagrun for example_branch_datetime_operator to 2025-05-13 00:00:00+00:00, run_after=2025-05-14 00:00:00+00:00
[2025-05-14T00:14:21.280+0000] {logging_mixin.py:188} INFO - [2025-05-14T00:14:21.280+0000] {dag.py:3823} INFO - Setting next_dagrun for example_branch_datetime_operator_2 to 2025-05-13 00:00:00+00:00, run_after=2025-05-14 00:00:00+00:00
[2025-05-14T00:14:21.286+0000] {logging_mixin.py:188} INFO - [2025-05-14T00:14:21.285+0000] {dag.py:3823} INFO - Setting next_dagrun for example_branch_datetime_operator_3 to 2025-05-13 00:00:00+00:00, run_after=2025-05-14 00:00:00+00:00
[2025-05-14T00:14:21.313+0000] {processor.py:183} INFO - Processing /home/airflow/.local/lib/python3.8/site-packages/airflow/example_dags/example_branch_datetime_operator.py took 0.139 seconds
[2025-05-14T00:14:51.714+0000] {processor.py:161} INFO - Started process (PID=772) to work on /home/airflow/.local/lib/python3.8/site-packages/airflow/example_dags/example_branch_datetime_operator.py
[2025-05-14T00:14:51.715+0000] {processor.py:830} INFO - Processing file /home/airflow/.local/lib/python3.8/site-packages/airflow/example_dags/example_branch_datetime_operator.py for tasks to queue
[2025-05-14T00:14:51.717+0000] {logging_mixin.py:188} INFO - [2025-05-14T00:14:51.717+0000] {dagbag.py:538} INFO - Filling up the DagBag from /home/airflow/.local/lib/python3.8/site-packages/airflow/example_dags/example_branch_datetime_operator.py
[2025-05-14T00:14:51.730+0000] {processor.py:840} INFO - DAG(s) 'example_branch_datetime_operator', 'example_branch_datetime_operator_2', 'example_branch_datetime_operator_3' retrieved from /home/airflow/.local/lib/python3.8/site-packages/airflow/example_dags/example_branch_datetime_operator.py
[2025-05-14T00:14:51.763+0000] {logging_mixin.py:188} INFO - [2025-05-14T00:14:51.763+0000] {dag.py:3036} INFO - Sync 3 DAGs
[2025-05-14T00:14:51.791+0000] {logging_mixin.py:188} INFO - [2025-05-14T00:14:51.790+0000] {dag.py:3823} INFO - Setting next_dagrun for example_branch_datetime_operator to 2025-05-13 00:00:00+00:00, run_after=2025-05-14 00:00:00+00:00
[2025-05-14T00:14:51.796+0000] {logging_mixin.py:188} INFO - [2025-05-14T00:14:51.796+0000] {dag.py:3823} INFO - Setting next_dagrun for example_branch_datetime_operator_2 to 2025-05-13 00:00:00+00:00, run_after=2025-05-14 00:00:00+00:00
[2025-05-14T00:14:51.800+0000] {logging_mixin.py:188} INFO - [2025-05-14T00:14:51.800+0000] {dag.py:3823} INFO - Setting next_dagrun for example_branch_datetime_operator_3 to 2025-05-13 00:00:00+00:00, run_after=2025-05-14 00:00:00+00:00
[2025-05-14T00:14:51.820+0000] {processor.py:183} INFO - Processing /home/airflow/.local/lib/python3.8/site-packages/airflow/example_dags/example_branch_datetime_operator.py took 0.110 seconds
[2025-05-14T00:15:21.946+0000] {processor.py:161} INFO - Started process (PID=828) to work on /home/airflow/.local/lib/python3.8/site-packages/airflow/example_dags/example_branch_datetime_operator.py
[2025-05-14T00:15:21.947+0000] {processor.py:830} INFO - Processing file /home/airflow/.local/lib/python3.8/site-packages/airflow/example_dags/example_branch_datetime_operator.py for tasks to queue
[2025-05-14T00:15:21.950+0000] {logging_mixin.py:188} INFO - [2025-05-14T00:15:21.950+0000] {dagbag.py:538} INFO - Filling up the DagBag from /home/airflow/.local/lib/python3.8/site-packages/airflow/example_dags/example_branch_datetime_operator.py
[2025-05-14T00:15:21.963+0000] {processor.py:840} INFO - DAG(s) 'example_branch_datetime_operator', 'example_branch_datetime_operator_2', 'example_branch_datetime_operator_3' retrieved from /home/airflow/.local/lib/python3.8/site-packages/airflow/example_dags/example_branch_datetime_operator.py
[2025-05-14T00:15:22.004+0000] {logging_mixin.py:188} INFO - [2025-05-14T00:15:22.003+0000] {dag.py:3036} INFO - Sync 3 DAGs
[2025-05-14T00:15:22.045+0000] {logging_mixin.py:188} INFO - [2025-05-14T00:15:22.045+0000] {dag.py:3823} INFO - Setting next_dagrun for example_branch_datetime_operator to 2025-05-13 00:00:00+00:00, run_after=2025-05-14 00:00:00+00:00
[2025-05-14T00:15:22.053+0000] {logging_mixin.py:188} INFO - [2025-05-14T00:15:22.053+0000] {dag.py:3823} INFO - Setting next_dagrun for example_branch_datetime_operator_2 to 2025-05-13 00:00:00+00:00, run_after=2025-05-14 00:00:00+00:00
[2025-05-14T00:15:22.059+0000] {logging_mixin.py:188} INFO - [2025-05-14T00:15:22.058+0000] {dag.py:3823} INFO - Setting next_dagrun for example_branch_datetime_operator_3 to 2025-05-13 00:00:00+00:00, run_after=2025-05-14 00:00:00+00:00
[2025-05-14T00:15:22.128+0000] {processor.py:183} INFO - Processing /home/airflow/.local/lib/python3.8/site-packages/airflow/example_dags/example_branch_datetime_operator.py took 0.186 seconds
[2025-05-14T00:15:52.657+0000] {processor.py:161} INFO - Started process (PID=883) to work on /home/airflow/.local/lib/python3.8/site-packages/airflow/example_dags/example_branch_datetime_operator.py
[2025-05-14T00:15:52.658+0000] {processor.py:830} INFO - Processing file /home/airflow/.local/lib/python3.8/site-packages/airflow/example_dags/example_branch_datetime_operator.py for tasks to queue
[2025-05-14T00:15:52.660+0000] {logging_mixin.py:188} INFO - [2025-05-14T00:15:52.660+0000] {dagbag.py:538} INFO - Filling up the DagBag from /home/airflow/.local/lib/python3.8/site-packages/airflow/example_dags/example_branch_datetime_operator.py
[2025-05-14T00:15:52.670+0000] {processor.py:840} INFO - DAG(s) 'example_branch_datetime_operator_3', 'example_branch_datetime_operator_2', 'example_branch_datetime_operator' retrieved from /home/airflow/.local/lib/python3.8/site-packages/airflow/example_dags/example_branch_datetime_operator.py
[2025-05-14T00:15:52.707+0000] {logging_mixin.py:188} INFO - [2025-05-14T00:15:52.706+0000] {dag.py:3036} INFO - Sync 3 DAGs
[2025-05-14T00:15:52.731+0000] {logging_mixin.py:188} INFO - [2025-05-14T00:15:52.730+0000] {dag.py:3823} INFO - Setting next_dagrun for example_branch_datetime_operator to 2025-05-13 00:00:00+00:00, run_after=2025-05-14 00:00:00+00:00
[2025-05-14T00:15:52.737+0000] {logging_mixin.py:188} INFO - [2025-05-14T00:15:52.737+0000] {dag.py:3823} INFO - Setting next_dagrun for example_branch_datetime_operator_2 to 2025-05-13 00:00:00+00:00, run_after=2025-05-14 00:00:00+00:00
[2025-05-14T00:15:52.741+0000] {logging_mixin.py:188} INFO - [2025-05-14T00:15:52.740+0000] {dag.py:3823} INFO - Setting next_dagrun for example_branch_datetime_operator_3 to 2025-05-13 00:00:00+00:00, run_after=2025-05-14 00:00:00+00:00
[2025-05-14T00:15:52.765+0000] {processor.py:183} INFO - Processing /home/airflow/.local/lib/python3.8/site-packages/airflow/example_dags/example_branch_datetime_operator.py took 0.110 seconds
[2025-05-14T00:16:23.674+0000] {processor.py:161} INFO - Started process (PID=939) to work on /home/airflow/.local/lib/python3.8/site-packages/airflow/example_dags/example_branch_datetime_operator.py
[2025-05-14T00:16:23.676+0000] {processor.py:830} INFO - Processing file /home/airflow/.local/lib/python3.8/site-packages/airflow/example_dags/example_branch_datetime_operator.py for tasks to queue
[2025-05-14T00:16:23.679+0000] {logging_mixin.py:188} INFO - [2025-05-14T00:16:23.679+0000] {dagbag.py:538} INFO - Filling up the DagBag from /home/airflow/.local/lib/python3.8/site-packages/airflow/example_dags/example_branch_datetime_operator.py
[2025-05-14T00:16:23.692+0000] {processor.py:840} INFO - DAG(s) 'example_branch_datetime_operator', 'example_branch_datetime_operator_2', 'example_branch_datetime_operator_3' retrieved from /home/airflow/.local/lib/python3.8/site-packages/airflow/example_dags/example_branch_datetime_operator.py
[2025-05-14T00:16:23.730+0000] {logging_mixin.py:188} INFO - [2025-05-14T00:16:23.730+0000] {dag.py:3036} INFO - Sync 3 DAGs
[2025-05-14T00:16:23.759+0000] {logging_mixin.py:188} INFO - [2025-05-14T00:16:23.759+0000] {dag.py:3823} INFO - Setting next_dagrun for example_branch_datetime_operator to 2025-05-13 00:00:00+00:00, run_after=2025-05-14 00:00:00+00:00
[2025-05-14T00:16:23.766+0000] {logging_mixin.py:188} INFO - [2025-05-14T00:16:23.765+0000] {dag.py:3823} INFO - Setting next_dagrun for example_branch_datetime_operator_2 to 2025-05-13 00:00:00+00:00, run_after=2025-05-14 00:00:00+00:00
[2025-05-14T00:16:23.770+0000] {logging_mixin.py:188} INFO - [2025-05-14T00:16:23.770+0000] {dag.py:3823} INFO - Setting next_dagrun for example_branch_datetime_operator_3 to 2025-05-13 00:00:00+00:00, run_after=2025-05-14 00:00:00+00:00
[2025-05-14T00:16:23.805+0000] {processor.py:183} INFO - Processing /home/airflow/.local/lib/python3.8/site-packages/airflow/example_dags/example_branch_datetime_operator.py took 0.134 seconds
[2025-05-14T00:16:54.607+0000] {processor.py:161} INFO - Started process (PID=995) to work on /home/airflow/.local/lib/python3.8/site-packages/airflow/example_dags/example_branch_datetime_operator.py
[2025-05-14T00:16:54.608+0000] {processor.py:830} INFO - Processing file /home/airflow/.local/lib/python3.8/site-packages/airflow/example_dags/example_branch_datetime_operator.py for tasks to queue
[2025-05-14T00:16:54.611+0000] {logging_mixin.py:188} INFO - [2025-05-14T00:16:54.610+0000] {dagbag.py:538} INFO - Filling up the DagBag from /home/airflow/.local/lib/python3.8/site-packages/airflow/example_dags/example_branch_datetime_operator.py
[2025-05-14T00:16:54.627+0000] {processor.py:840} INFO - DAG(s) 'example_branch_datetime_operator', 'example_branch_datetime_operator_3', 'example_branch_datetime_operator_2' retrieved from /home/airflow/.local/lib/python3.8/site-packages/airflow/example_dags/example_branch_datetime_operator.py
[2025-05-14T00:16:54.692+0000] {logging_mixin.py:188} INFO - [2025-05-14T00:16:54.691+0000] {dag.py:3036} INFO - Sync 3 DAGs
[2025-05-14T00:16:54.737+0000] {logging_mixin.py:188} INFO - [2025-05-14T00:16:54.737+0000] {dag.py:3823} INFO - Setting next_dagrun for example_branch_datetime_operator to 2025-05-13 00:00:00+00:00, run_after=2025-05-14 00:00:00+00:00
[2025-05-14T00:16:54.753+0000] {logging_mixin.py:188} INFO - [2025-05-14T00:16:54.753+0000] {dag.py:3823} INFO - Setting next_dagrun for example_branch_datetime_operator_2 to 2025-05-13 00:00:00+00:00, run_after=2025-05-14 00:00:00+00:00
[2025-05-14T00:16:54.758+0000] {logging_mixin.py:188} INFO - [2025-05-14T00:16:54.757+0000] {dag.py:3823} INFO - Setting next_dagrun for example_branch_datetime_operator_3 to 2025-05-13 00:00:00+00:00, run_after=2025-05-14 00:00:00+00:00
[2025-05-14T00:16:54.790+0000] {processor.py:183} INFO - Processing /home/airflow/.local/lib/python3.8/site-packages/airflow/example_dags/example_branch_datetime_operator.py took 0.186 seconds
[2025-05-14T00:17:25.447+0000] {processor.py:161} INFO - Started process (PID=1052) to work on /home/airflow/.local/lib/python3.8/site-packages/airflow/example_dags/example_branch_datetime_operator.py
[2025-05-14T00:17:25.449+0000] {processor.py:830} INFO - Processing file /home/airflow/.local/lib/python3.8/site-packages/airflow/example_dags/example_branch_datetime_operator.py for tasks to queue
[2025-05-14T00:17:25.452+0000] {logging_mixin.py:188} INFO - [2025-05-14T00:17:25.451+0000] {dagbag.py:538} INFO - Filling up the DagBag from /home/airflow/.local/lib/python3.8/site-packages/airflow/example_dags/example_branch_datetime_operator.py
[2025-05-14T00:17:25.467+0000] {processor.py:840} INFO - DAG(s) 'example_branch_datetime_operator', 'example_branch_datetime_operator_2', 'example_branch_datetime_operator_3' retrieved from /home/airflow/.local/lib/python3.8/site-packages/airflow/example_dags/example_branch_datetime_operator.py
[2025-05-14T00:17:25.505+0000] {logging_mixin.py:188} INFO - [2025-05-14T00:17:25.505+0000] {dag.py:3036} INFO - Sync 3 DAGs
[2025-05-14T00:17:25.531+0000] {logging_mixin.py:188} INFO - [2025-05-14T00:17:25.531+0000] {dag.py:3823} INFO - Setting next_dagrun for example_branch_datetime_operator to 2025-05-13 00:00:00+00:00, run_after=2025-05-14 00:00:00+00:00
[2025-05-14T00:17:25.538+0000] {logging_mixin.py:188} INFO - [2025-05-14T00:17:25.537+0000] {dag.py:3823} INFO - Setting next_dagrun for example_branch_datetime_operator_2 to 2025-05-13 00:00:00+00:00, run_after=2025-05-14 00:00:00+00:00
[2025-05-14T00:17:25.541+0000] {logging_mixin.py:188} INFO - [2025-05-14T00:17:25.541+0000] {dag.py:3823} INFO - Setting next_dagrun for example_branch_datetime_operator_3 to 2025-05-13 00:00:00+00:00, run_after=2025-05-14 00:00:00+00:00
[2025-05-14T00:17:25.563+0000] {processor.py:183} INFO - Processing /home/airflow/.local/lib/python3.8/site-packages/airflow/example_dags/example_branch_datetime_operator.py took 0.120 seconds
[2025-05-14T00:17:55.600+0000] {processor.py:161} INFO - Started process (PID=1108) to work on /home/airflow/.local/lib/python3.8/site-packages/airflow/example_dags/example_branch_datetime_operator.py
[2025-05-14T00:17:55.601+0000] {processor.py:830} INFO - Processing file /home/airflow/.local/lib/python3.8/site-packages/airflow/example_dags/example_branch_datetime_operator.py for tasks to queue
[2025-05-14T00:17:55.604+0000] {logging_mixin.py:188} INFO - [2025-05-14T00:17:55.604+0000] {dagbag.py:538} INFO - Filling up the DagBag from /home/airflow/.local/lib/python3.8/site-packages/airflow/example_dags/example_branch_datetime_operator.py
[2025-05-14T00:17:55.615+0000] {processor.py:840} INFO - DAG(s) 'example_branch_datetime_operator', 'example_branch_datetime_operator_2', 'example_branch_datetime_operator_3' retrieved from /home/airflow/.local/lib/python3.8/site-packages/airflow/example_dags/example_branch_datetime_operator.py
[2025-05-14T00:17:55.648+0000] {logging_mixin.py:188} INFO - [2025-05-14T00:17:55.648+0000] {dag.py:3036} INFO - Sync 3 DAGs
[2025-05-14T00:17:55.679+0000] {logging_mixin.py:188} INFO - [2025-05-14T00:17:55.679+0000] {dag.py:3823} INFO - Setting next_dagrun for example_branch_datetime_operator to 2025-05-13 00:00:00+00:00, run_after=2025-05-14 00:00:00+00:00
[2025-05-14T00:17:55.686+0000] {logging_mixin.py:188} INFO - [2025-05-14T00:17:55.685+0000] {dag.py:3823} INFO - Setting next_dagrun for example_branch_datetime_operator_2 to 2025-05-13 00:00:00+00:00, run_after=2025-05-14 00:00:00+00:00
[2025-05-14T00:17:55.691+0000] {logging_mixin.py:188} INFO - [2025-05-14T00:17:55.691+0000] {dag.py:3823} INFO - Setting next_dagrun for example_branch_datetime_operator_3 to 2025-05-13 00:00:00+00:00, run_after=2025-05-14 00:00:00+00:00
[2025-05-14T00:17:55.719+0000] {processor.py:183} INFO - Processing /home/airflow/.local/lib/python3.8/site-packages/airflow/example_dags/example_branch_datetime_operator.py took 0.123 seconds
[2025-05-14T00:18:26.192+0000] {processor.py:161} INFO - Started process (PID=1165) to work on /home/airflow/.local/lib/python3.8/site-packages/airflow/example_dags/example_branch_datetime_operator.py
[2025-05-14T00:18:26.193+0000] {processor.py:830} INFO - Processing file /home/airflow/.local/lib/python3.8/site-packages/airflow/example_dags/example_branch_datetime_operator.py for tasks to queue
[2025-05-14T00:18:26.195+0000] {logging_mixin.py:188} INFO - [2025-05-14T00:18:26.195+0000] {dagbag.py:538} INFO - Filling up the DagBag from /home/airflow/.local/lib/python3.8/site-packages/airflow/example_dags/example_branch_datetime_operator.py
[2025-05-14T00:18:26.206+0000] {processor.py:840} INFO - DAG(s) 'example_branch_datetime_operator_2', 'example_branch_datetime_operator', 'example_branch_datetime_operator_3' retrieved from /home/airflow/.local/lib/python3.8/site-packages/airflow/example_dags/example_branch_datetime_operator.py
[2025-05-14T00:18:26.240+0000] {logging_mixin.py:188} INFO - [2025-05-14T00:18:26.240+0000] {dag.py:3036} INFO - Sync 3 DAGs
[2025-05-14T00:18:26.268+0000] {logging_mixin.py:188} INFO - [2025-05-14T00:18:26.267+0000] {dag.py:3823} INFO - Setting next_dagrun for example_branch_datetime_operator to 2025-05-13 00:00:00+00:00, run_after=2025-05-14 00:00:00+00:00
[2025-05-14T00:18:26.274+0000] {logging_mixin.py:188} INFO - [2025-05-14T00:18:26.274+0000] {dag.py:3823} INFO - Setting next_dagrun for example_branch_datetime_operator_2 to 2025-05-13 00:00:00+00:00, run_after=2025-05-14 00:00:00+00:00
[2025-05-14T00:18:26.278+0000] {logging_mixin.py:188} INFO - [2025-05-14T00:18:26.277+0000] {dag.py:3823} INFO - Setting next_dagrun for example_branch_datetime_operator_3 to 2025-05-13 00:00:00+00:00, run_after=2025-05-14 00:00:00+00:00
[2025-05-14T00:18:26.296+0000] {processor.py:183} INFO - Processing /home/airflow/.local/lib/python3.8/site-packages/airflow/example_dags/example_branch_datetime_operator.py took 0.107 seconds
[2025-05-14T00:18:57.369+0000] {processor.py:161} INFO - Started process (PID=1221) to work on /home/airflow/.local/lib/python3.8/site-packages/airflow/example_dags/example_branch_datetime_operator.py
[2025-05-14T00:18:57.371+0000] {processor.py:830} INFO - Processing file /home/airflow/.local/lib/python3.8/site-packages/airflow/example_dags/example_branch_datetime_operator.py for tasks to queue
[2025-05-14T00:18:57.373+0000] {logging_mixin.py:188} INFO - [2025-05-14T00:18:57.372+0000] {dagbag.py:538} INFO - Filling up the DagBag from /home/airflow/.local/lib/python3.8/site-packages/airflow/example_dags/example_branch_datetime_operator.py
[2025-05-14T00:18:57.382+0000] {processor.py:840} INFO - DAG(s) 'example_branch_datetime_operator_2', 'example_branch_datetime_operator', 'example_branch_datetime_operator_3' retrieved from /home/airflow/.local/lib/python3.8/site-packages/airflow/example_dags/example_branch_datetime_operator.py
[2025-05-14T00:18:57.413+0000] {logging_mixin.py:188} INFO - [2025-05-14T00:18:57.413+0000] {dag.py:3036} INFO - Sync 3 DAGs
[2025-05-14T00:18:57.445+0000] {logging_mixin.py:188} INFO - [2025-05-14T00:18:57.445+0000] {dag.py:3823} INFO - Setting next_dagrun for example_branch_datetime_operator to 2025-05-13 00:00:00+00:00, run_after=2025-05-14 00:00:00+00:00
[2025-05-14T00:18:57.452+0000] {logging_mixin.py:188} INFO - [2025-05-14T00:18:57.450+0000] {dag.py:3823} INFO - Setting next_dagrun for example_branch_datetime_operator_2 to 2025-05-13 00:00:00+00:00, run_after=2025-05-14 00:00:00+00:00
[2025-05-14T00:18:57.456+0000] {logging_mixin.py:188} INFO - [2025-05-14T00:18:57.456+0000] {dag.py:3823} INFO - Setting next_dagrun for example_branch_datetime_operator_3 to 2025-05-13 00:00:00+00:00, run_after=2025-05-14 00:00:00+00:00
[2025-05-14T00:18:57.478+0000] {processor.py:183} INFO - Processing /home/airflow/.local/lib/python3.8/site-packages/airflow/example_dags/example_branch_datetime_operator.py took 0.112 seconds
[2025-05-14T00:19:28.163+0000] {processor.py:161} INFO - Started process (PID=1277) to work on /home/airflow/.local/lib/python3.8/site-packages/airflow/example_dags/example_branch_datetime_operator.py
[2025-05-14T00:19:28.165+0000] {processor.py:830} INFO - Processing file /home/airflow/.local/lib/python3.8/site-packages/airflow/example_dags/example_branch_datetime_operator.py for tasks to queue
[2025-05-14T00:19:28.168+0000] {logging_mixin.py:188} INFO - [2025-05-14T00:19:28.167+0000] {dagbag.py:538} INFO - Filling up the DagBag from /home/airflow/.local/lib/python3.8/site-packages/airflow/example_dags/example_branch_datetime_operator.py
[2025-05-14T00:19:28.182+0000] {processor.py:840} INFO - DAG(s) 'example_branch_datetime_operator_2', 'example_branch_datetime_operator_3', 'example_branch_datetime_operator' retrieved from /home/airflow/.local/lib/python3.8/site-packages/airflow/example_dags/example_branch_datetime_operator.py
[2025-05-14T00:19:28.230+0000] {logging_mixin.py:188} INFO - [2025-05-14T00:19:28.230+0000] {dag.py:3036} INFO - Sync 3 DAGs
[2025-05-14T00:19:28.273+0000] {logging_mixin.py:188} INFO - [2025-05-14T00:19:28.272+0000] {dag.py:3823} INFO - Setting next_dagrun for example_branch_datetime_operator to 2025-05-13 00:00:00+00:00, run_after=2025-05-14 00:00:00+00:00
[2025-05-14T00:19:28.283+0000] {logging_mixin.py:188} INFO - [2025-05-14T00:19:28.283+0000] {dag.py:3823} INFO - Setting next_dagrun for example_branch_datetime_operator_2 to 2025-05-13 00:00:00+00:00, run_after=2025-05-14 00:00:00+00:00
[2025-05-14T00:19:28.293+0000] {logging_mixin.py:188} INFO - [2025-05-14T00:19:28.292+0000] {dag.py:3823} INFO - Setting next_dagrun for example_branch_datetime_operator_3 to 2025-05-13 00:00:00+00:00, run_after=2025-05-14 00:00:00+00:00
[2025-05-14T00:19:28.326+0000] {processor.py:183} INFO - Processing /home/airflow/.local/lib/python3.8/site-packages/airflow/example_dags/example_branch_datetime_operator.py took 0.167 seconds
[2025-05-14T00:19:58.641+0000] {processor.py:161} INFO - Started process (PID=1333) to work on /home/airflow/.local/lib/python3.8/site-packages/airflow/example_dags/example_branch_datetime_operator.py
[2025-05-14T00:19:58.642+0000] {processor.py:830} INFO - Processing file /home/airflow/.local/lib/python3.8/site-packages/airflow/example_dags/example_branch_datetime_operator.py for tasks to queue
[2025-05-14T00:19:58.644+0000] {logging_mixin.py:188} INFO - [2025-05-14T00:19:58.644+0000] {dagbag.py:538} INFO - Filling up the DagBag from /home/airflow/.local/lib/python3.8/site-packages/airflow/example_dags/example_branch_datetime_operator.py
[2025-05-14T00:19:58.656+0000] {processor.py:840} INFO - DAG(s) 'example_branch_datetime_operator_3', 'example_branch_datetime_operator', 'example_branch_datetime_operator_2' retrieved from /home/airflow/.local/lib/python3.8/site-packages/airflow/example_dags/example_branch_datetime_operator.py
[2025-05-14T00:19:58.692+0000] {logging_mixin.py:188} INFO - [2025-05-14T00:19:58.691+0000] {dag.py:3036} INFO - Sync 3 DAGs
[2025-05-14T00:19:58.726+0000] {logging_mixin.py:188} INFO - [2025-05-14T00:19:58.726+0000] {dag.py:3823} INFO - Setting next_dagrun for example_branch_datetime_operator to 2025-05-13 00:00:00+00:00, run_after=2025-05-14 00:00:00+00:00
[2025-05-14T00:19:58.745+0000] {logging_mixin.py:188} INFO - [2025-05-14T00:19:58.744+0000] {dag.py:3823} INFO - Setting next_dagrun for example_branch_datetime_operator_2 to 2025-05-13 00:00:00+00:00, run_after=2025-05-14 00:00:00+00:00
[2025-05-14T00:19:58.751+0000] {logging_mixin.py:188} INFO - [2025-05-14T00:19:58.750+0000] {dag.py:3823} INFO - Setting next_dagrun for example_branch_datetime_operator_3 to 2025-05-13 00:00:00+00:00, run_after=2025-05-14 00:00:00+00:00
[2025-05-14T00:19:58.804+0000] {processor.py:183} INFO - Processing /home/airflow/.local/lib/python3.8/site-packages/airflow/example_dags/example_branch_datetime_operator.py took 0.166 seconds
[2025-05-14T00:20:29.701+0000] {processor.py:161} INFO - Started process (PID=1389) to work on /home/airflow/.local/lib/python3.8/site-packages/airflow/example_dags/example_branch_datetime_operator.py
[2025-05-14T00:20:29.703+0000] {processor.py:830} INFO - Processing file /home/airflow/.local/lib/python3.8/site-packages/airflow/example_dags/example_branch_datetime_operator.py for tasks to queue
[2025-05-14T00:20:29.706+0000] {logging_mixin.py:188} INFO - [2025-05-14T00:20:29.705+0000] {dagbag.py:538} INFO - Filling up the DagBag from /home/airflow/.local/lib/python3.8/site-packages/airflow/example_dags/example_branch_datetime_operator.py
[2025-05-14T00:20:29.718+0000] {processor.py:840} INFO - DAG(s) 'example_branch_datetime_operator', 'example_branch_datetime_operator_2', 'example_branch_datetime_operator_3' retrieved from /home/airflow/.local/lib/python3.8/site-packages/airflow/example_dags/example_branch_datetime_operator.py
[2025-05-14T00:20:29.758+0000] {logging_mixin.py:188} INFO - [2025-05-14T00:20:29.758+0000] {dag.py:3036} INFO - Sync 3 DAGs
[2025-05-14T00:20:29.791+0000] {logging_mixin.py:188} INFO - [2025-05-14T00:20:29.790+0000] {dag.py:3823} INFO - Setting next_dagrun for example_branch_datetime_operator to 2025-05-13 00:00:00+00:00, run_after=2025-05-14 00:00:00+00:00
[2025-05-14T00:20:29.799+0000] {logging_mixin.py:188} INFO - [2025-05-14T00:20:29.798+0000] {dag.py:3823} INFO - Setting next_dagrun for example_branch_datetime_operator_2 to 2025-05-13 00:00:00+00:00, run_after=2025-05-14 00:00:00+00:00
[2025-05-14T00:20:29.803+0000] {logging_mixin.py:188} INFO - [2025-05-14T00:20:29.803+0000] {dag.py:3823} INFO - Setting next_dagrun for example_branch_datetime_operator_3 to 2025-05-13 00:00:00+00:00, run_after=2025-05-14 00:00:00+00:00
[2025-05-14T00:20:29.831+0000] {processor.py:183} INFO - Processing /home/airflow/.local/lib/python3.8/site-packages/airflow/example_dags/example_branch_datetime_operator.py took 0.133 seconds
[2025-05-14T00:21:00.119+0000] {processor.py:161} INFO - Started process (PID=1445) to work on /home/airflow/.local/lib/python3.8/site-packages/airflow/example_dags/example_branch_datetime_operator.py
[2025-05-14T00:21:00.121+0000] {processor.py:830} INFO - Processing file /home/airflow/.local/lib/python3.8/site-packages/airflow/example_dags/example_branch_datetime_operator.py for tasks to queue
[2025-05-14T00:21:00.122+0000] {logging_mixin.py:188} INFO - [2025-05-14T00:21:00.122+0000] {dagbag.py:538} INFO - Filling up the DagBag from /home/airflow/.local/lib/python3.8/site-packages/airflow/example_dags/example_branch_datetime_operator.py
[2025-05-14T00:21:00.132+0000] {processor.py:840} INFO - DAG(s) 'example_branch_datetime_operator_3', 'example_branch_datetime_operator', 'example_branch_datetime_operator_2' retrieved from /home/airflow/.local/lib/python3.8/site-packages/airflow/example_dags/example_branch_datetime_operator.py
[2025-05-14T00:21:00.162+0000] {logging_mixin.py:188} INFO - [2025-05-14T00:21:00.162+0000] {dag.py:3036} INFO - Sync 3 DAGs
[2025-05-14T00:21:00.190+0000] {logging_mixin.py:188} INFO - [2025-05-14T00:21:00.190+0000] {dag.py:3823} INFO - Setting next_dagrun for example_branch_datetime_operator to 2025-05-13 00:00:00+00:00, run_after=2025-05-14 00:00:00+00:00
[2025-05-14T00:21:00.196+0000] {logging_mixin.py:188} INFO - [2025-05-14T00:21:00.195+0000] {dag.py:3823} INFO - Setting next_dagrun for example_branch_datetime_operator_2 to 2025-05-13 00:00:00+00:00, run_after=2025-05-14 00:00:00+00:00
[2025-05-14T00:21:00.199+0000] {logging_mixin.py:188} INFO - [2025-05-14T00:21:00.199+0000] {dag.py:3823} INFO - Setting next_dagrun for example_branch_datetime_operator_3 to 2025-05-13 00:00:00+00:00, run_after=2025-05-14 00:00:00+00:00
[2025-05-14T00:21:00.222+0000] {processor.py:183} INFO - Processing /home/airflow/.local/lib/python3.8/site-packages/airflow/example_dags/example_branch_datetime_operator.py took 0.106 seconds
[2025-05-14T00:21:30.945+0000] {processor.py:161} INFO - Started process (PID=1501) to work on /home/airflow/.local/lib/python3.8/site-packages/airflow/example_dags/example_branch_datetime_operator.py
[2025-05-14T00:21:30.947+0000] {processor.py:830} INFO - Processing file /home/airflow/.local/lib/python3.8/site-packages/airflow/example_dags/example_branch_datetime_operator.py for tasks to queue
[2025-05-14T00:21:30.953+0000] {logging_mixin.py:188} INFO - [2025-05-14T00:21:30.952+0000] {dagbag.py:538} INFO - Filling up the DagBag from /home/airflow/.local/lib/python3.8/site-packages/airflow/example_dags/example_branch_datetime_operator.py
[2025-05-14T00:21:30.995+0000] {processor.py:840} INFO - DAG(s) 'example_branch_datetime_operator_2', 'example_branch_datetime_operator', 'example_branch_datetime_operator_3' retrieved from /home/airflow/.local/lib/python3.8/site-packages/airflow/example_dags/example_branch_datetime_operator.py
[2025-05-14T00:21:31.085+0000] {logging_mixin.py:188} INFO - [2025-05-14T00:21:31.084+0000] {dag.py:3036} INFO - Sync 3 DAGs
[2025-05-14T00:21:31.121+0000] {logging_mixin.py:188} INFO - [2025-05-14T00:21:31.121+0000] {dag.py:3823} INFO - Setting next_dagrun for example_branch_datetime_operator to 2025-05-13 00:00:00+00:00, run_after=2025-05-14 00:00:00+00:00
[2025-05-14T00:21:31.131+0000] {logging_mixin.py:188} INFO - [2025-05-14T00:21:31.130+0000] {dag.py:3823} INFO - Setting next_dagrun for example_branch_datetime_operator_2 to 2025-05-13 00:00:00+00:00, run_after=2025-05-14 00:00:00+00:00
[2025-05-14T00:21:31.147+0000] {logging_mixin.py:188} INFO - [2025-05-14T00:21:31.147+0000] {dag.py:3823} INFO - Setting next_dagrun for example_branch_datetime_operator_3 to 2025-05-13 00:00:00+00:00, run_after=2025-05-14 00:00:00+00:00
[2025-05-14T00:21:31.203+0000] {processor.py:183} INFO - Processing /home/airflow/.local/lib/python3.8/site-packages/airflow/example_dags/example_branch_datetime_operator.py took 0.261 seconds
[2025-05-14T00:22:01.827+0000] {processor.py:161} INFO - Started process (PID=1557) to work on /home/airflow/.local/lib/python3.8/site-packages/airflow/example_dags/example_branch_datetime_operator.py
[2025-05-14T00:22:01.832+0000] {processor.py:830} INFO - Processing file /home/airflow/.local/lib/python3.8/site-packages/airflow/example_dags/example_branch_datetime_operator.py for tasks to queue
[2025-05-14T00:22:01.841+0000] {logging_mixin.py:188} INFO - [2025-05-14T00:22:01.841+0000] {dagbag.py:538} INFO - Filling up the DagBag from /home/airflow/.local/lib/python3.8/site-packages/airflow/example_dags/example_branch_datetime_operator.py
[2025-05-14T00:22:01.865+0000] {processor.py:840} INFO - DAG(s) 'example_branch_datetime_operator', 'example_branch_datetime_operator_2', 'example_branch_datetime_operator_3' retrieved from /home/airflow/.local/lib/python3.8/site-packages/airflow/example_dags/example_branch_datetime_operator.py
[2025-05-14T00:22:01.909+0000] {logging_mixin.py:188} INFO - [2025-05-14T00:22:01.909+0000] {dag.py:3036} INFO - Sync 3 DAGs
[2025-05-14T00:22:01.952+0000] {logging_mixin.py:188} INFO - [2025-05-14T00:22:01.952+0000] {dag.py:3823} INFO - Setting next_dagrun for example_branch_datetime_operator to 2025-05-13 00:00:00+00:00, run_after=2025-05-14 00:00:00+00:00
[2025-05-14T00:22:01.958+0000] {logging_mixin.py:188} INFO - [2025-05-14T00:22:01.958+0000] {dag.py:3823} INFO - Setting next_dagrun for example_branch_datetime_operator_2 to 2025-05-13 00:00:00+00:00, run_after=2025-05-14 00:00:00+00:00
[2025-05-14T00:22:01.967+0000] {logging_mixin.py:188} INFO - [2025-05-14T00:22:01.966+0000] {dag.py:3823} INFO - Setting next_dagrun for example_branch_datetime_operator_3 to 2025-05-13 00:00:00+00:00, run_after=2025-05-14 00:00:00+00:00
[2025-05-14T00:22:02.000+0000] {processor.py:183} INFO - Processing /home/airflow/.local/lib/python3.8/site-packages/airflow/example_dags/example_branch_datetime_operator.py took 0.175 seconds
[2025-05-14T00:22:33.013+0000] {processor.py:161} INFO - Started process (PID=1612) to work on /home/airflow/.local/lib/python3.8/site-packages/airflow/example_dags/example_branch_datetime_operator.py
[2025-05-14T00:22:33.015+0000] {processor.py:830} INFO - Processing file /home/airflow/.local/lib/python3.8/site-packages/airflow/example_dags/example_branch_datetime_operator.py for tasks to queue
[2025-05-14T00:22:33.017+0000] {logging_mixin.py:188} INFO - [2025-05-14T00:22:33.016+0000] {dagbag.py:538} INFO - Filling up the DagBag from /home/airflow/.local/lib/python3.8/site-packages/airflow/example_dags/example_branch_datetime_operator.py
[2025-05-14T00:22:33.027+0000] {processor.py:840} INFO - DAG(s) 'example_branch_datetime_operator_3', 'example_branch_datetime_operator', 'example_branch_datetime_operator_2' retrieved from /home/airflow/.local/lib/python3.8/site-packages/airflow/example_dags/example_branch_datetime_operator.py
[2025-05-14T00:22:33.061+0000] {logging_mixin.py:188} INFO - [2025-05-14T00:22:33.061+0000] {dag.py:3036} INFO - Sync 3 DAGs
[2025-05-14T00:22:33.095+0000] {logging_mixin.py:188} INFO - [2025-05-14T00:22:33.095+0000] {dag.py:3823} INFO - Setting next_dagrun for example_branch_datetime_operator to 2025-05-13 00:00:00+00:00, run_after=2025-05-14 00:00:00+00:00
[2025-05-14T00:22:33.101+0000] {logging_mixin.py:188} INFO - [2025-05-14T00:22:33.101+0000] {dag.py:3823} INFO - Setting next_dagrun for example_branch_datetime_operator_2 to 2025-05-13 00:00:00+00:00, run_after=2025-05-14 00:00:00+00:00
[2025-05-14T00:22:33.106+0000] {logging_mixin.py:188} INFO - [2025-05-14T00:22:33.105+0000] {dag.py:3823} INFO - Setting next_dagrun for example_branch_datetime_operator_3 to 2025-05-13 00:00:00+00:00, run_after=2025-05-14 00:00:00+00:00
[2025-05-14T00:22:33.130+0000] {processor.py:183} INFO - Processing /home/airflow/.local/lib/python3.8/site-packages/airflow/example_dags/example_branch_datetime_operator.py took 0.119 seconds
[2025-05-14T00:23:03.658+0000] {processor.py:161} INFO - Started process (PID=1668) to work on /home/airflow/.local/lib/python3.8/site-packages/airflow/example_dags/example_branch_datetime_operator.py
[2025-05-14T00:23:03.660+0000] {processor.py:830} INFO - Processing file /home/airflow/.local/lib/python3.8/site-packages/airflow/example_dags/example_branch_datetime_operator.py for tasks to queue
[2025-05-14T00:23:03.663+0000] {logging_mixin.py:188} INFO - [2025-05-14T00:23:03.663+0000] {dagbag.py:538} INFO - Filling up the DagBag from /home/airflow/.local/lib/python3.8/site-packages/airflow/example_dags/example_branch_datetime_operator.py
[2025-05-14T00:23:03.675+0000] {processor.py:840} INFO - DAG(s) 'example_branch_datetime_operator_3', 'example_branch_datetime_operator', 'example_branch_datetime_operator_2' retrieved from /home/airflow/.local/lib/python3.8/site-packages/airflow/example_dags/example_branch_datetime_operator.py
[2025-05-14T00:23:03.716+0000] {logging_mixin.py:188} INFO - [2025-05-14T00:23:03.715+0000] {dag.py:3036} INFO - Sync 3 DAGs
[2025-05-14T00:23:03.751+0000] {logging_mixin.py:188} INFO - [2025-05-14T00:23:03.750+0000] {dag.py:3823} INFO - Setting next_dagrun for example_branch_datetime_operator to 2025-05-13 00:00:00+00:00, run_after=2025-05-14 00:00:00+00:00
[2025-05-14T00:23:03.759+0000] {logging_mixin.py:188} INFO - [2025-05-14T00:23:03.758+0000] {dag.py:3823} INFO - Setting next_dagrun for example_branch_datetime_operator_2 to 2025-05-13 00:00:00+00:00, run_after=2025-05-14 00:00:00+00:00
[2025-05-14T00:23:03.765+0000] {logging_mixin.py:188} INFO - [2025-05-14T00:23:03.765+0000] {dag.py:3823} INFO - Setting next_dagrun for example_branch_datetime_operator_3 to 2025-05-13 00:00:00+00:00, run_after=2025-05-14 00:00:00+00:00
[2025-05-14T00:23:03.794+0000] {processor.py:183} INFO - Processing /home/airflow/.local/lib/python3.8/site-packages/airflow/example_dags/example_branch_datetime_operator.py took 0.139 seconds
[2025-05-14T00:23:34.563+0000] {processor.py:161} INFO - Started process (PID=1724) to work on /home/airflow/.local/lib/python3.8/site-packages/airflow/example_dags/example_branch_datetime_operator.py
[2025-05-14T00:23:34.565+0000] {processor.py:830} INFO - Processing file /home/airflow/.local/lib/python3.8/site-packages/airflow/example_dags/example_branch_datetime_operator.py for tasks to queue
[2025-05-14T00:23:34.568+0000] {logging_mixin.py:188} INFO - [2025-05-14T00:23:34.568+0000] {dagbag.py:538} INFO - Filling up the DagBag from /home/airflow/.local/lib/python3.8/site-packages/airflow/example_dags/example_branch_datetime_operator.py
[2025-05-14T00:23:34.579+0000] {processor.py:840} INFO - DAG(s) 'example_branch_datetime_operator_2', 'example_branch_datetime_operator_3', 'example_branch_datetime_operator' retrieved from /home/airflow/.local/lib/python3.8/site-packages/airflow/example_dags/example_branch_datetime_operator.py
[2025-05-14T00:23:34.619+0000] {logging_mixin.py:188} INFO - [2025-05-14T00:23:34.619+0000] {dag.py:3036} INFO - Sync 3 DAGs
[2025-05-14T00:23:34.652+0000] {logging_mixin.py:188} INFO - [2025-05-14T00:23:34.651+0000] {dag.py:3823} INFO - Setting next_dagrun for example_branch_datetime_operator to 2025-05-13 00:00:00+00:00, run_after=2025-05-14 00:00:00+00:00
[2025-05-14T00:23:34.660+0000] {logging_mixin.py:188} INFO - [2025-05-14T00:23:34.660+0000] {dag.py:3823} INFO - Setting next_dagrun for example_branch_datetime_operator_2 to 2025-05-13 00:00:00+00:00, run_after=2025-05-14 00:00:00+00:00
[2025-05-14T00:23:34.668+0000] {logging_mixin.py:188} INFO - [2025-05-14T00:23:34.667+0000] {dag.py:3823} INFO - Setting next_dagrun for example_branch_datetime_operator_3 to 2025-05-13 00:00:00+00:00, run_after=2025-05-14 00:00:00+00:00
[2025-05-14T00:23:34.697+0000] {processor.py:183} INFO - Processing /home/airflow/.local/lib/python3.8/site-packages/airflow/example_dags/example_branch_datetime_operator.py took 0.137 seconds
