[2025-05-14T00:08:42.115+0000] {processor.py:161} INFO - Started process (PID=98) to work on /home/airflow/.local/lib/python3.8/site-packages/airflow/example_dags/example_latest_only_with_trigger.py
[2025-05-14T00:08:42.119+0000] {processor.py:830} INFO - Processing file /home/airflow/.local/lib/python3.8/site-packages/airflow/example_dags/example_latest_only_with_trigger.py for tasks to queue
[2025-05-14T00:08:42.123+0000] {logging_mixin.py:188} INFO - [2025-05-14T00:08:42.122+0000] {dagbag.py:538} INFO - Filling up the DagBag from /home/airflow/.local/lib/python3.8/site-packages/airflow/example_dags/example_latest_only_with_trigger.py
[2025-05-14T00:08:42.170+0000] {processor.py:840} INFO - DAG(s) 'latest_only_with_trigger' retrieved from /home/airflow/.local/lib/python3.8/site-packages/airflow/example_dags/example_latest_only_with_trigger.py
[2025-05-14T00:08:42.656+0000] {logging_mixin.py:188} INFO - [2025-05-14T00:08:42.656+0000] {dag.py:3036} INFO - Sync 1 DAGs
[2025-05-14T00:08:42.819+0000] {logging_mixin.py:188} INFO - [2025-05-14T00:08:42.819+0000] {dag.py:3823} INFO - Setting next_dagrun for latest_only_with_trigger to 2025-05-13 20:00:00+00:00, run_after=2025-05-14 00:00:00+00:00
[2025-05-14T00:08:42.897+0000] {processor.py:183} INFO - Processing /home/airflow/.local/lib/python3.8/site-packages/airflow/example_dags/example_latest_only_with_trigger.py took 0.793 seconds
[2025-05-14T00:09:13.482+0000] {processor.py:161} INFO - Started process (PID=148) to work on /home/airflow/.local/lib/python3.8/site-packages/airflow/example_dags/example_latest_only_with_trigger.py
[2025-05-14T00:09:13.485+0000] {processor.py:830} INFO - Processing file /home/airflow/.local/lib/python3.8/site-packages/airflow/example_dags/example_latest_only_with_trigger.py for tasks to queue
[2025-05-14T00:09:13.498+0000] {logging_mixin.py:188} INFO - [2025-05-14T00:09:13.498+0000] {dagbag.py:538} INFO - Filling up the DagBag from /home/airflow/.local/lib/python3.8/site-packages/airflow/example_dags/example_latest_only_with_trigger.py
[2025-05-14T00:09:13.513+0000] {processor.py:840} INFO - DAG(s) 'latest_only_with_trigger' retrieved from /home/airflow/.local/lib/python3.8/site-packages/airflow/example_dags/example_latest_only_with_trigger.py
[2025-05-14T00:09:13.565+0000] {logging_mixin.py:188} INFO - [2025-05-14T00:09:13.564+0000] {dag.py:3036} INFO - Sync 1 DAGs
[2025-05-14T00:09:13.593+0000] {logging_mixin.py:188} INFO - [2025-05-14T00:09:13.593+0000] {dag.py:3823} INFO - Setting next_dagrun for latest_only_with_trigger to 2025-05-13 20:00:00+00:00, run_after=2025-05-14 00:00:00+00:00
[2025-05-14T00:09:13.628+0000] {processor.py:183} INFO - Processing /home/airflow/.local/lib/python3.8/site-packages/airflow/example_dags/example_latest_only_with_trigger.py took 0.149 seconds
[2025-05-14T00:09:44.200+0000] {processor.py:161} INFO - Started process (PID=210) to work on /home/airflow/.local/lib/python3.8/site-packages/airflow/example_dags/example_latest_only_with_trigger.py
[2025-05-14T00:09:44.202+0000] {processor.py:830} INFO - Processing file /home/airflow/.local/lib/python3.8/site-packages/airflow/example_dags/example_latest_only_with_trigger.py for tasks to queue
[2025-05-14T00:09:44.207+0000] {logging_mixin.py:188} INFO - [2025-05-14T00:09:44.204+0000] {dagbag.py:538} INFO - Filling up the DagBag from /home/airflow/.local/lib/python3.8/site-packages/airflow/example_dags/example_latest_only_with_trigger.py
[2025-05-14T00:09:44.216+0000] {processor.py:840} INFO - DAG(s) 'latest_only_with_trigger' retrieved from /home/airflow/.local/lib/python3.8/site-packages/airflow/example_dags/example_latest_only_with_trigger.py
[2025-05-14T00:09:44.263+0000] {logging_mixin.py:188} INFO - [2025-05-14T00:09:44.263+0000] {dag.py:3036} INFO - Sync 1 DAGs
[2025-05-14T00:09:44.340+0000] {logging_mixin.py:188} INFO - [2025-05-14T00:09:44.339+0000] {dag.py:3823} INFO - Setting next_dagrun for latest_only_with_trigger to 2025-05-13 20:00:00+00:00, run_after=2025-05-14 00:00:00+00:00
[2025-05-14T00:09:44.396+0000] {processor.py:183} INFO - Processing /home/airflow/.local/lib/python3.8/site-packages/airflow/example_dags/example_latest_only_with_trigger.py took 0.200 seconds
[2025-05-14T00:10:15.410+0000] {processor.py:161} INFO - Started process (PID=266) to work on /home/airflow/.local/lib/python3.8/site-packages/airflow/example_dags/example_latest_only_with_trigger.py
[2025-05-14T00:10:15.411+0000] {processor.py:830} INFO - Processing file /home/airflow/.local/lib/python3.8/site-packages/airflow/example_dags/example_latest_only_with_trigger.py for tasks to queue
[2025-05-14T00:10:15.413+0000] {logging_mixin.py:188} INFO - [2025-05-14T00:10:15.413+0000] {dagbag.py:538} INFO - Filling up the DagBag from /home/airflow/.local/lib/python3.8/site-packages/airflow/example_dags/example_latest_only_with_trigger.py
[2025-05-14T00:10:15.421+0000] {processor.py:840} INFO - DAG(s) 'latest_only_with_trigger' retrieved from /home/airflow/.local/lib/python3.8/site-packages/airflow/example_dags/example_latest_only_with_trigger.py
[2025-05-14T00:10:15.447+0000] {logging_mixin.py:188} INFO - [2025-05-14T00:10:15.447+0000] {dag.py:3036} INFO - Sync 1 DAGs
[2025-05-14T00:10:15.472+0000] {logging_mixin.py:188} INFO - [2025-05-14T00:10:15.472+0000] {dag.py:3823} INFO - Setting next_dagrun for latest_only_with_trigger to 2025-05-13 20:00:00+00:00, run_after=2025-05-14 00:00:00+00:00
[2025-05-14T00:10:15.496+0000] {processor.py:183} INFO - Processing /home/airflow/.local/lib/python3.8/site-packages/airflow/example_dags/example_latest_only_with_trigger.py took 0.088 seconds
[2025-05-14T00:10:46.136+0000] {processor.py:161} INFO - Started process (PID=322) to work on /home/airflow/.local/lib/python3.8/site-packages/airflow/example_dags/example_latest_only_with_trigger.py
[2025-05-14T00:10:46.138+0000] {processor.py:830} INFO - Processing file /home/airflow/.local/lib/python3.8/site-packages/airflow/example_dags/example_latest_only_with_trigger.py for tasks to queue
[2025-05-14T00:10:46.141+0000] {logging_mixin.py:188} INFO - [2025-05-14T00:10:46.140+0000] {dagbag.py:538} INFO - Filling up the DagBag from /home/airflow/.local/lib/python3.8/site-packages/airflow/example_dags/example_latest_only_with_trigger.py
[2025-05-14T00:10:46.147+0000] {processor.py:840} INFO - DAG(s) 'latest_only_with_trigger' retrieved from /home/airflow/.local/lib/python3.8/site-packages/airflow/example_dags/example_latest_only_with_trigger.py
[2025-05-14T00:10:46.180+0000] {logging_mixin.py:188} INFO - [2025-05-14T00:10:46.179+0000] {dag.py:3036} INFO - Sync 1 DAGs
[2025-05-14T00:10:46.207+0000] {logging_mixin.py:188} INFO - [2025-05-14T00:10:46.207+0000] {dag.py:3823} INFO - Setting next_dagrun for latest_only_with_trigger to 2025-05-13 20:00:00+00:00, run_after=2025-05-14 00:00:00+00:00
[2025-05-14T00:10:46.231+0000] {processor.py:183} INFO - Processing /home/airflow/.local/lib/python3.8/site-packages/airflow/example_dags/example_latest_only_with_trigger.py took 0.098 seconds
[2025-05-14T00:11:16.783+0000] {processor.py:161} INFO - Started process (PID=378) to work on /home/airflow/.local/lib/python3.8/site-packages/airflow/example_dags/example_latest_only_with_trigger.py
[2025-05-14T00:11:16.817+0000] {processor.py:830} INFO - Processing file /home/airflow/.local/lib/python3.8/site-packages/airflow/example_dags/example_latest_only_with_trigger.py for tasks to queue
[2025-05-14T00:11:16.857+0000] {logging_mixin.py:188} INFO - [2025-05-14T00:11:16.857+0000] {dagbag.py:538} INFO - Filling up the DagBag from /home/airflow/.local/lib/python3.8/site-packages/airflow/example_dags/example_latest_only_with_trigger.py
[2025-05-14T00:11:16.892+0000] {processor.py:840} INFO - DAG(s) 'latest_only_with_trigger' retrieved from /home/airflow/.local/lib/python3.8/site-packages/airflow/example_dags/example_latest_only_with_trigger.py
[2025-05-14T00:11:16.942+0000] {logging_mixin.py:188} INFO - [2025-05-14T00:11:16.942+0000] {dag.py:3036} INFO - Sync 1 DAGs
[2025-05-14T00:11:16.991+0000] {logging_mixin.py:188} INFO - [2025-05-14T00:11:16.991+0000] {dag.py:3823} INFO - Setting next_dagrun for latest_only_with_trigger to 2025-05-13 20:00:00+00:00, run_after=2025-05-14 00:00:00+00:00
[2025-05-14T00:11:17.018+0000] {processor.py:183} INFO - Processing /home/airflow/.local/lib/python3.8/site-packages/airflow/example_dags/example_latest_only_with_trigger.py took 0.272 seconds
[2025-05-14T00:11:47.315+0000] {processor.py:161} INFO - Started process (PID=434) to work on /home/airflow/.local/lib/python3.8/site-packages/airflow/example_dags/example_latest_only_with_trigger.py
[2025-05-14T00:11:47.318+0000] {processor.py:830} INFO - Processing file /home/airflow/.local/lib/python3.8/site-packages/airflow/example_dags/example_latest_only_with_trigger.py for tasks to queue
[2025-05-14T00:11:47.320+0000] {logging_mixin.py:188} INFO - [2025-05-14T00:11:47.320+0000] {dagbag.py:538} INFO - Filling up the DagBag from /home/airflow/.local/lib/python3.8/site-packages/airflow/example_dags/example_latest_only_with_trigger.py
[2025-05-14T00:11:47.342+0000] {processor.py:840} INFO - DAG(s) 'latest_only_with_trigger' retrieved from /home/airflow/.local/lib/python3.8/site-packages/airflow/example_dags/example_latest_only_with_trigger.py
[2025-05-14T00:11:47.459+0000] {logging_mixin.py:188} INFO - [2025-05-14T00:11:47.458+0000] {dag.py:3036} INFO - Sync 1 DAGs
[2025-05-14T00:11:47.553+0000] {logging_mixin.py:188} INFO - [2025-05-14T00:11:47.553+0000] {dag.py:3823} INFO - Setting next_dagrun for latest_only_with_trigger to 2025-05-13 20:00:00+00:00, run_after=2025-05-14 00:00:00+00:00
[2025-05-14T00:11:47.680+0000] {processor.py:183} INFO - Processing /home/airflow/.local/lib/python3.8/site-packages/airflow/example_dags/example_latest_only_with_trigger.py took 0.399 seconds
[2025-05-14T00:12:18.006+0000] {processor.py:161} INFO - Started process (PID=490) to work on /home/airflow/.local/lib/python3.8/site-packages/airflow/example_dags/example_latest_only_with_trigger.py
[2025-05-14T00:12:18.007+0000] {processor.py:830} INFO - Processing file /home/airflow/.local/lib/python3.8/site-packages/airflow/example_dags/example_latest_only_with_trigger.py for tasks to queue
[2025-05-14T00:12:18.009+0000] {logging_mixin.py:188} INFO - [2025-05-14T00:12:18.009+0000] {dagbag.py:538} INFO - Filling up the DagBag from /home/airflow/.local/lib/python3.8/site-packages/airflow/example_dags/example_latest_only_with_trigger.py
[2025-05-14T00:12:18.016+0000] {processor.py:840} INFO - DAG(s) 'latest_only_with_trigger' retrieved from /home/airflow/.local/lib/python3.8/site-packages/airflow/example_dags/example_latest_only_with_trigger.py
[2025-05-14T00:12:18.044+0000] {logging_mixin.py:188} INFO - [2025-05-14T00:12:18.043+0000] {dag.py:3036} INFO - Sync 1 DAGs
[2025-05-14T00:12:18.092+0000] {logging_mixin.py:188} INFO - [2025-05-14T00:12:18.092+0000] {dag.py:3823} INFO - Setting next_dagrun for latest_only_with_trigger to 2025-05-13 20:00:00+00:00, run_after=2025-05-14 00:00:00+00:00
[2025-05-14T00:12:18.128+0000] {processor.py:183} INFO - Processing /home/airflow/.local/lib/python3.8/site-packages/airflow/example_dags/example_latest_only_with_trigger.py took 0.125 seconds
[2025-05-14T00:12:48.331+0000] {processor.py:161} INFO - Started process (PID=546) to work on /home/airflow/.local/lib/python3.8/site-packages/airflow/example_dags/example_latest_only_with_trigger.py
[2025-05-14T00:12:48.332+0000] {processor.py:830} INFO - Processing file /home/airflow/.local/lib/python3.8/site-packages/airflow/example_dags/example_latest_only_with_trigger.py for tasks to queue
[2025-05-14T00:12:48.334+0000] {logging_mixin.py:188} INFO - [2025-05-14T00:12:48.334+0000] {dagbag.py:538} INFO - Filling up the DagBag from /home/airflow/.local/lib/python3.8/site-packages/airflow/example_dags/example_latest_only_with_trigger.py
[2025-05-14T00:12:48.340+0000] {processor.py:840} INFO - DAG(s) 'latest_only_with_trigger' retrieved from /home/airflow/.local/lib/python3.8/site-packages/airflow/example_dags/example_latest_only_with_trigger.py
[2025-05-14T00:12:48.363+0000] {logging_mixin.py:188} INFO - [2025-05-14T00:12:48.363+0000] {dag.py:3036} INFO - Sync 1 DAGs
[2025-05-14T00:12:48.391+0000] {logging_mixin.py:188} INFO - [2025-05-14T00:12:48.391+0000] {dag.py:3823} INFO - Setting next_dagrun for latest_only_with_trigger to 2025-05-13 20:00:00+00:00, run_after=2025-05-14 00:00:00+00:00
[2025-05-14T00:12:48.414+0000] {processor.py:183} INFO - Processing /home/airflow/.local/lib/python3.8/site-packages/airflow/example_dags/example_latest_only_with_trigger.py took 0.085 seconds
[2025-05-14T00:13:18.761+0000] {processor.py:161} INFO - Started process (PID=600) to work on /home/airflow/.local/lib/python3.8/site-packages/airflow/example_dags/example_latest_only_with_trigger.py
[2025-05-14T00:13:18.763+0000] {processor.py:830} INFO - Processing file /home/airflow/.local/lib/python3.8/site-packages/airflow/example_dags/example_latest_only_with_trigger.py for tasks to queue
[2025-05-14T00:13:18.766+0000] {logging_mixin.py:188} INFO - [2025-05-14T00:13:18.766+0000] {dagbag.py:538} INFO - Filling up the DagBag from /home/airflow/.local/lib/python3.8/site-packages/airflow/example_dags/example_latest_only_with_trigger.py
[2025-05-14T00:13:18.775+0000] {processor.py:840} INFO - DAG(s) 'latest_only_with_trigger' retrieved from /home/airflow/.local/lib/python3.8/site-packages/airflow/example_dags/example_latest_only_with_trigger.py
[2025-05-14T00:13:18.811+0000] {logging_mixin.py:188} INFO - [2025-05-14T00:13:18.810+0000] {dag.py:3036} INFO - Sync 1 DAGs
[2025-05-14T00:13:18.866+0000] {logging_mixin.py:188} INFO - [2025-05-14T00:13:18.863+0000] {dag.py:3823} INFO - Setting next_dagrun for latest_only_with_trigger to 2025-05-13 20:00:00+00:00, run_after=2025-05-14 00:00:00+00:00
[2025-05-14T00:13:19.000+0000] {processor.py:183} INFO - Processing /home/airflow/.local/lib/python3.8/site-packages/airflow/example_dags/example_latest_only_with_trigger.py took 0.242 seconds
[2025-05-14T00:13:49.267+0000] {processor.py:161} INFO - Started process (PID=656) to work on /home/airflow/.local/lib/python3.8/site-packages/airflow/example_dags/example_latest_only_with_trigger.py
[2025-05-14T00:13:49.273+0000] {processor.py:830} INFO - Processing file /home/airflow/.local/lib/python3.8/site-packages/airflow/example_dags/example_latest_only_with_trigger.py for tasks to queue
[2025-05-14T00:13:49.278+0000] {logging_mixin.py:188} INFO - [2025-05-14T00:13:49.277+0000] {dagbag.py:538} INFO - Filling up the DagBag from /home/airflow/.local/lib/python3.8/site-packages/airflow/example_dags/example_latest_only_with_trigger.py
[2025-05-14T00:13:49.286+0000] {processor.py:840} INFO - DAG(s) 'latest_only_with_trigger' retrieved from /home/airflow/.local/lib/python3.8/site-packages/airflow/example_dags/example_latest_only_with_trigger.py
[2025-05-14T00:13:49.319+0000] {logging_mixin.py:188} INFO - [2025-05-14T00:13:49.319+0000] {dag.py:3036} INFO - Sync 1 DAGs
[2025-05-14T00:13:49.350+0000] {logging_mixin.py:188} INFO - [2025-05-14T00:13:49.350+0000] {dag.py:3823} INFO - Setting next_dagrun for latest_only_with_trigger to 2025-05-13 20:00:00+00:00, run_after=2025-05-14 00:00:00+00:00
[2025-05-14T00:13:49.377+0000] {processor.py:183} INFO - Processing /home/airflow/.local/lib/python3.8/site-packages/airflow/example_dags/example_latest_only_with_trigger.py took 0.113 seconds
[2025-05-14T00:14:19.699+0000] {processor.py:161} INFO - Started process (PID=712) to work on /home/airflow/.local/lib/python3.8/site-packages/airflow/example_dags/example_latest_only_with_trigger.py
[2025-05-14T00:14:19.701+0000] {processor.py:830} INFO - Processing file /home/airflow/.local/lib/python3.8/site-packages/airflow/example_dags/example_latest_only_with_trigger.py for tasks to queue
[2025-05-14T00:14:19.707+0000] {logging_mixin.py:188} INFO - [2025-05-14T00:14:19.705+0000] {dagbag.py:538} INFO - Filling up the DagBag from /home/airflow/.local/lib/python3.8/site-packages/airflow/example_dags/example_latest_only_with_trigger.py
[2025-05-14T00:14:19.714+0000] {processor.py:840} INFO - DAG(s) 'latest_only_with_trigger' retrieved from /home/airflow/.local/lib/python3.8/site-packages/airflow/example_dags/example_latest_only_with_trigger.py
[2025-05-14T00:14:19.750+0000] {logging_mixin.py:188} INFO - [2025-05-14T00:14:19.750+0000] {dag.py:3036} INFO - Sync 1 DAGs
[2025-05-14T00:14:19.796+0000] {logging_mixin.py:188} INFO - [2025-05-14T00:14:19.796+0000] {dag.py:3823} INFO - Setting next_dagrun for latest_only_with_trigger to 2025-05-13 20:00:00+00:00, run_after=2025-05-14 00:00:00+00:00
[2025-05-14T00:14:19.860+0000] {processor.py:183} INFO - Processing /home/airflow/.local/lib/python3.8/site-packages/airflow/example_dags/example_latest_only_with_trigger.py took 0.165 seconds
[2025-05-14T00:14:50.313+0000] {processor.py:161} INFO - Started process (PID=768) to work on /home/airflow/.local/lib/python3.8/site-packages/airflow/example_dags/example_latest_only_with_trigger.py
[2025-05-14T00:14:50.316+0000] {processor.py:830} INFO - Processing file /home/airflow/.local/lib/python3.8/site-packages/airflow/example_dags/example_latest_only_with_trigger.py for tasks to queue
[2025-05-14T00:14:50.319+0000] {logging_mixin.py:188} INFO - [2025-05-14T00:14:50.319+0000] {dagbag.py:538} INFO - Filling up the DagBag from /home/airflow/.local/lib/python3.8/site-packages/airflow/example_dags/example_latest_only_with_trigger.py
[2025-05-14T00:14:50.327+0000] {processor.py:840} INFO - DAG(s) 'latest_only_with_trigger' retrieved from /home/airflow/.local/lib/python3.8/site-packages/airflow/example_dags/example_latest_only_with_trigger.py
[2025-05-14T00:14:50.361+0000] {logging_mixin.py:188} INFO - [2025-05-14T00:14:50.361+0000] {dag.py:3036} INFO - Sync 1 DAGs
[2025-05-14T00:14:50.394+0000] {logging_mixin.py:188} INFO - [2025-05-14T00:14:50.393+0000] {dag.py:3823} INFO - Setting next_dagrun for latest_only_with_trigger to 2025-05-13 20:00:00+00:00, run_after=2025-05-14 00:00:00+00:00
[2025-05-14T00:14:50.461+0000] {processor.py:183} INFO - Processing /home/airflow/.local/lib/python3.8/site-packages/airflow/example_dags/example_latest_only_with_trigger.py took 0.151 seconds
[2025-05-14T00:15:21.242+0000] {processor.py:161} INFO - Started process (PID=824) to work on /home/airflow/.local/lib/python3.8/site-packages/airflow/example_dags/example_latest_only_with_trigger.py
[2025-05-14T00:15:21.243+0000] {processor.py:830} INFO - Processing file /home/airflow/.local/lib/python3.8/site-packages/airflow/example_dags/example_latest_only_with_trigger.py for tasks to queue
[2025-05-14T00:15:21.246+0000] {logging_mixin.py:188} INFO - [2025-05-14T00:15:21.246+0000] {dagbag.py:538} INFO - Filling up the DagBag from /home/airflow/.local/lib/python3.8/site-packages/airflow/example_dags/example_latest_only_with_trigger.py
[2025-05-14T00:15:21.259+0000] {processor.py:840} INFO - DAG(s) 'latest_only_with_trigger' retrieved from /home/airflow/.local/lib/python3.8/site-packages/airflow/example_dags/example_latest_only_with_trigger.py
[2025-05-14T00:15:21.365+0000] {logging_mixin.py:188} INFO - [2025-05-14T00:15:21.365+0000] {dag.py:3036} INFO - Sync 1 DAGs
[2025-05-14T00:15:21.426+0000] {logging_mixin.py:188} INFO - [2025-05-14T00:15:21.425+0000] {dag.py:3823} INFO - Setting next_dagrun for latest_only_with_trigger to 2025-05-13 20:00:00+00:00, run_after=2025-05-14 00:00:00+00:00
[2025-05-14T00:15:21.467+0000] {processor.py:183} INFO - Processing /home/airflow/.local/lib/python3.8/site-packages/airflow/example_dags/example_latest_only_with_trigger.py took 0.230 seconds
[2025-05-14T00:15:52.351+0000] {processor.py:161} INFO - Started process (PID=879) to work on /home/airflow/.local/lib/python3.8/site-packages/airflow/example_dags/example_latest_only_with_trigger.py
[2025-05-14T00:15:52.352+0000] {processor.py:830} INFO - Processing file /home/airflow/.local/lib/python3.8/site-packages/airflow/example_dags/example_latest_only_with_trigger.py for tasks to queue
[2025-05-14T00:15:52.354+0000] {logging_mixin.py:188} INFO - [2025-05-14T00:15:52.354+0000] {dagbag.py:538} INFO - Filling up the DagBag from /home/airflow/.local/lib/python3.8/site-packages/airflow/example_dags/example_latest_only_with_trigger.py
[2025-05-14T00:15:52.361+0000] {processor.py:840} INFO - DAG(s) 'latest_only_with_trigger' retrieved from /home/airflow/.local/lib/python3.8/site-packages/airflow/example_dags/example_latest_only_with_trigger.py
[2025-05-14T00:15:52.388+0000] {logging_mixin.py:188} INFO - [2025-05-14T00:15:52.388+0000] {dag.py:3036} INFO - Sync 1 DAGs
[2025-05-14T00:15:52.460+0000] {logging_mixin.py:188} INFO - [2025-05-14T00:15:52.460+0000] {dag.py:3823} INFO - Setting next_dagrun for latest_only_with_trigger to 2025-05-13 20:00:00+00:00, run_after=2025-05-14 00:00:00+00:00
[2025-05-14T00:15:52.491+0000] {processor.py:183} INFO - Processing /home/airflow/.local/lib/python3.8/site-packages/airflow/example_dags/example_latest_only_with_trigger.py took 0.143 seconds
[2025-05-14T00:16:23.278+0000] {processor.py:161} INFO - Started process (PID=935) to work on /home/airflow/.local/lib/python3.8/site-packages/airflow/example_dags/example_latest_only_with_trigger.py
[2025-05-14T00:16:23.290+0000] {processor.py:830} INFO - Processing file /home/airflow/.local/lib/python3.8/site-packages/airflow/example_dags/example_latest_only_with_trigger.py for tasks to queue
[2025-05-14T00:16:23.302+0000] {logging_mixin.py:188} INFO - [2025-05-14T00:16:23.301+0000] {dagbag.py:538} INFO - Filling up the DagBag from /home/airflow/.local/lib/python3.8/site-packages/airflow/example_dags/example_latest_only_with_trigger.py
[2025-05-14T00:16:23.316+0000] {processor.py:840} INFO - DAG(s) 'latest_only_with_trigger' retrieved from /home/airflow/.local/lib/python3.8/site-packages/airflow/example_dags/example_latest_only_with_trigger.py
[2025-05-14T00:16:23.365+0000] {logging_mixin.py:188} INFO - [2025-05-14T00:16:23.365+0000] {dag.py:3036} INFO - Sync 1 DAGs
[2025-05-14T00:16:23.427+0000] {logging_mixin.py:188} INFO - [2025-05-14T00:16:23.427+0000] {dag.py:3823} INFO - Setting next_dagrun for latest_only_with_trigger to 2025-05-13 20:00:00+00:00, run_after=2025-05-14 00:00:00+00:00
[2025-05-14T00:16:23.478+0000] {processor.py:183} INFO - Processing /home/airflow/.local/lib/python3.8/site-packages/airflow/example_dags/example_latest_only_with_trigger.py took 0.204 seconds
[2025-05-14T00:16:54.170+0000] {processor.py:161} INFO - Started process (PID=991) to work on /home/airflow/.local/lib/python3.8/site-packages/airflow/example_dags/example_latest_only_with_trigger.py
[2025-05-14T00:16:54.172+0000] {processor.py:830} INFO - Processing file /home/airflow/.local/lib/python3.8/site-packages/airflow/example_dags/example_latest_only_with_trigger.py for tasks to queue
[2025-05-14T00:16:54.174+0000] {logging_mixin.py:188} INFO - [2025-05-14T00:16:54.174+0000] {dagbag.py:538} INFO - Filling up the DagBag from /home/airflow/.local/lib/python3.8/site-packages/airflow/example_dags/example_latest_only_with_trigger.py
[2025-05-14T00:16:54.183+0000] {processor.py:840} INFO - DAG(s) 'latest_only_with_trigger' retrieved from /home/airflow/.local/lib/python3.8/site-packages/airflow/example_dags/example_latest_only_with_trigger.py
[2025-05-14T00:16:54.210+0000] {logging_mixin.py:188} INFO - [2025-05-14T00:16:54.210+0000] {dag.py:3036} INFO - Sync 1 DAGs
[2025-05-14T00:16:54.241+0000] {logging_mixin.py:188} INFO - [2025-05-14T00:16:54.241+0000] {dag.py:3823} INFO - Setting next_dagrun for latest_only_with_trigger to 2025-05-13 20:00:00+00:00, run_after=2025-05-14 00:00:00+00:00
[2025-05-14T00:16:54.288+0000] {processor.py:183} INFO - Processing /home/airflow/.local/lib/python3.8/site-packages/airflow/example_dags/example_latest_only_with_trigger.py took 0.121 seconds
[2025-05-14T00:17:25.092+0000] {processor.py:161} INFO - Started process (PID=1048) to work on /home/airflow/.local/lib/python3.8/site-packages/airflow/example_dags/example_latest_only_with_trigger.py
[2025-05-14T00:17:25.094+0000] {processor.py:830} INFO - Processing file /home/airflow/.local/lib/python3.8/site-packages/airflow/example_dags/example_latest_only_with_trigger.py for tasks to queue
[2025-05-14T00:17:25.097+0000] {logging_mixin.py:188} INFO - [2025-05-14T00:17:25.096+0000] {dagbag.py:538} INFO - Filling up the DagBag from /home/airflow/.local/lib/python3.8/site-packages/airflow/example_dags/example_latest_only_with_trigger.py
[2025-05-14T00:17:25.108+0000] {processor.py:840} INFO - DAG(s) 'latest_only_with_trigger' retrieved from /home/airflow/.local/lib/python3.8/site-packages/airflow/example_dags/example_latest_only_with_trigger.py
[2025-05-14T00:17:25.144+0000] {logging_mixin.py:188} INFO - [2025-05-14T00:17:25.144+0000] {dag.py:3036} INFO - Sync 1 DAGs
[2025-05-14T00:17:25.189+0000] {logging_mixin.py:188} INFO - [2025-05-14T00:17:25.184+0000] {dag.py:3823} INFO - Setting next_dagrun for latest_only_with_trigger to 2025-05-13 20:00:00+00:00, run_after=2025-05-14 00:00:00+00:00
[2025-05-14T00:17:25.223+0000] {processor.py:183} INFO - Processing /home/airflow/.local/lib/python3.8/site-packages/airflow/example_dags/example_latest_only_with_trigger.py took 0.136 seconds
[2025-05-14T00:17:55.348+0000] {processor.py:161} INFO - Started process (PID=1104) to work on /home/airflow/.local/lib/python3.8/site-packages/airflow/example_dags/example_latest_only_with_trigger.py
[2025-05-14T00:17:55.350+0000] {processor.py:830} INFO - Processing file /home/airflow/.local/lib/python3.8/site-packages/airflow/example_dags/example_latest_only_with_trigger.py for tasks to queue
[2025-05-14T00:17:55.352+0000] {logging_mixin.py:188} INFO - [2025-05-14T00:17:55.351+0000] {dagbag.py:538} INFO - Filling up the DagBag from /home/airflow/.local/lib/python3.8/site-packages/airflow/example_dags/example_latest_only_with_trigger.py
[2025-05-14T00:17:55.359+0000] {processor.py:840} INFO - DAG(s) 'latest_only_with_trigger' retrieved from /home/airflow/.local/lib/python3.8/site-packages/airflow/example_dags/example_latest_only_with_trigger.py
[2025-05-14T00:17:55.385+0000] {logging_mixin.py:188} INFO - [2025-05-14T00:17:55.384+0000] {dag.py:3036} INFO - Sync 1 DAGs
[2025-05-14T00:17:55.412+0000] {logging_mixin.py:188} INFO - [2025-05-14T00:17:55.411+0000] {dag.py:3823} INFO - Setting next_dagrun for latest_only_with_trigger to 2025-05-13 20:00:00+00:00, run_after=2025-05-14 00:00:00+00:00
[2025-05-14T00:17:55.443+0000] {processor.py:183} INFO - Processing /home/airflow/.local/lib/python3.8/site-packages/airflow/example_dags/example_latest_only_with_trigger.py took 0.097 seconds
[2025-05-14T00:18:25.963+0000] {processor.py:161} INFO - Started process (PID=1161) to work on /home/airflow/.local/lib/python3.8/site-packages/airflow/example_dags/example_latest_only_with_trigger.py
[2025-05-14T00:18:25.964+0000] {processor.py:830} INFO - Processing file /home/airflow/.local/lib/python3.8/site-packages/airflow/example_dags/example_latest_only_with_trigger.py for tasks to queue
[2025-05-14T00:18:25.966+0000] {logging_mixin.py:188} INFO - [2025-05-14T00:18:25.965+0000] {dagbag.py:538} INFO - Filling up the DagBag from /home/airflow/.local/lib/python3.8/site-packages/airflow/example_dags/example_latest_only_with_trigger.py
[2025-05-14T00:18:25.971+0000] {processor.py:840} INFO - DAG(s) 'latest_only_with_trigger' retrieved from /home/airflow/.local/lib/python3.8/site-packages/airflow/example_dags/example_latest_only_with_trigger.py
[2025-05-14T00:18:25.996+0000] {logging_mixin.py:188} INFO - [2025-05-14T00:18:25.995+0000] {dag.py:3036} INFO - Sync 1 DAGs
[2025-05-14T00:18:26.024+0000] {logging_mixin.py:188} INFO - [2025-05-14T00:18:26.023+0000] {dag.py:3823} INFO - Setting next_dagrun for latest_only_with_trigger to 2025-05-13 20:00:00+00:00, run_after=2025-05-14 00:00:00+00:00
[2025-05-14T00:18:26.046+0000] {processor.py:183} INFO - Processing /home/airflow/.local/lib/python3.8/site-packages/airflow/example_dags/example_latest_only_with_trigger.py took 0.086 seconds
[2025-05-14T00:18:56.912+0000] {processor.py:161} INFO - Started process (PID=1217) to work on /home/airflow/.local/lib/python3.8/site-packages/airflow/example_dags/example_latest_only_with_trigger.py
[2025-05-14T00:18:56.914+0000] {processor.py:830} INFO - Processing file /home/airflow/.local/lib/python3.8/site-packages/airflow/example_dags/example_latest_only_with_trigger.py for tasks to queue
[2025-05-14T00:18:56.916+0000] {logging_mixin.py:188} INFO - [2025-05-14T00:18:56.916+0000] {dagbag.py:538} INFO - Filling up the DagBag from /home/airflow/.local/lib/python3.8/site-packages/airflow/example_dags/example_latest_only_with_trigger.py
[2025-05-14T00:18:56.923+0000] {processor.py:840} INFO - DAG(s) 'latest_only_with_trigger' retrieved from /home/airflow/.local/lib/python3.8/site-packages/airflow/example_dags/example_latest_only_with_trigger.py
[2025-05-14T00:18:56.953+0000] {logging_mixin.py:188} INFO - [2025-05-14T00:18:56.952+0000] {dag.py:3036} INFO - Sync 1 DAGs
[2025-05-14T00:18:56.980+0000] {logging_mixin.py:188} INFO - [2025-05-14T00:18:56.979+0000] {dag.py:3823} INFO - Setting next_dagrun for latest_only_with_trigger to 2025-05-13 20:00:00+00:00, run_after=2025-05-14 00:00:00+00:00
[2025-05-14T00:18:57.054+0000] {processor.py:183} INFO - Processing /home/airflow/.local/lib/python3.8/site-packages/airflow/example_dags/example_latest_only_with_trigger.py took 0.149 seconds
[2025-05-14T00:19:27.700+0000] {processor.py:161} INFO - Started process (PID=1273) to work on /home/airflow/.local/lib/python3.8/site-packages/airflow/example_dags/example_latest_only_with_trigger.py
[2025-05-14T00:19:27.701+0000] {processor.py:830} INFO - Processing file /home/airflow/.local/lib/python3.8/site-packages/airflow/example_dags/example_latest_only_with_trigger.py for tasks to queue
[2025-05-14T00:19:27.703+0000] {logging_mixin.py:188} INFO - [2025-05-14T00:19:27.703+0000] {dagbag.py:538} INFO - Filling up the DagBag from /home/airflow/.local/lib/python3.8/site-packages/airflow/example_dags/example_latest_only_with_trigger.py
[2025-05-14T00:19:27.712+0000] {processor.py:840} INFO - DAG(s) 'latest_only_with_trigger' retrieved from /home/airflow/.local/lib/python3.8/site-packages/airflow/example_dags/example_latest_only_with_trigger.py
[2025-05-14T00:19:27.742+0000] {logging_mixin.py:188} INFO - [2025-05-14T00:19:27.741+0000] {dag.py:3036} INFO - Sync 1 DAGs
[2025-05-14T00:19:27.782+0000] {logging_mixin.py:188} INFO - [2025-05-14T00:19:27.781+0000] {dag.py:3823} INFO - Setting next_dagrun for latest_only_with_trigger to 2025-05-13 20:00:00+00:00, run_after=2025-05-14 00:00:00+00:00
[2025-05-14T00:19:27.830+0000] {processor.py:183} INFO - Processing /home/airflow/.local/lib/python3.8/site-packages/airflow/example_dags/example_latest_only_with_trigger.py took 0.133 seconds
[2025-05-14T00:19:57.965+0000] {processor.py:161} INFO - Started process (PID=1328) to work on /home/airflow/.local/lib/python3.8/site-packages/airflow/example_dags/example_latest_only_with_trigger.py
[2025-05-14T00:19:57.966+0000] {processor.py:830} INFO - Processing file /home/airflow/.local/lib/python3.8/site-packages/airflow/example_dags/example_latest_only_with_trigger.py for tasks to queue
[2025-05-14T00:19:57.970+0000] {logging_mixin.py:188} INFO - [2025-05-14T00:19:57.969+0000] {dagbag.py:538} INFO - Filling up the DagBag from /home/airflow/.local/lib/python3.8/site-packages/airflow/example_dags/example_latest_only_with_trigger.py
[2025-05-14T00:19:57.976+0000] {processor.py:840} INFO - DAG(s) 'latest_only_with_trigger' retrieved from /home/airflow/.local/lib/python3.8/site-packages/airflow/example_dags/example_latest_only_with_trigger.py
[2025-05-14T00:19:57.999+0000] {logging_mixin.py:188} INFO - [2025-05-14T00:19:57.998+0000] {dag.py:3036} INFO - Sync 1 DAGs
[2025-05-14T00:19:58.026+0000] {logging_mixin.py:188} INFO - [2025-05-14T00:19:58.026+0000] {dag.py:3823} INFO - Setting next_dagrun for latest_only_with_trigger to 2025-05-13 20:00:00+00:00, run_after=2025-05-14 00:00:00+00:00
[2025-05-14T00:19:58.054+0000] {processor.py:183} INFO - Processing /home/airflow/.local/lib/python3.8/site-packages/airflow/example_dags/example_latest_only_with_trigger.py took 0.091 seconds
[2025-05-14T00:20:28.172+0000] {processor.py:161} INFO - Started process (PID=1384) to work on /home/airflow/.local/lib/python3.8/site-packages/airflow/example_dags/example_latest_only_with_trigger.py
[2025-05-14T00:20:28.175+0000] {processor.py:830} INFO - Processing file /home/airflow/.local/lib/python3.8/site-packages/airflow/example_dags/example_latest_only_with_trigger.py for tasks to queue
[2025-05-14T00:20:28.177+0000] {logging_mixin.py:188} INFO - [2025-05-14T00:20:28.177+0000] {dagbag.py:538} INFO - Filling up the DagBag from /home/airflow/.local/lib/python3.8/site-packages/airflow/example_dags/example_latest_only_with_trigger.py
[2025-05-14T00:20:28.183+0000] {processor.py:840} INFO - DAG(s) 'latest_only_with_trigger' retrieved from /home/airflow/.local/lib/python3.8/site-packages/airflow/example_dags/example_latest_only_with_trigger.py
[2025-05-14T00:20:28.212+0000] {logging_mixin.py:188} INFO - [2025-05-14T00:20:28.212+0000] {dag.py:3036} INFO - Sync 1 DAGs
[2025-05-14T00:20:28.243+0000] {logging_mixin.py:188} INFO - [2025-05-14T00:20:28.243+0000] {dag.py:3823} INFO - Setting next_dagrun for latest_only_with_trigger to 2025-05-13 20:00:00+00:00, run_after=2025-05-14 00:00:00+00:00
[2025-05-14T00:20:28.276+0000] {processor.py:183} INFO - Processing /home/airflow/.local/lib/python3.8/site-packages/airflow/example_dags/example_latest_only_with_trigger.py took 0.108 seconds
[2025-05-14T00:20:58.472+0000] {processor.py:161} INFO - Started process (PID=1440) to work on /home/airflow/.local/lib/python3.8/site-packages/airflow/example_dags/example_latest_only_with_trigger.py
[2025-05-14T00:20:58.474+0000] {processor.py:830} INFO - Processing file /home/airflow/.local/lib/python3.8/site-packages/airflow/example_dags/example_latest_only_with_trigger.py for tasks to queue
[2025-05-14T00:20:58.475+0000] {logging_mixin.py:188} INFO - [2025-05-14T00:20:58.475+0000] {dagbag.py:538} INFO - Filling up the DagBag from /home/airflow/.local/lib/python3.8/site-packages/airflow/example_dags/example_latest_only_with_trigger.py
[2025-05-14T00:20:58.480+0000] {processor.py:840} INFO - DAG(s) 'latest_only_with_trigger' retrieved from /home/airflow/.local/lib/python3.8/site-packages/airflow/example_dags/example_latest_only_with_trigger.py
[2025-05-14T00:20:58.501+0000] {logging_mixin.py:188} INFO - [2025-05-14T00:20:58.501+0000] {dag.py:3036} INFO - Sync 1 DAGs
[2025-05-14T00:20:58.525+0000] {logging_mixin.py:188} INFO - [2025-05-14T00:20:58.525+0000] {dag.py:3823} INFO - Setting next_dagrun for latest_only_with_trigger to 2025-05-13 20:00:00+00:00, run_after=2025-05-14 00:00:00+00:00
[2025-05-14T00:20:58.551+0000] {processor.py:183} INFO - Processing /home/airflow/.local/lib/python3.8/site-packages/airflow/example_dags/example_latest_only_with_trigger.py took 0.081 seconds
[2025-05-14T00:21:28.853+0000] {processor.py:161} INFO - Started process (PID=1496) to work on /home/airflow/.local/lib/python3.8/site-packages/airflow/example_dags/example_latest_only_with_trigger.py
[2025-05-14T00:21:28.855+0000] {processor.py:830} INFO - Processing file /home/airflow/.local/lib/python3.8/site-packages/airflow/example_dags/example_latest_only_with_trigger.py for tasks to queue
[2025-05-14T00:21:28.858+0000] {logging_mixin.py:188} INFO - [2025-05-14T00:21:28.858+0000] {dagbag.py:538} INFO - Filling up the DagBag from /home/airflow/.local/lib/python3.8/site-packages/airflow/example_dags/example_latest_only_with_trigger.py
[2025-05-14T00:21:28.865+0000] {processor.py:840} INFO - DAG(s) 'latest_only_with_trigger' retrieved from /home/airflow/.local/lib/python3.8/site-packages/airflow/example_dags/example_latest_only_with_trigger.py
[2025-05-14T00:21:28.903+0000] {logging_mixin.py:188} INFO - [2025-05-14T00:21:28.903+0000] {dag.py:3036} INFO - Sync 1 DAGs
[2025-05-14T00:21:28.932+0000] {logging_mixin.py:188} INFO - [2025-05-14T00:21:28.932+0000] {dag.py:3823} INFO - Setting next_dagrun for latest_only_with_trigger to 2025-05-13 20:00:00+00:00, run_after=2025-05-14 00:00:00+00:00
[2025-05-14T00:21:28.958+0000] {processor.py:183} INFO - Processing /home/airflow/.local/lib/python3.8/site-packages/airflow/example_dags/example_latest_only_with_trigger.py took 0.110 seconds
[2025-05-14T00:21:59.555+0000] {processor.py:161} INFO - Started process (PID=1552) to work on /home/airflow/.local/lib/python3.8/site-packages/airflow/example_dags/example_latest_only_with_trigger.py
[2025-05-14T00:21:59.556+0000] {processor.py:830} INFO - Processing file /home/airflow/.local/lib/python3.8/site-packages/airflow/example_dags/example_latest_only_with_trigger.py for tasks to queue
[2025-05-14T00:21:59.558+0000] {logging_mixin.py:188} INFO - [2025-05-14T00:21:59.558+0000] {dagbag.py:538} INFO - Filling up the DagBag from /home/airflow/.local/lib/python3.8/site-packages/airflow/example_dags/example_latest_only_with_trigger.py
[2025-05-14T00:21:59.563+0000] {processor.py:840} INFO - DAG(s) 'latest_only_with_trigger' retrieved from /home/airflow/.local/lib/python3.8/site-packages/airflow/example_dags/example_latest_only_with_trigger.py
[2025-05-14T00:21:59.587+0000] {logging_mixin.py:188} INFO - [2025-05-14T00:21:59.587+0000] {dag.py:3036} INFO - Sync 1 DAGs
[2025-05-14T00:21:59.614+0000] {logging_mixin.py:188} INFO - [2025-05-14T00:21:59.613+0000] {dag.py:3823} INFO - Setting next_dagrun for latest_only_with_trigger to 2025-05-13 20:00:00+00:00, run_after=2025-05-14 00:00:00+00:00
[2025-05-14T00:21:59.638+0000] {processor.py:183} INFO - Processing /home/airflow/.local/lib/python3.8/site-packages/airflow/example_dags/example_latest_only_with_trigger.py took 0.086 seconds
[2025-05-14T00:22:29.826+0000] {processor.py:161} INFO - Started process (PID=1607) to work on /home/airflow/.local/lib/python3.8/site-packages/airflow/example_dags/example_latest_only_with_trigger.py
[2025-05-14T00:22:29.828+0000] {processor.py:830} INFO - Processing file /home/airflow/.local/lib/python3.8/site-packages/airflow/example_dags/example_latest_only_with_trigger.py for tasks to queue
[2025-05-14T00:22:29.832+0000] {logging_mixin.py:188} INFO - [2025-05-14T00:22:29.831+0000] {dagbag.py:538} INFO - Filling up the DagBag from /home/airflow/.local/lib/python3.8/site-packages/airflow/example_dags/example_latest_only_with_trigger.py
[2025-05-14T00:22:29.841+0000] {processor.py:840} INFO - DAG(s) 'latest_only_with_trigger' retrieved from /home/airflow/.local/lib/python3.8/site-packages/airflow/example_dags/example_latest_only_with_trigger.py
[2025-05-14T00:22:29.870+0000] {logging_mixin.py:188} INFO - [2025-05-14T00:22:29.870+0000] {dag.py:3036} INFO - Sync 1 DAGs
[2025-05-14T00:22:29.904+0000] {logging_mixin.py:188} INFO - [2025-05-14T00:22:29.903+0000] {dag.py:3823} INFO - Setting next_dagrun for latest_only_with_trigger to 2025-05-13 20:00:00+00:00, run_after=2025-05-14 00:00:00+00:00
[2025-05-14T00:22:29.941+0000] {processor.py:183} INFO - Processing /home/airflow/.local/lib/python3.8/site-packages/airflow/example_dags/example_latest_only_with_trigger.py took 0.119 seconds
[2025-05-14T00:23:00.331+0000] {processor.py:161} INFO - Started process (PID=1663) to work on /home/airflow/.local/lib/python3.8/site-packages/airflow/example_dags/example_latest_only_with_trigger.py
[2025-05-14T00:23:00.332+0000] {processor.py:830} INFO - Processing file /home/airflow/.local/lib/python3.8/site-packages/airflow/example_dags/example_latest_only_with_trigger.py for tasks to queue
[2025-05-14T00:23:00.333+0000] {logging_mixin.py:188} INFO - [2025-05-14T00:23:00.333+0000] {dagbag.py:538} INFO - Filling up the DagBag from /home/airflow/.local/lib/python3.8/site-packages/airflow/example_dags/example_latest_only_with_trigger.py
[2025-05-14T00:23:00.340+0000] {processor.py:840} INFO - DAG(s) 'latest_only_with_trigger' retrieved from /home/airflow/.local/lib/python3.8/site-packages/airflow/example_dags/example_latest_only_with_trigger.py
[2025-05-14T00:23:00.362+0000] {logging_mixin.py:188} INFO - [2025-05-14T00:23:00.362+0000] {dag.py:3036} INFO - Sync 1 DAGs
[2025-05-14T00:23:00.387+0000] {logging_mixin.py:188} INFO - [2025-05-14T00:23:00.387+0000] {dag.py:3823} INFO - Setting next_dagrun for latest_only_with_trigger to 2025-05-13 20:00:00+00:00, run_after=2025-05-14 00:00:00+00:00
[2025-05-14T00:23:00.413+0000] {processor.py:183} INFO - Processing /home/airflow/.local/lib/python3.8/site-packages/airflow/example_dags/example_latest_only_with_trigger.py took 0.085 seconds
[2025-05-14T00:23:31.169+0000] {processor.py:161} INFO - Started process (PID=1719) to work on /home/airflow/.local/lib/python3.8/site-packages/airflow/example_dags/example_latest_only_with_trigger.py
[2025-05-14T00:23:31.172+0000] {processor.py:830} INFO - Processing file /home/airflow/.local/lib/python3.8/site-packages/airflow/example_dags/example_latest_only_with_trigger.py for tasks to queue
[2025-05-14T00:23:31.175+0000] {logging_mixin.py:188} INFO - [2025-05-14T00:23:31.174+0000] {dagbag.py:538} INFO - Filling up the DagBag from /home/airflow/.local/lib/python3.8/site-packages/airflow/example_dags/example_latest_only_with_trigger.py
[2025-05-14T00:23:31.184+0000] {processor.py:840} INFO - DAG(s) 'latest_only_with_trigger' retrieved from /home/airflow/.local/lib/python3.8/site-packages/airflow/example_dags/example_latest_only_with_trigger.py
[2025-05-14T00:23:31.218+0000] {logging_mixin.py:188} INFO - [2025-05-14T00:23:31.218+0000] {dag.py:3036} INFO - Sync 1 DAGs
[2025-05-14T00:23:31.248+0000] {logging_mixin.py:188} INFO - [2025-05-14T00:23:31.248+0000] {dag.py:3823} INFO - Setting next_dagrun for latest_only_with_trigger to 2025-05-13 20:00:00+00:00, run_after=2025-05-14 00:00:00+00:00
[2025-05-14T00:23:31.280+0000] {processor.py:183} INFO - Processing /home/airflow/.local/lib/python3.8/site-packages/airflow/example_dags/example_latest_only_with_trigger.py took 0.114 seconds
