[2025-05-14T00:08:41.199+0000] {processor.py:161} INFO - Started process (PID=97) to work on /home/airflow/.local/lib/python3.8/site-packages/airflow/example_dags/example_sensors.py
[2025-05-14T00:08:41.204+0000] {processor.py:830} INFO - Processing file /home/airflow/.local/lib/python3.8/site-packages/airflow/example_dags/example_sensors.py for tasks to queue
[2025-05-14T00:08:41.220+0000] {logging_mixin.py:188} INFO - [2025-05-14T00:08:41.218+0000] {dagbag.py:538} INFO - Filling up the DagBag from /home/airflow/.local/lib/python3.8/site-packages/airflow/example_dags/example_sensors.py
[2025-05-14T00:08:41.455+0000] {processor.py:840} INFO - DAG(s) 'example_sensors' retrieved from /home/airflow/.local/lib/python3.8/site-packages/airflow/example_dags/example_sensors.py
[2025-05-14T00:08:41.973+0000] {logging_mixin.py:188} INFO - [2025-05-14T00:08:41.973+0000] {dag.py:3036} INFO - Sync 1 DAGs
[2025-05-14T00:08:41.988+0000] {logging_mixin.py:188} INFO - [2025-05-14T00:08:41.988+0000] {dag.py:3823} INFO - Setting next_dagrun for example_sensors to None, run_after=None
[2025-05-14T00:08:42.030+0000] {processor.py:183} INFO - Processing /home/airflow/.local/lib/python3.8/site-packages/airflow/example_dags/example_sensors.py took 0.860 seconds
[2025-05-14T00:09:12.365+0000] {processor.py:161} INFO - Started process (PID=147) to work on /home/airflow/.local/lib/python3.8/site-packages/airflow/example_dags/example_sensors.py
[2025-05-14T00:09:12.367+0000] {processor.py:830} INFO - Processing file /home/airflow/.local/lib/python3.8/site-packages/airflow/example_dags/example_sensors.py for tasks to queue
[2025-05-14T00:09:12.369+0000] {logging_mixin.py:188} INFO - [2025-05-14T00:09:12.369+0000] {dagbag.py:538} INFO - Filling up the DagBag from /home/airflow/.local/lib/python3.8/site-packages/airflow/example_dags/example_sensors.py
[2025-05-14T00:09:12.382+0000] {processor.py:840} INFO - DAG(s) 'example_sensors' retrieved from /home/airflow/.local/lib/python3.8/site-packages/airflow/example_dags/example_sensors.py
[2025-05-14T00:09:12.412+0000] {logging_mixin.py:188} INFO - [2025-05-14T00:09:12.412+0000] {dag.py:3036} INFO - Sync 1 DAGs
[2025-05-14T00:09:12.427+0000] {logging_mixin.py:188} INFO - [2025-05-14T00:09:12.426+0000] {dag.py:3823} INFO - Setting next_dagrun for example_sensors to None, run_after=None
[2025-05-14T00:09:12.451+0000] {processor.py:183} INFO - Processing /home/airflow/.local/lib/python3.8/site-packages/airflow/example_dags/example_sensors.py took 0.089 seconds
[2025-05-14T00:09:43.042+0000] {processor.py:161} INFO - Started process (PID=203) to work on /home/airflow/.local/lib/python3.8/site-packages/airflow/example_dags/example_sensors.py
[2025-05-14T00:09:43.043+0000] {processor.py:830} INFO - Processing file /home/airflow/.local/lib/python3.8/site-packages/airflow/example_dags/example_sensors.py for tasks to queue
[2025-05-14T00:09:43.045+0000] {logging_mixin.py:188} INFO - [2025-05-14T00:09:43.045+0000] {dagbag.py:538} INFO - Filling up the DagBag from /home/airflow/.local/lib/python3.8/site-packages/airflow/example_dags/example_sensors.py
[2025-05-14T00:09:43.054+0000] {processor.py:840} INFO - DAG(s) 'example_sensors' retrieved from /home/airflow/.local/lib/python3.8/site-packages/airflow/example_dags/example_sensors.py
[2025-05-14T00:09:43.083+0000] {logging_mixin.py:188} INFO - [2025-05-14T00:09:43.082+0000] {dag.py:3036} INFO - Sync 1 DAGs
[2025-05-14T00:09:43.097+0000] {logging_mixin.py:188} INFO - [2025-05-14T00:09:43.097+0000] {dag.py:3823} INFO - Setting next_dagrun for example_sensors to None, run_after=None
[2025-05-14T00:09:43.120+0000] {processor.py:183} INFO - Processing /home/airflow/.local/lib/python3.8/site-packages/airflow/example_dags/example_sensors.py took 0.081 seconds
[2025-05-14T00:10:13.260+0000] {processor.py:161} INFO - Started process (PID=259) to work on /home/airflow/.local/lib/python3.8/site-packages/airflow/example_dags/example_sensors.py
[2025-05-14T00:10:13.261+0000] {processor.py:830} INFO - Processing file /home/airflow/.local/lib/python3.8/site-packages/airflow/example_dags/example_sensors.py for tasks to queue
[2025-05-14T00:10:13.264+0000] {logging_mixin.py:188} INFO - [2025-05-14T00:10:13.264+0000] {dagbag.py:538} INFO - Filling up the DagBag from /home/airflow/.local/lib/python3.8/site-packages/airflow/example_dags/example_sensors.py
[2025-05-14T00:10:13.275+0000] {processor.py:840} INFO - DAG(s) 'example_sensors' retrieved from /home/airflow/.local/lib/python3.8/site-packages/airflow/example_dags/example_sensors.py
[2025-05-14T00:10:13.316+0000] {logging_mixin.py:188} INFO - [2025-05-14T00:10:13.315+0000] {dag.py:3036} INFO - Sync 1 DAGs
[2025-05-14T00:10:13.333+0000] {logging_mixin.py:188} INFO - [2025-05-14T00:10:13.332+0000] {dag.py:3823} INFO - Setting next_dagrun for example_sensors to None, run_after=None
[2025-05-14T00:10:13.367+0000] {processor.py:183} INFO - Processing /home/airflow/.local/lib/python3.8/site-packages/airflow/example_dags/example_sensors.py took 0.109 seconds
[2025-05-14T00:10:44.090+0000] {processor.py:161} INFO - Started process (PID=321) to work on /home/airflow/.local/lib/python3.8/site-packages/airflow/example_dags/example_sensors.py
[2025-05-14T00:10:44.092+0000] {processor.py:830} INFO - Processing file /home/airflow/.local/lib/python3.8/site-packages/airflow/example_dags/example_sensors.py for tasks to queue
[2025-05-14T00:10:44.095+0000] {logging_mixin.py:188} INFO - [2025-05-14T00:10:44.094+0000] {dagbag.py:538} INFO - Filling up the DagBag from /home/airflow/.local/lib/python3.8/site-packages/airflow/example_dags/example_sensors.py
[2025-05-14T00:10:44.103+0000] {processor.py:840} INFO - DAG(s) 'example_sensors' retrieved from /home/airflow/.local/lib/python3.8/site-packages/airflow/example_dags/example_sensors.py
[2025-05-14T00:10:44.128+0000] {logging_mixin.py:188} INFO - [2025-05-14T00:10:44.128+0000] {dag.py:3036} INFO - Sync 1 DAGs
[2025-05-14T00:10:44.142+0000] {logging_mixin.py:188} INFO - [2025-05-14T00:10:44.141+0000] {dag.py:3823} INFO - Setting next_dagrun for example_sensors to None, run_after=None
[2025-05-14T00:10:44.165+0000] {processor.py:183} INFO - Processing /home/airflow/.local/lib/python3.8/site-packages/airflow/example_dags/example_sensors.py took 0.077 seconds
[2025-05-14T00:11:14.672+0000] {processor.py:161} INFO - Started process (PID=377) to work on /home/airflow/.local/lib/python3.8/site-packages/airflow/example_dags/example_sensors.py
[2025-05-14T00:11:14.674+0000] {processor.py:830} INFO - Processing file /home/airflow/.local/lib/python3.8/site-packages/airflow/example_dags/example_sensors.py for tasks to queue
[2025-05-14T00:11:14.678+0000] {logging_mixin.py:188} INFO - [2025-05-14T00:11:14.677+0000] {dagbag.py:538} INFO - Filling up the DagBag from /home/airflow/.local/lib/python3.8/site-packages/airflow/example_dags/example_sensors.py
[2025-05-14T00:11:14.694+0000] {processor.py:840} INFO - DAG(s) 'example_sensors' retrieved from /home/airflow/.local/lib/python3.8/site-packages/airflow/example_dags/example_sensors.py
[2025-05-14T00:11:14.733+0000] {logging_mixin.py:188} INFO - [2025-05-14T00:11:14.733+0000] {dag.py:3036} INFO - Sync 1 DAGs
[2025-05-14T00:11:14.754+0000] {logging_mixin.py:188} INFO - [2025-05-14T00:11:14.753+0000] {dag.py:3823} INFO - Setting next_dagrun for example_sensors to None, run_after=None
[2025-05-14T00:11:14.787+0000] {processor.py:183} INFO - Processing /home/airflow/.local/lib/python3.8/site-packages/airflow/example_dags/example_sensors.py took 0.118 seconds
[2025-05-14T00:11:45.049+0000] {processor.py:161} INFO - Started process (PID=431) to work on /home/airflow/.local/lib/python3.8/site-packages/airflow/example_dags/example_sensors.py
[2025-05-14T00:11:45.051+0000] {processor.py:830} INFO - Processing file /home/airflow/.local/lib/python3.8/site-packages/airflow/example_dags/example_sensors.py for tasks to queue
[2025-05-14T00:11:45.054+0000] {logging_mixin.py:188} INFO - [2025-05-14T00:11:45.054+0000] {dagbag.py:538} INFO - Filling up the DagBag from /home/airflow/.local/lib/python3.8/site-packages/airflow/example_dags/example_sensors.py
[2025-05-14T00:11:45.067+0000] {processor.py:840} INFO - DAG(s) 'example_sensors' retrieved from /home/airflow/.local/lib/python3.8/site-packages/airflow/example_dags/example_sensors.py
[2025-05-14T00:11:45.103+0000] {logging_mixin.py:188} INFO - [2025-05-14T00:11:45.103+0000] {dag.py:3036} INFO - Sync 1 DAGs
[2025-05-14T00:11:45.122+0000] {logging_mixin.py:188} INFO - [2025-05-14T00:11:45.122+0000] {dag.py:3823} INFO - Setting next_dagrun for example_sensors to None, run_after=None
[2025-05-14T00:11:45.153+0000] {processor.py:183} INFO - Processing /home/airflow/.local/lib/python3.8/site-packages/airflow/example_dags/example_sensors.py took 0.107 seconds
[2025-05-14T00:12:15.821+0000] {processor.py:161} INFO - Started process (PID=487) to work on /home/airflow/.local/lib/python3.8/site-packages/airflow/example_dags/example_sensors.py
[2025-05-14T00:12:15.824+0000] {processor.py:830} INFO - Processing file /home/airflow/.local/lib/python3.8/site-packages/airflow/example_dags/example_sensors.py for tasks to queue
[2025-05-14T00:12:15.829+0000] {logging_mixin.py:188} INFO - [2025-05-14T00:12:15.828+0000] {dagbag.py:538} INFO - Filling up the DagBag from /home/airflow/.local/lib/python3.8/site-packages/airflow/example_dags/example_sensors.py
[2025-05-14T00:12:15.842+0000] {processor.py:840} INFO - DAG(s) 'example_sensors' retrieved from /home/airflow/.local/lib/python3.8/site-packages/airflow/example_dags/example_sensors.py
[2025-05-14T00:12:15.875+0000] {logging_mixin.py:188} INFO - [2025-05-14T00:12:15.874+0000] {dag.py:3036} INFO - Sync 1 DAGs
[2025-05-14T00:12:15.890+0000] {logging_mixin.py:188} INFO - [2025-05-14T00:12:15.890+0000] {dag.py:3823} INFO - Setting next_dagrun for example_sensors to None, run_after=None
[2025-05-14T00:12:15.913+0000] {processor.py:183} INFO - Processing /home/airflow/.local/lib/python3.8/site-packages/airflow/example_dags/example_sensors.py took 0.095 seconds
[2025-05-14T00:12:46.050+0000] {processor.py:161} INFO - Started process (PID=543) to work on /home/airflow/.local/lib/python3.8/site-packages/airflow/example_dags/example_sensors.py
[2025-05-14T00:12:46.052+0000] {processor.py:830} INFO - Processing file /home/airflow/.local/lib/python3.8/site-packages/airflow/example_dags/example_sensors.py for tasks to queue
[2025-05-14T00:12:46.057+0000] {logging_mixin.py:188} INFO - [2025-05-14T00:12:46.056+0000] {dagbag.py:538} INFO - Filling up the DagBag from /home/airflow/.local/lib/python3.8/site-packages/airflow/example_dags/example_sensors.py
[2025-05-14T00:12:46.079+0000] {processor.py:840} INFO - DAG(s) 'example_sensors' retrieved from /home/airflow/.local/lib/python3.8/site-packages/airflow/example_dags/example_sensors.py
[2025-05-14T00:12:46.130+0000] {logging_mixin.py:188} INFO - [2025-05-14T00:12:46.130+0000] {dag.py:3036} INFO - Sync 1 DAGs
[2025-05-14T00:12:46.156+0000] {logging_mixin.py:188} INFO - [2025-05-14T00:12:46.153+0000] {dag.py:3823} INFO - Setting next_dagrun for example_sensors to None, run_after=None
[2025-05-14T00:12:46.241+0000] {processor.py:183} INFO - Processing /home/airflow/.local/lib/python3.8/site-packages/airflow/example_dags/example_sensors.py took 0.194 seconds
[2025-05-14T00:13:16.696+0000] {processor.py:161} INFO - Started process (PID=599) to work on /home/airflow/.local/lib/python3.8/site-packages/airflow/example_dags/example_sensors.py
[2025-05-14T00:13:16.697+0000] {processor.py:830} INFO - Processing file /home/airflow/.local/lib/python3.8/site-packages/airflow/example_dags/example_sensors.py for tasks to queue
[2025-05-14T00:13:16.706+0000] {logging_mixin.py:188} INFO - [2025-05-14T00:13:16.704+0000] {dagbag.py:538} INFO - Filling up the DagBag from /home/airflow/.local/lib/python3.8/site-packages/airflow/example_dags/example_sensors.py
[2025-05-14T00:13:16.722+0000] {processor.py:840} INFO - DAG(s) 'example_sensors' retrieved from /home/airflow/.local/lib/python3.8/site-packages/airflow/example_dags/example_sensors.py
[2025-05-14T00:13:16.761+0000] {logging_mixin.py:188} INFO - [2025-05-14T00:13:16.761+0000] {dag.py:3036} INFO - Sync 1 DAGs
[2025-05-14T00:13:16.775+0000] {logging_mixin.py:188} INFO - [2025-05-14T00:13:16.775+0000] {dag.py:3823} INFO - Setting next_dagrun for example_sensors to None, run_after=None
[2025-05-14T00:13:16.798+0000] {processor.py:183} INFO - Processing /home/airflow/.local/lib/python3.8/site-packages/airflow/example_dags/example_sensors.py took 0.105 seconds
[2025-05-14T00:13:47.195+0000] {processor.py:161} INFO - Started process (PID=655) to work on /home/airflow/.local/lib/python3.8/site-packages/airflow/example_dags/example_sensors.py
[2025-05-14T00:13:47.197+0000] {processor.py:830} INFO - Processing file /home/airflow/.local/lib/python3.8/site-packages/airflow/example_dags/example_sensors.py for tasks to queue
[2025-05-14T00:13:47.199+0000] {logging_mixin.py:188} INFO - [2025-05-14T00:13:47.199+0000] {dagbag.py:538} INFO - Filling up the DagBag from /home/airflow/.local/lib/python3.8/site-packages/airflow/example_dags/example_sensors.py
[2025-05-14T00:13:47.209+0000] {processor.py:840} INFO - DAG(s) 'example_sensors' retrieved from /home/airflow/.local/lib/python3.8/site-packages/airflow/example_dags/example_sensors.py
[2025-05-14T00:13:47.239+0000] {logging_mixin.py:188} INFO - [2025-05-14T00:13:47.239+0000] {dag.py:3036} INFO - Sync 1 DAGs
[2025-05-14T00:13:47.257+0000] {logging_mixin.py:188} INFO - [2025-05-14T00:13:47.257+0000] {dag.py:3823} INFO - Setting next_dagrun for example_sensors to None, run_after=None
[2025-05-14T00:13:47.284+0000] {processor.py:183} INFO - Processing /home/airflow/.local/lib/python3.8/site-packages/airflow/example_dags/example_sensors.py took 0.093 seconds
[2025-05-14T00:14:17.639+0000] {processor.py:161} INFO - Started process (PID=711) to work on /home/airflow/.local/lib/python3.8/site-packages/airflow/example_dags/example_sensors.py
[2025-05-14T00:14:17.641+0000] {processor.py:830} INFO - Processing file /home/airflow/.local/lib/python3.8/site-packages/airflow/example_dags/example_sensors.py for tasks to queue
[2025-05-14T00:14:17.643+0000] {logging_mixin.py:188} INFO - [2025-05-14T00:14:17.642+0000] {dagbag.py:538} INFO - Filling up the DagBag from /home/airflow/.local/lib/python3.8/site-packages/airflow/example_dags/example_sensors.py
[2025-05-14T00:14:17.651+0000] {processor.py:840} INFO - DAG(s) 'example_sensors' retrieved from /home/airflow/.local/lib/python3.8/site-packages/airflow/example_dags/example_sensors.py
[2025-05-14T00:14:17.675+0000] {logging_mixin.py:188} INFO - [2025-05-14T00:14:17.675+0000] {dag.py:3036} INFO - Sync 1 DAGs
[2025-05-14T00:14:17.687+0000] {logging_mixin.py:188} INFO - [2025-05-14T00:14:17.687+0000] {dag.py:3823} INFO - Setting next_dagrun for example_sensors to None, run_after=None
[2025-05-14T00:14:17.709+0000] {processor.py:183} INFO - Processing /home/airflow/.local/lib/python3.8/site-packages/airflow/example_dags/example_sensors.py took 0.073 seconds
[2025-05-14T00:14:48.256+0000] {processor.py:161} INFO - Started process (PID=767) to work on /home/airflow/.local/lib/python3.8/site-packages/airflow/example_dags/example_sensors.py
[2025-05-14T00:14:48.258+0000] {processor.py:830} INFO - Processing file /home/airflow/.local/lib/python3.8/site-packages/airflow/example_dags/example_sensors.py for tasks to queue
[2025-05-14T00:14:48.263+0000] {logging_mixin.py:188} INFO - [2025-05-14T00:14:48.261+0000] {dagbag.py:538} INFO - Filling up the DagBag from /home/airflow/.local/lib/python3.8/site-packages/airflow/example_dags/example_sensors.py
[2025-05-14T00:14:48.276+0000] {processor.py:840} INFO - DAG(s) 'example_sensors' retrieved from /home/airflow/.local/lib/python3.8/site-packages/airflow/example_dags/example_sensors.py
[2025-05-14T00:14:48.316+0000] {logging_mixin.py:188} INFO - [2025-05-14T00:14:48.315+0000] {dag.py:3036} INFO - Sync 1 DAGs
[2025-05-14T00:14:48.336+0000] {logging_mixin.py:188} INFO - [2025-05-14T00:14:48.336+0000] {dag.py:3823} INFO - Setting next_dagrun for example_sensors to None, run_after=None
[2025-05-14T00:14:48.374+0000] {processor.py:183} INFO - Processing /home/airflow/.local/lib/python3.8/site-packages/airflow/example_dags/example_sensors.py took 0.123 seconds
[2025-05-14T00:15:19.178+0000] {processor.py:161} INFO - Started process (PID=823) to work on /home/airflow/.local/lib/python3.8/site-packages/airflow/example_dags/example_sensors.py
[2025-05-14T00:15:19.180+0000] {processor.py:830} INFO - Processing file /home/airflow/.local/lib/python3.8/site-packages/airflow/example_dags/example_sensors.py for tasks to queue
[2025-05-14T00:15:19.182+0000] {logging_mixin.py:188} INFO - [2025-05-14T00:15:19.181+0000] {dagbag.py:538} INFO - Filling up the DagBag from /home/airflow/.local/lib/python3.8/site-packages/airflow/example_dags/example_sensors.py
[2025-05-14T00:15:19.198+0000] {processor.py:840} INFO - DAG(s) 'example_sensors' retrieved from /home/airflow/.local/lib/python3.8/site-packages/airflow/example_dags/example_sensors.py
[2025-05-14T00:15:19.231+0000] {logging_mixin.py:188} INFO - [2025-05-14T00:15:19.231+0000] {dag.py:3036} INFO - Sync 1 DAGs
[2025-05-14T00:15:19.248+0000] {logging_mixin.py:188} INFO - [2025-05-14T00:15:19.248+0000] {dag.py:3823} INFO - Setting next_dagrun for example_sensors to None, run_after=None
[2025-05-14T00:15:19.277+0000] {processor.py:183} INFO - Processing /home/airflow/.local/lib/python3.8/site-packages/airflow/example_dags/example_sensors.py took 0.101 seconds
[2025-05-14T00:15:50.285+0000] {processor.py:161} INFO - Started process (PID=878) to work on /home/airflow/.local/lib/python3.8/site-packages/airflow/example_dags/example_sensors.py
[2025-05-14T00:15:50.287+0000] {processor.py:830} INFO - Processing file /home/airflow/.local/lib/python3.8/site-packages/airflow/example_dags/example_sensors.py for tasks to queue
[2025-05-14T00:15:50.290+0000] {logging_mixin.py:188} INFO - [2025-05-14T00:15:50.290+0000] {dagbag.py:538} INFO - Filling up the DagBag from /home/airflow/.local/lib/python3.8/site-packages/airflow/example_dags/example_sensors.py
[2025-05-14T00:15:50.304+0000] {processor.py:840} INFO - DAG(s) 'example_sensors' retrieved from /home/airflow/.local/lib/python3.8/site-packages/airflow/example_dags/example_sensors.py
[2025-05-14T00:15:50.340+0000] {logging_mixin.py:188} INFO - [2025-05-14T00:15:50.339+0000] {dag.py:3036} INFO - Sync 1 DAGs
[2025-05-14T00:15:50.355+0000] {logging_mixin.py:188} INFO - [2025-05-14T00:15:50.355+0000] {dag.py:3823} INFO - Setting next_dagrun for example_sensors to None, run_after=None
[2025-05-14T00:15:50.390+0000] {processor.py:183} INFO - Processing /home/airflow/.local/lib/python3.8/site-packages/airflow/example_dags/example_sensors.py took 0.107 seconds
[2025-05-14T00:16:23.156+0000] {processor.py:161} INFO - Started process (PID=934) to work on /home/airflow/.local/lib/python3.8/site-packages/airflow/example_dags/example_sensors.py
[2025-05-14T00:16:23.158+0000] {processor.py:830} INFO - Processing file /home/airflow/.local/lib/python3.8/site-packages/airflow/example_dags/example_sensors.py for tasks to queue
[2025-05-14T00:16:23.162+0000] {logging_mixin.py:188} INFO - [2025-05-14T00:16:23.161+0000] {dagbag.py:538} INFO - Filling up the DagBag from /home/airflow/.local/lib/python3.8/site-packages/airflow/example_dags/example_sensors.py
[2025-05-14T00:16:23.177+0000] {processor.py:840} INFO - DAG(s) 'example_sensors' retrieved from /home/airflow/.local/lib/python3.8/site-packages/airflow/example_dags/example_sensors.py
[2025-05-14T00:16:23.261+0000] {logging_mixin.py:188} INFO - [2025-05-14T00:16:23.260+0000] {dag.py:3036} INFO - Sync 1 DAGs
[2025-05-14T00:16:23.288+0000] {logging_mixin.py:188} INFO - [2025-05-14T00:16:23.288+0000] {dag.py:3823} INFO - Setting next_dagrun for example_sensors to None, run_after=None
[2025-05-14T00:16:23.353+0000] {processor.py:183} INFO - Processing /home/airflow/.local/lib/python3.8/site-packages/airflow/example_dags/example_sensors.py took 0.201 seconds
[2025-05-14T00:16:54.014+0000] {processor.py:161} INFO - Started process (PID=990) to work on /home/airflow/.local/lib/python3.8/site-packages/airflow/example_dags/example_sensors.py
[2025-05-14T00:16:54.017+0000] {processor.py:830} INFO - Processing file /home/airflow/.local/lib/python3.8/site-packages/airflow/example_dags/example_sensors.py for tasks to queue
[2025-05-14T00:16:54.019+0000] {logging_mixin.py:188} INFO - [2025-05-14T00:16:54.019+0000] {dagbag.py:538} INFO - Filling up the DagBag from /home/airflow/.local/lib/python3.8/site-packages/airflow/example_dags/example_sensors.py
[2025-05-14T00:16:54.034+0000] {processor.py:840} INFO - DAG(s) 'example_sensors' retrieved from /home/airflow/.local/lib/python3.8/site-packages/airflow/example_dags/example_sensors.py
[2025-05-14T00:16:54.073+0000] {logging_mixin.py:188} INFO - [2025-05-14T00:16:54.073+0000] {dag.py:3036} INFO - Sync 1 DAGs
[2025-05-14T00:16:54.090+0000] {logging_mixin.py:188} INFO - [2025-05-14T00:16:54.090+0000] {dag.py:3823} INFO - Setting next_dagrun for example_sensors to None, run_after=None
[2025-05-14T00:16:54.136+0000] {processor.py:183} INFO - Processing /home/airflow/.local/lib/python3.8/site-packages/airflow/example_dags/example_sensors.py took 0.125 seconds
[2025-05-14T00:17:25.000+0000] {processor.py:161} INFO - Started process (PID=1047) to work on /home/airflow/.local/lib/python3.8/site-packages/airflow/example_dags/example_sensors.py
[2025-05-14T00:17:25.003+0000] {processor.py:830} INFO - Processing file /home/airflow/.local/lib/python3.8/site-packages/airflow/example_dags/example_sensors.py for tasks to queue
[2025-05-14T00:17:25.008+0000] {logging_mixin.py:188} INFO - [2025-05-14T00:17:25.007+0000] {dagbag.py:538} INFO - Filling up the DagBag from /home/airflow/.local/lib/python3.8/site-packages/airflow/example_dags/example_sensors.py
[2025-05-14T00:17:25.023+0000] {processor.py:840} INFO - DAG(s) 'example_sensors' retrieved from /home/airflow/.local/lib/python3.8/site-packages/airflow/example_dags/example_sensors.py
[2025-05-14T00:17:25.065+0000] {logging_mixin.py:188} INFO - [2025-05-14T00:17:25.064+0000] {dag.py:3036} INFO - Sync 1 DAGs
[2025-05-14T00:17:25.085+0000] {logging_mixin.py:188} INFO - [2025-05-14T00:17:25.084+0000] {dag.py:3823} INFO - Setting next_dagrun for example_sensors to None, run_after=None
[2025-05-14T00:17:25.127+0000] {processor.py:183} INFO - Processing /home/airflow/.local/lib/python3.8/site-packages/airflow/example_dags/example_sensors.py took 0.131 seconds
[2025-05-14T00:17:55.291+0000] {processor.py:161} INFO - Started process (PID=1103) to work on /home/airflow/.local/lib/python3.8/site-packages/airflow/example_dags/example_sensors.py
[2025-05-14T00:17:55.293+0000] {processor.py:830} INFO - Processing file /home/airflow/.local/lib/python3.8/site-packages/airflow/example_dags/example_sensors.py for tasks to queue
[2025-05-14T00:17:55.296+0000] {logging_mixin.py:188} INFO - [2025-05-14T00:17:55.296+0000] {dagbag.py:538} INFO - Filling up the DagBag from /home/airflow/.local/lib/python3.8/site-packages/airflow/example_dags/example_sensors.py
[2025-05-14T00:17:55.307+0000] {processor.py:840} INFO - DAG(s) 'example_sensors' retrieved from /home/airflow/.local/lib/python3.8/site-packages/airflow/example_dags/example_sensors.py
[2025-05-14T00:17:55.341+0000] {logging_mixin.py:188} INFO - [2025-05-14T00:17:55.340+0000] {dag.py:3036} INFO - Sync 1 DAGs
[2025-05-14T00:17:55.354+0000] {logging_mixin.py:188} INFO - [2025-05-14T00:17:55.354+0000] {dag.py:3823} INFO - Setting next_dagrun for example_sensors to None, run_after=None
[2025-05-14T00:17:55.379+0000] {processor.py:183} INFO - Processing /home/airflow/.local/lib/python3.8/site-packages/airflow/example_dags/example_sensors.py took 0.091 seconds
[2025-05-14T00:18:25.905+0000] {processor.py:161} INFO - Started process (PID=1160) to work on /home/airflow/.local/lib/python3.8/site-packages/airflow/example_dags/example_sensors.py
[2025-05-14T00:18:25.906+0000] {processor.py:830} INFO - Processing file /home/airflow/.local/lib/python3.8/site-packages/airflow/example_dags/example_sensors.py for tasks to queue
[2025-05-14T00:18:25.908+0000] {logging_mixin.py:188} INFO - [2025-05-14T00:18:25.907+0000] {dagbag.py:538} INFO - Filling up the DagBag from /home/airflow/.local/lib/python3.8/site-packages/airflow/example_dags/example_sensors.py
[2025-05-14T00:18:25.917+0000] {processor.py:840} INFO - DAG(s) 'example_sensors' retrieved from /home/airflow/.local/lib/python3.8/site-packages/airflow/example_dags/example_sensors.py
[2025-05-14T00:18:25.947+0000] {logging_mixin.py:188} INFO - [2025-05-14T00:18:25.947+0000] {dag.py:3036} INFO - Sync 1 DAGs
[2025-05-14T00:18:25.963+0000] {logging_mixin.py:188} INFO - [2025-05-14T00:18:25.963+0000] {dag.py:3823} INFO - Setting next_dagrun for example_sensors to None, run_after=None
[2025-05-14T00:18:25.987+0000] {processor.py:183} INFO - Processing /home/airflow/.local/lib/python3.8/site-packages/airflow/example_dags/example_sensors.py took 0.085 seconds
[2025-05-14T00:18:56.733+0000] {processor.py:161} INFO - Started process (PID=1216) to work on /home/airflow/.local/lib/python3.8/site-packages/airflow/example_dags/example_sensors.py
[2025-05-14T00:18:56.736+0000] {processor.py:830} INFO - Processing file /home/airflow/.local/lib/python3.8/site-packages/airflow/example_dags/example_sensors.py for tasks to queue
[2025-05-14T00:18:56.738+0000] {logging_mixin.py:188} INFO - [2025-05-14T00:18:56.738+0000] {dagbag.py:538} INFO - Filling up the DagBag from /home/airflow/.local/lib/python3.8/site-packages/airflow/example_dags/example_sensors.py
[2025-05-14T00:18:56.752+0000] {processor.py:840} INFO - DAG(s) 'example_sensors' retrieved from /home/airflow/.local/lib/python3.8/site-packages/airflow/example_dags/example_sensors.py
[2025-05-14T00:18:56.803+0000] {logging_mixin.py:188} INFO - [2025-05-14T00:18:56.802+0000] {dag.py:3036} INFO - Sync 1 DAGs
[2025-05-14T00:18:56.822+0000] {logging_mixin.py:188} INFO - [2025-05-14T00:18:56.822+0000] {dag.py:3823} INFO - Setting next_dagrun for example_sensors to None, run_after=None
[2025-05-14T00:18:56.862+0000] {processor.py:183} INFO - Processing /home/airflow/.local/lib/python3.8/site-packages/airflow/example_dags/example_sensors.py took 0.132 seconds
[2025-05-14T00:19:27.554+0000] {processor.py:161} INFO - Started process (PID=1272) to work on /home/airflow/.local/lib/python3.8/site-packages/airflow/example_dags/example_sensors.py
[2025-05-14T00:19:27.556+0000] {processor.py:830} INFO - Processing file /home/airflow/.local/lib/python3.8/site-packages/airflow/example_dags/example_sensors.py for tasks to queue
[2025-05-14T00:19:27.561+0000] {logging_mixin.py:188} INFO - [2025-05-14T00:19:27.560+0000] {dagbag.py:538} INFO - Filling up the DagBag from /home/airflow/.local/lib/python3.8/site-packages/airflow/example_dags/example_sensors.py
[2025-05-14T00:19:27.574+0000] {processor.py:840} INFO - DAG(s) 'example_sensors' retrieved from /home/airflow/.local/lib/python3.8/site-packages/airflow/example_dags/example_sensors.py
[2025-05-14T00:19:27.614+0000] {logging_mixin.py:188} INFO - [2025-05-14T00:19:27.614+0000] {dag.py:3036} INFO - Sync 1 DAGs
[2025-05-14T00:19:27.631+0000] {logging_mixin.py:188} INFO - [2025-05-14T00:19:27.631+0000] {dag.py:3823} INFO - Setting next_dagrun for example_sensors to None, run_after=None
[2025-05-14T00:19:27.664+0000] {processor.py:183} INFO - Processing /home/airflow/.local/lib/python3.8/site-packages/airflow/example_dags/example_sensors.py took 0.115 seconds
[2025-05-14T00:19:57.824+0000] {processor.py:161} INFO - Started process (PID=1327) to work on /home/airflow/.local/lib/python3.8/site-packages/airflow/example_dags/example_sensors.py
[2025-05-14T00:19:57.825+0000] {processor.py:830} INFO - Processing file /home/airflow/.local/lib/python3.8/site-packages/airflow/example_dags/example_sensors.py for tasks to queue
[2025-05-14T00:19:57.827+0000] {logging_mixin.py:188} INFO - [2025-05-14T00:19:57.827+0000] {dagbag.py:538} INFO - Filling up the DagBag from /home/airflow/.local/lib/python3.8/site-packages/airflow/example_dags/example_sensors.py
[2025-05-14T00:19:57.839+0000] {processor.py:840} INFO - DAG(s) 'example_sensors' retrieved from /home/airflow/.local/lib/python3.8/site-packages/airflow/example_dags/example_sensors.py
[2025-05-14T00:19:57.881+0000] {logging_mixin.py:188} INFO - [2025-05-14T00:19:57.881+0000] {dag.py:3036} INFO - Sync 1 DAGs
[2025-05-14T00:19:57.898+0000] {logging_mixin.py:188} INFO - [2025-05-14T00:19:57.898+0000] {dag.py:3823} INFO - Setting next_dagrun for example_sensors to None, run_after=None
[2025-05-14T00:19:57.926+0000] {processor.py:183} INFO - Processing /home/airflow/.local/lib/python3.8/site-packages/airflow/example_dags/example_sensors.py took 0.105 seconds
[2025-05-14T00:20:28.022+0000] {processor.py:161} INFO - Started process (PID=1383) to work on /home/airflow/.local/lib/python3.8/site-packages/airflow/example_dags/example_sensors.py
[2025-05-14T00:20:28.024+0000] {processor.py:830} INFO - Processing file /home/airflow/.local/lib/python3.8/site-packages/airflow/example_dags/example_sensors.py for tasks to queue
[2025-05-14T00:20:28.026+0000] {logging_mixin.py:188} INFO - [2025-05-14T00:20:28.026+0000] {dagbag.py:538} INFO - Filling up the DagBag from /home/airflow/.local/lib/python3.8/site-packages/airflow/example_dags/example_sensors.py
[2025-05-14T00:20:28.039+0000] {processor.py:840} INFO - DAG(s) 'example_sensors' retrieved from /home/airflow/.local/lib/python3.8/site-packages/airflow/example_dags/example_sensors.py
[2025-05-14T00:20:28.071+0000] {logging_mixin.py:188} INFO - [2025-05-14T00:20:28.071+0000] {dag.py:3036} INFO - Sync 1 DAGs
[2025-05-14T00:20:28.088+0000] {logging_mixin.py:188} INFO - [2025-05-14T00:20:28.088+0000] {dag.py:3823} INFO - Setting next_dagrun for example_sensors to None, run_after=None
[2025-05-14T00:20:28.122+0000] {processor.py:183} INFO - Processing /home/airflow/.local/lib/python3.8/site-packages/airflow/example_dags/example_sensors.py took 0.103 seconds
[2025-05-14T00:20:58.314+0000] {processor.py:161} INFO - Started process (PID=1439) to work on /home/airflow/.local/lib/python3.8/site-packages/airflow/example_dags/example_sensors.py
[2025-05-14T00:20:58.316+0000] {processor.py:830} INFO - Processing file /home/airflow/.local/lib/python3.8/site-packages/airflow/example_dags/example_sensors.py for tasks to queue
[2025-05-14T00:20:58.318+0000] {logging_mixin.py:188} INFO - [2025-05-14T00:20:58.318+0000] {dagbag.py:538} INFO - Filling up the DagBag from /home/airflow/.local/lib/python3.8/site-packages/airflow/example_dags/example_sensors.py
[2025-05-14T00:20:58.329+0000] {processor.py:840} INFO - DAG(s) 'example_sensors' retrieved from /home/airflow/.local/lib/python3.8/site-packages/airflow/example_dags/example_sensors.py
[2025-05-14T00:20:58.363+0000] {logging_mixin.py:188} INFO - [2025-05-14T00:20:58.362+0000] {dag.py:3036} INFO - Sync 1 DAGs
[2025-05-14T00:20:58.379+0000] {logging_mixin.py:188} INFO - [2025-05-14T00:20:58.379+0000] {dag.py:3823} INFO - Setting next_dagrun for example_sensors to None, run_after=None
[2025-05-14T00:20:58.441+0000] {processor.py:183} INFO - Processing /home/airflow/.local/lib/python3.8/site-packages/airflow/example_dags/example_sensors.py took 0.131 seconds
[2025-05-14T00:21:28.704+0000] {processor.py:161} INFO - Started process (PID=1495) to work on /home/airflow/.local/lib/python3.8/site-packages/airflow/example_dags/example_sensors.py
[2025-05-14T00:21:28.706+0000] {processor.py:830} INFO - Processing file /home/airflow/.local/lib/python3.8/site-packages/airflow/example_dags/example_sensors.py for tasks to queue
[2025-05-14T00:21:28.708+0000] {logging_mixin.py:188} INFO - [2025-05-14T00:21:28.707+0000] {dagbag.py:538} INFO - Filling up the DagBag from /home/airflow/.local/lib/python3.8/site-packages/airflow/example_dags/example_sensors.py
[2025-05-14T00:21:28.717+0000] {processor.py:840} INFO - DAG(s) 'example_sensors' retrieved from /home/airflow/.local/lib/python3.8/site-packages/airflow/example_dags/example_sensors.py
[2025-05-14T00:21:28.748+0000] {logging_mixin.py:188} INFO - [2025-05-14T00:21:28.748+0000] {dag.py:3036} INFO - Sync 1 DAGs
[2025-05-14T00:21:28.764+0000] {logging_mixin.py:188} INFO - [2025-05-14T00:21:28.763+0000] {dag.py:3823} INFO - Setting next_dagrun for example_sensors to None, run_after=None
[2025-05-14T00:21:28.791+0000] {processor.py:183} INFO - Processing /home/airflow/.local/lib/python3.8/site-packages/airflow/example_dags/example_sensors.py took 0.089 seconds
[2025-05-14T00:21:59.347+0000] {processor.py:161} INFO - Started process (PID=1551) to work on /home/airflow/.local/lib/python3.8/site-packages/airflow/example_dags/example_sensors.py
[2025-05-14T00:21:59.349+0000] {processor.py:830} INFO - Processing file /home/airflow/.local/lib/python3.8/site-packages/airflow/example_dags/example_sensors.py for tasks to queue
[2025-05-14T00:21:59.351+0000] {logging_mixin.py:188} INFO - [2025-05-14T00:21:59.351+0000] {dagbag.py:538} INFO - Filling up the DagBag from /home/airflow/.local/lib/python3.8/site-packages/airflow/example_dags/example_sensors.py
[2025-05-14T00:21:59.368+0000] {processor.py:840} INFO - DAG(s) 'example_sensors' retrieved from /home/airflow/.local/lib/python3.8/site-packages/airflow/example_dags/example_sensors.py
[2025-05-14T00:21:59.440+0000] {logging_mixin.py:188} INFO - [2025-05-14T00:21:59.435+0000] {dag.py:3036} INFO - Sync 1 DAGs
[2025-05-14T00:21:59.472+0000] {logging_mixin.py:188} INFO - [2025-05-14T00:21:59.472+0000] {dag.py:3823} INFO - Setting next_dagrun for example_sensors to None, run_after=None
[2025-05-14T00:21:59.503+0000] {processor.py:183} INFO - Processing /home/airflow/.local/lib/python3.8/site-packages/airflow/example_dags/example_sensors.py took 0.160 seconds
[2025-05-14T00:22:29.687+0000] {processor.py:161} INFO - Started process (PID=1606) to work on /home/airflow/.local/lib/python3.8/site-packages/airflow/example_dags/example_sensors.py
[2025-05-14T00:22:29.689+0000] {processor.py:830} INFO - Processing file /home/airflow/.local/lib/python3.8/site-packages/airflow/example_dags/example_sensors.py for tasks to queue
[2025-05-14T00:22:29.691+0000] {logging_mixin.py:188} INFO - [2025-05-14T00:22:29.691+0000] {dagbag.py:538} INFO - Filling up the DagBag from /home/airflow/.local/lib/python3.8/site-packages/airflow/example_dags/example_sensors.py
[2025-05-14T00:22:29.702+0000] {processor.py:840} INFO - DAG(s) 'example_sensors' retrieved from /home/airflow/.local/lib/python3.8/site-packages/airflow/example_dags/example_sensors.py
[2025-05-14T00:22:29.735+0000] {logging_mixin.py:188} INFO - [2025-05-14T00:22:29.734+0000] {dag.py:3036} INFO - Sync 1 DAGs
[2025-05-14T00:22:29.749+0000] {logging_mixin.py:188} INFO - [2025-05-14T00:22:29.749+0000] {dag.py:3823} INFO - Setting next_dagrun for example_sensors to None, run_after=None
[2025-05-14T00:22:29.781+0000] {processor.py:183} INFO - Processing /home/airflow/.local/lib/python3.8/site-packages/airflow/example_dags/example_sensors.py took 0.098 seconds
[2025-05-14T00:23:00.182+0000] {processor.py:161} INFO - Started process (PID=1662) to work on /home/airflow/.local/lib/python3.8/site-packages/airflow/example_dags/example_sensors.py
[2025-05-14T00:23:00.184+0000] {processor.py:830} INFO - Processing file /home/airflow/.local/lib/python3.8/site-packages/airflow/example_dags/example_sensors.py for tasks to queue
[2025-05-14T00:23:00.189+0000] {logging_mixin.py:188} INFO - [2025-05-14T00:23:00.189+0000] {dagbag.py:538} INFO - Filling up the DagBag from /home/airflow/.local/lib/python3.8/site-packages/airflow/example_dags/example_sensors.py
[2025-05-14T00:23:00.201+0000] {processor.py:840} INFO - DAG(s) 'example_sensors' retrieved from /home/airflow/.local/lib/python3.8/site-packages/airflow/example_dags/example_sensors.py
[2025-05-14T00:23:00.256+0000] {logging_mixin.py:188} INFO - [2025-05-14T00:23:00.255+0000] {dag.py:3036} INFO - Sync 1 DAGs
[2025-05-14T00:23:00.272+0000] {logging_mixin.py:188} INFO - [2025-05-14T00:23:00.272+0000] {dag.py:3823} INFO - Setting next_dagrun for example_sensors to None, run_after=None
[2025-05-14T00:23:00.297+0000] {processor.py:183} INFO - Processing /home/airflow/.local/lib/python3.8/site-packages/airflow/example_dags/example_sensors.py took 0.118 seconds
[2025-05-14T00:23:31.028+0000] {processor.py:161} INFO - Started process (PID=1718) to work on /home/airflow/.local/lib/python3.8/site-packages/airflow/example_dags/example_sensors.py
[2025-05-14T00:23:31.030+0000] {processor.py:830} INFO - Processing file /home/airflow/.local/lib/python3.8/site-packages/airflow/example_dags/example_sensors.py for tasks to queue
[2025-05-14T00:23:31.032+0000] {logging_mixin.py:188} INFO - [2025-05-14T00:23:31.032+0000] {dagbag.py:538} INFO - Filling up the DagBag from /home/airflow/.local/lib/python3.8/site-packages/airflow/example_dags/example_sensors.py
[2025-05-14T00:23:31.043+0000] {processor.py:840} INFO - DAG(s) 'example_sensors' retrieved from /home/airflow/.local/lib/python3.8/site-packages/airflow/example_dags/example_sensors.py
[2025-05-14T00:23:31.077+0000] {logging_mixin.py:188} INFO - [2025-05-14T00:23:31.076+0000] {dag.py:3036} INFO - Sync 1 DAGs
[2025-05-14T00:23:31.093+0000] {logging_mixin.py:188} INFO - [2025-05-14T00:23:31.092+0000] {dag.py:3823} INFO - Setting next_dagrun for example_sensors to None, run_after=None
[2025-05-14T00:23:31.128+0000] {processor.py:183} INFO - Processing /home/airflow/.local/lib/python3.8/site-packages/airflow/example_dags/example_sensors.py took 0.103 seconds
