[2025-05-14T00:08:37.518+0000] {processor.py:161} INFO - Started process (PID=86) to work on /home/airflow/.local/lib/python3.8/site-packages/airflow/example_dags/example_branch_python_dop_operator_3.py
[2025-05-14T00:08:37.529+0000] {processor.py:830} INFO - Processing file /home/airflow/.local/lib/python3.8/site-packages/airflow/example_dags/example_branch_python_dop_operator_3.py for tasks to queue
[2025-05-14T00:08:37.549+0000] {logging_mixin.py:188} INFO - [2025-05-14T00:08:37.548+0000] {dagbag.py:538} INFO - Filling up the DagBag from /home/airflow/.local/lib/python3.8/site-packages/airflow/example_dags/example_branch_python_dop_operator_3.py
[2025-05-14T00:08:37.631+0000] {processor.py:840} INFO - DAG(s) 'example_branch_dop_operator_v3' retrieved from /home/airflow/.local/lib/python3.8/site-packages/airflow/example_dags/example_branch_python_dop_operator_3.py
[2025-05-14T00:08:38.079+0000] {logging_mixin.py:188} INFO - [2025-05-14T00:08:38.078+0000] {dag.py:3036} INFO - Sync 1 DAGs
[2025-05-14T00:08:38.402+0000] {logging_mixin.py:188} INFO - [2025-05-14T00:08:38.382+0000] {dag.py:3823} INFO - Setting next_dagrun for example_branch_dop_operator_v3 to 2025-05-14 00:07:00+00:00, run_after=2025-05-14 00:08:00+00:00
[2025-05-14T00:08:38.643+0000] {processor.py:183} INFO - Processing /home/airflow/.local/lib/python3.8/site-packages/airflow/example_dags/example_branch_python_dop_operator_3.py took 1.181 seconds
[2025-05-14T00:09:09.114+0000] {processor.py:161} INFO - Started process (PID=142) to work on /home/airflow/.local/lib/python3.8/site-packages/airflow/example_dags/example_branch_python_dop_operator_3.py
[2025-05-14T00:09:09.115+0000] {processor.py:830} INFO - Processing file /home/airflow/.local/lib/python3.8/site-packages/airflow/example_dags/example_branch_python_dop_operator_3.py for tasks to queue
[2025-05-14T00:09:09.117+0000] {logging_mixin.py:188} INFO - [2025-05-14T00:09:09.116+0000] {dagbag.py:538} INFO - Filling up the DagBag from /home/airflow/.local/lib/python3.8/site-packages/airflow/example_dags/example_branch_python_dop_operator_3.py
[2025-05-14T00:09:09.126+0000] {processor.py:840} INFO - DAG(s) 'example_branch_dop_operator_v3' retrieved from /home/airflow/.local/lib/python3.8/site-packages/airflow/example_dags/example_branch_python_dop_operator_3.py
[2025-05-14T00:09:09.147+0000] {logging_mixin.py:188} INFO - [2025-05-14T00:09:09.147+0000] {dag.py:3036} INFO - Sync 1 DAGs
[2025-05-14T00:09:09.173+0000] {logging_mixin.py:188} INFO - [2025-05-14T00:09:09.173+0000] {dag.py:3823} INFO - Setting next_dagrun for example_branch_dop_operator_v3 to 2025-05-14 00:08:00+00:00, run_after=2025-05-14 00:09:00+00:00
[2025-05-14T00:09:09.197+0000] {processor.py:183} INFO - Processing /home/airflow/.local/lib/python3.8/site-packages/airflow/example_dags/example_branch_python_dop_operator_3.py took 0.086 seconds
[2025-05-14T00:09:39.546+0000] {processor.py:161} INFO - Started process (PID=198) to work on /home/airflow/.local/lib/python3.8/site-packages/airflow/example_dags/example_branch_python_dop_operator_3.py
[2025-05-14T00:09:39.551+0000] {processor.py:830} INFO - Processing file /home/airflow/.local/lib/python3.8/site-packages/airflow/example_dags/example_branch_python_dop_operator_3.py for tasks to queue
[2025-05-14T00:09:39.565+0000] {logging_mixin.py:188} INFO - [2025-05-14T00:09:39.564+0000] {dagbag.py:538} INFO - Filling up the DagBag from /home/airflow/.local/lib/python3.8/site-packages/airflow/example_dags/example_branch_python_dop_operator_3.py
[2025-05-14T00:09:39.615+0000] {processor.py:840} INFO - DAG(s) 'example_branch_dop_operator_v3' retrieved from /home/airflow/.local/lib/python3.8/site-packages/airflow/example_dags/example_branch_python_dop_operator_3.py
[2025-05-14T00:09:39.673+0000] {logging_mixin.py:188} INFO - [2025-05-14T00:09:39.673+0000] {dag.py:3036} INFO - Sync 1 DAGs
[2025-05-14T00:09:39.750+0000] {logging_mixin.py:188} INFO - [2025-05-14T00:09:39.750+0000] {dag.py:3823} INFO - Setting next_dagrun for example_branch_dop_operator_v3 to 2025-05-14 00:08:00+00:00, run_after=2025-05-14 00:09:00+00:00
[2025-05-14T00:09:39.822+0000] {processor.py:183} INFO - Processing /home/airflow/.local/lib/python3.8/site-packages/airflow/example_dags/example_branch_python_dop_operator_3.py took 0.278 seconds
[2025-05-14T00:10:09.897+0000] {processor.py:161} INFO - Started process (PID=254) to work on /home/airflow/.local/lib/python3.8/site-packages/airflow/example_dags/example_branch_python_dop_operator_3.py
[2025-05-14T00:10:09.898+0000] {processor.py:830} INFO - Processing file /home/airflow/.local/lib/python3.8/site-packages/airflow/example_dags/example_branch_python_dop_operator_3.py for tasks to queue
[2025-05-14T00:10:09.900+0000] {logging_mixin.py:188} INFO - [2025-05-14T00:10:09.900+0000] {dagbag.py:538} INFO - Filling up the DagBag from /home/airflow/.local/lib/python3.8/site-packages/airflow/example_dags/example_branch_python_dop_operator_3.py
[2025-05-14T00:10:09.910+0000] {processor.py:840} INFO - DAG(s) 'example_branch_dop_operator_v3' retrieved from /home/airflow/.local/lib/python3.8/site-packages/airflow/example_dags/example_branch_python_dop_operator_3.py
[2025-05-14T00:10:09.933+0000] {logging_mixin.py:188} INFO - [2025-05-14T00:10:09.933+0000] {dag.py:3036} INFO - Sync 1 DAGs
[2025-05-14T00:10:09.960+0000] {logging_mixin.py:188} INFO - [2025-05-14T00:10:09.960+0000] {dag.py:3823} INFO - Setting next_dagrun for example_branch_dop_operator_v3 to 2025-05-14 00:09:00+00:00, run_after=2025-05-14 00:10:00+00:00
[2025-05-14T00:10:09.987+0000] {processor.py:183} INFO - Processing /home/airflow/.local/lib/python3.8/site-packages/airflow/example_dags/example_branch_python_dop_operator_3.py took 0.092 seconds
[2025-05-14T00:10:40.785+0000] {processor.py:161} INFO - Started process (PID=310) to work on /home/airflow/.local/lib/python3.8/site-packages/airflow/example_dags/example_branch_python_dop_operator_3.py
[2025-05-14T00:10:40.786+0000] {processor.py:830} INFO - Processing file /home/airflow/.local/lib/python3.8/site-packages/airflow/example_dags/example_branch_python_dop_operator_3.py for tasks to queue
[2025-05-14T00:10:40.789+0000] {logging_mixin.py:188} INFO - [2025-05-14T00:10:40.788+0000] {dagbag.py:538} INFO - Filling up the DagBag from /home/airflow/.local/lib/python3.8/site-packages/airflow/example_dags/example_branch_python_dop_operator_3.py
[2025-05-14T00:10:40.798+0000] {processor.py:840} INFO - DAG(s) 'example_branch_dop_operator_v3' retrieved from /home/airflow/.local/lib/python3.8/site-packages/airflow/example_dags/example_branch_python_dop_operator_3.py
[2025-05-14T00:10:40.821+0000] {logging_mixin.py:188} INFO - [2025-05-14T00:10:40.821+0000] {dag.py:3036} INFO - Sync 1 DAGs
[2025-05-14T00:10:40.851+0000] {logging_mixin.py:188} INFO - [2025-05-14T00:10:40.851+0000] {dag.py:3823} INFO - Setting next_dagrun for example_branch_dop_operator_v3 to 2025-05-14 00:09:00+00:00, run_after=2025-05-14 00:10:00+00:00
[2025-05-14T00:10:40.878+0000] {processor.py:183} INFO - Processing /home/airflow/.local/lib/python3.8/site-packages/airflow/example_dags/example_branch_python_dop_operator_3.py took 0.096 seconds
[2025-05-14T00:11:12.163+0000] {processor.py:161} INFO - Started process (PID=366) to work on /home/airflow/.local/lib/python3.8/site-packages/airflow/example_dags/example_branch_python_dop_operator_3.py
[2025-05-14T00:11:12.166+0000] {processor.py:830} INFO - Processing file /home/airflow/.local/lib/python3.8/site-packages/airflow/example_dags/example_branch_python_dop_operator_3.py for tasks to queue
[2025-05-14T00:11:12.168+0000] {logging_mixin.py:188} INFO - [2025-05-14T00:11:12.168+0000] {dagbag.py:538} INFO - Filling up the DagBag from /home/airflow/.local/lib/python3.8/site-packages/airflow/example_dags/example_branch_python_dop_operator_3.py
[2025-05-14T00:11:12.183+0000] {processor.py:840} INFO - DAG(s) 'example_branch_dop_operator_v3' retrieved from /home/airflow/.local/lib/python3.8/site-packages/airflow/example_dags/example_branch_python_dop_operator_3.py
[2025-05-14T00:11:12.242+0000] {logging_mixin.py:188} INFO - [2025-05-14T00:11:12.242+0000] {dag.py:3036} INFO - Sync 1 DAGs
[2025-05-14T00:11:12.300+0000] {logging_mixin.py:188} INFO - [2025-05-14T00:11:12.299+0000] {dag.py:3823} INFO - Setting next_dagrun for example_branch_dop_operator_v3 to 2025-05-14 00:10:00+00:00, run_after=2025-05-14 00:11:00+00:00
[2025-05-14T00:11:12.364+0000] {processor.py:183} INFO - Processing /home/airflow/.local/lib/python3.8/site-packages/airflow/example_dags/example_branch_python_dop_operator_3.py took 0.209 seconds
[2025-05-14T00:11:42.646+0000] {processor.py:161} INFO - Started process (PID=420) to work on /home/airflow/.local/lib/python3.8/site-packages/airflow/example_dags/example_branch_python_dop_operator_3.py
[2025-05-14T00:11:42.648+0000] {processor.py:830} INFO - Processing file /home/airflow/.local/lib/python3.8/site-packages/airflow/example_dags/example_branch_python_dop_operator_3.py for tasks to queue
[2025-05-14T00:11:42.651+0000] {logging_mixin.py:188} INFO - [2025-05-14T00:11:42.651+0000] {dagbag.py:538} INFO - Filling up the DagBag from /home/airflow/.local/lib/python3.8/site-packages/airflow/example_dags/example_branch_python_dop_operator_3.py
[2025-05-14T00:11:42.678+0000] {processor.py:840} INFO - DAG(s) 'example_branch_dop_operator_v3' retrieved from /home/airflow/.local/lib/python3.8/site-packages/airflow/example_dags/example_branch_python_dop_operator_3.py
[2025-05-14T00:11:42.719+0000] {logging_mixin.py:188} INFO - [2025-05-14T00:11:42.719+0000] {dag.py:3036} INFO - Sync 1 DAGs
[2025-05-14T00:11:42.783+0000] {logging_mixin.py:188} INFO - [2025-05-14T00:11:42.783+0000] {dag.py:3823} INFO - Setting next_dagrun for example_branch_dop_operator_v3 to 2025-05-14 00:10:00+00:00, run_after=2025-05-14 00:11:00+00:00
[2025-05-14T00:11:42.827+0000] {processor.py:183} INFO - Processing /home/airflow/.local/lib/python3.8/site-packages/airflow/example_dags/example_branch_python_dop_operator_3.py took 0.184 seconds
[2025-05-14T00:12:14.438+0000] {processor.py:161} INFO - Started process (PID=482) to work on /home/airflow/.local/lib/python3.8/site-packages/airflow/example_dags/example_branch_python_dop_operator_3.py
[2025-05-14T00:12:14.441+0000] {processor.py:830} INFO - Processing file /home/airflow/.local/lib/python3.8/site-packages/airflow/example_dags/example_branch_python_dop_operator_3.py for tasks to queue
[2025-05-14T00:12:14.443+0000] {logging_mixin.py:188} INFO - [2025-05-14T00:12:14.443+0000] {dagbag.py:538} INFO - Filling up the DagBag from /home/airflow/.local/lib/python3.8/site-packages/airflow/example_dags/example_branch_python_dop_operator_3.py
[2025-05-14T00:12:14.460+0000] {processor.py:840} INFO - DAG(s) 'example_branch_dop_operator_v3' retrieved from /home/airflow/.local/lib/python3.8/site-packages/airflow/example_dags/example_branch_python_dop_operator_3.py
[2025-05-14T00:12:14.486+0000] {logging_mixin.py:188} INFO - [2025-05-14T00:12:14.486+0000] {dag.py:3036} INFO - Sync 1 DAGs
[2025-05-14T00:12:14.522+0000] {logging_mixin.py:188} INFO - [2025-05-14T00:12:14.522+0000] {dag.py:3823} INFO - Setting next_dagrun for example_branch_dop_operator_v3 to 2025-05-14 00:11:00+00:00, run_after=2025-05-14 00:12:00+00:00
[2025-05-14T00:12:14.562+0000] {processor.py:183} INFO - Processing /home/airflow/.local/lib/python3.8/site-packages/airflow/example_dags/example_branch_python_dop_operator_3.py took 0.127 seconds
[2025-05-14T00:12:44.691+0000] {processor.py:161} INFO - Started process (PID=538) to work on /home/airflow/.local/lib/python3.8/site-packages/airflow/example_dags/example_branch_python_dop_operator_3.py
[2025-05-14T00:12:44.693+0000] {processor.py:830} INFO - Processing file /home/airflow/.local/lib/python3.8/site-packages/airflow/example_dags/example_branch_python_dop_operator_3.py for tasks to queue
[2025-05-14T00:12:44.696+0000] {logging_mixin.py:188} INFO - [2025-05-14T00:12:44.696+0000] {dagbag.py:538} INFO - Filling up the DagBag from /home/airflow/.local/lib/python3.8/site-packages/airflow/example_dags/example_branch_python_dop_operator_3.py
[2025-05-14T00:12:44.708+0000] {processor.py:840} INFO - DAG(s) 'example_branch_dop_operator_v3' retrieved from /home/airflow/.local/lib/python3.8/site-packages/airflow/example_dags/example_branch_python_dop_operator_3.py
[2025-05-14T00:12:44.750+0000] {logging_mixin.py:188} INFO - [2025-05-14T00:12:44.749+0000] {dag.py:3036} INFO - Sync 1 DAGs
[2025-05-14T00:12:44.780+0000] {logging_mixin.py:188} INFO - [2025-05-14T00:12:44.780+0000] {dag.py:3823} INFO - Setting next_dagrun for example_branch_dop_operator_v3 to 2025-05-14 00:11:00+00:00, run_after=2025-05-14 00:12:00+00:00
[2025-05-14T00:12:44.803+0000] {processor.py:183} INFO - Processing /home/airflow/.local/lib/python3.8/site-packages/airflow/example_dags/example_branch_python_dop_operator_3.py took 0.117 seconds
[2025-05-14T00:13:15.279+0000] {processor.py:161} INFO - Started process (PID=594) to work on /home/airflow/.local/lib/python3.8/site-packages/airflow/example_dags/example_branch_python_dop_operator_3.py
[2025-05-14T00:13:15.280+0000] {processor.py:830} INFO - Processing file /home/airflow/.local/lib/python3.8/site-packages/airflow/example_dags/example_branch_python_dop_operator_3.py for tasks to queue
[2025-05-14T00:13:15.284+0000] {logging_mixin.py:188} INFO - [2025-05-14T00:13:15.283+0000] {dagbag.py:538} INFO - Filling up the DagBag from /home/airflow/.local/lib/python3.8/site-packages/airflow/example_dags/example_branch_python_dop_operator_3.py
[2025-05-14T00:13:15.298+0000] {processor.py:840} INFO - DAG(s) 'example_branch_dop_operator_v3' retrieved from /home/airflow/.local/lib/python3.8/site-packages/airflow/example_dags/example_branch_python_dop_operator_3.py
[2025-05-14T00:13:15.330+0000] {logging_mixin.py:188} INFO - [2025-05-14T00:13:15.328+0000] {dag.py:3036} INFO - Sync 1 DAGs
[2025-05-14T00:13:15.370+0000] {logging_mixin.py:188} INFO - [2025-05-14T00:13:15.370+0000] {dag.py:3823} INFO - Setting next_dagrun for example_branch_dop_operator_v3 to 2025-05-14 00:12:00+00:00, run_after=2025-05-14 00:13:00+00:00
[2025-05-14T00:13:15.415+0000] {processor.py:183} INFO - Processing /home/airflow/.local/lib/python3.8/site-packages/airflow/example_dags/example_branch_python_dop_operator_3.py took 0.142 seconds
[2025-05-14T00:13:45.773+0000] {processor.py:161} INFO - Started process (PID=650) to work on /home/airflow/.local/lib/python3.8/site-packages/airflow/example_dags/example_branch_python_dop_operator_3.py
[2025-05-14T00:13:45.786+0000] {processor.py:830} INFO - Processing file /home/airflow/.local/lib/python3.8/site-packages/airflow/example_dags/example_branch_python_dop_operator_3.py for tasks to queue
[2025-05-14T00:13:45.790+0000] {logging_mixin.py:188} INFO - [2025-05-14T00:13:45.788+0000] {dagbag.py:538} INFO - Filling up the DagBag from /home/airflow/.local/lib/python3.8/site-packages/airflow/example_dags/example_branch_python_dop_operator_3.py
[2025-05-14T00:13:45.805+0000] {processor.py:840} INFO - DAG(s) 'example_branch_dop_operator_v3' retrieved from /home/airflow/.local/lib/python3.8/site-packages/airflow/example_dags/example_branch_python_dop_operator_3.py
[2025-05-14T00:13:45.853+0000] {logging_mixin.py:188} INFO - [2025-05-14T00:13:45.853+0000] {dag.py:3036} INFO - Sync 1 DAGs
[2025-05-14T00:13:45.920+0000] {logging_mixin.py:188} INFO - [2025-05-14T00:13:45.920+0000] {dag.py:3823} INFO - Setting next_dagrun for example_branch_dop_operator_v3 to 2025-05-14 00:12:00+00:00, run_after=2025-05-14 00:13:00+00:00
[2025-05-14T00:13:45.978+0000] {processor.py:183} INFO - Processing /home/airflow/.local/lib/python3.8/site-packages/airflow/example_dags/example_branch_python_dop_operator_3.py took 0.208 seconds
[2025-05-14T00:14:16.084+0000] {processor.py:161} INFO - Started process (PID=706) to work on /home/airflow/.local/lib/python3.8/site-packages/airflow/example_dags/example_branch_python_dop_operator_3.py
[2025-05-14T00:14:16.085+0000] {processor.py:830} INFO - Processing file /home/airflow/.local/lib/python3.8/site-packages/airflow/example_dags/example_branch_python_dop_operator_3.py for tasks to queue
[2025-05-14T00:14:16.094+0000] {logging_mixin.py:188} INFO - [2025-05-14T00:14:16.093+0000] {dagbag.py:538} INFO - Filling up the DagBag from /home/airflow/.local/lib/python3.8/site-packages/airflow/example_dags/example_branch_python_dop_operator_3.py
[2025-05-14T00:14:16.111+0000] {processor.py:840} INFO - DAG(s) 'example_branch_dop_operator_v3' retrieved from /home/airflow/.local/lib/python3.8/site-packages/airflow/example_dags/example_branch_python_dop_operator_3.py
[2025-05-14T00:14:16.153+0000] {logging_mixin.py:188} INFO - [2025-05-14T00:14:16.152+0000] {dag.py:3036} INFO - Sync 1 DAGs
[2025-05-14T00:14:16.268+0000] {logging_mixin.py:188} INFO - [2025-05-14T00:14:16.267+0000] {dag.py:3823} INFO - Setting next_dagrun for example_branch_dop_operator_v3 to 2025-05-14 00:13:00+00:00, run_after=2025-05-14 00:14:00+00:00
[2025-05-14T00:14:16.370+0000] {processor.py:183} INFO - Processing /home/airflow/.local/lib/python3.8/site-packages/airflow/example_dags/example_branch_python_dop_operator_3.py took 0.291 seconds
[2025-05-14T00:14:46.872+0000] {processor.py:161} INFO - Started process (PID=762) to work on /home/airflow/.local/lib/python3.8/site-packages/airflow/example_dags/example_branch_python_dop_operator_3.py
[2025-05-14T00:14:46.874+0000] {processor.py:830} INFO - Processing file /home/airflow/.local/lib/python3.8/site-packages/airflow/example_dags/example_branch_python_dop_operator_3.py for tasks to queue
[2025-05-14T00:14:46.877+0000] {logging_mixin.py:188} INFO - [2025-05-14T00:14:46.877+0000] {dagbag.py:538} INFO - Filling up the DagBag from /home/airflow/.local/lib/python3.8/site-packages/airflow/example_dags/example_branch_python_dop_operator_3.py
[2025-05-14T00:14:46.887+0000] {processor.py:840} INFO - DAG(s) 'example_branch_dop_operator_v3' retrieved from /home/airflow/.local/lib/python3.8/site-packages/airflow/example_dags/example_branch_python_dop_operator_3.py
[2025-05-14T00:14:46.920+0000] {logging_mixin.py:188} INFO - [2025-05-14T00:14:46.919+0000] {dag.py:3036} INFO - Sync 1 DAGs
[2025-05-14T00:14:46.957+0000] {logging_mixin.py:188} INFO - [2025-05-14T00:14:46.956+0000] {dag.py:3823} INFO - Setting next_dagrun for example_branch_dop_operator_v3 to 2025-05-14 00:13:00+00:00, run_after=2025-05-14 00:14:00+00:00
[2025-05-14T00:14:46.983+0000] {processor.py:183} INFO - Processing /home/airflow/.local/lib/python3.8/site-packages/airflow/example_dags/example_branch_python_dop_operator_3.py took 0.115 seconds
[2025-05-14T00:15:17.825+0000] {processor.py:161} INFO - Started process (PID=818) to work on /home/airflow/.local/lib/python3.8/site-packages/airflow/example_dags/example_branch_python_dop_operator_3.py
[2025-05-14T00:15:17.826+0000] {processor.py:830} INFO - Processing file /home/airflow/.local/lib/python3.8/site-packages/airflow/example_dags/example_branch_python_dop_operator_3.py for tasks to queue
[2025-05-14T00:15:17.828+0000] {logging_mixin.py:188} INFO - [2025-05-14T00:15:17.828+0000] {dagbag.py:538} INFO - Filling up the DagBag from /home/airflow/.local/lib/python3.8/site-packages/airflow/example_dags/example_branch_python_dop_operator_3.py
[2025-05-14T00:15:17.848+0000] {processor.py:840} INFO - DAG(s) 'example_branch_dop_operator_v3' retrieved from /home/airflow/.local/lib/python3.8/site-packages/airflow/example_dags/example_branch_python_dop_operator_3.py
[2025-05-14T00:15:17.875+0000] {logging_mixin.py:188} INFO - [2025-05-14T00:15:17.874+0000] {dag.py:3036} INFO - Sync 1 DAGs
[2025-05-14T00:15:17.905+0000] {logging_mixin.py:188} INFO - [2025-05-14T00:15:17.904+0000] {dag.py:3823} INFO - Setting next_dagrun for example_branch_dop_operator_v3 to 2025-05-14 00:14:00+00:00, run_after=2025-05-14 00:15:00+00:00
[2025-05-14T00:15:17.930+0000] {processor.py:183} INFO - Processing /home/airflow/.local/lib/python3.8/site-packages/airflow/example_dags/example_branch_python_dop_operator_3.py took 0.110 seconds
[2025-05-14T00:15:48.773+0000] {processor.py:161} INFO - Started process (PID=873) to work on /home/airflow/.local/lib/python3.8/site-packages/airflow/example_dags/example_branch_python_dop_operator_3.py
[2025-05-14T00:15:48.774+0000] {processor.py:830} INFO - Processing file /home/airflow/.local/lib/python3.8/site-packages/airflow/example_dags/example_branch_python_dop_operator_3.py for tasks to queue
[2025-05-14T00:15:48.777+0000] {logging_mixin.py:188} INFO - [2025-05-14T00:15:48.776+0000] {dagbag.py:538} INFO - Filling up the DagBag from /home/airflow/.local/lib/python3.8/site-packages/airflow/example_dags/example_branch_python_dop_operator_3.py
[2025-05-14T00:15:48.786+0000] {processor.py:840} INFO - DAG(s) 'example_branch_dop_operator_v3' retrieved from /home/airflow/.local/lib/python3.8/site-packages/airflow/example_dags/example_branch_python_dop_operator_3.py
[2025-05-14T00:15:48.809+0000] {logging_mixin.py:188} INFO - [2025-05-14T00:15:48.809+0000] {dag.py:3036} INFO - Sync 1 DAGs
[2025-05-14T00:15:48.844+0000] {logging_mixin.py:188} INFO - [2025-05-14T00:15:48.844+0000] {dag.py:3823} INFO - Setting next_dagrun for example_branch_dop_operator_v3 to 2025-05-14 00:14:00+00:00, run_after=2025-05-14 00:15:00+00:00
[2025-05-14T00:15:48.871+0000] {processor.py:183} INFO - Processing /home/airflow/.local/lib/python3.8/site-packages/airflow/example_dags/example_branch_python_dop_operator_3.py took 0.102 seconds
[2025-05-14T00:16:22.628+0000] {processor.py:161} INFO - Started process (PID=929) to work on /home/airflow/.local/lib/python3.8/site-packages/airflow/example_dags/example_branch_python_dop_operator_3.py
[2025-05-14T00:16:22.646+0000] {processor.py:830} INFO - Processing file /home/airflow/.local/lib/python3.8/site-packages/airflow/example_dags/example_branch_python_dop_operator_3.py for tasks to queue
[2025-05-14T00:16:22.670+0000] {logging_mixin.py:188} INFO - [2025-05-14T00:16:22.669+0000] {dagbag.py:538} INFO - Filling up the DagBag from /home/airflow/.local/lib/python3.8/site-packages/airflow/example_dags/example_branch_python_dop_operator_3.py
[2025-05-14T00:16:22.684+0000] {processor.py:840} INFO - DAG(s) 'example_branch_dop_operator_v3' retrieved from /home/airflow/.local/lib/python3.8/site-packages/airflow/example_dags/example_branch_python_dop_operator_3.py
[2025-05-14T00:16:22.728+0000] {logging_mixin.py:188} INFO - [2025-05-14T00:16:22.728+0000] {dag.py:3036} INFO - Sync 1 DAGs
[2025-05-14T00:16:22.771+0000] {logging_mixin.py:188} INFO - [2025-05-14T00:16:22.771+0000] {dag.py:3823} INFO - Setting next_dagrun for example_branch_dop_operator_v3 to 2025-05-14 00:15:00+00:00, run_after=2025-05-14 00:16:00+00:00
[2025-05-14T00:16:22.816+0000] {processor.py:183} INFO - Processing /home/airflow/.local/lib/python3.8/site-packages/airflow/example_dags/example_branch_python_dop_operator_3.py took 0.191 seconds
[2025-05-14T00:16:53.642+0000] {processor.py:161} INFO - Started process (PID=985) to work on /home/airflow/.local/lib/python3.8/site-packages/airflow/example_dags/example_branch_python_dop_operator_3.py
[2025-05-14T00:16:53.644+0000] {processor.py:830} INFO - Processing file /home/airflow/.local/lib/python3.8/site-packages/airflow/example_dags/example_branch_python_dop_operator_3.py for tasks to queue
[2025-05-14T00:16:53.650+0000] {logging_mixin.py:188} INFO - [2025-05-14T00:16:53.649+0000] {dagbag.py:538} INFO - Filling up the DagBag from /home/airflow/.local/lib/python3.8/site-packages/airflow/example_dags/example_branch_python_dop_operator_3.py
[2025-05-14T00:16:53.667+0000] {processor.py:840} INFO - DAG(s) 'example_branch_dop_operator_v3' retrieved from /home/airflow/.local/lib/python3.8/site-packages/airflow/example_dags/example_branch_python_dop_operator_3.py
[2025-05-14T00:16:53.705+0000] {logging_mixin.py:188} INFO - [2025-05-14T00:16:53.705+0000] {dag.py:3036} INFO - Sync 1 DAGs
[2025-05-14T00:16:53.740+0000] {logging_mixin.py:188} INFO - [2025-05-14T00:16:53.740+0000] {dag.py:3823} INFO - Setting next_dagrun for example_branch_dop_operator_v3 to 2025-05-14 00:15:00+00:00, run_after=2025-05-14 00:16:00+00:00
[2025-05-14T00:16:53.771+0000] {processor.py:183} INFO - Processing /home/airflow/.local/lib/python3.8/site-packages/airflow/example_dags/example_branch_python_dop_operator_3.py took 0.133 seconds
[2025-05-14T00:17:24.577+0000] {processor.py:161} INFO - Started process (PID=1042) to work on /home/airflow/.local/lib/python3.8/site-packages/airflow/example_dags/example_branch_python_dop_operator_3.py
[2025-05-14T00:17:24.579+0000] {processor.py:830} INFO - Processing file /home/airflow/.local/lib/python3.8/site-packages/airflow/example_dags/example_branch_python_dop_operator_3.py for tasks to queue
[2025-05-14T00:17:24.581+0000] {logging_mixin.py:188} INFO - [2025-05-14T00:17:24.581+0000] {dagbag.py:538} INFO - Filling up the DagBag from /home/airflow/.local/lib/python3.8/site-packages/airflow/example_dags/example_branch_python_dop_operator_3.py
[2025-05-14T00:17:24.594+0000] {processor.py:840} INFO - DAG(s) 'example_branch_dop_operator_v3' retrieved from /home/airflow/.local/lib/python3.8/site-packages/airflow/example_dags/example_branch_python_dop_operator_3.py
[2025-05-14T00:17:24.625+0000] {logging_mixin.py:188} INFO - [2025-05-14T00:17:24.625+0000] {dag.py:3036} INFO - Sync 1 DAGs
[2025-05-14T00:17:24.666+0000] {logging_mixin.py:188} INFO - [2025-05-14T00:17:24.666+0000] {dag.py:3823} INFO - Setting next_dagrun for example_branch_dop_operator_v3 to 2025-05-14 00:16:00+00:00, run_after=2025-05-14 00:17:00+00:00
[2025-05-14T00:17:24.706+0000] {processor.py:183} INFO - Processing /home/airflow/.local/lib/python3.8/site-packages/airflow/example_dags/example_branch_python_dop_operator_3.py took 0.132 seconds
[2025-05-14T00:17:54.917+0000] {processor.py:161} INFO - Started process (PID=1098) to work on /home/airflow/.local/lib/python3.8/site-packages/airflow/example_dags/example_branch_python_dop_operator_3.py
[2025-05-14T00:17:54.918+0000] {processor.py:830} INFO - Processing file /home/airflow/.local/lib/python3.8/site-packages/airflow/example_dags/example_branch_python_dop_operator_3.py for tasks to queue
[2025-05-14T00:17:54.922+0000] {logging_mixin.py:188} INFO - [2025-05-14T00:17:54.921+0000] {dagbag.py:538} INFO - Filling up the DagBag from /home/airflow/.local/lib/python3.8/site-packages/airflow/example_dags/example_branch_python_dop_operator_3.py
[2025-05-14T00:17:54.931+0000] {processor.py:840} INFO - DAG(s) 'example_branch_dop_operator_v3' retrieved from /home/airflow/.local/lib/python3.8/site-packages/airflow/example_dags/example_branch_python_dop_operator_3.py
[2025-05-14T00:17:54.977+0000] {logging_mixin.py:188} INFO - [2025-05-14T00:17:54.977+0000] {dag.py:3036} INFO - Sync 1 DAGs
[2025-05-14T00:17:55.030+0000] {logging_mixin.py:188} INFO - [2025-05-14T00:17:55.030+0000] {dag.py:3823} INFO - Setting next_dagrun for example_branch_dop_operator_v3 to 2025-05-14 00:16:00+00:00, run_after=2025-05-14 00:17:00+00:00
[2025-05-14T00:17:55.069+0000] {processor.py:183} INFO - Processing /home/airflow/.local/lib/python3.8/site-packages/airflow/example_dags/example_branch_python_dop_operator_3.py took 0.154 seconds
[2025-05-14T00:18:25.370+0000] {processor.py:161} INFO - Started process (PID=1155) to work on /home/airflow/.local/lib/python3.8/site-packages/airflow/example_dags/example_branch_python_dop_operator_3.py
[2025-05-14T00:18:25.371+0000] {processor.py:830} INFO - Processing file /home/airflow/.local/lib/python3.8/site-packages/airflow/example_dags/example_branch_python_dop_operator_3.py for tasks to queue
[2025-05-14T00:18:25.374+0000] {logging_mixin.py:188} INFO - [2025-05-14T00:18:25.373+0000] {dagbag.py:538} INFO - Filling up the DagBag from /home/airflow/.local/lib/python3.8/site-packages/airflow/example_dags/example_branch_python_dop_operator_3.py
[2025-05-14T00:18:25.385+0000] {processor.py:840} INFO - DAG(s) 'example_branch_dop_operator_v3' retrieved from /home/airflow/.local/lib/python3.8/site-packages/airflow/example_dags/example_branch_python_dop_operator_3.py
[2025-05-14T00:18:25.410+0000] {logging_mixin.py:188} INFO - [2025-05-14T00:18:25.410+0000] {dag.py:3036} INFO - Sync 1 DAGs
[2025-05-14T00:18:25.442+0000] {logging_mixin.py:188} INFO - [2025-05-14T00:18:25.442+0000] {dag.py:3823} INFO - Setting next_dagrun for example_branch_dop_operator_v3 to 2025-05-14 00:17:00+00:00, run_after=2025-05-14 00:18:00+00:00
[2025-05-14T00:18:25.490+0000] {processor.py:183} INFO - Processing /home/airflow/.local/lib/python3.8/site-packages/airflow/example_dags/example_branch_python_dop_operator_3.py took 0.123 seconds
[2025-05-14T00:18:55.656+0000] {processor.py:161} INFO - Started process (PID=1210) to work on /home/airflow/.local/lib/python3.8/site-packages/airflow/example_dags/example_branch_python_dop_operator_3.py
[2025-05-14T00:18:55.658+0000] {processor.py:830} INFO - Processing file /home/airflow/.local/lib/python3.8/site-packages/airflow/example_dags/example_branch_python_dop_operator_3.py for tasks to queue
[2025-05-14T00:18:55.667+0000] {logging_mixin.py:188} INFO - [2025-05-14T00:18:55.666+0000] {dagbag.py:538} INFO - Filling up the DagBag from /home/airflow/.local/lib/python3.8/site-packages/airflow/example_dags/example_branch_python_dop_operator_3.py
[2025-05-14T00:18:55.677+0000] {processor.py:840} INFO - DAG(s) 'example_branch_dop_operator_v3' retrieved from /home/airflow/.local/lib/python3.8/site-packages/airflow/example_dags/example_branch_python_dop_operator_3.py
[2025-05-14T00:18:55.701+0000] {logging_mixin.py:188} INFO - [2025-05-14T00:18:55.700+0000] {dag.py:3036} INFO - Sync 1 DAGs
[2025-05-14T00:18:55.757+0000] {logging_mixin.py:188} INFO - [2025-05-14T00:18:55.756+0000] {dag.py:3823} INFO - Setting next_dagrun for example_branch_dop_operator_v3 to 2025-05-14 00:17:00+00:00, run_after=2025-05-14 00:18:00+00:00
[2025-05-14T00:18:55.797+0000] {processor.py:183} INFO - Processing /home/airflow/.local/lib/python3.8/site-packages/airflow/example_dags/example_branch_python_dop_operator_3.py took 0.144 seconds
[2025-05-14T00:19:25.864+0000] {processor.py:161} INFO - Started process (PID=1266) to work on /home/airflow/.local/lib/python3.8/site-packages/airflow/example_dags/example_branch_python_dop_operator_3.py
[2025-05-14T00:19:25.865+0000] {processor.py:830} INFO - Processing file /home/airflow/.local/lib/python3.8/site-packages/airflow/example_dags/example_branch_python_dop_operator_3.py for tasks to queue
[2025-05-14T00:19:25.868+0000] {logging_mixin.py:188} INFO - [2025-05-14T00:19:25.868+0000] {dagbag.py:538} INFO - Filling up the DagBag from /home/airflow/.local/lib/python3.8/site-packages/airflow/example_dags/example_branch_python_dop_operator_3.py
[2025-05-14T00:19:25.880+0000] {processor.py:840} INFO - DAG(s) 'example_branch_dop_operator_v3' retrieved from /home/airflow/.local/lib/python3.8/site-packages/airflow/example_dags/example_branch_python_dop_operator_3.py
[2025-05-14T00:19:25.907+0000] {logging_mixin.py:188} INFO - [2025-05-14T00:19:25.907+0000] {dag.py:3036} INFO - Sync 1 DAGs
[2025-05-14T00:19:25.943+0000] {logging_mixin.py:188} INFO - [2025-05-14T00:19:25.943+0000] {dag.py:3823} INFO - Setting next_dagrun for example_branch_dop_operator_v3 to 2025-05-14 00:18:00+00:00, run_after=2025-05-14 00:19:00+00:00
[2025-05-14T00:19:25.972+0000] {processor.py:183} INFO - Processing /home/airflow/.local/lib/python3.8/site-packages/airflow/example_dags/example_branch_python_dop_operator_3.py took 0.112 seconds
[2025-05-14T00:19:56.154+0000] {processor.py:161} INFO - Started process (PID=1322) to work on /home/airflow/.local/lib/python3.8/site-packages/airflow/example_dags/example_branch_python_dop_operator_3.py
[2025-05-14T00:19:56.156+0000] {processor.py:830} INFO - Processing file /home/airflow/.local/lib/python3.8/site-packages/airflow/example_dags/example_branch_python_dop_operator_3.py for tasks to queue
[2025-05-14T00:19:56.160+0000] {logging_mixin.py:188} INFO - [2025-05-14T00:19:56.159+0000] {dagbag.py:538} INFO - Filling up the DagBag from /home/airflow/.local/lib/python3.8/site-packages/airflow/example_dags/example_branch_python_dop_operator_3.py
[2025-05-14T00:19:56.178+0000] {processor.py:840} INFO - DAG(s) 'example_branch_dop_operator_v3' retrieved from /home/airflow/.local/lib/python3.8/site-packages/airflow/example_dags/example_branch_python_dop_operator_3.py
[2025-05-14T00:19:56.230+0000] {logging_mixin.py:188} INFO - [2025-05-14T00:19:56.229+0000] {dag.py:3036} INFO - Sync 1 DAGs
[2025-05-14T00:19:56.274+0000] {logging_mixin.py:188} INFO - [2025-05-14T00:19:56.274+0000] {dag.py:3823} INFO - Setting next_dagrun for example_branch_dop_operator_v3 to 2025-05-14 00:18:00+00:00, run_after=2025-05-14 00:19:00+00:00
[2025-05-14T00:19:56.313+0000] {processor.py:183} INFO - Processing /home/airflow/.local/lib/python3.8/site-packages/airflow/example_dags/example_branch_python_dop_operator_3.py took 0.164 seconds
[2025-05-14T00:20:26.404+0000] {processor.py:161} INFO - Started process (PID=1378) to work on /home/airflow/.local/lib/python3.8/site-packages/airflow/example_dags/example_branch_python_dop_operator_3.py
[2025-05-14T00:20:26.406+0000] {processor.py:830} INFO - Processing file /home/airflow/.local/lib/python3.8/site-packages/airflow/example_dags/example_branch_python_dop_operator_3.py for tasks to queue
[2025-05-14T00:20:26.409+0000] {logging_mixin.py:188} INFO - [2025-05-14T00:20:26.408+0000] {dagbag.py:538} INFO - Filling up the DagBag from /home/airflow/.local/lib/python3.8/site-packages/airflow/example_dags/example_branch_python_dop_operator_3.py
[2025-05-14T00:20:26.420+0000] {processor.py:840} INFO - DAG(s) 'example_branch_dop_operator_v3' retrieved from /home/airflow/.local/lib/python3.8/site-packages/airflow/example_dags/example_branch_python_dop_operator_3.py
[2025-05-14T00:20:26.449+0000] {logging_mixin.py:188} INFO - [2025-05-14T00:20:26.449+0000] {dag.py:3036} INFO - Sync 1 DAGs
[2025-05-14T00:20:26.493+0000] {logging_mixin.py:188} INFO - [2025-05-14T00:20:26.492+0000] {dag.py:3823} INFO - Setting next_dagrun for example_branch_dop_operator_v3 to 2025-05-14 00:19:00+00:00, run_after=2025-05-14 00:20:00+00:00
[2025-05-14T00:20:26.561+0000] {processor.py:183} INFO - Processing /home/airflow/.local/lib/python3.8/site-packages/airflow/example_dags/example_branch_python_dop_operator_3.py took 0.161 seconds
[2025-05-14T00:20:56.767+0000] {processor.py:161} INFO - Started process (PID=1433) to work on /home/airflow/.local/lib/python3.8/site-packages/airflow/example_dags/example_branch_python_dop_operator_3.py
[2025-05-14T00:20:56.768+0000] {processor.py:830} INFO - Processing file /home/airflow/.local/lib/python3.8/site-packages/airflow/example_dags/example_branch_python_dop_operator_3.py for tasks to queue
[2025-05-14T00:20:56.772+0000] {logging_mixin.py:188} INFO - [2025-05-14T00:20:56.772+0000] {dagbag.py:538} INFO - Filling up the DagBag from /home/airflow/.local/lib/python3.8/site-packages/airflow/example_dags/example_branch_python_dop_operator_3.py
[2025-05-14T00:20:56.796+0000] {processor.py:840} INFO - DAG(s) 'example_branch_dop_operator_v3' retrieved from /home/airflow/.local/lib/python3.8/site-packages/airflow/example_dags/example_branch_python_dop_operator_3.py
[2025-05-14T00:20:56.835+0000] {logging_mixin.py:188} INFO - [2025-05-14T00:20:56.834+0000] {dag.py:3036} INFO - Sync 1 DAGs
[2025-05-14T00:20:56.882+0000] {logging_mixin.py:188} INFO - [2025-05-14T00:20:56.882+0000] {dag.py:3823} INFO - Setting next_dagrun for example_branch_dop_operator_v3 to 2025-05-14 00:19:00+00:00, run_after=2025-05-14 00:20:00+00:00
[2025-05-14T00:20:56.922+0000] {processor.py:183} INFO - Processing /home/airflow/.local/lib/python3.8/site-packages/airflow/example_dags/example_branch_python_dop_operator_3.py took 0.162 seconds
[2025-05-14T00:21:27.173+0000] {processor.py:161} INFO - Started process (PID=1489) to work on /home/airflow/.local/lib/python3.8/site-packages/airflow/example_dags/example_branch_python_dop_operator_3.py
[2025-05-14T00:21:27.175+0000] {processor.py:830} INFO - Processing file /home/airflow/.local/lib/python3.8/site-packages/airflow/example_dags/example_branch_python_dop_operator_3.py for tasks to queue
[2025-05-14T00:21:27.177+0000] {logging_mixin.py:188} INFO - [2025-05-14T00:21:27.176+0000] {dagbag.py:538} INFO - Filling up the DagBag from /home/airflow/.local/lib/python3.8/site-packages/airflow/example_dags/example_branch_python_dop_operator_3.py
[2025-05-14T00:21:27.189+0000] {processor.py:840} INFO - DAG(s) 'example_branch_dop_operator_v3' retrieved from /home/airflow/.local/lib/python3.8/site-packages/airflow/example_dags/example_branch_python_dop_operator_3.py
[2025-05-14T00:21:27.242+0000] {logging_mixin.py:188} INFO - [2025-05-14T00:21:27.241+0000] {dag.py:3036} INFO - Sync 1 DAGs
[2025-05-14T00:21:27.288+0000] {logging_mixin.py:188} INFO - [2025-05-14T00:21:27.287+0000] {dag.py:3823} INFO - Setting next_dagrun for example_branch_dop_operator_v3 to 2025-05-14 00:20:00+00:00, run_after=2025-05-14 00:21:00+00:00
[2025-05-14T00:21:27.318+0000] {processor.py:183} INFO - Processing /home/airflow/.local/lib/python3.8/site-packages/airflow/example_dags/example_branch_python_dop_operator_3.py took 0.148 seconds
[2025-05-14T00:21:57.977+0000] {processor.py:161} INFO - Started process (PID=1546) to work on /home/airflow/.local/lib/python3.8/site-packages/airflow/example_dags/example_branch_python_dop_operator_3.py
[2025-05-14T00:21:57.979+0000] {processor.py:830} INFO - Processing file /home/airflow/.local/lib/python3.8/site-packages/airflow/example_dags/example_branch_python_dop_operator_3.py for tasks to queue
[2025-05-14T00:21:57.985+0000] {logging_mixin.py:188} INFO - [2025-05-14T00:21:57.984+0000] {dagbag.py:538} INFO - Filling up the DagBag from /home/airflow/.local/lib/python3.8/site-packages/airflow/example_dags/example_branch_python_dop_operator_3.py
[2025-05-14T00:21:58.002+0000] {processor.py:840} INFO - DAG(s) 'example_branch_dop_operator_v3' retrieved from /home/airflow/.local/lib/python3.8/site-packages/airflow/example_dags/example_branch_python_dop_operator_3.py
[2025-05-14T00:21:58.040+0000] {logging_mixin.py:188} INFO - [2025-05-14T00:21:58.040+0000] {dag.py:3036} INFO - Sync 1 DAGs
[2025-05-14T00:21:58.081+0000] {logging_mixin.py:188} INFO - [2025-05-14T00:21:58.080+0000] {dag.py:3823} INFO - Setting next_dagrun for example_branch_dop_operator_v3 to 2025-05-14 00:20:00+00:00, run_after=2025-05-14 00:21:00+00:00
[2025-05-14T00:21:58.109+0000] {processor.py:183} INFO - Processing /home/airflow/.local/lib/python3.8/site-packages/airflow/example_dags/example_branch_python_dop_operator_3.py took 0.135 seconds
[2025-05-14T00:22:28.401+0000] {processor.py:161} INFO - Started process (PID=1601) to work on /home/airflow/.local/lib/python3.8/site-packages/airflow/example_dags/example_branch_python_dop_operator_3.py
[2025-05-14T00:22:28.402+0000] {processor.py:830} INFO - Processing file /home/airflow/.local/lib/python3.8/site-packages/airflow/example_dags/example_branch_python_dop_operator_3.py for tasks to queue
[2025-05-14T00:22:28.404+0000] {logging_mixin.py:188} INFO - [2025-05-14T00:22:28.403+0000] {dagbag.py:538} INFO - Filling up the DagBag from /home/airflow/.local/lib/python3.8/site-packages/airflow/example_dags/example_branch_python_dop_operator_3.py
[2025-05-14T00:22:28.412+0000] {processor.py:840} INFO - DAG(s) 'example_branch_dop_operator_v3' retrieved from /home/airflow/.local/lib/python3.8/site-packages/airflow/example_dags/example_branch_python_dop_operator_3.py
[2025-05-14T00:22:28.440+0000] {logging_mixin.py:188} INFO - [2025-05-14T00:22:28.440+0000] {dag.py:3036} INFO - Sync 1 DAGs
[2025-05-14T00:22:28.476+0000] {logging_mixin.py:188} INFO - [2025-05-14T00:22:28.476+0000] {dag.py:3823} INFO - Setting next_dagrun for example_branch_dop_operator_v3 to 2025-05-14 00:21:00+00:00, run_after=2025-05-14 00:22:00+00:00
[2025-05-14T00:22:28.508+0000] {processor.py:183} INFO - Processing /home/airflow/.local/lib/python3.8/site-packages/airflow/example_dags/example_branch_python_dop_operator_3.py took 0.110 seconds
[2025-05-14T00:22:58.763+0000] {processor.py:161} INFO - Started process (PID=1657) to work on /home/airflow/.local/lib/python3.8/site-packages/airflow/example_dags/example_branch_python_dop_operator_3.py
[2025-05-14T00:22:58.765+0000] {processor.py:830} INFO - Processing file /home/airflow/.local/lib/python3.8/site-packages/airflow/example_dags/example_branch_python_dop_operator_3.py for tasks to queue
[2025-05-14T00:22:58.767+0000] {logging_mixin.py:188} INFO - [2025-05-14T00:22:58.767+0000] {dagbag.py:538} INFO - Filling up the DagBag from /home/airflow/.local/lib/python3.8/site-packages/airflow/example_dags/example_branch_python_dop_operator_3.py
[2025-05-14T00:22:58.779+0000] {processor.py:840} INFO - DAG(s) 'example_branch_dop_operator_v3' retrieved from /home/airflow/.local/lib/python3.8/site-packages/airflow/example_dags/example_branch_python_dop_operator_3.py
[2025-05-14T00:22:58.875+0000] {logging_mixin.py:188} INFO - [2025-05-14T00:22:58.874+0000] {dag.py:3036} INFO - Sync 1 DAGs
[2025-05-14T00:22:58.971+0000] {logging_mixin.py:188} INFO - [2025-05-14T00:22:58.971+0000] {dag.py:3823} INFO - Setting next_dagrun for example_branch_dop_operator_v3 to 2025-05-14 00:21:00+00:00, run_after=2025-05-14 00:22:00+00:00
[2025-05-14T00:22:58.994+0000] {processor.py:183} INFO - Processing /home/airflow/.local/lib/python3.8/site-packages/airflow/example_dags/example_branch_python_dop_operator_3.py took 0.235 seconds
[2025-05-14T00:23:29.772+0000] {processor.py:161} INFO - Started process (PID=1713) to work on /home/airflow/.local/lib/python3.8/site-packages/airflow/example_dags/example_branch_python_dop_operator_3.py
[2025-05-14T00:23:29.773+0000] {processor.py:830} INFO - Processing file /home/airflow/.local/lib/python3.8/site-packages/airflow/example_dags/example_branch_python_dop_operator_3.py for tasks to queue
[2025-05-14T00:23:29.774+0000] {logging_mixin.py:188} INFO - [2025-05-14T00:23:29.774+0000] {dagbag.py:538} INFO - Filling up the DagBag from /home/airflow/.local/lib/python3.8/site-packages/airflow/example_dags/example_branch_python_dop_operator_3.py
[2025-05-14T00:23:29.783+0000] {processor.py:840} INFO - DAG(s) 'example_branch_dop_operator_v3' retrieved from /home/airflow/.local/lib/python3.8/site-packages/airflow/example_dags/example_branch_python_dop_operator_3.py
[2025-05-14T00:23:29.804+0000] {logging_mixin.py:188} INFO - [2025-05-14T00:23:29.804+0000] {dag.py:3036} INFO - Sync 1 DAGs
[2025-05-14T00:23:29.834+0000] {logging_mixin.py:188} INFO - [2025-05-14T00:23:29.833+0000] {dag.py:3823} INFO - Setting next_dagrun for example_branch_dop_operator_v3 to 2025-05-14 00:22:00+00:00, run_after=2025-05-14 00:23:00+00:00
[2025-05-14T00:23:29.862+0000] {processor.py:183} INFO - Processing /home/airflow/.local/lib/python3.8/site-packages/airflow/example_dags/example_branch_python_dop_operator_3.py took 0.093 seconds
