[2025-05-14T00:08:35.770+0000] {processor.py:161} INFO - Started process (PID=84) to work on /home/airflow/.local/lib/python3.8/site-packages/airflow/example_dags/example_short_circuit_decorator.py
[2025-05-14T00:08:35.785+0000] {processor.py:830} INFO - Processing file /home/airflow/.local/lib/python3.8/site-packages/airflow/example_dags/example_short_circuit_decorator.py for tasks to queue
[2025-05-14T00:08:35.809+0000] {logging_mixin.py:188} INFO - [2025-05-14T00:08:35.804+0000] {dagbag.py:538} INFO - Filling up the DagBag from /home/airflow/.local/lib/python3.8/site-packages/airflow/example_dags/example_short_circuit_decorator.py
[2025-05-14T00:08:36.047+0000] {processor.py:840} INFO - DAG(s) 'example_short_circuit_decorator' retrieved from /home/airflow/.local/lib/python3.8/site-packages/airflow/example_dags/example_short_circuit_decorator.py
[2025-05-14T00:08:37.010+0000] {logging_mixin.py:188} INFO - [2025-05-14T00:08:37.009+0000] {dag.py:3036} INFO - Sync 1 DAGs
[2025-05-14T00:08:37.214+0000] {logging_mixin.py:188} INFO - [2025-05-14T00:08:37.214+0000] {dag.py:3823} INFO - Setting next_dagrun for example_short_circuit_decorator to 2025-05-13 00:00:00+00:00, run_after=2025-05-14 00:00:00+00:00
[2025-05-14T00:08:37.319+0000] {processor.py:183} INFO - Processing /home/airflow/.local/lib/python3.8/site-packages/airflow/example_dags/example_short_circuit_decorator.py took 1.631 seconds
[2025-05-14T00:09:07.966+0000] {processor.py:161} INFO - Started process (PID=140) to work on /home/airflow/.local/lib/python3.8/site-packages/airflow/example_dags/example_short_circuit_decorator.py
[2025-05-14T00:09:07.968+0000] {processor.py:830} INFO - Processing file /home/airflow/.local/lib/python3.8/site-packages/airflow/example_dags/example_short_circuit_decorator.py for tasks to queue
[2025-05-14T00:09:07.969+0000] {logging_mixin.py:188} INFO - [2025-05-14T00:09:07.969+0000] {dagbag.py:538} INFO - Filling up the DagBag from /home/airflow/.local/lib/python3.8/site-packages/airflow/example_dags/example_short_circuit_decorator.py
[2025-05-14T00:09:07.981+0000] {processor.py:840} INFO - DAG(s) 'example_short_circuit_decorator' retrieved from /home/airflow/.local/lib/python3.8/site-packages/airflow/example_dags/example_short_circuit_decorator.py
[2025-05-14T00:09:08.009+0000] {logging_mixin.py:188} INFO - [2025-05-14T00:09:08.009+0000] {dag.py:3036} INFO - Sync 1 DAGs
[2025-05-14T00:09:08.039+0000] {logging_mixin.py:188} INFO - [2025-05-14T00:09:08.039+0000] {dag.py:3823} INFO - Setting next_dagrun for example_short_circuit_decorator to 2025-05-13 00:00:00+00:00, run_after=2025-05-14 00:00:00+00:00
[2025-05-14T00:09:08.073+0000] {processor.py:183} INFO - Processing /home/airflow/.local/lib/python3.8/site-packages/airflow/example_dags/example_short_circuit_decorator.py took 0.109 seconds
[2025-05-14T00:09:38.300+0000] {processor.py:161} INFO - Started process (PID=196) to work on /home/airflow/.local/lib/python3.8/site-packages/airflow/example_dags/example_short_circuit_decorator.py
[2025-05-14T00:09:38.302+0000] {processor.py:830} INFO - Processing file /home/airflow/.local/lib/python3.8/site-packages/airflow/example_dags/example_short_circuit_decorator.py for tasks to queue
[2025-05-14T00:09:38.306+0000] {logging_mixin.py:188} INFO - [2025-05-14T00:09:38.305+0000] {dagbag.py:538} INFO - Filling up the DagBag from /home/airflow/.local/lib/python3.8/site-packages/airflow/example_dags/example_short_circuit_decorator.py
[2025-05-14T00:09:38.318+0000] {processor.py:840} INFO - DAG(s) 'example_short_circuit_decorator' retrieved from /home/airflow/.local/lib/python3.8/site-packages/airflow/example_dags/example_short_circuit_decorator.py
[2025-05-14T00:09:38.358+0000] {logging_mixin.py:188} INFO - [2025-05-14T00:09:38.358+0000] {dag.py:3036} INFO - Sync 1 DAGs
[2025-05-14T00:09:38.410+0000] {logging_mixin.py:188} INFO - [2025-05-14T00:09:38.410+0000] {dag.py:3823} INFO - Setting next_dagrun for example_short_circuit_decorator to 2025-05-13 00:00:00+00:00, run_after=2025-05-14 00:00:00+00:00
[2025-05-14T00:09:38.456+0000] {processor.py:183} INFO - Processing /home/airflow/.local/lib/python3.8/site-packages/airflow/example_dags/example_short_circuit_decorator.py took 0.160 seconds
[2025-05-14T00:10:08.709+0000] {processor.py:161} INFO - Started process (PID=252) to work on /home/airflow/.local/lib/python3.8/site-packages/airflow/example_dags/example_short_circuit_decorator.py
[2025-05-14T00:10:08.711+0000] {processor.py:830} INFO - Processing file /home/airflow/.local/lib/python3.8/site-packages/airflow/example_dags/example_short_circuit_decorator.py for tasks to queue
[2025-05-14T00:10:08.713+0000] {logging_mixin.py:188} INFO - [2025-05-14T00:10:08.713+0000] {dagbag.py:538} INFO - Filling up the DagBag from /home/airflow/.local/lib/python3.8/site-packages/airflow/example_dags/example_short_circuit_decorator.py
[2025-05-14T00:10:08.726+0000] {processor.py:840} INFO - DAG(s) 'example_short_circuit_decorator' retrieved from /home/airflow/.local/lib/python3.8/site-packages/airflow/example_dags/example_short_circuit_decorator.py
[2025-05-14T00:10:08.760+0000] {logging_mixin.py:188} INFO - [2025-05-14T00:10:08.760+0000] {dag.py:3036} INFO - Sync 1 DAGs
[2025-05-14T00:10:08.789+0000] {logging_mixin.py:188} INFO - [2025-05-14T00:10:08.788+0000] {dag.py:3823} INFO - Setting next_dagrun for example_short_circuit_decorator to 2025-05-13 00:00:00+00:00, run_after=2025-05-14 00:00:00+00:00
[2025-05-14T00:10:08.826+0000] {processor.py:183} INFO - Processing /home/airflow/.local/lib/python3.8/site-packages/airflow/example_dags/example_short_circuit_decorator.py took 0.125 seconds
[2025-05-14T00:10:39.672+0000] {processor.py:161} INFO - Started process (PID=308) to work on /home/airflow/.local/lib/python3.8/site-packages/airflow/example_dags/example_short_circuit_decorator.py
[2025-05-14T00:10:39.673+0000] {processor.py:830} INFO - Processing file /home/airflow/.local/lib/python3.8/site-packages/airflow/example_dags/example_short_circuit_decorator.py for tasks to queue
[2025-05-14T00:10:39.676+0000] {logging_mixin.py:188} INFO - [2025-05-14T00:10:39.676+0000] {dagbag.py:538} INFO - Filling up the DagBag from /home/airflow/.local/lib/python3.8/site-packages/airflow/example_dags/example_short_circuit_decorator.py
[2025-05-14T00:10:39.685+0000] {processor.py:840} INFO - DAG(s) 'example_short_circuit_decorator' retrieved from /home/airflow/.local/lib/python3.8/site-packages/airflow/example_dags/example_short_circuit_decorator.py
[2025-05-14T00:10:39.722+0000] {logging_mixin.py:188} INFO - [2025-05-14T00:10:39.722+0000] {dag.py:3036} INFO - Sync 1 DAGs
[2025-05-14T00:10:39.746+0000] {logging_mixin.py:188} INFO - [2025-05-14T00:10:39.746+0000] {dag.py:3823} INFO - Setting next_dagrun for example_short_circuit_decorator to 2025-05-13 00:00:00+00:00, run_after=2025-05-14 00:00:00+00:00
[2025-05-14T00:10:39.771+0000] {processor.py:183} INFO - Processing /home/airflow/.local/lib/python3.8/site-packages/airflow/example_dags/example_short_circuit_decorator.py took 0.102 seconds
[2025-05-14T00:11:11.739+0000] {processor.py:161} INFO - Started process (PID=364) to work on /home/airflow/.local/lib/python3.8/site-packages/airflow/example_dags/example_short_circuit_decorator.py
[2025-05-14T00:11:11.741+0000] {processor.py:830} INFO - Processing file /home/airflow/.local/lib/python3.8/site-packages/airflow/example_dags/example_short_circuit_decorator.py for tasks to queue
[2025-05-14T00:11:11.762+0000] {logging_mixin.py:188} INFO - [2025-05-14T00:11:11.762+0000] {dagbag.py:538} INFO - Filling up the DagBag from /home/airflow/.local/lib/python3.8/site-packages/airflow/example_dags/example_short_circuit_decorator.py
[2025-05-14T00:11:11.787+0000] {processor.py:840} INFO - DAG(s) 'example_short_circuit_decorator' retrieved from /home/airflow/.local/lib/python3.8/site-packages/airflow/example_dags/example_short_circuit_decorator.py
[2025-05-14T00:11:11.832+0000] {logging_mixin.py:188} INFO - [2025-05-14T00:11:11.830+0000] {dag.py:3036} INFO - Sync 1 DAGs
[2025-05-14T00:11:11.923+0000] {logging_mixin.py:188} INFO - [2025-05-14T00:11:11.922+0000] {dag.py:3823} INFO - Setting next_dagrun for example_short_circuit_decorator to 2025-05-13 00:00:00+00:00, run_after=2025-05-14 00:00:00+00:00
[2025-05-14T00:11:11.953+0000] {processor.py:183} INFO - Processing /home/airflow/.local/lib/python3.8/site-packages/airflow/example_dags/example_short_circuit_decorator.py took 0.223 seconds
[2025-05-14T00:11:42.312+0000] {processor.py:161} INFO - Started process (PID=418) to work on /home/airflow/.local/lib/python3.8/site-packages/airflow/example_dags/example_short_circuit_decorator.py
[2025-05-14T00:11:42.315+0000] {processor.py:830} INFO - Processing file /home/airflow/.local/lib/python3.8/site-packages/airflow/example_dags/example_short_circuit_decorator.py for tasks to queue
[2025-05-14T00:11:42.321+0000] {logging_mixin.py:188} INFO - [2025-05-14T00:11:42.320+0000] {dagbag.py:538} INFO - Filling up the DagBag from /home/airflow/.local/lib/python3.8/site-packages/airflow/example_dags/example_short_circuit_decorator.py
[2025-05-14T00:11:42.349+0000] {processor.py:840} INFO - DAG(s) 'example_short_circuit_decorator' retrieved from /home/airflow/.local/lib/python3.8/site-packages/airflow/example_dags/example_short_circuit_decorator.py
[2025-05-14T00:11:42.414+0000] {logging_mixin.py:188} INFO - [2025-05-14T00:11:42.413+0000] {dag.py:3036} INFO - Sync 1 DAGs
[2025-05-14T00:11:42.481+0000] {logging_mixin.py:188} INFO - [2025-05-14T00:11:42.481+0000] {dag.py:3823} INFO - Setting next_dagrun for example_short_circuit_decorator to 2025-05-13 00:00:00+00:00, run_after=2025-05-14 00:00:00+00:00
[2025-05-14T00:11:42.521+0000] {processor.py:183} INFO - Processing /home/airflow/.local/lib/python3.8/site-packages/airflow/example_dags/example_short_circuit_decorator.py took 0.215 seconds
[2025-05-14T00:12:14.285+0000] {processor.py:161} INFO - Started process (PID=480) to work on /home/airflow/.local/lib/python3.8/site-packages/airflow/example_dags/example_short_circuit_decorator.py
[2025-05-14T00:12:14.287+0000] {processor.py:830} INFO - Processing file /home/airflow/.local/lib/python3.8/site-packages/airflow/example_dags/example_short_circuit_decorator.py for tasks to queue
[2025-05-14T00:12:14.289+0000] {logging_mixin.py:188} INFO - [2025-05-14T00:12:14.288+0000] {dagbag.py:538} INFO - Filling up the DagBag from /home/airflow/.local/lib/python3.8/site-packages/airflow/example_dags/example_short_circuit_decorator.py
[2025-05-14T00:12:14.302+0000] {processor.py:840} INFO - DAG(s) 'example_short_circuit_decorator' retrieved from /home/airflow/.local/lib/python3.8/site-packages/airflow/example_dags/example_short_circuit_decorator.py
[2025-05-14T00:12:14.339+0000] {logging_mixin.py:188} INFO - [2025-05-14T00:12:14.339+0000] {dag.py:3036} INFO - Sync 1 DAGs
[2025-05-14T00:12:14.373+0000] {logging_mixin.py:188} INFO - [2025-05-14T00:12:14.373+0000] {dag.py:3823} INFO - Setting next_dagrun for example_short_circuit_decorator to 2025-05-13 00:00:00+00:00, run_after=2025-05-14 00:00:00+00:00
[2025-05-14T00:12:14.398+0000] {processor.py:183} INFO - Processing /home/airflow/.local/lib/python3.8/site-packages/airflow/example_dags/example_short_circuit_decorator.py took 0.117 seconds
[2025-05-14T00:12:44.486+0000] {processor.py:161} INFO - Started process (PID=536) to work on /home/airflow/.local/lib/python3.8/site-packages/airflow/example_dags/example_short_circuit_decorator.py
[2025-05-14T00:12:44.487+0000] {processor.py:830} INFO - Processing file /home/airflow/.local/lib/python3.8/site-packages/airflow/example_dags/example_short_circuit_decorator.py for tasks to queue
[2025-05-14T00:12:44.491+0000] {logging_mixin.py:188} INFO - [2025-05-14T00:12:44.490+0000] {dagbag.py:538} INFO - Filling up the DagBag from /home/airflow/.local/lib/python3.8/site-packages/airflow/example_dags/example_short_circuit_decorator.py
[2025-05-14T00:12:44.503+0000] {processor.py:840} INFO - DAG(s) 'example_short_circuit_decorator' retrieved from /home/airflow/.local/lib/python3.8/site-packages/airflow/example_dags/example_short_circuit_decorator.py
[2025-05-14T00:12:44.534+0000] {logging_mixin.py:188} INFO - [2025-05-14T00:12:44.534+0000] {dag.py:3036} INFO - Sync 1 DAGs
[2025-05-14T00:12:44.565+0000] {logging_mixin.py:188} INFO - [2025-05-14T00:12:44.565+0000] {dag.py:3823} INFO - Setting next_dagrun for example_short_circuit_decorator to 2025-05-13 00:00:00+00:00, run_after=2025-05-14 00:00:00+00:00
[2025-05-14T00:12:44.599+0000] {processor.py:183} INFO - Processing /home/airflow/.local/lib/python3.8/site-packages/airflow/example_dags/example_short_circuit_decorator.py took 0.117 seconds
[2025-05-14T00:13:14.980+0000] {processor.py:161} INFO - Started process (PID=592) to work on /home/airflow/.local/lib/python3.8/site-packages/airflow/example_dags/example_short_circuit_decorator.py
[2025-05-14T00:13:14.982+0000] {processor.py:830} INFO - Processing file /home/airflow/.local/lib/python3.8/site-packages/airflow/example_dags/example_short_circuit_decorator.py for tasks to queue
[2025-05-14T00:13:14.994+0000] {logging_mixin.py:188} INFO - [2025-05-14T00:13:14.990+0000] {dagbag.py:538} INFO - Filling up the DagBag from /home/airflow/.local/lib/python3.8/site-packages/airflow/example_dags/example_short_circuit_decorator.py
[2025-05-14T00:13:15.030+0000] {processor.py:840} INFO - DAG(s) 'example_short_circuit_decorator' retrieved from /home/airflow/.local/lib/python3.8/site-packages/airflow/example_dags/example_short_circuit_decorator.py
[2025-05-14T00:13:15.085+0000] {logging_mixin.py:188} INFO - [2025-05-14T00:13:15.084+0000] {dag.py:3036} INFO - Sync 1 DAGs
[2025-05-14T00:13:15.122+0000] {logging_mixin.py:188} INFO - [2025-05-14T00:13:15.122+0000] {dag.py:3823} INFO - Setting next_dagrun for example_short_circuit_decorator to 2025-05-13 00:00:00+00:00, run_after=2025-05-14 00:00:00+00:00
[2025-05-14T00:13:15.200+0000] {processor.py:183} INFO - Processing /home/airflow/.local/lib/python3.8/site-packages/airflow/example_dags/example_short_circuit_decorator.py took 0.224 seconds
[2025-05-14T00:13:45.434+0000] {processor.py:161} INFO - Started process (PID=648) to work on /home/airflow/.local/lib/python3.8/site-packages/airflow/example_dags/example_short_circuit_decorator.py
[2025-05-14T00:13:45.436+0000] {processor.py:830} INFO - Processing file /home/airflow/.local/lib/python3.8/site-packages/airflow/example_dags/example_short_circuit_decorator.py for tasks to queue
[2025-05-14T00:13:45.438+0000] {logging_mixin.py:188} INFO - [2025-05-14T00:13:45.438+0000] {dagbag.py:538} INFO - Filling up the DagBag from /home/airflow/.local/lib/python3.8/site-packages/airflow/example_dags/example_short_circuit_decorator.py
[2025-05-14T00:13:45.450+0000] {processor.py:840} INFO - DAG(s) 'example_short_circuit_decorator' retrieved from /home/airflow/.local/lib/python3.8/site-packages/airflow/example_dags/example_short_circuit_decorator.py
[2025-05-14T00:13:45.494+0000] {logging_mixin.py:188} INFO - [2025-05-14T00:13:45.493+0000] {dag.py:3036} INFO - Sync 1 DAGs
[2025-05-14T00:13:45.575+0000] {logging_mixin.py:188} INFO - [2025-05-14T00:13:45.574+0000] {dag.py:3823} INFO - Setting next_dagrun for example_short_circuit_decorator to 2025-05-13 00:00:00+00:00, run_after=2025-05-14 00:00:00+00:00
[2025-05-14T00:13:45.642+0000] {processor.py:183} INFO - Processing /home/airflow/.local/lib/python3.8/site-packages/airflow/example_dags/example_short_circuit_decorator.py took 0.210 seconds
[2025-05-14T00:14:15.846+0000] {processor.py:161} INFO - Started process (PID=704) to work on /home/airflow/.local/lib/python3.8/site-packages/airflow/example_dags/example_short_circuit_decorator.py
[2025-05-14T00:14:15.848+0000] {processor.py:830} INFO - Processing file /home/airflow/.local/lib/python3.8/site-packages/airflow/example_dags/example_short_circuit_decorator.py for tasks to queue
[2025-05-14T00:14:15.850+0000] {logging_mixin.py:188} INFO - [2025-05-14T00:14:15.849+0000] {dagbag.py:538} INFO - Filling up the DagBag from /home/airflow/.local/lib/python3.8/site-packages/airflow/example_dags/example_short_circuit_decorator.py
[2025-05-14T00:14:15.861+0000] {processor.py:840} INFO - DAG(s) 'example_short_circuit_decorator' retrieved from /home/airflow/.local/lib/python3.8/site-packages/airflow/example_dags/example_short_circuit_decorator.py
[2025-05-14T00:14:15.892+0000] {logging_mixin.py:188} INFO - [2025-05-14T00:14:15.891+0000] {dag.py:3036} INFO - Sync 1 DAGs
[2025-05-14T00:14:15.921+0000] {logging_mixin.py:188} INFO - [2025-05-14T00:14:15.921+0000] {dag.py:3823} INFO - Setting next_dagrun for example_short_circuit_decorator to 2025-05-13 00:00:00+00:00, run_after=2025-05-14 00:00:00+00:00
[2025-05-14T00:14:15.987+0000] {processor.py:183} INFO - Processing /home/airflow/.local/lib/python3.8/site-packages/airflow/example_dags/example_short_circuit_decorator.py took 0.144 seconds
[2025-05-14T00:14:46.718+0000] {processor.py:161} INFO - Started process (PID=760) to work on /home/airflow/.local/lib/python3.8/site-packages/airflow/example_dags/example_short_circuit_decorator.py
[2025-05-14T00:14:46.719+0000] {processor.py:830} INFO - Processing file /home/airflow/.local/lib/python3.8/site-packages/airflow/example_dags/example_short_circuit_decorator.py for tasks to queue
[2025-05-14T00:14:46.724+0000] {logging_mixin.py:188} INFO - [2025-05-14T00:14:46.723+0000] {dagbag.py:538} INFO - Filling up the DagBag from /home/airflow/.local/lib/python3.8/site-packages/airflow/example_dags/example_short_circuit_decorator.py
[2025-05-14T00:14:46.736+0000] {processor.py:840} INFO - DAG(s) 'example_short_circuit_decorator' retrieved from /home/airflow/.local/lib/python3.8/site-packages/airflow/example_dags/example_short_circuit_decorator.py
[2025-05-14T00:14:46.772+0000] {logging_mixin.py:188} INFO - [2025-05-14T00:14:46.771+0000] {dag.py:3036} INFO - Sync 1 DAGs
[2025-05-14T00:14:46.804+0000] {logging_mixin.py:188} INFO - [2025-05-14T00:14:46.804+0000] {dag.py:3823} INFO - Setting next_dagrun for example_short_circuit_decorator to 2025-05-13 00:00:00+00:00, run_after=2025-05-14 00:00:00+00:00
[2025-05-14T00:14:46.833+0000] {processor.py:183} INFO - Processing /home/airflow/.local/lib/python3.8/site-packages/airflow/example_dags/example_short_circuit_decorator.py took 0.119 seconds
[2025-05-14T00:15:17.628+0000] {processor.py:161} INFO - Started process (PID=816) to work on /home/airflow/.local/lib/python3.8/site-packages/airflow/example_dags/example_short_circuit_decorator.py
[2025-05-14T00:15:17.629+0000] {processor.py:830} INFO - Processing file /home/airflow/.local/lib/python3.8/site-packages/airflow/example_dags/example_short_circuit_decorator.py for tasks to queue
[2025-05-14T00:15:17.631+0000] {logging_mixin.py:188} INFO - [2025-05-14T00:15:17.631+0000] {dagbag.py:538} INFO - Filling up the DagBag from /home/airflow/.local/lib/python3.8/site-packages/airflow/example_dags/example_short_circuit_decorator.py
[2025-05-14T00:15:17.645+0000] {processor.py:840} INFO - DAG(s) 'example_short_circuit_decorator' retrieved from /home/airflow/.local/lib/python3.8/site-packages/airflow/example_dags/example_short_circuit_decorator.py
[2025-05-14T00:15:17.697+0000] {logging_mixin.py:188} INFO - [2025-05-14T00:15:17.697+0000] {dag.py:3036} INFO - Sync 1 DAGs
[2025-05-14T00:15:17.740+0000] {logging_mixin.py:188} INFO - [2025-05-14T00:15:17.740+0000] {dag.py:3823} INFO - Setting next_dagrun for example_short_circuit_decorator to 2025-05-13 00:00:00+00:00, run_after=2025-05-14 00:00:00+00:00
[2025-05-14T00:15:17.825+0000] {processor.py:183} INFO - Processing /home/airflow/.local/lib/python3.8/site-packages/airflow/example_dags/example_short_circuit_decorator.py took 0.200 seconds
[2025-05-14T00:15:48.501+0000] {processor.py:161} INFO - Started process (PID=871) to work on /home/airflow/.local/lib/python3.8/site-packages/airflow/example_dags/example_short_circuit_decorator.py
[2025-05-14T00:15:48.507+0000] {processor.py:830} INFO - Processing file /home/airflow/.local/lib/python3.8/site-packages/airflow/example_dags/example_short_circuit_decorator.py for tasks to queue
[2025-05-14T00:15:48.512+0000] {logging_mixin.py:188} INFO - [2025-05-14T00:15:48.511+0000] {dagbag.py:538} INFO - Filling up the DagBag from /home/airflow/.local/lib/python3.8/site-packages/airflow/example_dags/example_short_circuit_decorator.py
[2025-05-14T00:15:48.535+0000] {processor.py:840} INFO - DAG(s) 'example_short_circuit_decorator' retrieved from /home/airflow/.local/lib/python3.8/site-packages/airflow/example_dags/example_short_circuit_decorator.py
[2025-05-14T00:15:48.592+0000] {logging_mixin.py:188} INFO - [2025-05-14T00:15:48.592+0000] {dag.py:3036} INFO - Sync 1 DAGs
[2025-05-14T00:15:48.637+0000] {logging_mixin.py:188} INFO - [2025-05-14T00:15:48.637+0000] {dag.py:3823} INFO - Setting next_dagrun for example_short_circuit_decorator to 2025-05-13 00:00:00+00:00, run_after=2025-05-14 00:00:00+00:00
[2025-05-14T00:15:48.675+0000] {processor.py:183} INFO - Processing /home/airflow/.local/lib/python3.8/site-packages/airflow/example_dags/example_short_circuit_decorator.py took 0.178 seconds
[2025-05-14T00:16:22.437+0000] {processor.py:161} INFO - Started process (PID=927) to work on /home/airflow/.local/lib/python3.8/site-packages/airflow/example_dags/example_short_circuit_decorator.py
[2025-05-14T00:16:22.439+0000] {processor.py:830} INFO - Processing file /home/airflow/.local/lib/python3.8/site-packages/airflow/example_dags/example_short_circuit_decorator.py for tasks to queue
[2025-05-14T00:16:22.441+0000] {logging_mixin.py:188} INFO - [2025-05-14T00:16:22.441+0000] {dagbag.py:538} INFO - Filling up the DagBag from /home/airflow/.local/lib/python3.8/site-packages/airflow/example_dags/example_short_circuit_decorator.py
[2025-05-14T00:16:22.457+0000] {processor.py:840} INFO - DAG(s) 'example_short_circuit_decorator' retrieved from /home/airflow/.local/lib/python3.8/site-packages/airflow/example_dags/example_short_circuit_decorator.py
[2025-05-14T00:16:22.503+0000] {logging_mixin.py:188} INFO - [2025-05-14T00:16:22.499+0000] {dag.py:3036} INFO - Sync 1 DAGs
[2025-05-14T00:16:22.564+0000] {logging_mixin.py:188} INFO - [2025-05-14T00:16:22.563+0000] {dag.py:3823} INFO - Setting next_dagrun for example_short_circuit_decorator to 2025-05-13 00:00:00+00:00, run_after=2025-05-14 00:00:00+00:00
[2025-05-14T00:16:22.634+0000] {processor.py:183} INFO - Processing /home/airflow/.local/lib/python3.8/site-packages/airflow/example_dags/example_short_circuit_decorator.py took 0.202 seconds
[2025-05-14T00:16:53.390+0000] {processor.py:161} INFO - Started process (PID=983) to work on /home/airflow/.local/lib/python3.8/site-packages/airflow/example_dags/example_short_circuit_decorator.py
[2025-05-14T00:16:53.391+0000] {processor.py:830} INFO - Processing file /home/airflow/.local/lib/python3.8/site-packages/airflow/example_dags/example_short_circuit_decorator.py for tasks to queue
[2025-05-14T00:16:53.395+0000] {logging_mixin.py:188} INFO - [2025-05-14T00:16:53.394+0000] {dagbag.py:538} INFO - Filling up the DagBag from /home/airflow/.local/lib/python3.8/site-packages/airflow/example_dags/example_short_circuit_decorator.py
[2025-05-14T00:16:53.411+0000] {processor.py:840} INFO - DAG(s) 'example_short_circuit_decorator' retrieved from /home/airflow/.local/lib/python3.8/site-packages/airflow/example_dags/example_short_circuit_decorator.py
[2025-05-14T00:16:53.458+0000] {logging_mixin.py:188} INFO - [2025-05-14T00:16:53.458+0000] {dag.py:3036} INFO - Sync 1 DAGs
[2025-05-14T00:16:53.506+0000] {logging_mixin.py:188} INFO - [2025-05-14T00:16:53.505+0000] {dag.py:3823} INFO - Setting next_dagrun for example_short_circuit_decorator to 2025-05-13 00:00:00+00:00, run_after=2025-05-14 00:00:00+00:00
[2025-05-14T00:16:53.556+0000] {processor.py:183} INFO - Processing /home/airflow/.local/lib/python3.8/site-packages/airflow/example_dags/example_short_circuit_decorator.py took 0.171 seconds
[2025-05-14T00:17:24.415+0000] {processor.py:161} INFO - Started process (PID=1040) to work on /home/airflow/.local/lib/python3.8/site-packages/airflow/example_dags/example_short_circuit_decorator.py
[2025-05-14T00:17:24.417+0000] {processor.py:830} INFO - Processing file /home/airflow/.local/lib/python3.8/site-packages/airflow/example_dags/example_short_circuit_decorator.py for tasks to queue
[2025-05-14T00:17:24.421+0000] {logging_mixin.py:188} INFO - [2025-05-14T00:17:24.420+0000] {dagbag.py:538} INFO - Filling up the DagBag from /home/airflow/.local/lib/python3.8/site-packages/airflow/example_dags/example_short_circuit_decorator.py
[2025-05-14T00:17:24.434+0000] {processor.py:840} INFO - DAG(s) 'example_short_circuit_decorator' retrieved from /home/airflow/.local/lib/python3.8/site-packages/airflow/example_dags/example_short_circuit_decorator.py
[2025-05-14T00:17:24.465+0000] {logging_mixin.py:188} INFO - [2025-05-14T00:17:24.465+0000] {dag.py:3036} INFO - Sync 1 DAGs
[2025-05-14T00:17:24.495+0000] {logging_mixin.py:188} INFO - [2025-05-14T00:17:24.494+0000] {dag.py:3823} INFO - Setting next_dagrun for example_short_circuit_decorator to 2025-05-13 00:00:00+00:00, run_after=2025-05-14 00:00:00+00:00
[2025-05-14T00:17:24.530+0000] {processor.py:183} INFO - Processing /home/airflow/.local/lib/python3.8/site-packages/airflow/example_dags/example_short_circuit_decorator.py took 0.120 seconds
[2025-05-14T00:17:54.689+0000] {processor.py:161} INFO - Started process (PID=1096) to work on /home/airflow/.local/lib/python3.8/site-packages/airflow/example_dags/example_short_circuit_decorator.py
[2025-05-14T00:17:54.690+0000] {processor.py:830} INFO - Processing file /home/airflow/.local/lib/python3.8/site-packages/airflow/example_dags/example_short_circuit_decorator.py for tasks to queue
[2025-05-14T00:17:54.692+0000] {logging_mixin.py:188} INFO - [2025-05-14T00:17:54.692+0000] {dagbag.py:538} INFO - Filling up the DagBag from /home/airflow/.local/lib/python3.8/site-packages/airflow/example_dags/example_short_circuit_decorator.py
[2025-05-14T00:17:54.701+0000] {processor.py:840} INFO - DAG(s) 'example_short_circuit_decorator' retrieved from /home/airflow/.local/lib/python3.8/site-packages/airflow/example_dags/example_short_circuit_decorator.py
[2025-05-14T00:17:54.730+0000] {logging_mixin.py:188} INFO - [2025-05-14T00:17:54.729+0000] {dag.py:3036} INFO - Sync 1 DAGs
[2025-05-14T00:17:54.762+0000] {logging_mixin.py:188} INFO - [2025-05-14T00:17:54.761+0000] {dag.py:3823} INFO - Setting next_dagrun for example_short_circuit_decorator to 2025-05-13 00:00:00+00:00, run_after=2025-05-14 00:00:00+00:00
[2025-05-14T00:17:54.790+0000] {processor.py:183} INFO - Processing /home/airflow/.local/lib/python3.8/site-packages/airflow/example_dags/example_short_circuit_decorator.py took 0.104 seconds
[2025-05-14T00:18:25.005+0000] {processor.py:161} INFO - Started process (PID=1152) to work on /home/airflow/.local/lib/python3.8/site-packages/airflow/example_dags/example_short_circuit_decorator.py
[2025-05-14T00:18:25.007+0000] {processor.py:830} INFO - Processing file /home/airflow/.local/lib/python3.8/site-packages/airflow/example_dags/example_short_circuit_decorator.py for tasks to queue
[2025-05-14T00:18:25.010+0000] {logging_mixin.py:188} INFO - [2025-05-14T00:18:25.009+0000] {dagbag.py:538} INFO - Filling up the DagBag from /home/airflow/.local/lib/python3.8/site-packages/airflow/example_dags/example_short_circuit_decorator.py
[2025-05-14T00:18:25.037+0000] {processor.py:840} INFO - DAG(s) 'example_short_circuit_decorator' retrieved from /home/airflow/.local/lib/python3.8/site-packages/airflow/example_dags/example_short_circuit_decorator.py
[2025-05-14T00:18:25.074+0000] {logging_mixin.py:188} INFO - [2025-05-14T00:18:25.074+0000] {dag.py:3036} INFO - Sync 1 DAGs
[2025-05-14T00:18:25.126+0000] {logging_mixin.py:188} INFO - [2025-05-14T00:18:25.125+0000] {dag.py:3823} INFO - Setting next_dagrun for example_short_circuit_decorator to 2025-05-13 00:00:00+00:00, run_after=2025-05-14 00:00:00+00:00
[2025-05-14T00:18:25.183+0000] {processor.py:183} INFO - Processing /home/airflow/.local/lib/python3.8/site-packages/airflow/example_dags/example_short_circuit_decorator.py took 0.181 seconds
[2025-05-14T00:18:55.371+0000] {processor.py:161} INFO - Started process (PID=1208) to work on /home/airflow/.local/lib/python3.8/site-packages/airflow/example_dags/example_short_circuit_decorator.py
[2025-05-14T00:18:55.373+0000] {processor.py:830} INFO - Processing file /home/airflow/.local/lib/python3.8/site-packages/airflow/example_dags/example_short_circuit_decorator.py for tasks to queue
[2025-05-14T00:18:55.375+0000] {logging_mixin.py:188} INFO - [2025-05-14T00:18:55.374+0000] {dagbag.py:538} INFO - Filling up the DagBag from /home/airflow/.local/lib/python3.8/site-packages/airflow/example_dags/example_short_circuit_decorator.py
[2025-05-14T00:18:55.384+0000] {processor.py:840} INFO - DAG(s) 'example_short_circuit_decorator' retrieved from /home/airflow/.local/lib/python3.8/site-packages/airflow/example_dags/example_short_circuit_decorator.py
[2025-05-14T00:18:55.427+0000] {logging_mixin.py:188} INFO - [2025-05-14T00:18:55.426+0000] {dag.py:3036} INFO - Sync 1 DAGs
[2025-05-14T00:18:55.460+0000] {logging_mixin.py:188} INFO - [2025-05-14T00:18:55.460+0000] {dag.py:3823} INFO - Setting next_dagrun for example_short_circuit_decorator to 2025-05-13 00:00:00+00:00, run_after=2025-05-14 00:00:00+00:00
[2025-05-14T00:18:55.511+0000] {processor.py:183} INFO - Processing /home/airflow/.local/lib/python3.8/site-packages/airflow/example_dags/example_short_circuit_decorator.py took 0.145 seconds
[2025-05-14T00:19:25.644+0000] {processor.py:161} INFO - Started process (PID=1264) to work on /home/airflow/.local/lib/python3.8/site-packages/airflow/example_dags/example_short_circuit_decorator.py
[2025-05-14T00:19:25.646+0000] {processor.py:830} INFO - Processing file /home/airflow/.local/lib/python3.8/site-packages/airflow/example_dags/example_short_circuit_decorator.py for tasks to queue
[2025-05-14T00:19:25.649+0000] {logging_mixin.py:188} INFO - [2025-05-14T00:19:25.648+0000] {dagbag.py:538} INFO - Filling up the DagBag from /home/airflow/.local/lib/python3.8/site-packages/airflow/example_dags/example_short_circuit_decorator.py
[2025-05-14T00:19:25.658+0000] {processor.py:840} INFO - DAG(s) 'example_short_circuit_decorator' retrieved from /home/airflow/.local/lib/python3.8/site-packages/airflow/example_dags/example_short_circuit_decorator.py
[2025-05-14T00:19:25.692+0000] {logging_mixin.py:188} INFO - [2025-05-14T00:19:25.691+0000] {dag.py:3036} INFO - Sync 1 DAGs
[2025-05-14T00:19:25.722+0000] {logging_mixin.py:188} INFO - [2025-05-14T00:19:25.721+0000] {dag.py:3823} INFO - Setting next_dagrun for example_short_circuit_decorator to 2025-05-13 00:00:00+00:00, run_after=2025-05-14 00:00:00+00:00
[2025-05-14T00:19:25.752+0000] {processor.py:183} INFO - Processing /home/airflow/.local/lib/python3.8/site-packages/airflow/example_dags/example_short_circuit_decorator.py took 0.111 seconds
[2025-05-14T00:19:55.849+0000] {processor.py:161} INFO - Started process (PID=1319) to work on /home/airflow/.local/lib/python3.8/site-packages/airflow/example_dags/example_short_circuit_decorator.py
[2025-05-14T00:19:55.851+0000] {processor.py:830} INFO - Processing file /home/airflow/.local/lib/python3.8/site-packages/airflow/example_dags/example_short_circuit_decorator.py for tasks to queue
[2025-05-14T00:19:55.854+0000] {logging_mixin.py:188} INFO - [2025-05-14T00:19:55.853+0000] {dagbag.py:538} INFO - Filling up the DagBag from /home/airflow/.local/lib/python3.8/site-packages/airflow/example_dags/example_short_circuit_decorator.py
[2025-05-14T00:19:55.866+0000] {processor.py:840} INFO - DAG(s) 'example_short_circuit_decorator' retrieved from /home/airflow/.local/lib/python3.8/site-packages/airflow/example_dags/example_short_circuit_decorator.py
[2025-05-14T00:19:55.901+0000] {logging_mixin.py:188} INFO - [2025-05-14T00:19:55.900+0000] {dag.py:3036} INFO - Sync 1 DAGs
[2025-05-14T00:19:55.939+0000] {logging_mixin.py:188} INFO - [2025-05-14T00:19:55.938+0000] {dag.py:3823} INFO - Setting next_dagrun for example_short_circuit_decorator to 2025-05-13 00:00:00+00:00, run_after=2025-05-14 00:00:00+00:00
[2025-05-14T00:19:55.976+0000] {processor.py:183} INFO - Processing /home/airflow/.local/lib/python3.8/site-packages/airflow/example_dags/example_short_circuit_decorator.py took 0.130 seconds
[2025-05-14T00:20:26.239+0000] {processor.py:161} INFO - Started process (PID=1375) to work on /home/airflow/.local/lib/python3.8/site-packages/airflow/example_dags/example_short_circuit_decorator.py
[2025-05-14T00:20:26.241+0000] {processor.py:830} INFO - Processing file /home/airflow/.local/lib/python3.8/site-packages/airflow/example_dags/example_short_circuit_decorator.py for tasks to queue
[2025-05-14T00:20:26.245+0000] {logging_mixin.py:188} INFO - [2025-05-14T00:20:26.244+0000] {dagbag.py:538} INFO - Filling up the DagBag from /home/airflow/.local/lib/python3.8/site-packages/airflow/example_dags/example_short_circuit_decorator.py
[2025-05-14T00:20:26.257+0000] {processor.py:840} INFO - DAG(s) 'example_short_circuit_decorator' retrieved from /home/airflow/.local/lib/python3.8/site-packages/airflow/example_dags/example_short_circuit_decorator.py
[2025-05-14T00:20:26.292+0000] {logging_mixin.py:188} INFO - [2025-05-14T00:20:26.291+0000] {dag.py:3036} INFO - Sync 1 DAGs
[2025-05-14T00:20:26.326+0000] {logging_mixin.py:188} INFO - [2025-05-14T00:20:26.325+0000] {dag.py:3823} INFO - Setting next_dagrun for example_short_circuit_decorator to 2025-05-13 00:00:00+00:00, run_after=2025-05-14 00:00:00+00:00
[2025-05-14T00:20:26.360+0000] {processor.py:183} INFO - Processing /home/airflow/.local/lib/python3.8/site-packages/airflow/example_dags/example_short_circuit_decorator.py took 0.125 seconds
[2025-05-14T00:20:56.430+0000] {processor.py:161} INFO - Started process (PID=1431) to work on /home/airflow/.local/lib/python3.8/site-packages/airflow/example_dags/example_short_circuit_decorator.py
[2025-05-14T00:20:56.432+0000] {processor.py:830} INFO - Processing file /home/airflow/.local/lib/python3.8/site-packages/airflow/example_dags/example_short_circuit_decorator.py for tasks to queue
[2025-05-14T00:20:56.435+0000] {logging_mixin.py:188} INFO - [2025-05-14T00:20:56.434+0000] {dagbag.py:538} INFO - Filling up the DagBag from /home/airflow/.local/lib/python3.8/site-packages/airflow/example_dags/example_short_circuit_decorator.py
[2025-05-14T00:20:56.446+0000] {processor.py:840} INFO - DAG(s) 'example_short_circuit_decorator' retrieved from /home/airflow/.local/lib/python3.8/site-packages/airflow/example_dags/example_short_circuit_decorator.py
[2025-05-14T00:20:56.476+0000] {logging_mixin.py:188} INFO - [2025-05-14T00:20:56.476+0000] {dag.py:3036} INFO - Sync 1 DAGs
[2025-05-14T00:20:56.528+0000] {logging_mixin.py:188} INFO - [2025-05-14T00:20:56.528+0000] {dag.py:3823} INFO - Setting next_dagrun for example_short_circuit_decorator to 2025-05-13 00:00:00+00:00, run_after=2025-05-14 00:00:00+00:00
[2025-05-14T00:20:56.606+0000] {processor.py:183} INFO - Processing /home/airflow/.local/lib/python3.8/site-packages/airflow/example_dags/example_short_circuit_decorator.py took 0.179 seconds
[2025-05-14T00:21:26.994+0000] {processor.py:161} INFO - Started process (PID=1487) to work on /home/airflow/.local/lib/python3.8/site-packages/airflow/example_dags/example_short_circuit_decorator.py
[2025-05-14T00:21:26.996+0000] {processor.py:830} INFO - Processing file /home/airflow/.local/lib/python3.8/site-packages/airflow/example_dags/example_short_circuit_decorator.py for tasks to queue
[2025-05-14T00:21:26.998+0000] {logging_mixin.py:188} INFO - [2025-05-14T00:21:26.998+0000] {dagbag.py:538} INFO - Filling up the DagBag from /home/airflow/.local/lib/python3.8/site-packages/airflow/example_dags/example_short_circuit_decorator.py
[2025-05-14T00:21:27.010+0000] {processor.py:840} INFO - DAG(s) 'example_short_circuit_decorator' retrieved from /home/airflow/.local/lib/python3.8/site-packages/airflow/example_dags/example_short_circuit_decorator.py
[2025-05-14T00:21:27.045+0000] {logging_mixin.py:188} INFO - [2025-05-14T00:21:27.044+0000] {dag.py:3036} INFO - Sync 1 DAGs
[2025-05-14T00:21:27.102+0000] {logging_mixin.py:188} INFO - [2025-05-14T00:21:27.101+0000] {dag.py:3823} INFO - Setting next_dagrun for example_short_circuit_decorator to 2025-05-13 00:00:00+00:00, run_after=2025-05-14 00:00:00+00:00
[2025-05-14T00:21:27.136+0000] {processor.py:183} INFO - Processing /home/airflow/.local/lib/python3.8/site-packages/airflow/example_dags/example_short_circuit_decorator.py took 0.146 seconds
[2025-05-14T00:21:57.713+0000] {processor.py:161} INFO - Started process (PID=1544) to work on /home/airflow/.local/lib/python3.8/site-packages/airflow/example_dags/example_short_circuit_decorator.py
[2025-05-14T00:21:57.715+0000] {processor.py:830} INFO - Processing file /home/airflow/.local/lib/python3.8/site-packages/airflow/example_dags/example_short_circuit_decorator.py for tasks to queue
[2025-05-14T00:21:57.720+0000] {logging_mixin.py:188} INFO - [2025-05-14T00:21:57.719+0000] {dagbag.py:538} INFO - Filling up the DagBag from /home/airflow/.local/lib/python3.8/site-packages/airflow/example_dags/example_short_circuit_decorator.py
[2025-05-14T00:21:57.736+0000] {processor.py:840} INFO - DAG(s) 'example_short_circuit_decorator' retrieved from /home/airflow/.local/lib/python3.8/site-packages/airflow/example_dags/example_short_circuit_decorator.py
[2025-05-14T00:21:57.779+0000] {logging_mixin.py:188} INFO - [2025-05-14T00:21:57.779+0000] {dag.py:3036} INFO - Sync 1 DAGs
[2025-05-14T00:21:57.832+0000] {logging_mixin.py:188} INFO - [2025-05-14T00:21:57.831+0000] {dag.py:3823} INFO - Setting next_dagrun for example_short_circuit_decorator to 2025-05-13 00:00:00+00:00, run_after=2025-05-14 00:00:00+00:00
[2025-05-14T00:21:57.873+0000] {processor.py:183} INFO - Processing /home/airflow/.local/lib/python3.8/site-packages/airflow/example_dags/example_short_circuit_decorator.py took 0.163 seconds
[2025-05-14T00:22:28.190+0000] {processor.py:161} INFO - Started process (PID=1599) to work on /home/airflow/.local/lib/python3.8/site-packages/airflow/example_dags/example_short_circuit_decorator.py
[2025-05-14T00:22:28.191+0000] {processor.py:830} INFO - Processing file /home/airflow/.local/lib/python3.8/site-packages/airflow/example_dags/example_short_circuit_decorator.py for tasks to queue
[2025-05-14T00:22:28.193+0000] {logging_mixin.py:188} INFO - [2025-05-14T00:22:28.192+0000] {dagbag.py:538} INFO - Filling up the DagBag from /home/airflow/.local/lib/python3.8/site-packages/airflow/example_dags/example_short_circuit_decorator.py
[2025-05-14T00:22:28.203+0000] {processor.py:840} INFO - DAG(s) 'example_short_circuit_decorator' retrieved from /home/airflow/.local/lib/python3.8/site-packages/airflow/example_dags/example_short_circuit_decorator.py
[2025-05-14T00:22:28.240+0000] {logging_mixin.py:188} INFO - [2025-05-14T00:22:28.239+0000] {dag.py:3036} INFO - Sync 1 DAGs
[2025-05-14T00:22:28.276+0000] {logging_mixin.py:188} INFO - [2025-05-14T00:22:28.276+0000] {dag.py:3823} INFO - Setting next_dagrun for example_short_circuit_decorator to 2025-05-13 00:00:00+00:00, run_after=2025-05-14 00:00:00+00:00
[2025-05-14T00:22:28.304+0000] {processor.py:183} INFO - Processing /home/airflow/.local/lib/python3.8/site-packages/airflow/example_dags/example_short_circuit_decorator.py took 0.117 seconds
[2025-05-14T00:22:58.463+0000] {processor.py:161} INFO - Started process (PID=1655) to work on /home/airflow/.local/lib/python3.8/site-packages/airflow/example_dags/example_short_circuit_decorator.py
[2025-05-14T00:22:58.464+0000] {processor.py:830} INFO - Processing file /home/airflow/.local/lib/python3.8/site-packages/airflow/example_dags/example_short_circuit_decorator.py for tasks to queue
[2025-05-14T00:22:58.467+0000] {logging_mixin.py:188} INFO - [2025-05-14T00:22:58.467+0000] {dagbag.py:538} INFO - Filling up the DagBag from /home/airflow/.local/lib/python3.8/site-packages/airflow/example_dags/example_short_circuit_decorator.py
[2025-05-14T00:22:58.479+0000] {processor.py:840} INFO - DAG(s) 'example_short_circuit_decorator' retrieved from /home/airflow/.local/lib/python3.8/site-packages/airflow/example_dags/example_short_circuit_decorator.py
[2025-05-14T00:22:58.518+0000] {logging_mixin.py:188} INFO - [2025-05-14T00:22:58.517+0000] {dag.py:3036} INFO - Sync 1 DAGs
[2025-05-14T00:22:58.577+0000] {logging_mixin.py:188} INFO - [2025-05-14T00:22:58.576+0000] {dag.py:3823} INFO - Setting next_dagrun for example_short_circuit_decorator to 2025-05-13 00:00:00+00:00, run_after=2025-05-14 00:00:00+00:00
[2025-05-14T00:22:58.622+0000] {processor.py:183} INFO - Processing /home/airflow/.local/lib/python3.8/site-packages/airflow/example_dags/example_short_circuit_decorator.py took 0.163 seconds
[2025-05-14T00:23:29.610+0000] {processor.py:161} INFO - Started process (PID=1711) to work on /home/airflow/.local/lib/python3.8/site-packages/airflow/example_dags/example_short_circuit_decorator.py
[2025-05-14T00:23:29.611+0000] {processor.py:830} INFO - Processing file /home/airflow/.local/lib/python3.8/site-packages/airflow/example_dags/example_short_circuit_decorator.py for tasks to queue
[2025-05-14T00:23:29.613+0000] {logging_mixin.py:188} INFO - [2025-05-14T00:23:29.613+0000] {dagbag.py:538} INFO - Filling up the DagBag from /home/airflow/.local/lib/python3.8/site-packages/airflow/example_dags/example_short_circuit_decorator.py
[2025-05-14T00:23:29.622+0000] {processor.py:840} INFO - DAG(s) 'example_short_circuit_decorator' retrieved from /home/airflow/.local/lib/python3.8/site-packages/airflow/example_dags/example_short_circuit_decorator.py
[2025-05-14T00:23:29.647+0000] {logging_mixin.py:188} INFO - [2025-05-14T00:23:29.647+0000] {dag.py:3036} INFO - Sync 1 DAGs
[2025-05-14T00:23:29.672+0000] {logging_mixin.py:188} INFO - [2025-05-14T00:23:29.672+0000] {dag.py:3823} INFO - Setting next_dagrun for example_short_circuit_decorator to 2025-05-13 00:00:00+00:00, run_after=2025-05-14 00:00:00+00:00
[2025-05-14T00:23:29.697+0000] {processor.py:183} INFO - Processing /home/airflow/.local/lib/python3.8/site-packages/airflow/example_dags/example_short_circuit_decorator.py took 0.091 seconds
