[2025-05-14T00:08:37.752+0000] {processor.py:161} INFO - Started process (PID=87) to work on /home/airflow/.local/lib/python3.8/site-packages/airflow/example_dags/example_complex.py
[2025-05-14T00:08:37.753+0000] {processor.py:830} INFO - Processing file /home/airflow/.local/lib/python3.8/site-packages/airflow/example_dags/example_complex.py for tasks to queue
[2025-05-14T00:08:37.776+0000] {logging_mixin.py:188} INFO - [2025-05-14T00:08:37.760+0000] {dagbag.py:538} INFO - Filling up the DagBag from /home/airflow/.local/lib/python3.8/site-packages/airflow/example_dags/example_complex.py
[2025-05-14T00:08:37.873+0000] {processor.py:840} INFO - DAG(s) 'example_complex' retrieved from /home/airflow/.local/lib/python3.8/site-packages/airflow/example_dags/example_complex.py
[2025-05-14T00:08:39.002+0000] {logging_mixin.py:188} INFO - [2025-05-14T00:08:39.002+0000] {dag.py:3036} INFO - Sync 1 DAGs
[2025-05-14T00:08:39.185+0000] {logging_mixin.py:188} INFO - [2025-05-14T00:08:39.185+0000] {dag.py:3823} INFO - Setting next_dagrun for example_complex to None, run_after=None
[2025-05-14T00:08:39.327+0000] {processor.py:183} INFO - Processing /home/airflow/.local/lib/python3.8/site-packages/airflow/example_dags/example_complex.py took 1.588 seconds
[2025-05-14T00:09:10.141+0000] {processor.py:161} INFO - Started process (PID=143) to work on /home/airflow/.local/lib/python3.8/site-packages/airflow/example_dags/example_complex.py
[2025-05-14T00:09:10.143+0000] {processor.py:830} INFO - Processing file /home/airflow/.local/lib/python3.8/site-packages/airflow/example_dags/example_complex.py for tasks to queue
[2025-05-14T00:09:10.146+0000] {logging_mixin.py:188} INFO - [2025-05-14T00:09:10.146+0000] {dagbag.py:538} INFO - Filling up the DagBag from /home/airflow/.local/lib/python3.8/site-packages/airflow/example_dags/example_complex.py
[2025-05-14T00:09:10.161+0000] {processor.py:840} INFO - DAG(s) 'example_complex' retrieved from /home/airflow/.local/lib/python3.8/site-packages/airflow/example_dags/example_complex.py
[2025-05-14T00:09:10.204+0000] {logging_mixin.py:188} INFO - [2025-05-14T00:09:10.204+0000] {dag.py:3036} INFO - Sync 1 DAGs
[2025-05-14T00:09:10.221+0000] {logging_mixin.py:188} INFO - [2025-05-14T00:09:10.221+0000] {dag.py:3823} INFO - Setting next_dagrun for example_complex to None, run_after=None
[2025-05-14T00:09:10.275+0000] {processor.py:183} INFO - Processing /home/airflow/.local/lib/python3.8/site-packages/airflow/example_dags/example_complex.py took 0.138 seconds
[2025-05-14T00:09:40.627+0000] {processor.py:161} INFO - Started process (PID=199) to work on /home/airflow/.local/lib/python3.8/site-packages/airflow/example_dags/example_complex.py
[2025-05-14T00:09:40.631+0000] {processor.py:830} INFO - Processing file /home/airflow/.local/lib/python3.8/site-packages/airflow/example_dags/example_complex.py for tasks to queue
[2025-05-14T00:09:40.674+0000] {logging_mixin.py:188} INFO - [2025-05-14T00:09:40.674+0000] {dagbag.py:538} INFO - Filling up the DagBag from /home/airflow/.local/lib/python3.8/site-packages/airflow/example_dags/example_complex.py
[2025-05-14T00:09:40.814+0000] {processor.py:840} INFO - DAG(s) 'example_complex' retrieved from /home/airflow/.local/lib/python3.8/site-packages/airflow/example_dags/example_complex.py
[2025-05-14T00:09:41.686+0000] {logging_mixin.py:188} INFO - [2025-05-14T00:09:41.686+0000] {dag.py:3036} INFO - Sync 1 DAGs
[2025-05-14T00:09:41.751+0000] {logging_mixin.py:188} INFO - [2025-05-14T00:09:41.750+0000] {dag.py:3823} INFO - Setting next_dagrun for example_complex to None, run_after=None
[2025-05-14T00:09:41.799+0000] {processor.py:183} INFO - Processing /home/airflow/.local/lib/python3.8/site-packages/airflow/example_dags/example_complex.py took 1.201 seconds
[2025-05-14T00:10:11.925+0000] {processor.py:161} INFO - Started process (PID=255) to work on /home/airflow/.local/lib/python3.8/site-packages/airflow/example_dags/example_complex.py
[2025-05-14T00:10:11.927+0000] {processor.py:830} INFO - Processing file /home/airflow/.local/lib/python3.8/site-packages/airflow/example_dags/example_complex.py for tasks to queue
[2025-05-14T00:10:11.929+0000] {logging_mixin.py:188} INFO - [2025-05-14T00:10:11.929+0000] {dagbag.py:538} INFO - Filling up the DagBag from /home/airflow/.local/lib/python3.8/site-packages/airflow/example_dags/example_complex.py
[2025-05-14T00:10:11.939+0000] {processor.py:840} INFO - DAG(s) 'example_complex' retrieved from /home/airflow/.local/lib/python3.8/site-packages/airflow/example_dags/example_complex.py
[2025-05-14T00:10:11.973+0000] {logging_mixin.py:188} INFO - [2025-05-14T00:10:11.972+0000] {dag.py:3036} INFO - Sync 1 DAGs
[2025-05-14T00:10:11.988+0000] {logging_mixin.py:188} INFO - [2025-05-14T00:10:11.988+0000] {dag.py:3823} INFO - Setting next_dagrun for example_complex to None, run_after=None
[2025-05-14T00:10:12.020+0000] {processor.py:183} INFO - Processing /home/airflow/.local/lib/python3.8/site-packages/airflow/example_dags/example_complex.py took 0.098 seconds
[2025-05-14T00:10:42.838+0000] {processor.py:161} INFO - Started process (PID=311) to work on /home/airflow/.local/lib/python3.8/site-packages/airflow/example_dags/example_complex.py
[2025-05-14T00:10:42.840+0000] {processor.py:830} INFO - Processing file /home/airflow/.local/lib/python3.8/site-packages/airflow/example_dags/example_complex.py for tasks to queue
[2025-05-14T00:10:42.842+0000] {logging_mixin.py:188} INFO - [2025-05-14T00:10:42.842+0000] {dagbag.py:538} INFO - Filling up the DagBag from /home/airflow/.local/lib/python3.8/site-packages/airflow/example_dags/example_complex.py
[2025-05-14T00:10:42.852+0000] {processor.py:840} INFO - DAG(s) 'example_complex' retrieved from /home/airflow/.local/lib/python3.8/site-packages/airflow/example_dags/example_complex.py
[2025-05-14T00:10:42.890+0000] {logging_mixin.py:188} INFO - [2025-05-14T00:10:42.890+0000] {dag.py:3036} INFO - Sync 1 DAGs
[2025-05-14T00:10:42.902+0000] {logging_mixin.py:188} INFO - [2025-05-14T00:10:42.902+0000] {dag.py:3823} INFO - Setting next_dagrun for example_complex to None, run_after=None
[2025-05-14T00:10:42.934+0000] {processor.py:183} INFO - Processing /home/airflow/.local/lib/python3.8/site-packages/airflow/example_dags/example_complex.py took 0.098 seconds
[2025-05-14T00:11:13.153+0000] {processor.py:161} INFO - Started process (PID=367) to work on /home/airflow/.local/lib/python3.8/site-packages/airflow/example_dags/example_complex.py
[2025-05-14T00:11:13.155+0000] {processor.py:830} INFO - Processing file /home/airflow/.local/lib/python3.8/site-packages/airflow/example_dags/example_complex.py for tasks to queue
[2025-05-14T00:11:13.157+0000] {logging_mixin.py:188} INFO - [2025-05-14T00:11:13.157+0000] {dagbag.py:538} INFO - Filling up the DagBag from /home/airflow/.local/lib/python3.8/site-packages/airflow/example_dags/example_complex.py
[2025-05-14T00:11:13.172+0000] {processor.py:840} INFO - DAG(s) 'example_complex' retrieved from /home/airflow/.local/lib/python3.8/site-packages/airflow/example_dags/example_complex.py
[2025-05-14T00:11:13.271+0000] {logging_mixin.py:188} INFO - [2025-05-14T00:11:13.271+0000] {dag.py:3036} INFO - Sync 1 DAGs
[2025-05-14T00:11:13.310+0000] {logging_mixin.py:188} INFO - [2025-05-14T00:11:13.310+0000] {dag.py:3823} INFO - Setting next_dagrun for example_complex to None, run_after=None
[2025-05-14T00:11:13.341+0000] {processor.py:183} INFO - Processing /home/airflow/.local/lib/python3.8/site-packages/airflow/example_dags/example_complex.py took 0.191 seconds
[2025-05-14T00:11:43.722+0000] {processor.py:161} INFO - Started process (PID=421) to work on /home/airflow/.local/lib/python3.8/site-packages/airflow/example_dags/example_complex.py
[2025-05-14T00:11:43.725+0000] {processor.py:830} INFO - Processing file /home/airflow/.local/lib/python3.8/site-packages/airflow/example_dags/example_complex.py for tasks to queue
[2025-05-14T00:11:43.727+0000] {logging_mixin.py:188} INFO - [2025-05-14T00:11:43.726+0000] {dagbag.py:538} INFO - Filling up the DagBag from /home/airflow/.local/lib/python3.8/site-packages/airflow/example_dags/example_complex.py
[2025-05-14T00:11:43.740+0000] {processor.py:840} INFO - DAG(s) 'example_complex' retrieved from /home/airflow/.local/lib/python3.8/site-packages/airflow/example_dags/example_complex.py
[2025-05-14T00:11:43.788+0000] {logging_mixin.py:188} INFO - [2025-05-14T00:11:43.788+0000] {dag.py:3036} INFO - Sync 1 DAGs
[2025-05-14T00:11:43.803+0000] {logging_mixin.py:188} INFO - [2025-05-14T00:11:43.802+0000] {dag.py:3823} INFO - Setting next_dagrun for example_complex to None, run_after=None
[2025-05-14T00:11:43.830+0000] {processor.py:183} INFO - Processing /home/airflow/.local/lib/python3.8/site-packages/airflow/example_dags/example_complex.py took 0.117 seconds
[2025-05-14T00:12:14.485+0000] {processor.py:161} INFO - Started process (PID=483) to work on /home/airflow/.local/lib/python3.8/site-packages/airflow/example_dags/example_complex.py
[2025-05-14T00:12:14.489+0000] {processor.py:830} INFO - Processing file /home/airflow/.local/lib/python3.8/site-packages/airflow/example_dags/example_complex.py for tasks to queue
[2025-05-14T00:12:14.492+0000] {logging_mixin.py:188} INFO - [2025-05-14T00:12:14.491+0000] {dagbag.py:538} INFO - Filling up the DagBag from /home/airflow/.local/lib/python3.8/site-packages/airflow/example_dags/example_complex.py
[2025-05-14T00:12:14.505+0000] {processor.py:840} INFO - DAG(s) 'example_complex' retrieved from /home/airflow/.local/lib/python3.8/site-packages/airflow/example_dags/example_complex.py
[2025-05-14T00:12:14.545+0000] {logging_mixin.py:188} INFO - [2025-05-14T00:12:14.545+0000] {dag.py:3036} INFO - Sync 1 DAGs
[2025-05-14T00:12:14.564+0000] {logging_mixin.py:188} INFO - [2025-05-14T00:12:14.564+0000] {dag.py:3823} INFO - Setting next_dagrun for example_complex to None, run_after=None
[2025-05-14T00:12:14.601+0000] {processor.py:183} INFO - Processing /home/airflow/.local/lib/python3.8/site-packages/airflow/example_dags/example_complex.py took 0.121 seconds
[2025-05-14T00:12:44.778+0000] {processor.py:161} INFO - Started process (PID=539) to work on /home/airflow/.local/lib/python3.8/site-packages/airflow/example_dags/example_complex.py
[2025-05-14T00:12:44.779+0000] {processor.py:830} INFO - Processing file /home/airflow/.local/lib/python3.8/site-packages/airflow/example_dags/example_complex.py for tasks to queue
[2025-05-14T00:12:44.781+0000] {logging_mixin.py:188} INFO - [2025-05-14T00:12:44.780+0000] {dagbag.py:538} INFO - Filling up the DagBag from /home/airflow/.local/lib/python3.8/site-packages/airflow/example_dags/example_complex.py
[2025-05-14T00:12:44.792+0000] {processor.py:840} INFO - DAG(s) 'example_complex' retrieved from /home/airflow/.local/lib/python3.8/site-packages/airflow/example_dags/example_complex.py
[2025-05-14T00:12:44.826+0000] {logging_mixin.py:188} INFO - [2025-05-14T00:12:44.825+0000] {dag.py:3036} INFO - Sync 1 DAGs
[2025-05-14T00:12:44.841+0000] {logging_mixin.py:188} INFO - [2025-05-14T00:12:44.840+0000] {dag.py:3823} INFO - Setting next_dagrun for example_complex to None, run_after=None
[2025-05-14T00:12:44.864+0000] {processor.py:183} INFO - Processing /home/airflow/.local/lib/python3.8/site-packages/airflow/example_dags/example_complex.py took 0.089 seconds
[2025-05-14T00:13:15.413+0000] {processor.py:161} INFO - Started process (PID=595) to work on /home/airflow/.local/lib/python3.8/site-packages/airflow/example_dags/example_complex.py
[2025-05-14T00:13:15.415+0000] {processor.py:830} INFO - Processing file /home/airflow/.local/lib/python3.8/site-packages/airflow/example_dags/example_complex.py for tasks to queue
[2025-05-14T00:13:15.420+0000] {logging_mixin.py:188} INFO - [2025-05-14T00:13:15.419+0000] {dagbag.py:538} INFO - Filling up the DagBag from /home/airflow/.local/lib/python3.8/site-packages/airflow/example_dags/example_complex.py
[2025-05-14T00:13:15.437+0000] {processor.py:840} INFO - DAG(s) 'example_complex' retrieved from /home/airflow/.local/lib/python3.8/site-packages/airflow/example_dags/example_complex.py
[2025-05-14T00:13:15.476+0000] {logging_mixin.py:188} INFO - [2025-05-14T00:13:15.476+0000] {dag.py:3036} INFO - Sync 1 DAGs
[2025-05-14T00:13:15.494+0000] {logging_mixin.py:188} INFO - [2025-05-14T00:13:15.493+0000] {dag.py:3823} INFO - Setting next_dagrun for example_complex to None, run_after=None
[2025-05-14T00:13:15.521+0000] {processor.py:183} INFO - Processing /home/airflow/.local/lib/python3.8/site-packages/airflow/example_dags/example_complex.py took 0.113 seconds
[2025-05-14T00:13:45.825+0000] {processor.py:161} INFO - Started process (PID=651) to work on /home/airflow/.local/lib/python3.8/site-packages/airflow/example_dags/example_complex.py
[2025-05-14T00:13:45.835+0000] {processor.py:830} INFO - Processing file /home/airflow/.local/lib/python3.8/site-packages/airflow/example_dags/example_complex.py for tasks to queue
[2025-05-14T00:13:45.853+0000] {logging_mixin.py:188} INFO - [2025-05-14T00:13:45.852+0000] {dagbag.py:538} INFO - Filling up the DagBag from /home/airflow/.local/lib/python3.8/site-packages/airflow/example_dags/example_complex.py
[2025-05-14T00:13:45.878+0000] {processor.py:840} INFO - DAG(s) 'example_complex' retrieved from /home/airflow/.local/lib/python3.8/site-packages/airflow/example_dags/example_complex.py
[2025-05-14T00:13:45.929+0000] {logging_mixin.py:188} INFO - [2025-05-14T00:13:45.929+0000] {dag.py:3036} INFO - Sync 1 DAGs
[2025-05-14T00:13:45.950+0000] {logging_mixin.py:188} INFO - [2025-05-14T00:13:45.949+0000] {dag.py:3823} INFO - Setting next_dagrun for example_complex to None, run_after=None
[2025-05-14T00:13:45.991+0000] {processor.py:183} INFO - Processing /home/airflow/.local/lib/python3.8/site-packages/airflow/example_dags/example_complex.py took 0.170 seconds
[2025-05-14T00:14:16.303+0000] {processor.py:161} INFO - Started process (PID=707) to work on /home/airflow/.local/lib/python3.8/site-packages/airflow/example_dags/example_complex.py
[2025-05-14T00:14:16.308+0000] {processor.py:830} INFO - Processing file /home/airflow/.local/lib/python3.8/site-packages/airflow/example_dags/example_complex.py for tasks to queue
[2025-05-14T00:14:16.312+0000] {logging_mixin.py:188} INFO - [2025-05-14T00:14:16.312+0000] {dagbag.py:538} INFO - Filling up the DagBag from /home/airflow/.local/lib/python3.8/site-packages/airflow/example_dags/example_complex.py
[2025-05-14T00:14:16.334+0000] {processor.py:840} INFO - DAG(s) 'example_complex' retrieved from /home/airflow/.local/lib/python3.8/site-packages/airflow/example_dags/example_complex.py
[2025-05-14T00:14:16.386+0000] {logging_mixin.py:188} INFO - [2025-05-14T00:14:16.385+0000] {dag.py:3036} INFO - Sync 1 DAGs
[2025-05-14T00:14:16.417+0000] {logging_mixin.py:188} INFO - [2025-05-14T00:14:16.416+0000] {dag.py:3823} INFO - Setting next_dagrun for example_complex to None, run_after=None
[2025-05-14T00:14:16.462+0000] {processor.py:183} INFO - Processing /home/airflow/.local/lib/python3.8/site-packages/airflow/example_dags/example_complex.py took 0.162 seconds
[2025-05-14T00:14:46.929+0000] {processor.py:161} INFO - Started process (PID=763) to work on /home/airflow/.local/lib/python3.8/site-packages/airflow/example_dags/example_complex.py
[2025-05-14T00:14:46.931+0000] {processor.py:830} INFO - Processing file /home/airflow/.local/lib/python3.8/site-packages/airflow/example_dags/example_complex.py for tasks to queue
[2025-05-14T00:14:46.934+0000] {logging_mixin.py:188} INFO - [2025-05-14T00:14:46.934+0000] {dagbag.py:538} INFO - Filling up the DagBag from /home/airflow/.local/lib/python3.8/site-packages/airflow/example_dags/example_complex.py
[2025-05-14T00:14:46.947+0000] {processor.py:840} INFO - DAG(s) 'example_complex' retrieved from /home/airflow/.local/lib/python3.8/site-packages/airflow/example_dags/example_complex.py
[2025-05-14T00:14:46.990+0000] {logging_mixin.py:188} INFO - [2025-05-14T00:14:46.989+0000] {dag.py:3036} INFO - Sync 1 DAGs
[2025-05-14T00:14:47.007+0000] {logging_mixin.py:188} INFO - [2025-05-14T00:14:47.007+0000] {dag.py:3823} INFO - Setting next_dagrun for example_complex to None, run_after=None
[2025-05-14T00:14:47.042+0000] {processor.py:183} INFO - Processing /home/airflow/.local/lib/python3.8/site-packages/airflow/example_dags/example_complex.py took 0.116 seconds
[2025-05-14T00:15:17.862+0000] {processor.py:161} INFO - Started process (PID=819) to work on /home/airflow/.local/lib/python3.8/site-packages/airflow/example_dags/example_complex.py
[2025-05-14T00:15:17.863+0000] {processor.py:830} INFO - Processing file /home/airflow/.local/lib/python3.8/site-packages/airflow/example_dags/example_complex.py for tasks to queue
[2025-05-14T00:15:17.865+0000] {logging_mixin.py:188} INFO - [2025-05-14T00:15:17.865+0000] {dagbag.py:538} INFO - Filling up the DagBag from /home/airflow/.local/lib/python3.8/site-packages/airflow/example_dags/example_complex.py
[2025-05-14T00:15:17.879+0000] {processor.py:840} INFO - DAG(s) 'example_complex' retrieved from /home/airflow/.local/lib/python3.8/site-packages/airflow/example_dags/example_complex.py
[2025-05-14T00:15:17.918+0000] {logging_mixin.py:188} INFO - [2025-05-14T00:15:17.918+0000] {dag.py:3036} INFO - Sync 1 DAGs
[2025-05-14T00:15:17.935+0000] {logging_mixin.py:188} INFO - [2025-05-14T00:15:17.935+0000] {dag.py:3823} INFO - Setting next_dagrun for example_complex to None, run_after=None
[2025-05-14T00:15:17.972+0000] {processor.py:183} INFO - Processing /home/airflow/.local/lib/python3.8/site-packages/airflow/example_dags/example_complex.py took 0.114 seconds
[2025-05-14T00:15:48.831+0000] {processor.py:161} INFO - Started process (PID=874) to work on /home/airflow/.local/lib/python3.8/site-packages/airflow/example_dags/example_complex.py
[2025-05-14T00:15:48.832+0000] {processor.py:830} INFO - Processing file /home/airflow/.local/lib/python3.8/site-packages/airflow/example_dags/example_complex.py for tasks to queue
[2025-05-14T00:15:48.835+0000] {logging_mixin.py:188} INFO - [2025-05-14T00:15:48.834+0000] {dagbag.py:538} INFO - Filling up the DagBag from /home/airflow/.local/lib/python3.8/site-packages/airflow/example_dags/example_complex.py
[2025-05-14T00:15:48.847+0000] {processor.py:840} INFO - DAG(s) 'example_complex' retrieved from /home/airflow/.local/lib/python3.8/site-packages/airflow/example_dags/example_complex.py
[2025-05-14T00:15:48.889+0000] {logging_mixin.py:188} INFO - [2025-05-14T00:15:48.889+0000] {dag.py:3036} INFO - Sync 1 DAGs
[2025-05-14T00:15:48.909+0000] {logging_mixin.py:188} INFO - [2025-05-14T00:15:48.909+0000] {dag.py:3823} INFO - Setting next_dagrun for example_complex to None, run_after=None
[2025-05-14T00:15:48.948+0000] {processor.py:183} INFO - Processing /home/airflow/.local/lib/python3.8/site-packages/airflow/example_dags/example_complex.py took 0.121 seconds
[2025-05-14T00:16:22.755+0000] {processor.py:161} INFO - Started process (PID=930) to work on /home/airflow/.local/lib/python3.8/site-packages/airflow/example_dags/example_complex.py
[2025-05-14T00:16:22.758+0000] {processor.py:830} INFO - Processing file /home/airflow/.local/lib/python3.8/site-packages/airflow/example_dags/example_complex.py for tasks to queue
[2025-05-14T00:16:22.765+0000] {logging_mixin.py:188} INFO - [2025-05-14T00:16:22.765+0000] {dagbag.py:538} INFO - Filling up the DagBag from /home/airflow/.local/lib/python3.8/site-packages/airflow/example_dags/example_complex.py
[2025-05-14T00:16:22.787+0000] {processor.py:840} INFO - DAG(s) 'example_complex' retrieved from /home/airflow/.local/lib/python3.8/site-packages/airflow/example_dags/example_complex.py
[2025-05-14T00:16:22.871+0000] {logging_mixin.py:188} INFO - [2025-05-14T00:16:22.871+0000] {dag.py:3036} INFO - Sync 1 DAGs
[2025-05-14T00:16:22.890+0000] {logging_mixin.py:188} INFO - [2025-05-14T00:16:22.890+0000] {dag.py:3823} INFO - Setting next_dagrun for example_complex to None, run_after=None
[2025-05-14T00:16:22.935+0000] {processor.py:183} INFO - Processing /home/airflow/.local/lib/python3.8/site-packages/airflow/example_dags/example_complex.py took 0.190 seconds
[2025-05-14T00:16:53.713+0000] {processor.py:161} INFO - Started process (PID=986) to work on /home/airflow/.local/lib/python3.8/site-packages/airflow/example_dags/example_complex.py
[2025-05-14T00:16:53.718+0000] {processor.py:830} INFO - Processing file /home/airflow/.local/lib/python3.8/site-packages/airflow/example_dags/example_complex.py for tasks to queue
[2025-05-14T00:16:53.720+0000] {logging_mixin.py:188} INFO - [2025-05-14T00:16:53.720+0000] {dagbag.py:538} INFO - Filling up the DagBag from /home/airflow/.local/lib/python3.8/site-packages/airflow/example_dags/example_complex.py
[2025-05-14T00:16:53.736+0000] {processor.py:840} INFO - DAG(s) 'example_complex' retrieved from /home/airflow/.local/lib/python3.8/site-packages/airflow/example_dags/example_complex.py
[2025-05-14T00:16:53.782+0000] {logging_mixin.py:188} INFO - [2025-05-14T00:16:53.781+0000] {dag.py:3036} INFO - Sync 1 DAGs
[2025-05-14T00:16:53.798+0000] {logging_mixin.py:188} INFO - [2025-05-14T00:16:53.798+0000] {dag.py:3823} INFO - Setting next_dagrun for example_complex to None, run_after=None
[2025-05-14T00:16:53.831+0000] {processor.py:183} INFO - Processing /home/airflow/.local/lib/python3.8/site-packages/airflow/example_dags/example_complex.py took 0.123 seconds
[2025-05-14T00:17:24.694+0000] {processor.py:161} INFO - Started process (PID=1043) to work on /home/airflow/.local/lib/python3.8/site-packages/airflow/example_dags/example_complex.py
[2025-05-14T00:17:24.696+0000] {processor.py:830} INFO - Processing file /home/airflow/.local/lib/python3.8/site-packages/airflow/example_dags/example_complex.py for tasks to queue
[2025-05-14T00:17:24.699+0000] {logging_mixin.py:188} INFO - [2025-05-14T00:17:24.699+0000] {dagbag.py:538} INFO - Filling up the DagBag from /home/airflow/.local/lib/python3.8/site-packages/airflow/example_dags/example_complex.py
[2025-05-14T00:17:24.712+0000] {processor.py:840} INFO - DAG(s) 'example_complex' retrieved from /home/airflow/.local/lib/python3.8/site-packages/airflow/example_dags/example_complex.py
[2025-05-14T00:17:24.754+0000] {logging_mixin.py:188} INFO - [2025-05-14T00:17:24.753+0000] {dag.py:3036} INFO - Sync 1 DAGs
[2025-05-14T00:17:24.771+0000] {logging_mixin.py:188} INFO - [2025-05-14T00:17:24.770+0000] {dag.py:3823} INFO - Setting next_dagrun for example_complex to None, run_after=None
[2025-05-14T00:17:24.802+0000] {processor.py:183} INFO - Processing /home/airflow/.local/lib/python3.8/site-packages/airflow/example_dags/example_complex.py took 0.112 seconds
[2025-05-14T00:17:55.055+0000] {processor.py:161} INFO - Started process (PID=1099) to work on /home/airflow/.local/lib/python3.8/site-packages/airflow/example_dags/example_complex.py
[2025-05-14T00:17:55.057+0000] {processor.py:830} INFO - Processing file /home/airflow/.local/lib/python3.8/site-packages/airflow/example_dags/example_complex.py for tasks to queue
[2025-05-14T00:17:55.059+0000] {logging_mixin.py:188} INFO - [2025-05-14T00:17:55.059+0000] {dagbag.py:538} INFO - Filling up the DagBag from /home/airflow/.local/lib/python3.8/site-packages/airflow/example_dags/example_complex.py
[2025-05-14T00:17:55.076+0000] {processor.py:840} INFO - DAG(s) 'example_complex' retrieved from /home/airflow/.local/lib/python3.8/site-packages/airflow/example_dags/example_complex.py
[2025-05-14T00:17:55.110+0000] {logging_mixin.py:188} INFO - [2025-05-14T00:17:55.110+0000] {dag.py:3036} INFO - Sync 1 DAGs
[2025-05-14T00:17:55.125+0000] {logging_mixin.py:188} INFO - [2025-05-14T00:17:55.124+0000] {dag.py:3823} INFO - Setting next_dagrun for example_complex to None, run_after=None
[2025-05-14T00:17:55.148+0000] {processor.py:183} INFO - Processing /home/airflow/.local/lib/python3.8/site-packages/airflow/example_dags/example_complex.py took 0.096 seconds
[2025-05-14T00:18:25.528+0000] {processor.py:161} INFO - Started process (PID=1156) to work on /home/airflow/.local/lib/python3.8/site-packages/airflow/example_dags/example_complex.py
[2025-05-14T00:18:25.530+0000] {processor.py:830} INFO - Processing file /home/airflow/.local/lib/python3.8/site-packages/airflow/example_dags/example_complex.py for tasks to queue
[2025-05-14T00:18:25.534+0000] {logging_mixin.py:188} INFO - [2025-05-14T00:18:25.533+0000] {dagbag.py:538} INFO - Filling up the DagBag from /home/airflow/.local/lib/python3.8/site-packages/airflow/example_dags/example_complex.py
[2025-05-14T00:18:25.551+0000] {processor.py:840} INFO - DAG(s) 'example_complex' retrieved from /home/airflow/.local/lib/python3.8/site-packages/airflow/example_dags/example_complex.py
[2025-05-14T00:18:25.597+0000] {logging_mixin.py:188} INFO - [2025-05-14T00:18:25.597+0000] {dag.py:3036} INFO - Sync 1 DAGs
[2025-05-14T00:18:25.612+0000] {logging_mixin.py:188} INFO - [2025-05-14T00:18:25.612+0000] {dag.py:3823} INFO - Setting next_dagrun for example_complex to None, run_after=None
[2025-05-14T00:18:25.638+0000] {processor.py:183} INFO - Processing /home/airflow/.local/lib/python3.8/site-packages/airflow/example_dags/example_complex.py took 0.114 seconds
[2025-05-14T00:18:55.759+0000] {processor.py:161} INFO - Started process (PID=1211) to work on /home/airflow/.local/lib/python3.8/site-packages/airflow/example_dags/example_complex.py
[2025-05-14T00:18:55.762+0000] {processor.py:830} INFO - Processing file /home/airflow/.local/lib/python3.8/site-packages/airflow/example_dags/example_complex.py for tasks to queue
[2025-05-14T00:18:55.765+0000] {logging_mixin.py:188} INFO - [2025-05-14T00:18:55.764+0000] {dagbag.py:538} INFO - Filling up the DagBag from /home/airflow/.local/lib/python3.8/site-packages/airflow/example_dags/example_complex.py
[2025-05-14T00:18:55.779+0000] {processor.py:840} INFO - DAG(s) 'example_complex' retrieved from /home/airflow/.local/lib/python3.8/site-packages/airflow/example_dags/example_complex.py
[2025-05-14T00:18:55.831+0000] {logging_mixin.py:188} INFO - [2025-05-14T00:18:55.830+0000] {dag.py:3036} INFO - Sync 1 DAGs
[2025-05-14T00:18:55.847+0000] {logging_mixin.py:188} INFO - [2025-05-14T00:18:55.846+0000] {dag.py:3823} INFO - Setting next_dagrun for example_complex to None, run_after=None
[2025-05-14T00:18:55.888+0000] {processor.py:183} INFO - Processing /home/airflow/.local/lib/python3.8/site-packages/airflow/example_dags/example_complex.py took 0.132 seconds
[2025-05-14T00:19:26.014+0000] {processor.py:161} INFO - Started process (PID=1267) to work on /home/airflow/.local/lib/python3.8/site-packages/airflow/example_dags/example_complex.py
[2025-05-14T00:19:26.015+0000] {processor.py:830} INFO - Processing file /home/airflow/.local/lib/python3.8/site-packages/airflow/example_dags/example_complex.py for tasks to queue
[2025-05-14T00:19:26.018+0000] {logging_mixin.py:188} INFO - [2025-05-14T00:19:26.017+0000] {dagbag.py:538} INFO - Filling up the DagBag from /home/airflow/.local/lib/python3.8/site-packages/airflow/example_dags/example_complex.py
[2025-05-14T00:19:26.029+0000] {processor.py:840} INFO - DAG(s) 'example_complex' retrieved from /home/airflow/.local/lib/python3.8/site-packages/airflow/example_dags/example_complex.py
[2025-05-14T00:19:26.067+0000] {logging_mixin.py:188} INFO - [2025-05-14T00:19:26.067+0000] {dag.py:3036} INFO - Sync 1 DAGs
[2025-05-14T00:19:26.083+0000] {logging_mixin.py:188} INFO - [2025-05-14T00:19:26.083+0000] {dag.py:3823} INFO - Setting next_dagrun for example_complex to None, run_after=None
[2025-05-14T00:19:26.170+0000] {processor.py:183} INFO - Processing /home/airflow/.local/lib/python3.8/site-packages/airflow/example_dags/example_complex.py took 0.160 seconds
[2025-05-14T00:19:56.284+0000] {processor.py:161} INFO - Started process (PID=1323) to work on /home/airflow/.local/lib/python3.8/site-packages/airflow/example_dags/example_complex.py
[2025-05-14T00:19:56.287+0000] {processor.py:830} INFO - Processing file /home/airflow/.local/lib/python3.8/site-packages/airflow/example_dags/example_complex.py for tasks to queue
[2025-05-14T00:19:56.291+0000] {logging_mixin.py:188} INFO - [2025-05-14T00:19:56.290+0000] {dagbag.py:538} INFO - Filling up the DagBag from /home/airflow/.local/lib/python3.8/site-packages/airflow/example_dags/example_complex.py
[2025-05-14T00:19:56.307+0000] {processor.py:840} INFO - DAG(s) 'example_complex' retrieved from /home/airflow/.local/lib/python3.8/site-packages/airflow/example_dags/example_complex.py
[2025-05-14T00:19:56.361+0000] {logging_mixin.py:188} INFO - [2025-05-14T00:19:56.360+0000] {dag.py:3036} INFO - Sync 1 DAGs
[2025-05-14T00:19:56.385+0000] {logging_mixin.py:188} INFO - [2025-05-14T00:19:56.384+0000] {dag.py:3823} INFO - Setting next_dagrun for example_complex to None, run_after=None
[2025-05-14T00:19:56.426+0000] {processor.py:183} INFO - Processing /home/airflow/.local/lib/python3.8/site-packages/airflow/example_dags/example_complex.py took 0.146 seconds
[2025-05-14T00:20:26.669+0000] {processor.py:161} INFO - Started process (PID=1379) to work on /home/airflow/.local/lib/python3.8/site-packages/airflow/example_dags/example_complex.py
[2025-05-14T00:20:26.672+0000] {processor.py:830} INFO - Processing file /home/airflow/.local/lib/python3.8/site-packages/airflow/example_dags/example_complex.py for tasks to queue
[2025-05-14T00:20:26.678+0000] {logging_mixin.py:188} INFO - [2025-05-14T00:20:26.676+0000] {dagbag.py:538} INFO - Filling up the DagBag from /home/airflow/.local/lib/python3.8/site-packages/airflow/example_dags/example_complex.py
[2025-05-14T00:20:26.708+0000] {processor.py:840} INFO - DAG(s) 'example_complex' retrieved from /home/airflow/.local/lib/python3.8/site-packages/airflow/example_dags/example_complex.py
[2025-05-14T00:20:26.765+0000] {logging_mixin.py:188} INFO - [2025-05-14T00:20:26.765+0000] {dag.py:3036} INFO - Sync 1 DAGs
[2025-05-14T00:20:26.789+0000] {logging_mixin.py:188} INFO - [2025-05-14T00:20:26.788+0000] {dag.py:3823} INFO - Setting next_dagrun for example_complex to None, run_after=None
[2025-05-14T00:20:26.828+0000] {processor.py:183} INFO - Processing /home/airflow/.local/lib/python3.8/site-packages/airflow/example_dags/example_complex.py took 0.174 seconds
[2025-05-14T00:20:56.979+0000] {processor.py:161} INFO - Started process (PID=1435) to work on /home/airflow/.local/lib/python3.8/site-packages/airflow/example_dags/example_complex.py
[2025-05-14T00:20:56.981+0000] {processor.py:830} INFO - Processing file /home/airflow/.local/lib/python3.8/site-packages/airflow/example_dags/example_complex.py for tasks to queue
[2025-05-14T00:20:56.984+0000] {logging_mixin.py:188} INFO - [2025-05-14T00:20:56.983+0000] {dagbag.py:538} INFO - Filling up the DagBag from /home/airflow/.local/lib/python3.8/site-packages/airflow/example_dags/example_complex.py
[2025-05-14T00:20:56.997+0000] {processor.py:840} INFO - DAG(s) 'example_complex' retrieved from /home/airflow/.local/lib/python3.8/site-packages/airflow/example_dags/example_complex.py
[2025-05-14T00:20:57.037+0000] {logging_mixin.py:188} INFO - [2025-05-14T00:20:57.036+0000] {dag.py:3036} INFO - Sync 1 DAGs
[2025-05-14T00:20:57.059+0000] {logging_mixin.py:188} INFO - [2025-05-14T00:20:57.059+0000] {dag.py:3823} INFO - Setting next_dagrun for example_complex to None, run_after=None
[2025-05-14T00:20:57.096+0000] {processor.py:183} INFO - Processing /home/airflow/.local/lib/python3.8/site-packages/airflow/example_dags/example_complex.py took 0.120 seconds
[2025-05-14T00:21:27.375+0000] {processor.py:161} INFO - Started process (PID=1491) to work on /home/airflow/.local/lib/python3.8/site-packages/airflow/example_dags/example_complex.py
[2025-05-14T00:21:27.376+0000] {processor.py:830} INFO - Processing file /home/airflow/.local/lib/python3.8/site-packages/airflow/example_dags/example_complex.py for tasks to queue
[2025-05-14T00:21:27.379+0000] {logging_mixin.py:188} INFO - [2025-05-14T00:21:27.378+0000] {dagbag.py:538} INFO - Filling up the DagBag from /home/airflow/.local/lib/python3.8/site-packages/airflow/example_dags/example_complex.py
[2025-05-14T00:21:27.392+0000] {processor.py:840} INFO - DAG(s) 'example_complex' retrieved from /home/airflow/.local/lib/python3.8/site-packages/airflow/example_dags/example_complex.py
[2025-05-14T00:21:27.430+0000] {logging_mixin.py:188} INFO - [2025-05-14T00:21:27.430+0000] {dag.py:3036} INFO - Sync 1 DAGs
[2025-05-14T00:21:27.446+0000] {logging_mixin.py:188} INFO - [2025-05-14T00:21:27.445+0000] {dag.py:3823} INFO - Setting next_dagrun for example_complex to None, run_after=None
[2025-05-14T00:21:27.474+0000] {processor.py:183} INFO - Processing /home/airflow/.local/lib/python3.8/site-packages/airflow/example_dags/example_complex.py took 0.103 seconds
[2025-05-14T00:21:58.061+0000] {processor.py:161} INFO - Started process (PID=1547) to work on /home/airflow/.local/lib/python3.8/site-packages/airflow/example_dags/example_complex.py
[2025-05-14T00:21:58.063+0000] {processor.py:830} INFO - Processing file /home/airflow/.local/lib/python3.8/site-packages/airflow/example_dags/example_complex.py for tasks to queue
[2025-05-14T00:21:58.065+0000] {logging_mixin.py:188} INFO - [2025-05-14T00:21:58.065+0000] {dagbag.py:538} INFO - Filling up the DagBag from /home/airflow/.local/lib/python3.8/site-packages/airflow/example_dags/example_complex.py
[2025-05-14T00:21:58.077+0000] {processor.py:840} INFO - DAG(s) 'example_complex' retrieved from /home/airflow/.local/lib/python3.8/site-packages/airflow/example_dags/example_complex.py
[2025-05-14T00:21:58.111+0000] {logging_mixin.py:188} INFO - [2025-05-14T00:21:58.111+0000] {dag.py:3036} INFO - Sync 1 DAGs
[2025-05-14T00:21:58.127+0000] {logging_mixin.py:188} INFO - [2025-05-14T00:21:58.127+0000] {dag.py:3823} INFO - Setting next_dagrun for example_complex to None, run_after=None
[2025-05-14T00:21:58.174+0000] {processor.py:183} INFO - Processing /home/airflow/.local/lib/python3.8/site-packages/airflow/example_dags/example_complex.py took 0.117 seconds
[2025-05-14T00:22:28.481+0000] {processor.py:161} INFO - Started process (PID=1602) to work on /home/airflow/.local/lib/python3.8/site-packages/airflow/example_dags/example_complex.py
[2025-05-14T00:22:28.483+0000] {processor.py:830} INFO - Processing file /home/airflow/.local/lib/python3.8/site-packages/airflow/example_dags/example_complex.py for tasks to queue
[2025-05-14T00:22:28.486+0000] {logging_mixin.py:188} INFO - [2025-05-14T00:22:28.486+0000] {dagbag.py:538} INFO - Filling up the DagBag from /home/airflow/.local/lib/python3.8/site-packages/airflow/example_dags/example_complex.py
[2025-05-14T00:22:28.500+0000] {processor.py:840} INFO - DAG(s) 'example_complex' retrieved from /home/airflow/.local/lib/python3.8/site-packages/airflow/example_dags/example_complex.py
[2025-05-14T00:22:28.540+0000] {logging_mixin.py:188} INFO - [2025-05-14T00:22:28.540+0000] {dag.py:3036} INFO - Sync 1 DAGs
[2025-05-14T00:22:28.555+0000] {logging_mixin.py:188} INFO - [2025-05-14T00:22:28.555+0000] {dag.py:3823} INFO - Setting next_dagrun for example_complex to None, run_after=None
[2025-05-14T00:22:28.577+0000] {processor.py:183} INFO - Processing /home/airflow/.local/lib/python3.8/site-packages/airflow/example_dags/example_complex.py took 0.098 seconds
[2025-05-14T00:22:58.928+0000] {processor.py:161} INFO - Started process (PID=1658) to work on /home/airflow/.local/lib/python3.8/site-packages/airflow/example_dags/example_complex.py
[2025-05-14T00:22:58.935+0000] {processor.py:830} INFO - Processing file /home/airflow/.local/lib/python3.8/site-packages/airflow/example_dags/example_complex.py for tasks to queue
[2025-05-14T00:22:58.942+0000] {logging_mixin.py:188} INFO - [2025-05-14T00:22:58.938+0000] {dagbag.py:538} INFO - Filling up the DagBag from /home/airflow/.local/lib/python3.8/site-packages/airflow/example_dags/example_complex.py
[2025-05-14T00:22:58.970+0000] {processor.py:840} INFO - DAG(s) 'example_complex' retrieved from /home/airflow/.local/lib/python3.8/site-packages/airflow/example_dags/example_complex.py
[2025-05-14T00:22:59.005+0000] {logging_mixin.py:188} INFO - [2025-05-14T00:22:59.005+0000] {dag.py:3036} INFO - Sync 1 DAGs
[2025-05-14T00:22:59.020+0000] {logging_mixin.py:188} INFO - [2025-05-14T00:22:59.019+0000] {dag.py:3823} INFO - Setting next_dagrun for example_complex to None, run_after=None
[2025-05-14T00:22:59.045+0000] {processor.py:183} INFO - Processing /home/airflow/.local/lib/python3.8/site-packages/airflow/example_dags/example_complex.py took 0.124 seconds
[2025-05-14T00:23:29.819+0000] {processor.py:161} INFO - Started process (PID=1714) to work on /home/airflow/.local/lib/python3.8/site-packages/airflow/example_dags/example_complex.py
[2025-05-14T00:23:29.820+0000] {processor.py:830} INFO - Processing file /home/airflow/.local/lib/python3.8/site-packages/airflow/example_dags/example_complex.py for tasks to queue
[2025-05-14T00:23:29.822+0000] {logging_mixin.py:188} INFO - [2025-05-14T00:23:29.822+0000] {dagbag.py:538} INFO - Filling up the DagBag from /home/airflow/.local/lib/python3.8/site-packages/airflow/example_dags/example_complex.py
[2025-05-14T00:23:29.834+0000] {processor.py:840} INFO - DAG(s) 'example_complex' retrieved from /home/airflow/.local/lib/python3.8/site-packages/airflow/example_dags/example_complex.py
[2025-05-14T00:23:29.872+0000] {logging_mixin.py:188} INFO - [2025-05-14T00:23:29.871+0000] {dag.py:3036} INFO - Sync 1 DAGs
[2025-05-14T00:23:29.885+0000] {logging_mixin.py:188} INFO - [2025-05-14T00:23:29.885+0000] {dag.py:3823} INFO - Setting next_dagrun for example_complex to None, run_after=None
[2025-05-14T00:23:29.912+0000] {processor.py:183} INFO - Processing /home/airflow/.local/lib/python3.8/site-packages/airflow/example_dags/example_complex.py took 0.096 seconds
