[2025-05-14T00:08:49.131+0000] {processor.py:161} INFO - Started process (PID=115) to work on /home/airflow/.local/lib/python3.8/site-packages/airflow/example_dags/example_external_task_marker_dag.py
[2025-05-14T00:08:49.135+0000] {processor.py:830} INFO - Processing file /home/airflow/.local/lib/python3.8/site-packages/airflow/example_dags/example_external_task_marker_dag.py for tasks to queue
[2025-05-14T00:08:49.145+0000] {logging_mixin.py:188} INFO - [2025-05-14T00:08:49.145+0000] {dagbag.py:538} INFO - Filling up the DagBag from /home/airflow/.local/lib/python3.8/site-packages/airflow/example_dags/example_external_task_marker_dag.py
[2025-05-14T00:08:49.155+0000] {processor.py:840} INFO - DAG(s) 'example_external_task_marker_parent', 'example_external_task_marker_child' retrieved from /home/airflow/.local/lib/python3.8/site-packages/airflow/example_dags/example_external_task_marker_dag.py
[2025-05-14T00:08:49.703+0000] {logging_mixin.py:188} INFO - [2025-05-14T00:08:49.702+0000] {dag.py:3036} INFO - Sync 2 DAGs
[2025-05-14T00:08:49.790+0000] {logging_mixin.py:188} INFO - [2025-05-14T00:08:49.790+0000] {dag.py:3823} INFO - Setting next_dagrun for example_external_task_marker_child to None, run_after=None
[2025-05-14T00:08:49.828+0000] {logging_mixin.py:188} INFO - [2025-05-14T00:08:49.824+0000] {dag.py:3823} INFO - Setting next_dagrun for example_external_task_marker_parent to None, run_after=None
[2025-05-14T00:08:49.902+0000] {processor.py:183} INFO - Processing /home/airflow/.local/lib/python3.8/site-packages/airflow/example_dags/example_external_task_marker_dag.py took 0.776 seconds
[2025-05-14T00:09:20.599+0000] {processor.py:161} INFO - Started process (PID=171) to work on /home/airflow/.local/lib/python3.8/site-packages/airflow/example_dags/example_external_task_marker_dag.py
[2025-05-14T00:09:20.601+0000] {processor.py:830} INFO - Processing file /home/airflow/.local/lib/python3.8/site-packages/airflow/example_dags/example_external_task_marker_dag.py for tasks to queue
[2025-05-14T00:09:20.604+0000] {logging_mixin.py:188} INFO - [2025-05-14T00:09:20.604+0000] {dagbag.py:538} INFO - Filling up the DagBag from /home/airflow/.local/lib/python3.8/site-packages/airflow/example_dags/example_external_task_marker_dag.py
[2025-05-14T00:09:20.610+0000] {processor.py:840} INFO - DAG(s) 'example_external_task_marker_parent', 'example_external_task_marker_child' retrieved from /home/airflow/.local/lib/python3.8/site-packages/airflow/example_dags/example_external_task_marker_dag.py
[2025-05-14T00:09:20.640+0000] {logging_mixin.py:188} INFO - [2025-05-14T00:09:20.639+0000] {dag.py:3036} INFO - Sync 2 DAGs
[2025-05-14T00:09:20.657+0000] {logging_mixin.py:188} INFO - [2025-05-14T00:09:20.657+0000] {dag.py:3823} INFO - Setting next_dagrun for example_external_task_marker_child to None, run_after=None
[2025-05-14T00:09:20.661+0000] {logging_mixin.py:188} INFO - [2025-05-14T00:09:20.661+0000] {dag.py:3823} INFO - Setting next_dagrun for example_external_task_marker_parent to None, run_after=None
[2025-05-14T00:09:20.684+0000] {processor.py:183} INFO - Processing /home/airflow/.local/lib/python3.8/site-packages/airflow/example_dags/example_external_task_marker_dag.py took 0.088 seconds
[2025-05-14T00:09:51.176+0000] {processor.py:161} INFO - Started process (PID=227) to work on /home/airflow/.local/lib/python3.8/site-packages/airflow/example_dags/example_external_task_marker_dag.py
[2025-05-14T00:09:51.180+0000] {processor.py:830} INFO - Processing file /home/airflow/.local/lib/python3.8/site-packages/airflow/example_dags/example_external_task_marker_dag.py for tasks to queue
[2025-05-14T00:09:51.183+0000] {logging_mixin.py:188} INFO - [2025-05-14T00:09:51.183+0000] {dagbag.py:538} INFO - Filling up the DagBag from /home/airflow/.local/lib/python3.8/site-packages/airflow/example_dags/example_external_task_marker_dag.py
[2025-05-14T00:09:51.195+0000] {processor.py:840} INFO - DAG(s) 'example_external_task_marker_parent', 'example_external_task_marker_child' retrieved from /home/airflow/.local/lib/python3.8/site-packages/airflow/example_dags/example_external_task_marker_dag.py
[2025-05-14T00:09:51.260+0000] {logging_mixin.py:188} INFO - [2025-05-14T00:09:51.259+0000] {dag.py:3036} INFO - Sync 2 DAGs
[2025-05-14T00:09:51.277+0000] {logging_mixin.py:188} INFO - [2025-05-14T00:09:51.277+0000] {dag.py:3823} INFO - Setting next_dagrun for example_external_task_marker_child to None, run_after=None
[2025-05-14T00:09:51.282+0000] {logging_mixin.py:188} INFO - [2025-05-14T00:09:51.282+0000] {dag.py:3823} INFO - Setting next_dagrun for example_external_task_marker_parent to None, run_after=None
[2025-05-14T00:09:51.331+0000] {processor.py:183} INFO - Processing /home/airflow/.local/lib/python3.8/site-packages/airflow/example_dags/example_external_task_marker_dag.py took 0.164 seconds
[2025-05-14T00:10:21.416+0000] {processor.py:161} INFO - Started process (PID=283) to work on /home/airflow/.local/lib/python3.8/site-packages/airflow/example_dags/example_external_task_marker_dag.py
[2025-05-14T00:10:21.417+0000] {processor.py:830} INFO - Processing file /home/airflow/.local/lib/python3.8/site-packages/airflow/example_dags/example_external_task_marker_dag.py for tasks to queue
[2025-05-14T00:10:21.420+0000] {logging_mixin.py:188} INFO - [2025-05-14T00:10:21.419+0000] {dagbag.py:538} INFO - Filling up the DagBag from /home/airflow/.local/lib/python3.8/site-packages/airflow/example_dags/example_external_task_marker_dag.py
[2025-05-14T00:10:21.426+0000] {processor.py:840} INFO - DAG(s) 'example_external_task_marker_child', 'example_external_task_marker_parent' retrieved from /home/airflow/.local/lib/python3.8/site-packages/airflow/example_dags/example_external_task_marker_dag.py
[2025-05-14T00:10:21.458+0000] {logging_mixin.py:188} INFO - [2025-05-14T00:10:21.458+0000] {dag.py:3036} INFO - Sync 2 DAGs
[2025-05-14T00:10:21.477+0000] {logging_mixin.py:188} INFO - [2025-05-14T00:10:21.477+0000] {dag.py:3823} INFO - Setting next_dagrun for example_external_task_marker_child to None, run_after=None
[2025-05-14T00:10:21.483+0000] {logging_mixin.py:188} INFO - [2025-05-14T00:10:21.483+0000] {dag.py:3823} INFO - Setting next_dagrun for example_external_task_marker_parent to None, run_after=None
[2025-05-14T00:10:21.510+0000] {processor.py:183} INFO - Processing /home/airflow/.local/lib/python3.8/site-packages/airflow/example_dags/example_external_task_marker_dag.py took 0.097 seconds
[2025-05-14T00:10:51.604+0000] {processor.py:161} INFO - Started process (PID=339) to work on /home/airflow/.local/lib/python3.8/site-packages/airflow/example_dags/example_external_task_marker_dag.py
[2025-05-14T00:10:51.605+0000] {processor.py:830} INFO - Processing file /home/airflow/.local/lib/python3.8/site-packages/airflow/example_dags/example_external_task_marker_dag.py for tasks to queue
[2025-05-14T00:10:51.607+0000] {logging_mixin.py:188} INFO - [2025-05-14T00:10:51.607+0000] {dagbag.py:538} INFO - Filling up the DagBag from /home/airflow/.local/lib/python3.8/site-packages/airflow/example_dags/example_external_task_marker_dag.py
[2025-05-14T00:10:51.613+0000] {processor.py:840} INFO - DAG(s) 'example_external_task_marker_parent', 'example_external_task_marker_child' retrieved from /home/airflow/.local/lib/python3.8/site-packages/airflow/example_dags/example_external_task_marker_dag.py
[2025-05-14T00:10:51.642+0000] {logging_mixin.py:188} INFO - [2025-05-14T00:10:51.642+0000] {dag.py:3036} INFO - Sync 2 DAGs
[2025-05-14T00:10:51.656+0000] {logging_mixin.py:188} INFO - [2025-05-14T00:10:51.656+0000] {dag.py:3823} INFO - Setting next_dagrun for example_external_task_marker_child to None, run_after=None
[2025-05-14T00:10:51.662+0000] {logging_mixin.py:188} INFO - [2025-05-14T00:10:51.662+0000] {dag.py:3823} INFO - Setting next_dagrun for example_external_task_marker_parent to None, run_after=None
[2025-05-14T00:10:51.689+0000] {processor.py:183} INFO - Processing /home/airflow/.local/lib/python3.8/site-packages/airflow/example_dags/example_external_task_marker_dag.py took 0.088 seconds
[2025-05-14T00:11:22.228+0000] {processor.py:161} INFO - Started process (PID=395) to work on /home/airflow/.local/lib/python3.8/site-packages/airflow/example_dags/example_external_task_marker_dag.py
[2025-05-14T00:11:22.229+0000] {processor.py:830} INFO - Processing file /home/airflow/.local/lib/python3.8/site-packages/airflow/example_dags/example_external_task_marker_dag.py for tasks to queue
[2025-05-14T00:11:22.232+0000] {logging_mixin.py:188} INFO - [2025-05-14T00:11:22.231+0000] {dagbag.py:538} INFO - Filling up the DagBag from /home/airflow/.local/lib/python3.8/site-packages/airflow/example_dags/example_external_task_marker_dag.py
[2025-05-14T00:11:22.238+0000] {processor.py:840} INFO - DAG(s) 'example_external_task_marker_child', 'example_external_task_marker_parent' retrieved from /home/airflow/.local/lib/python3.8/site-packages/airflow/example_dags/example_external_task_marker_dag.py
[2025-05-14T00:11:22.268+0000] {logging_mixin.py:188} INFO - [2025-05-14T00:11:22.268+0000] {dag.py:3036} INFO - Sync 2 DAGs
[2025-05-14T00:11:22.283+0000] {logging_mixin.py:188} INFO - [2025-05-14T00:11:22.283+0000] {dag.py:3823} INFO - Setting next_dagrun for example_external_task_marker_child to None, run_after=None
[2025-05-14T00:11:22.288+0000] {logging_mixin.py:188} INFO - [2025-05-14T00:11:22.288+0000] {dag.py:3823} INFO - Setting next_dagrun for example_external_task_marker_parent to None, run_after=None
[2025-05-14T00:11:22.312+0000] {processor.py:183} INFO - Processing /home/airflow/.local/lib/python3.8/site-packages/airflow/example_dags/example_external_task_marker_dag.py took 0.087 seconds
[2025-05-14T00:11:53.069+0000] {processor.py:161} INFO - Started process (PID=451) to work on /home/airflow/.local/lib/python3.8/site-packages/airflow/example_dags/example_external_task_marker_dag.py
[2025-05-14T00:11:53.072+0000] {processor.py:830} INFO - Processing file /home/airflow/.local/lib/python3.8/site-packages/airflow/example_dags/example_external_task_marker_dag.py for tasks to queue
[2025-05-14T00:11:53.075+0000] {logging_mixin.py:188} INFO - [2025-05-14T00:11:53.074+0000] {dagbag.py:538} INFO - Filling up the DagBag from /home/airflow/.local/lib/python3.8/site-packages/airflow/example_dags/example_external_task_marker_dag.py
[2025-05-14T00:11:53.082+0000] {processor.py:840} INFO - DAG(s) 'example_external_task_marker_parent', 'example_external_task_marker_child' retrieved from /home/airflow/.local/lib/python3.8/site-packages/airflow/example_dags/example_external_task_marker_dag.py
[2025-05-14T00:11:53.122+0000] {logging_mixin.py:188} INFO - [2025-05-14T00:11:53.121+0000] {dag.py:3036} INFO - Sync 2 DAGs
[2025-05-14T00:11:53.138+0000] {logging_mixin.py:188} INFO - [2025-05-14T00:11:53.138+0000] {dag.py:3823} INFO - Setting next_dagrun for example_external_task_marker_child to None, run_after=None
[2025-05-14T00:11:53.144+0000] {logging_mixin.py:188} INFO - [2025-05-14T00:11:53.144+0000] {dag.py:3823} INFO - Setting next_dagrun for example_external_task_marker_parent to None, run_after=None
[2025-05-14T00:11:53.177+0000] {processor.py:183} INFO - Processing /home/airflow/.local/lib/python3.8/site-packages/airflow/example_dags/example_external_task_marker_dag.py took 0.113 seconds
[2025-05-14T00:12:23.357+0000] {processor.py:161} INFO - Started process (PID=507) to work on /home/airflow/.local/lib/python3.8/site-packages/airflow/example_dags/example_external_task_marker_dag.py
[2025-05-14T00:12:23.359+0000] {processor.py:830} INFO - Processing file /home/airflow/.local/lib/python3.8/site-packages/airflow/example_dags/example_external_task_marker_dag.py for tasks to queue
[2025-05-14T00:12:23.361+0000] {logging_mixin.py:188} INFO - [2025-05-14T00:12:23.360+0000] {dagbag.py:538} INFO - Filling up the DagBag from /home/airflow/.local/lib/python3.8/site-packages/airflow/example_dags/example_external_task_marker_dag.py
[2025-05-14T00:12:23.367+0000] {processor.py:840} INFO - DAG(s) 'example_external_task_marker_parent', 'example_external_task_marker_child' retrieved from /home/airflow/.local/lib/python3.8/site-packages/airflow/example_dags/example_external_task_marker_dag.py
[2025-05-14T00:12:23.397+0000] {logging_mixin.py:188} INFO - [2025-05-14T00:12:23.396+0000] {dag.py:3036} INFO - Sync 2 DAGs
[2025-05-14T00:12:23.411+0000] {logging_mixin.py:188} INFO - [2025-05-14T00:12:23.410+0000] {dag.py:3823} INFO - Setting next_dagrun for example_external_task_marker_child to None, run_after=None
[2025-05-14T00:12:23.416+0000] {logging_mixin.py:188} INFO - [2025-05-14T00:12:23.415+0000] {dag.py:3823} INFO - Setting next_dagrun for example_external_task_marker_parent to None, run_after=None
[2025-05-14T00:12:23.439+0000] {processor.py:183} INFO - Processing /home/airflow/.local/lib/python3.8/site-packages/airflow/example_dags/example_external_task_marker_dag.py took 0.085 seconds
[2025-05-14T00:12:54.144+0000] {processor.py:161} INFO - Started process (PID=563) to work on /home/airflow/.local/lib/python3.8/site-packages/airflow/example_dags/example_external_task_marker_dag.py
[2025-05-14T00:12:54.145+0000] {processor.py:830} INFO - Processing file /home/airflow/.local/lib/python3.8/site-packages/airflow/example_dags/example_external_task_marker_dag.py for tasks to queue
[2025-05-14T00:12:54.147+0000] {logging_mixin.py:188} INFO - [2025-05-14T00:12:54.147+0000] {dagbag.py:538} INFO - Filling up the DagBag from /home/airflow/.local/lib/python3.8/site-packages/airflow/example_dags/example_external_task_marker_dag.py
[2025-05-14T00:12:54.155+0000] {processor.py:840} INFO - DAG(s) 'example_external_task_marker_parent', 'example_external_task_marker_child' retrieved from /home/airflow/.local/lib/python3.8/site-packages/airflow/example_dags/example_external_task_marker_dag.py
[2025-05-14T00:12:54.185+0000] {logging_mixin.py:188} INFO - [2025-05-14T00:12:54.185+0000] {dag.py:3036} INFO - Sync 2 DAGs
[2025-05-14T00:12:54.202+0000] {logging_mixin.py:188} INFO - [2025-05-14T00:12:54.201+0000] {dag.py:3823} INFO - Setting next_dagrun for example_external_task_marker_child to None, run_after=None
[2025-05-14T00:12:54.206+0000] {logging_mixin.py:188} INFO - [2025-05-14T00:12:54.206+0000] {dag.py:3823} INFO - Setting next_dagrun for example_external_task_marker_parent to None, run_after=None
[2025-05-14T00:12:54.228+0000] {processor.py:183} INFO - Processing /home/airflow/.local/lib/python3.8/site-packages/airflow/example_dags/example_external_task_marker_dag.py took 0.086 seconds
[2025-05-14T00:13:24.749+0000] {processor.py:161} INFO - Started process (PID=619) to work on /home/airflow/.local/lib/python3.8/site-packages/airflow/example_dags/example_external_task_marker_dag.py
[2025-05-14T00:13:24.755+0000] {processor.py:830} INFO - Processing file /home/airflow/.local/lib/python3.8/site-packages/airflow/example_dags/example_external_task_marker_dag.py for tasks to queue
[2025-05-14T00:13:24.761+0000] {logging_mixin.py:188} INFO - [2025-05-14T00:13:24.760+0000] {dagbag.py:538} INFO - Filling up the DagBag from /home/airflow/.local/lib/python3.8/site-packages/airflow/example_dags/example_external_task_marker_dag.py
[2025-05-14T00:13:24.784+0000] {processor.py:840} INFO - DAG(s) 'example_external_task_marker_child', 'example_external_task_marker_parent' retrieved from /home/airflow/.local/lib/python3.8/site-packages/airflow/example_dags/example_external_task_marker_dag.py
[2025-05-14T00:13:24.831+0000] {logging_mixin.py:188} INFO - [2025-05-14T00:13:24.831+0000] {dag.py:3036} INFO - Sync 2 DAGs
[2025-05-14T00:13:24.850+0000] {logging_mixin.py:188} INFO - [2025-05-14T00:13:24.849+0000] {dag.py:3823} INFO - Setting next_dagrun for example_external_task_marker_child to None, run_after=None
[2025-05-14T00:13:24.859+0000] {logging_mixin.py:188} INFO - [2025-05-14T00:13:24.858+0000] {dag.py:3823} INFO - Setting next_dagrun for example_external_task_marker_parent to None, run_after=None
[2025-05-14T00:13:24.886+0000] {processor.py:183} INFO - Processing /home/airflow/.local/lib/python3.8/site-packages/airflow/example_dags/example_external_task_marker_dag.py took 0.141 seconds
[2025-05-14T00:13:55.026+0000] {processor.py:161} INFO - Started process (PID=675) to work on /home/airflow/.local/lib/python3.8/site-packages/airflow/example_dags/example_external_task_marker_dag.py
[2025-05-14T00:13:55.029+0000] {processor.py:830} INFO - Processing file /home/airflow/.local/lib/python3.8/site-packages/airflow/example_dags/example_external_task_marker_dag.py for tasks to queue
[2025-05-14T00:13:55.036+0000] {logging_mixin.py:188} INFO - [2025-05-14T00:13:55.036+0000] {dagbag.py:538} INFO - Filling up the DagBag from /home/airflow/.local/lib/python3.8/site-packages/airflow/example_dags/example_external_task_marker_dag.py
[2025-05-14T00:13:55.045+0000] {processor.py:840} INFO - DAG(s) 'example_external_task_marker_parent', 'example_external_task_marker_child' retrieved from /home/airflow/.local/lib/python3.8/site-packages/airflow/example_dags/example_external_task_marker_dag.py
[2025-05-14T00:13:55.105+0000] {logging_mixin.py:188} INFO - [2025-05-14T00:13:55.105+0000] {dag.py:3036} INFO - Sync 2 DAGs
[2025-05-14T00:13:55.128+0000] {logging_mixin.py:188} INFO - [2025-05-14T00:13:55.127+0000] {dag.py:3823} INFO - Setting next_dagrun for example_external_task_marker_child to None, run_after=None
[2025-05-14T00:13:55.160+0000] {logging_mixin.py:188} INFO - [2025-05-14T00:13:55.160+0000] {dag.py:3823} INFO - Setting next_dagrun for example_external_task_marker_parent to None, run_after=None
[2025-05-14T00:13:55.184+0000] {processor.py:183} INFO - Processing /home/airflow/.local/lib/python3.8/site-packages/airflow/example_dags/example_external_task_marker_dag.py took 0.162 seconds
[2025-05-14T00:14:25.294+0000] {processor.py:161} INFO - Started process (PID=731) to work on /home/airflow/.local/lib/python3.8/site-packages/airflow/example_dags/example_external_task_marker_dag.py
[2025-05-14T00:14:25.298+0000] {processor.py:830} INFO - Processing file /home/airflow/.local/lib/python3.8/site-packages/airflow/example_dags/example_external_task_marker_dag.py for tasks to queue
[2025-05-14T00:14:25.301+0000] {logging_mixin.py:188} INFO - [2025-05-14T00:14:25.300+0000] {dagbag.py:538} INFO - Filling up the DagBag from /home/airflow/.local/lib/python3.8/site-packages/airflow/example_dags/example_external_task_marker_dag.py
[2025-05-14T00:14:25.310+0000] {processor.py:840} INFO - DAG(s) 'example_external_task_marker_child', 'example_external_task_marker_parent' retrieved from /home/airflow/.local/lib/python3.8/site-packages/airflow/example_dags/example_external_task_marker_dag.py
[2025-05-14T00:14:25.345+0000] {logging_mixin.py:188} INFO - [2025-05-14T00:14:25.345+0000] {dag.py:3036} INFO - Sync 2 DAGs
[2025-05-14T00:14:25.370+0000] {logging_mixin.py:188} INFO - [2025-05-14T00:14:25.369+0000] {dag.py:3823} INFO - Setting next_dagrun for example_external_task_marker_child to None, run_after=None
[2025-05-14T00:14:25.377+0000] {logging_mixin.py:188} INFO - [2025-05-14T00:14:25.376+0000] {dag.py:3823} INFO - Setting next_dagrun for example_external_task_marker_parent to None, run_after=None
[2025-05-14T00:14:25.406+0000] {processor.py:183} INFO - Processing /home/airflow/.local/lib/python3.8/site-packages/airflow/example_dags/example_external_task_marker_dag.py took 0.116 seconds
[2025-05-14T00:14:55.860+0000] {processor.py:161} INFO - Started process (PID=787) to work on /home/airflow/.local/lib/python3.8/site-packages/airflow/example_dags/example_external_task_marker_dag.py
[2025-05-14T00:14:55.862+0000] {processor.py:830} INFO - Processing file /home/airflow/.local/lib/python3.8/site-packages/airflow/example_dags/example_external_task_marker_dag.py for tasks to queue
[2025-05-14T00:14:55.865+0000] {logging_mixin.py:188} INFO - [2025-05-14T00:14:55.865+0000] {dagbag.py:538} INFO - Filling up the DagBag from /home/airflow/.local/lib/python3.8/site-packages/airflow/example_dags/example_external_task_marker_dag.py
[2025-05-14T00:14:55.875+0000] {processor.py:840} INFO - DAG(s) 'example_external_task_marker_parent', 'example_external_task_marker_child' retrieved from /home/airflow/.local/lib/python3.8/site-packages/airflow/example_dags/example_external_task_marker_dag.py
[2025-05-14T00:14:55.916+0000] {logging_mixin.py:188} INFO - [2025-05-14T00:14:55.915+0000] {dag.py:3036} INFO - Sync 2 DAGs
[2025-05-14T00:14:55.933+0000] {logging_mixin.py:188} INFO - [2025-05-14T00:14:55.933+0000] {dag.py:3823} INFO - Setting next_dagrun for example_external_task_marker_child to None, run_after=None
[2025-05-14T00:14:55.943+0000] {logging_mixin.py:188} INFO - [2025-05-14T00:14:55.942+0000] {dag.py:3823} INFO - Setting next_dagrun for example_external_task_marker_parent to None, run_after=None
[2025-05-14T00:14:55.972+0000] {processor.py:183} INFO - Processing /home/airflow/.local/lib/python3.8/site-packages/airflow/example_dags/example_external_task_marker_dag.py took 0.116 seconds
[2025-05-14T00:15:26.311+0000] {processor.py:161} INFO - Started process (PID=843) to work on /home/airflow/.local/lib/python3.8/site-packages/airflow/example_dags/example_external_task_marker_dag.py
[2025-05-14T00:15:26.320+0000] {processor.py:830} INFO - Processing file /home/airflow/.local/lib/python3.8/site-packages/airflow/example_dags/example_external_task_marker_dag.py for tasks to queue
[2025-05-14T00:15:26.329+0000] {logging_mixin.py:188} INFO - [2025-05-14T00:15:26.328+0000] {dagbag.py:538} INFO - Filling up the DagBag from /home/airflow/.local/lib/python3.8/site-packages/airflow/example_dags/example_external_task_marker_dag.py
[2025-05-14T00:15:26.381+0000] {processor.py:840} INFO - DAG(s) 'example_external_task_marker_parent', 'example_external_task_marker_child' retrieved from /home/airflow/.local/lib/python3.8/site-packages/airflow/example_dags/example_external_task_marker_dag.py
[2025-05-14T00:15:26.443+0000] {logging_mixin.py:188} INFO - [2025-05-14T00:15:26.442+0000] {dag.py:3036} INFO - Sync 2 DAGs
[2025-05-14T00:15:26.466+0000] {logging_mixin.py:188} INFO - [2025-05-14T00:15:26.466+0000] {dag.py:3823} INFO - Setting next_dagrun for example_external_task_marker_child to None, run_after=None
[2025-05-14T00:15:26.479+0000] {logging_mixin.py:188} INFO - [2025-05-14T00:15:26.479+0000] {dag.py:3823} INFO - Setting next_dagrun for example_external_task_marker_parent to None, run_after=None
[2025-05-14T00:15:26.527+0000] {processor.py:183} INFO - Processing /home/airflow/.local/lib/python3.8/site-packages/airflow/example_dags/example_external_task_marker_dag.py took 0.221 seconds
[2025-05-14T00:15:57.136+0000] {processor.py:161} INFO - Started process (PID=898) to work on /home/airflow/.local/lib/python3.8/site-packages/airflow/example_dags/example_external_task_marker_dag.py
[2025-05-14T00:15:57.138+0000] {processor.py:830} INFO - Processing file /home/airflow/.local/lib/python3.8/site-packages/airflow/example_dags/example_external_task_marker_dag.py for tasks to queue
[2025-05-14T00:15:57.141+0000] {logging_mixin.py:188} INFO - [2025-05-14T00:15:57.140+0000] {dagbag.py:538} INFO - Filling up the DagBag from /home/airflow/.local/lib/python3.8/site-packages/airflow/example_dags/example_external_task_marker_dag.py
[2025-05-14T00:15:57.153+0000] {processor.py:840} INFO - DAG(s) 'example_external_task_marker_parent', 'example_external_task_marker_child' retrieved from /home/airflow/.local/lib/python3.8/site-packages/airflow/example_dags/example_external_task_marker_dag.py
[2025-05-14T00:15:57.203+0000] {logging_mixin.py:188} INFO - [2025-05-14T00:15:57.203+0000] {dag.py:3036} INFO - Sync 2 DAGs
[2025-05-14T00:15:57.228+0000] {logging_mixin.py:188} INFO - [2025-05-14T00:15:57.227+0000] {dag.py:3823} INFO - Setting next_dagrun for example_external_task_marker_child to None, run_after=None
[2025-05-14T00:15:57.240+0000] {logging_mixin.py:188} INFO - [2025-05-14T00:15:57.238+0000] {dag.py:3823} INFO - Setting next_dagrun for example_external_task_marker_parent to None, run_after=None
[2025-05-14T00:15:57.287+0000] {processor.py:183} INFO - Processing /home/airflow/.local/lib/python3.8/site-packages/airflow/example_dags/example_external_task_marker_dag.py took 0.154 seconds
[2025-05-14T00:16:28.041+0000] {processor.py:161} INFO - Started process (PID=954) to work on /home/airflow/.local/lib/python3.8/site-packages/airflow/example_dags/example_external_task_marker_dag.py
[2025-05-14T00:16:28.044+0000] {processor.py:830} INFO - Processing file /home/airflow/.local/lib/python3.8/site-packages/airflow/example_dags/example_external_task_marker_dag.py for tasks to queue
[2025-05-14T00:16:28.047+0000] {logging_mixin.py:188} INFO - [2025-05-14T00:16:28.047+0000] {dagbag.py:538} INFO - Filling up the DagBag from /home/airflow/.local/lib/python3.8/site-packages/airflow/example_dags/example_external_task_marker_dag.py
[2025-05-14T00:16:28.054+0000] {processor.py:840} INFO - DAG(s) 'example_external_task_marker_child', 'example_external_task_marker_parent' retrieved from /home/airflow/.local/lib/python3.8/site-packages/airflow/example_dags/example_external_task_marker_dag.py
[2025-05-14T00:16:28.091+0000] {logging_mixin.py:188} INFO - [2025-05-14T00:16:28.090+0000] {dag.py:3036} INFO - Sync 2 DAGs
[2025-05-14T00:16:28.110+0000] {logging_mixin.py:188} INFO - [2025-05-14T00:16:28.109+0000] {dag.py:3823} INFO - Setting next_dagrun for example_external_task_marker_child to None, run_after=None
[2025-05-14T00:16:28.116+0000] {logging_mixin.py:188} INFO - [2025-05-14T00:16:28.115+0000] {dag.py:3823} INFO - Setting next_dagrun for example_external_task_marker_parent to None, run_after=None
[2025-05-14T00:16:28.148+0000] {processor.py:183} INFO - Processing /home/airflow/.local/lib/python3.8/site-packages/airflow/example_dags/example_external_task_marker_dag.py took 0.111 seconds
[2025-05-14T00:16:58.244+0000] {processor.py:161} INFO - Started process (PID=1008) to work on /home/airflow/.local/lib/python3.8/site-packages/airflow/example_dags/example_external_task_marker_dag.py
[2025-05-14T00:16:58.245+0000] {processor.py:830} INFO - Processing file /home/airflow/.local/lib/python3.8/site-packages/airflow/example_dags/example_external_task_marker_dag.py for tasks to queue
[2025-05-14T00:16:58.248+0000] {logging_mixin.py:188} INFO - [2025-05-14T00:16:58.247+0000] {dagbag.py:538} INFO - Filling up the DagBag from /home/airflow/.local/lib/python3.8/site-packages/airflow/example_dags/example_external_task_marker_dag.py
[2025-05-14T00:16:58.264+0000] {processor.py:840} INFO - DAG(s) 'example_external_task_marker_parent', 'example_external_task_marker_child' retrieved from /home/airflow/.local/lib/python3.8/site-packages/airflow/example_dags/example_external_task_marker_dag.py
[2025-05-14T00:16:58.316+0000] {logging_mixin.py:188} INFO - [2025-05-14T00:16:58.315+0000] {dag.py:3036} INFO - Sync 2 DAGs
[2025-05-14T00:16:58.341+0000] {logging_mixin.py:188} INFO - [2025-05-14T00:16:58.341+0000] {dag.py:3823} INFO - Setting next_dagrun for example_external_task_marker_child to None, run_after=None
[2025-05-14T00:16:58.355+0000] {logging_mixin.py:188} INFO - [2025-05-14T00:16:58.355+0000] {dag.py:3823} INFO - Setting next_dagrun for example_external_task_marker_parent to None, run_after=None
[2025-05-14T00:16:58.406+0000] {processor.py:183} INFO - Processing /home/airflow/.local/lib/python3.8/site-packages/airflow/example_dags/example_external_task_marker_dag.py took 0.167 seconds
[2025-05-14T00:17:28.605+0000] {processor.py:161} INFO - Started process (PID=1065) to work on /home/airflow/.local/lib/python3.8/site-packages/airflow/example_dags/example_external_task_marker_dag.py
[2025-05-14T00:17:28.606+0000] {processor.py:830} INFO - Processing file /home/airflow/.local/lib/python3.8/site-packages/airflow/example_dags/example_external_task_marker_dag.py for tasks to queue
[2025-05-14T00:17:28.608+0000] {logging_mixin.py:188} INFO - [2025-05-14T00:17:28.608+0000] {dagbag.py:538} INFO - Filling up the DagBag from /home/airflow/.local/lib/python3.8/site-packages/airflow/example_dags/example_external_task_marker_dag.py
[2025-05-14T00:17:28.614+0000] {processor.py:840} INFO - DAG(s) 'example_external_task_marker_child', 'example_external_task_marker_parent' retrieved from /home/airflow/.local/lib/python3.8/site-packages/airflow/example_dags/example_external_task_marker_dag.py
[2025-05-14T00:17:28.647+0000] {logging_mixin.py:188} INFO - [2025-05-14T00:17:28.646+0000] {dag.py:3036} INFO - Sync 2 DAGs
[2025-05-14T00:17:28.663+0000] {logging_mixin.py:188} INFO - [2025-05-14T00:17:28.662+0000] {dag.py:3823} INFO - Setting next_dagrun for example_external_task_marker_child to None, run_after=None
[2025-05-14T00:17:28.669+0000] {logging_mixin.py:188} INFO - [2025-05-14T00:17:28.669+0000] {dag.py:3823} INFO - Setting next_dagrun for example_external_task_marker_parent to None, run_after=None
[2025-05-14T00:17:28.695+0000] {processor.py:183} INFO - Processing /home/airflow/.local/lib/python3.8/site-packages/airflow/example_dags/example_external_task_marker_dag.py took 0.095 seconds
[2025-05-14T00:17:58.986+0000] {processor.py:161} INFO - Started process (PID=1122) to work on /home/airflow/.local/lib/python3.8/site-packages/airflow/example_dags/example_external_task_marker_dag.py
[2025-05-14T00:17:58.987+0000] {processor.py:830} INFO - Processing file /home/airflow/.local/lib/python3.8/site-packages/airflow/example_dags/example_external_task_marker_dag.py for tasks to queue
[2025-05-14T00:17:58.991+0000] {logging_mixin.py:188} INFO - [2025-05-14T00:17:58.990+0000] {dagbag.py:538} INFO - Filling up the DagBag from /home/airflow/.local/lib/python3.8/site-packages/airflow/example_dags/example_external_task_marker_dag.py
[2025-05-14T00:17:58.997+0000] {processor.py:840} INFO - DAG(s) 'example_external_task_marker_child', 'example_external_task_marker_parent' retrieved from /home/airflow/.local/lib/python3.8/site-packages/airflow/example_dags/example_external_task_marker_dag.py
[2025-05-14T00:17:59.040+0000] {logging_mixin.py:188} INFO - [2025-05-14T00:17:59.039+0000] {dag.py:3036} INFO - Sync 2 DAGs
[2025-05-14T00:17:59.079+0000] {logging_mixin.py:188} INFO - [2025-05-14T00:17:59.078+0000] {dag.py:3823} INFO - Setting next_dagrun for example_external_task_marker_child to None, run_after=None
[2025-05-14T00:17:59.094+0000] {logging_mixin.py:188} INFO - [2025-05-14T00:17:59.093+0000] {dag.py:3823} INFO - Setting next_dagrun for example_external_task_marker_parent to None, run_after=None
[2025-05-14T00:17:59.153+0000] {processor.py:183} INFO - Processing /home/airflow/.local/lib/python3.8/site-packages/airflow/example_dags/example_external_task_marker_dag.py took 0.171 seconds
[2025-05-14T00:18:29.406+0000] {processor.py:161} INFO - Started process (PID=1178) to work on /home/airflow/.local/lib/python3.8/site-packages/airflow/example_dags/example_external_task_marker_dag.py
[2025-05-14T00:18:29.408+0000] {processor.py:830} INFO - Processing file /home/airflow/.local/lib/python3.8/site-packages/airflow/example_dags/example_external_task_marker_dag.py for tasks to queue
[2025-05-14T00:18:29.414+0000] {logging_mixin.py:188} INFO - [2025-05-14T00:18:29.413+0000] {dagbag.py:538} INFO - Filling up the DagBag from /home/airflow/.local/lib/python3.8/site-packages/airflow/example_dags/example_external_task_marker_dag.py
[2025-05-14T00:18:29.432+0000] {processor.py:840} INFO - DAG(s) 'example_external_task_marker_parent', 'example_external_task_marker_child' retrieved from /home/airflow/.local/lib/python3.8/site-packages/airflow/example_dags/example_external_task_marker_dag.py
[2025-05-14T00:18:29.482+0000] {logging_mixin.py:188} INFO - [2025-05-14T00:18:29.482+0000] {dag.py:3036} INFO - Sync 2 DAGs
[2025-05-14T00:18:29.500+0000] {logging_mixin.py:188} INFO - [2025-05-14T00:18:29.499+0000] {dag.py:3823} INFO - Setting next_dagrun for example_external_task_marker_child to None, run_after=None
[2025-05-14T00:18:29.506+0000] {logging_mixin.py:188} INFO - [2025-05-14T00:18:29.505+0000] {dag.py:3823} INFO - Setting next_dagrun for example_external_task_marker_parent to None, run_after=None
[2025-05-14T00:18:29.530+0000] {processor.py:183} INFO - Processing /home/airflow/.local/lib/python3.8/site-packages/airflow/example_dags/example_external_task_marker_dag.py took 0.129 seconds
[2025-05-14T00:19:00.736+0000] {processor.py:161} INFO - Started process (PID=1234) to work on /home/airflow/.local/lib/python3.8/site-packages/airflow/example_dags/example_external_task_marker_dag.py
[2025-05-14T00:19:00.738+0000] {processor.py:830} INFO - Processing file /home/airflow/.local/lib/python3.8/site-packages/airflow/example_dags/example_external_task_marker_dag.py for tasks to queue
[2025-05-14T00:19:00.740+0000] {logging_mixin.py:188} INFO - [2025-05-14T00:19:00.739+0000] {dagbag.py:538} INFO - Filling up the DagBag from /home/airflow/.local/lib/python3.8/site-packages/airflow/example_dags/example_external_task_marker_dag.py
[2025-05-14T00:19:00.746+0000] {processor.py:840} INFO - DAG(s) 'example_external_task_marker_child', 'example_external_task_marker_parent' retrieved from /home/airflow/.local/lib/python3.8/site-packages/airflow/example_dags/example_external_task_marker_dag.py
[2025-05-14T00:19:00.780+0000] {logging_mixin.py:188} INFO - [2025-05-14T00:19:00.780+0000] {dag.py:3036} INFO - Sync 2 DAGs
[2025-05-14T00:19:00.798+0000] {logging_mixin.py:188} INFO - [2025-05-14T00:19:00.797+0000] {dag.py:3823} INFO - Setting next_dagrun for example_external_task_marker_child to None, run_after=None
[2025-05-14T00:19:00.804+0000] {logging_mixin.py:188} INFO - [2025-05-14T00:19:00.803+0000] {dag.py:3823} INFO - Setting next_dagrun for example_external_task_marker_parent to None, run_after=None
[2025-05-14T00:19:00.834+0000] {processor.py:183} INFO - Processing /home/airflow/.local/lib/python3.8/site-packages/airflow/example_dags/example_external_task_marker_dag.py took 0.102 seconds
[2025-05-14T00:19:31.559+0000] {processor.py:161} INFO - Started process (PID=1290) to work on /home/airflow/.local/lib/python3.8/site-packages/airflow/example_dags/example_external_task_marker_dag.py
[2025-05-14T00:19:31.560+0000] {processor.py:830} INFO - Processing file /home/airflow/.local/lib/python3.8/site-packages/airflow/example_dags/example_external_task_marker_dag.py for tasks to queue
[2025-05-14T00:19:31.563+0000] {logging_mixin.py:188} INFO - [2025-05-14T00:19:31.563+0000] {dagbag.py:538} INFO - Filling up the DagBag from /home/airflow/.local/lib/python3.8/site-packages/airflow/example_dags/example_external_task_marker_dag.py
[2025-05-14T00:19:31.569+0000] {processor.py:840} INFO - DAG(s) 'example_external_task_marker_child', 'example_external_task_marker_parent' retrieved from /home/airflow/.local/lib/python3.8/site-packages/airflow/example_dags/example_external_task_marker_dag.py
[2025-05-14T00:19:31.598+0000] {logging_mixin.py:188} INFO - [2025-05-14T00:19:31.597+0000] {dag.py:3036} INFO - Sync 2 DAGs
[2025-05-14T00:19:31.611+0000] {logging_mixin.py:188} INFO - [2025-05-14T00:19:31.611+0000] {dag.py:3823} INFO - Setting next_dagrun for example_external_task_marker_child to None, run_after=None
[2025-05-14T00:19:31.615+0000] {logging_mixin.py:188} INFO - [2025-05-14T00:19:31.615+0000] {dag.py:3823} INFO - Setting next_dagrun for example_external_task_marker_parent to None, run_after=None
[2025-05-14T00:19:31.632+0000] {processor.py:183} INFO - Processing /home/airflow/.local/lib/python3.8/site-packages/airflow/example_dags/example_external_task_marker_dag.py took 0.076 seconds
[2025-05-14T00:20:02.040+0000] {processor.py:161} INFO - Started process (PID=1346) to work on /home/airflow/.local/lib/python3.8/site-packages/airflow/example_dags/example_external_task_marker_dag.py
[2025-05-14T00:20:02.043+0000] {processor.py:830} INFO - Processing file /home/airflow/.local/lib/python3.8/site-packages/airflow/example_dags/example_external_task_marker_dag.py for tasks to queue
[2025-05-14T00:20:02.048+0000] {logging_mixin.py:188} INFO - [2025-05-14T00:20:02.045+0000] {dagbag.py:538} INFO - Filling up the DagBag from /home/airflow/.local/lib/python3.8/site-packages/airflow/example_dags/example_external_task_marker_dag.py
[2025-05-14T00:20:02.060+0000] {processor.py:840} INFO - DAG(s) 'example_external_task_marker_parent', 'example_external_task_marker_child' retrieved from /home/airflow/.local/lib/python3.8/site-packages/airflow/example_dags/example_external_task_marker_dag.py
[2025-05-14T00:20:02.134+0000] {logging_mixin.py:188} INFO - [2025-05-14T00:20:02.133+0000] {dag.py:3036} INFO - Sync 2 DAGs
[2025-05-14T00:20:02.181+0000] {logging_mixin.py:188} INFO - [2025-05-14T00:20:02.181+0000] {dag.py:3823} INFO - Setting next_dagrun for example_external_task_marker_child to None, run_after=None
[2025-05-14T00:20:02.191+0000] {logging_mixin.py:188} INFO - [2025-05-14T00:20:02.191+0000] {dag.py:3823} INFO - Setting next_dagrun for example_external_task_marker_parent to None, run_after=None
[2025-05-14T00:20:02.251+0000] {processor.py:183} INFO - Processing /home/airflow/.local/lib/python3.8/site-packages/airflow/example_dags/example_external_task_marker_dag.py took 0.214 seconds
[2025-05-14T00:20:33.072+0000] {processor.py:161} INFO - Started process (PID=1402) to work on /home/airflow/.local/lib/python3.8/site-packages/airflow/example_dags/example_external_task_marker_dag.py
[2025-05-14T00:20:33.090+0000] {processor.py:830} INFO - Processing file /home/airflow/.local/lib/python3.8/site-packages/airflow/example_dags/example_external_task_marker_dag.py for tasks to queue
[2025-05-14T00:20:33.111+0000] {logging_mixin.py:188} INFO - [2025-05-14T00:20:33.111+0000] {dagbag.py:538} INFO - Filling up the DagBag from /home/airflow/.local/lib/python3.8/site-packages/airflow/example_dags/example_external_task_marker_dag.py
[2025-05-14T00:20:33.157+0000] {processor.py:840} INFO - DAG(s) 'example_external_task_marker_child', 'example_external_task_marker_parent' retrieved from /home/airflow/.local/lib/python3.8/site-packages/airflow/example_dags/example_external_task_marker_dag.py
[2025-05-14T00:20:33.231+0000] {logging_mixin.py:188} INFO - [2025-05-14T00:20:33.230+0000] {dag.py:3036} INFO - Sync 2 DAGs
[2025-05-14T00:20:33.258+0000] {logging_mixin.py:188} INFO - [2025-05-14T00:20:33.258+0000] {dag.py:3823} INFO - Setting next_dagrun for example_external_task_marker_child to None, run_after=None
[2025-05-14T00:20:33.267+0000] {logging_mixin.py:188} INFO - [2025-05-14T00:20:33.266+0000] {dag.py:3823} INFO - Setting next_dagrun for example_external_task_marker_parent to None, run_after=None
[2025-05-14T00:20:33.326+0000] {processor.py:183} INFO - Processing /home/airflow/.local/lib/python3.8/site-packages/airflow/example_dags/example_external_task_marker_dag.py took 0.257 seconds
[2025-05-14T00:21:03.390+0000] {processor.py:161} INFO - Started process (PID=1458) to work on /home/airflow/.local/lib/python3.8/site-packages/airflow/example_dags/example_external_task_marker_dag.py
[2025-05-14T00:21:03.391+0000] {processor.py:830} INFO - Processing file /home/airflow/.local/lib/python3.8/site-packages/airflow/example_dags/example_external_task_marker_dag.py for tasks to queue
[2025-05-14T00:21:03.394+0000] {logging_mixin.py:188} INFO - [2025-05-14T00:21:03.394+0000] {dagbag.py:538} INFO - Filling up the DagBag from /home/airflow/.local/lib/python3.8/site-packages/airflow/example_dags/example_external_task_marker_dag.py
[2025-05-14T00:21:03.402+0000] {processor.py:840} INFO - DAG(s) 'example_external_task_marker_parent', 'example_external_task_marker_child' retrieved from /home/airflow/.local/lib/python3.8/site-packages/airflow/example_dags/example_external_task_marker_dag.py
[2025-05-14T00:21:03.437+0000] {logging_mixin.py:188} INFO - [2025-05-14T00:21:03.437+0000] {dag.py:3036} INFO - Sync 2 DAGs
[2025-05-14T00:21:03.453+0000] {logging_mixin.py:188} INFO - [2025-05-14T00:21:03.453+0000] {dag.py:3823} INFO - Setting next_dagrun for example_external_task_marker_child to None, run_after=None
[2025-05-14T00:21:03.459+0000] {logging_mixin.py:188} INFO - [2025-05-14T00:21:03.458+0000] {dag.py:3823} INFO - Setting next_dagrun for example_external_task_marker_parent to None, run_after=None
[2025-05-14T00:21:03.482+0000] {processor.py:183} INFO - Processing /home/airflow/.local/lib/python3.8/site-packages/airflow/example_dags/example_external_task_marker_dag.py took 0.096 seconds
[2025-05-14T00:21:34.414+0000] {processor.py:161} INFO - Started process (PID=1514) to work on /home/airflow/.local/lib/python3.8/site-packages/airflow/example_dags/example_external_task_marker_dag.py
[2025-05-14T00:21:34.418+0000] {processor.py:830} INFO - Processing file /home/airflow/.local/lib/python3.8/site-packages/airflow/example_dags/example_external_task_marker_dag.py for tasks to queue
[2025-05-14T00:21:34.422+0000] {logging_mixin.py:188} INFO - [2025-05-14T00:21:34.421+0000] {dagbag.py:538} INFO - Filling up the DagBag from /home/airflow/.local/lib/python3.8/site-packages/airflow/example_dags/example_external_task_marker_dag.py
[2025-05-14T00:21:34.431+0000] {processor.py:840} INFO - DAG(s) 'example_external_task_marker_parent', 'example_external_task_marker_child' retrieved from /home/airflow/.local/lib/python3.8/site-packages/airflow/example_dags/example_external_task_marker_dag.py
[2025-05-14T00:21:34.469+0000] {logging_mixin.py:188} INFO - [2025-05-14T00:21:34.468+0000] {dag.py:3036} INFO - Sync 2 DAGs
[2025-05-14T00:21:34.485+0000] {logging_mixin.py:188} INFO - [2025-05-14T00:21:34.485+0000] {dag.py:3823} INFO - Setting next_dagrun for example_external_task_marker_child to None, run_after=None
[2025-05-14T00:21:34.493+0000] {logging_mixin.py:188} INFO - [2025-05-14T00:21:34.492+0000] {dag.py:3823} INFO - Setting next_dagrun for example_external_task_marker_parent to None, run_after=None
[2025-05-14T00:21:34.526+0000] {processor.py:183} INFO - Processing /home/airflow/.local/lib/python3.8/site-packages/airflow/example_dags/example_external_task_marker_dag.py took 0.116 seconds
[2025-05-14T00:22:05.174+0000] {processor.py:161} INFO - Started process (PID=1570) to work on /home/airflow/.local/lib/python3.8/site-packages/airflow/example_dags/example_external_task_marker_dag.py
[2025-05-14T00:22:05.176+0000] {processor.py:830} INFO - Processing file /home/airflow/.local/lib/python3.8/site-packages/airflow/example_dags/example_external_task_marker_dag.py for tasks to queue
[2025-05-14T00:22:05.178+0000] {logging_mixin.py:188} INFO - [2025-05-14T00:22:05.177+0000] {dagbag.py:538} INFO - Filling up the DagBag from /home/airflow/.local/lib/python3.8/site-packages/airflow/example_dags/example_external_task_marker_dag.py
[2025-05-14T00:22:05.184+0000] {processor.py:840} INFO - DAG(s) 'example_external_task_marker_parent', 'example_external_task_marker_child' retrieved from /home/airflow/.local/lib/python3.8/site-packages/airflow/example_dags/example_external_task_marker_dag.py
[2025-05-14T00:22:05.211+0000] {logging_mixin.py:188} INFO - [2025-05-14T00:22:05.211+0000] {dag.py:3036} INFO - Sync 2 DAGs
[2025-05-14T00:22:05.226+0000] {logging_mixin.py:188} INFO - [2025-05-14T00:22:05.226+0000] {dag.py:3823} INFO - Setting next_dagrun for example_external_task_marker_child to None, run_after=None
[2025-05-14T00:22:05.231+0000] {logging_mixin.py:188} INFO - [2025-05-14T00:22:05.230+0000] {dag.py:3823} INFO - Setting next_dagrun for example_external_task_marker_parent to None, run_after=None
[2025-05-14T00:22:05.253+0000] {processor.py:183} INFO - Processing /home/airflow/.local/lib/python3.8/site-packages/airflow/example_dags/example_external_task_marker_dag.py took 0.082 seconds
[2025-05-14T00:22:36.033+0000] {processor.py:161} INFO - Started process (PID=1625) to work on /home/airflow/.local/lib/python3.8/site-packages/airflow/example_dags/example_external_task_marker_dag.py
[2025-05-14T00:22:36.034+0000] {processor.py:830} INFO - Processing file /home/airflow/.local/lib/python3.8/site-packages/airflow/example_dags/example_external_task_marker_dag.py for tasks to queue
[2025-05-14T00:22:36.036+0000] {logging_mixin.py:188} INFO - [2025-05-14T00:22:36.036+0000] {dagbag.py:538} INFO - Filling up the DagBag from /home/airflow/.local/lib/python3.8/site-packages/airflow/example_dags/example_external_task_marker_dag.py
[2025-05-14T00:22:36.042+0000] {processor.py:840} INFO - DAG(s) 'example_external_task_marker_child', 'example_external_task_marker_parent' retrieved from /home/airflow/.local/lib/python3.8/site-packages/airflow/example_dags/example_external_task_marker_dag.py
[2025-05-14T00:22:36.070+0000] {logging_mixin.py:188} INFO - [2025-05-14T00:22:36.070+0000] {dag.py:3036} INFO - Sync 2 DAGs
[2025-05-14T00:22:36.085+0000] {logging_mixin.py:188} INFO - [2025-05-14T00:22:36.085+0000] {dag.py:3823} INFO - Setting next_dagrun for example_external_task_marker_child to None, run_after=None
[2025-05-14T00:22:36.091+0000] {logging_mixin.py:188} INFO - [2025-05-14T00:22:36.090+0000] {dag.py:3823} INFO - Setting next_dagrun for example_external_task_marker_parent to None, run_after=None
[2025-05-14T00:22:36.126+0000] {processor.py:183} INFO - Processing /home/airflow/.local/lib/python3.8/site-packages/airflow/example_dags/example_external_task_marker_dag.py took 0.096 seconds
[2025-05-14T00:23:06.976+0000] {processor.py:161} INFO - Started process (PID=1681) to work on /home/airflow/.local/lib/python3.8/site-packages/airflow/example_dags/example_external_task_marker_dag.py
[2025-05-14T00:23:06.977+0000] {processor.py:830} INFO - Processing file /home/airflow/.local/lib/python3.8/site-packages/airflow/example_dags/example_external_task_marker_dag.py for tasks to queue
[2025-05-14T00:23:06.980+0000] {logging_mixin.py:188} INFO - [2025-05-14T00:23:06.979+0000] {dagbag.py:538} INFO - Filling up the DagBag from /home/airflow/.local/lib/python3.8/site-packages/airflow/example_dags/example_external_task_marker_dag.py
[2025-05-14T00:23:06.988+0000] {processor.py:840} INFO - DAG(s) 'example_external_task_marker_child', 'example_external_task_marker_parent' retrieved from /home/airflow/.local/lib/python3.8/site-packages/airflow/example_dags/example_external_task_marker_dag.py
[2025-05-14T00:23:07.017+0000] {logging_mixin.py:188} INFO - [2025-05-14T00:23:07.017+0000] {dag.py:3036} INFO - Sync 2 DAGs
[2025-05-14T00:23:07.032+0000] {logging_mixin.py:188} INFO - [2025-05-14T00:23:07.031+0000] {dag.py:3823} INFO - Setting next_dagrun for example_external_task_marker_child to None, run_after=None
[2025-05-14T00:23:07.037+0000] {logging_mixin.py:188} INFO - [2025-05-14T00:23:07.037+0000] {dag.py:3823} INFO - Setting next_dagrun for example_external_task_marker_parent to None, run_after=None
[2025-05-14T00:23:07.062+0000] {processor.py:183} INFO - Processing /home/airflow/.local/lib/python3.8/site-packages/airflow/example_dags/example_external_task_marker_dag.py took 0.089 seconds
[2025-05-14T00:23:37.964+0000] {processor.py:161} INFO - Started process (PID=1737) to work on /home/airflow/.local/lib/python3.8/site-packages/airflow/example_dags/example_external_task_marker_dag.py
[2025-05-14T00:23:37.973+0000] {processor.py:830} INFO - Processing file /home/airflow/.local/lib/python3.8/site-packages/airflow/example_dags/example_external_task_marker_dag.py for tasks to queue
[2025-05-14T00:23:37.976+0000] {logging_mixin.py:188} INFO - [2025-05-14T00:23:37.975+0000] {dagbag.py:538} INFO - Filling up the DagBag from /home/airflow/.local/lib/python3.8/site-packages/airflow/example_dags/example_external_task_marker_dag.py
[2025-05-14T00:23:37.983+0000] {processor.py:840} INFO - DAG(s) 'example_external_task_marker_child', 'example_external_task_marker_parent' retrieved from /home/airflow/.local/lib/python3.8/site-packages/airflow/example_dags/example_external_task_marker_dag.py
[2025-05-14T00:23:38.026+0000] {logging_mixin.py:188} INFO - [2025-05-14T00:23:38.025+0000] {dag.py:3036} INFO - Sync 2 DAGs
[2025-05-14T00:23:38.043+0000] {logging_mixin.py:188} INFO - [2025-05-14T00:23:38.043+0000] {dag.py:3823} INFO - Setting next_dagrun for example_external_task_marker_child to None, run_after=None
[2025-05-14T00:23:38.048+0000] {logging_mixin.py:188} INFO - [2025-05-14T00:23:38.048+0000] {dag.py:3823} INFO - Setting next_dagrun for example_external_task_marker_parent to None, run_after=None
[2025-05-14T00:23:38.074+0000] {processor.py:183} INFO - Processing /home/airflow/.local/lib/python3.8/site-packages/airflow/example_dags/example_external_task_marker_dag.py took 0.112 seconds
