[2025-05-14T00:08:22.956+0000] {processor.py:161} INFO - Started process (PID=71) to work on /home/airflow/.local/lib/python3.8/site-packages/airflow/example_dags/example_subdag_operator.py
[2025-05-14T00:08:22.966+0000] {processor.py:830} INFO - Processing file /home/airflow/.local/lib/python3.8/site-packages/airflow/example_dags/example_subdag_operator.py for tasks to queue
[2025-05-14T00:08:22.971+0000] {logging_mixin.py:188} INFO - [2025-05-14T00:08:22.971+0000] {dagbag.py:538} INFO - Filling up the DagBag from /home/airflow/.local/lib/python3.8/site-packages/airflow/example_dags/example_subdag_operator.py
[2025-05-14T00:08:23.020+0000] {processor.py:840} INFO - DAG(s) 'example_subdag_operator.section-1', 'example_subdag_operator.section-2', 'example_subdag_operator' retrieved from /home/airflow/.local/lib/python3.8/site-packages/airflow/example_dags/example_subdag_operator.py
[2025-05-14T00:08:23.478+0000] {logging_mixin.py:188} INFO - [2025-05-14T00:08:23.477+0000] {dag.py:3036} INFO - Sync 3 DAGs
[2025-05-14T00:08:23.855+0000] {logging_mixin.py:188} INFO - [2025-05-14T00:08:23.853+0000] {dag.py:3823} INFO - Setting next_dagrun for example_subdag_operator to 2022-01-01 00:00:00+00:00, run_after=2022-01-01 00:00:00+00:00
[2025-05-14T00:08:23.887+0000] {logging_mixin.py:188} INFO - [2025-05-14T00:08:23.887+0000] {dag.py:3823} INFO - Setting next_dagrun for example_subdag_operator.section-1 to None, run_after=None
[2025-05-14T00:08:23.897+0000] {logging_mixin.py:188} INFO - [2025-05-14T00:08:23.896+0000] {dag.py:3823} INFO - Setting next_dagrun for example_subdag_operator.section-2 to None, run_after=None
[2025-05-14T00:08:24.013+0000] {logging_mixin.py:188} INFO - [2025-05-14T00:08:24.012+0000] {dag.py:3036} INFO - Sync 2 DAGs
[2025-05-14T00:08:24.029+0000] {logging_mixin.py:188} INFO - [2025-05-14T00:08:24.029+0000] {dag.py:3823} INFO - Setting next_dagrun for example_subdag_operator.section-1 to None, run_after=None
[2025-05-14T00:08:24.037+0000] {logging_mixin.py:188} INFO - [2025-05-14T00:08:24.037+0000] {dag.py:3823} INFO - Setting next_dagrun for example_subdag_operator.section-2 to None, run_after=None
[2025-05-14T00:08:24.154+0000] {processor.py:183} INFO - Processing /home/airflow/.local/lib/python3.8/site-packages/airflow/example_dags/example_subdag_operator.py took 1.203 seconds
[2025-05-14T00:08:54.730+0000] {processor.py:161} INFO - Started process (PID=127) to work on /home/airflow/.local/lib/python3.8/site-packages/airflow/example_dags/example_subdag_operator.py
[2025-05-14T00:08:54.734+0000] {processor.py:830} INFO - Processing file /home/airflow/.local/lib/python3.8/site-packages/airflow/example_dags/example_subdag_operator.py for tasks to queue
[2025-05-14T00:08:54.754+0000] {logging_mixin.py:188} INFO - [2025-05-14T00:08:54.754+0000] {dagbag.py:538} INFO - Filling up the DagBag from /home/airflow/.local/lib/python3.8/site-packages/airflow/example_dags/example_subdag_operator.py
[2025-05-14T00:08:54.793+0000] {processor.py:840} INFO - DAG(s) 'example_subdag_operator.section-1', 'example_subdag_operator.section-2', 'example_subdag_operator' retrieved from /home/airflow/.local/lib/python3.8/site-packages/airflow/example_dags/example_subdag_operator.py
[2025-05-14T00:08:54.814+0000] {logging_mixin.py:188} INFO - [2025-05-14T00:08:54.814+0000] {dag.py:3036} INFO - Sync 3 DAGs
[2025-05-14T00:08:54.856+0000] {logging_mixin.py:188} INFO - [2025-05-14T00:08:54.855+0000] {dag.py:3823} INFO - Setting next_dagrun for example_subdag_operator to 2022-01-01 00:00:00+00:00, run_after=2022-01-01 00:00:00+00:00
[2025-05-14T00:08:54.862+0000] {logging_mixin.py:188} INFO - [2025-05-14T00:08:54.862+0000] {dag.py:3823} INFO - Setting next_dagrun for example_subdag_operator.section-1 to None, run_after=None
[2025-05-14T00:08:54.866+0000] {logging_mixin.py:188} INFO - [2025-05-14T00:08:54.866+0000] {dag.py:3823} INFO - Setting next_dagrun for example_subdag_operator.section-2 to None, run_after=None
[2025-05-14T00:08:54.882+0000] {logging_mixin.py:188} INFO - [2025-05-14T00:08:54.881+0000] {dag.py:3036} INFO - Sync 2 DAGs
[2025-05-14T00:08:54.893+0000] {logging_mixin.py:188} INFO - [2025-05-14T00:08:54.893+0000] {dag.py:3823} INFO - Setting next_dagrun for example_subdag_operator.section-1 to None, run_after=None
[2025-05-14T00:08:54.894+0000] {logging_mixin.py:188} INFO - [2025-05-14T00:08:54.894+0000] {dag.py:3823} INFO - Setting next_dagrun for example_subdag_operator.section-2 to None, run_after=None
[2025-05-14T00:08:54.915+0000] {processor.py:183} INFO - Processing /home/airflow/.local/lib/python3.8/site-packages/airflow/example_dags/example_subdag_operator.py took 0.188 seconds
[2025-05-14T00:09:25.242+0000] {processor.py:161} INFO - Started process (PID=181) to work on /home/airflow/.local/lib/python3.8/site-packages/airflow/example_dags/example_subdag_operator.py
[2025-05-14T00:09:25.243+0000] {processor.py:830} INFO - Processing file /home/airflow/.local/lib/python3.8/site-packages/airflow/example_dags/example_subdag_operator.py for tasks to queue
[2025-05-14T00:09:25.246+0000] {logging_mixin.py:188} INFO - [2025-05-14T00:09:25.245+0000] {dagbag.py:538} INFO - Filling up the DagBag from /home/airflow/.local/lib/python3.8/site-packages/airflow/example_dags/example_subdag_operator.py
[2025-05-14T00:09:25.270+0000] {processor.py:840} INFO - DAG(s) 'example_subdag_operator.section-1', 'example_subdag_operator.section-2', 'example_subdag_operator' retrieved from /home/airflow/.local/lib/python3.8/site-packages/airflow/example_dags/example_subdag_operator.py
[2025-05-14T00:09:25.287+0000] {logging_mixin.py:188} INFO - [2025-05-14T00:09:25.286+0000] {dag.py:3036} INFO - Sync 3 DAGs
[2025-05-14T00:09:25.311+0000] {logging_mixin.py:188} INFO - [2025-05-14T00:09:25.310+0000] {dag.py:3823} INFO - Setting next_dagrun for example_subdag_operator to 2022-01-01 00:00:00+00:00, run_after=2022-01-01 00:00:00+00:00
[2025-05-14T00:09:25.315+0000] {logging_mixin.py:188} INFO - [2025-05-14T00:09:25.315+0000] {dag.py:3823} INFO - Setting next_dagrun for example_subdag_operator.section-1 to None, run_after=None
[2025-05-14T00:09:25.317+0000] {logging_mixin.py:188} INFO - [2025-05-14T00:09:25.317+0000] {dag.py:3823} INFO - Setting next_dagrun for example_subdag_operator.section-2 to None, run_after=None
[2025-05-14T00:09:25.328+0000] {logging_mixin.py:188} INFO - [2025-05-14T00:09:25.327+0000] {dag.py:3036} INFO - Sync 2 DAGs
[2025-05-14T00:09:25.335+0000] {logging_mixin.py:188} INFO - [2025-05-14T00:09:25.335+0000] {dag.py:3823} INFO - Setting next_dagrun for example_subdag_operator.section-1 to None, run_after=None
[2025-05-14T00:09:25.336+0000] {logging_mixin.py:188} INFO - [2025-05-14T00:09:25.335+0000] {dag.py:3823} INFO - Setting next_dagrun for example_subdag_operator.section-2 to None, run_after=None
[2025-05-14T00:09:25.352+0000] {processor.py:183} INFO - Processing /home/airflow/.local/lib/python3.8/site-packages/airflow/example_dags/example_subdag_operator.py took 0.113 seconds
[2025-05-14T00:09:56.105+0000] {processor.py:161} INFO - Started process (PID=237) to work on /home/airflow/.local/lib/python3.8/site-packages/airflow/example_dags/example_subdag_operator.py
[2025-05-14T00:09:56.106+0000] {processor.py:830} INFO - Processing file /home/airflow/.local/lib/python3.8/site-packages/airflow/example_dags/example_subdag_operator.py for tasks to queue
[2025-05-14T00:09:56.108+0000] {logging_mixin.py:188} INFO - [2025-05-14T00:09:56.108+0000] {dagbag.py:538} INFO - Filling up the DagBag from /home/airflow/.local/lib/python3.8/site-packages/airflow/example_dags/example_subdag_operator.py
[2025-05-14T00:09:56.137+0000] {processor.py:840} INFO - DAG(s) 'example_subdag_operator.section-1', 'example_subdag_operator.section-2', 'example_subdag_operator' retrieved from /home/airflow/.local/lib/python3.8/site-packages/airflow/example_dags/example_subdag_operator.py
[2025-05-14T00:09:56.156+0000] {logging_mixin.py:188} INFO - [2025-05-14T00:09:56.156+0000] {dag.py:3036} INFO - Sync 3 DAGs
[2025-05-14T00:09:56.182+0000] {logging_mixin.py:188} INFO - [2025-05-14T00:09:56.182+0000] {dag.py:3823} INFO - Setting next_dagrun for example_subdag_operator to 2022-01-01 00:00:00+00:00, run_after=2022-01-01 00:00:00+00:00
[2025-05-14T00:09:56.189+0000] {logging_mixin.py:188} INFO - [2025-05-14T00:09:56.189+0000] {dag.py:3823} INFO - Setting next_dagrun for example_subdag_operator.section-1 to None, run_after=None
[2025-05-14T00:09:56.192+0000] {logging_mixin.py:188} INFO - [2025-05-14T00:09:56.191+0000] {dag.py:3823} INFO - Setting next_dagrun for example_subdag_operator.section-2 to None, run_after=None
[2025-05-14T00:09:56.208+0000] {logging_mixin.py:188} INFO - [2025-05-14T00:09:56.207+0000] {dag.py:3036} INFO - Sync 2 DAGs
[2025-05-14T00:09:56.217+0000] {logging_mixin.py:188} INFO - [2025-05-14T00:09:56.216+0000] {dag.py:3823} INFO - Setting next_dagrun for example_subdag_operator.section-1 to None, run_after=None
[2025-05-14T00:09:56.218+0000] {logging_mixin.py:188} INFO - [2025-05-14T00:09:56.217+0000] {dag.py:3823} INFO - Setting next_dagrun for example_subdag_operator.section-2 to None, run_after=None
[2025-05-14T00:09:56.246+0000] {processor.py:183} INFO - Processing /home/airflow/.local/lib/python3.8/site-packages/airflow/example_dags/example_subdag_operator.py took 0.144 seconds
[2025-05-14T00:10:27.125+0000] {processor.py:161} INFO - Started process (PID=293) to work on /home/airflow/.local/lib/python3.8/site-packages/airflow/example_dags/example_subdag_operator.py
[2025-05-14T00:10:27.127+0000] {processor.py:830} INFO - Processing file /home/airflow/.local/lib/python3.8/site-packages/airflow/example_dags/example_subdag_operator.py for tasks to queue
[2025-05-14T00:10:27.130+0000] {logging_mixin.py:188} INFO - [2025-05-14T00:10:27.129+0000] {dagbag.py:538} INFO - Filling up the DagBag from /home/airflow/.local/lib/python3.8/site-packages/airflow/example_dags/example_subdag_operator.py
[2025-05-14T00:10:27.170+0000] {processor.py:840} INFO - DAG(s) 'example_subdag_operator.section-1', 'example_subdag_operator.section-2', 'example_subdag_operator' retrieved from /home/airflow/.local/lib/python3.8/site-packages/airflow/example_dags/example_subdag_operator.py
[2025-05-14T00:10:27.190+0000] {logging_mixin.py:188} INFO - [2025-05-14T00:10:27.190+0000] {dag.py:3036} INFO - Sync 3 DAGs
[2025-05-14T00:10:27.218+0000] {logging_mixin.py:188} INFO - [2025-05-14T00:10:27.217+0000] {dag.py:3823} INFO - Setting next_dagrun for example_subdag_operator to 2022-01-01 00:00:00+00:00, run_after=2022-01-01 00:00:00+00:00
[2025-05-14T00:10:27.222+0000] {logging_mixin.py:188} INFO - [2025-05-14T00:10:27.222+0000] {dag.py:3823} INFO - Setting next_dagrun for example_subdag_operator.section-1 to None, run_after=None
[2025-05-14T00:10:27.225+0000] {logging_mixin.py:188} INFO - [2025-05-14T00:10:27.224+0000] {dag.py:3823} INFO - Setting next_dagrun for example_subdag_operator.section-2 to None, run_after=None
[2025-05-14T00:10:27.235+0000] {logging_mixin.py:188} INFO - [2025-05-14T00:10:27.234+0000] {dag.py:3036} INFO - Sync 2 DAGs
[2025-05-14T00:10:27.242+0000] {logging_mixin.py:188} INFO - [2025-05-14T00:10:27.241+0000] {dag.py:3823} INFO - Setting next_dagrun for example_subdag_operator.section-1 to None, run_after=None
[2025-05-14T00:10:27.243+0000] {logging_mixin.py:188} INFO - [2025-05-14T00:10:27.242+0000] {dag.py:3823} INFO - Setting next_dagrun for example_subdag_operator.section-2 to None, run_after=None
[2025-05-14T00:10:27.261+0000] {processor.py:183} INFO - Processing /home/airflow/.local/lib/python3.8/site-packages/airflow/example_dags/example_subdag_operator.py took 0.139 seconds
[2025-05-14T00:10:57.590+0000] {processor.py:161} INFO - Started process (PID=349) to work on /home/airflow/.local/lib/python3.8/site-packages/airflow/example_dags/example_subdag_operator.py
[2025-05-14T00:10:57.592+0000] {processor.py:830} INFO - Processing file /home/airflow/.local/lib/python3.8/site-packages/airflow/example_dags/example_subdag_operator.py for tasks to queue
[2025-05-14T00:10:57.595+0000] {logging_mixin.py:188} INFO - [2025-05-14T00:10:57.594+0000] {dagbag.py:538} INFO - Filling up the DagBag from /home/airflow/.local/lib/python3.8/site-packages/airflow/example_dags/example_subdag_operator.py
[2025-05-14T00:10:57.628+0000] {processor.py:840} INFO - DAG(s) 'example_subdag_operator.section-1', 'example_subdag_operator.section-2', 'example_subdag_operator' retrieved from /home/airflow/.local/lib/python3.8/site-packages/airflow/example_dags/example_subdag_operator.py
[2025-05-14T00:10:57.649+0000] {logging_mixin.py:188} INFO - [2025-05-14T00:10:57.648+0000] {dag.py:3036} INFO - Sync 3 DAGs
[2025-05-14T00:10:57.684+0000] {logging_mixin.py:188} INFO - [2025-05-14T00:10:57.683+0000] {dag.py:3823} INFO - Setting next_dagrun for example_subdag_operator to 2022-01-01 00:00:00+00:00, run_after=2022-01-01 00:00:00+00:00
[2025-05-14T00:10:57.690+0000] {logging_mixin.py:188} INFO - [2025-05-14T00:10:57.690+0000] {dag.py:3823} INFO - Setting next_dagrun for example_subdag_operator.section-1 to None, run_after=None
[2025-05-14T00:10:57.694+0000] {logging_mixin.py:188} INFO - [2025-05-14T00:10:57.693+0000] {dag.py:3823} INFO - Setting next_dagrun for example_subdag_operator.section-2 to None, run_after=None
[2025-05-14T00:10:57.706+0000] {logging_mixin.py:188} INFO - [2025-05-14T00:10:57.706+0000] {dag.py:3036} INFO - Sync 2 DAGs
[2025-05-14T00:10:57.718+0000] {logging_mixin.py:188} INFO - [2025-05-14T00:10:57.718+0000] {dag.py:3823} INFO - Setting next_dagrun for example_subdag_operator.section-1 to None, run_after=None
[2025-05-14T00:10:57.720+0000] {logging_mixin.py:188} INFO - [2025-05-14T00:10:57.719+0000] {dag.py:3823} INFO - Setting next_dagrun for example_subdag_operator.section-2 to None, run_after=None
[2025-05-14T00:10:57.747+0000] {processor.py:183} INFO - Processing /home/airflow/.local/lib/python3.8/site-packages/airflow/example_dags/example_subdag_operator.py took 0.161 seconds
[2025-05-14T00:11:28.223+0000] {processor.py:161} INFO - Started process (PID=405) to work on /home/airflow/.local/lib/python3.8/site-packages/airflow/example_dags/example_subdag_operator.py
[2025-05-14T00:11:28.225+0000] {processor.py:830} INFO - Processing file /home/airflow/.local/lib/python3.8/site-packages/airflow/example_dags/example_subdag_operator.py for tasks to queue
[2025-05-14T00:11:28.228+0000] {logging_mixin.py:188} INFO - [2025-05-14T00:11:28.228+0000] {dagbag.py:538} INFO - Filling up the DagBag from /home/airflow/.local/lib/python3.8/site-packages/airflow/example_dags/example_subdag_operator.py
[2025-05-14T00:11:28.253+0000] {processor.py:840} INFO - DAG(s) 'example_subdag_operator.section-1', 'example_subdag_operator.section-2', 'example_subdag_operator' retrieved from /home/airflow/.local/lib/python3.8/site-packages/airflow/example_dags/example_subdag_operator.py
[2025-05-14T00:11:28.272+0000] {logging_mixin.py:188} INFO - [2025-05-14T00:11:28.272+0000] {dag.py:3036} INFO - Sync 3 DAGs
[2025-05-14T00:11:28.299+0000] {logging_mixin.py:188} INFO - [2025-05-14T00:11:28.299+0000] {dag.py:3823} INFO - Setting next_dagrun for example_subdag_operator to 2022-01-01 00:00:00+00:00, run_after=2022-01-01 00:00:00+00:00
[2025-05-14T00:11:28.304+0000] {logging_mixin.py:188} INFO - [2025-05-14T00:11:28.304+0000] {dag.py:3823} INFO - Setting next_dagrun for example_subdag_operator.section-1 to None, run_after=None
[2025-05-14T00:11:28.306+0000] {logging_mixin.py:188} INFO - [2025-05-14T00:11:28.306+0000] {dag.py:3823} INFO - Setting next_dagrun for example_subdag_operator.section-2 to None, run_after=None
[2025-05-14T00:11:28.315+0000] {logging_mixin.py:188} INFO - [2025-05-14T00:11:28.314+0000] {dag.py:3036} INFO - Sync 2 DAGs
[2025-05-14T00:11:28.322+0000] {logging_mixin.py:188} INFO - [2025-05-14T00:11:28.321+0000] {dag.py:3823} INFO - Setting next_dagrun for example_subdag_operator.section-1 to None, run_after=None
[2025-05-14T00:11:28.322+0000] {logging_mixin.py:188} INFO - [2025-05-14T00:11:28.322+0000] {dag.py:3823} INFO - Setting next_dagrun for example_subdag_operator.section-2 to None, run_after=None
[2025-05-14T00:11:28.337+0000] {processor.py:183} INFO - Processing /home/airflow/.local/lib/python3.8/site-packages/airflow/example_dags/example_subdag_operator.py took 0.117 seconds
[2025-05-14T00:11:58.946+0000] {processor.py:161} INFO - Started process (PID=461) to work on /home/airflow/.local/lib/python3.8/site-packages/airflow/example_dags/example_subdag_operator.py
[2025-05-14T00:11:58.950+0000] {processor.py:830} INFO - Processing file /home/airflow/.local/lib/python3.8/site-packages/airflow/example_dags/example_subdag_operator.py for tasks to queue
[2025-05-14T00:11:58.953+0000] {logging_mixin.py:188} INFO - [2025-05-14T00:11:58.952+0000] {dagbag.py:538} INFO - Filling up the DagBag from /home/airflow/.local/lib/python3.8/site-packages/airflow/example_dags/example_subdag_operator.py
[2025-05-14T00:11:59.004+0000] {processor.py:840} INFO - DAG(s) 'example_subdag_operator.section-1', 'example_subdag_operator.section-2', 'example_subdag_operator' retrieved from /home/airflow/.local/lib/python3.8/site-packages/airflow/example_dags/example_subdag_operator.py
[2025-05-14T00:11:59.048+0000] {logging_mixin.py:188} INFO - [2025-05-14T00:11:59.048+0000] {dag.py:3036} INFO - Sync 3 DAGs
[2025-05-14T00:11:59.122+0000] {logging_mixin.py:188} INFO - [2025-05-14T00:11:59.122+0000] {dag.py:3823} INFO - Setting next_dagrun for example_subdag_operator to 2022-01-01 00:00:00+00:00, run_after=2022-01-01 00:00:00+00:00
[2025-05-14T00:11:59.128+0000] {logging_mixin.py:188} INFO - [2025-05-14T00:11:59.128+0000] {dag.py:3823} INFO - Setting next_dagrun for example_subdag_operator.section-1 to None, run_after=None
[2025-05-14T00:11:59.131+0000] {logging_mixin.py:188} INFO - [2025-05-14T00:11:59.130+0000] {dag.py:3823} INFO - Setting next_dagrun for example_subdag_operator.section-2 to None, run_after=None
[2025-05-14T00:11:59.148+0000] {logging_mixin.py:188} INFO - [2025-05-14T00:11:59.147+0000] {dag.py:3036} INFO - Sync 2 DAGs
[2025-05-14T00:11:59.159+0000] {logging_mixin.py:188} INFO - [2025-05-14T00:11:59.158+0000] {dag.py:3823} INFO - Setting next_dagrun for example_subdag_operator.section-1 to None, run_after=None
[2025-05-14T00:11:59.160+0000] {logging_mixin.py:188} INFO - [2025-05-14T00:11:59.160+0000] {dag.py:3823} INFO - Setting next_dagrun for example_subdag_operator.section-2 to None, run_after=None
[2025-05-14T00:11:59.178+0000] {processor.py:183} INFO - Processing /home/airflow/.local/lib/python3.8/site-packages/airflow/example_dags/example_subdag_operator.py took 0.237 seconds
[2025-05-14T00:12:29.221+0000] {processor.py:161} INFO - Started process (PID=517) to work on /home/airflow/.local/lib/python3.8/site-packages/airflow/example_dags/example_subdag_operator.py
[2025-05-14T00:12:29.224+0000] {processor.py:830} INFO - Processing file /home/airflow/.local/lib/python3.8/site-packages/airflow/example_dags/example_subdag_operator.py for tasks to queue
[2025-05-14T00:12:29.226+0000] {logging_mixin.py:188} INFO - [2025-05-14T00:12:29.226+0000] {dagbag.py:538} INFO - Filling up the DagBag from /home/airflow/.local/lib/python3.8/site-packages/airflow/example_dags/example_subdag_operator.py
[2025-05-14T00:12:29.262+0000] {processor.py:840} INFO - DAG(s) 'example_subdag_operator.section-1', 'example_subdag_operator.section-2', 'example_subdag_operator' retrieved from /home/airflow/.local/lib/python3.8/site-packages/airflow/example_dags/example_subdag_operator.py
[2025-05-14T00:12:29.287+0000] {logging_mixin.py:188} INFO - [2025-05-14T00:12:29.287+0000] {dag.py:3036} INFO - Sync 3 DAGs
[2025-05-14T00:12:29.323+0000] {logging_mixin.py:188} INFO - [2025-05-14T00:12:29.322+0000] {dag.py:3823} INFO - Setting next_dagrun for example_subdag_operator to 2022-01-01 00:00:00+00:00, run_after=2022-01-01 00:00:00+00:00
[2025-05-14T00:12:29.330+0000] {logging_mixin.py:188} INFO - [2025-05-14T00:12:29.329+0000] {dag.py:3823} INFO - Setting next_dagrun for example_subdag_operator.section-1 to None, run_after=None
[2025-05-14T00:12:29.334+0000] {logging_mixin.py:188} INFO - [2025-05-14T00:12:29.334+0000] {dag.py:3823} INFO - Setting next_dagrun for example_subdag_operator.section-2 to None, run_after=None
[2025-05-14T00:12:29.346+0000] {logging_mixin.py:188} INFO - [2025-05-14T00:12:29.346+0000] {dag.py:3036} INFO - Sync 2 DAGs
[2025-05-14T00:12:29.359+0000] {logging_mixin.py:188} INFO - [2025-05-14T00:12:29.358+0000] {dag.py:3823} INFO - Setting next_dagrun for example_subdag_operator.section-1 to None, run_after=None
[2025-05-14T00:12:29.359+0000] {logging_mixin.py:188} INFO - [2025-05-14T00:12:29.359+0000] {dag.py:3823} INFO - Setting next_dagrun for example_subdag_operator.section-2 to None, run_after=None
[2025-05-14T00:12:29.385+0000] {processor.py:183} INFO - Processing /home/airflow/.local/lib/python3.8/site-packages/airflow/example_dags/example_subdag_operator.py took 0.167 seconds
[2025-05-14T00:12:59.769+0000] {processor.py:161} INFO - Started process (PID=573) to work on /home/airflow/.local/lib/python3.8/site-packages/airflow/example_dags/example_subdag_operator.py
[2025-05-14T00:12:59.771+0000] {processor.py:830} INFO - Processing file /home/airflow/.local/lib/python3.8/site-packages/airflow/example_dags/example_subdag_operator.py for tasks to queue
[2025-05-14T00:12:59.772+0000] {logging_mixin.py:188} INFO - [2025-05-14T00:12:59.772+0000] {dagbag.py:538} INFO - Filling up the DagBag from /home/airflow/.local/lib/python3.8/site-packages/airflow/example_dags/example_subdag_operator.py
[2025-05-14T00:12:59.798+0000] {processor.py:840} INFO - DAG(s) 'example_subdag_operator.section-1', 'example_subdag_operator.section-2', 'example_subdag_operator' retrieved from /home/airflow/.local/lib/python3.8/site-packages/airflow/example_dags/example_subdag_operator.py
[2025-05-14T00:12:59.817+0000] {logging_mixin.py:188} INFO - [2025-05-14T00:12:59.817+0000] {dag.py:3036} INFO - Sync 3 DAGs
[2025-05-14T00:12:59.840+0000] {logging_mixin.py:188} INFO - [2025-05-14T00:12:59.840+0000] {dag.py:3823} INFO - Setting next_dagrun for example_subdag_operator to 2022-01-01 00:00:00+00:00, run_after=2022-01-01 00:00:00+00:00
[2025-05-14T00:12:59.844+0000] {logging_mixin.py:188} INFO - [2025-05-14T00:12:59.844+0000] {dag.py:3823} INFO - Setting next_dagrun for example_subdag_operator.section-1 to None, run_after=None
[2025-05-14T00:12:59.847+0000] {logging_mixin.py:188} INFO - [2025-05-14T00:12:59.846+0000] {dag.py:3823} INFO - Setting next_dagrun for example_subdag_operator.section-2 to None, run_after=None
[2025-05-14T00:12:59.856+0000] {logging_mixin.py:188} INFO - [2025-05-14T00:12:59.855+0000] {dag.py:3036} INFO - Sync 2 DAGs
[2025-05-14T00:12:59.862+0000] {logging_mixin.py:188} INFO - [2025-05-14T00:12:59.862+0000] {dag.py:3823} INFO - Setting next_dagrun for example_subdag_operator.section-1 to None, run_after=None
[2025-05-14T00:12:59.863+0000] {logging_mixin.py:188} INFO - [2025-05-14T00:12:59.863+0000] {dag.py:3823} INFO - Setting next_dagrun for example_subdag_operator.section-2 to None, run_after=None
[2025-05-14T00:12:59.878+0000] {processor.py:183} INFO - Processing /home/airflow/.local/lib/python3.8/site-packages/airflow/example_dags/example_subdag_operator.py took 0.112 seconds
[2025-05-14T00:13:30.339+0000] {processor.py:161} INFO - Started process (PID=629) to work on /home/airflow/.local/lib/python3.8/site-packages/airflow/example_dags/example_subdag_operator.py
[2025-05-14T00:13:30.340+0000] {processor.py:830} INFO - Processing file /home/airflow/.local/lib/python3.8/site-packages/airflow/example_dags/example_subdag_operator.py for tasks to queue
[2025-05-14T00:13:30.342+0000] {logging_mixin.py:188} INFO - [2025-05-14T00:13:30.342+0000] {dagbag.py:538} INFO - Filling up the DagBag from /home/airflow/.local/lib/python3.8/site-packages/airflow/example_dags/example_subdag_operator.py
[2025-05-14T00:13:30.368+0000] {processor.py:840} INFO - DAG(s) 'example_subdag_operator.section-1', 'example_subdag_operator.section-2', 'example_subdag_operator' retrieved from /home/airflow/.local/lib/python3.8/site-packages/airflow/example_dags/example_subdag_operator.py
[2025-05-14T00:13:30.385+0000] {logging_mixin.py:188} INFO - [2025-05-14T00:13:30.384+0000] {dag.py:3036} INFO - Sync 3 DAGs
[2025-05-14T00:13:30.410+0000] {logging_mixin.py:188} INFO - [2025-05-14T00:13:30.409+0000] {dag.py:3823} INFO - Setting next_dagrun for example_subdag_operator to 2022-01-01 00:00:00+00:00, run_after=2022-01-01 00:00:00+00:00
[2025-05-14T00:13:30.415+0000] {logging_mixin.py:188} INFO - [2025-05-14T00:13:30.414+0000] {dag.py:3823} INFO - Setting next_dagrun for example_subdag_operator.section-1 to None, run_after=None
[2025-05-14T00:13:30.417+0000] {logging_mixin.py:188} INFO - [2025-05-14T00:13:30.417+0000] {dag.py:3823} INFO - Setting next_dagrun for example_subdag_operator.section-2 to None, run_after=None
[2025-05-14T00:13:30.426+0000] {logging_mixin.py:188} INFO - [2025-05-14T00:13:30.426+0000] {dag.py:3036} INFO - Sync 2 DAGs
[2025-05-14T00:13:30.434+0000] {logging_mixin.py:188} INFO - [2025-05-14T00:13:30.434+0000] {dag.py:3823} INFO - Setting next_dagrun for example_subdag_operator.section-1 to None, run_after=None
[2025-05-14T00:13:30.435+0000] {logging_mixin.py:188} INFO - [2025-05-14T00:13:30.435+0000] {dag.py:3823} INFO - Setting next_dagrun for example_subdag_operator.section-2 to None, run_after=None
[2025-05-14T00:13:30.453+0000] {processor.py:183} INFO - Processing /home/airflow/.local/lib/python3.8/site-packages/airflow/example_dags/example_subdag_operator.py took 0.117 seconds
[2025-05-14T00:14:00.835+0000] {processor.py:161} INFO - Started process (PID=685) to work on /home/airflow/.local/lib/python3.8/site-packages/airflow/example_dags/example_subdag_operator.py
[2025-05-14T00:14:00.850+0000] {processor.py:830} INFO - Processing file /home/airflow/.local/lib/python3.8/site-packages/airflow/example_dags/example_subdag_operator.py for tasks to queue
[2025-05-14T00:14:00.852+0000] {logging_mixin.py:188} INFO - [2025-05-14T00:14:00.852+0000] {dagbag.py:538} INFO - Filling up the DagBag from /home/airflow/.local/lib/python3.8/site-packages/airflow/example_dags/example_subdag_operator.py
[2025-05-14T00:14:00.880+0000] {processor.py:840} INFO - DAG(s) 'example_subdag_operator.section-1', 'example_subdag_operator.section-2', 'example_subdag_operator' retrieved from /home/airflow/.local/lib/python3.8/site-packages/airflow/example_dags/example_subdag_operator.py
[2025-05-14T00:14:00.899+0000] {logging_mixin.py:188} INFO - [2025-05-14T00:14:00.899+0000] {dag.py:3036} INFO - Sync 3 DAGs
[2025-05-14T00:14:00.922+0000] {logging_mixin.py:188} INFO - [2025-05-14T00:14:00.922+0000] {dag.py:3823} INFO - Setting next_dagrun for example_subdag_operator to 2022-01-01 00:00:00+00:00, run_after=2022-01-01 00:00:00+00:00
[2025-05-14T00:14:00.927+0000] {logging_mixin.py:188} INFO - [2025-05-14T00:14:00.927+0000] {dag.py:3823} INFO - Setting next_dagrun for example_subdag_operator.section-1 to None, run_after=None
[2025-05-14T00:14:00.929+0000] {logging_mixin.py:188} INFO - [2025-05-14T00:14:00.929+0000] {dag.py:3823} INFO - Setting next_dagrun for example_subdag_operator.section-2 to None, run_after=None
[2025-05-14T00:14:00.938+0000] {logging_mixin.py:188} INFO - [2025-05-14T00:14:00.937+0000] {dag.py:3036} INFO - Sync 2 DAGs
[2025-05-14T00:14:00.947+0000] {logging_mixin.py:188} INFO - [2025-05-14T00:14:00.947+0000] {dag.py:3823} INFO - Setting next_dagrun for example_subdag_operator.section-1 to None, run_after=None
[2025-05-14T00:14:00.949+0000] {logging_mixin.py:188} INFO - [2025-05-14T00:14:00.949+0000] {dag.py:3823} INFO - Setting next_dagrun for example_subdag_operator.section-2 to None, run_after=None
[2025-05-14T00:14:00.970+0000] {processor.py:183} INFO - Processing /home/airflow/.local/lib/python3.8/site-packages/airflow/example_dags/example_subdag_operator.py took 0.139 seconds
[2025-05-14T00:14:31.974+0000] {processor.py:161} INFO - Started process (PID=741) to work on /home/airflow/.local/lib/python3.8/site-packages/airflow/example_dags/example_subdag_operator.py
[2025-05-14T00:14:31.975+0000] {processor.py:830} INFO - Processing file /home/airflow/.local/lib/python3.8/site-packages/airflow/example_dags/example_subdag_operator.py for tasks to queue
[2025-05-14T00:14:31.978+0000] {logging_mixin.py:188} INFO - [2025-05-14T00:14:31.977+0000] {dagbag.py:538} INFO - Filling up the DagBag from /home/airflow/.local/lib/python3.8/site-packages/airflow/example_dags/example_subdag_operator.py
[2025-05-14T00:14:32.003+0000] {processor.py:840} INFO - DAG(s) 'example_subdag_operator.section-1', 'example_subdag_operator.section-2', 'example_subdag_operator' retrieved from /home/airflow/.local/lib/python3.8/site-packages/airflow/example_dags/example_subdag_operator.py
[2025-05-14T00:14:32.022+0000] {logging_mixin.py:188} INFO - [2025-05-14T00:14:32.022+0000] {dag.py:3036} INFO - Sync 3 DAGs
[2025-05-14T00:14:32.045+0000] {logging_mixin.py:188} INFO - [2025-05-14T00:14:32.045+0000] {dag.py:3823} INFO - Setting next_dagrun for example_subdag_operator to 2022-01-01 00:00:00+00:00, run_after=2022-01-01 00:00:00+00:00
[2025-05-14T00:14:32.050+0000] {logging_mixin.py:188} INFO - [2025-05-14T00:14:32.050+0000] {dag.py:3823} INFO - Setting next_dagrun for example_subdag_operator.section-1 to None, run_after=None
[2025-05-14T00:14:32.053+0000] {logging_mixin.py:188} INFO - [2025-05-14T00:14:32.052+0000] {dag.py:3823} INFO - Setting next_dagrun for example_subdag_operator.section-2 to None, run_after=None
[2025-05-14T00:14:32.061+0000] {logging_mixin.py:188} INFO - [2025-05-14T00:14:32.060+0000] {dag.py:3036} INFO - Sync 2 DAGs
[2025-05-14T00:14:32.067+0000] {logging_mixin.py:188} INFO - [2025-05-14T00:14:32.067+0000] {dag.py:3823} INFO - Setting next_dagrun for example_subdag_operator.section-1 to None, run_after=None
[2025-05-14T00:14:32.068+0000] {logging_mixin.py:188} INFO - [2025-05-14T00:14:32.068+0000] {dag.py:3823} INFO - Setting next_dagrun for example_subdag_operator.section-2 to None, run_after=None
[2025-05-14T00:14:32.083+0000] {processor.py:183} INFO - Processing /home/airflow/.local/lib/python3.8/site-packages/airflow/example_dags/example_subdag_operator.py took 0.112 seconds
[2025-05-14T00:15:02.458+0000] {processor.py:161} INFO - Started process (PID=797) to work on /home/airflow/.local/lib/python3.8/site-packages/airflow/example_dags/example_subdag_operator.py
[2025-05-14T00:15:02.459+0000] {processor.py:830} INFO - Processing file /home/airflow/.local/lib/python3.8/site-packages/airflow/example_dags/example_subdag_operator.py for tasks to queue
[2025-05-14T00:15:02.461+0000] {logging_mixin.py:188} INFO - [2025-05-14T00:15:02.461+0000] {dagbag.py:538} INFO - Filling up the DagBag from /home/airflow/.local/lib/python3.8/site-packages/airflow/example_dags/example_subdag_operator.py
[2025-05-14T00:15:02.493+0000] {processor.py:840} INFO - DAG(s) 'example_subdag_operator.section-1', 'example_subdag_operator.section-2', 'example_subdag_operator' retrieved from /home/airflow/.local/lib/python3.8/site-packages/airflow/example_dags/example_subdag_operator.py
[2025-05-14T00:15:02.512+0000] {logging_mixin.py:188} INFO - [2025-05-14T00:15:02.512+0000] {dag.py:3036} INFO - Sync 3 DAGs
[2025-05-14T00:15:02.541+0000] {logging_mixin.py:188} INFO - [2025-05-14T00:15:02.540+0000] {dag.py:3823} INFO - Setting next_dagrun for example_subdag_operator to 2022-01-01 00:00:00+00:00, run_after=2022-01-01 00:00:00+00:00
[2025-05-14T00:15:02.545+0000] {logging_mixin.py:188} INFO - [2025-05-14T00:15:02.545+0000] {dag.py:3823} INFO - Setting next_dagrun for example_subdag_operator.section-1 to None, run_after=None
[2025-05-14T00:15:02.547+0000] {logging_mixin.py:188} INFO - [2025-05-14T00:15:02.547+0000] {dag.py:3823} INFO - Setting next_dagrun for example_subdag_operator.section-2 to None, run_after=None
[2025-05-14T00:15:02.559+0000] {logging_mixin.py:188} INFO - [2025-05-14T00:15:02.559+0000] {dag.py:3036} INFO - Sync 2 DAGs
[2025-05-14T00:15:02.566+0000] {logging_mixin.py:188} INFO - [2025-05-14T00:15:02.566+0000] {dag.py:3823} INFO - Setting next_dagrun for example_subdag_operator.section-1 to None, run_after=None
[2025-05-14T00:15:02.567+0000] {logging_mixin.py:188} INFO - [2025-05-14T00:15:02.567+0000] {dag.py:3823} INFO - Setting next_dagrun for example_subdag_operator.section-2 to None, run_after=None
[2025-05-14T00:15:02.615+0000] {processor.py:183} INFO - Processing /home/airflow/.local/lib/python3.8/site-packages/airflow/example_dags/example_subdag_operator.py took 0.160 seconds
[2025-05-14T00:15:33.101+0000] {processor.py:161} INFO - Started process (PID=853) to work on /home/airflow/.local/lib/python3.8/site-packages/airflow/example_dags/example_subdag_operator.py
[2025-05-14T00:15:33.103+0000] {processor.py:830} INFO - Processing file /home/airflow/.local/lib/python3.8/site-packages/airflow/example_dags/example_subdag_operator.py for tasks to queue
[2025-05-14T00:15:33.107+0000] {logging_mixin.py:188} INFO - [2025-05-14T00:15:33.106+0000] {dagbag.py:538} INFO - Filling up the DagBag from /home/airflow/.local/lib/python3.8/site-packages/airflow/example_dags/example_subdag_operator.py
[2025-05-14T00:15:33.144+0000] {processor.py:840} INFO - DAG(s) 'example_subdag_operator.section-1', 'example_subdag_operator.section-2', 'example_subdag_operator' retrieved from /home/airflow/.local/lib/python3.8/site-packages/airflow/example_dags/example_subdag_operator.py
[2025-05-14T00:15:33.168+0000] {logging_mixin.py:188} INFO - [2025-05-14T00:15:33.168+0000] {dag.py:3036} INFO - Sync 3 DAGs
[2025-05-14T00:15:33.204+0000] {logging_mixin.py:188} INFO - [2025-05-14T00:15:33.203+0000] {dag.py:3823} INFO - Setting next_dagrun for example_subdag_operator to 2022-01-01 00:00:00+00:00, run_after=2022-01-01 00:00:00+00:00
[2025-05-14T00:15:33.210+0000] {logging_mixin.py:188} INFO - [2025-05-14T00:15:33.209+0000] {dag.py:3823} INFO - Setting next_dagrun for example_subdag_operator.section-1 to None, run_after=None
[2025-05-14T00:15:33.213+0000] {logging_mixin.py:188} INFO - [2025-05-14T00:15:33.213+0000] {dag.py:3823} INFO - Setting next_dagrun for example_subdag_operator.section-2 to None, run_after=None
[2025-05-14T00:15:33.229+0000] {logging_mixin.py:188} INFO - [2025-05-14T00:15:33.228+0000] {dag.py:3036} INFO - Sync 2 DAGs
[2025-05-14T00:15:33.241+0000] {logging_mixin.py:188} INFO - [2025-05-14T00:15:33.241+0000] {dag.py:3823} INFO - Setting next_dagrun for example_subdag_operator.section-1 to None, run_after=None
[2025-05-14T00:15:33.243+0000] {logging_mixin.py:188} INFO - [2025-05-14T00:15:33.242+0000] {dag.py:3823} INFO - Setting next_dagrun for example_subdag_operator.section-2 to None, run_after=None
[2025-05-14T00:15:33.278+0000] {processor.py:183} INFO - Processing /home/airflow/.local/lib/python3.8/site-packages/airflow/example_dags/example_subdag_operator.py took 0.181 seconds
[2025-05-14T00:16:05.011+0000] {processor.py:161} INFO - Started process (PID=908) to work on /home/airflow/.local/lib/python3.8/site-packages/airflow/example_dags/example_subdag_operator.py
[2025-05-14T00:16:05.014+0000] {processor.py:830} INFO - Processing file /home/airflow/.local/lib/python3.8/site-packages/airflow/example_dags/example_subdag_operator.py for tasks to queue
[2025-05-14T00:16:05.025+0000] {logging_mixin.py:188} INFO - [2025-05-14T00:16:05.022+0000] {dagbag.py:538} INFO - Filling up the DagBag from /home/airflow/.local/lib/python3.8/site-packages/airflow/example_dags/example_subdag_operator.py
[2025-05-14T00:16:05.086+0000] {processor.py:840} INFO - DAG(s) 'example_subdag_operator.section-1', 'example_subdag_operator.section-2', 'example_subdag_operator' retrieved from /home/airflow/.local/lib/python3.8/site-packages/airflow/example_dags/example_subdag_operator.py
[2025-05-14T00:16:05.132+0000] {logging_mixin.py:188} INFO - [2025-05-14T00:16:05.132+0000] {dag.py:3036} INFO - Sync 3 DAGs
[2025-05-14T00:16:05.211+0000] {logging_mixin.py:188} INFO - [2025-05-14T00:16:05.211+0000] {dag.py:3823} INFO - Setting next_dagrun for example_subdag_operator to 2022-01-01 00:00:00+00:00, run_after=2022-01-01 00:00:00+00:00
[2025-05-14T00:16:05.258+0000] {logging_mixin.py:188} INFO - [2025-05-14T00:16:05.257+0000] {dag.py:3823} INFO - Setting next_dagrun for example_subdag_operator.section-1 to None, run_after=None
[2025-05-14T00:16:05.283+0000] {logging_mixin.py:188} INFO - [2025-05-14T00:16:05.282+0000] {dag.py:3823} INFO - Setting next_dagrun for example_subdag_operator.section-2 to None, run_after=None
[2025-05-14T00:16:05.322+0000] {logging_mixin.py:188} INFO - [2025-05-14T00:16:05.322+0000] {dag.py:3036} INFO - Sync 2 DAGs
[2025-05-14T00:16:05.349+0000] {logging_mixin.py:188} INFO - [2025-05-14T00:16:05.349+0000] {dag.py:3823} INFO - Setting next_dagrun for example_subdag_operator.section-1 to None, run_after=None
[2025-05-14T00:16:05.350+0000] {logging_mixin.py:188} INFO - [2025-05-14T00:16:05.350+0000] {dag.py:3823} INFO - Setting next_dagrun for example_subdag_operator.section-2 to None, run_after=None
[2025-05-14T00:16:05.397+0000] {processor.py:183} INFO - Processing /home/airflow/.local/lib/python3.8/site-packages/airflow/example_dags/example_subdag_operator.py took 0.389 seconds
[2025-05-14T00:16:35.722+0000] {processor.py:161} INFO - Started process (PID=965) to work on /home/airflow/.local/lib/python3.8/site-packages/airflow/example_dags/example_subdag_operator.py
[2025-05-14T00:16:35.724+0000] {processor.py:830} INFO - Processing file /home/airflow/.local/lib/python3.8/site-packages/airflow/example_dags/example_subdag_operator.py for tasks to queue
[2025-05-14T00:16:35.726+0000] {logging_mixin.py:188} INFO - [2025-05-14T00:16:35.726+0000] {dagbag.py:538} INFO - Filling up the DagBag from /home/airflow/.local/lib/python3.8/site-packages/airflow/example_dags/example_subdag_operator.py
[2025-05-14T00:16:35.768+0000] {processor.py:840} INFO - DAG(s) 'example_subdag_operator.section-1', 'example_subdag_operator.section-2', 'example_subdag_operator' retrieved from /home/airflow/.local/lib/python3.8/site-packages/airflow/example_dags/example_subdag_operator.py
[2025-05-14T00:16:35.801+0000] {logging_mixin.py:188} INFO - [2025-05-14T00:16:35.800+0000] {dag.py:3036} INFO - Sync 3 DAGs
[2025-05-14T00:16:35.880+0000] {logging_mixin.py:188} INFO - [2025-05-14T00:16:35.880+0000] {dag.py:3823} INFO - Setting next_dagrun for example_subdag_operator to 2022-01-01 00:00:00+00:00, run_after=2022-01-01 00:00:00+00:00
[2025-05-14T00:16:35.933+0000] {logging_mixin.py:188} INFO - [2025-05-14T00:16:35.933+0000] {dag.py:3823} INFO - Setting next_dagrun for example_subdag_operator.section-1 to None, run_after=None
[2025-05-14T00:16:35.937+0000] {logging_mixin.py:188} INFO - [2025-05-14T00:16:35.937+0000] {dag.py:3823} INFO - Setting next_dagrun for example_subdag_operator.section-2 to None, run_after=None
[2025-05-14T00:16:35.958+0000] {logging_mixin.py:188} INFO - [2025-05-14T00:16:35.957+0000] {dag.py:3036} INFO - Sync 2 DAGs
[2025-05-14T00:16:35.976+0000] {logging_mixin.py:188} INFO - [2025-05-14T00:16:35.976+0000] {dag.py:3823} INFO - Setting next_dagrun for example_subdag_operator.section-1 to None, run_after=None
[2025-05-14T00:16:35.994+0000] {logging_mixin.py:188} INFO - [2025-05-14T00:16:35.994+0000] {dag.py:3823} INFO - Setting next_dagrun for example_subdag_operator.section-2 to None, run_after=None
[2025-05-14T00:16:36.030+0000] {processor.py:183} INFO - Processing /home/airflow/.local/lib/python3.8/site-packages/airflow/example_dags/example_subdag_operator.py took 0.312 seconds
[2025-05-14T00:17:06.207+0000] {processor.py:161} INFO - Started process (PID=1020) to work on /home/airflow/.local/lib/python3.8/site-packages/airflow/example_dags/example_subdag_operator.py
[2025-05-14T00:17:06.208+0000] {processor.py:830} INFO - Processing file /home/airflow/.local/lib/python3.8/site-packages/airflow/example_dags/example_subdag_operator.py for tasks to queue
[2025-05-14T00:17:06.211+0000] {logging_mixin.py:188} INFO - [2025-05-14T00:17:06.210+0000] {dagbag.py:538} INFO - Filling up the DagBag from /home/airflow/.local/lib/python3.8/site-packages/airflow/example_dags/example_subdag_operator.py
[2025-05-14T00:17:06.236+0000] {processor.py:840} INFO - DAG(s) 'example_subdag_operator.section-1', 'example_subdag_operator.section-2', 'example_subdag_operator' retrieved from /home/airflow/.local/lib/python3.8/site-packages/airflow/example_dags/example_subdag_operator.py
[2025-05-14T00:17:06.254+0000] {logging_mixin.py:188} INFO - [2025-05-14T00:17:06.253+0000] {dag.py:3036} INFO - Sync 3 DAGs
[2025-05-14T00:17:06.280+0000] {logging_mixin.py:188} INFO - [2025-05-14T00:17:06.280+0000] {dag.py:3823} INFO - Setting next_dagrun for example_subdag_operator to 2022-01-01 00:00:00+00:00, run_after=2022-01-01 00:00:00+00:00
[2025-05-14T00:17:06.285+0000] {logging_mixin.py:188} INFO - [2025-05-14T00:17:06.285+0000] {dag.py:3823} INFO - Setting next_dagrun for example_subdag_operator.section-1 to None, run_after=None
[2025-05-14T00:17:06.287+0000] {logging_mixin.py:188} INFO - [2025-05-14T00:17:06.287+0000] {dag.py:3823} INFO - Setting next_dagrun for example_subdag_operator.section-2 to None, run_after=None
[2025-05-14T00:17:06.295+0000] {logging_mixin.py:188} INFO - [2025-05-14T00:17:06.295+0000] {dag.py:3036} INFO - Sync 2 DAGs
[2025-05-14T00:17:06.302+0000] {logging_mixin.py:188} INFO - [2025-05-14T00:17:06.302+0000] {dag.py:3823} INFO - Setting next_dagrun for example_subdag_operator.section-1 to None, run_after=None
[2025-05-14T00:17:06.303+0000] {logging_mixin.py:188} INFO - [2025-05-14T00:17:06.303+0000] {dag.py:3823} INFO - Setting next_dagrun for example_subdag_operator.section-2 to None, run_after=None
[2025-05-14T00:17:06.324+0000] {processor.py:183} INFO - Processing /home/airflow/.local/lib/python3.8/site-packages/airflow/example_dags/example_subdag_operator.py took 0.121 seconds
[2025-05-14T00:17:36.379+0000] {processor.py:161} INFO - Started process (PID=1076) to work on /home/airflow/.local/lib/python3.8/site-packages/airflow/example_dags/example_subdag_operator.py
[2025-05-14T00:17:36.384+0000] {processor.py:830} INFO - Processing file /home/airflow/.local/lib/python3.8/site-packages/airflow/example_dags/example_subdag_operator.py for tasks to queue
[2025-05-14T00:17:36.387+0000] {logging_mixin.py:188} INFO - [2025-05-14T00:17:36.386+0000] {dagbag.py:538} INFO - Filling up the DagBag from /home/airflow/.local/lib/python3.8/site-packages/airflow/example_dags/example_subdag_operator.py
[2025-05-14T00:17:36.449+0000] {processor.py:840} INFO - DAG(s) 'example_subdag_operator.section-1', 'example_subdag_operator.section-2', 'example_subdag_operator' retrieved from /home/airflow/.local/lib/python3.8/site-packages/airflow/example_dags/example_subdag_operator.py
[2025-05-14T00:17:36.488+0000] {logging_mixin.py:188} INFO - [2025-05-14T00:17:36.487+0000] {dag.py:3036} INFO - Sync 3 DAGs
[2025-05-14T00:17:36.523+0000] {logging_mixin.py:188} INFO - [2025-05-14T00:17:36.523+0000] {dag.py:3823} INFO - Setting next_dagrun for example_subdag_operator to 2022-01-01 00:00:00+00:00, run_after=2022-01-01 00:00:00+00:00
[2025-05-14T00:17:36.533+0000] {logging_mixin.py:188} INFO - [2025-05-14T00:17:36.533+0000] {dag.py:3823} INFO - Setting next_dagrun for example_subdag_operator.section-1 to None, run_after=None
[2025-05-14T00:17:36.536+0000] {logging_mixin.py:188} INFO - [2025-05-14T00:17:36.535+0000] {dag.py:3823} INFO - Setting next_dagrun for example_subdag_operator.section-2 to None, run_after=None
[2025-05-14T00:17:36.551+0000] {logging_mixin.py:188} INFO - [2025-05-14T00:17:36.551+0000] {dag.py:3036} INFO - Sync 2 DAGs
[2025-05-14T00:17:36.560+0000] {logging_mixin.py:188} INFO - [2025-05-14T00:17:36.559+0000] {dag.py:3823} INFO - Setting next_dagrun for example_subdag_operator.section-1 to None, run_after=None
[2025-05-14T00:17:36.561+0000] {logging_mixin.py:188} INFO - [2025-05-14T00:17:36.561+0000] {dag.py:3823} INFO - Setting next_dagrun for example_subdag_operator.section-2 to None, run_after=None
[2025-05-14T00:17:36.597+0000] {processor.py:183} INFO - Processing /home/airflow/.local/lib/python3.8/site-packages/airflow/example_dags/example_subdag_operator.py took 0.221 seconds
[2025-05-14T00:18:07.145+0000] {processor.py:161} INFO - Started process (PID=1132) to work on /home/airflow/.local/lib/python3.8/site-packages/airflow/example_dags/example_subdag_operator.py
[2025-05-14T00:18:07.153+0000] {processor.py:830} INFO - Processing file /home/airflow/.local/lib/python3.8/site-packages/airflow/example_dags/example_subdag_operator.py for tasks to queue
[2025-05-14T00:18:07.161+0000] {logging_mixin.py:188} INFO - [2025-05-14T00:18:07.161+0000] {dagbag.py:538} INFO - Filling up the DagBag from /home/airflow/.local/lib/python3.8/site-packages/airflow/example_dags/example_subdag_operator.py
[2025-05-14T00:18:07.276+0000] {processor.py:840} INFO - DAG(s) 'example_subdag_operator.section-1', 'example_subdag_operator.section-2', 'example_subdag_operator' retrieved from /home/airflow/.local/lib/python3.8/site-packages/airflow/example_dags/example_subdag_operator.py
[2025-05-14T00:18:07.312+0000] {logging_mixin.py:188} INFO - [2025-05-14T00:18:07.312+0000] {dag.py:3036} INFO - Sync 3 DAGs
[2025-05-14T00:18:07.597+0000] {logging_mixin.py:188} INFO - [2025-05-14T00:18:07.596+0000] {dag.py:3823} INFO - Setting next_dagrun for example_subdag_operator to 2022-01-01 00:00:00+00:00, run_after=2022-01-01 00:00:00+00:00
[2025-05-14T00:18:07.657+0000] {logging_mixin.py:188} INFO - [2025-05-14T00:18:07.657+0000] {dag.py:3823} INFO - Setting next_dagrun for example_subdag_operator.section-1 to None, run_after=None
[2025-05-14T00:18:07.669+0000] {logging_mixin.py:188} INFO - [2025-05-14T00:18:07.668+0000] {dag.py:3823} INFO - Setting next_dagrun for example_subdag_operator.section-2 to None, run_after=None
[2025-05-14T00:18:07.694+0000] {logging_mixin.py:188} INFO - [2025-05-14T00:18:07.693+0000] {dag.py:3036} INFO - Sync 2 DAGs
[2025-05-14T00:18:07.725+0000] {logging_mixin.py:188} INFO - [2025-05-14T00:18:07.724+0000] {dag.py:3823} INFO - Setting next_dagrun for example_subdag_operator.section-1 to None, run_after=None
[2025-05-14T00:18:07.732+0000] {logging_mixin.py:188} INFO - [2025-05-14T00:18:07.732+0000] {dag.py:3823} INFO - Setting next_dagrun for example_subdag_operator.section-2 to None, run_after=None
[2025-05-14T00:18:07.766+0000] {processor.py:183} INFO - Processing /home/airflow/.local/lib/python3.8/site-packages/airflow/example_dags/example_subdag_operator.py took 0.630 seconds
[2025-05-14T00:18:38.082+0000] {processor.py:161} INFO - Started process (PID=1189) to work on /home/airflow/.local/lib/python3.8/site-packages/airflow/example_dags/example_subdag_operator.py
[2025-05-14T00:18:38.084+0000] {processor.py:830} INFO - Processing file /home/airflow/.local/lib/python3.8/site-packages/airflow/example_dags/example_subdag_operator.py for tasks to queue
[2025-05-14T00:18:38.086+0000] {logging_mixin.py:188} INFO - [2025-05-14T00:18:38.086+0000] {dagbag.py:538} INFO - Filling up the DagBag from /home/airflow/.local/lib/python3.8/site-packages/airflow/example_dags/example_subdag_operator.py
[2025-05-14T00:18:38.121+0000] {processor.py:840} INFO - DAG(s) 'example_subdag_operator.section-1', 'example_subdag_operator.section-2', 'example_subdag_operator' retrieved from /home/airflow/.local/lib/python3.8/site-packages/airflow/example_dags/example_subdag_operator.py
[2025-05-14T00:18:38.150+0000] {logging_mixin.py:188} INFO - [2025-05-14T00:18:38.150+0000] {dag.py:3036} INFO - Sync 3 DAGs
[2025-05-14T00:18:38.186+0000] {logging_mixin.py:188} INFO - [2025-05-14T00:18:38.185+0000] {dag.py:3823} INFO - Setting next_dagrun for example_subdag_operator to 2022-01-01 00:00:00+00:00, run_after=2022-01-01 00:00:00+00:00
[2025-05-14T00:18:38.192+0000] {logging_mixin.py:188} INFO - [2025-05-14T00:18:38.191+0000] {dag.py:3823} INFO - Setting next_dagrun for example_subdag_operator.section-1 to None, run_after=None
[2025-05-14T00:18:38.197+0000] {logging_mixin.py:188} INFO - [2025-05-14T00:18:38.196+0000] {dag.py:3823} INFO - Setting next_dagrun for example_subdag_operator.section-2 to None, run_after=None
[2025-05-14T00:18:38.209+0000] {logging_mixin.py:188} INFO - [2025-05-14T00:18:38.208+0000] {dag.py:3036} INFO - Sync 2 DAGs
[2025-05-14T00:18:38.220+0000] {logging_mixin.py:188} INFO - [2025-05-14T00:18:38.220+0000] {dag.py:3823} INFO - Setting next_dagrun for example_subdag_operator.section-1 to None, run_after=None
[2025-05-14T00:18:38.221+0000] {logging_mixin.py:188} INFO - [2025-05-14T00:18:38.221+0000] {dag.py:3823} INFO - Setting next_dagrun for example_subdag_operator.section-2 to None, run_after=None
[2025-05-14T00:18:38.255+0000] {processor.py:183} INFO - Processing /home/airflow/.local/lib/python3.8/site-packages/airflow/example_dags/example_subdag_operator.py took 0.177 seconds
[2025-05-14T00:19:08.372+0000] {processor.py:161} INFO - Started process (PID=1245) to work on /home/airflow/.local/lib/python3.8/site-packages/airflow/example_dags/example_subdag_operator.py
[2025-05-14T00:19:08.374+0000] {processor.py:830} INFO - Processing file /home/airflow/.local/lib/python3.8/site-packages/airflow/example_dags/example_subdag_operator.py for tasks to queue
[2025-05-14T00:19:08.376+0000] {logging_mixin.py:188} INFO - [2025-05-14T00:19:08.375+0000] {dagbag.py:538} INFO - Filling up the DagBag from /home/airflow/.local/lib/python3.8/site-packages/airflow/example_dags/example_subdag_operator.py
[2025-05-14T00:19:08.400+0000] {processor.py:840} INFO - DAG(s) 'example_subdag_operator.section-1', 'example_subdag_operator.section-2', 'example_subdag_operator' retrieved from /home/airflow/.local/lib/python3.8/site-packages/airflow/example_dags/example_subdag_operator.py
[2025-05-14T00:19:08.417+0000] {logging_mixin.py:188} INFO - [2025-05-14T00:19:08.416+0000] {dag.py:3036} INFO - Sync 3 DAGs
[2025-05-14T00:19:08.442+0000] {logging_mixin.py:188} INFO - [2025-05-14T00:19:08.442+0000] {dag.py:3823} INFO - Setting next_dagrun for example_subdag_operator to 2022-01-01 00:00:00+00:00, run_after=2022-01-01 00:00:00+00:00
[2025-05-14T00:19:08.446+0000] {logging_mixin.py:188} INFO - [2025-05-14T00:19:08.446+0000] {dag.py:3823} INFO - Setting next_dagrun for example_subdag_operator.section-1 to None, run_after=None
[2025-05-14T00:19:08.448+0000] {logging_mixin.py:188} INFO - [2025-05-14T00:19:08.448+0000] {dag.py:3823} INFO - Setting next_dagrun for example_subdag_operator.section-2 to None, run_after=None
[2025-05-14T00:19:08.459+0000] {logging_mixin.py:188} INFO - [2025-05-14T00:19:08.459+0000] {dag.py:3036} INFO - Sync 2 DAGs
[2025-05-14T00:19:08.470+0000] {logging_mixin.py:188} INFO - [2025-05-14T00:19:08.470+0000] {dag.py:3823} INFO - Setting next_dagrun for example_subdag_operator.section-1 to None, run_after=None
[2025-05-14T00:19:08.471+0000] {logging_mixin.py:188} INFO - [2025-05-14T00:19:08.471+0000] {dag.py:3823} INFO - Setting next_dagrun for example_subdag_operator.section-2 to None, run_after=None
[2025-05-14T00:19:08.486+0000] {processor.py:183} INFO - Processing /home/airflow/.local/lib/python3.8/site-packages/airflow/example_dags/example_subdag_operator.py took 0.116 seconds
[2025-05-14T00:19:38.766+0000] {processor.py:161} INFO - Started process (PID=1301) to work on /home/airflow/.local/lib/python3.8/site-packages/airflow/example_dags/example_subdag_operator.py
[2025-05-14T00:19:38.768+0000] {processor.py:830} INFO - Processing file /home/airflow/.local/lib/python3.8/site-packages/airflow/example_dags/example_subdag_operator.py for tasks to queue
[2025-05-14T00:19:38.770+0000] {logging_mixin.py:188} INFO - [2025-05-14T00:19:38.769+0000] {dagbag.py:538} INFO - Filling up the DagBag from /home/airflow/.local/lib/python3.8/site-packages/airflow/example_dags/example_subdag_operator.py
[2025-05-14T00:19:38.798+0000] {processor.py:840} INFO - DAG(s) 'example_subdag_operator.section-1', 'example_subdag_operator.section-2', 'example_subdag_operator' retrieved from /home/airflow/.local/lib/python3.8/site-packages/airflow/example_dags/example_subdag_operator.py
[2025-05-14T00:19:38.817+0000] {logging_mixin.py:188} INFO - [2025-05-14T00:19:38.816+0000] {dag.py:3036} INFO - Sync 3 DAGs
[2025-05-14T00:19:38.842+0000] {logging_mixin.py:188} INFO - [2025-05-14T00:19:38.841+0000] {dag.py:3823} INFO - Setting next_dagrun for example_subdag_operator to 2022-01-01 00:00:00+00:00, run_after=2022-01-01 00:00:00+00:00
[2025-05-14T00:19:38.847+0000] {logging_mixin.py:188} INFO - [2025-05-14T00:19:38.846+0000] {dag.py:3823} INFO - Setting next_dagrun for example_subdag_operator.section-1 to None, run_after=None
[2025-05-14T00:19:38.849+0000] {logging_mixin.py:188} INFO - [2025-05-14T00:19:38.849+0000] {dag.py:3823} INFO - Setting next_dagrun for example_subdag_operator.section-2 to None, run_after=None
[2025-05-14T00:19:38.859+0000] {logging_mixin.py:188} INFO - [2025-05-14T00:19:38.858+0000] {dag.py:3036} INFO - Sync 2 DAGs
[2025-05-14T00:19:38.866+0000] {logging_mixin.py:188} INFO - [2025-05-14T00:19:38.866+0000] {dag.py:3823} INFO - Setting next_dagrun for example_subdag_operator.section-1 to None, run_after=None
[2025-05-14T00:19:38.867+0000] {logging_mixin.py:188} INFO - [2025-05-14T00:19:38.867+0000] {dag.py:3823} INFO - Setting next_dagrun for example_subdag_operator.section-2 to None, run_after=None
[2025-05-14T00:19:38.890+0000] {processor.py:183} INFO - Processing /home/airflow/.local/lib/python3.8/site-packages/airflow/example_dags/example_subdag_operator.py took 0.129 seconds
[2025-05-14T00:20:09.758+0000] {processor.py:161} INFO - Started process (PID=1357) to work on /home/airflow/.local/lib/python3.8/site-packages/airflow/example_dags/example_subdag_operator.py
[2025-05-14T00:20:09.761+0000] {processor.py:830} INFO - Processing file /home/airflow/.local/lib/python3.8/site-packages/airflow/example_dags/example_subdag_operator.py for tasks to queue
[2025-05-14T00:20:09.763+0000] {logging_mixin.py:188} INFO - [2025-05-14T00:20:09.763+0000] {dagbag.py:538} INFO - Filling up the DagBag from /home/airflow/.local/lib/python3.8/site-packages/airflow/example_dags/example_subdag_operator.py
[2025-05-14T00:20:09.794+0000] {processor.py:840} INFO - DAG(s) 'example_subdag_operator.section-1', 'example_subdag_operator.section-2', 'example_subdag_operator' retrieved from /home/airflow/.local/lib/python3.8/site-packages/airflow/example_dags/example_subdag_operator.py
[2025-05-14T00:20:09.813+0000] {logging_mixin.py:188} INFO - [2025-05-14T00:20:09.812+0000] {dag.py:3036} INFO - Sync 3 DAGs
[2025-05-14T00:20:09.844+0000] {logging_mixin.py:188} INFO - [2025-05-14T00:20:09.844+0000] {dag.py:3823} INFO - Setting next_dagrun for example_subdag_operator to 2022-01-01 00:00:00+00:00, run_after=2022-01-01 00:00:00+00:00
[2025-05-14T00:20:09.849+0000] {logging_mixin.py:188} INFO - [2025-05-14T00:20:09.849+0000] {dag.py:3823} INFO - Setting next_dagrun for example_subdag_operator.section-1 to None, run_after=None
[2025-05-14T00:20:09.852+0000] {logging_mixin.py:188} INFO - [2025-05-14T00:20:09.852+0000] {dag.py:3823} INFO - Setting next_dagrun for example_subdag_operator.section-2 to None, run_after=None
[2025-05-14T00:20:09.863+0000] {logging_mixin.py:188} INFO - [2025-05-14T00:20:09.863+0000] {dag.py:3036} INFO - Sync 2 DAGs
[2025-05-14T00:20:09.871+0000] {logging_mixin.py:188} INFO - [2025-05-14T00:20:09.870+0000] {dag.py:3823} INFO - Setting next_dagrun for example_subdag_operator.section-1 to None, run_after=None
[2025-05-14T00:20:09.872+0000] {logging_mixin.py:188} INFO - [2025-05-14T00:20:09.872+0000] {dag.py:3823} INFO - Setting next_dagrun for example_subdag_operator.section-2 to None, run_after=None
[2025-05-14T00:20:09.903+0000] {processor.py:183} INFO - Processing /home/airflow/.local/lib/python3.8/site-packages/airflow/example_dags/example_subdag_operator.py took 0.149 seconds
[2025-05-14T00:20:40.498+0000] {processor.py:161} INFO - Started process (PID=1413) to work on /home/airflow/.local/lib/python3.8/site-packages/airflow/example_dags/example_subdag_operator.py
[2025-05-14T00:20:40.500+0000] {processor.py:830} INFO - Processing file /home/airflow/.local/lib/python3.8/site-packages/airflow/example_dags/example_subdag_operator.py for tasks to queue
[2025-05-14T00:20:40.503+0000] {logging_mixin.py:188} INFO - [2025-05-14T00:20:40.503+0000] {dagbag.py:538} INFO - Filling up the DagBag from /home/airflow/.local/lib/python3.8/site-packages/airflow/example_dags/example_subdag_operator.py
[2025-05-14T00:20:40.535+0000] {processor.py:840} INFO - DAG(s) 'example_subdag_operator.section-1', 'example_subdag_operator.section-2', 'example_subdag_operator' retrieved from /home/airflow/.local/lib/python3.8/site-packages/airflow/example_dags/example_subdag_operator.py
[2025-05-14T00:20:40.557+0000] {logging_mixin.py:188} INFO - [2025-05-14T00:20:40.557+0000] {dag.py:3036} INFO - Sync 3 DAGs
[2025-05-14T00:20:40.589+0000] {logging_mixin.py:188} INFO - [2025-05-14T00:20:40.589+0000] {dag.py:3823} INFO - Setting next_dagrun for example_subdag_operator to 2022-01-01 00:00:00+00:00, run_after=2022-01-01 00:00:00+00:00
[2025-05-14T00:20:40.595+0000] {logging_mixin.py:188} INFO - [2025-05-14T00:20:40.594+0000] {dag.py:3823} INFO - Setting next_dagrun for example_subdag_operator.section-1 to None, run_after=None
[2025-05-14T00:20:40.598+0000] {logging_mixin.py:188} INFO - [2025-05-14T00:20:40.597+0000] {dag.py:3823} INFO - Setting next_dagrun for example_subdag_operator.section-2 to None, run_after=None
[2025-05-14T00:20:40.608+0000] {logging_mixin.py:188} INFO - [2025-05-14T00:20:40.608+0000] {dag.py:3036} INFO - Sync 2 DAGs
[2025-05-14T00:20:40.617+0000] {logging_mixin.py:188} INFO - [2025-05-14T00:20:40.617+0000] {dag.py:3823} INFO - Setting next_dagrun for example_subdag_operator.section-1 to None, run_after=None
[2025-05-14T00:20:40.619+0000] {logging_mixin.py:188} INFO - [2025-05-14T00:20:40.618+0000] {dag.py:3823} INFO - Setting next_dagrun for example_subdag_operator.section-2 to None, run_after=None
[2025-05-14T00:20:40.648+0000] {processor.py:183} INFO - Processing /home/airflow/.local/lib/python3.8/site-packages/airflow/example_dags/example_subdag_operator.py took 0.153 seconds
[2025-05-14T00:21:11.180+0000] {processor.py:161} INFO - Started process (PID=1467) to work on /home/airflow/.local/lib/python3.8/site-packages/airflow/example_dags/example_subdag_operator.py
[2025-05-14T00:21:11.183+0000] {processor.py:830} INFO - Processing file /home/airflow/.local/lib/python3.8/site-packages/airflow/example_dags/example_subdag_operator.py for tasks to queue
[2025-05-14T00:21:11.186+0000] {logging_mixin.py:188} INFO - [2025-05-14T00:21:11.185+0000] {dagbag.py:538} INFO - Filling up the DagBag from /home/airflow/.local/lib/python3.8/site-packages/airflow/example_dags/example_subdag_operator.py
[2025-05-14T00:21:11.227+0000] {processor.py:840} INFO - DAG(s) 'example_subdag_operator.section-1', 'example_subdag_operator.section-2', 'example_subdag_operator' retrieved from /home/airflow/.local/lib/python3.8/site-packages/airflow/example_dags/example_subdag_operator.py
[2025-05-14T00:21:11.250+0000] {logging_mixin.py:188} INFO - [2025-05-14T00:21:11.249+0000] {dag.py:3036} INFO - Sync 3 DAGs
[2025-05-14T00:21:11.281+0000] {logging_mixin.py:188} INFO - [2025-05-14T00:21:11.281+0000] {dag.py:3823} INFO - Setting next_dagrun for example_subdag_operator to 2022-01-01 00:00:00+00:00, run_after=2022-01-01 00:00:00+00:00
[2025-05-14T00:21:11.288+0000] {logging_mixin.py:188} INFO - [2025-05-14T00:21:11.287+0000] {dag.py:3823} INFO - Setting next_dagrun for example_subdag_operator.section-1 to None, run_after=None
[2025-05-14T00:21:11.291+0000] {logging_mixin.py:188} INFO - [2025-05-14T00:21:11.291+0000] {dag.py:3823} INFO - Setting next_dagrun for example_subdag_operator.section-2 to None, run_after=None
[2025-05-14T00:21:11.305+0000] {logging_mixin.py:188} INFO - [2025-05-14T00:21:11.305+0000] {dag.py:3036} INFO - Sync 2 DAGs
[2025-05-14T00:21:11.317+0000] {logging_mixin.py:188} INFO - [2025-05-14T00:21:11.316+0000] {dag.py:3823} INFO - Setting next_dagrun for example_subdag_operator.section-1 to None, run_after=None
[2025-05-14T00:21:11.318+0000] {logging_mixin.py:188} INFO - [2025-05-14T00:21:11.318+0000] {dag.py:3823} INFO - Setting next_dagrun for example_subdag_operator.section-2 to None, run_after=None
[2025-05-14T00:21:11.342+0000] {processor.py:183} INFO - Processing /home/airflow/.local/lib/python3.8/site-packages/airflow/example_dags/example_subdag_operator.py took 0.166 seconds
[2025-05-14T00:21:41.997+0000] {processor.py:161} INFO - Started process (PID=1523) to work on /home/airflow/.local/lib/python3.8/site-packages/airflow/example_dags/example_subdag_operator.py
[2025-05-14T00:21:41.999+0000] {processor.py:830} INFO - Processing file /home/airflow/.local/lib/python3.8/site-packages/airflow/example_dags/example_subdag_operator.py for tasks to queue
[2025-05-14T00:21:42.002+0000] {logging_mixin.py:188} INFO - [2025-05-14T00:21:42.002+0000] {dagbag.py:538} INFO - Filling up the DagBag from /home/airflow/.local/lib/python3.8/site-packages/airflow/example_dags/example_subdag_operator.py
[2025-05-14T00:21:42.036+0000] {processor.py:840} INFO - DAG(s) 'example_subdag_operator.section-1', 'example_subdag_operator.section-2', 'example_subdag_operator' retrieved from /home/airflow/.local/lib/python3.8/site-packages/airflow/example_dags/example_subdag_operator.py
[2025-05-14T00:21:42.059+0000] {logging_mixin.py:188} INFO - [2025-05-14T00:21:42.059+0000] {dag.py:3036} INFO - Sync 3 DAGs
[2025-05-14T00:21:42.092+0000] {logging_mixin.py:188} INFO - [2025-05-14T00:21:42.091+0000] {dag.py:3823} INFO - Setting next_dagrun for example_subdag_operator to 2022-01-01 00:00:00+00:00, run_after=2022-01-01 00:00:00+00:00
[2025-05-14T00:21:42.097+0000] {logging_mixin.py:188} INFO - [2025-05-14T00:21:42.097+0000] {dag.py:3823} INFO - Setting next_dagrun for example_subdag_operator.section-1 to None, run_after=None
[2025-05-14T00:21:42.101+0000] {logging_mixin.py:188} INFO - [2025-05-14T00:21:42.100+0000] {dag.py:3823} INFO - Setting next_dagrun for example_subdag_operator.section-2 to None, run_after=None
[2025-05-14T00:21:42.115+0000] {logging_mixin.py:188} INFO - [2025-05-14T00:21:42.115+0000] {dag.py:3036} INFO - Sync 2 DAGs
[2025-05-14T00:21:42.124+0000] {logging_mixin.py:188} INFO - [2025-05-14T00:21:42.124+0000] {dag.py:3823} INFO - Setting next_dagrun for example_subdag_operator.section-1 to None, run_after=None
[2025-05-14T00:21:42.126+0000] {logging_mixin.py:188} INFO - [2025-05-14T00:21:42.126+0000] {dag.py:3823} INFO - Setting next_dagrun for example_subdag_operator.section-2 to None, run_after=None
[2025-05-14T00:21:42.150+0000] {processor.py:183} INFO - Processing /home/airflow/.local/lib/python3.8/site-packages/airflow/example_dags/example_subdag_operator.py took 0.157 seconds
[2025-05-14T00:22:12.780+0000] {processor.py:161} INFO - Started process (PID=1579) to work on /home/airflow/.local/lib/python3.8/site-packages/airflow/example_dags/example_subdag_operator.py
[2025-05-14T00:22:12.781+0000] {processor.py:830} INFO - Processing file /home/airflow/.local/lib/python3.8/site-packages/airflow/example_dags/example_subdag_operator.py for tasks to queue
[2025-05-14T00:22:12.784+0000] {logging_mixin.py:188} INFO - [2025-05-14T00:22:12.784+0000] {dagbag.py:538} INFO - Filling up the DagBag from /home/airflow/.local/lib/python3.8/site-packages/airflow/example_dags/example_subdag_operator.py
[2025-05-14T00:22:12.818+0000] {processor.py:840} INFO - DAG(s) 'example_subdag_operator.section-1', 'example_subdag_operator.section-2', 'example_subdag_operator' retrieved from /home/airflow/.local/lib/python3.8/site-packages/airflow/example_dags/example_subdag_operator.py
[2025-05-14T00:22:12.842+0000] {logging_mixin.py:188} INFO - [2025-05-14T00:22:12.841+0000] {dag.py:3036} INFO - Sync 3 DAGs
[2025-05-14T00:22:12.872+0000] {logging_mixin.py:188} INFO - [2025-05-14T00:22:12.871+0000] {dag.py:3823} INFO - Setting next_dagrun for example_subdag_operator to 2022-01-01 00:00:00+00:00, run_after=2022-01-01 00:00:00+00:00
[2025-05-14T00:22:12.877+0000] {logging_mixin.py:188} INFO - [2025-05-14T00:22:12.877+0000] {dag.py:3823} INFO - Setting next_dagrun for example_subdag_operator.section-1 to None, run_after=None
[2025-05-14T00:22:12.880+0000] {logging_mixin.py:188} INFO - [2025-05-14T00:22:12.879+0000] {dag.py:3823} INFO - Setting next_dagrun for example_subdag_operator.section-2 to None, run_after=None
[2025-05-14T00:22:12.891+0000] {logging_mixin.py:188} INFO - [2025-05-14T00:22:12.891+0000] {dag.py:3036} INFO - Sync 2 DAGs
[2025-05-14T00:22:12.902+0000] {logging_mixin.py:188} INFO - [2025-05-14T00:22:12.901+0000] {dag.py:3823} INFO - Setting next_dagrun for example_subdag_operator.section-1 to None, run_after=None
[2025-05-14T00:22:12.903+0000] {logging_mixin.py:188} INFO - [2025-05-14T00:22:12.903+0000] {dag.py:3823} INFO - Setting next_dagrun for example_subdag_operator.section-2 to None, run_after=None
[2025-05-14T00:22:12.926+0000] {processor.py:183} INFO - Processing /home/airflow/.local/lib/python3.8/site-packages/airflow/example_dags/example_subdag_operator.py took 0.149 seconds
[2025-05-14T00:22:43.666+0000] {processor.py:161} INFO - Started process (PID=1635) to work on /home/airflow/.local/lib/python3.8/site-packages/airflow/example_dags/example_subdag_operator.py
[2025-05-14T00:22:43.668+0000] {processor.py:830} INFO - Processing file /home/airflow/.local/lib/python3.8/site-packages/airflow/example_dags/example_subdag_operator.py for tasks to queue
[2025-05-14T00:22:43.670+0000] {logging_mixin.py:188} INFO - [2025-05-14T00:22:43.669+0000] {dagbag.py:538} INFO - Filling up the DagBag from /home/airflow/.local/lib/python3.8/site-packages/airflow/example_dags/example_subdag_operator.py
[2025-05-14T00:22:43.703+0000] {processor.py:840} INFO - DAG(s) 'example_subdag_operator.section-1', 'example_subdag_operator.section-2', 'example_subdag_operator' retrieved from /home/airflow/.local/lib/python3.8/site-packages/airflow/example_dags/example_subdag_operator.py
[2025-05-14T00:22:43.725+0000] {logging_mixin.py:188} INFO - [2025-05-14T00:22:43.725+0000] {dag.py:3036} INFO - Sync 3 DAGs
[2025-05-14T00:22:43.761+0000] {logging_mixin.py:188} INFO - [2025-05-14T00:22:43.761+0000] {dag.py:3823} INFO - Setting next_dagrun for example_subdag_operator to 2022-01-01 00:00:00+00:00, run_after=2022-01-01 00:00:00+00:00
[2025-05-14T00:22:43.767+0000] {logging_mixin.py:188} INFO - [2025-05-14T00:22:43.767+0000] {dag.py:3823} INFO - Setting next_dagrun for example_subdag_operator.section-1 to None, run_after=None
[2025-05-14T00:22:43.769+0000] {logging_mixin.py:188} INFO - [2025-05-14T00:22:43.769+0000] {dag.py:3823} INFO - Setting next_dagrun for example_subdag_operator.section-2 to None, run_after=None
[2025-05-14T00:22:43.779+0000] {logging_mixin.py:188} INFO - [2025-05-14T00:22:43.778+0000] {dag.py:3036} INFO - Sync 2 DAGs
[2025-05-14T00:22:43.786+0000] {logging_mixin.py:188} INFO - [2025-05-14T00:22:43.786+0000] {dag.py:3823} INFO - Setting next_dagrun for example_subdag_operator.section-1 to None, run_after=None
[2025-05-14T00:22:43.787+0000] {logging_mixin.py:188} INFO - [2025-05-14T00:22:43.787+0000] {dag.py:3823} INFO - Setting next_dagrun for example_subdag_operator.section-2 to None, run_after=None
[2025-05-14T00:22:43.803+0000] {processor.py:183} INFO - Processing /home/airflow/.local/lib/python3.8/site-packages/airflow/example_dags/example_subdag_operator.py took 0.140 seconds
[2025-05-14T00:23:14.702+0000] {processor.py:161} INFO - Started process (PID=1691) to work on /home/airflow/.local/lib/python3.8/site-packages/airflow/example_dags/example_subdag_operator.py
[2025-05-14T00:23:14.703+0000] {processor.py:830} INFO - Processing file /home/airflow/.local/lib/python3.8/site-packages/airflow/example_dags/example_subdag_operator.py for tasks to queue
[2025-05-14T00:23:14.705+0000] {logging_mixin.py:188} INFO - [2025-05-14T00:23:14.705+0000] {dagbag.py:538} INFO - Filling up the DagBag from /home/airflow/.local/lib/python3.8/site-packages/airflow/example_dags/example_subdag_operator.py
[2025-05-14T00:23:14.730+0000] {processor.py:840} INFO - DAG(s) 'example_subdag_operator.section-1', 'example_subdag_operator.section-2', 'example_subdag_operator' retrieved from /home/airflow/.local/lib/python3.8/site-packages/airflow/example_dags/example_subdag_operator.py
[2025-05-14T00:23:14.748+0000] {logging_mixin.py:188} INFO - [2025-05-14T00:23:14.748+0000] {dag.py:3036} INFO - Sync 3 DAGs
[2025-05-14T00:23:14.773+0000] {logging_mixin.py:188} INFO - [2025-05-14T00:23:14.773+0000] {dag.py:3823} INFO - Setting next_dagrun for example_subdag_operator to 2022-01-01 00:00:00+00:00, run_after=2022-01-01 00:00:00+00:00
[2025-05-14T00:23:14.777+0000] {logging_mixin.py:188} INFO - [2025-05-14T00:23:14.777+0000] {dag.py:3823} INFO - Setting next_dagrun for example_subdag_operator.section-1 to None, run_after=None
[2025-05-14T00:23:14.780+0000] {logging_mixin.py:188} INFO - [2025-05-14T00:23:14.780+0000] {dag.py:3823} INFO - Setting next_dagrun for example_subdag_operator.section-2 to None, run_after=None
[2025-05-14T00:23:14.789+0000] {logging_mixin.py:188} INFO - [2025-05-14T00:23:14.789+0000] {dag.py:3036} INFO - Sync 2 DAGs
[2025-05-14T00:23:14.797+0000] {logging_mixin.py:188} INFO - [2025-05-14T00:23:14.796+0000] {dag.py:3823} INFO - Setting next_dagrun for example_subdag_operator.section-1 to None, run_after=None
[2025-05-14T00:23:14.798+0000] {logging_mixin.py:188} INFO - [2025-05-14T00:23:14.798+0000] {dag.py:3823} INFO - Setting next_dagrun for example_subdag_operator.section-2 to None, run_after=None
[2025-05-14T00:23:14.819+0000] {processor.py:183} INFO - Processing /home/airflow/.local/lib/python3.8/site-packages/airflow/example_dags/example_subdag_operator.py took 0.119 seconds
[2025-05-14T00:23:45.650+0000] {processor.py:161} INFO - Started process (PID=1747) to work on /home/airflow/.local/lib/python3.8/site-packages/airflow/example_dags/example_subdag_operator.py
[2025-05-14T00:23:45.651+0000] {processor.py:830} INFO - Processing file /home/airflow/.local/lib/python3.8/site-packages/airflow/example_dags/example_subdag_operator.py for tasks to queue
[2025-05-14T00:23:45.654+0000] {logging_mixin.py:188} INFO - [2025-05-14T00:23:45.653+0000] {dagbag.py:538} INFO - Filling up the DagBag from /home/airflow/.local/lib/python3.8/site-packages/airflow/example_dags/example_subdag_operator.py
[2025-05-14T00:23:45.682+0000] {processor.py:840} INFO - DAG(s) 'example_subdag_operator.section-1', 'example_subdag_operator.section-2', 'example_subdag_operator' retrieved from /home/airflow/.local/lib/python3.8/site-packages/airflow/example_dags/example_subdag_operator.py
[2025-05-14T00:23:45.701+0000] {logging_mixin.py:188} INFO - [2025-05-14T00:23:45.700+0000] {dag.py:3036} INFO - Sync 3 DAGs
[2025-05-14T00:23:45.727+0000] {logging_mixin.py:188} INFO - [2025-05-14T00:23:45.727+0000] {dag.py:3823} INFO - Setting next_dagrun for example_subdag_operator to 2022-01-01 00:00:00+00:00, run_after=2022-01-01 00:00:00+00:00
[2025-05-14T00:23:45.732+0000] {logging_mixin.py:188} INFO - [2025-05-14T00:23:45.732+0000] {dag.py:3823} INFO - Setting next_dagrun for example_subdag_operator.section-1 to None, run_after=None
[2025-05-14T00:23:45.735+0000] {logging_mixin.py:188} INFO - [2025-05-14T00:23:45.734+0000] {dag.py:3823} INFO - Setting next_dagrun for example_subdag_operator.section-2 to None, run_after=None
[2025-05-14T00:23:45.744+0000] {logging_mixin.py:188} INFO - [2025-05-14T00:23:45.744+0000] {dag.py:3036} INFO - Sync 2 DAGs
[2025-05-14T00:23:45.751+0000] {logging_mixin.py:188} INFO - [2025-05-14T00:23:45.751+0000] {dag.py:3823} INFO - Setting next_dagrun for example_subdag_operator.section-1 to None, run_after=None
[2025-05-14T00:23:45.752+0000] {logging_mixin.py:188} INFO - [2025-05-14T00:23:45.752+0000] {dag.py:3823} INFO - Setting next_dagrun for example_subdag_operator.section-2 to None, run_after=None
[2025-05-14T00:23:45.771+0000] {processor.py:183} INFO - Processing /home/airflow/.local/lib/python3.8/site-packages/airflow/example_dags/example_subdag_operator.py took 0.124 seconds
