[2025-05-14T00:08:35.182+0000] {processor.py:161} INFO - Started process (PID=83) to work on /home/airflow/.local/lib/python3.8/site-packages/airflow/example_dags/example_datasets.py
[2025-05-14T00:08:35.213+0000] {processor.py:830} INFO - Processing file /home/airflow/.local/lib/python3.8/site-packages/airflow/example_dags/example_datasets.py for tasks to queue
[2025-05-14T00:08:35.264+0000] {logging_mixin.py:188} INFO - [2025-05-14T00:08:35.258+0000] {dagbag.py:538} INFO - Filling up the DagBag from /home/airflow/.local/lib/python3.8/site-packages/airflow/example_dags/example_datasets.py
[2025-05-14T00:08:35.393+0000] {processor.py:840} INFO - DAG(s) 'dataset_consumes_1_never_scheduled', 'dataset_consumes_1', 'dataset_produces_1', 'dataset_consumes_1_and_2', 'dataset_consumes_unknown_never_scheduled', 'dataset_produces_2' retrieved from /home/airflow/.local/lib/python3.8/site-packages/airflow/example_dags/example_datasets.py
[2025-05-14T00:08:36.281+0000] {logging_mixin.py:188} INFO - [2025-05-14T00:08:36.281+0000] {dag.py:3036} INFO - Sync 6 DAGs
[2025-05-14T00:08:36.432+0000] {logging_mixin.py:188} INFO - [2025-05-14T00:08:36.431+0000] {dag.py:3823} INFO - Setting next_dagrun for dataset_consumes_1 to None, run_after=None
[2025-05-14T00:08:36.452+0000] {logging_mixin.py:188} INFO - [2025-05-14T00:08:36.451+0000] {dag.py:3823} INFO - Setting next_dagrun for dataset_consumes_1_and_2 to None, run_after=None
[2025-05-14T00:08:36.456+0000] {logging_mixin.py:188} INFO - [2025-05-14T00:08:36.455+0000] {dag.py:3823} INFO - Setting next_dagrun for dataset_consumes_1_never_scheduled to None, run_after=None
[2025-05-14T00:08:36.467+0000] {logging_mixin.py:188} INFO - [2025-05-14T00:08:36.467+0000] {dag.py:3823} INFO - Setting next_dagrun for dataset_consumes_unknown_never_scheduled to None, run_after=None
[2025-05-14T00:08:36.474+0000] {logging_mixin.py:188} INFO - [2025-05-14T00:08:36.474+0000] {dag.py:3823} INFO - Setting next_dagrun for dataset_produces_1 to 2025-05-13 00:00:00+00:00, run_after=2025-05-14 00:00:00+00:00
[2025-05-14T00:08:36.485+0000] {logging_mixin.py:188} INFO - [2025-05-14T00:08:36.485+0000] {dag.py:3823} INFO - Setting next_dagrun for dataset_produces_2 to None, run_after=None
[2025-05-14T00:08:36.712+0000] {processor.py:183} INFO - Processing /home/airflow/.local/lib/python3.8/site-packages/airflow/example_dags/example_datasets.py took 1.558 seconds
[2025-05-14T00:09:06.905+0000] {processor.py:161} INFO - Started process (PID=139) to work on /home/airflow/.local/lib/python3.8/site-packages/airflow/example_dags/example_datasets.py
[2025-05-14T00:09:06.909+0000] {processor.py:830} INFO - Processing file /home/airflow/.local/lib/python3.8/site-packages/airflow/example_dags/example_datasets.py for tasks to queue
[2025-05-14T00:09:06.914+0000] {logging_mixin.py:188} INFO - [2025-05-14T00:09:06.914+0000] {dagbag.py:538} INFO - Filling up the DagBag from /home/airflow/.local/lib/python3.8/site-packages/airflow/example_dags/example_datasets.py
[2025-05-14T00:09:06.938+0000] {processor.py:840} INFO - DAG(s) 'dataset_consumes_unknown_never_scheduled', 'dataset_consumes_1_never_scheduled', 'dataset_consumes_1', 'dataset_produces_2', 'dataset_produces_1', 'dataset_consumes_1_and_2' retrieved from /home/airflow/.local/lib/python3.8/site-packages/airflow/example_dags/example_datasets.py
[2025-05-14T00:09:07.023+0000] {logging_mixin.py:188} INFO - [2025-05-14T00:09:07.023+0000] {dag.py:3036} INFO - Sync 6 DAGs
[2025-05-14T00:09:07.066+0000] {logging_mixin.py:188} INFO - [2025-05-14T00:09:07.065+0000] {dag.py:3823} INFO - Setting next_dagrun for dataset_consumes_1 to None, run_after=None
[2025-05-14T00:09:07.073+0000] {logging_mixin.py:188} INFO - [2025-05-14T00:09:07.072+0000] {dag.py:3823} INFO - Setting next_dagrun for dataset_consumes_1_and_2 to None, run_after=None
[2025-05-14T00:09:07.076+0000] {logging_mixin.py:188} INFO - [2025-05-14T00:09:07.075+0000] {dag.py:3823} INFO - Setting next_dagrun for dataset_consumes_1_never_scheduled to None, run_after=None
[2025-05-14T00:09:07.079+0000] {logging_mixin.py:188} INFO - [2025-05-14T00:09:07.079+0000] {dag.py:3823} INFO - Setting next_dagrun for dataset_consumes_unknown_never_scheduled to None, run_after=None
[2025-05-14T00:09:07.099+0000] {logging_mixin.py:188} INFO - [2025-05-14T00:09:07.099+0000] {dag.py:3823} INFO - Setting next_dagrun for dataset_produces_1 to 2025-05-13 00:00:00+00:00, run_after=2025-05-14 00:00:00+00:00
[2025-05-14T00:09:07.102+0000] {logging_mixin.py:188} INFO - [2025-05-14T00:09:07.102+0000] {dag.py:3823} INFO - Setting next_dagrun for dataset_produces_2 to None, run_after=None
[2025-05-14T00:09:07.195+0000] {processor.py:183} INFO - Processing /home/airflow/.local/lib/python3.8/site-packages/airflow/example_dags/example_datasets.py took 0.295 seconds
[2025-05-14T00:09:37.272+0000] {processor.py:161} INFO - Started process (PID=195) to work on /home/airflow/.local/lib/python3.8/site-packages/airflow/example_dags/example_datasets.py
[2025-05-14T00:09:37.274+0000] {processor.py:830} INFO - Processing file /home/airflow/.local/lib/python3.8/site-packages/airflow/example_dags/example_datasets.py for tasks to queue
[2025-05-14T00:09:37.276+0000] {logging_mixin.py:188} INFO - [2025-05-14T00:09:37.276+0000] {dagbag.py:538} INFO - Filling up the DagBag from /home/airflow/.local/lib/python3.8/site-packages/airflow/example_dags/example_datasets.py
[2025-05-14T00:09:37.287+0000] {processor.py:840} INFO - DAG(s) 'dataset_consumes_1_never_scheduled', 'dataset_consumes_1', 'dataset_consumes_unknown_never_scheduled', 'dataset_consumes_1_and_2', 'dataset_produces_1', 'dataset_produces_2' retrieved from /home/airflow/.local/lib/python3.8/site-packages/airflow/example_dags/example_datasets.py
[2025-05-14T00:09:37.331+0000] {logging_mixin.py:188} INFO - [2025-05-14T00:09:37.331+0000] {dag.py:3036} INFO - Sync 6 DAGs
[2025-05-14T00:09:37.363+0000] {logging_mixin.py:188} INFO - [2025-05-14T00:09:37.362+0000] {dag.py:3823} INFO - Setting next_dagrun for dataset_consumes_1 to None, run_after=None
[2025-05-14T00:09:37.367+0000] {logging_mixin.py:188} INFO - [2025-05-14T00:09:37.367+0000] {dag.py:3823} INFO - Setting next_dagrun for dataset_consumes_1_and_2 to None, run_after=None
[2025-05-14T00:09:37.369+0000] {logging_mixin.py:188} INFO - [2025-05-14T00:09:37.369+0000] {dag.py:3823} INFO - Setting next_dagrun for dataset_consumes_1_never_scheduled to None, run_after=None
[2025-05-14T00:09:37.372+0000] {logging_mixin.py:188} INFO - [2025-05-14T00:09:37.372+0000] {dag.py:3823} INFO - Setting next_dagrun for dataset_consumes_unknown_never_scheduled to None, run_after=None
[2025-05-14T00:09:37.378+0000] {logging_mixin.py:188} INFO - [2025-05-14T00:09:37.377+0000] {dag.py:3823} INFO - Setting next_dagrun for dataset_produces_1 to 2025-05-13 00:00:00+00:00, run_after=2025-05-14 00:00:00+00:00
[2025-05-14T00:09:37.380+0000] {logging_mixin.py:188} INFO - [2025-05-14T00:09:37.380+0000] {dag.py:3823} INFO - Setting next_dagrun for dataset_produces_2 to None, run_after=None
[2025-05-14T00:09:37.418+0000] {processor.py:183} INFO - Processing /home/airflow/.local/lib/python3.8/site-packages/airflow/example_dags/example_datasets.py took 0.149 seconds
[2025-05-14T00:10:07.670+0000] {processor.py:161} INFO - Started process (PID=251) to work on /home/airflow/.local/lib/python3.8/site-packages/airflow/example_dags/example_datasets.py
[2025-05-14T00:10:07.672+0000] {processor.py:830} INFO - Processing file /home/airflow/.local/lib/python3.8/site-packages/airflow/example_dags/example_datasets.py for tasks to queue
[2025-05-14T00:10:07.674+0000] {logging_mixin.py:188} INFO - [2025-05-14T00:10:07.674+0000] {dagbag.py:538} INFO - Filling up the DagBag from /home/airflow/.local/lib/python3.8/site-packages/airflow/example_dags/example_datasets.py
[2025-05-14T00:10:07.687+0000] {processor.py:840} INFO - DAG(s) 'dataset_produces_1', 'dataset_consumes_unknown_never_scheduled', 'dataset_consumes_1_never_scheduled', 'dataset_consumes_1_and_2', 'dataset_produces_2', 'dataset_consumes_1' retrieved from /home/airflow/.local/lib/python3.8/site-packages/airflow/example_dags/example_datasets.py
[2025-05-14T00:10:07.743+0000] {logging_mixin.py:188} INFO - [2025-05-14T00:10:07.743+0000] {dag.py:3036} INFO - Sync 6 DAGs
[2025-05-14T00:10:07.777+0000] {logging_mixin.py:188} INFO - [2025-05-14T00:10:07.777+0000] {dag.py:3823} INFO - Setting next_dagrun for dataset_consumes_1 to None, run_after=None
[2025-05-14T00:10:07.784+0000] {logging_mixin.py:188} INFO - [2025-05-14T00:10:07.783+0000] {dag.py:3823} INFO - Setting next_dagrun for dataset_consumes_1_and_2 to None, run_after=None
[2025-05-14T00:10:07.787+0000] {logging_mixin.py:188} INFO - [2025-05-14T00:10:07.786+0000] {dag.py:3823} INFO - Setting next_dagrun for dataset_consumes_1_never_scheduled to None, run_after=None
[2025-05-14T00:10:07.789+0000] {logging_mixin.py:188} INFO - [2025-05-14T00:10:07.789+0000] {dag.py:3823} INFO - Setting next_dagrun for dataset_consumes_unknown_never_scheduled to None, run_after=None
[2025-05-14T00:10:07.793+0000] {logging_mixin.py:188} INFO - [2025-05-14T00:10:07.793+0000] {dag.py:3823} INFO - Setting next_dagrun for dataset_produces_1 to 2025-05-13 00:00:00+00:00, run_after=2025-05-14 00:00:00+00:00
[2025-05-14T00:10:07.796+0000] {logging_mixin.py:188} INFO - [2025-05-14T00:10:07.796+0000] {dag.py:3823} INFO - Setting next_dagrun for dataset_produces_2 to None, run_after=None
[2025-05-14T00:10:07.842+0000] {processor.py:183} INFO - Processing /home/airflow/.local/lib/python3.8/site-packages/airflow/example_dags/example_datasets.py took 0.175 seconds
[2025-05-14T00:10:38.513+0000] {processor.py:161} INFO - Started process (PID=307) to work on /home/airflow/.local/lib/python3.8/site-packages/airflow/example_dags/example_datasets.py
[2025-05-14T00:10:38.515+0000] {processor.py:830} INFO - Processing file /home/airflow/.local/lib/python3.8/site-packages/airflow/example_dags/example_datasets.py for tasks to queue
[2025-05-14T00:10:38.517+0000] {logging_mixin.py:188} INFO - [2025-05-14T00:10:38.517+0000] {dagbag.py:538} INFO - Filling up the DagBag from /home/airflow/.local/lib/python3.8/site-packages/airflow/example_dags/example_datasets.py
[2025-05-14T00:10:38.531+0000] {processor.py:840} INFO - DAG(s) 'dataset_produces_2', 'dataset_consumes_1', 'dataset_produces_1', 'dataset_consumes_1_never_scheduled', 'dataset_consumes_1_and_2', 'dataset_consumes_unknown_never_scheduled' retrieved from /home/airflow/.local/lib/python3.8/site-packages/airflow/example_dags/example_datasets.py
[2025-05-14T00:10:38.587+0000] {logging_mixin.py:188} INFO - [2025-05-14T00:10:38.587+0000] {dag.py:3036} INFO - Sync 6 DAGs
[2025-05-14T00:10:38.617+0000] {logging_mixin.py:188} INFO - [2025-05-14T00:10:38.616+0000] {dag.py:3823} INFO - Setting next_dagrun for dataset_consumes_1 to None, run_after=None
[2025-05-14T00:10:38.622+0000] {logging_mixin.py:188} INFO - [2025-05-14T00:10:38.622+0000] {dag.py:3823} INFO - Setting next_dagrun for dataset_consumes_1_and_2 to None, run_after=None
[2025-05-14T00:10:38.625+0000] {logging_mixin.py:188} INFO - [2025-05-14T00:10:38.625+0000] {dag.py:3823} INFO - Setting next_dagrun for dataset_consumes_1_never_scheduled to None, run_after=None
[2025-05-14T00:10:38.628+0000] {logging_mixin.py:188} INFO - [2025-05-14T00:10:38.628+0000] {dag.py:3823} INFO - Setting next_dagrun for dataset_consumes_unknown_never_scheduled to None, run_after=None
[2025-05-14T00:10:38.640+0000] {logging_mixin.py:188} INFO - [2025-05-14T00:10:38.639+0000] {dag.py:3823} INFO - Setting next_dagrun for dataset_produces_1 to 2025-05-13 00:00:00+00:00, run_after=2025-05-14 00:00:00+00:00
[2025-05-14T00:10:38.644+0000] {logging_mixin.py:188} INFO - [2025-05-14T00:10:38.644+0000] {dag.py:3823} INFO - Setting next_dagrun for dataset_produces_2 to None, run_after=None
[2025-05-14T00:10:38.697+0000] {processor.py:183} INFO - Processing /home/airflow/.local/lib/python3.8/site-packages/airflow/example_dags/example_datasets.py took 0.188 seconds
[2025-05-14T00:11:11.329+0000] {processor.py:161} INFO - Started process (PID=363) to work on /home/airflow/.local/lib/python3.8/site-packages/airflow/example_dags/example_datasets.py
[2025-05-14T00:11:11.331+0000] {processor.py:830} INFO - Processing file /home/airflow/.local/lib/python3.8/site-packages/airflow/example_dags/example_datasets.py for tasks to queue
[2025-05-14T00:11:11.333+0000] {logging_mixin.py:188} INFO - [2025-05-14T00:11:11.332+0000] {dagbag.py:538} INFO - Filling up the DagBag from /home/airflow/.local/lib/python3.8/site-packages/airflow/example_dags/example_datasets.py
[2025-05-14T00:11:11.357+0000] {processor.py:840} INFO - DAG(s) 'dataset_consumes_1_never_scheduled', 'dataset_consumes_1', 'dataset_produces_1', 'dataset_produces_2', 'dataset_consumes_1_and_2', 'dataset_consumes_unknown_never_scheduled' retrieved from /home/airflow/.local/lib/python3.8/site-packages/airflow/example_dags/example_datasets.py
[2025-05-14T00:11:11.417+0000] {logging_mixin.py:188} INFO - [2025-05-14T00:11:11.416+0000] {dag.py:3036} INFO - Sync 6 DAGs
[2025-05-14T00:11:11.485+0000] {logging_mixin.py:188} INFO - [2025-05-14T00:11:11.485+0000] {dag.py:3823} INFO - Setting next_dagrun for dataset_consumes_1 to None, run_after=None
[2025-05-14T00:11:11.491+0000] {logging_mixin.py:188} INFO - [2025-05-14T00:11:11.491+0000] {dag.py:3823} INFO - Setting next_dagrun for dataset_consumes_1_and_2 to None, run_after=None
[2025-05-14T00:11:11.495+0000] {logging_mixin.py:188} INFO - [2025-05-14T00:11:11.494+0000] {dag.py:3823} INFO - Setting next_dagrun for dataset_consumes_1_never_scheduled to None, run_after=None
[2025-05-14T00:11:11.507+0000] {logging_mixin.py:188} INFO - [2025-05-14T00:11:11.506+0000] {dag.py:3823} INFO - Setting next_dagrun for dataset_consumes_unknown_never_scheduled to None, run_after=None
[2025-05-14T00:11:11.513+0000] {logging_mixin.py:188} INFO - [2025-05-14T00:11:11.513+0000] {dag.py:3823} INFO - Setting next_dagrun for dataset_produces_1 to 2025-05-13 00:00:00+00:00, run_after=2025-05-14 00:00:00+00:00
[2025-05-14T00:11:11.516+0000] {logging_mixin.py:188} INFO - [2025-05-14T00:11:11.516+0000] {dag.py:3823} INFO - Setting next_dagrun for dataset_produces_2 to None, run_after=None
[2025-05-14T00:11:11.649+0000] {processor.py:183} INFO - Processing /home/airflow/.local/lib/python3.8/site-packages/airflow/example_dags/example_datasets.py took 0.324 seconds
[2025-05-14T00:11:42.079+0000] {processor.py:161} INFO - Started process (PID=417) to work on /home/airflow/.local/lib/python3.8/site-packages/airflow/example_dags/example_datasets.py
[2025-05-14T00:11:42.083+0000] {processor.py:830} INFO - Processing file /home/airflow/.local/lib/python3.8/site-packages/airflow/example_dags/example_datasets.py for tasks to queue
[2025-05-14T00:11:42.086+0000] {logging_mixin.py:188} INFO - [2025-05-14T00:11:42.085+0000] {dagbag.py:538} INFO - Filling up the DagBag from /home/airflow/.local/lib/python3.8/site-packages/airflow/example_dags/example_datasets.py
[2025-05-14T00:11:42.105+0000] {processor.py:840} INFO - DAG(s) 'dataset_consumes_1', 'dataset_consumes_unknown_never_scheduled', 'dataset_consumes_1_never_scheduled', 'dataset_produces_2', 'dataset_produces_1', 'dataset_consumes_1_and_2' retrieved from /home/airflow/.local/lib/python3.8/site-packages/airflow/example_dags/example_datasets.py
[2025-05-14T00:11:42.216+0000] {logging_mixin.py:188} INFO - [2025-05-14T00:11:42.215+0000] {dag.py:3036} INFO - Sync 6 DAGs
[2025-05-14T00:11:42.255+0000] {logging_mixin.py:188} INFO - [2025-05-14T00:11:42.254+0000] {dag.py:3823} INFO - Setting next_dagrun for dataset_consumes_1 to None, run_after=None
[2025-05-14T00:11:42.263+0000] {logging_mixin.py:188} INFO - [2025-05-14T00:11:42.262+0000] {dag.py:3823} INFO - Setting next_dagrun for dataset_consumes_1_and_2 to None, run_after=None
[2025-05-14T00:11:42.267+0000] {logging_mixin.py:188} INFO - [2025-05-14T00:11:42.266+0000] {dag.py:3823} INFO - Setting next_dagrun for dataset_consumes_1_never_scheduled to None, run_after=None
[2025-05-14T00:11:42.271+0000] {logging_mixin.py:188} INFO - [2025-05-14T00:11:42.271+0000] {dag.py:3823} INFO - Setting next_dagrun for dataset_consumes_unknown_never_scheduled to None, run_after=None
[2025-05-14T00:11:42.279+0000] {logging_mixin.py:188} INFO - [2025-05-14T00:11:42.278+0000] {dag.py:3823} INFO - Setting next_dagrun for dataset_produces_1 to 2025-05-13 00:00:00+00:00, run_after=2025-05-14 00:00:00+00:00
[2025-05-14T00:11:42.287+0000] {logging_mixin.py:188} INFO - [2025-05-14T00:11:42.286+0000] {dag.py:3823} INFO - Setting next_dagrun for dataset_produces_2 to None, run_after=None
[2025-05-14T00:11:42.394+0000] {processor.py:183} INFO - Processing /home/airflow/.local/lib/python3.8/site-packages/airflow/example_dags/example_datasets.py took 0.325 seconds
[2025-05-14T00:12:14.105+0000] {processor.py:161} INFO - Started process (PID=473) to work on /home/airflow/.local/lib/python3.8/site-packages/airflow/example_dags/example_datasets.py
[2025-05-14T00:12:14.107+0000] {processor.py:830} INFO - Processing file /home/airflow/.local/lib/python3.8/site-packages/airflow/example_dags/example_datasets.py for tasks to queue
[2025-05-14T00:12:14.111+0000] {logging_mixin.py:188} INFO - [2025-05-14T00:12:14.110+0000] {dagbag.py:538} INFO - Filling up the DagBag from /home/airflow/.local/lib/python3.8/site-packages/airflow/example_dags/example_datasets.py
[2025-05-14T00:12:14.121+0000] {processor.py:840} INFO - DAG(s) 'dataset_produces_2', 'dataset_consumes_1_and_2', 'dataset_consumes_unknown_never_scheduled', 'dataset_consumes_1_never_scheduled', 'dataset_produces_1', 'dataset_consumes_1' retrieved from /home/airflow/.local/lib/python3.8/site-packages/airflow/example_dags/example_datasets.py
[2025-05-14T00:12:14.210+0000] {logging_mixin.py:188} INFO - [2025-05-14T00:12:14.209+0000] {dag.py:3036} INFO - Sync 6 DAGs
[2025-05-14T00:12:14.239+0000] {logging_mixin.py:188} INFO - [2025-05-14T00:12:14.239+0000] {dag.py:3823} INFO - Setting next_dagrun for dataset_consumes_1 to None, run_after=None
[2025-05-14T00:12:14.245+0000] {logging_mixin.py:188} INFO - [2025-05-14T00:12:14.245+0000] {dag.py:3823} INFO - Setting next_dagrun for dataset_consumes_1_and_2 to None, run_after=None
[2025-05-14T00:12:14.248+0000] {logging_mixin.py:188} INFO - [2025-05-14T00:12:14.247+0000] {dag.py:3823} INFO - Setting next_dagrun for dataset_consumes_1_never_scheduled to None, run_after=None
[2025-05-14T00:12:14.250+0000] {logging_mixin.py:188} INFO - [2025-05-14T00:12:14.250+0000] {dag.py:3823} INFO - Setting next_dagrun for dataset_consumes_unknown_never_scheduled to None, run_after=None
[2025-05-14T00:12:14.254+0000] {logging_mixin.py:188} INFO - [2025-05-14T00:12:14.254+0000] {dag.py:3823} INFO - Setting next_dagrun for dataset_produces_1 to 2025-05-13 00:00:00+00:00, run_after=2025-05-14 00:00:00+00:00
[2025-05-14T00:12:14.257+0000] {logging_mixin.py:188} INFO - [2025-05-14T00:12:14.257+0000] {dag.py:3823} INFO - Setting next_dagrun for dataset_produces_2 to None, run_after=None
[2025-05-14T00:12:14.313+0000] {processor.py:183} INFO - Processing /home/airflow/.local/lib/python3.8/site-packages/airflow/example_dags/example_datasets.py took 0.215 seconds
[2025-05-14T00:12:44.454+0000] {processor.py:161} INFO - Started process (PID=535) to work on /home/airflow/.local/lib/python3.8/site-packages/airflow/example_dags/example_datasets.py
[2025-05-14T00:12:44.456+0000] {processor.py:830} INFO - Processing file /home/airflow/.local/lib/python3.8/site-packages/airflow/example_dags/example_datasets.py for tasks to queue
[2025-05-14T00:12:44.459+0000] {logging_mixin.py:188} INFO - [2025-05-14T00:12:44.458+0000] {dagbag.py:538} INFO - Filling up the DagBag from /home/airflow/.local/lib/python3.8/site-packages/airflow/example_dags/example_datasets.py
[2025-05-14T00:12:44.471+0000] {processor.py:840} INFO - DAG(s) 'dataset_produces_2', 'dataset_consumes_1', 'dataset_consumes_1_never_scheduled', 'dataset_consumes_unknown_never_scheduled', 'dataset_consumes_1_and_2', 'dataset_produces_1' retrieved from /home/airflow/.local/lib/python3.8/site-packages/airflow/example_dags/example_datasets.py
[2025-05-14T00:12:44.528+0000] {logging_mixin.py:188} INFO - [2025-05-14T00:12:44.528+0000] {dag.py:3036} INFO - Sync 6 DAGs
[2025-05-14T00:12:44.560+0000] {logging_mixin.py:188} INFO - [2025-05-14T00:12:44.560+0000] {dag.py:3823} INFO - Setting next_dagrun for dataset_consumes_1 to None, run_after=None
[2025-05-14T00:12:44.567+0000] {logging_mixin.py:188} INFO - [2025-05-14T00:12:44.566+0000] {dag.py:3823} INFO - Setting next_dagrun for dataset_consumes_1_and_2 to None, run_after=None
[2025-05-14T00:12:44.570+0000] {logging_mixin.py:188} INFO - [2025-05-14T00:12:44.569+0000] {dag.py:3823} INFO - Setting next_dagrun for dataset_consumes_1_never_scheduled to None, run_after=None
[2025-05-14T00:12:44.573+0000] {logging_mixin.py:188} INFO - [2025-05-14T00:12:44.572+0000] {dag.py:3823} INFO - Setting next_dagrun for dataset_consumes_unknown_never_scheduled to None, run_after=None
[2025-05-14T00:12:44.578+0000] {logging_mixin.py:188} INFO - [2025-05-14T00:12:44.578+0000] {dag.py:3823} INFO - Setting next_dagrun for dataset_produces_1 to 2025-05-13 00:00:00+00:00, run_after=2025-05-14 00:00:00+00:00
[2025-05-14T00:12:44.581+0000] {logging_mixin.py:188} INFO - [2025-05-14T00:12:44.581+0000] {dag.py:3823} INFO - Setting next_dagrun for dataset_produces_2 to None, run_after=None
[2025-05-14T00:12:44.639+0000] {processor.py:183} INFO - Processing /home/airflow/.local/lib/python3.8/site-packages/airflow/example_dags/example_datasets.py took 0.188 seconds
[2025-05-14T00:13:14.769+0000] {processor.py:161} INFO - Started process (PID=591) to work on /home/airflow/.local/lib/python3.8/site-packages/airflow/example_dags/example_datasets.py
[2025-05-14T00:13:14.770+0000] {processor.py:830} INFO - Processing file /home/airflow/.local/lib/python3.8/site-packages/airflow/example_dags/example_datasets.py for tasks to queue
[2025-05-14T00:13:14.773+0000] {logging_mixin.py:188} INFO - [2025-05-14T00:13:14.773+0000] {dagbag.py:538} INFO - Filling up the DagBag from /home/airflow/.local/lib/python3.8/site-packages/airflow/example_dags/example_datasets.py
[2025-05-14T00:13:14.789+0000] {processor.py:840} INFO - DAG(s) 'dataset_consumes_1_never_scheduled', 'dataset_consumes_1', 'dataset_produces_1', 'dataset_consumes_unknown_never_scheduled', 'dataset_consumes_1_and_2', 'dataset_produces_2' retrieved from /home/airflow/.local/lib/python3.8/site-packages/airflow/example_dags/example_datasets.py
[2025-05-14T00:13:14.892+0000] {logging_mixin.py:188} INFO - [2025-05-14T00:13:14.891+0000] {dag.py:3036} INFO - Sync 6 DAGs
[2025-05-14T00:13:14.955+0000] {logging_mixin.py:188} INFO - [2025-05-14T00:13:14.954+0000] {dag.py:3823} INFO - Setting next_dagrun for dataset_consumes_1 to None, run_after=None
[2025-05-14T00:13:14.967+0000] {logging_mixin.py:188} INFO - [2025-05-14T00:13:14.966+0000] {dag.py:3823} INFO - Setting next_dagrun for dataset_consumes_1_and_2 to None, run_after=None
[2025-05-14T00:13:14.971+0000] {logging_mixin.py:188} INFO - [2025-05-14T00:13:14.970+0000] {dag.py:3823} INFO - Setting next_dagrun for dataset_consumes_1_never_scheduled to None, run_after=None
[2025-05-14T00:13:14.985+0000] {logging_mixin.py:188} INFO - [2025-05-14T00:13:14.984+0000] {dag.py:3823} INFO - Setting next_dagrun for dataset_consumes_unknown_never_scheduled to None, run_after=None
[2025-05-14T00:13:14.994+0000] {logging_mixin.py:188} INFO - [2025-05-14T00:13:14.994+0000] {dag.py:3823} INFO - Setting next_dagrun for dataset_produces_1 to 2025-05-13 00:00:00+00:00, run_after=2025-05-14 00:00:00+00:00
[2025-05-14T00:13:15.008+0000] {logging_mixin.py:188} INFO - [2025-05-14T00:13:15.007+0000] {dag.py:3823} INFO - Setting next_dagrun for dataset_produces_2 to None, run_after=None
[2025-05-14T00:13:15.116+0000] {processor.py:183} INFO - Processing /home/airflow/.local/lib/python3.8/site-packages/airflow/example_dags/example_datasets.py took 0.350 seconds
[2025-05-14T00:13:45.308+0000] {processor.py:161} INFO - Started process (PID=647) to work on /home/airflow/.local/lib/python3.8/site-packages/airflow/example_dags/example_datasets.py
[2025-05-14T00:13:45.310+0000] {processor.py:830} INFO - Processing file /home/airflow/.local/lib/python3.8/site-packages/airflow/example_dags/example_datasets.py for tasks to queue
[2025-05-14T00:13:45.312+0000] {logging_mixin.py:188} INFO - [2025-05-14T00:13:45.311+0000] {dagbag.py:538} INFO - Filling up the DagBag from /home/airflow/.local/lib/python3.8/site-packages/airflow/example_dags/example_datasets.py
[2025-05-14T00:13:45.321+0000] {processor.py:840} INFO - DAG(s) 'dataset_consumes_unknown_never_scheduled', 'dataset_consumes_1', 'dataset_produces_1', 'dataset_consumes_1_and_2', 'dataset_produces_2', 'dataset_consumes_1_never_scheduled' retrieved from /home/airflow/.local/lib/python3.8/site-packages/airflow/example_dags/example_datasets.py
[2025-05-14T00:13:45.373+0000] {logging_mixin.py:188} INFO - [2025-05-14T00:13:45.373+0000] {dag.py:3036} INFO - Sync 6 DAGs
[2025-05-14T00:13:45.402+0000] {logging_mixin.py:188} INFO - [2025-05-14T00:13:45.402+0000] {dag.py:3823} INFO - Setting next_dagrun for dataset_consumes_1 to None, run_after=None
[2025-05-14T00:13:45.409+0000] {logging_mixin.py:188} INFO - [2025-05-14T00:13:45.409+0000] {dag.py:3823} INFO - Setting next_dagrun for dataset_consumes_1_and_2 to None, run_after=None
[2025-05-14T00:13:45.412+0000] {logging_mixin.py:188} INFO - [2025-05-14T00:13:45.412+0000] {dag.py:3823} INFO - Setting next_dagrun for dataset_consumes_1_never_scheduled to None, run_after=None
[2025-05-14T00:13:45.415+0000] {logging_mixin.py:188} INFO - [2025-05-14T00:13:45.415+0000] {dag.py:3823} INFO - Setting next_dagrun for dataset_consumes_unknown_never_scheduled to None, run_after=None
[2025-05-14T00:13:45.421+0000] {logging_mixin.py:188} INFO - [2025-05-14T00:13:45.421+0000] {dag.py:3823} INFO - Setting next_dagrun for dataset_produces_1 to 2025-05-13 00:00:00+00:00, run_after=2025-05-14 00:00:00+00:00
[2025-05-14T00:13:45.426+0000] {logging_mixin.py:188} INFO - [2025-05-14T00:13:45.425+0000] {dag.py:3823} INFO - Setting next_dagrun for dataset_produces_2 to None, run_after=None
[2025-05-14T00:13:45.494+0000] {processor.py:183} INFO - Processing /home/airflow/.local/lib/python3.8/site-packages/airflow/example_dags/example_datasets.py took 0.190 seconds
[2025-05-14T00:14:15.710+0000] {processor.py:161} INFO - Started process (PID=703) to work on /home/airflow/.local/lib/python3.8/site-packages/airflow/example_dags/example_datasets.py
[2025-05-14T00:14:15.713+0000] {processor.py:830} INFO - Processing file /home/airflow/.local/lib/python3.8/site-packages/airflow/example_dags/example_datasets.py for tasks to queue
[2025-05-14T00:14:15.718+0000] {logging_mixin.py:188} INFO - [2025-05-14T00:14:15.717+0000] {dagbag.py:538} INFO - Filling up the DagBag from /home/airflow/.local/lib/python3.8/site-packages/airflow/example_dags/example_datasets.py
[2025-05-14T00:14:15.735+0000] {processor.py:840} INFO - DAG(s) 'dataset_consumes_unknown_never_scheduled', 'dataset_consumes_1_never_scheduled', 'dataset_consumes_1', 'dataset_consumes_1_and_2', 'dataset_produces_2', 'dataset_produces_1' retrieved from /home/airflow/.local/lib/python3.8/site-packages/airflow/example_dags/example_datasets.py
[2025-05-14T00:14:15.786+0000] {logging_mixin.py:188} INFO - [2025-05-14T00:14:15.786+0000] {dag.py:3036} INFO - Sync 6 DAGs
[2025-05-14T00:14:15.815+0000] {logging_mixin.py:188} INFO - [2025-05-14T00:14:15.815+0000] {dag.py:3823} INFO - Setting next_dagrun for dataset_consumes_1 to None, run_after=None
[2025-05-14T00:14:15.821+0000] {logging_mixin.py:188} INFO - [2025-05-14T00:14:15.820+0000] {dag.py:3823} INFO - Setting next_dagrun for dataset_consumes_1_and_2 to None, run_after=None
[2025-05-14T00:14:15.836+0000] {logging_mixin.py:188} INFO - [2025-05-14T00:14:15.836+0000] {dag.py:3823} INFO - Setting next_dagrun for dataset_consumes_1_never_scheduled to None, run_after=None
[2025-05-14T00:14:15.857+0000] {logging_mixin.py:188} INFO - [2025-05-14T00:14:15.857+0000] {dag.py:3823} INFO - Setting next_dagrun for dataset_consumes_unknown_never_scheduled to None, run_after=None
[2025-05-14T00:14:15.869+0000] {logging_mixin.py:188} INFO - [2025-05-14T00:14:15.868+0000] {dag.py:3823} INFO - Setting next_dagrun for dataset_produces_1 to 2025-05-13 00:00:00+00:00, run_after=2025-05-14 00:00:00+00:00
[2025-05-14T00:14:15.871+0000] {logging_mixin.py:188} INFO - [2025-05-14T00:14:15.871+0000] {dag.py:3823} INFO - Setting next_dagrun for dataset_produces_2 to None, run_after=None
[2025-05-14T00:14:15.924+0000] {processor.py:183} INFO - Processing /home/airflow/.local/lib/python3.8/site-packages/airflow/example_dags/example_datasets.py took 0.220 seconds
[2025-05-14T00:14:46.544+0000] {processor.py:161} INFO - Started process (PID=759) to work on /home/airflow/.local/lib/python3.8/site-packages/airflow/example_dags/example_datasets.py
[2025-05-14T00:14:46.548+0000] {processor.py:830} INFO - Processing file /home/airflow/.local/lib/python3.8/site-packages/airflow/example_dags/example_datasets.py for tasks to queue
[2025-05-14T00:14:46.552+0000] {logging_mixin.py:188} INFO - [2025-05-14T00:14:46.551+0000] {dagbag.py:538} INFO - Filling up the DagBag from /home/airflow/.local/lib/python3.8/site-packages/airflow/example_dags/example_datasets.py
[2025-05-14T00:14:46.569+0000] {processor.py:840} INFO - DAG(s) 'dataset_consumes_1_and_2', 'dataset_consumes_unknown_never_scheduled', 'dataset_produces_2', 'dataset_consumes_1_never_scheduled', 'dataset_produces_1', 'dataset_consumes_1' retrieved from /home/airflow/.local/lib/python3.8/site-packages/airflow/example_dags/example_datasets.py
[2025-05-14T00:14:46.640+0000] {logging_mixin.py:188} INFO - [2025-05-14T00:14:46.639+0000] {dag.py:3036} INFO - Sync 6 DAGs
[2025-05-14T00:14:46.675+0000] {logging_mixin.py:188} INFO - [2025-05-14T00:14:46.675+0000] {dag.py:3823} INFO - Setting next_dagrun for dataset_consumes_1 to None, run_after=None
[2025-05-14T00:14:46.682+0000] {logging_mixin.py:188} INFO - [2025-05-14T00:14:46.682+0000] {dag.py:3823} INFO - Setting next_dagrun for dataset_consumes_1_and_2 to None, run_after=None
[2025-05-14T00:14:46.686+0000] {logging_mixin.py:188} INFO - [2025-05-14T00:14:46.685+0000] {dag.py:3823} INFO - Setting next_dagrun for dataset_consumes_1_never_scheduled to None, run_after=None
[2025-05-14T00:14:46.689+0000] {logging_mixin.py:188} INFO - [2025-05-14T00:14:46.688+0000] {dag.py:3823} INFO - Setting next_dagrun for dataset_consumes_unknown_never_scheduled to None, run_after=None
[2025-05-14T00:14:46.693+0000] {logging_mixin.py:188} INFO - [2025-05-14T00:14:46.693+0000] {dag.py:3823} INFO - Setting next_dagrun for dataset_produces_1 to 2025-05-13 00:00:00+00:00, run_after=2025-05-14 00:00:00+00:00
[2025-05-14T00:14:46.696+0000] {logging_mixin.py:188} INFO - [2025-05-14T00:14:46.696+0000] {dag.py:3823} INFO - Setting next_dagrun for dataset_produces_2 to None, run_after=None
[2025-05-14T00:14:46.754+0000] {processor.py:183} INFO - Processing /home/airflow/.local/lib/python3.8/site-packages/airflow/example_dags/example_datasets.py took 0.216 seconds
[2025-05-14T00:15:17.429+0000] {processor.py:161} INFO - Started process (PID=815) to work on /home/airflow/.local/lib/python3.8/site-packages/airflow/example_dags/example_datasets.py
[2025-05-14T00:15:17.431+0000] {processor.py:830} INFO - Processing file /home/airflow/.local/lib/python3.8/site-packages/airflow/example_dags/example_datasets.py for tasks to queue
[2025-05-14T00:15:17.434+0000] {logging_mixin.py:188} INFO - [2025-05-14T00:15:17.434+0000] {dagbag.py:538} INFO - Filling up the DagBag from /home/airflow/.local/lib/python3.8/site-packages/airflow/example_dags/example_datasets.py
[2025-05-14T00:15:17.454+0000] {processor.py:840} INFO - DAG(s) 'dataset_produces_1', 'dataset_consumes_1_and_2', 'dataset_consumes_unknown_never_scheduled', 'dataset_consumes_1', 'dataset_consumes_1_never_scheduled', 'dataset_produces_2' retrieved from /home/airflow/.local/lib/python3.8/site-packages/airflow/example_dags/example_datasets.py
[2025-05-14T00:15:17.519+0000] {logging_mixin.py:188} INFO - [2025-05-14T00:15:17.519+0000] {dag.py:3036} INFO - Sync 6 DAGs
[2025-05-14T00:15:17.553+0000] {logging_mixin.py:188} INFO - [2025-05-14T00:15:17.553+0000] {dag.py:3823} INFO - Setting next_dagrun for dataset_consumes_1 to None, run_after=None
[2025-05-14T00:15:17.561+0000] {logging_mixin.py:188} INFO - [2025-05-14T00:15:17.561+0000] {dag.py:3823} INFO - Setting next_dagrun for dataset_consumes_1_and_2 to None, run_after=None
[2025-05-14T00:15:17.566+0000] {logging_mixin.py:188} INFO - [2025-05-14T00:15:17.566+0000] {dag.py:3823} INFO - Setting next_dagrun for dataset_consumes_1_never_scheduled to None, run_after=None
[2025-05-14T00:15:17.569+0000] {logging_mixin.py:188} INFO - [2025-05-14T00:15:17.569+0000] {dag.py:3823} INFO - Setting next_dagrun for dataset_consumes_unknown_never_scheduled to None, run_after=None
[2025-05-14T00:15:17.573+0000] {logging_mixin.py:188} INFO - [2025-05-14T00:15:17.573+0000] {dag.py:3823} INFO - Setting next_dagrun for dataset_produces_1 to 2025-05-13 00:00:00+00:00, run_after=2025-05-14 00:00:00+00:00
[2025-05-14T00:15:17.579+0000] {logging_mixin.py:188} INFO - [2025-05-14T00:15:17.576+0000] {dag.py:3823} INFO - Setting next_dagrun for dataset_produces_2 to None, run_after=None
[2025-05-14T00:15:17.630+0000] {processor.py:183} INFO - Processing /home/airflow/.local/lib/python3.8/site-packages/airflow/example_dags/example_datasets.py took 0.204 seconds
[2025-05-14T00:15:48.221+0000] {processor.py:161} INFO - Started process (PID=870) to work on /home/airflow/.local/lib/python3.8/site-packages/airflow/example_dags/example_datasets.py
[2025-05-14T00:15:48.226+0000] {processor.py:830} INFO - Processing file /home/airflow/.local/lib/python3.8/site-packages/airflow/example_dags/example_datasets.py for tasks to queue
[2025-05-14T00:15:48.252+0000] {logging_mixin.py:188} INFO - [2025-05-14T00:15:48.251+0000] {dagbag.py:538} INFO - Filling up the DagBag from /home/airflow/.local/lib/python3.8/site-packages/airflow/example_dags/example_datasets.py
[2025-05-14T00:15:48.403+0000] {processor.py:840} INFO - DAG(s) 'dataset_consumes_1', 'dataset_consumes_1_never_scheduled', 'dataset_consumes_unknown_never_scheduled', 'dataset_produces_2', 'dataset_consumes_1_and_2', 'dataset_produces_1' retrieved from /home/airflow/.local/lib/python3.8/site-packages/airflow/example_dags/example_datasets.py
[2025-05-14T00:15:48.538+0000] {logging_mixin.py:188} INFO - [2025-05-14T00:15:48.538+0000] {dag.py:3036} INFO - Sync 6 DAGs
[2025-05-14T00:15:48.609+0000] {logging_mixin.py:188} INFO - [2025-05-14T00:15:48.609+0000] {dag.py:3823} INFO - Setting next_dagrun for dataset_consumes_1 to None, run_after=None
[2025-05-14T00:15:48.627+0000] {logging_mixin.py:188} INFO - [2025-05-14T00:15:48.627+0000] {dag.py:3823} INFO - Setting next_dagrun for dataset_consumes_1_and_2 to None, run_after=None
[2025-05-14T00:15:48.630+0000] {logging_mixin.py:188} INFO - [2025-05-14T00:15:48.629+0000] {dag.py:3823} INFO - Setting next_dagrun for dataset_consumes_1_never_scheduled to None, run_after=None
[2025-05-14T00:15:48.636+0000] {logging_mixin.py:188} INFO - [2025-05-14T00:15:48.635+0000] {dag.py:3823} INFO - Setting next_dagrun for dataset_consumes_unknown_never_scheduled to None, run_after=None
[2025-05-14T00:15:48.644+0000] {logging_mixin.py:188} INFO - [2025-05-14T00:15:48.644+0000] {dag.py:3823} INFO - Setting next_dagrun for dataset_produces_1 to 2025-05-13 00:00:00+00:00, run_after=2025-05-14 00:00:00+00:00
[2025-05-14T00:15:48.647+0000] {logging_mixin.py:188} INFO - [2025-05-14T00:15:48.647+0000] {dag.py:3823} INFO - Setting next_dagrun for dataset_produces_2 to None, run_after=None
[2025-05-14T00:15:48.739+0000] {processor.py:183} INFO - Processing /home/airflow/.local/lib/python3.8/site-packages/airflow/example_dags/example_datasets.py took 0.529 seconds
[2025-05-14T00:16:22.077+0000] {processor.py:161} INFO - Started process (PID=926) to work on /home/airflow/.local/lib/python3.8/site-packages/airflow/example_dags/example_datasets.py
[2025-05-14T00:16:22.084+0000] {processor.py:830} INFO - Processing file /home/airflow/.local/lib/python3.8/site-packages/airflow/example_dags/example_datasets.py for tasks to queue
[2025-05-14T00:16:22.090+0000] {logging_mixin.py:188} INFO - [2025-05-14T00:16:22.089+0000] {dagbag.py:538} INFO - Filling up the DagBag from /home/airflow/.local/lib/python3.8/site-packages/airflow/example_dags/example_datasets.py
[2025-05-14T00:16:22.110+0000] {processor.py:840} INFO - DAG(s) 'dataset_consumes_1_and_2', 'dataset_consumes_unknown_never_scheduled', 'dataset_consumes_1_never_scheduled', 'dataset_produces_1', 'dataset_produces_2', 'dataset_consumes_1' retrieved from /home/airflow/.local/lib/python3.8/site-packages/airflow/example_dags/example_datasets.py
[2025-05-14T00:16:22.176+0000] {logging_mixin.py:188} INFO - [2025-05-14T00:16:22.175+0000] {dag.py:3036} INFO - Sync 6 DAGs
[2025-05-14T00:16:22.236+0000] {logging_mixin.py:188} INFO - [2025-05-14T00:16:22.236+0000] {dag.py:3823} INFO - Setting next_dagrun for dataset_consumes_1 to None, run_after=None
[2025-05-14T00:16:22.246+0000] {logging_mixin.py:188} INFO - [2025-05-14T00:16:22.245+0000] {dag.py:3823} INFO - Setting next_dagrun for dataset_consumes_1_and_2 to None, run_after=None
[2025-05-14T00:16:22.251+0000] {logging_mixin.py:188} INFO - [2025-05-14T00:16:22.251+0000] {dag.py:3823} INFO - Setting next_dagrun for dataset_consumes_1_never_scheduled to None, run_after=None
[2025-05-14T00:16:22.254+0000] {logging_mixin.py:188} INFO - [2025-05-14T00:16:22.254+0000] {dag.py:3823} INFO - Setting next_dagrun for dataset_consumes_unknown_never_scheduled to None, run_after=None
[2025-05-14T00:16:22.263+0000] {logging_mixin.py:188} INFO - [2025-05-14T00:16:22.262+0000] {dag.py:3823} INFO - Setting next_dagrun for dataset_produces_1 to 2025-05-13 00:00:00+00:00, run_after=2025-05-14 00:00:00+00:00
[2025-05-14T00:16:22.266+0000] {logging_mixin.py:188} INFO - [2025-05-14T00:16:22.265+0000] {dag.py:3823} INFO - Setting next_dagrun for dataset_produces_2 to None, run_after=None
[2025-05-14T00:16:22.373+0000] {processor.py:183} INFO - Processing /home/airflow/.local/lib/python3.8/site-packages/airflow/example_dags/example_datasets.py took 0.306 seconds
[2025-05-14T00:16:53.108+0000] {processor.py:161} INFO - Started process (PID=982) to work on /home/airflow/.local/lib/python3.8/site-packages/airflow/example_dags/example_datasets.py
[2025-05-14T00:16:53.116+0000] {processor.py:830} INFO - Processing file /home/airflow/.local/lib/python3.8/site-packages/airflow/example_dags/example_datasets.py for tasks to queue
[2025-05-14T00:16:53.125+0000] {logging_mixin.py:188} INFO - [2025-05-14T00:16:53.124+0000] {dagbag.py:538} INFO - Filling up the DagBag from /home/airflow/.local/lib/python3.8/site-packages/airflow/example_dags/example_datasets.py
[2025-05-14T00:16:53.150+0000] {processor.py:840} INFO - DAG(s) 'dataset_consumes_1_never_scheduled', 'dataset_consumes_1', 'dataset_produces_1', 'dataset_consumes_unknown_never_scheduled', 'dataset_produces_2', 'dataset_consumes_1_and_2' retrieved from /home/airflow/.local/lib/python3.8/site-packages/airflow/example_dags/example_datasets.py
[2025-05-14T00:16:53.221+0000] {logging_mixin.py:188} INFO - [2025-05-14T00:16:53.220+0000] {dag.py:3036} INFO - Sync 6 DAGs
[2025-05-14T00:16:53.257+0000] {logging_mixin.py:188} INFO - [2025-05-14T00:16:53.257+0000] {dag.py:3823} INFO - Setting next_dagrun for dataset_consumes_1 to None, run_after=None
[2025-05-14T00:16:53.262+0000] {logging_mixin.py:188} INFO - [2025-05-14T00:16:53.262+0000] {dag.py:3823} INFO - Setting next_dagrun for dataset_consumes_1_and_2 to None, run_after=None
[2025-05-14T00:16:53.267+0000] {logging_mixin.py:188} INFO - [2025-05-14T00:16:53.266+0000] {dag.py:3823} INFO - Setting next_dagrun for dataset_consumes_1_never_scheduled to None, run_after=None
[2025-05-14T00:16:53.271+0000] {logging_mixin.py:188} INFO - [2025-05-14T00:16:53.271+0000] {dag.py:3823} INFO - Setting next_dagrun for dataset_consumes_unknown_never_scheduled to None, run_after=None
[2025-05-14T00:16:53.277+0000] {logging_mixin.py:188} INFO - [2025-05-14T00:16:53.276+0000] {dag.py:3823} INFO - Setting next_dagrun for dataset_produces_1 to 2025-05-13 00:00:00+00:00, run_after=2025-05-14 00:00:00+00:00
[2025-05-14T00:16:53.280+0000] {logging_mixin.py:188} INFO - [2025-05-14T00:16:53.279+0000] {dag.py:3823} INFO - Setting next_dagrun for dataset_produces_2 to None, run_after=None
[2025-05-14T00:16:53.338+0000] {processor.py:183} INFO - Processing /home/airflow/.local/lib/python3.8/site-packages/airflow/example_dags/example_datasets.py took 0.233 seconds
[2025-05-14T00:17:24.175+0000] {processor.py:161} INFO - Started process (PID=1039) to work on /home/airflow/.local/lib/python3.8/site-packages/airflow/example_dags/example_datasets.py
[2025-05-14T00:17:24.177+0000] {processor.py:830} INFO - Processing file /home/airflow/.local/lib/python3.8/site-packages/airflow/example_dags/example_datasets.py for tasks to queue
[2025-05-14T00:17:24.180+0000] {logging_mixin.py:188} INFO - [2025-05-14T00:17:24.179+0000] {dagbag.py:538} INFO - Filling up the DagBag from /home/airflow/.local/lib/python3.8/site-packages/airflow/example_dags/example_datasets.py
[2025-05-14T00:17:24.198+0000] {processor.py:840} INFO - DAG(s) 'dataset_consumes_unknown_never_scheduled', 'dataset_consumes_1_never_scheduled', 'dataset_produces_2', 'dataset_consumes_1_and_2', 'dataset_consumes_1', 'dataset_produces_1' retrieved from /home/airflow/.local/lib/python3.8/site-packages/airflow/example_dags/example_datasets.py
[2025-05-14T00:17:24.259+0000] {logging_mixin.py:188} INFO - [2025-05-14T00:17:24.258+0000] {dag.py:3036} INFO - Sync 6 DAGs
[2025-05-14T00:17:24.289+0000] {logging_mixin.py:188} INFO - [2025-05-14T00:17:24.289+0000] {dag.py:3823} INFO - Setting next_dagrun for dataset_consumes_1 to None, run_after=None
[2025-05-14T00:17:24.295+0000] {logging_mixin.py:188} INFO - [2025-05-14T00:17:24.295+0000] {dag.py:3823} INFO - Setting next_dagrun for dataset_consumes_1_and_2 to None, run_after=None
[2025-05-14T00:17:24.298+0000] {logging_mixin.py:188} INFO - [2025-05-14T00:17:24.298+0000] {dag.py:3823} INFO - Setting next_dagrun for dataset_consumes_1_never_scheduled to None, run_after=None
[2025-05-14T00:17:24.301+0000] {logging_mixin.py:188} INFO - [2025-05-14T00:17:24.301+0000] {dag.py:3823} INFO - Setting next_dagrun for dataset_consumes_unknown_never_scheduled to None, run_after=None
[2025-05-14T00:17:24.308+0000] {logging_mixin.py:188} INFO - [2025-05-14T00:17:24.308+0000] {dag.py:3823} INFO - Setting next_dagrun for dataset_produces_1 to 2025-05-13 00:00:00+00:00, run_after=2025-05-14 00:00:00+00:00
[2025-05-14T00:17:24.311+0000] {logging_mixin.py:188} INFO - [2025-05-14T00:17:24.311+0000] {dag.py:3823} INFO - Setting next_dagrun for dataset_produces_2 to None, run_after=None
[2025-05-14T00:17:24.370+0000] {processor.py:183} INFO - Processing /home/airflow/.local/lib/python3.8/site-packages/airflow/example_dags/example_datasets.py took 0.202 seconds
[2025-05-14T00:17:54.472+0000] {processor.py:161} INFO - Started process (PID=1094) to work on /home/airflow/.local/lib/python3.8/site-packages/airflow/example_dags/example_datasets.py
[2025-05-14T00:17:54.473+0000] {processor.py:830} INFO - Processing file /home/airflow/.local/lib/python3.8/site-packages/airflow/example_dags/example_datasets.py for tasks to queue
[2025-05-14T00:17:54.475+0000] {logging_mixin.py:188} INFO - [2025-05-14T00:17:54.475+0000] {dagbag.py:538} INFO - Filling up the DagBag from /home/airflow/.local/lib/python3.8/site-packages/airflow/example_dags/example_datasets.py
[2025-05-14T00:17:54.506+0000] {processor.py:840} INFO - DAG(s) 'dataset_consumes_1_and_2', 'dataset_produces_1', 'dataset_consumes_1_never_scheduled', 'dataset_consumes_1', 'dataset_consumes_unknown_never_scheduled', 'dataset_produces_2' retrieved from /home/airflow/.local/lib/python3.8/site-packages/airflow/example_dags/example_datasets.py
[2025-05-14T00:17:54.558+0000] {logging_mixin.py:188} INFO - [2025-05-14T00:17:54.558+0000] {dag.py:3036} INFO - Sync 6 DAGs
[2025-05-14T00:17:54.585+0000] {logging_mixin.py:188} INFO - [2025-05-14T00:17:54.584+0000] {dag.py:3823} INFO - Setting next_dagrun for dataset_consumes_1 to None, run_after=None
[2025-05-14T00:17:54.591+0000] {logging_mixin.py:188} INFO - [2025-05-14T00:17:54.591+0000] {dag.py:3823} INFO - Setting next_dagrun for dataset_consumes_1_and_2 to None, run_after=None
[2025-05-14T00:17:54.594+0000] {logging_mixin.py:188} INFO - [2025-05-14T00:17:54.594+0000] {dag.py:3823} INFO - Setting next_dagrun for dataset_consumes_1_never_scheduled to None, run_after=None
[2025-05-14T00:17:54.597+0000] {logging_mixin.py:188} INFO - [2025-05-14T00:17:54.597+0000] {dag.py:3823} INFO - Setting next_dagrun for dataset_consumes_unknown_never_scheduled to None, run_after=None
[2025-05-14T00:17:54.601+0000] {logging_mixin.py:188} INFO - [2025-05-14T00:17:54.601+0000] {dag.py:3823} INFO - Setting next_dagrun for dataset_produces_1 to 2025-05-13 00:00:00+00:00, run_after=2025-05-14 00:00:00+00:00
[2025-05-14T00:17:54.605+0000] {logging_mixin.py:188} INFO - [2025-05-14T00:17:54.604+0000] {dag.py:3823} INFO - Setting next_dagrun for dataset_produces_2 to None, run_after=None
[2025-05-14T00:17:54.650+0000] {processor.py:183} INFO - Processing /home/airflow/.local/lib/python3.8/site-packages/airflow/example_dags/example_datasets.py took 0.182 seconds
[2025-05-14T00:18:25.001+0000] {processor.py:161} INFO - Started process (PID=1151) to work on /home/airflow/.local/lib/python3.8/site-packages/airflow/example_dags/example_datasets.py
[2025-05-14T00:18:25.002+0000] {processor.py:830} INFO - Processing file /home/airflow/.local/lib/python3.8/site-packages/airflow/example_dags/example_datasets.py for tasks to queue
[2025-05-14T00:18:25.005+0000] {logging_mixin.py:188} INFO - [2025-05-14T00:18:25.004+0000] {dagbag.py:538} INFO - Filling up the DagBag from /home/airflow/.local/lib/python3.8/site-packages/airflow/example_dags/example_datasets.py
[2025-05-14T00:18:25.033+0000] {processor.py:840} INFO - DAG(s) 'dataset_consumes_1', 'dataset_consumes_1_and_2', 'dataset_consumes_unknown_never_scheduled', 'dataset_consumes_1_never_scheduled', 'dataset_produces_2', 'dataset_produces_1' retrieved from /home/airflow/.local/lib/python3.8/site-packages/airflow/example_dags/example_datasets.py
[2025-05-14T00:18:25.127+0000] {logging_mixin.py:188} INFO - [2025-05-14T00:18:25.127+0000] {dag.py:3036} INFO - Sync 6 DAGs
[2025-05-14T00:18:25.168+0000] {logging_mixin.py:188} INFO - [2025-05-14T00:18:25.166+0000] {dag.py:3823} INFO - Setting next_dagrun for dataset_consumes_1 to None, run_after=None
[2025-05-14T00:18:25.176+0000] {logging_mixin.py:188} INFO - [2025-05-14T00:18:25.176+0000] {dag.py:3823} INFO - Setting next_dagrun for dataset_consumes_1_and_2 to None, run_after=None
[2025-05-14T00:18:25.179+0000] {logging_mixin.py:188} INFO - [2025-05-14T00:18:25.179+0000] {dag.py:3823} INFO - Setting next_dagrun for dataset_consumes_1_never_scheduled to None, run_after=None
[2025-05-14T00:18:25.184+0000] {logging_mixin.py:188} INFO - [2025-05-14T00:18:25.183+0000] {dag.py:3823} INFO - Setting next_dagrun for dataset_consumes_unknown_never_scheduled to None, run_after=None
[2025-05-14T00:18:25.191+0000] {logging_mixin.py:188} INFO - [2025-05-14T00:18:25.191+0000] {dag.py:3823} INFO - Setting next_dagrun for dataset_produces_1 to 2025-05-13 00:00:00+00:00, run_after=2025-05-14 00:00:00+00:00
[2025-05-14T00:18:25.195+0000] {logging_mixin.py:188} INFO - [2025-05-14T00:18:25.194+0000] {dag.py:3823} INFO - Setting next_dagrun for dataset_produces_2 to None, run_after=None
[2025-05-14T00:18:25.291+0000] {processor.py:183} INFO - Processing /home/airflow/.local/lib/python3.8/site-packages/airflow/example_dags/example_datasets.py took 0.296 seconds
[2025-05-14T00:18:55.369+0000] {processor.py:161} INFO - Started process (PID=1207) to work on /home/airflow/.local/lib/python3.8/site-packages/airflow/example_dags/example_datasets.py
[2025-05-14T00:18:55.370+0000] {processor.py:830} INFO - Processing file /home/airflow/.local/lib/python3.8/site-packages/airflow/example_dags/example_datasets.py for tasks to queue
[2025-05-14T00:18:55.372+0000] {logging_mixin.py:188} INFO - [2025-05-14T00:18:55.372+0000] {dagbag.py:538} INFO - Filling up the DagBag from /home/airflow/.local/lib/python3.8/site-packages/airflow/example_dags/example_datasets.py
[2025-05-14T00:18:55.388+0000] {processor.py:840} INFO - DAG(s) 'dataset_produces_1', 'dataset_consumes_unknown_never_scheduled', 'dataset_consumes_1', 'dataset_produces_2', 'dataset_consumes_1_never_scheduled', 'dataset_consumes_1_and_2' retrieved from /home/airflow/.local/lib/python3.8/site-packages/airflow/example_dags/example_datasets.py
[2025-05-14T00:18:55.450+0000] {logging_mixin.py:188} INFO - [2025-05-14T00:18:55.450+0000] {dag.py:3036} INFO - Sync 6 DAGs
[2025-05-14T00:18:55.483+0000] {logging_mixin.py:188} INFO - [2025-05-14T00:18:55.483+0000] {dag.py:3823} INFO - Setting next_dagrun for dataset_consumes_1 to None, run_after=None
[2025-05-14T00:18:55.489+0000] {logging_mixin.py:188} INFO - [2025-05-14T00:18:55.489+0000] {dag.py:3823} INFO - Setting next_dagrun for dataset_consumes_1_and_2 to None, run_after=None
[2025-05-14T00:18:55.492+0000] {logging_mixin.py:188} INFO - [2025-05-14T00:18:55.492+0000] {dag.py:3823} INFO - Setting next_dagrun for dataset_consumes_1_never_scheduled to None, run_after=None
[2025-05-14T00:18:55.505+0000] {logging_mixin.py:188} INFO - [2025-05-14T00:18:55.504+0000] {dag.py:3823} INFO - Setting next_dagrun for dataset_consumes_unknown_never_scheduled to None, run_after=None
[2025-05-14T00:18:55.509+0000] {logging_mixin.py:188} INFO - [2025-05-14T00:18:55.508+0000] {dag.py:3823} INFO - Setting next_dagrun for dataset_produces_1 to 2025-05-13 00:00:00+00:00, run_after=2025-05-14 00:00:00+00:00
[2025-05-14T00:18:55.520+0000] {logging_mixin.py:188} INFO - [2025-05-14T00:18:55.520+0000] {dag.py:3823} INFO - Setting next_dagrun for dataset_produces_2 to None, run_after=None
[2025-05-14T00:18:55.588+0000] {processor.py:183} INFO - Processing /home/airflow/.local/lib/python3.8/site-packages/airflow/example_dags/example_datasets.py took 0.222 seconds
[2025-05-14T00:19:25.643+0000] {processor.py:161} INFO - Started process (PID=1263) to work on /home/airflow/.local/lib/python3.8/site-packages/airflow/example_dags/example_datasets.py
[2025-05-14T00:19:25.645+0000] {processor.py:830} INFO - Processing file /home/airflow/.local/lib/python3.8/site-packages/airflow/example_dags/example_datasets.py for tasks to queue
[2025-05-14T00:19:25.649+0000] {logging_mixin.py:188} INFO - [2025-05-14T00:19:25.648+0000] {dagbag.py:538} INFO - Filling up the DagBag from /home/airflow/.local/lib/python3.8/site-packages/airflow/example_dags/example_datasets.py
[2025-05-14T00:19:25.662+0000] {processor.py:840} INFO - DAG(s) 'dataset_consumes_1', 'dataset_produces_2', 'dataset_consumes_1_never_scheduled', 'dataset_produces_1', 'dataset_consumes_1_and_2', 'dataset_consumes_unknown_never_scheduled' retrieved from /home/airflow/.local/lib/python3.8/site-packages/airflow/example_dags/example_datasets.py
[2025-05-14T00:19:25.722+0000] {logging_mixin.py:188} INFO - [2025-05-14T00:19:25.722+0000] {dag.py:3036} INFO - Sync 6 DAGs
[2025-05-14T00:19:25.753+0000] {logging_mixin.py:188} INFO - [2025-05-14T00:19:25.752+0000] {dag.py:3823} INFO - Setting next_dagrun for dataset_consumes_1 to None, run_after=None
[2025-05-14T00:19:25.759+0000] {logging_mixin.py:188} INFO - [2025-05-14T00:19:25.758+0000] {dag.py:3823} INFO - Setting next_dagrun for dataset_consumes_1_and_2 to None, run_after=None
[2025-05-14T00:19:25.765+0000] {logging_mixin.py:188} INFO - [2025-05-14T00:19:25.764+0000] {dag.py:3823} INFO - Setting next_dagrun for dataset_consumes_1_never_scheduled to None, run_after=None
[2025-05-14T00:19:25.768+0000] {logging_mixin.py:188} INFO - [2025-05-14T00:19:25.767+0000] {dag.py:3823} INFO - Setting next_dagrun for dataset_consumes_unknown_never_scheduled to None, run_after=None
[2025-05-14T00:19:25.773+0000] {logging_mixin.py:188} INFO - [2025-05-14T00:19:25.773+0000] {dag.py:3823} INFO - Setting next_dagrun for dataset_produces_1 to 2025-05-13 00:00:00+00:00, run_after=2025-05-14 00:00:00+00:00
[2025-05-14T00:19:25.777+0000] {logging_mixin.py:188} INFO - [2025-05-14T00:19:25.777+0000] {dag.py:3823} INFO - Setting next_dagrun for dataset_produces_2 to None, run_after=None
[2025-05-14T00:19:25.827+0000] {processor.py:183} INFO - Processing /home/airflow/.local/lib/python3.8/site-packages/airflow/example_dags/example_datasets.py took 0.188 seconds
[2025-05-14T00:19:55.968+0000] {processor.py:161} INFO - Started process (PID=1320) to work on /home/airflow/.local/lib/python3.8/site-packages/airflow/example_dags/example_datasets.py
[2025-05-14T00:19:55.970+0000] {processor.py:830} INFO - Processing file /home/airflow/.local/lib/python3.8/site-packages/airflow/example_dags/example_datasets.py for tasks to queue
[2025-05-14T00:19:55.974+0000] {logging_mixin.py:188} INFO - [2025-05-14T00:19:55.973+0000] {dagbag.py:538} INFO - Filling up the DagBag from /home/airflow/.local/lib/python3.8/site-packages/airflow/example_dags/example_datasets.py
[2025-05-14T00:19:55.985+0000] {processor.py:840} INFO - DAG(s) 'dataset_produces_2', 'dataset_produces_1', 'dataset_consumes_1', 'dataset_consumes_1_never_scheduled', 'dataset_consumes_unknown_never_scheduled', 'dataset_consumes_1_and_2' retrieved from /home/airflow/.local/lib/python3.8/site-packages/airflow/example_dags/example_datasets.py
[2025-05-14T00:19:56.046+0000] {logging_mixin.py:188} INFO - [2025-05-14T00:19:56.046+0000] {dag.py:3036} INFO - Sync 6 DAGs
[2025-05-14T00:19:56.082+0000] {logging_mixin.py:188} INFO - [2025-05-14T00:19:56.081+0000] {dag.py:3823} INFO - Setting next_dagrun for dataset_consumes_1 to None, run_after=None
[2025-05-14T00:19:56.090+0000] {logging_mixin.py:188} INFO - [2025-05-14T00:19:56.089+0000] {dag.py:3823} INFO - Setting next_dagrun for dataset_consumes_1_and_2 to None, run_after=None
[2025-05-14T00:19:56.094+0000] {logging_mixin.py:188} INFO - [2025-05-14T00:19:56.093+0000] {dag.py:3823} INFO - Setting next_dagrun for dataset_consumes_1_never_scheduled to None, run_after=None
[2025-05-14T00:19:56.097+0000] {logging_mixin.py:188} INFO - [2025-05-14T00:19:56.097+0000] {dag.py:3823} INFO - Setting next_dagrun for dataset_consumes_unknown_never_scheduled to None, run_after=None
[2025-05-14T00:19:56.102+0000] {logging_mixin.py:188} INFO - [2025-05-14T00:19:56.102+0000] {dag.py:3823} INFO - Setting next_dagrun for dataset_produces_1 to 2025-05-13 00:00:00+00:00, run_after=2025-05-14 00:00:00+00:00
[2025-05-14T00:19:56.106+0000] {logging_mixin.py:188} INFO - [2025-05-14T00:19:56.105+0000] {dag.py:3823} INFO - Setting next_dagrun for dataset_produces_2 to None, run_after=None
[2025-05-14T00:19:56.204+0000] {processor.py:183} INFO - Processing /home/airflow/.local/lib/python3.8/site-packages/airflow/example_dags/example_datasets.py took 0.239 seconds
[2025-05-14T00:20:26.382+0000] {processor.py:161} INFO - Started process (PID=1377) to work on /home/airflow/.local/lib/python3.8/site-packages/airflow/example_dags/example_datasets.py
[2025-05-14T00:20:26.384+0000] {processor.py:830} INFO - Processing file /home/airflow/.local/lib/python3.8/site-packages/airflow/example_dags/example_datasets.py for tasks to queue
[2025-05-14T00:20:26.388+0000] {logging_mixin.py:188} INFO - [2025-05-14T00:20:26.387+0000] {dagbag.py:538} INFO - Filling up the DagBag from /home/airflow/.local/lib/python3.8/site-packages/airflow/example_dags/example_datasets.py
[2025-05-14T00:20:26.401+0000] {processor.py:840} INFO - DAG(s) 'dataset_produces_1', 'dataset_consumes_1_never_scheduled', 'dataset_produces_2', 'dataset_consumes_1_and_2', 'dataset_consumes_unknown_never_scheduled', 'dataset_consumes_1' retrieved from /home/airflow/.local/lib/python3.8/site-packages/airflow/example_dags/example_datasets.py
[2025-05-14T00:20:26.456+0000] {logging_mixin.py:188} INFO - [2025-05-14T00:20:26.456+0000] {dag.py:3036} INFO - Sync 6 DAGs
[2025-05-14T00:20:26.488+0000] {logging_mixin.py:188} INFO - [2025-05-14T00:20:26.488+0000] {dag.py:3823} INFO - Setting next_dagrun for dataset_consumes_1 to None, run_after=None
[2025-05-14T00:20:26.495+0000] {logging_mixin.py:188} INFO - [2025-05-14T00:20:26.494+0000] {dag.py:3823} INFO - Setting next_dagrun for dataset_consumes_1_and_2 to None, run_after=None
[2025-05-14T00:20:26.499+0000] {logging_mixin.py:188} INFO - [2025-05-14T00:20:26.498+0000] {dag.py:3823} INFO - Setting next_dagrun for dataset_consumes_1_never_scheduled to None, run_after=None
[2025-05-14T00:20:26.503+0000] {logging_mixin.py:188} INFO - [2025-05-14T00:20:26.502+0000] {dag.py:3823} INFO - Setting next_dagrun for dataset_consumes_unknown_never_scheduled to None, run_after=None
[2025-05-14T00:20:26.508+0000] {logging_mixin.py:188} INFO - [2025-05-14T00:20:26.508+0000] {dag.py:3823} INFO - Setting next_dagrun for dataset_produces_1 to 2025-05-13 00:00:00+00:00, run_after=2025-05-14 00:00:00+00:00
[2025-05-14T00:20:26.514+0000] {logging_mixin.py:188} INFO - [2025-05-14T00:20:26.514+0000] {dag.py:3823} INFO - Setting next_dagrun for dataset_produces_2 to None, run_after=None
[2025-05-14T00:20:26.643+0000] {processor.py:183} INFO - Processing /home/airflow/.local/lib/python3.8/site-packages/airflow/example_dags/example_datasets.py took 0.262 seconds
[2025-05-14T00:20:56.977+0000] {processor.py:161} INFO - Started process (PID=1434) to work on /home/airflow/.local/lib/python3.8/site-packages/airflow/example_dags/example_datasets.py
[2025-05-14T00:20:56.979+0000] {processor.py:830} INFO - Processing file /home/airflow/.local/lib/python3.8/site-packages/airflow/example_dags/example_datasets.py for tasks to queue
[2025-05-14T00:20:56.983+0000] {logging_mixin.py:188} INFO - [2025-05-14T00:20:56.982+0000] {dagbag.py:538} INFO - Filling up the DagBag from /home/airflow/.local/lib/python3.8/site-packages/airflow/example_dags/example_datasets.py
[2025-05-14T00:20:56.994+0000] {processor.py:840} INFO - DAG(s) 'dataset_consumes_unknown_never_scheduled', 'dataset_produces_1', 'dataset_consumes_1_and_2', 'dataset_consumes_1', 'dataset_produces_2', 'dataset_consumes_1_never_scheduled' retrieved from /home/airflow/.local/lib/python3.8/site-packages/airflow/example_dags/example_datasets.py
[2025-05-14T00:20:57.058+0000] {logging_mixin.py:188} INFO - [2025-05-14T00:20:57.057+0000] {dag.py:3036} INFO - Sync 6 DAGs
[2025-05-14T00:20:57.095+0000] {logging_mixin.py:188} INFO - [2025-05-14T00:20:57.094+0000] {dag.py:3823} INFO - Setting next_dagrun for dataset_consumes_1 to None, run_after=None
[2025-05-14T00:20:57.101+0000] {logging_mixin.py:188} INFO - [2025-05-14T00:20:57.100+0000] {dag.py:3823} INFO - Setting next_dagrun for dataset_consumes_1_and_2 to None, run_after=None
[2025-05-14T00:20:57.105+0000] {logging_mixin.py:188} INFO - [2025-05-14T00:20:57.104+0000] {dag.py:3823} INFO - Setting next_dagrun for dataset_consumes_1_never_scheduled to None, run_after=None
[2025-05-14T00:20:57.108+0000] {logging_mixin.py:188} INFO - [2025-05-14T00:20:57.107+0000] {dag.py:3823} INFO - Setting next_dagrun for dataset_consumes_unknown_never_scheduled to None, run_after=None
[2025-05-14T00:20:57.115+0000] {logging_mixin.py:188} INFO - [2025-05-14T00:20:57.115+0000] {dag.py:3823} INFO - Setting next_dagrun for dataset_produces_1 to 2025-05-13 00:00:00+00:00, run_after=2025-05-14 00:00:00+00:00
[2025-05-14T00:20:57.119+0000] {logging_mixin.py:188} INFO - [2025-05-14T00:20:57.119+0000] {dag.py:3823} INFO - Setting next_dagrun for dataset_produces_2 to None, run_after=None
[2025-05-14T00:20:57.181+0000] {processor.py:183} INFO - Processing /home/airflow/.local/lib/python3.8/site-packages/airflow/example_dags/example_datasets.py took 0.207 seconds
[2025-05-14T00:21:27.371+0000] {processor.py:161} INFO - Started process (PID=1490) to work on /home/airflow/.local/lib/python3.8/site-packages/airflow/example_dags/example_datasets.py
[2025-05-14T00:21:27.373+0000] {processor.py:830} INFO - Processing file /home/airflow/.local/lib/python3.8/site-packages/airflow/example_dags/example_datasets.py for tasks to queue
[2025-05-14T00:21:27.376+0000] {logging_mixin.py:188} INFO - [2025-05-14T00:21:27.375+0000] {dagbag.py:538} INFO - Filling up the DagBag from /home/airflow/.local/lib/python3.8/site-packages/airflow/example_dags/example_datasets.py
[2025-05-14T00:21:27.387+0000] {processor.py:840} INFO - DAG(s) 'dataset_consumes_unknown_never_scheduled', 'dataset_consumes_1_and_2', 'dataset_produces_1', 'dataset_consumes_1', 'dataset_consumes_1_never_scheduled', 'dataset_produces_2' retrieved from /home/airflow/.local/lib/python3.8/site-packages/airflow/example_dags/example_datasets.py
[2025-05-14T00:21:27.436+0000] {logging_mixin.py:188} INFO - [2025-05-14T00:21:27.436+0000] {dag.py:3036} INFO - Sync 6 DAGs
[2025-05-14T00:21:27.464+0000] {logging_mixin.py:188} INFO - [2025-05-14T00:21:27.464+0000] {dag.py:3823} INFO - Setting next_dagrun for dataset_consumes_1 to None, run_after=None
[2025-05-14T00:21:27.470+0000] {logging_mixin.py:188} INFO - [2025-05-14T00:21:27.469+0000] {dag.py:3823} INFO - Setting next_dagrun for dataset_consumes_1_and_2 to None, run_after=None
[2025-05-14T00:21:27.472+0000] {logging_mixin.py:188} INFO - [2025-05-14T00:21:27.472+0000] {dag.py:3823} INFO - Setting next_dagrun for dataset_consumes_1_never_scheduled to None, run_after=None
[2025-05-14T00:21:27.477+0000] {logging_mixin.py:188} INFO - [2025-05-14T00:21:27.477+0000] {dag.py:3823} INFO - Setting next_dagrun for dataset_consumes_unknown_never_scheduled to None, run_after=None
[2025-05-14T00:21:27.482+0000] {logging_mixin.py:188} INFO - [2025-05-14T00:21:27.481+0000] {dag.py:3823} INFO - Setting next_dagrun for dataset_produces_1 to 2025-05-13 00:00:00+00:00, run_after=2025-05-14 00:00:00+00:00
[2025-05-14T00:21:27.485+0000] {logging_mixin.py:188} INFO - [2025-05-14T00:21:27.484+0000] {dag.py:3823} INFO - Setting next_dagrun for dataset_produces_2 to None, run_after=None
[2025-05-14T00:21:27.542+0000] {processor.py:183} INFO - Processing /home/airflow/.local/lib/python3.8/site-packages/airflow/example_dags/example_datasets.py took 0.174 seconds
[2025-05-14T00:21:57.713+0000] {processor.py:161} INFO - Started process (PID=1543) to work on /home/airflow/.local/lib/python3.8/site-packages/airflow/example_dags/example_datasets.py
[2025-05-14T00:21:57.715+0000] {processor.py:830} INFO - Processing file /home/airflow/.local/lib/python3.8/site-packages/airflow/example_dags/example_datasets.py for tasks to queue
[2025-05-14T00:21:57.717+0000] {logging_mixin.py:188} INFO - [2025-05-14T00:21:57.717+0000] {dagbag.py:538} INFO - Filling up the DagBag from /home/airflow/.local/lib/python3.8/site-packages/airflow/example_dags/example_datasets.py
[2025-05-14T00:21:57.733+0000] {processor.py:840} INFO - DAG(s) 'dataset_consumes_1_never_scheduled', 'dataset_consumes_1_and_2', 'dataset_produces_2', 'dataset_consumes_1', 'dataset_consumes_unknown_never_scheduled', 'dataset_produces_1' retrieved from /home/airflow/.local/lib/python3.8/site-packages/airflow/example_dags/example_datasets.py
[2025-05-14T00:21:57.811+0000] {logging_mixin.py:188} INFO - [2025-05-14T00:21:57.811+0000] {dag.py:3036} INFO - Sync 6 DAGs
[2025-05-14T00:21:57.857+0000] {logging_mixin.py:188} INFO - [2025-05-14T00:21:57.856+0000] {dag.py:3823} INFO - Setting next_dagrun for dataset_consumes_1 to None, run_after=None
[2025-05-14T00:21:57.864+0000] {logging_mixin.py:188} INFO - [2025-05-14T00:21:57.863+0000] {dag.py:3823} INFO - Setting next_dagrun for dataset_consumes_1_and_2 to None, run_after=None
[2025-05-14T00:21:57.866+0000] {logging_mixin.py:188} INFO - [2025-05-14T00:21:57.866+0000] {dag.py:3823} INFO - Setting next_dagrun for dataset_consumes_1_never_scheduled to None, run_after=None
[2025-05-14T00:21:57.869+0000] {logging_mixin.py:188} INFO - [2025-05-14T00:21:57.868+0000] {dag.py:3823} INFO - Setting next_dagrun for dataset_consumes_unknown_never_scheduled to None, run_after=None
[2025-05-14T00:21:57.872+0000] {logging_mixin.py:188} INFO - [2025-05-14T00:21:57.872+0000] {dag.py:3823} INFO - Setting next_dagrun for dataset_produces_1 to 2025-05-13 00:00:00+00:00, run_after=2025-05-14 00:00:00+00:00
[2025-05-14T00:21:57.875+0000] {logging_mixin.py:188} INFO - [2025-05-14T00:21:57.875+0000] {dag.py:3823} INFO - Setting next_dagrun for dataset_produces_2 to None, run_after=None
[2025-05-14T00:21:57.931+0000] {processor.py:183} INFO - Processing /home/airflow/.local/lib/python3.8/site-packages/airflow/example_dags/example_datasets.py took 0.220 seconds
[2025-05-14T00:22:28.189+0000] {processor.py:161} INFO - Started process (PID=1598) to work on /home/airflow/.local/lib/python3.8/site-packages/airflow/example_dags/example_datasets.py
[2025-05-14T00:22:28.190+0000] {processor.py:830} INFO - Processing file /home/airflow/.local/lib/python3.8/site-packages/airflow/example_dags/example_datasets.py for tasks to queue
[2025-05-14T00:22:28.192+0000] {logging_mixin.py:188} INFO - [2025-05-14T00:22:28.191+0000] {dagbag.py:538} INFO - Filling up the DagBag from /home/airflow/.local/lib/python3.8/site-packages/airflow/example_dags/example_datasets.py
[2025-05-14T00:22:28.201+0000] {processor.py:840} INFO - DAG(s) 'dataset_produces_2', 'dataset_produces_1', 'dataset_consumes_unknown_never_scheduled', 'dataset_consumes_1_never_scheduled', 'dataset_consumes_1', 'dataset_consumes_1_and_2' retrieved from /home/airflow/.local/lib/python3.8/site-packages/airflow/example_dags/example_datasets.py
[2025-05-14T00:22:28.250+0000] {logging_mixin.py:188} INFO - [2025-05-14T00:22:28.250+0000] {dag.py:3036} INFO - Sync 6 DAGs
[2025-05-14T00:22:28.285+0000] {logging_mixin.py:188} INFO - [2025-05-14T00:22:28.284+0000] {dag.py:3823} INFO - Setting next_dagrun for dataset_consumes_1 to None, run_after=None
[2025-05-14T00:22:28.290+0000] {logging_mixin.py:188} INFO - [2025-05-14T00:22:28.289+0000] {dag.py:3823} INFO - Setting next_dagrun for dataset_consumes_1_and_2 to None, run_after=None
[2025-05-14T00:22:28.294+0000] {logging_mixin.py:188} INFO - [2025-05-14T00:22:28.293+0000] {dag.py:3823} INFO - Setting next_dagrun for dataset_consumes_1_never_scheduled to None, run_after=None
[2025-05-14T00:22:28.299+0000] {logging_mixin.py:188} INFO - [2025-05-14T00:22:28.299+0000] {dag.py:3823} INFO - Setting next_dagrun for dataset_consumes_unknown_never_scheduled to None, run_after=None
[2025-05-14T00:22:28.305+0000] {logging_mixin.py:188} INFO - [2025-05-14T00:22:28.305+0000] {dag.py:3823} INFO - Setting next_dagrun for dataset_produces_1 to 2025-05-13 00:00:00+00:00, run_after=2025-05-14 00:00:00+00:00
[2025-05-14T00:22:28.308+0000] {logging_mixin.py:188} INFO - [2025-05-14T00:22:28.308+0000] {dag.py:3823} INFO - Setting next_dagrun for dataset_produces_2 to None, run_after=None
[2025-05-14T00:22:28.370+0000] {processor.py:183} INFO - Processing /home/airflow/.local/lib/python3.8/site-packages/airflow/example_dags/example_datasets.py took 0.184 seconds
[2025-05-14T00:22:58.462+0000] {processor.py:161} INFO - Started process (PID=1654) to work on /home/airflow/.local/lib/python3.8/site-packages/airflow/example_dags/example_datasets.py
[2025-05-14T00:22:58.464+0000] {processor.py:830} INFO - Processing file /home/airflow/.local/lib/python3.8/site-packages/airflow/example_dags/example_datasets.py for tasks to queue
[2025-05-14T00:22:58.467+0000] {logging_mixin.py:188} INFO - [2025-05-14T00:22:58.466+0000] {dagbag.py:538} INFO - Filling up the DagBag from /home/airflow/.local/lib/python3.8/site-packages/airflow/example_dags/example_datasets.py
[2025-05-14T00:22:58.479+0000] {processor.py:840} INFO - DAG(s) 'dataset_produces_2', 'dataset_consumes_1', 'dataset_consumes_1_never_scheduled', 'dataset_produces_1', 'dataset_consumes_1_and_2', 'dataset_consumes_unknown_never_scheduled' retrieved from /home/airflow/.local/lib/python3.8/site-packages/airflow/example_dags/example_datasets.py
[2025-05-14T00:22:58.561+0000] {logging_mixin.py:188} INFO - [2025-05-14T00:22:58.561+0000] {dag.py:3036} INFO - Sync 6 DAGs
[2025-05-14T00:22:58.612+0000] {logging_mixin.py:188} INFO - [2025-05-14T00:22:58.612+0000] {dag.py:3823} INFO - Setting next_dagrun for dataset_consumes_1 to None, run_after=None
[2025-05-14T00:22:58.626+0000] {logging_mixin.py:188} INFO - [2025-05-14T00:22:58.626+0000] {dag.py:3823} INFO - Setting next_dagrun for dataset_consumes_1_and_2 to None, run_after=None
[2025-05-14T00:22:58.630+0000] {logging_mixin.py:188} INFO - [2025-05-14T00:22:58.629+0000] {dag.py:3823} INFO - Setting next_dagrun for dataset_consumes_1_never_scheduled to None, run_after=None
[2025-05-14T00:22:58.634+0000] {logging_mixin.py:188} INFO - [2025-05-14T00:22:58.633+0000] {dag.py:3823} INFO - Setting next_dagrun for dataset_consumes_unknown_never_scheduled to None, run_after=None
[2025-05-14T00:22:58.644+0000] {logging_mixin.py:188} INFO - [2025-05-14T00:22:58.644+0000] {dag.py:3823} INFO - Setting next_dagrun for dataset_produces_1 to 2025-05-13 00:00:00+00:00, run_after=2025-05-14 00:00:00+00:00
[2025-05-14T00:22:58.647+0000] {logging_mixin.py:188} INFO - [2025-05-14T00:22:58.647+0000] {dag.py:3823} INFO - Setting next_dagrun for dataset_produces_2 to None, run_after=None
[2025-05-14T00:22:58.720+0000] {processor.py:183} INFO - Processing /home/airflow/.local/lib/python3.8/site-packages/airflow/example_dags/example_datasets.py took 0.261 seconds
[2025-05-14T00:23:29.609+0000] {processor.py:161} INFO - Started process (PID=1710) to work on /home/airflow/.local/lib/python3.8/site-packages/airflow/example_dags/example_datasets.py
[2025-05-14T00:23:29.611+0000] {processor.py:830} INFO - Processing file /home/airflow/.local/lib/python3.8/site-packages/airflow/example_dags/example_datasets.py for tasks to queue
[2025-05-14T00:23:29.613+0000] {logging_mixin.py:188} INFO - [2025-05-14T00:23:29.613+0000] {dagbag.py:538} INFO - Filling up the DagBag from /home/airflow/.local/lib/python3.8/site-packages/airflow/example_dags/example_datasets.py
[2025-05-14T00:23:29.621+0000] {processor.py:840} INFO - DAG(s) 'dataset_consumes_unknown_never_scheduled', 'dataset_produces_2', 'dataset_consumes_1_never_scheduled', 'dataset_consumes_1', 'dataset_consumes_1_and_2', 'dataset_produces_1' retrieved from /home/airflow/.local/lib/python3.8/site-packages/airflow/example_dags/example_datasets.py
[2025-05-14T00:23:29.665+0000] {logging_mixin.py:188} INFO - [2025-05-14T00:23:29.665+0000] {dag.py:3036} INFO - Sync 6 DAGs
[2025-05-14T00:23:29.688+0000] {logging_mixin.py:188} INFO - [2025-05-14T00:23:29.688+0000] {dag.py:3823} INFO - Setting next_dagrun for dataset_consumes_1 to None, run_after=None
[2025-05-14T00:23:29.692+0000] {logging_mixin.py:188} INFO - [2025-05-14T00:23:29.692+0000] {dag.py:3823} INFO - Setting next_dagrun for dataset_consumes_1_and_2 to None, run_after=None
[2025-05-14T00:23:29.695+0000] {logging_mixin.py:188} INFO - [2025-05-14T00:23:29.694+0000] {dag.py:3823} INFO - Setting next_dagrun for dataset_consumes_1_never_scheduled to None, run_after=None
[2025-05-14T00:23:29.697+0000] {logging_mixin.py:188} INFO - [2025-05-14T00:23:29.696+0000] {dag.py:3823} INFO - Setting next_dagrun for dataset_consumes_unknown_never_scheduled to None, run_after=None
[2025-05-14T00:23:29.700+0000] {logging_mixin.py:188} INFO - [2025-05-14T00:23:29.700+0000] {dag.py:3823} INFO - Setting next_dagrun for dataset_produces_1 to 2025-05-13 00:00:00+00:00, run_after=2025-05-14 00:00:00+00:00
[2025-05-14T00:23:29.703+0000] {logging_mixin.py:188} INFO - [2025-05-14T00:23:29.703+0000] {dag.py:3823} INFO - Setting next_dagrun for dataset_produces_2 to None, run_after=None
[2025-05-14T00:23:29.746+0000] {processor.py:183} INFO - Processing /home/airflow/.local/lib/python3.8/site-packages/airflow/example_dags/example_datasets.py took 0.140 seconds
