[2025-05-14T00:08:19.660+0000] {processor.py:161} INFO - Started process (PID=67) to work on /home/airflow/.local/lib/python3.8/site-packages/airflow/example_dags/example_python_operator.py
[2025-05-14T00:08:19.696+0000] {processor.py:830} INFO - Processing file /home/airflow/.local/lib/python3.8/site-packages/airflow/example_dags/example_python_operator.py for tasks to queue
[2025-05-14T00:08:19.795+0000] {logging_mixin.py:188} INFO - [2025-05-14T00:08:19.795+0000] {dagbag.py:538} INFO - Filling up the DagBag from /home/airflow/.local/lib/python3.8/site-packages/airflow/example_dags/example_python_operator.py
[2025-05-14T00:08:19.966+0000] {processor.py:840} INFO - DAG(s) 'example_python_operator' retrieved from /home/airflow/.local/lib/python3.8/site-packages/airflow/example_dags/example_python_operator.py
[2025-05-14T00:08:21.555+0000] {logging_mixin.py:188} INFO - [2025-05-14T00:08:21.555+0000] {dag.py:3036} INFO - Sync 1 DAGs
[2025-05-14T00:08:21.659+0000] {logging_mixin.py:188} INFO - [2025-05-14T00:08:21.659+0000] {dag.py:3823} INFO - Setting next_dagrun for example_python_operator to None, run_after=None
[2025-05-14T00:08:21.828+0000] {processor.py:183} INFO - Processing /home/airflow/.local/lib/python3.8/site-packages/airflow/example_dags/example_python_operator.py took 2.256 seconds
[2025-05-14T00:08:53.892+0000] {processor.py:161} INFO - Started process (PID=123) to work on /home/airflow/.local/lib/python3.8/site-packages/airflow/example_dags/example_python_operator.py
[2025-05-14T00:08:53.897+0000] {processor.py:830} INFO - Processing file /home/airflow/.local/lib/python3.8/site-packages/airflow/example_dags/example_python_operator.py for tasks to queue
[2025-05-14T00:08:53.901+0000] {logging_mixin.py:188} INFO - [2025-05-14T00:08:53.900+0000] {dagbag.py:538} INFO - Filling up the DagBag from /home/airflow/.local/lib/python3.8/site-packages/airflow/example_dags/example_python_operator.py
[2025-05-14T00:08:53.922+0000] {processor.py:840} INFO - DAG(s) 'example_python_operator' retrieved from /home/airflow/.local/lib/python3.8/site-packages/airflow/example_dags/example_python_operator.py
[2025-05-14T00:08:53.980+0000] {logging_mixin.py:188} INFO - [2025-05-14T00:08:53.980+0000] {dag.py:3036} INFO - Sync 1 DAGs
[2025-05-14T00:08:54.013+0000] {logging_mixin.py:188} INFO - [2025-05-14T00:08:54.010+0000] {dag.py:3823} INFO - Setting next_dagrun for example_python_operator to None, run_after=None
[2025-05-14T00:08:54.057+0000] {processor.py:183} INFO - Processing /home/airflow/.local/lib/python3.8/site-packages/airflow/example_dags/example_python_operator.py took 0.178 seconds
[2025-05-14T00:09:24.878+0000] {processor.py:161} INFO - Started process (PID=177) to work on /home/airflow/.local/lib/python3.8/site-packages/airflow/example_dags/example_python_operator.py
[2025-05-14T00:09:24.882+0000] {processor.py:830} INFO - Processing file /home/airflow/.local/lib/python3.8/site-packages/airflow/example_dags/example_python_operator.py for tasks to queue
[2025-05-14T00:09:24.884+0000] {logging_mixin.py:188} INFO - [2025-05-14T00:09:24.883+0000] {dagbag.py:538} INFO - Filling up the DagBag from /home/airflow/.local/lib/python3.8/site-packages/airflow/example_dags/example_python_operator.py
[2025-05-14T00:09:24.893+0000] {processor.py:840} INFO - DAG(s) 'example_python_operator' retrieved from /home/airflow/.local/lib/python3.8/site-packages/airflow/example_dags/example_python_operator.py
[2025-05-14T00:09:24.919+0000] {logging_mixin.py:188} INFO - [2025-05-14T00:09:24.919+0000] {dag.py:3036} INFO - Sync 1 DAGs
[2025-05-14T00:09:24.933+0000] {logging_mixin.py:188} INFO - [2025-05-14T00:09:24.933+0000] {dag.py:3823} INFO - Setting next_dagrun for example_python_operator to None, run_after=None
[2025-05-14T00:09:24.956+0000] {processor.py:183} INFO - Processing /home/airflow/.local/lib/python3.8/site-packages/airflow/example_dags/example_python_operator.py took 0.081 seconds
[2025-05-14T00:09:55.626+0000] {processor.py:161} INFO - Started process (PID=233) to work on /home/airflow/.local/lib/python3.8/site-packages/airflow/example_dags/example_python_operator.py
[2025-05-14T00:09:55.630+0000] {processor.py:830} INFO - Processing file /home/airflow/.local/lib/python3.8/site-packages/airflow/example_dags/example_python_operator.py for tasks to queue
[2025-05-14T00:09:55.640+0000] {logging_mixin.py:188} INFO - [2025-05-14T00:09:55.639+0000] {dagbag.py:538} INFO - Filling up the DagBag from /home/airflow/.local/lib/python3.8/site-packages/airflow/example_dags/example_python_operator.py
[2025-05-14T00:09:55.658+0000] {processor.py:840} INFO - DAG(s) 'example_python_operator' retrieved from /home/airflow/.local/lib/python3.8/site-packages/airflow/example_dags/example_python_operator.py
[2025-05-14T00:09:55.686+0000] {logging_mixin.py:188} INFO - [2025-05-14T00:09:55.686+0000] {dag.py:3036} INFO - Sync 1 DAGs
[2025-05-14T00:09:55.713+0000] {logging_mixin.py:188} INFO - [2025-05-14T00:09:55.712+0000] {dag.py:3823} INFO - Setting next_dagrun for example_python_operator to None, run_after=None
[2025-05-14T00:09:55.769+0000] {processor.py:183} INFO - Processing /home/airflow/.local/lib/python3.8/site-packages/airflow/example_dags/example_python_operator.py took 0.147 seconds
[2025-05-14T00:10:25.872+0000] {processor.py:161} INFO - Started process (PID=289) to work on /home/airflow/.local/lib/python3.8/site-packages/airflow/example_dags/example_python_operator.py
[2025-05-14T00:10:25.873+0000] {processor.py:830} INFO - Processing file /home/airflow/.local/lib/python3.8/site-packages/airflow/example_dags/example_python_operator.py for tasks to queue
[2025-05-14T00:10:25.876+0000] {logging_mixin.py:188} INFO - [2025-05-14T00:10:25.875+0000] {dagbag.py:538} INFO - Filling up the DagBag from /home/airflow/.local/lib/python3.8/site-packages/airflow/example_dags/example_python_operator.py
[2025-05-14T00:10:25.886+0000] {processor.py:840} INFO - DAG(s) 'example_python_operator' retrieved from /home/airflow/.local/lib/python3.8/site-packages/airflow/example_dags/example_python_operator.py
[2025-05-14T00:10:25.910+0000] {logging_mixin.py:188} INFO - [2025-05-14T00:10:25.909+0000] {dag.py:3036} INFO - Sync 1 DAGs
[2025-05-14T00:10:25.923+0000] {logging_mixin.py:188} INFO - [2025-05-14T00:10:25.923+0000] {dag.py:3823} INFO - Setting next_dagrun for example_python_operator to None, run_after=None
[2025-05-14T00:10:25.946+0000] {processor.py:183} INFO - Processing /home/airflow/.local/lib/python3.8/site-packages/airflow/example_dags/example_python_operator.py took 0.076 seconds
[2025-05-14T00:10:56.097+0000] {processor.py:161} INFO - Started process (PID=345) to work on /home/airflow/.local/lib/python3.8/site-packages/airflow/example_dags/example_python_operator.py
[2025-05-14T00:10:56.100+0000] {processor.py:830} INFO - Processing file /home/airflow/.local/lib/python3.8/site-packages/airflow/example_dags/example_python_operator.py for tasks to queue
[2025-05-14T00:10:56.103+0000] {logging_mixin.py:188} INFO - [2025-05-14T00:10:56.103+0000] {dagbag.py:538} INFO - Filling up the DagBag from /home/airflow/.local/lib/python3.8/site-packages/airflow/example_dags/example_python_operator.py
[2025-05-14T00:10:56.119+0000] {processor.py:840} INFO - DAG(s) 'example_python_operator' retrieved from /home/airflow/.local/lib/python3.8/site-packages/airflow/example_dags/example_python_operator.py
[2025-05-14T00:10:56.152+0000] {logging_mixin.py:188} INFO - [2025-05-14T00:10:56.151+0000] {dag.py:3036} INFO - Sync 1 DAGs
[2025-05-14T00:10:56.167+0000] {logging_mixin.py:188} INFO - [2025-05-14T00:10:56.167+0000] {dag.py:3823} INFO - Setting next_dagrun for example_python_operator to None, run_after=None
[2025-05-14T00:10:56.200+0000] {processor.py:183} INFO - Processing /home/airflow/.local/lib/python3.8/site-packages/airflow/example_dags/example_python_operator.py took 0.106 seconds
[2025-05-14T00:11:26.553+0000] {processor.py:161} INFO - Started process (PID=401) to work on /home/airflow/.local/lib/python3.8/site-packages/airflow/example_dags/example_python_operator.py
[2025-05-14T00:11:26.554+0000] {processor.py:830} INFO - Processing file /home/airflow/.local/lib/python3.8/site-packages/airflow/example_dags/example_python_operator.py for tasks to queue
[2025-05-14T00:11:26.557+0000] {logging_mixin.py:188} INFO - [2025-05-14T00:11:26.557+0000] {dagbag.py:538} INFO - Filling up the DagBag from /home/airflow/.local/lib/python3.8/site-packages/airflow/example_dags/example_python_operator.py
[2025-05-14T00:11:26.578+0000] {processor.py:840} INFO - DAG(s) 'example_python_operator' retrieved from /home/airflow/.local/lib/python3.8/site-packages/airflow/example_dags/example_python_operator.py
[2025-05-14T00:11:26.642+0000] {logging_mixin.py:188} INFO - [2025-05-14T00:11:26.642+0000] {dag.py:3036} INFO - Sync 1 DAGs
[2025-05-14T00:11:26.659+0000] {logging_mixin.py:188} INFO - [2025-05-14T00:11:26.659+0000] {dag.py:3823} INFO - Setting next_dagrun for example_python_operator to None, run_after=None
[2025-05-14T00:11:26.695+0000] {processor.py:183} INFO - Processing /home/airflow/.local/lib/python3.8/site-packages/airflow/example_dags/example_python_operator.py took 0.147 seconds
[2025-05-14T00:11:57.526+0000] {processor.py:161} INFO - Started process (PID=457) to work on /home/airflow/.local/lib/python3.8/site-packages/airflow/example_dags/example_python_operator.py
[2025-05-14T00:11:57.528+0000] {processor.py:830} INFO - Processing file /home/airflow/.local/lib/python3.8/site-packages/airflow/example_dags/example_python_operator.py for tasks to queue
[2025-05-14T00:11:57.531+0000] {logging_mixin.py:188} INFO - [2025-05-14T00:11:57.531+0000] {dagbag.py:538} INFO - Filling up the DagBag from /home/airflow/.local/lib/python3.8/site-packages/airflow/example_dags/example_python_operator.py
[2025-05-14T00:11:57.546+0000] {processor.py:840} INFO - DAG(s) 'example_python_operator' retrieved from /home/airflow/.local/lib/python3.8/site-packages/airflow/example_dags/example_python_operator.py
[2025-05-14T00:11:57.586+0000] {logging_mixin.py:188} INFO - [2025-05-14T00:11:57.586+0000] {dag.py:3036} INFO - Sync 1 DAGs
[2025-05-14T00:11:57.603+0000] {logging_mixin.py:188} INFO - [2025-05-14T00:11:57.602+0000] {dag.py:3823} INFO - Setting next_dagrun for example_python_operator to None, run_after=None
[2025-05-14T00:11:57.632+0000] {processor.py:183} INFO - Processing /home/airflow/.local/lib/python3.8/site-packages/airflow/example_dags/example_python_operator.py took 0.110 seconds
[2025-05-14T00:12:27.732+0000] {processor.py:161} INFO - Started process (PID=513) to work on /home/airflow/.local/lib/python3.8/site-packages/airflow/example_dags/example_python_operator.py
[2025-05-14T00:12:27.735+0000] {processor.py:830} INFO - Processing file /home/airflow/.local/lib/python3.8/site-packages/airflow/example_dags/example_python_operator.py for tasks to queue
[2025-05-14T00:12:27.738+0000] {logging_mixin.py:188} INFO - [2025-05-14T00:12:27.737+0000] {dagbag.py:538} INFO - Filling up the DagBag from /home/airflow/.local/lib/python3.8/site-packages/airflow/example_dags/example_python_operator.py
[2025-05-14T00:12:27.753+0000] {processor.py:840} INFO - DAG(s) 'example_python_operator' retrieved from /home/airflow/.local/lib/python3.8/site-packages/airflow/example_dags/example_python_operator.py
[2025-05-14T00:12:27.787+0000] {logging_mixin.py:188} INFO - [2025-05-14T00:12:27.787+0000] {dag.py:3036} INFO - Sync 1 DAGs
[2025-05-14T00:12:27.802+0000] {logging_mixin.py:188} INFO - [2025-05-14T00:12:27.802+0000] {dag.py:3823} INFO - Setting next_dagrun for example_python_operator to None, run_after=None
[2025-05-14T00:12:27.833+0000] {processor.py:183} INFO - Processing /home/airflow/.local/lib/python3.8/site-packages/airflow/example_dags/example_python_operator.py took 0.105 seconds
[2025-05-14T00:12:58.469+0000] {processor.py:161} INFO - Started process (PID=569) to work on /home/airflow/.local/lib/python3.8/site-packages/airflow/example_dags/example_python_operator.py
[2025-05-14T00:12:58.472+0000] {processor.py:830} INFO - Processing file /home/airflow/.local/lib/python3.8/site-packages/airflow/example_dags/example_python_operator.py for tasks to queue
[2025-05-14T00:12:58.475+0000] {logging_mixin.py:188} INFO - [2025-05-14T00:12:58.474+0000] {dagbag.py:538} INFO - Filling up the DagBag from /home/airflow/.local/lib/python3.8/site-packages/airflow/example_dags/example_python_operator.py
[2025-05-14T00:12:58.489+0000] {processor.py:840} INFO - DAG(s) 'example_python_operator' retrieved from /home/airflow/.local/lib/python3.8/site-packages/airflow/example_dags/example_python_operator.py
[2025-05-14T00:12:58.521+0000] {logging_mixin.py:188} INFO - [2025-05-14T00:12:58.521+0000] {dag.py:3036} INFO - Sync 1 DAGs
[2025-05-14T00:12:58.539+0000] {logging_mixin.py:188} INFO - [2025-05-14T00:12:58.539+0000] {dag.py:3823} INFO - Setting next_dagrun for example_python_operator to None, run_after=None
[2025-05-14T00:12:58.594+0000] {processor.py:183} INFO - Processing /home/airflow/.local/lib/python3.8/site-packages/airflow/example_dags/example_python_operator.py took 0.128 seconds
[2025-05-14T00:13:29.051+0000] {processor.py:161} INFO - Started process (PID=625) to work on /home/airflow/.local/lib/python3.8/site-packages/airflow/example_dags/example_python_operator.py
[2025-05-14T00:13:29.053+0000] {processor.py:830} INFO - Processing file /home/airflow/.local/lib/python3.8/site-packages/airflow/example_dags/example_python_operator.py for tasks to queue
[2025-05-14T00:13:29.056+0000] {logging_mixin.py:188} INFO - [2025-05-14T00:13:29.055+0000] {dagbag.py:538} INFO - Filling up the DagBag from /home/airflow/.local/lib/python3.8/site-packages/airflow/example_dags/example_python_operator.py
[2025-05-14T00:13:29.069+0000] {processor.py:840} INFO - DAG(s) 'example_python_operator' retrieved from /home/airflow/.local/lib/python3.8/site-packages/airflow/example_dags/example_python_operator.py
[2025-05-14T00:13:29.095+0000] {logging_mixin.py:188} INFO - [2025-05-14T00:13:29.095+0000] {dag.py:3036} INFO - Sync 1 DAGs
[2025-05-14T00:13:29.124+0000] {logging_mixin.py:188} INFO - [2025-05-14T00:13:29.123+0000] {dag.py:3823} INFO - Setting next_dagrun for example_python_operator to None, run_after=None
[2025-05-14T00:13:29.154+0000] {processor.py:183} INFO - Processing /home/airflow/.local/lib/python3.8/site-packages/airflow/example_dags/example_python_operator.py took 0.106 seconds
[2025-05-14T00:13:59.555+0000] {processor.py:161} INFO - Started process (PID=681) to work on /home/airflow/.local/lib/python3.8/site-packages/airflow/example_dags/example_python_operator.py
[2025-05-14T00:13:59.557+0000] {processor.py:830} INFO - Processing file /home/airflow/.local/lib/python3.8/site-packages/airflow/example_dags/example_python_operator.py for tasks to queue
[2025-05-14T00:13:59.559+0000] {logging_mixin.py:188} INFO - [2025-05-14T00:13:59.559+0000] {dagbag.py:538} INFO - Filling up the DagBag from /home/airflow/.local/lib/python3.8/site-packages/airflow/example_dags/example_python_operator.py
[2025-05-14T00:13:59.573+0000] {processor.py:840} INFO - DAG(s) 'example_python_operator' retrieved from /home/airflow/.local/lib/python3.8/site-packages/airflow/example_dags/example_python_operator.py
[2025-05-14T00:13:59.601+0000] {logging_mixin.py:188} INFO - [2025-05-14T00:13:59.600+0000] {dag.py:3036} INFO - Sync 1 DAGs
[2025-05-14T00:13:59.614+0000] {logging_mixin.py:188} INFO - [2025-05-14T00:13:59.614+0000] {dag.py:3823} INFO - Setting next_dagrun for example_python_operator to None, run_after=None
[2025-05-14T00:13:59.667+0000] {processor.py:183} INFO - Processing /home/airflow/.local/lib/python3.8/site-packages/airflow/example_dags/example_python_operator.py took 0.115 seconds
[2025-05-14T00:14:30.600+0000] {processor.py:161} INFO - Started process (PID=737) to work on /home/airflow/.local/lib/python3.8/site-packages/airflow/example_dags/example_python_operator.py
[2025-05-14T00:14:30.601+0000] {processor.py:830} INFO - Processing file /home/airflow/.local/lib/python3.8/site-packages/airflow/example_dags/example_python_operator.py for tasks to queue
[2025-05-14T00:14:30.604+0000] {logging_mixin.py:188} INFO - [2025-05-14T00:14:30.603+0000] {dagbag.py:538} INFO - Filling up the DagBag from /home/airflow/.local/lib/python3.8/site-packages/airflow/example_dags/example_python_operator.py
[2025-05-14T00:14:30.616+0000] {processor.py:840} INFO - DAG(s) 'example_python_operator' retrieved from /home/airflow/.local/lib/python3.8/site-packages/airflow/example_dags/example_python_operator.py
[2025-05-14T00:14:30.642+0000] {logging_mixin.py:188} INFO - [2025-05-14T00:14:30.642+0000] {dag.py:3036} INFO - Sync 1 DAGs
[2025-05-14T00:14:30.658+0000] {logging_mixin.py:188} INFO - [2025-05-14T00:14:30.658+0000] {dag.py:3823} INFO - Setting next_dagrun for example_python_operator to None, run_after=None
[2025-05-14T00:14:30.688+0000] {processor.py:183} INFO - Processing /home/airflow/.local/lib/python3.8/site-packages/airflow/example_dags/example_python_operator.py took 0.092 seconds
[2025-05-14T00:15:01.151+0000] {processor.py:161} INFO - Started process (PID=793) to work on /home/airflow/.local/lib/python3.8/site-packages/airflow/example_dags/example_python_operator.py
[2025-05-14T00:15:01.152+0000] {processor.py:830} INFO - Processing file /home/airflow/.local/lib/python3.8/site-packages/airflow/example_dags/example_python_operator.py for tasks to queue
[2025-05-14T00:15:01.154+0000] {logging_mixin.py:188} INFO - [2025-05-14T00:15:01.154+0000] {dagbag.py:538} INFO - Filling up the DagBag from /home/airflow/.local/lib/python3.8/site-packages/airflow/example_dags/example_python_operator.py
[2025-05-14T00:15:01.164+0000] {processor.py:840} INFO - DAG(s) 'example_python_operator' retrieved from /home/airflow/.local/lib/python3.8/site-packages/airflow/example_dags/example_python_operator.py
[2025-05-14T00:15:01.201+0000] {logging_mixin.py:188} INFO - [2025-05-14T00:15:01.200+0000] {dag.py:3036} INFO - Sync 1 DAGs
[2025-05-14T00:15:01.221+0000] {logging_mixin.py:188} INFO - [2025-05-14T00:15:01.221+0000] {dag.py:3823} INFO - Setting next_dagrun for example_python_operator to None, run_after=None
[2025-05-14T00:15:01.254+0000] {processor.py:183} INFO - Processing /home/airflow/.local/lib/python3.8/site-packages/airflow/example_dags/example_python_operator.py took 0.106 seconds
[2025-05-14T00:15:31.780+0000] {processor.py:161} INFO - Started process (PID=849) to work on /home/airflow/.local/lib/python3.8/site-packages/airflow/example_dags/example_python_operator.py
[2025-05-14T00:15:31.782+0000] {processor.py:830} INFO - Processing file /home/airflow/.local/lib/python3.8/site-packages/airflow/example_dags/example_python_operator.py for tasks to queue
[2025-05-14T00:15:31.786+0000] {logging_mixin.py:188} INFO - [2025-05-14T00:15:31.786+0000] {dagbag.py:538} INFO - Filling up the DagBag from /home/airflow/.local/lib/python3.8/site-packages/airflow/example_dags/example_python_operator.py
[2025-05-14T00:15:31.801+0000] {processor.py:840} INFO - DAG(s) 'example_python_operator' retrieved from /home/airflow/.local/lib/python3.8/site-packages/airflow/example_dags/example_python_operator.py
[2025-05-14T00:15:31.836+0000] {logging_mixin.py:188} INFO - [2025-05-14T00:15:31.836+0000] {dag.py:3036} INFO - Sync 1 DAGs
[2025-05-14T00:15:31.853+0000] {logging_mixin.py:188} INFO - [2025-05-14T00:15:31.853+0000] {dag.py:3823} INFO - Setting next_dagrun for example_python_operator to None, run_after=None
[2025-05-14T00:15:31.893+0000] {processor.py:183} INFO - Processing /home/airflow/.local/lib/python3.8/site-packages/airflow/example_dags/example_python_operator.py took 0.116 seconds
[2025-05-14T00:16:02.565+0000] {processor.py:161} INFO - Started process (PID=904) to work on /home/airflow/.local/lib/python3.8/site-packages/airflow/example_dags/example_python_operator.py
[2025-05-14T00:16:02.571+0000] {processor.py:830} INFO - Processing file /home/airflow/.local/lib/python3.8/site-packages/airflow/example_dags/example_python_operator.py for tasks to queue
[2025-05-14T00:16:02.574+0000] {logging_mixin.py:188} INFO - [2025-05-14T00:16:02.573+0000] {dagbag.py:538} INFO - Filling up the DagBag from /home/airflow/.local/lib/python3.8/site-packages/airflow/example_dags/example_python_operator.py
[2025-05-14T00:16:02.629+0000] {processor.py:840} INFO - DAG(s) 'example_python_operator' retrieved from /home/airflow/.local/lib/python3.8/site-packages/airflow/example_dags/example_python_operator.py
[2025-05-14T00:16:02.718+0000] {logging_mixin.py:188} INFO - [2025-05-14T00:16:02.718+0000] {dag.py:3036} INFO - Sync 1 DAGs
[2025-05-14T00:16:02.764+0000] {logging_mixin.py:188} INFO - [2025-05-14T00:16:02.758+0000] {dag.py:3823} INFO - Setting next_dagrun for example_python_operator to None, run_after=None
[2025-05-14T00:16:02.844+0000] {processor.py:183} INFO - Processing /home/airflow/.local/lib/python3.8/site-packages/airflow/example_dags/example_python_operator.py took 0.292 seconds
[2025-05-14T00:16:33.169+0000] {processor.py:161} INFO - Started process (PID=959) to work on /home/airflow/.local/lib/python3.8/site-packages/airflow/example_dags/example_python_operator.py
[2025-05-14T00:16:33.171+0000] {processor.py:830} INFO - Processing file /home/airflow/.local/lib/python3.8/site-packages/airflow/example_dags/example_python_operator.py for tasks to queue
[2025-05-14T00:16:33.174+0000] {logging_mixin.py:188} INFO - [2025-05-14T00:16:33.174+0000] {dagbag.py:538} INFO - Filling up the DagBag from /home/airflow/.local/lib/python3.8/site-packages/airflow/example_dags/example_python_operator.py
[2025-05-14T00:16:33.185+0000] {processor.py:840} INFO - DAG(s) 'example_python_operator' retrieved from /home/airflow/.local/lib/python3.8/site-packages/airflow/example_dags/example_python_operator.py
[2025-05-14T00:16:33.215+0000] {logging_mixin.py:188} INFO - [2025-05-14T00:16:33.215+0000] {dag.py:3036} INFO - Sync 1 DAGs
[2025-05-14T00:16:33.233+0000] {logging_mixin.py:188} INFO - [2025-05-14T00:16:33.232+0000] {dag.py:3823} INFO - Setting next_dagrun for example_python_operator to None, run_after=None
[2025-05-14T00:16:33.259+0000] {processor.py:183} INFO - Processing /home/airflow/.local/lib/python3.8/site-packages/airflow/example_dags/example_python_operator.py took 0.093 seconds
[2025-05-14T00:17:03.867+0000] {processor.py:161} INFO - Started process (PID=1015) to work on /home/airflow/.local/lib/python3.8/site-packages/airflow/example_dags/example_python_operator.py
[2025-05-14T00:17:03.868+0000] {processor.py:830} INFO - Processing file /home/airflow/.local/lib/python3.8/site-packages/airflow/example_dags/example_python_operator.py for tasks to queue
[2025-05-14T00:17:03.870+0000] {logging_mixin.py:188} INFO - [2025-05-14T00:17:03.870+0000] {dagbag.py:538} INFO - Filling up the DagBag from /home/airflow/.local/lib/python3.8/site-packages/airflow/example_dags/example_python_operator.py
[2025-05-14T00:17:03.881+0000] {processor.py:840} INFO - DAG(s) 'example_python_operator' retrieved from /home/airflow/.local/lib/python3.8/site-packages/airflow/example_dags/example_python_operator.py
[2025-05-14T00:17:03.907+0000] {logging_mixin.py:188} INFO - [2025-05-14T00:17:03.906+0000] {dag.py:3036} INFO - Sync 1 DAGs
[2025-05-14T00:17:03.920+0000] {logging_mixin.py:188} INFO - [2025-05-14T00:17:03.920+0000] {dag.py:3823} INFO - Setting next_dagrun for example_python_operator to None, run_after=None
[2025-05-14T00:17:03.945+0000] {processor.py:183} INFO - Processing /home/airflow/.local/lib/python3.8/site-packages/airflow/example_dags/example_python_operator.py took 0.081 seconds
[2025-05-14T00:17:34.343+0000] {processor.py:161} INFO - Started process (PID=1072) to work on /home/airflow/.local/lib/python3.8/site-packages/airflow/example_dags/example_python_operator.py
[2025-05-14T00:17:34.344+0000] {processor.py:830} INFO - Processing file /home/airflow/.local/lib/python3.8/site-packages/airflow/example_dags/example_python_operator.py for tasks to queue
[2025-05-14T00:17:34.347+0000] {logging_mixin.py:188} INFO - [2025-05-14T00:17:34.346+0000] {dagbag.py:538} INFO - Filling up the DagBag from /home/airflow/.local/lib/python3.8/site-packages/airflow/example_dags/example_python_operator.py
[2025-05-14T00:17:34.360+0000] {processor.py:840} INFO - DAG(s) 'example_python_operator' retrieved from /home/airflow/.local/lib/python3.8/site-packages/airflow/example_dags/example_python_operator.py
[2025-05-14T00:17:34.388+0000] {logging_mixin.py:188} INFO - [2025-05-14T00:17:34.388+0000] {dag.py:3036} INFO - Sync 1 DAGs
[2025-05-14T00:17:34.403+0000] {logging_mixin.py:188} INFO - [2025-05-14T00:17:34.402+0000] {dag.py:3823} INFO - Setting next_dagrun for example_python_operator to None, run_after=None
[2025-05-14T00:17:34.429+0000] {processor.py:183} INFO - Processing /home/airflow/.local/lib/python3.8/site-packages/airflow/example_dags/example_python_operator.py took 0.089 seconds
[2025-05-14T00:18:05.196+0000] {processor.py:161} INFO - Started process (PID=1126) to work on /home/airflow/.local/lib/python3.8/site-packages/airflow/example_dags/example_python_operator.py
[2025-05-14T00:18:05.198+0000] {processor.py:830} INFO - Processing file /home/airflow/.local/lib/python3.8/site-packages/airflow/example_dags/example_python_operator.py for tasks to queue
[2025-05-14T00:18:05.201+0000] {logging_mixin.py:188} INFO - [2025-05-14T00:18:05.201+0000] {dagbag.py:538} INFO - Filling up the DagBag from /home/airflow/.local/lib/python3.8/site-packages/airflow/example_dags/example_python_operator.py
[2025-05-14T00:18:05.215+0000] {processor.py:840} INFO - DAG(s) 'example_python_operator' retrieved from /home/airflow/.local/lib/python3.8/site-packages/airflow/example_dags/example_python_operator.py
[2025-05-14T00:18:05.248+0000] {logging_mixin.py:188} INFO - [2025-05-14T00:18:05.247+0000] {dag.py:3036} INFO - Sync 1 DAGs
[2025-05-14T00:18:05.270+0000] {logging_mixin.py:188} INFO - [2025-05-14T00:18:05.270+0000] {dag.py:3823} INFO - Setting next_dagrun for example_python_operator to None, run_after=None
[2025-05-14T00:18:05.305+0000] {processor.py:183} INFO - Processing /home/airflow/.local/lib/python3.8/site-packages/airflow/example_dags/example_python_operator.py took 0.112 seconds
[2025-05-14T00:18:35.701+0000] {processor.py:161} INFO - Started process (PID=1183) to work on /home/airflow/.local/lib/python3.8/site-packages/airflow/example_dags/example_python_operator.py
[2025-05-14T00:18:35.737+0000] {processor.py:830} INFO - Processing file /home/airflow/.local/lib/python3.8/site-packages/airflow/example_dags/example_python_operator.py for tasks to queue
[2025-05-14T00:18:35.739+0000] {logging_mixin.py:188} INFO - [2025-05-14T00:18:35.739+0000] {dagbag.py:538} INFO - Filling up the DagBag from /home/airflow/.local/lib/python3.8/site-packages/airflow/example_dags/example_python_operator.py
[2025-05-14T00:18:35.750+0000] {processor.py:840} INFO - DAG(s) 'example_python_operator' retrieved from /home/airflow/.local/lib/python3.8/site-packages/airflow/example_dags/example_python_operator.py
[2025-05-14T00:18:35.776+0000] {logging_mixin.py:188} INFO - [2025-05-14T00:18:35.776+0000] {dag.py:3036} INFO - Sync 1 DAGs
[2025-05-14T00:18:35.790+0000] {logging_mixin.py:188} INFO - [2025-05-14T00:18:35.790+0000] {dag.py:3823} INFO - Setting next_dagrun for example_python_operator to None, run_after=None
[2025-05-14T00:18:35.815+0000] {processor.py:183} INFO - Processing /home/airflow/.local/lib/python3.8/site-packages/airflow/example_dags/example_python_operator.py took 0.117 seconds
[2025-05-14T00:19:05.977+0000] {processor.py:161} INFO - Started process (PID=1239) to work on /home/airflow/.local/lib/python3.8/site-packages/airflow/example_dags/example_python_operator.py
[2025-05-14T00:19:05.979+0000] {processor.py:830} INFO - Processing file /home/airflow/.local/lib/python3.8/site-packages/airflow/example_dags/example_python_operator.py for tasks to queue
[2025-05-14T00:19:05.981+0000] {logging_mixin.py:188} INFO - [2025-05-14T00:19:05.981+0000] {dagbag.py:538} INFO - Filling up the DagBag from /home/airflow/.local/lib/python3.8/site-packages/airflow/example_dags/example_python_operator.py
[2025-05-14T00:19:05.992+0000] {processor.py:840} INFO - DAG(s) 'example_python_operator' retrieved from /home/airflow/.local/lib/python3.8/site-packages/airflow/example_dags/example_python_operator.py
[2025-05-14T00:19:06.018+0000] {logging_mixin.py:188} INFO - [2025-05-14T00:19:06.017+0000] {dag.py:3036} INFO - Sync 1 DAGs
[2025-05-14T00:19:06.032+0000] {logging_mixin.py:188} INFO - [2025-05-14T00:19:06.031+0000] {dag.py:3823} INFO - Setting next_dagrun for example_python_operator to None, run_after=None
[2025-05-14T00:19:06.056+0000] {processor.py:183} INFO - Processing /home/airflow/.local/lib/python3.8/site-packages/airflow/example_dags/example_python_operator.py took 0.081 seconds
[2025-05-14T00:19:36.819+0000] {processor.py:161} INFO - Started process (PID=1295) to work on /home/airflow/.local/lib/python3.8/site-packages/airflow/example_dags/example_python_operator.py
[2025-05-14T00:19:36.821+0000] {processor.py:830} INFO - Processing file /home/airflow/.local/lib/python3.8/site-packages/airflow/example_dags/example_python_operator.py for tasks to queue
[2025-05-14T00:19:36.823+0000] {logging_mixin.py:188} INFO - [2025-05-14T00:19:36.822+0000] {dagbag.py:538} INFO - Filling up the DagBag from /home/airflow/.local/lib/python3.8/site-packages/airflow/example_dags/example_python_operator.py
[2025-05-14T00:19:36.835+0000] {processor.py:840} INFO - DAG(s) 'example_python_operator' retrieved from /home/airflow/.local/lib/python3.8/site-packages/airflow/example_dags/example_python_operator.py
[2025-05-14T00:19:36.860+0000] {logging_mixin.py:188} INFO - [2025-05-14T00:19:36.860+0000] {dag.py:3036} INFO - Sync 1 DAGs
[2025-05-14T00:19:36.873+0000] {logging_mixin.py:188} INFO - [2025-05-14T00:19:36.873+0000] {dag.py:3823} INFO - Setting next_dagrun for example_python_operator to None, run_after=None
[2025-05-14T00:19:36.898+0000] {processor.py:183} INFO - Processing /home/airflow/.local/lib/python3.8/site-packages/airflow/example_dags/example_python_operator.py took 0.082 seconds
[2025-05-14T00:20:07.783+0000] {processor.py:161} INFO - Started process (PID=1351) to work on /home/airflow/.local/lib/python3.8/site-packages/airflow/example_dags/example_python_operator.py
[2025-05-14T00:20:07.784+0000] {processor.py:830} INFO - Processing file /home/airflow/.local/lib/python3.8/site-packages/airflow/example_dags/example_python_operator.py for tasks to queue
[2025-05-14T00:20:07.787+0000] {logging_mixin.py:188} INFO - [2025-05-14T00:20:07.787+0000] {dagbag.py:538} INFO - Filling up the DagBag from /home/airflow/.local/lib/python3.8/site-packages/airflow/example_dags/example_python_operator.py
[2025-05-14T00:20:07.797+0000] {processor.py:840} INFO - DAG(s) 'example_python_operator' retrieved from /home/airflow/.local/lib/python3.8/site-packages/airflow/example_dags/example_python_operator.py
[2025-05-14T00:20:07.822+0000] {logging_mixin.py:188} INFO - [2025-05-14T00:20:07.822+0000] {dag.py:3036} INFO - Sync 1 DAGs
[2025-05-14T00:20:07.835+0000] {logging_mixin.py:188} INFO - [2025-05-14T00:20:07.835+0000] {dag.py:3823} INFO - Setting next_dagrun for example_python_operator to None, run_after=None
[2025-05-14T00:20:07.858+0000] {processor.py:183} INFO - Processing /home/airflow/.local/lib/python3.8/site-packages/airflow/example_dags/example_python_operator.py took 0.078 seconds
[2025-05-14T00:20:38.497+0000] {processor.py:161} INFO - Started process (PID=1407) to work on /home/airflow/.local/lib/python3.8/site-packages/airflow/example_dags/example_python_operator.py
[2025-05-14T00:20:38.534+0000] {processor.py:830} INFO - Processing file /home/airflow/.local/lib/python3.8/site-packages/airflow/example_dags/example_python_operator.py for tasks to queue
[2025-05-14T00:20:38.536+0000] {logging_mixin.py:188} INFO - [2025-05-14T00:20:38.536+0000] {dagbag.py:538} INFO - Filling up the DagBag from /home/airflow/.local/lib/python3.8/site-packages/airflow/example_dags/example_python_operator.py
[2025-05-14T00:20:38.550+0000] {processor.py:840} INFO - DAG(s) 'example_python_operator' retrieved from /home/airflow/.local/lib/python3.8/site-packages/airflow/example_dags/example_python_operator.py
[2025-05-14T00:20:38.580+0000] {logging_mixin.py:188} INFO - [2025-05-14T00:20:38.580+0000] {dag.py:3036} INFO - Sync 1 DAGs
[2025-05-14T00:20:38.597+0000] {logging_mixin.py:188} INFO - [2025-05-14T00:20:38.597+0000] {dag.py:3823} INFO - Setting next_dagrun for example_python_operator to None, run_after=None
[2025-05-14T00:20:38.632+0000] {processor.py:183} INFO - Processing /home/airflow/.local/lib/python3.8/site-packages/airflow/example_dags/example_python_operator.py took 0.138 seconds
[2025-05-14T00:21:08.794+0000] {processor.py:161} INFO - Started process (PID=1463) to work on /home/airflow/.local/lib/python3.8/site-packages/airflow/example_dags/example_python_operator.py
[2025-05-14T00:21:08.796+0000] {processor.py:830} INFO - Processing file /home/airflow/.local/lib/python3.8/site-packages/airflow/example_dags/example_python_operator.py for tasks to queue
[2025-05-14T00:21:08.802+0000] {logging_mixin.py:188} INFO - [2025-05-14T00:21:08.801+0000] {dagbag.py:538} INFO - Filling up the DagBag from /home/airflow/.local/lib/python3.8/site-packages/airflow/example_dags/example_python_operator.py
[2025-05-14T00:21:08.821+0000] {processor.py:840} INFO - DAG(s) 'example_python_operator' retrieved from /home/airflow/.local/lib/python3.8/site-packages/airflow/example_dags/example_python_operator.py
[2025-05-14T00:21:08.856+0000] {logging_mixin.py:188} INFO - [2025-05-14T00:21:08.855+0000] {dag.py:3036} INFO - Sync 1 DAGs
[2025-05-14T00:21:08.876+0000] {logging_mixin.py:188} INFO - [2025-05-14T00:21:08.875+0000] {dag.py:3823} INFO - Setting next_dagrun for example_python_operator to None, run_after=None
[2025-05-14T00:21:08.912+0000] {processor.py:183} INFO - Processing /home/airflow/.local/lib/python3.8/site-packages/airflow/example_dags/example_python_operator.py took 0.122 seconds
[2025-05-14T00:21:39.807+0000] {processor.py:161} INFO - Started process (PID=1519) to work on /home/airflow/.local/lib/python3.8/site-packages/airflow/example_dags/example_python_operator.py
[2025-05-14T00:21:39.808+0000] {processor.py:830} INFO - Processing file /home/airflow/.local/lib/python3.8/site-packages/airflow/example_dags/example_python_operator.py for tasks to queue
[2025-05-14T00:21:39.810+0000] {logging_mixin.py:188} INFO - [2025-05-14T00:21:39.810+0000] {dagbag.py:538} INFO - Filling up the DagBag from /home/airflow/.local/lib/python3.8/site-packages/airflow/example_dags/example_python_operator.py
[2025-05-14T00:21:39.822+0000] {processor.py:840} INFO - DAG(s) 'example_python_operator' retrieved from /home/airflow/.local/lib/python3.8/site-packages/airflow/example_dags/example_python_operator.py
[2025-05-14T00:21:39.845+0000] {logging_mixin.py:188} INFO - [2025-05-14T00:21:39.844+0000] {dag.py:3036} INFO - Sync 1 DAGs
[2025-05-14T00:21:39.860+0000] {logging_mixin.py:188} INFO - [2025-05-14T00:21:39.860+0000] {dag.py:3823} INFO - Setting next_dagrun for example_python_operator to None, run_after=None
[2025-05-14T00:21:39.886+0000] {processor.py:183} INFO - Processing /home/airflow/.local/lib/python3.8/site-packages/airflow/example_dags/example_python_operator.py took 0.082 seconds
[2025-05-14T00:22:10.413+0000] {processor.py:161} INFO - Started process (PID=1575) to work on /home/airflow/.local/lib/python3.8/site-packages/airflow/example_dags/example_python_operator.py
[2025-05-14T00:22:10.415+0000] {processor.py:830} INFO - Processing file /home/airflow/.local/lib/python3.8/site-packages/airflow/example_dags/example_python_operator.py for tasks to queue
[2025-05-14T00:22:10.419+0000] {logging_mixin.py:188} INFO - [2025-05-14T00:22:10.418+0000] {dagbag.py:538} INFO - Filling up the DagBag from /home/airflow/.local/lib/python3.8/site-packages/airflow/example_dags/example_python_operator.py
[2025-05-14T00:22:10.435+0000] {processor.py:840} INFO - DAG(s) 'example_python_operator' retrieved from /home/airflow/.local/lib/python3.8/site-packages/airflow/example_dags/example_python_operator.py
[2025-05-14T00:22:10.476+0000] {logging_mixin.py:188} INFO - [2025-05-14T00:22:10.476+0000] {dag.py:3036} INFO - Sync 1 DAGs
[2025-05-14T00:22:10.503+0000] {logging_mixin.py:188} INFO - [2025-05-14T00:22:10.502+0000] {dag.py:3823} INFO - Setting next_dagrun for example_python_operator to None, run_after=None
[2025-05-14T00:22:10.576+0000] {processor.py:183} INFO - Processing /home/airflow/.local/lib/python3.8/site-packages/airflow/example_dags/example_python_operator.py took 0.167 seconds
[2025-05-14T00:22:41.430+0000] {processor.py:161} INFO - Started process (PID=1630) to work on /home/airflow/.local/lib/python3.8/site-packages/airflow/example_dags/example_python_operator.py
[2025-05-14T00:22:41.432+0000] {processor.py:830} INFO - Processing file /home/airflow/.local/lib/python3.8/site-packages/airflow/example_dags/example_python_operator.py for tasks to queue
[2025-05-14T00:22:41.435+0000] {logging_mixin.py:188} INFO - [2025-05-14T00:22:41.435+0000] {dagbag.py:538} INFO - Filling up the DagBag from /home/airflow/.local/lib/python3.8/site-packages/airflow/example_dags/example_python_operator.py
[2025-05-14T00:22:41.448+0000] {processor.py:840} INFO - DAG(s) 'example_python_operator' retrieved from /home/airflow/.local/lib/python3.8/site-packages/airflow/example_dags/example_python_operator.py
[2025-05-14T00:22:41.481+0000] {logging_mixin.py:188} INFO - [2025-05-14T00:22:41.480+0000] {dag.py:3036} INFO - Sync 1 DAGs
[2025-05-14T00:22:41.501+0000] {logging_mixin.py:188} INFO - [2025-05-14T00:22:41.500+0000] {dag.py:3823} INFO - Setting next_dagrun for example_python_operator to None, run_after=None
[2025-05-14T00:22:41.570+0000] {processor.py:183} INFO - Processing /home/airflow/.local/lib/python3.8/site-packages/airflow/example_dags/example_python_operator.py took 0.144 seconds
[2025-05-14T00:23:12.294+0000] {processor.py:161} INFO - Started process (PID=1686) to work on /home/airflow/.local/lib/python3.8/site-packages/airflow/example_dags/example_python_operator.py
[2025-05-14T00:23:12.296+0000] {processor.py:830} INFO - Processing file /home/airflow/.local/lib/python3.8/site-packages/airflow/example_dags/example_python_operator.py for tasks to queue
[2025-05-14T00:23:12.300+0000] {logging_mixin.py:188} INFO - [2025-05-14T00:23:12.299+0000] {dagbag.py:538} INFO - Filling up the DagBag from /home/airflow/.local/lib/python3.8/site-packages/airflow/example_dags/example_python_operator.py
[2025-05-14T00:23:12.312+0000] {processor.py:840} INFO - DAG(s) 'example_python_operator' retrieved from /home/airflow/.local/lib/python3.8/site-packages/airflow/example_dags/example_python_operator.py
[2025-05-14T00:23:12.355+0000] {logging_mixin.py:188} INFO - [2025-05-14T00:23:12.354+0000] {dag.py:3036} INFO - Sync 1 DAGs
[2025-05-14T00:23:12.372+0000] {logging_mixin.py:188} INFO - [2025-05-14T00:23:12.371+0000] {dag.py:3823} INFO - Setting next_dagrun for example_python_operator to None, run_after=None
[2025-05-14T00:23:12.407+0000] {processor.py:183} INFO - Processing /home/airflow/.local/lib/python3.8/site-packages/airflow/example_dags/example_python_operator.py took 0.116 seconds
[2025-05-14T00:23:43.283+0000] {processor.py:161} INFO - Started process (PID=1742) to work on /home/airflow/.local/lib/python3.8/site-packages/airflow/example_dags/example_python_operator.py
[2025-05-14T00:23:43.285+0000] {processor.py:830} INFO - Processing file /home/airflow/.local/lib/python3.8/site-packages/airflow/example_dags/example_python_operator.py for tasks to queue
[2025-05-14T00:23:43.287+0000] {logging_mixin.py:188} INFO - [2025-05-14T00:23:43.287+0000] {dagbag.py:538} INFO - Filling up the DagBag from /home/airflow/.local/lib/python3.8/site-packages/airflow/example_dags/example_python_operator.py
[2025-05-14T00:23:43.299+0000] {processor.py:840} INFO - DAG(s) 'example_python_operator' retrieved from /home/airflow/.local/lib/python3.8/site-packages/airflow/example_dags/example_python_operator.py
[2025-05-14T00:23:43.338+0000] {logging_mixin.py:188} INFO - [2025-05-14T00:23:43.338+0000] {dag.py:3036} INFO - Sync 1 DAGs
[2025-05-14T00:23:43.358+0000] {logging_mixin.py:188} INFO - [2025-05-14T00:23:43.357+0000] {dag.py:3823} INFO - Setting next_dagrun for example_python_operator to None, run_after=None
[2025-05-14T00:23:43.392+0000] {processor.py:183} INFO - Processing /home/airflow/.local/lib/python3.8/site-packages/airflow/example_dags/example_python_operator.py took 0.116 seconds
