[2025-05-14T00:08:38.820+0000] {processor.py:161} INFO - Started process (PID=88) to work on /home/airflow/.local/lib/python3.8/site-packages/airflow/example_dags/example_xcomargs.py
[2025-05-14T00:08:38.823+0000] {processor.py:830} INFO - Processing file /home/airflow/.local/lib/python3.8/site-packages/airflow/example_dags/example_xcomargs.py for tasks to queue
[2025-05-14T00:08:38.830+0000] {logging_mixin.py:188} INFO - [2025-05-14T00:08:38.827+0000] {dagbag.py:538} INFO - Filling up the DagBag from /home/airflow/.local/lib/python3.8/site-packages/airflow/example_dags/example_xcomargs.py
[2025-05-14T00:08:38.986+0000] {processor.py:840} INFO - DAG(s) 'example_xcom_args_with_operators', 'example_xcom_args' retrieved from /home/airflow/.local/lib/python3.8/site-packages/airflow/example_dags/example_xcomargs.py
[2025-05-14T00:08:40.143+0000] {logging_mixin.py:188} INFO - [2025-05-14T00:08:40.142+0000] {dag.py:3036} INFO - Sync 2 DAGs
[2025-05-14T00:08:40.208+0000] {logging_mixin.py:188} INFO - [2025-05-14T00:08:40.208+0000] {dag.py:3823} INFO - Setting next_dagrun for example_xcom_args to None, run_after=None
[2025-05-14T00:08:40.218+0000] {logging_mixin.py:188} INFO - [2025-05-14T00:08:40.217+0000] {dag.py:3823} INFO - Setting next_dagrun for example_xcom_args_with_operators to None, run_after=None
[2025-05-14T00:08:40.309+0000] {processor.py:183} INFO - Processing /home/airflow/.local/lib/python3.8/site-packages/airflow/example_dags/example_xcomargs.py took 1.533 seconds
[2025-05-14T00:09:11.294+0000] {processor.py:161} INFO - Started process (PID=144) to work on /home/airflow/.local/lib/python3.8/site-packages/airflow/example_dags/example_xcomargs.py
[2025-05-14T00:09:11.303+0000] {processor.py:830} INFO - Processing file /home/airflow/.local/lib/python3.8/site-packages/airflow/example_dags/example_xcomargs.py for tasks to queue
[2025-05-14T00:09:11.305+0000] {logging_mixin.py:188} INFO - [2025-05-14T00:09:11.305+0000] {dagbag.py:538} INFO - Filling up the DagBag from /home/airflow/.local/lib/python3.8/site-packages/airflow/example_dags/example_xcomargs.py
[2025-05-14T00:09:11.362+0000] {processor.py:840} INFO - DAG(s) 'example_xcom_args_with_operators', 'example_xcom_args' retrieved from /home/airflow/.local/lib/python3.8/site-packages/airflow/example_dags/example_xcomargs.py
[2025-05-14T00:09:11.424+0000] {logging_mixin.py:188} INFO - [2025-05-14T00:09:11.423+0000] {dag.py:3036} INFO - Sync 2 DAGs
[2025-05-14T00:09:11.440+0000] {logging_mixin.py:188} INFO - [2025-05-14T00:09:11.440+0000] {dag.py:3823} INFO - Setting next_dagrun for example_xcom_args to None, run_after=None
[2025-05-14T00:09:11.452+0000] {logging_mixin.py:188} INFO - [2025-05-14T00:09:11.451+0000] {dag.py:3823} INFO - Setting next_dagrun for example_xcom_args_with_operators to None, run_after=None
[2025-05-14T00:09:11.486+0000] {processor.py:183} INFO - Processing /home/airflow/.local/lib/python3.8/site-packages/airflow/example_dags/example_xcomargs.py took 0.195 seconds
[2025-05-14T00:09:41.712+0000] {processor.py:161} INFO - Started process (PID=200) to work on /home/airflow/.local/lib/python3.8/site-packages/airflow/example_dags/example_xcomargs.py
[2025-05-14T00:09:41.718+0000] {processor.py:830} INFO - Processing file /home/airflow/.local/lib/python3.8/site-packages/airflow/example_dags/example_xcomargs.py for tasks to queue
[2025-05-14T00:09:41.742+0000] {logging_mixin.py:188} INFO - [2025-05-14T00:09:41.741+0000] {dagbag.py:538} INFO - Filling up the DagBag from /home/airflow/.local/lib/python3.8/site-packages/airflow/example_dags/example_xcomargs.py
[2025-05-14T00:09:41.805+0000] {processor.py:840} INFO - DAG(s) 'example_xcom_args_with_operators', 'example_xcom_args' retrieved from /home/airflow/.local/lib/python3.8/site-packages/airflow/example_dags/example_xcomargs.py
[2025-05-14T00:09:41.844+0000] {logging_mixin.py:188} INFO - [2025-05-14T00:09:41.843+0000] {dag.py:3036} INFO - Sync 2 DAGs
[2025-05-14T00:09:41.895+0000] {logging_mixin.py:188} INFO - [2025-05-14T00:09:41.895+0000] {dag.py:3823} INFO - Setting next_dagrun for example_xcom_args to None, run_after=None
[2025-05-14T00:09:41.903+0000] {logging_mixin.py:188} INFO - [2025-05-14T00:09:41.903+0000] {dag.py:3823} INFO - Setting next_dagrun for example_xcom_args_with_operators to None, run_after=None
[2025-05-14T00:09:41.959+0000] {processor.py:183} INFO - Processing /home/airflow/.local/lib/python3.8/site-packages/airflow/example_dags/example_xcomargs.py took 0.339 seconds
[2025-05-14T00:10:12.040+0000] {processor.py:161} INFO - Started process (PID=256) to work on /home/airflow/.local/lib/python3.8/site-packages/airflow/example_dags/example_xcomargs.py
[2025-05-14T00:10:12.041+0000] {processor.py:830} INFO - Processing file /home/airflow/.local/lib/python3.8/site-packages/airflow/example_dags/example_xcomargs.py for tasks to queue
[2025-05-14T00:10:12.043+0000] {logging_mixin.py:188} INFO - [2025-05-14T00:10:12.042+0000] {dagbag.py:538} INFO - Filling up the DagBag from /home/airflow/.local/lib/python3.8/site-packages/airflow/example_dags/example_xcomargs.py
[2025-05-14T00:10:12.051+0000] {processor.py:840} INFO - DAG(s) 'example_xcom_args', 'example_xcom_args_with_operators' retrieved from /home/airflow/.local/lib/python3.8/site-packages/airflow/example_dags/example_xcomargs.py
[2025-05-14T00:10:12.098+0000] {logging_mixin.py:188} INFO - [2025-05-14T00:10:12.098+0000] {dag.py:3036} INFO - Sync 2 DAGs
[2025-05-14T00:10:12.113+0000] {logging_mixin.py:188} INFO - [2025-05-14T00:10:12.113+0000] {dag.py:3823} INFO - Setting next_dagrun for example_xcom_args to None, run_after=None
[2025-05-14T00:10:12.118+0000] {logging_mixin.py:188} INFO - [2025-05-14T00:10:12.118+0000] {dag.py:3823} INFO - Setting next_dagrun for example_xcom_args_with_operators to None, run_after=None
[2025-05-14T00:10:12.154+0000] {processor.py:183} INFO - Processing /home/airflow/.local/lib/python3.8/site-packages/airflow/example_dags/example_xcomargs.py took 0.117 seconds
[2025-05-14T00:10:42.839+0000] {processor.py:161} INFO - Started process (PID=312) to work on /home/airflow/.local/lib/python3.8/site-packages/airflow/example_dags/example_xcomargs.py
[2025-05-14T00:10:42.841+0000] {processor.py:830} INFO - Processing file /home/airflow/.local/lib/python3.8/site-packages/airflow/example_dags/example_xcomargs.py for tasks to queue
[2025-05-14T00:10:42.844+0000] {logging_mixin.py:188} INFO - [2025-05-14T00:10:42.843+0000] {dagbag.py:538} INFO - Filling up the DagBag from /home/airflow/.local/lib/python3.8/site-packages/airflow/example_dags/example_xcomargs.py
[2025-05-14T00:10:42.852+0000] {processor.py:840} INFO - DAG(s) 'example_xcom_args_with_operators', 'example_xcom_args' retrieved from /home/airflow/.local/lib/python3.8/site-packages/airflow/example_dags/example_xcomargs.py
[2025-05-14T00:10:42.887+0000] {logging_mixin.py:188} INFO - [2025-05-14T00:10:42.887+0000] {dag.py:3036} INFO - Sync 2 DAGs
[2025-05-14T00:10:42.904+0000] {logging_mixin.py:188} INFO - [2025-05-14T00:10:42.903+0000] {dag.py:3823} INFO - Setting next_dagrun for example_xcom_args to None, run_after=None
[2025-05-14T00:10:42.908+0000] {logging_mixin.py:188} INFO - [2025-05-14T00:10:42.907+0000] {dag.py:3823} INFO - Setting next_dagrun for example_xcom_args_with_operators to None, run_after=None
[2025-05-14T00:10:42.942+0000] {processor.py:183} INFO - Processing /home/airflow/.local/lib/python3.8/site-packages/airflow/example_dags/example_xcomargs.py took 0.106 seconds
[2025-05-14T00:11:13.387+0000] {processor.py:161} INFO - Started process (PID=368) to work on /home/airflow/.local/lib/python3.8/site-packages/airflow/example_dags/example_xcomargs.py
[2025-05-14T00:11:13.389+0000] {processor.py:830} INFO - Processing file /home/airflow/.local/lib/python3.8/site-packages/airflow/example_dags/example_xcomargs.py for tasks to queue
[2025-05-14T00:11:13.392+0000] {logging_mixin.py:188} INFO - [2025-05-14T00:11:13.391+0000] {dagbag.py:538} INFO - Filling up the DagBag from /home/airflow/.local/lib/python3.8/site-packages/airflow/example_dags/example_xcomargs.py
[2025-05-14T00:11:13.403+0000] {processor.py:840} INFO - DAG(s) 'example_xcom_args_with_operators', 'example_xcom_args' retrieved from /home/airflow/.local/lib/python3.8/site-packages/airflow/example_dags/example_xcomargs.py
[2025-05-14T00:11:13.437+0000] {logging_mixin.py:188} INFO - [2025-05-14T00:11:13.436+0000] {dag.py:3036} INFO - Sync 2 DAGs
[2025-05-14T00:11:13.452+0000] {logging_mixin.py:188} INFO - [2025-05-14T00:11:13.452+0000] {dag.py:3823} INFO - Setting next_dagrun for example_xcom_args to None, run_after=None
[2025-05-14T00:11:13.458+0000] {logging_mixin.py:188} INFO - [2025-05-14T00:11:13.458+0000] {dag.py:3823} INFO - Setting next_dagrun for example_xcom_args_with_operators to None, run_after=None
[2025-05-14T00:11:13.483+0000] {processor.py:183} INFO - Processing /home/airflow/.local/lib/python3.8/site-packages/airflow/example_dags/example_xcomargs.py took 0.099 seconds
[2025-05-14T00:11:43.714+0000] {processor.py:161} INFO - Started process (PID=422) to work on /home/airflow/.local/lib/python3.8/site-packages/airflow/example_dags/example_xcomargs.py
[2025-05-14T00:11:43.716+0000] {processor.py:830} INFO - Processing file /home/airflow/.local/lib/python3.8/site-packages/airflow/example_dags/example_xcomargs.py for tasks to queue
[2025-05-14T00:11:43.718+0000] {logging_mixin.py:188} INFO - [2025-05-14T00:11:43.718+0000] {dagbag.py:538} INFO - Filling up the DagBag from /home/airflow/.local/lib/python3.8/site-packages/airflow/example_dags/example_xcomargs.py
[2025-05-14T00:11:43.728+0000] {processor.py:840} INFO - DAG(s) 'example_xcom_args', 'example_xcom_args_with_operators' retrieved from /home/airflow/.local/lib/python3.8/site-packages/airflow/example_dags/example_xcomargs.py
[2025-05-14T00:11:43.755+0000] {logging_mixin.py:188} INFO - [2025-05-14T00:11:43.755+0000] {dag.py:3036} INFO - Sync 2 DAGs
[2025-05-14T00:11:43.769+0000] {logging_mixin.py:188} INFO - [2025-05-14T00:11:43.769+0000] {dag.py:3823} INFO - Setting next_dagrun for example_xcom_args to None, run_after=None
[2025-05-14T00:11:43.775+0000] {logging_mixin.py:188} INFO - [2025-05-14T00:11:43.775+0000] {dag.py:3823} INFO - Setting next_dagrun for example_xcom_args_with_operators to None, run_after=None
[2025-05-14T00:11:43.804+0000] {processor.py:183} INFO - Processing /home/airflow/.local/lib/python3.8/site-packages/airflow/example_dags/example_xcomargs.py took 0.092 seconds
[2025-05-14T00:12:14.604+0000] {processor.py:161} INFO - Started process (PID=484) to work on /home/airflow/.local/lib/python3.8/site-packages/airflow/example_dags/example_xcomargs.py
[2025-05-14T00:12:14.606+0000] {processor.py:830} INFO - Processing file /home/airflow/.local/lib/python3.8/site-packages/airflow/example_dags/example_xcomargs.py for tasks to queue
[2025-05-14T00:12:14.609+0000] {logging_mixin.py:188} INFO - [2025-05-14T00:12:14.608+0000] {dagbag.py:538} INFO - Filling up the DagBag from /home/airflow/.local/lib/python3.8/site-packages/airflow/example_dags/example_xcomargs.py
[2025-05-14T00:12:14.620+0000] {processor.py:840} INFO - DAG(s) 'example_xcom_args', 'example_xcom_args_with_operators' retrieved from /home/airflow/.local/lib/python3.8/site-packages/airflow/example_dags/example_xcomargs.py
[2025-05-14T00:12:14.650+0000] {logging_mixin.py:188} INFO - [2025-05-14T00:12:14.649+0000] {dag.py:3036} INFO - Sync 2 DAGs
[2025-05-14T00:12:14.668+0000] {logging_mixin.py:188} INFO - [2025-05-14T00:12:14.668+0000] {dag.py:3823} INFO - Setting next_dagrun for example_xcom_args to None, run_after=None
[2025-05-14T00:12:14.675+0000] {logging_mixin.py:188} INFO - [2025-05-14T00:12:14.674+0000] {dag.py:3823} INFO - Setting next_dagrun for example_xcom_args_with_operators to None, run_after=None
[2025-05-14T00:12:14.704+0000] {processor.py:183} INFO - Processing /home/airflow/.local/lib/python3.8/site-packages/airflow/example_dags/example_xcomargs.py took 0.103 seconds
[2025-05-14T00:12:44.833+0000] {processor.py:161} INFO - Started process (PID=540) to work on /home/airflow/.local/lib/python3.8/site-packages/airflow/example_dags/example_xcomargs.py
[2025-05-14T00:12:44.834+0000] {processor.py:830} INFO - Processing file /home/airflow/.local/lib/python3.8/site-packages/airflow/example_dags/example_xcomargs.py for tasks to queue
[2025-05-14T00:12:44.836+0000] {logging_mixin.py:188} INFO - [2025-05-14T00:12:44.836+0000] {dagbag.py:538} INFO - Filling up the DagBag from /home/airflow/.local/lib/python3.8/site-packages/airflow/example_dags/example_xcomargs.py
[2025-05-14T00:12:44.845+0000] {processor.py:840} INFO - DAG(s) 'example_xcom_args', 'example_xcom_args_with_operators' retrieved from /home/airflow/.local/lib/python3.8/site-packages/airflow/example_dags/example_xcomargs.py
[2025-05-14T00:12:44.872+0000] {logging_mixin.py:188} INFO - [2025-05-14T00:12:44.872+0000] {dag.py:3036} INFO - Sync 2 DAGs
[2025-05-14T00:12:44.887+0000] {logging_mixin.py:188} INFO - [2025-05-14T00:12:44.886+0000] {dag.py:3823} INFO - Setting next_dagrun for example_xcom_args to None, run_after=None
[2025-05-14T00:12:44.892+0000] {logging_mixin.py:188} INFO - [2025-05-14T00:12:44.891+0000] {dag.py:3823} INFO - Setting next_dagrun for example_xcom_args_with_operators to None, run_after=None
[2025-05-14T00:12:44.913+0000] {processor.py:183} INFO - Processing /home/airflow/.local/lib/python3.8/site-packages/airflow/example_dags/example_xcomargs.py took 0.083 seconds
[2025-05-14T00:13:15.458+0000] {processor.py:161} INFO - Started process (PID=596) to work on /home/airflow/.local/lib/python3.8/site-packages/airflow/example_dags/example_xcomargs.py
[2025-05-14T00:13:15.459+0000] {processor.py:830} INFO - Processing file /home/airflow/.local/lib/python3.8/site-packages/airflow/example_dags/example_xcomargs.py for tasks to queue
[2025-05-14T00:13:15.461+0000] {logging_mixin.py:188} INFO - [2025-05-14T00:13:15.461+0000] {dagbag.py:538} INFO - Filling up the DagBag from /home/airflow/.local/lib/python3.8/site-packages/airflow/example_dags/example_xcomargs.py
[2025-05-14T00:13:15.470+0000] {processor.py:840} INFO - DAG(s) 'example_xcom_args_with_operators', 'example_xcom_args' retrieved from /home/airflow/.local/lib/python3.8/site-packages/airflow/example_dags/example_xcomargs.py
[2025-05-14T00:13:15.505+0000] {logging_mixin.py:188} INFO - [2025-05-14T00:13:15.504+0000] {dag.py:3036} INFO - Sync 2 DAGs
[2025-05-14T00:13:15.524+0000] {logging_mixin.py:188} INFO - [2025-05-14T00:13:15.524+0000] {dag.py:3823} INFO - Setting next_dagrun for example_xcom_args to None, run_after=None
[2025-05-14T00:13:15.531+0000] {logging_mixin.py:188} INFO - [2025-05-14T00:13:15.530+0000] {dag.py:3823} INFO - Setting next_dagrun for example_xcom_args_with_operators to None, run_after=None
[2025-05-14T00:13:15.557+0000] {processor.py:183} INFO - Processing /home/airflow/.local/lib/python3.8/site-packages/airflow/example_dags/example_xcomargs.py took 0.102 seconds
[2025-05-14T00:13:46.033+0000] {processor.py:161} INFO - Started process (PID=652) to work on /home/airflow/.local/lib/python3.8/site-packages/airflow/example_dags/example_xcomargs.py
[2025-05-14T00:13:46.035+0000] {processor.py:830} INFO - Processing file /home/airflow/.local/lib/python3.8/site-packages/airflow/example_dags/example_xcomargs.py for tasks to queue
[2025-05-14T00:13:46.038+0000] {logging_mixin.py:188} INFO - [2025-05-14T00:13:46.037+0000] {dagbag.py:538} INFO - Filling up the DagBag from /home/airflow/.local/lib/python3.8/site-packages/airflow/example_dags/example_xcomargs.py
[2025-05-14T00:13:46.048+0000] {processor.py:840} INFO - DAG(s) 'example_xcom_args_with_operators', 'example_xcom_args' retrieved from /home/airflow/.local/lib/python3.8/site-packages/airflow/example_dags/example_xcomargs.py
[2025-05-14T00:13:46.084+0000] {logging_mixin.py:188} INFO - [2025-05-14T00:13:46.083+0000] {dag.py:3036} INFO - Sync 2 DAGs
[2025-05-14T00:13:46.142+0000] {logging_mixin.py:188} INFO - [2025-05-14T00:13:46.142+0000] {dag.py:3823} INFO - Setting next_dagrun for example_xcom_args to None, run_after=None
[2025-05-14T00:13:46.157+0000] {logging_mixin.py:188} INFO - [2025-05-14T00:13:46.157+0000] {dag.py:3823} INFO - Setting next_dagrun for example_xcom_args_with_operators to None, run_after=None
[2025-05-14T00:13:46.230+0000] {processor.py:183} INFO - Processing /home/airflow/.local/lib/python3.8/site-packages/airflow/example_dags/example_xcomargs.py took 0.201 seconds
[2025-05-14T00:14:16.425+0000] {processor.py:161} INFO - Started process (PID=708) to work on /home/airflow/.local/lib/python3.8/site-packages/airflow/example_dags/example_xcomargs.py
[2025-05-14T00:14:16.427+0000] {processor.py:830} INFO - Processing file /home/airflow/.local/lib/python3.8/site-packages/airflow/example_dags/example_xcomargs.py for tasks to queue
[2025-05-14T00:14:16.429+0000] {logging_mixin.py:188} INFO - [2025-05-14T00:14:16.429+0000] {dagbag.py:538} INFO - Filling up the DagBag from /home/airflow/.local/lib/python3.8/site-packages/airflow/example_dags/example_xcomargs.py
[2025-05-14T00:14:16.446+0000] {processor.py:840} INFO - DAG(s) 'example_xcom_args_with_operators', 'example_xcom_args' retrieved from /home/airflow/.local/lib/python3.8/site-packages/airflow/example_dags/example_xcomargs.py
[2025-05-14T00:14:16.486+0000] {logging_mixin.py:188} INFO - [2025-05-14T00:14:16.486+0000] {dag.py:3036} INFO - Sync 2 DAGs
[2025-05-14T00:14:16.526+0000] {logging_mixin.py:188} INFO - [2025-05-14T00:14:16.525+0000] {dag.py:3823} INFO - Setting next_dagrun for example_xcom_args to None, run_after=None
[2025-05-14T00:14:16.532+0000] {logging_mixin.py:188} INFO - [2025-05-14T00:14:16.532+0000] {dag.py:3823} INFO - Setting next_dagrun for example_xcom_args_with_operators to None, run_after=None
[2025-05-14T00:14:16.567+0000] {processor.py:183} INFO - Processing /home/airflow/.local/lib/python3.8/site-packages/airflow/example_dags/example_xcomargs.py took 0.147 seconds
[2025-05-14T00:14:47.026+0000] {processor.py:161} INFO - Started process (PID=764) to work on /home/airflow/.local/lib/python3.8/site-packages/airflow/example_dags/example_xcomargs.py
[2025-05-14T00:14:47.027+0000] {processor.py:830} INFO - Processing file /home/airflow/.local/lib/python3.8/site-packages/airflow/example_dags/example_xcomargs.py for tasks to queue
[2025-05-14T00:14:47.030+0000] {logging_mixin.py:188} INFO - [2025-05-14T00:14:47.029+0000] {dagbag.py:538} INFO - Filling up the DagBag from /home/airflow/.local/lib/python3.8/site-packages/airflow/example_dags/example_xcomargs.py
[2025-05-14T00:14:47.042+0000] {processor.py:840} INFO - DAG(s) 'example_xcom_args', 'example_xcom_args_with_operators' retrieved from /home/airflow/.local/lib/python3.8/site-packages/airflow/example_dags/example_xcomargs.py
[2025-05-14T00:14:47.079+0000] {logging_mixin.py:188} INFO - [2025-05-14T00:14:47.079+0000] {dag.py:3036} INFO - Sync 2 DAGs
[2025-05-14T00:14:47.097+0000] {logging_mixin.py:188} INFO - [2025-05-14T00:14:47.096+0000] {dag.py:3823} INFO - Setting next_dagrun for example_xcom_args to None, run_after=None
[2025-05-14T00:14:47.102+0000] {logging_mixin.py:188} INFO - [2025-05-14T00:14:47.102+0000] {dag.py:3823} INFO - Setting next_dagrun for example_xcom_args_with_operators to None, run_after=None
[2025-05-14T00:14:47.133+0000] {processor.py:183} INFO - Processing /home/airflow/.local/lib/python3.8/site-packages/airflow/example_dags/example_xcomargs.py took 0.111 seconds
[2025-05-14T00:15:17.967+0000] {processor.py:161} INFO - Started process (PID=820) to work on /home/airflow/.local/lib/python3.8/site-packages/airflow/example_dags/example_xcomargs.py
[2025-05-14T00:15:17.968+0000] {processor.py:830} INFO - Processing file /home/airflow/.local/lib/python3.8/site-packages/airflow/example_dags/example_xcomargs.py for tasks to queue
[2025-05-14T00:15:17.970+0000] {logging_mixin.py:188} INFO - [2025-05-14T00:15:17.969+0000] {dagbag.py:538} INFO - Filling up the DagBag from /home/airflow/.local/lib/python3.8/site-packages/airflow/example_dags/example_xcomargs.py
[2025-05-14T00:15:17.980+0000] {processor.py:840} INFO - DAG(s) 'example_xcom_args_with_operators', 'example_xcom_args' retrieved from /home/airflow/.local/lib/python3.8/site-packages/airflow/example_dags/example_xcomargs.py
[2025-05-14T00:15:18.013+0000] {logging_mixin.py:188} INFO - [2025-05-14T00:15:18.013+0000] {dag.py:3036} INFO - Sync 2 DAGs
[2025-05-14T00:15:18.029+0000] {logging_mixin.py:188} INFO - [2025-05-14T00:15:18.028+0000] {dag.py:3823} INFO - Setting next_dagrun for example_xcom_args to None, run_after=None
[2025-05-14T00:15:18.038+0000] {logging_mixin.py:188} INFO - [2025-05-14T00:15:18.038+0000] {dag.py:3823} INFO - Setting next_dagrun for example_xcom_args_with_operators to None, run_after=None
[2025-05-14T00:15:18.065+0000] {processor.py:183} INFO - Processing /home/airflow/.local/lib/python3.8/site-packages/airflow/example_dags/example_xcomargs.py took 0.101 seconds
[2025-05-14T00:15:48.911+0000] {processor.py:161} INFO - Started process (PID=875) to work on /home/airflow/.local/lib/python3.8/site-packages/airflow/example_dags/example_xcomargs.py
[2025-05-14T00:15:48.912+0000] {processor.py:830} INFO - Processing file /home/airflow/.local/lib/python3.8/site-packages/airflow/example_dags/example_xcomargs.py for tasks to queue
[2025-05-14T00:15:48.915+0000] {logging_mixin.py:188} INFO - [2025-05-14T00:15:48.914+0000] {dagbag.py:538} INFO - Filling up the DagBag from /home/airflow/.local/lib/python3.8/site-packages/airflow/example_dags/example_xcomargs.py
[2025-05-14T00:15:48.929+0000] {processor.py:840} INFO - DAG(s) 'example_xcom_args', 'example_xcom_args_with_operators' retrieved from /home/airflow/.local/lib/python3.8/site-packages/airflow/example_dags/example_xcomargs.py
[2025-05-14T00:15:48.995+0000] {logging_mixin.py:188} INFO - [2025-05-14T00:15:48.995+0000] {dag.py:3036} INFO - Sync 2 DAGs
[2025-05-14T00:15:49.022+0000] {logging_mixin.py:188} INFO - [2025-05-14T00:15:49.021+0000] {dag.py:3823} INFO - Setting next_dagrun for example_xcom_args to None, run_after=None
[2025-05-14T00:15:49.028+0000] {logging_mixin.py:188} INFO - [2025-05-14T00:15:49.027+0000] {dag.py:3823} INFO - Setting next_dagrun for example_xcom_args_with_operators to None, run_after=None
[2025-05-14T00:15:49.054+0000] {processor.py:183} INFO - Processing /home/airflow/.local/lib/python3.8/site-packages/airflow/example_dags/example_xcomargs.py took 0.146 seconds
[2025-05-14T00:16:22.866+0000] {processor.py:161} INFO - Started process (PID=931) to work on /home/airflow/.local/lib/python3.8/site-packages/airflow/example_dags/example_xcomargs.py
[2025-05-14T00:16:22.868+0000] {processor.py:830} INFO - Processing file /home/airflow/.local/lib/python3.8/site-packages/airflow/example_dags/example_xcomargs.py for tasks to queue
[2025-05-14T00:16:22.873+0000] {logging_mixin.py:188} INFO - [2025-05-14T00:16:22.872+0000] {dagbag.py:538} INFO - Filling up the DagBag from /home/airflow/.local/lib/python3.8/site-packages/airflow/example_dags/example_xcomargs.py
[2025-05-14T00:16:22.888+0000] {processor.py:840} INFO - DAG(s) 'example_xcom_args', 'example_xcom_args_with_operators' retrieved from /home/airflow/.local/lib/python3.8/site-packages/airflow/example_dags/example_xcomargs.py
[2025-05-14T00:16:22.926+0000] {logging_mixin.py:188} INFO - [2025-05-14T00:16:22.925+0000] {dag.py:3036} INFO - Sync 2 DAGs
[2025-05-14T00:16:22.949+0000] {logging_mixin.py:188} INFO - [2025-05-14T00:16:22.948+0000] {dag.py:3823} INFO - Setting next_dagrun for example_xcom_args to None, run_after=None
[2025-05-14T00:16:22.956+0000] {logging_mixin.py:188} INFO - [2025-05-14T00:16:22.956+0000] {dag.py:3823} INFO - Setting next_dagrun for example_xcom_args_with_operators to None, run_after=None
[2025-05-14T00:16:22.988+0000] {processor.py:183} INFO - Processing /home/airflow/.local/lib/python3.8/site-packages/airflow/example_dags/example_xcomargs.py took 0.127 seconds
[2025-05-14T00:16:53.809+0000] {processor.py:161} INFO - Started process (PID=987) to work on /home/airflow/.local/lib/python3.8/site-packages/airflow/example_dags/example_xcomargs.py
[2025-05-14T00:16:53.811+0000] {processor.py:830} INFO - Processing file /home/airflow/.local/lib/python3.8/site-packages/airflow/example_dags/example_xcomargs.py for tasks to queue
[2025-05-14T00:16:53.815+0000] {logging_mixin.py:188} INFO - [2025-05-14T00:16:53.814+0000] {dagbag.py:538} INFO - Filling up the DagBag from /home/airflow/.local/lib/python3.8/site-packages/airflow/example_dags/example_xcomargs.py
[2025-05-14T00:16:53.825+0000] {processor.py:840} INFO - DAG(s) 'example_xcom_args', 'example_xcom_args_with_operators' retrieved from /home/airflow/.local/lib/python3.8/site-packages/airflow/example_dags/example_xcomargs.py
[2025-05-14T00:16:53.863+0000] {logging_mixin.py:188} INFO - [2025-05-14T00:16:53.862+0000] {dag.py:3036} INFO - Sync 2 DAGs
[2025-05-14T00:16:53.878+0000] {logging_mixin.py:188} INFO - [2025-05-14T00:16:53.878+0000] {dag.py:3823} INFO - Setting next_dagrun for example_xcom_args to None, run_after=None
[2025-05-14T00:16:53.888+0000] {logging_mixin.py:188} INFO - [2025-05-14T00:16:53.887+0000] {dag.py:3823} INFO - Setting next_dagrun for example_xcom_args_with_operators to None, run_after=None
[2025-05-14T00:16:53.916+0000] {processor.py:183} INFO - Processing /home/airflow/.local/lib/python3.8/site-packages/airflow/example_dags/example_xcomargs.py took 0.110 seconds
[2025-05-14T00:17:24.743+0000] {processor.py:161} INFO - Started process (PID=1044) to work on /home/airflow/.local/lib/python3.8/site-packages/airflow/example_dags/example_xcomargs.py
[2025-05-14T00:17:24.745+0000] {processor.py:830} INFO - Processing file /home/airflow/.local/lib/python3.8/site-packages/airflow/example_dags/example_xcomargs.py for tasks to queue
[2025-05-14T00:17:24.747+0000] {logging_mixin.py:188} INFO - [2025-05-14T00:17:24.747+0000] {dagbag.py:538} INFO - Filling up the DagBag from /home/airflow/.local/lib/python3.8/site-packages/airflow/example_dags/example_xcomargs.py
[2025-05-14T00:17:24.758+0000] {processor.py:840} INFO - DAG(s) 'example_xcom_args_with_operators', 'example_xcom_args' retrieved from /home/airflow/.local/lib/python3.8/site-packages/airflow/example_dags/example_xcomargs.py
[2025-05-14T00:17:24.793+0000] {logging_mixin.py:188} INFO - [2025-05-14T00:17:24.792+0000] {dag.py:3036} INFO - Sync 2 DAGs
[2025-05-14T00:17:24.814+0000] {logging_mixin.py:188} INFO - [2025-05-14T00:17:24.813+0000] {dag.py:3823} INFO - Setting next_dagrun for example_xcom_args to None, run_after=None
[2025-05-14T00:17:24.823+0000] {logging_mixin.py:188} INFO - [2025-05-14T00:17:24.822+0000] {dag.py:3823} INFO - Setting next_dagrun for example_xcom_args_with_operators to None, run_after=None
[2025-05-14T00:17:24.861+0000] {processor.py:183} INFO - Processing /home/airflow/.local/lib/python3.8/site-packages/airflow/example_dags/example_xcomargs.py took 0.122 seconds
[2025-05-14T00:17:55.099+0000] {processor.py:161} INFO - Started process (PID=1100) to work on /home/airflow/.local/lib/python3.8/site-packages/airflow/example_dags/example_xcomargs.py
[2025-05-14T00:17:55.101+0000] {processor.py:830} INFO - Processing file /home/airflow/.local/lib/python3.8/site-packages/airflow/example_dags/example_xcomargs.py for tasks to queue
[2025-05-14T00:17:55.103+0000] {logging_mixin.py:188} INFO - [2025-05-14T00:17:55.103+0000] {dagbag.py:538} INFO - Filling up the DagBag from /home/airflow/.local/lib/python3.8/site-packages/airflow/example_dags/example_xcomargs.py
[2025-05-14T00:17:55.111+0000] {processor.py:840} INFO - DAG(s) 'example_xcom_args', 'example_xcom_args_with_operators' retrieved from /home/airflow/.local/lib/python3.8/site-packages/airflow/example_dags/example_xcomargs.py
[2025-05-14T00:17:55.139+0000] {logging_mixin.py:188} INFO - [2025-05-14T00:17:55.138+0000] {dag.py:3036} INFO - Sync 2 DAGs
[2025-05-14T00:17:55.153+0000] {logging_mixin.py:188} INFO - [2025-05-14T00:17:55.153+0000] {dag.py:3823} INFO - Setting next_dagrun for example_xcom_args to None, run_after=None
[2025-05-14T00:17:55.159+0000] {logging_mixin.py:188} INFO - [2025-05-14T00:17:55.159+0000] {dag.py:3823} INFO - Setting next_dagrun for example_xcom_args_with_operators to None, run_after=None
[2025-05-14T00:17:55.184+0000] {processor.py:183} INFO - Processing /home/airflow/.local/lib/python3.8/site-packages/airflow/example_dags/example_xcomargs.py took 0.087 seconds
[2025-05-14T00:18:25.668+0000] {processor.py:161} INFO - Started process (PID=1157) to work on /home/airflow/.local/lib/python3.8/site-packages/airflow/example_dags/example_xcomargs.py
[2025-05-14T00:18:25.670+0000] {processor.py:830} INFO - Processing file /home/airflow/.local/lib/python3.8/site-packages/airflow/example_dags/example_xcomargs.py for tasks to queue
[2025-05-14T00:18:25.675+0000] {logging_mixin.py:188} INFO - [2025-05-14T00:18:25.672+0000] {dagbag.py:538} INFO - Filling up the DagBag from /home/airflow/.local/lib/python3.8/site-packages/airflow/example_dags/example_xcomargs.py
[2025-05-14T00:18:25.687+0000] {processor.py:840} INFO - DAG(s) 'example_xcom_args', 'example_xcom_args_with_operators' retrieved from /home/airflow/.local/lib/python3.8/site-packages/airflow/example_dags/example_xcomargs.py
[2025-05-14T00:18:25.726+0000] {logging_mixin.py:188} INFO - [2025-05-14T00:18:25.725+0000] {dag.py:3036} INFO - Sync 2 DAGs
[2025-05-14T00:18:25.742+0000] {logging_mixin.py:188} INFO - [2025-05-14T00:18:25.742+0000] {dag.py:3823} INFO - Setting next_dagrun for example_xcom_args to None, run_after=None
[2025-05-14T00:18:25.748+0000] {logging_mixin.py:188} INFO - [2025-05-14T00:18:25.748+0000] {dag.py:3823} INFO - Setting next_dagrun for example_xcom_args_with_operators to None, run_after=None
[2025-05-14T00:18:25.786+0000] {processor.py:183} INFO - Processing /home/airflow/.local/lib/python3.8/site-packages/airflow/example_dags/example_xcomargs.py took 0.121 seconds
[2025-05-14T00:18:55.944+0000] {processor.py:161} INFO - Started process (PID=1213) to work on /home/airflow/.local/lib/python3.8/site-packages/airflow/example_dags/example_xcomargs.py
[2025-05-14T00:18:55.945+0000] {processor.py:830} INFO - Processing file /home/airflow/.local/lib/python3.8/site-packages/airflow/example_dags/example_xcomargs.py for tasks to queue
[2025-05-14T00:18:55.947+0000] {logging_mixin.py:188} INFO - [2025-05-14T00:18:55.947+0000] {dagbag.py:538} INFO - Filling up the DagBag from /home/airflow/.local/lib/python3.8/site-packages/airflow/example_dags/example_xcomargs.py
[2025-05-14T00:18:55.957+0000] {processor.py:840} INFO - DAG(s) 'example_xcom_args', 'example_xcom_args_with_operators' retrieved from /home/airflow/.local/lib/python3.8/site-packages/airflow/example_dags/example_xcomargs.py
[2025-05-14T00:18:55.998+0000] {logging_mixin.py:188} INFO - [2025-05-14T00:18:55.998+0000] {dag.py:3036} INFO - Sync 2 DAGs
[2025-05-14T00:18:56.017+0000] {logging_mixin.py:188} INFO - [2025-05-14T00:18:56.016+0000] {dag.py:3823} INFO - Setting next_dagrun for example_xcom_args to None, run_after=None
[2025-05-14T00:18:56.025+0000] {logging_mixin.py:188} INFO - [2025-05-14T00:18:56.025+0000] {dag.py:3823} INFO - Setting next_dagrun for example_xcom_args_with_operators to None, run_after=None
[2025-05-14T00:18:56.063+0000] {processor.py:183} INFO - Processing /home/airflow/.local/lib/python3.8/site-packages/airflow/example_dags/example_xcomargs.py took 0.123 seconds
[2025-05-14T00:19:26.221+0000] {processor.py:161} INFO - Started process (PID=1268) to work on /home/airflow/.local/lib/python3.8/site-packages/airflow/example_dags/example_xcomargs.py
[2025-05-14T00:19:26.223+0000] {processor.py:830} INFO - Processing file /home/airflow/.local/lib/python3.8/site-packages/airflow/example_dags/example_xcomargs.py for tasks to queue
[2025-05-14T00:19:26.227+0000] {logging_mixin.py:188} INFO - [2025-05-14T00:19:26.226+0000] {dagbag.py:538} INFO - Filling up the DagBag from /home/airflow/.local/lib/python3.8/site-packages/airflow/example_dags/example_xcomargs.py
[2025-05-14T00:19:26.236+0000] {processor.py:840} INFO - DAG(s) 'example_xcom_args', 'example_xcom_args_with_operators' retrieved from /home/airflow/.local/lib/python3.8/site-packages/airflow/example_dags/example_xcomargs.py
[2025-05-14T00:19:26.270+0000] {logging_mixin.py:188} INFO - [2025-05-14T00:19:26.269+0000] {dag.py:3036} INFO - Sync 2 DAGs
[2025-05-14T00:19:26.287+0000] {logging_mixin.py:188} INFO - [2025-05-14T00:19:26.286+0000] {dag.py:3823} INFO - Setting next_dagrun for example_xcom_args to None, run_after=None
[2025-05-14T00:19:26.293+0000] {logging_mixin.py:188} INFO - [2025-05-14T00:19:26.293+0000] {dag.py:3823} INFO - Setting next_dagrun for example_xcom_args_with_operators to None, run_after=None
[2025-05-14T00:19:26.317+0000] {processor.py:183} INFO - Processing /home/airflow/.local/lib/python3.8/site-packages/airflow/example_dags/example_xcomargs.py took 0.100 seconds
[2025-05-14T00:19:56.373+0000] {processor.py:161} INFO - Started process (PID=1324) to work on /home/airflow/.local/lib/python3.8/site-packages/airflow/example_dags/example_xcomargs.py
[2025-05-14T00:19:56.376+0000] {processor.py:830} INFO - Processing file /home/airflow/.local/lib/python3.8/site-packages/airflow/example_dags/example_xcomargs.py for tasks to queue
[2025-05-14T00:19:56.381+0000] {logging_mixin.py:188} INFO - [2025-05-14T00:19:56.380+0000] {dagbag.py:538} INFO - Filling up the DagBag from /home/airflow/.local/lib/python3.8/site-packages/airflow/example_dags/example_xcomargs.py
[2025-05-14T00:19:56.396+0000] {processor.py:840} INFO - DAG(s) 'example_xcom_args', 'example_xcom_args_with_operators' retrieved from /home/airflow/.local/lib/python3.8/site-packages/airflow/example_dags/example_xcomargs.py
[2025-05-14T00:19:56.438+0000] {logging_mixin.py:188} INFO - [2025-05-14T00:19:56.437+0000] {dag.py:3036} INFO - Sync 2 DAGs
[2025-05-14T00:19:56.466+0000] {logging_mixin.py:188} INFO - [2025-05-14T00:19:56.465+0000] {dag.py:3823} INFO - Setting next_dagrun for example_xcom_args to None, run_after=None
[2025-05-14T00:19:56.473+0000] {logging_mixin.py:188} INFO - [2025-05-14T00:19:56.473+0000] {dag.py:3823} INFO - Setting next_dagrun for example_xcom_args_with_operators to None, run_after=None
[2025-05-14T00:19:56.529+0000] {processor.py:183} INFO - Processing /home/airflow/.local/lib/python3.8/site-packages/airflow/example_dags/example_xcomargs.py took 0.164 seconds
[2025-05-14T00:20:26.723+0000] {processor.py:161} INFO - Started process (PID=1380) to work on /home/airflow/.local/lib/python3.8/site-packages/airflow/example_dags/example_xcomargs.py
[2025-05-14T00:20:26.726+0000] {processor.py:830} INFO - Processing file /home/airflow/.local/lib/python3.8/site-packages/airflow/example_dags/example_xcomargs.py for tasks to queue
[2025-05-14T00:20:26.729+0000] {logging_mixin.py:188} INFO - [2025-05-14T00:20:26.729+0000] {dagbag.py:538} INFO - Filling up the DagBag from /home/airflow/.local/lib/python3.8/site-packages/airflow/example_dags/example_xcomargs.py
[2025-05-14T00:20:26.741+0000] {processor.py:840} INFO - DAG(s) 'example_xcom_args_with_operators', 'example_xcom_args' retrieved from /home/airflow/.local/lib/python3.8/site-packages/airflow/example_dags/example_xcomargs.py
[2025-05-14T00:20:26.803+0000] {logging_mixin.py:188} INFO - [2025-05-14T00:20:26.803+0000] {dag.py:3036} INFO - Sync 2 DAGs
[2025-05-14T00:20:26.823+0000] {logging_mixin.py:188} INFO - [2025-05-14T00:20:26.823+0000] {dag.py:3823} INFO - Setting next_dagrun for example_xcom_args to None, run_after=None
[2025-05-14T00:20:26.830+0000] {logging_mixin.py:188} INFO - [2025-05-14T00:20:26.830+0000] {dag.py:3823} INFO - Setting next_dagrun for example_xcom_args_with_operators to None, run_after=None
[2025-05-14T00:20:26.867+0000] {processor.py:183} INFO - Processing /home/airflow/.local/lib/python3.8/site-packages/airflow/example_dags/example_xcomargs.py took 0.148 seconds
[2025-05-14T00:20:57.139+0000] {processor.py:161} INFO - Started process (PID=1436) to work on /home/airflow/.local/lib/python3.8/site-packages/airflow/example_dags/example_xcomargs.py
[2025-05-14T00:20:57.141+0000] {processor.py:830} INFO - Processing file /home/airflow/.local/lib/python3.8/site-packages/airflow/example_dags/example_xcomargs.py for tasks to queue
[2025-05-14T00:20:57.145+0000] {logging_mixin.py:188} INFO - [2025-05-14T00:20:57.144+0000] {dagbag.py:538} INFO - Filling up the DagBag from /home/airflow/.local/lib/python3.8/site-packages/airflow/example_dags/example_xcomargs.py
[2025-05-14T00:20:57.155+0000] {processor.py:840} INFO - DAG(s) 'example_xcom_args_with_operators', 'example_xcom_args' retrieved from /home/airflow/.local/lib/python3.8/site-packages/airflow/example_dags/example_xcomargs.py
[2025-05-14T00:20:57.196+0000] {logging_mixin.py:188} INFO - [2025-05-14T00:20:57.195+0000] {dag.py:3036} INFO - Sync 2 DAGs
[2025-05-14T00:20:57.217+0000] {logging_mixin.py:188} INFO - [2025-05-14T00:20:57.216+0000] {dag.py:3823} INFO - Setting next_dagrun for example_xcom_args to None, run_after=None
[2025-05-14T00:20:57.224+0000] {logging_mixin.py:188} INFO - [2025-05-14T00:20:57.224+0000] {dag.py:3823} INFO - Setting next_dagrun for example_xcom_args_with_operators to None, run_after=None
[2025-05-14T00:20:57.256+0000] {processor.py:183} INFO - Processing /home/airflow/.local/lib/python3.8/site-packages/airflow/example_dags/example_xcomargs.py took 0.121 seconds
[2025-05-14T00:21:27.529+0000] {processor.py:161} INFO - Started process (PID=1492) to work on /home/airflow/.local/lib/python3.8/site-packages/airflow/example_dags/example_xcomargs.py
[2025-05-14T00:21:27.530+0000] {processor.py:830} INFO - Processing file /home/airflow/.local/lib/python3.8/site-packages/airflow/example_dags/example_xcomargs.py for tasks to queue
[2025-05-14T00:21:27.534+0000] {logging_mixin.py:188} INFO - [2025-05-14T00:21:27.534+0000] {dagbag.py:538} INFO - Filling up the DagBag from /home/airflow/.local/lib/python3.8/site-packages/airflow/example_dags/example_xcomargs.py
[2025-05-14T00:21:27.545+0000] {processor.py:840} INFO - DAG(s) 'example_xcom_args', 'example_xcom_args_with_operators' retrieved from /home/airflow/.local/lib/python3.8/site-packages/airflow/example_dags/example_xcomargs.py
[2025-05-14T00:21:27.587+0000] {logging_mixin.py:188} INFO - [2025-05-14T00:21:27.586+0000] {dag.py:3036} INFO - Sync 2 DAGs
[2025-05-14T00:21:27.603+0000] {logging_mixin.py:188} INFO - [2025-05-14T00:21:27.603+0000] {dag.py:3823} INFO - Setting next_dagrun for example_xcom_args to None, run_after=None
[2025-05-14T00:21:27.611+0000] {logging_mixin.py:188} INFO - [2025-05-14T00:21:27.611+0000] {dag.py:3823} INFO - Setting next_dagrun for example_xcom_args_with_operators to None, run_after=None
[2025-05-14T00:21:27.645+0000] {processor.py:183} INFO - Processing /home/airflow/.local/lib/python3.8/site-packages/airflow/example_dags/example_xcomargs.py took 0.120 seconds
[2025-05-14T00:21:58.154+0000] {processor.py:161} INFO - Started process (PID=1548) to work on /home/airflow/.local/lib/python3.8/site-packages/airflow/example_dags/example_xcomargs.py
[2025-05-14T00:21:58.155+0000] {processor.py:830} INFO - Processing file /home/airflow/.local/lib/python3.8/site-packages/airflow/example_dags/example_xcomargs.py for tasks to queue
[2025-05-14T00:21:58.157+0000] {logging_mixin.py:188} INFO - [2025-05-14T00:21:58.157+0000] {dagbag.py:538} INFO - Filling up the DagBag from /home/airflow/.local/lib/python3.8/site-packages/airflow/example_dags/example_xcomargs.py
[2025-05-14T00:21:58.175+0000] {processor.py:840} INFO - DAG(s) 'example_xcom_args', 'example_xcom_args_with_operators' retrieved from /home/airflow/.local/lib/python3.8/site-packages/airflow/example_dags/example_xcomargs.py
[2025-05-14T00:21:58.211+0000] {logging_mixin.py:188} INFO - [2025-05-14T00:21:58.211+0000] {dag.py:3036} INFO - Sync 2 DAGs
[2025-05-14T00:21:58.226+0000] {logging_mixin.py:188} INFO - [2025-05-14T00:21:58.226+0000] {dag.py:3823} INFO - Setting next_dagrun for example_xcom_args to None, run_after=None
[2025-05-14T00:21:58.232+0000] {logging_mixin.py:188} INFO - [2025-05-14T00:21:58.232+0000] {dag.py:3823} INFO - Setting next_dagrun for example_xcom_args_with_operators to None, run_after=None
[2025-05-14T00:21:58.264+0000] {processor.py:183} INFO - Processing /home/airflow/.local/lib/python3.8/site-packages/airflow/example_dags/example_xcomargs.py took 0.113 seconds
[2025-05-14T00:22:28.541+0000] {processor.py:161} INFO - Started process (PID=1603) to work on /home/airflow/.local/lib/python3.8/site-packages/airflow/example_dags/example_xcomargs.py
[2025-05-14T00:22:28.543+0000] {processor.py:830} INFO - Processing file /home/airflow/.local/lib/python3.8/site-packages/airflow/example_dags/example_xcomargs.py for tasks to queue
[2025-05-14T00:22:28.544+0000] {logging_mixin.py:188} INFO - [2025-05-14T00:22:28.544+0000] {dagbag.py:538} INFO - Filling up the DagBag from /home/airflow/.local/lib/python3.8/site-packages/airflow/example_dags/example_xcomargs.py
[2025-05-14T00:22:28.552+0000] {processor.py:840} INFO - DAG(s) 'example_xcom_args', 'example_xcom_args_with_operators' retrieved from /home/airflow/.local/lib/python3.8/site-packages/airflow/example_dags/example_xcomargs.py
[2025-05-14T00:22:28.577+0000] {logging_mixin.py:188} INFO - [2025-05-14T00:22:28.577+0000] {dag.py:3036} INFO - Sync 2 DAGs
[2025-05-14T00:22:28.592+0000] {logging_mixin.py:188} INFO - [2025-05-14T00:22:28.592+0000] {dag.py:3823} INFO - Setting next_dagrun for example_xcom_args to None, run_after=None
[2025-05-14T00:22:28.597+0000] {logging_mixin.py:188} INFO - [2025-05-14T00:22:28.597+0000] {dag.py:3823} INFO - Setting next_dagrun for example_xcom_args_with_operators to None, run_after=None
[2025-05-14T00:22:28.619+0000] {processor.py:183} INFO - Processing /home/airflow/.local/lib/python3.8/site-packages/airflow/example_dags/example_xcomargs.py took 0.080 seconds
[2025-05-14T00:22:59.022+0000] {processor.py:161} INFO - Started process (PID=1659) to work on /home/airflow/.local/lib/python3.8/site-packages/airflow/example_dags/example_xcomargs.py
[2025-05-14T00:22:59.023+0000] {processor.py:830} INFO - Processing file /home/airflow/.local/lib/python3.8/site-packages/airflow/example_dags/example_xcomargs.py for tasks to queue
[2025-05-14T00:22:59.025+0000] {logging_mixin.py:188} INFO - [2025-05-14T00:22:59.025+0000] {dagbag.py:538} INFO - Filling up the DagBag from /home/airflow/.local/lib/python3.8/site-packages/airflow/example_dags/example_xcomargs.py
[2025-05-14T00:22:59.034+0000] {processor.py:840} INFO - DAG(s) 'example_xcom_args_with_operators', 'example_xcom_args' retrieved from /home/airflow/.local/lib/python3.8/site-packages/airflow/example_dags/example_xcomargs.py
[2025-05-14T00:22:59.066+0000] {logging_mixin.py:188} INFO - [2025-05-14T00:22:59.066+0000] {dag.py:3036} INFO - Sync 2 DAGs
[2025-05-14T00:22:59.084+0000] {logging_mixin.py:188} INFO - [2025-05-14T00:22:59.084+0000] {dag.py:3823} INFO - Setting next_dagrun for example_xcom_args to None, run_after=None
[2025-05-14T00:22:59.089+0000] {logging_mixin.py:188} INFO - [2025-05-14T00:22:59.089+0000] {dag.py:3823} INFO - Setting next_dagrun for example_xcom_args_with_operators to None, run_after=None
[2025-05-14T00:22:59.125+0000] {processor.py:183} INFO - Processing /home/airflow/.local/lib/python3.8/site-packages/airflow/example_dags/example_xcomargs.py took 0.105 seconds
[2025-05-14T00:23:29.895+0000] {processor.py:161} INFO - Started process (PID=1715) to work on /home/airflow/.local/lib/python3.8/site-packages/airflow/example_dags/example_xcomargs.py
[2025-05-14T00:23:29.897+0000] {processor.py:830} INFO - Processing file /home/airflow/.local/lib/python3.8/site-packages/airflow/example_dags/example_xcomargs.py for tasks to queue
[2025-05-14T00:23:29.900+0000] {logging_mixin.py:188} INFO - [2025-05-14T00:23:29.900+0000] {dagbag.py:538} INFO - Filling up the DagBag from /home/airflow/.local/lib/python3.8/site-packages/airflow/example_dags/example_xcomargs.py
[2025-05-14T00:23:29.910+0000] {processor.py:840} INFO - DAG(s) 'example_xcom_args_with_operators', 'example_xcom_args' retrieved from /home/airflow/.local/lib/python3.8/site-packages/airflow/example_dags/example_xcomargs.py
[2025-05-14T00:23:29.937+0000] {logging_mixin.py:188} INFO - [2025-05-14T00:23:29.937+0000] {dag.py:3036} INFO - Sync 2 DAGs
[2025-05-14T00:23:29.952+0000] {logging_mixin.py:188} INFO - [2025-05-14T00:23:29.951+0000] {dag.py:3823} INFO - Setting next_dagrun for example_xcom_args to None, run_after=None
[2025-05-14T00:23:29.956+0000] {logging_mixin.py:188} INFO - [2025-05-14T00:23:29.956+0000] {dag.py:3823} INFO - Setting next_dagrun for example_xcom_args_with_operators to None, run_after=None
[2025-05-14T00:23:29.975+0000] {processor.py:183} INFO - Processing /home/airflow/.local/lib/python3.8/site-packages/airflow/example_dags/example_xcomargs.py took 0.083 seconds
