[2025-05-14T00:08:22.518+0000] {processor.py:161} INFO - Started process (PID=69) to work on /home/airflow/.local/lib/python3.8/site-packages/airflow/example_dags/example_branch_day_of_week_operator.py
[2025-05-14T00:08:22.521+0000] {processor.py:830} INFO - Processing file /home/airflow/.local/lib/python3.8/site-packages/airflow/example_dags/example_branch_day_of_week_operator.py for tasks to queue
[2025-05-14T00:08:22.525+0000] {logging_mixin.py:188} INFO - [2025-05-14T00:08:22.525+0000] {dagbag.py:538} INFO - Filling up the DagBag from /home/airflow/.local/lib/python3.8/site-packages/airflow/example_dags/example_branch_day_of_week_operator.py
[2025-05-14T00:08:22.555+0000] {processor.py:840} INFO - DAG(s) 'example_weekday_branch_operator' retrieved from /home/airflow/.local/lib/python3.8/site-packages/airflow/example_dags/example_branch_day_of_week_operator.py
[2025-05-14T00:08:22.765+0000] {logging_mixin.py:188} INFO - [2025-05-14T00:08:22.763+0000] {dag.py:3036} INFO - Sync 1 DAGs
[2025-05-14T00:08:22.885+0000] {logging_mixin.py:188} INFO - [2025-05-14T00:08:22.885+0000] {dag.py:3823} INFO - Setting next_dagrun for example_weekday_branch_operator to 2025-05-13 00:00:00+00:00, run_after=2025-05-14 00:00:00+00:00
[2025-05-14T00:08:22.942+0000] {processor.py:183} INFO - Processing /home/airflow/.local/lib/python3.8/site-packages/airflow/example_dags/example_branch_day_of_week_operator.py took 0.453 seconds
[2025-05-14T00:08:54.335+0000] {processor.py:161} INFO - Started process (PID=125) to work on /home/airflow/.local/lib/python3.8/site-packages/airflow/example_dags/example_branch_day_of_week_operator.py
[2025-05-14T00:08:54.341+0000] {processor.py:830} INFO - Processing file /home/airflow/.local/lib/python3.8/site-packages/airflow/example_dags/example_branch_day_of_week_operator.py for tasks to queue
[2025-05-14T00:08:54.344+0000] {logging_mixin.py:188} INFO - [2025-05-14T00:08:54.343+0000] {dagbag.py:538} INFO - Filling up the DagBag from /home/airflow/.local/lib/python3.8/site-packages/airflow/example_dags/example_branch_day_of_week_operator.py
[2025-05-14T00:08:54.380+0000] {processor.py:840} INFO - DAG(s) 'example_weekday_branch_operator' retrieved from /home/airflow/.local/lib/python3.8/site-packages/airflow/example_dags/example_branch_day_of_week_operator.py
[2025-05-14T00:08:54.435+0000] {logging_mixin.py:188} INFO - [2025-05-14T00:08:54.433+0000] {dag.py:3036} INFO - Sync 1 DAGs
[2025-05-14T00:08:54.493+0000] {logging_mixin.py:188} INFO - [2025-05-14T00:08:54.492+0000] {dag.py:3823} INFO - Setting next_dagrun for example_weekday_branch_operator to 2025-05-13 00:00:00+00:00, run_after=2025-05-14 00:00:00+00:00
[2025-05-14T00:08:54.525+0000] {processor.py:183} INFO - Processing /home/airflow/.local/lib/python3.8/site-packages/airflow/example_dags/example_branch_day_of_week_operator.py took 0.194 seconds
[2025-05-14T00:09:24.991+0000] {processor.py:161} INFO - Started process (PID=179) to work on /home/airflow/.local/lib/python3.8/site-packages/airflow/example_dags/example_branch_day_of_week_operator.py
[2025-05-14T00:09:24.993+0000] {processor.py:830} INFO - Processing file /home/airflow/.local/lib/python3.8/site-packages/airflow/example_dags/example_branch_day_of_week_operator.py for tasks to queue
[2025-05-14T00:09:24.995+0000] {logging_mixin.py:188} INFO - [2025-05-14T00:09:24.995+0000] {dagbag.py:538} INFO - Filling up the DagBag from /home/airflow/.local/lib/python3.8/site-packages/airflow/example_dags/example_branch_day_of_week_operator.py
[2025-05-14T00:09:25.003+0000] {processor.py:840} INFO - DAG(s) 'example_weekday_branch_operator' retrieved from /home/airflow/.local/lib/python3.8/site-packages/airflow/example_dags/example_branch_day_of_week_operator.py
[2025-05-14T00:09:25.028+0000] {logging_mixin.py:188} INFO - [2025-05-14T00:09:25.028+0000] {dag.py:3036} INFO - Sync 1 DAGs
[2025-05-14T00:09:25.054+0000] {logging_mixin.py:188} INFO - [2025-05-14T00:09:25.053+0000] {dag.py:3823} INFO - Setting next_dagrun for example_weekday_branch_operator to 2025-05-13 00:00:00+00:00, run_after=2025-05-14 00:00:00+00:00
[2025-05-14T00:09:25.080+0000] {processor.py:183} INFO - Processing /home/airflow/.local/lib/python3.8/site-packages/airflow/example_dags/example_branch_day_of_week_operator.py took 0.091 seconds
[2025-05-14T00:09:55.832+0000] {processor.py:161} INFO - Started process (PID=235) to work on /home/airflow/.local/lib/python3.8/site-packages/airflow/example_dags/example_branch_day_of_week_operator.py
[2025-05-14T00:09:55.842+0000] {processor.py:830} INFO - Processing file /home/airflow/.local/lib/python3.8/site-packages/airflow/example_dags/example_branch_day_of_week_operator.py for tasks to queue
[2025-05-14T00:09:55.850+0000] {logging_mixin.py:188} INFO - [2025-05-14T00:09:55.850+0000] {dagbag.py:538} INFO - Filling up the DagBag from /home/airflow/.local/lib/python3.8/site-packages/airflow/example_dags/example_branch_day_of_week_operator.py
[2025-05-14T00:09:55.863+0000] {processor.py:840} INFO - DAG(s) 'example_weekday_branch_operator' retrieved from /home/airflow/.local/lib/python3.8/site-packages/airflow/example_dags/example_branch_day_of_week_operator.py
[2025-05-14T00:09:55.909+0000] {logging_mixin.py:188} INFO - [2025-05-14T00:09:55.908+0000] {dag.py:3036} INFO - Sync 1 DAGs
[2025-05-14T00:09:55.988+0000] {logging_mixin.py:188} INFO - [2025-05-14T00:09:55.988+0000] {dag.py:3823} INFO - Setting next_dagrun for example_weekday_branch_operator to 2025-05-13 00:00:00+00:00, run_after=2025-05-14 00:00:00+00:00
[2025-05-14T00:09:56.039+0000] {processor.py:183} INFO - Processing /home/airflow/.local/lib/python3.8/site-packages/airflow/example_dags/example_branch_day_of_week_operator.py took 0.210 seconds
[2025-05-14T00:10:26.996+0000] {processor.py:161} INFO - Started process (PID=291) to work on /home/airflow/.local/lib/python3.8/site-packages/airflow/example_dags/example_branch_day_of_week_operator.py
[2025-05-14T00:10:26.997+0000] {processor.py:830} INFO - Processing file /home/airflow/.local/lib/python3.8/site-packages/airflow/example_dags/example_branch_day_of_week_operator.py for tasks to queue
[2025-05-14T00:10:27.001+0000] {logging_mixin.py:188} INFO - [2025-05-14T00:10:27.001+0000] {dagbag.py:538} INFO - Filling up the DagBag from /home/airflow/.local/lib/python3.8/site-packages/airflow/example_dags/example_branch_day_of_week_operator.py
[2025-05-14T00:10:27.010+0000] {processor.py:840} INFO - DAG(s) 'example_weekday_branch_operator' retrieved from /home/airflow/.local/lib/python3.8/site-packages/airflow/example_dags/example_branch_day_of_week_operator.py
[2025-05-14T00:10:27.042+0000] {logging_mixin.py:188} INFO - [2025-05-14T00:10:27.042+0000] {dag.py:3036} INFO - Sync 1 DAGs
[2025-05-14T00:10:27.075+0000] {logging_mixin.py:188} INFO - [2025-05-14T00:10:27.075+0000] {dag.py:3823} INFO - Setting next_dagrun for example_weekday_branch_operator to 2025-05-13 00:00:00+00:00, run_after=2025-05-14 00:00:00+00:00
[2025-05-14T00:10:27.101+0000] {processor.py:183} INFO - Processing /home/airflow/.local/lib/python3.8/site-packages/airflow/example_dags/example_branch_day_of_week_operator.py took 0.109 seconds
[2025-05-14T00:10:57.278+0000] {processor.py:161} INFO - Started process (PID=347) to work on /home/airflow/.local/lib/python3.8/site-packages/airflow/example_dags/example_branch_day_of_week_operator.py
[2025-05-14T00:10:57.280+0000] {processor.py:830} INFO - Processing file /home/airflow/.local/lib/python3.8/site-packages/airflow/example_dags/example_branch_day_of_week_operator.py for tasks to queue
[2025-05-14T00:10:57.285+0000] {logging_mixin.py:188} INFO - [2025-05-14T00:10:57.284+0000] {dagbag.py:538} INFO - Filling up the DagBag from /home/airflow/.local/lib/python3.8/site-packages/airflow/example_dags/example_branch_day_of_week_operator.py
[2025-05-14T00:10:57.297+0000] {processor.py:840} INFO - DAG(s) 'example_weekday_branch_operator' retrieved from /home/airflow/.local/lib/python3.8/site-packages/airflow/example_dags/example_branch_day_of_week_operator.py
[2025-05-14T00:10:57.380+0000] {logging_mixin.py:188} INFO - [2025-05-14T00:10:57.379+0000] {dag.py:3036} INFO - Sync 1 DAGs
[2025-05-14T00:10:57.486+0000] {logging_mixin.py:188} INFO - [2025-05-14T00:10:57.485+0000] {dag.py:3823} INFO - Setting next_dagrun for example_weekday_branch_operator to 2025-05-13 00:00:00+00:00, run_after=2025-05-14 00:00:00+00:00
[2025-05-14T00:10:57.541+0000] {processor.py:183} INFO - Processing /home/airflow/.local/lib/python3.8/site-packages/airflow/example_dags/example_branch_day_of_week_operator.py took 0.266 seconds
[2025-05-14T00:11:28.106+0000] {processor.py:161} INFO - Started process (PID=403) to work on /home/airflow/.local/lib/python3.8/site-packages/airflow/example_dags/example_branch_day_of_week_operator.py
[2025-05-14T00:11:28.108+0000] {processor.py:830} INFO - Processing file /home/airflow/.local/lib/python3.8/site-packages/airflow/example_dags/example_branch_day_of_week_operator.py for tasks to queue
[2025-05-14T00:11:28.110+0000] {logging_mixin.py:188} INFO - [2025-05-14T00:11:28.109+0000] {dagbag.py:538} INFO - Filling up the DagBag from /home/airflow/.local/lib/python3.8/site-packages/airflow/example_dags/example_branch_day_of_week_operator.py
[2025-05-14T00:11:28.118+0000] {processor.py:840} INFO - DAG(s) 'example_weekday_branch_operator' retrieved from /home/airflow/.local/lib/python3.8/site-packages/airflow/example_dags/example_branch_day_of_week_operator.py
[2025-05-14T00:11:28.142+0000] {logging_mixin.py:188} INFO - [2025-05-14T00:11:28.142+0000] {dag.py:3036} INFO - Sync 1 DAGs
[2025-05-14T00:11:28.170+0000] {logging_mixin.py:188} INFO - [2025-05-14T00:11:28.170+0000] {dag.py:3823} INFO - Setting next_dagrun for example_weekday_branch_operator to 2025-05-13 00:00:00+00:00, run_after=2025-05-14 00:00:00+00:00
[2025-05-14T00:11:28.194+0000] {processor.py:183} INFO - Processing /home/airflow/.local/lib/python3.8/site-packages/airflow/example_dags/example_branch_day_of_week_operator.py took 0.091 seconds
[2025-05-14T00:11:58.698+0000] {processor.py:161} INFO - Started process (PID=459) to work on /home/airflow/.local/lib/python3.8/site-packages/airflow/example_dags/example_branch_day_of_week_operator.py
[2025-05-14T00:11:58.700+0000] {processor.py:830} INFO - Processing file /home/airflow/.local/lib/python3.8/site-packages/airflow/example_dags/example_branch_day_of_week_operator.py for tasks to queue
[2025-05-14T00:11:58.706+0000] {logging_mixin.py:188} INFO - [2025-05-14T00:11:58.705+0000] {dagbag.py:538} INFO - Filling up the DagBag from /home/airflow/.local/lib/python3.8/site-packages/airflow/example_dags/example_branch_day_of_week_operator.py
[2025-05-14T00:11:58.723+0000] {processor.py:840} INFO - DAG(s) 'example_weekday_branch_operator' retrieved from /home/airflow/.local/lib/python3.8/site-packages/airflow/example_dags/example_branch_day_of_week_operator.py
[2025-05-14T00:11:58.760+0000] {logging_mixin.py:188} INFO - [2025-05-14T00:11:58.758+0000] {dag.py:3036} INFO - Sync 1 DAGs
[2025-05-14T00:11:58.799+0000] {logging_mixin.py:188} INFO - [2025-05-14T00:11:58.799+0000] {dag.py:3823} INFO - Setting next_dagrun for example_weekday_branch_operator to 2025-05-13 00:00:00+00:00, run_after=2025-05-14 00:00:00+00:00
[2025-05-14T00:11:58.889+0000] {processor.py:183} INFO - Processing /home/airflow/.local/lib/python3.8/site-packages/airflow/example_dags/example_branch_day_of_week_operator.py took 0.195 seconds
[2025-05-14T00:12:29.050+0000] {processor.py:161} INFO - Started process (PID=515) to work on /home/airflow/.local/lib/python3.8/site-packages/airflow/example_dags/example_branch_day_of_week_operator.py
[2025-05-14T00:12:29.052+0000] {processor.py:830} INFO - Processing file /home/airflow/.local/lib/python3.8/site-packages/airflow/example_dags/example_branch_day_of_week_operator.py for tasks to queue
[2025-05-14T00:12:29.056+0000] {logging_mixin.py:188} INFO - [2025-05-14T00:12:29.055+0000] {dagbag.py:538} INFO - Filling up the DagBag from /home/airflow/.local/lib/python3.8/site-packages/airflow/example_dags/example_branch_day_of_week_operator.py
[2025-05-14T00:12:29.067+0000] {processor.py:840} INFO - DAG(s) 'example_weekday_branch_operator' retrieved from /home/airflow/.local/lib/python3.8/site-packages/airflow/example_dags/example_branch_day_of_week_operator.py
[2025-05-14T00:12:29.100+0000] {logging_mixin.py:188} INFO - [2025-05-14T00:12:29.099+0000] {dag.py:3036} INFO - Sync 1 DAGs
[2025-05-14T00:12:29.138+0000] {logging_mixin.py:188} INFO - [2025-05-14T00:12:29.138+0000] {dag.py:3823} INFO - Setting next_dagrun for example_weekday_branch_operator to 2025-05-13 00:00:00+00:00, run_after=2025-05-14 00:00:00+00:00
[2025-05-14T00:12:29.174+0000] {processor.py:183} INFO - Processing /home/airflow/.local/lib/python3.8/site-packages/airflow/example_dags/example_branch_day_of_week_operator.py took 0.128 seconds
[2025-05-14T00:12:59.647+0000] {processor.py:161} INFO - Started process (PID=571) to work on /home/airflow/.local/lib/python3.8/site-packages/airflow/example_dags/example_branch_day_of_week_operator.py
[2025-05-14T00:12:59.648+0000] {processor.py:830} INFO - Processing file /home/airflow/.local/lib/python3.8/site-packages/airflow/example_dags/example_branch_day_of_week_operator.py for tasks to queue
[2025-05-14T00:12:59.651+0000] {logging_mixin.py:188} INFO - [2025-05-14T00:12:59.650+0000] {dagbag.py:538} INFO - Filling up the DagBag from /home/airflow/.local/lib/python3.8/site-packages/airflow/example_dags/example_branch_day_of_week_operator.py
[2025-05-14T00:12:59.658+0000] {processor.py:840} INFO - DAG(s) 'example_weekday_branch_operator' retrieved from /home/airflow/.local/lib/python3.8/site-packages/airflow/example_dags/example_branch_day_of_week_operator.py
[2025-05-14T00:12:59.679+0000] {logging_mixin.py:188} INFO - [2025-05-14T00:12:59.679+0000] {dag.py:3036} INFO - Sync 1 DAGs
[2025-05-14T00:12:59.705+0000] {logging_mixin.py:188} INFO - [2025-05-14T00:12:59.704+0000] {dag.py:3823} INFO - Setting next_dagrun for example_weekday_branch_operator to 2025-05-13 00:00:00+00:00, run_after=2025-05-14 00:00:00+00:00
[2025-05-14T00:12:59.728+0000] {processor.py:183} INFO - Processing /home/airflow/.local/lib/python3.8/site-packages/airflow/example_dags/example_branch_day_of_week_operator.py took 0.084 seconds
[2025-05-14T00:13:30.212+0000] {processor.py:161} INFO - Started process (PID=627) to work on /home/airflow/.local/lib/python3.8/site-packages/airflow/example_dags/example_branch_day_of_week_operator.py
[2025-05-14T00:13:30.214+0000] {processor.py:830} INFO - Processing file /home/airflow/.local/lib/python3.8/site-packages/airflow/example_dags/example_branch_day_of_week_operator.py for tasks to queue
[2025-05-14T00:13:30.218+0000] {logging_mixin.py:188} INFO - [2025-05-14T00:13:30.218+0000] {dagbag.py:538} INFO - Filling up the DagBag from /home/airflow/.local/lib/python3.8/site-packages/airflow/example_dags/example_branch_day_of_week_operator.py
[2025-05-14T00:13:30.226+0000] {processor.py:840} INFO - DAG(s) 'example_weekday_branch_operator' retrieved from /home/airflow/.local/lib/python3.8/site-packages/airflow/example_dags/example_branch_day_of_week_operator.py
[2025-05-14T00:13:30.249+0000] {logging_mixin.py:188} INFO - [2025-05-14T00:13:30.248+0000] {dag.py:3036} INFO - Sync 1 DAGs
[2025-05-14T00:13:30.274+0000] {logging_mixin.py:188} INFO - [2025-05-14T00:13:30.274+0000] {dag.py:3823} INFO - Setting next_dagrun for example_weekday_branch_operator to 2025-05-13 00:00:00+00:00, run_after=2025-05-14 00:00:00+00:00
[2025-05-14T00:13:30.295+0000] {processor.py:183} INFO - Processing /home/airflow/.local/lib/python3.8/site-packages/airflow/example_dags/example_branch_day_of_week_operator.py took 0.087 seconds
[2025-05-14T00:14:00.719+0000] {processor.py:161} INFO - Started process (PID=683) to work on /home/airflow/.local/lib/python3.8/site-packages/airflow/example_dags/example_branch_day_of_week_operator.py
[2025-05-14T00:14:00.720+0000] {processor.py:830} INFO - Processing file /home/airflow/.local/lib/python3.8/site-packages/airflow/example_dags/example_branch_day_of_week_operator.py for tasks to queue
[2025-05-14T00:14:00.722+0000] {logging_mixin.py:188} INFO - [2025-05-14T00:14:00.722+0000] {dagbag.py:538} INFO - Filling up the DagBag from /home/airflow/.local/lib/python3.8/site-packages/airflow/example_dags/example_branch_day_of_week_operator.py
[2025-05-14T00:14:00.733+0000] {processor.py:840} INFO - DAG(s) 'example_weekday_branch_operator' retrieved from /home/airflow/.local/lib/python3.8/site-packages/airflow/example_dags/example_branch_day_of_week_operator.py
[2025-05-14T00:14:00.760+0000] {logging_mixin.py:188} INFO - [2025-05-14T00:14:00.759+0000] {dag.py:3036} INFO - Sync 1 DAGs
[2025-05-14T00:14:00.789+0000] {logging_mixin.py:188} INFO - [2025-05-14T00:14:00.788+0000] {dag.py:3823} INFO - Setting next_dagrun for example_weekday_branch_operator to 2025-05-13 00:00:00+00:00, run_after=2025-05-14 00:00:00+00:00
[2025-05-14T00:14:00.819+0000] {processor.py:183} INFO - Processing /home/airflow/.local/lib/python3.8/site-packages/airflow/example_dags/example_branch_day_of_week_operator.py took 0.102 seconds
[2025-05-14T00:14:30.855+0000] {processor.py:161} INFO - Started process (PID=739) to work on /home/airflow/.local/lib/python3.8/site-packages/airflow/example_dags/example_branch_day_of_week_operator.py
[2025-05-14T00:14:30.856+0000] {processor.py:830} INFO - Processing file /home/airflow/.local/lib/python3.8/site-packages/airflow/example_dags/example_branch_day_of_week_operator.py for tasks to queue
[2025-05-14T00:14:30.858+0000] {logging_mixin.py:188} INFO - [2025-05-14T00:14:30.858+0000] {dagbag.py:538} INFO - Filling up the DagBag from /home/airflow/.local/lib/python3.8/site-packages/airflow/example_dags/example_branch_day_of_week_operator.py
[2025-05-14T00:14:30.867+0000] {processor.py:840} INFO - DAG(s) 'example_weekday_branch_operator' retrieved from /home/airflow/.local/lib/python3.8/site-packages/airflow/example_dags/example_branch_day_of_week_operator.py
[2025-05-14T00:14:30.903+0000] {logging_mixin.py:188} INFO - [2025-05-14T00:14:30.903+0000] {dag.py:3036} INFO - Sync 1 DAGs
[2025-05-14T00:14:30.928+0000] {logging_mixin.py:188} INFO - [2025-05-14T00:14:30.927+0000] {dag.py:3823} INFO - Setting next_dagrun for example_weekday_branch_operator to 2025-05-13 00:00:00+00:00, run_after=2025-05-14 00:00:00+00:00
[2025-05-14T00:14:30.957+0000] {processor.py:183} INFO - Processing /home/airflow/.local/lib/python3.8/site-packages/airflow/example_dags/example_branch_day_of_week_operator.py took 0.105 seconds
[2025-05-14T00:15:01.457+0000] {processor.py:161} INFO - Started process (PID=795) to work on /home/airflow/.local/lib/python3.8/site-packages/airflow/example_dags/example_branch_day_of_week_operator.py
[2025-05-14T00:15:01.459+0000] {processor.py:830} INFO - Processing file /home/airflow/.local/lib/python3.8/site-packages/airflow/example_dags/example_branch_day_of_week_operator.py for tasks to queue
[2025-05-14T00:15:01.461+0000] {logging_mixin.py:188} INFO - [2025-05-14T00:15:01.460+0000] {dagbag.py:538} INFO - Filling up the DagBag from /home/airflow/.local/lib/python3.8/site-packages/airflow/example_dags/example_branch_day_of_week_operator.py
[2025-05-14T00:15:01.470+0000] {processor.py:840} INFO - DAG(s) 'example_weekday_branch_operator' retrieved from /home/airflow/.local/lib/python3.8/site-packages/airflow/example_dags/example_branch_day_of_week_operator.py
[2025-05-14T00:15:01.493+0000] {logging_mixin.py:188} INFO - [2025-05-14T00:15:01.493+0000] {dag.py:3036} INFO - Sync 1 DAGs
[2025-05-14T00:15:01.521+0000] {logging_mixin.py:188} INFO - [2025-05-14T00:15:01.521+0000] {dag.py:3823} INFO - Setting next_dagrun for example_weekday_branch_operator to 2025-05-13 00:00:00+00:00, run_after=2025-05-14 00:00:00+00:00
[2025-05-14T00:15:01.580+0000] {processor.py:183} INFO - Processing /home/airflow/.local/lib/python3.8/site-packages/airflow/example_dags/example_branch_day_of_week_operator.py took 0.126 seconds
[2025-05-14T00:15:32.074+0000] {processor.py:161} INFO - Started process (PID=851) to work on /home/airflow/.local/lib/python3.8/site-packages/airflow/example_dags/example_branch_day_of_week_operator.py
[2025-05-14T00:15:32.075+0000] {processor.py:830} INFO - Processing file /home/airflow/.local/lib/python3.8/site-packages/airflow/example_dags/example_branch_day_of_week_operator.py for tasks to queue
[2025-05-14T00:15:32.077+0000] {logging_mixin.py:188} INFO - [2025-05-14T00:15:32.077+0000] {dagbag.py:538} INFO - Filling up the DagBag from /home/airflow/.local/lib/python3.8/site-packages/airflow/example_dags/example_branch_day_of_week_operator.py
[2025-05-14T00:15:32.085+0000] {processor.py:840} INFO - DAG(s) 'example_weekday_branch_operator' retrieved from /home/airflow/.local/lib/python3.8/site-packages/airflow/example_dags/example_branch_day_of_week_operator.py
[2025-05-14T00:15:32.106+0000] {logging_mixin.py:188} INFO - [2025-05-14T00:15:32.106+0000] {dag.py:3036} INFO - Sync 1 DAGs
[2025-05-14T00:15:32.131+0000] {logging_mixin.py:188} INFO - [2025-05-14T00:15:32.131+0000] {dag.py:3823} INFO - Setting next_dagrun for example_weekday_branch_operator to 2025-05-13 00:00:00+00:00, run_after=2025-05-14 00:00:00+00:00
[2025-05-14T00:15:32.155+0000] {processor.py:183} INFO - Processing /home/airflow/.local/lib/python3.8/site-packages/airflow/example_dags/example_branch_day_of_week_operator.py took 0.084 seconds
[2025-05-14T00:16:03.381+0000] {processor.py:161} INFO - Started process (PID=906) to work on /home/airflow/.local/lib/python3.8/site-packages/airflow/example_dags/example_branch_day_of_week_operator.py
[2025-05-14T00:16:03.390+0000] {processor.py:830} INFO - Processing file /home/airflow/.local/lib/python3.8/site-packages/airflow/example_dags/example_branch_day_of_week_operator.py for tasks to queue
[2025-05-14T00:16:03.393+0000] {logging_mixin.py:188} INFO - [2025-05-14T00:16:03.393+0000] {dagbag.py:538} INFO - Filling up the DagBag from /home/airflow/.local/lib/python3.8/site-packages/airflow/example_dags/example_branch_day_of_week_operator.py
[2025-05-14T00:16:03.429+0000] {processor.py:840} INFO - DAG(s) 'example_weekday_branch_operator' retrieved from /home/airflow/.local/lib/python3.8/site-packages/airflow/example_dags/example_branch_day_of_week_operator.py
[2025-05-14T00:16:03.498+0000] {logging_mixin.py:188} INFO - [2025-05-14T00:16:03.497+0000] {dag.py:3036} INFO - Sync 1 DAGs
[2025-05-14T00:16:03.826+0000] {logging_mixin.py:188} INFO - [2025-05-14T00:16:03.826+0000] {dag.py:3823} INFO - Setting next_dagrun for example_weekday_branch_operator to 2025-05-13 00:00:00+00:00, run_after=2025-05-14 00:00:00+00:00
[2025-05-14T00:16:04.187+0000] {processor.py:183} INFO - Processing /home/airflow/.local/lib/python3.8/site-packages/airflow/example_dags/example_branch_day_of_week_operator.py took 0.812 seconds
[2025-05-14T00:16:34.325+0000] {processor.py:161} INFO - Started process (PID=962) to work on /home/airflow/.local/lib/python3.8/site-packages/airflow/example_dags/example_branch_day_of_week_operator.py
[2025-05-14T00:16:34.326+0000] {processor.py:830} INFO - Processing file /home/airflow/.local/lib/python3.8/site-packages/airflow/example_dags/example_branch_day_of_week_operator.py for tasks to queue
[2025-05-14T00:16:34.329+0000] {logging_mixin.py:188} INFO - [2025-05-14T00:16:34.328+0000] {dagbag.py:538} INFO - Filling up the DagBag from /home/airflow/.local/lib/python3.8/site-packages/airflow/example_dags/example_branch_day_of_week_operator.py
[2025-05-14T00:16:34.340+0000] {processor.py:840} INFO - DAG(s) 'example_weekday_branch_operator' retrieved from /home/airflow/.local/lib/python3.8/site-packages/airflow/example_dags/example_branch_day_of_week_operator.py
[2025-05-14T00:16:34.386+0000] {logging_mixin.py:188} INFO - [2025-05-14T00:16:34.385+0000] {dag.py:3036} INFO - Sync 1 DAGs
[2025-05-14T00:16:34.427+0000] {logging_mixin.py:188} INFO - [2025-05-14T00:16:34.427+0000] {dag.py:3823} INFO - Setting next_dagrun for example_weekday_branch_operator to 2025-05-13 00:00:00+00:00, run_after=2025-05-14 00:00:00+00:00
[2025-05-14T00:16:34.485+0000] {processor.py:183} INFO - Processing /home/airflow/.local/lib/python3.8/site-packages/airflow/example_dags/example_branch_day_of_week_operator.py took 0.165 seconds
[2025-05-14T00:17:04.881+0000] {processor.py:161} INFO - Started process (PID=1017) to work on /home/airflow/.local/lib/python3.8/site-packages/airflow/example_dags/example_branch_day_of_week_operator.py
[2025-05-14T00:17:04.883+0000] {processor.py:830} INFO - Processing file /home/airflow/.local/lib/python3.8/site-packages/airflow/example_dags/example_branch_day_of_week_operator.py for tasks to queue
[2025-05-14T00:17:04.885+0000] {logging_mixin.py:188} INFO - [2025-05-14T00:17:04.885+0000] {dagbag.py:538} INFO - Filling up the DagBag from /home/airflow/.local/lib/python3.8/site-packages/airflow/example_dags/example_branch_day_of_week_operator.py
[2025-05-14T00:17:04.895+0000] {processor.py:840} INFO - DAG(s) 'example_weekday_branch_operator' retrieved from /home/airflow/.local/lib/python3.8/site-packages/airflow/example_dags/example_branch_day_of_week_operator.py
[2025-05-14T00:17:04.920+0000] {logging_mixin.py:188} INFO - [2025-05-14T00:17:04.919+0000] {dag.py:3036} INFO - Sync 1 DAGs
[2025-05-14T00:17:04.948+0000] {logging_mixin.py:188} INFO - [2025-05-14T00:17:04.948+0000] {dag.py:3823} INFO - Setting next_dagrun for example_weekday_branch_operator to 2025-05-13 00:00:00+00:00, run_after=2025-05-14 00:00:00+00:00
[2025-05-14T00:17:04.975+0000] {processor.py:183} INFO - Processing /home/airflow/.local/lib/python3.8/site-packages/airflow/example_dags/example_branch_day_of_week_operator.py took 0.096 seconds
[2025-05-14T00:17:35.348+0000] {processor.py:161} INFO - Started process (PID=1074) to work on /home/airflow/.local/lib/python3.8/site-packages/airflow/example_dags/example_branch_day_of_week_operator.py
[2025-05-14T00:17:35.349+0000] {processor.py:830} INFO - Processing file /home/airflow/.local/lib/python3.8/site-packages/airflow/example_dags/example_branch_day_of_week_operator.py for tasks to queue
[2025-05-14T00:17:35.351+0000] {logging_mixin.py:188} INFO - [2025-05-14T00:17:35.351+0000] {dagbag.py:538} INFO - Filling up the DagBag from /home/airflow/.local/lib/python3.8/site-packages/airflow/example_dags/example_branch_day_of_week_operator.py
[2025-05-14T00:17:35.360+0000] {processor.py:840} INFO - DAG(s) 'example_weekday_branch_operator' retrieved from /home/airflow/.local/lib/python3.8/site-packages/airflow/example_dags/example_branch_day_of_week_operator.py
[2025-05-14T00:17:35.385+0000] {logging_mixin.py:188} INFO - [2025-05-14T00:17:35.384+0000] {dag.py:3036} INFO - Sync 1 DAGs
[2025-05-14T00:17:35.416+0000] {logging_mixin.py:188} INFO - [2025-05-14T00:17:35.416+0000] {dag.py:3823} INFO - Setting next_dagrun for example_weekday_branch_operator to 2025-05-13 00:00:00+00:00, run_after=2025-05-14 00:00:00+00:00
[2025-05-14T00:17:35.444+0000] {processor.py:183} INFO - Processing /home/airflow/.local/lib/python3.8/site-packages/airflow/example_dags/example_branch_day_of_week_operator.py took 0.099 seconds
[2025-05-14T00:18:05.862+0000] {processor.py:161} INFO - Started process (PID=1130) to work on /home/airflow/.local/lib/python3.8/site-packages/airflow/example_dags/example_branch_day_of_week_operator.py
[2025-05-14T00:18:05.864+0000] {processor.py:830} INFO - Processing file /home/airflow/.local/lib/python3.8/site-packages/airflow/example_dags/example_branch_day_of_week_operator.py for tasks to queue
[2025-05-14T00:18:05.868+0000] {logging_mixin.py:188} INFO - [2025-05-14T00:18:05.867+0000] {dagbag.py:538} INFO - Filling up the DagBag from /home/airflow/.local/lib/python3.8/site-packages/airflow/example_dags/example_branch_day_of_week_operator.py
[2025-05-14T00:18:05.877+0000] {processor.py:840} INFO - DAG(s) 'example_weekday_branch_operator' retrieved from /home/airflow/.local/lib/python3.8/site-packages/airflow/example_dags/example_branch_day_of_week_operator.py
[2025-05-14T00:18:05.919+0000] {logging_mixin.py:188} INFO - [2025-05-14T00:18:05.916+0000] {dag.py:3036} INFO - Sync 1 DAGs
[2025-05-14T00:18:05.961+0000] {logging_mixin.py:188} INFO - [2025-05-14T00:18:05.961+0000] {dag.py:3823} INFO - Setting next_dagrun for example_weekday_branch_operator to 2025-05-13 00:00:00+00:00, run_after=2025-05-14 00:00:00+00:00
[2025-05-14T00:18:06.020+0000] {processor.py:183} INFO - Processing /home/airflow/.local/lib/python3.8/site-packages/airflow/example_dags/example_branch_day_of_week_operator.py took 0.161 seconds
[2025-05-14T00:18:36.889+0000] {processor.py:161} INFO - Started process (PID=1187) to work on /home/airflow/.local/lib/python3.8/site-packages/airflow/example_dags/example_branch_day_of_week_operator.py
[2025-05-14T00:18:36.890+0000] {processor.py:830} INFO - Processing file /home/airflow/.local/lib/python3.8/site-packages/airflow/example_dags/example_branch_day_of_week_operator.py for tasks to queue
[2025-05-14T00:18:36.892+0000] {logging_mixin.py:188} INFO - [2025-05-14T00:18:36.892+0000] {dagbag.py:538} INFO - Filling up the DagBag from /home/airflow/.local/lib/python3.8/site-packages/airflow/example_dags/example_branch_day_of_week_operator.py
[2025-05-14T00:18:36.915+0000] {processor.py:840} INFO - DAG(s) 'example_weekday_branch_operator' retrieved from /home/airflow/.local/lib/python3.8/site-packages/airflow/example_dags/example_branch_day_of_week_operator.py
[2025-05-14T00:18:36.967+0000] {logging_mixin.py:188} INFO - [2025-05-14T00:18:36.967+0000] {dag.py:3036} INFO - Sync 1 DAGs
[2025-05-14T00:18:36.998+0000] {logging_mixin.py:188} INFO - [2025-05-14T00:18:36.998+0000] {dag.py:3823} INFO - Setting next_dagrun for example_weekday_branch_operator to 2025-05-13 00:00:00+00:00, run_after=2025-05-14 00:00:00+00:00
[2025-05-14T00:18:37.027+0000] {processor.py:183} INFO - Processing /home/airflow/.local/lib/python3.8/site-packages/airflow/example_dags/example_branch_day_of_week_operator.py took 0.143 seconds
[2025-05-14T00:19:07.120+0000] {processor.py:161} INFO - Started process (PID=1241) to work on /home/airflow/.local/lib/python3.8/site-packages/airflow/example_dags/example_branch_day_of_week_operator.py
[2025-05-14T00:19:07.122+0000] {processor.py:830} INFO - Processing file /home/airflow/.local/lib/python3.8/site-packages/airflow/example_dags/example_branch_day_of_week_operator.py for tasks to queue
[2025-05-14T00:19:07.123+0000] {logging_mixin.py:188} INFO - [2025-05-14T00:19:07.123+0000] {dagbag.py:538} INFO - Filling up the DagBag from /home/airflow/.local/lib/python3.8/site-packages/airflow/example_dags/example_branch_day_of_week_operator.py
[2025-05-14T00:19:07.131+0000] {processor.py:840} INFO - DAG(s) 'example_weekday_branch_operator' retrieved from /home/airflow/.local/lib/python3.8/site-packages/airflow/example_dags/example_branch_day_of_week_operator.py
[2025-05-14T00:19:07.154+0000] {logging_mixin.py:188} INFO - [2025-05-14T00:19:07.154+0000] {dag.py:3036} INFO - Sync 1 DAGs
[2025-05-14T00:19:07.182+0000] {logging_mixin.py:188} INFO - [2025-05-14T00:19:07.182+0000] {dag.py:3823} INFO - Setting next_dagrun for example_weekday_branch_operator to 2025-05-13 00:00:00+00:00, run_after=2025-05-14 00:00:00+00:00
[2025-05-14T00:19:07.215+0000] {processor.py:183} INFO - Processing /home/airflow/.local/lib/python3.8/site-packages/airflow/example_dags/example_branch_day_of_week_operator.py took 0.105 seconds
[2025-05-14T00:19:37.840+0000] {processor.py:161} INFO - Started process (PID=1297) to work on /home/airflow/.local/lib/python3.8/site-packages/airflow/example_dags/example_branch_day_of_week_operator.py
[2025-05-14T00:19:37.842+0000] {processor.py:830} INFO - Processing file /home/airflow/.local/lib/python3.8/site-packages/airflow/example_dags/example_branch_day_of_week_operator.py for tasks to queue
[2025-05-14T00:19:37.846+0000] {logging_mixin.py:188} INFO - [2025-05-14T00:19:37.845+0000] {dagbag.py:538} INFO - Filling up the DagBag from /home/airflow/.local/lib/python3.8/site-packages/airflow/example_dags/example_branch_day_of_week_operator.py
[2025-05-14T00:19:37.857+0000] {processor.py:840} INFO - DAG(s) 'example_weekday_branch_operator' retrieved from /home/airflow/.local/lib/python3.8/site-packages/airflow/example_dags/example_branch_day_of_week_operator.py
[2025-05-14T00:19:37.886+0000] {logging_mixin.py:188} INFO - [2025-05-14T00:19:37.885+0000] {dag.py:3036} INFO - Sync 1 DAGs
[2025-05-14T00:19:37.918+0000] {logging_mixin.py:188} INFO - [2025-05-14T00:19:37.918+0000] {dag.py:3823} INFO - Setting next_dagrun for example_weekday_branch_operator to 2025-05-13 00:00:00+00:00, run_after=2025-05-14 00:00:00+00:00
[2025-05-14T00:19:37.955+0000] {processor.py:183} INFO - Processing /home/airflow/.local/lib/python3.8/site-packages/airflow/example_dags/example_branch_day_of_week_operator.py took 0.118 seconds
[2025-05-14T00:20:08.825+0000] {processor.py:161} INFO - Started process (PID=1353) to work on /home/airflow/.local/lib/python3.8/site-packages/airflow/example_dags/example_branch_day_of_week_operator.py
[2025-05-14T00:20:08.827+0000] {processor.py:830} INFO - Processing file /home/airflow/.local/lib/python3.8/site-packages/airflow/example_dags/example_branch_day_of_week_operator.py for tasks to queue
[2025-05-14T00:20:08.831+0000] {logging_mixin.py:188} INFO - [2025-05-14T00:20:08.830+0000] {dagbag.py:538} INFO - Filling up the DagBag from /home/airflow/.local/lib/python3.8/site-packages/airflow/example_dags/example_branch_day_of_week_operator.py
[2025-05-14T00:20:08.845+0000] {processor.py:840} INFO - DAG(s) 'example_weekday_branch_operator' retrieved from /home/airflow/.local/lib/python3.8/site-packages/airflow/example_dags/example_branch_day_of_week_operator.py
[2025-05-14T00:20:08.878+0000] {logging_mixin.py:188} INFO - [2025-05-14T00:20:08.877+0000] {dag.py:3036} INFO - Sync 1 DAGs
[2025-05-14T00:20:08.913+0000] {logging_mixin.py:188} INFO - [2025-05-14T00:20:08.913+0000] {dag.py:3823} INFO - Setting next_dagrun for example_weekday_branch_operator to 2025-05-13 00:00:00+00:00, run_after=2025-05-14 00:00:00+00:00
[2025-05-14T00:20:08.948+0000] {processor.py:183} INFO - Processing /home/airflow/.local/lib/python3.8/site-packages/airflow/example_dags/example_branch_day_of_week_operator.py took 0.127 seconds
[2025-05-14T00:20:39.574+0000] {processor.py:161} INFO - Started process (PID=1409) to work on /home/airflow/.local/lib/python3.8/site-packages/airflow/example_dags/example_branch_day_of_week_operator.py
[2025-05-14T00:20:39.578+0000] {processor.py:830} INFO - Processing file /home/airflow/.local/lib/python3.8/site-packages/airflow/example_dags/example_branch_day_of_week_operator.py for tasks to queue
[2025-05-14T00:20:39.597+0000] {logging_mixin.py:188} INFO - [2025-05-14T00:20:39.596+0000] {dagbag.py:538} INFO - Filling up the DagBag from /home/airflow/.local/lib/python3.8/site-packages/airflow/example_dags/example_branch_day_of_week_operator.py
[2025-05-14T00:20:39.694+0000] {processor.py:840} INFO - DAG(s) 'example_weekday_branch_operator' retrieved from /home/airflow/.local/lib/python3.8/site-packages/airflow/example_dags/example_branch_day_of_week_operator.py
[2025-05-14T00:20:39.751+0000] {logging_mixin.py:188} INFO - [2025-05-14T00:20:39.750+0000] {dag.py:3036} INFO - Sync 1 DAGs
[2025-05-14T00:20:39.792+0000] {logging_mixin.py:188} INFO - [2025-05-14T00:20:39.791+0000] {dag.py:3823} INFO - Setting next_dagrun for example_weekday_branch_operator to 2025-05-13 00:00:00+00:00, run_after=2025-05-14 00:00:00+00:00
[2025-05-14T00:20:39.840+0000] {processor.py:183} INFO - Processing /home/airflow/.local/lib/python3.8/site-packages/airflow/example_dags/example_branch_day_of_week_operator.py took 0.275 seconds
[2025-05-14T00:21:09.975+0000] {processor.py:161} INFO - Started process (PID=1465) to work on /home/airflow/.local/lib/python3.8/site-packages/airflow/example_dags/example_branch_day_of_week_operator.py
[2025-05-14T00:21:09.977+0000] {processor.py:830} INFO - Processing file /home/airflow/.local/lib/python3.8/site-packages/airflow/example_dags/example_branch_day_of_week_operator.py for tasks to queue
[2025-05-14T00:21:09.983+0000] {logging_mixin.py:188} INFO - [2025-05-14T00:21:09.982+0000] {dagbag.py:538} INFO - Filling up the DagBag from /home/airflow/.local/lib/python3.8/site-packages/airflow/example_dags/example_branch_day_of_week_operator.py
[2025-05-14T00:21:09.995+0000] {processor.py:840} INFO - DAG(s) 'example_weekday_branch_operator' retrieved from /home/airflow/.local/lib/python3.8/site-packages/airflow/example_dags/example_branch_day_of_week_operator.py
[2025-05-14T00:21:10.039+0000] {logging_mixin.py:188} INFO - [2025-05-14T00:21:10.038+0000] {dag.py:3036} INFO - Sync 1 DAGs
[2025-05-14T00:21:10.097+0000] {logging_mixin.py:188} INFO - [2025-05-14T00:21:10.096+0000] {dag.py:3823} INFO - Setting next_dagrun for example_weekday_branch_operator to 2025-05-13 00:00:00+00:00, run_after=2025-05-14 00:00:00+00:00
[2025-05-14T00:21:10.137+0000] {processor.py:183} INFO - Processing /home/airflow/.local/lib/python3.8/site-packages/airflow/example_dags/example_branch_day_of_week_operator.py took 0.166 seconds
[2025-05-14T00:21:40.852+0000] {processor.py:161} INFO - Started process (PID=1521) to work on /home/airflow/.local/lib/python3.8/site-packages/airflow/example_dags/example_branch_day_of_week_operator.py
[2025-05-14T00:21:40.854+0000] {processor.py:830} INFO - Processing file /home/airflow/.local/lib/python3.8/site-packages/airflow/example_dags/example_branch_day_of_week_operator.py for tasks to queue
[2025-05-14T00:21:40.856+0000] {logging_mixin.py:188} INFO - [2025-05-14T00:21:40.856+0000] {dagbag.py:538} INFO - Filling up the DagBag from /home/airflow/.local/lib/python3.8/site-packages/airflow/example_dags/example_branch_day_of_week_operator.py
[2025-05-14T00:21:40.864+0000] {processor.py:840} INFO - DAG(s) 'example_weekday_branch_operator' retrieved from /home/airflow/.local/lib/python3.8/site-packages/airflow/example_dags/example_branch_day_of_week_operator.py
[2025-05-14T00:21:40.886+0000] {logging_mixin.py:188} INFO - [2025-05-14T00:21:40.886+0000] {dag.py:3036} INFO - Sync 1 DAGs
[2025-05-14T00:21:40.916+0000] {logging_mixin.py:188} INFO - [2025-05-14T00:21:40.915+0000] {dag.py:3823} INFO - Setting next_dagrun for example_weekday_branch_operator to 2025-05-13 00:00:00+00:00, run_after=2025-05-14 00:00:00+00:00
[2025-05-14T00:21:40.941+0000] {processor.py:183} INFO - Processing /home/airflow/.local/lib/python3.8/site-packages/airflow/example_dags/example_branch_day_of_week_operator.py took 0.091 seconds
[2025-05-14T00:22:11.627+0000] {processor.py:161} INFO - Started process (PID=1577) to work on /home/airflow/.local/lib/python3.8/site-packages/airflow/example_dags/example_branch_day_of_week_operator.py
[2025-05-14T00:22:11.628+0000] {processor.py:830} INFO - Processing file /home/airflow/.local/lib/python3.8/site-packages/airflow/example_dags/example_branch_day_of_week_operator.py for tasks to queue
[2025-05-14T00:22:11.632+0000] {logging_mixin.py:188} INFO - [2025-05-14T00:22:11.631+0000] {dagbag.py:538} INFO - Filling up the DagBag from /home/airflow/.local/lib/python3.8/site-packages/airflow/example_dags/example_branch_day_of_week_operator.py
[2025-05-14T00:22:11.644+0000] {processor.py:840} INFO - DAG(s) 'example_weekday_branch_operator' retrieved from /home/airflow/.local/lib/python3.8/site-packages/airflow/example_dags/example_branch_day_of_week_operator.py
[2025-05-14T00:22:11.675+0000] {logging_mixin.py:188} INFO - [2025-05-14T00:22:11.675+0000] {dag.py:3036} INFO - Sync 1 DAGs
[2025-05-14T00:22:11.712+0000] {logging_mixin.py:188} INFO - [2025-05-14T00:22:11.711+0000] {dag.py:3823} INFO - Setting next_dagrun for example_weekday_branch_operator to 2025-05-13 00:00:00+00:00, run_after=2025-05-14 00:00:00+00:00
[2025-05-14T00:22:11.740+0000] {processor.py:183} INFO - Processing /home/airflow/.local/lib/python3.8/site-packages/airflow/example_dags/example_branch_day_of_week_operator.py took 0.115 seconds
[2025-05-14T00:22:42.446+0000] {processor.py:161} INFO - Started process (PID=1632) to work on /home/airflow/.local/lib/python3.8/site-packages/airflow/example_dags/example_branch_day_of_week_operator.py
[2025-05-14T00:22:42.459+0000] {processor.py:830} INFO - Processing file /home/airflow/.local/lib/python3.8/site-packages/airflow/example_dags/example_branch_day_of_week_operator.py for tasks to queue
[2025-05-14T00:22:42.462+0000] {logging_mixin.py:188} INFO - [2025-05-14T00:22:42.461+0000] {dagbag.py:538} INFO - Filling up the DagBag from /home/airflow/.local/lib/python3.8/site-packages/airflow/example_dags/example_branch_day_of_week_operator.py
[2025-05-14T00:22:42.472+0000] {processor.py:840} INFO - DAG(s) 'example_weekday_branch_operator' retrieved from /home/airflow/.local/lib/python3.8/site-packages/airflow/example_dags/example_branch_day_of_week_operator.py
[2025-05-14T00:22:42.502+0000] {logging_mixin.py:188} INFO - [2025-05-14T00:22:42.502+0000] {dag.py:3036} INFO - Sync 1 DAGs
[2025-05-14T00:22:42.532+0000] {logging_mixin.py:188} INFO - [2025-05-14T00:22:42.532+0000] {dag.py:3823} INFO - Setting next_dagrun for example_weekday_branch_operator to 2025-05-13 00:00:00+00:00, run_after=2025-05-14 00:00:00+00:00
[2025-05-14T00:22:42.563+0000] {processor.py:183} INFO - Processing /home/airflow/.local/lib/python3.8/site-packages/airflow/example_dags/example_branch_day_of_week_operator.py took 0.122 seconds
[2025-05-14T00:23:13.310+0000] {processor.py:161} INFO - Started process (PID=1688) to work on /home/airflow/.local/lib/python3.8/site-packages/airflow/example_dags/example_branch_day_of_week_operator.py
[2025-05-14T00:23:13.312+0000] {processor.py:830} INFO - Processing file /home/airflow/.local/lib/python3.8/site-packages/airflow/example_dags/example_branch_day_of_week_operator.py for tasks to queue
[2025-05-14T00:23:13.317+0000] {logging_mixin.py:188} INFO - [2025-05-14T00:23:13.316+0000] {dagbag.py:538} INFO - Filling up the DagBag from /home/airflow/.local/lib/python3.8/site-packages/airflow/example_dags/example_branch_day_of_week_operator.py
[2025-05-14T00:23:13.328+0000] {processor.py:840} INFO - DAG(s) 'example_weekday_branch_operator' retrieved from /home/airflow/.local/lib/python3.8/site-packages/airflow/example_dags/example_branch_day_of_week_operator.py
[2025-05-14T00:23:13.363+0000] {logging_mixin.py:188} INFO - [2025-05-14T00:23:13.362+0000] {dag.py:3036} INFO - Sync 1 DAGs
[2025-05-14T00:23:13.415+0000] {logging_mixin.py:188} INFO - [2025-05-14T00:23:13.413+0000] {dag.py:3823} INFO - Setting next_dagrun for example_weekday_branch_operator to 2025-05-13 00:00:00+00:00, run_after=2025-05-14 00:00:00+00:00
[2025-05-14T00:23:13.471+0000] {processor.py:183} INFO - Processing /home/airflow/.local/lib/python3.8/site-packages/airflow/example_dags/example_branch_day_of_week_operator.py took 0.164 seconds
[2025-05-14T00:23:44.354+0000] {processor.py:161} INFO - Started process (PID=1744) to work on /home/airflow/.local/lib/python3.8/site-packages/airflow/example_dags/example_branch_day_of_week_operator.py
[2025-05-14T00:23:44.356+0000] {processor.py:830} INFO - Processing file /home/airflow/.local/lib/python3.8/site-packages/airflow/example_dags/example_branch_day_of_week_operator.py for tasks to queue
[2025-05-14T00:23:44.358+0000] {logging_mixin.py:188} INFO - [2025-05-14T00:23:44.358+0000] {dagbag.py:538} INFO - Filling up the DagBag from /home/airflow/.local/lib/python3.8/site-packages/airflow/example_dags/example_branch_day_of_week_operator.py
[2025-05-14T00:23:44.366+0000] {processor.py:840} INFO - DAG(s) 'example_weekday_branch_operator' retrieved from /home/airflow/.local/lib/python3.8/site-packages/airflow/example_dags/example_branch_day_of_week_operator.py
[2025-05-14T00:23:44.391+0000] {logging_mixin.py:188} INFO - [2025-05-14T00:23:44.390+0000] {dag.py:3036} INFO - Sync 1 DAGs
[2025-05-14T00:23:44.418+0000] {logging_mixin.py:188} INFO - [2025-05-14T00:23:44.418+0000] {dag.py:3823} INFO - Setting next_dagrun for example_weekday_branch_operator to 2025-05-13 00:00:00+00:00, run_after=2025-05-14 00:00:00+00:00
[2025-05-14T00:23:44.446+0000] {processor.py:183} INFO - Processing /home/airflow/.local/lib/python3.8/site-packages/airflow/example_dags/example_branch_day_of_week_operator.py took 0.095 seconds
