[2025-05-14T00:08:32.711+0000] {processor.py:161} INFO - Started process (PID=80) to work on /home/airflow/.local/lib/python3.8/site-packages/airflow/example_dags/example_task_group.py
[2025-05-14T00:08:32.773+0000] {processor.py:830} INFO - Processing file /home/airflow/.local/lib/python3.8/site-packages/airflow/example_dags/example_task_group.py for tasks to queue
[2025-05-14T00:08:32.806+0000] {logging_mixin.py:188} INFO - [2025-05-14T00:08:32.805+0000] {dagbag.py:538} INFO - Filling up the DagBag from /home/airflow/.local/lib/python3.8/site-packages/airflow/example_dags/example_task_group.py
[2025-05-14T00:08:33.247+0000] {processor.py:840} INFO - DAG(s) 'example_task_group' retrieved from /home/airflow/.local/lib/python3.8/site-packages/airflow/example_dags/example_task_group.py
[2025-05-14T00:08:33.970+0000] {logging_mixin.py:188} INFO - [2025-05-14T00:08:33.969+0000] {dag.py:3036} INFO - Sync 1 DAGs
[2025-05-14T00:08:34.110+0000] {logging_mixin.py:188} INFO - [2025-05-14T00:08:34.109+0000] {dag.py:3823} INFO - Setting next_dagrun for example_task_group to 2025-05-13 00:00:00+00:00, run_after=2025-05-14 00:00:00+00:00
[2025-05-14T00:08:34.212+0000] {processor.py:183} INFO - Processing /home/airflow/.local/lib/python3.8/site-packages/airflow/example_dags/example_task_group.py took 1.714 seconds
[2025-05-14T00:09:04.618+0000] {processor.py:161} INFO - Started process (PID=136) to work on /home/airflow/.local/lib/python3.8/site-packages/airflow/example_dags/example_task_group.py
[2025-05-14T00:09:04.621+0000] {processor.py:830} INFO - Processing file /home/airflow/.local/lib/python3.8/site-packages/airflow/example_dags/example_task_group.py for tasks to queue
[2025-05-14T00:09:04.624+0000] {logging_mixin.py:188} INFO - [2025-05-14T00:09:04.623+0000] {dagbag.py:538} INFO - Filling up the DagBag from /home/airflow/.local/lib/python3.8/site-packages/airflow/example_dags/example_task_group.py
[2025-05-14T00:09:04.633+0000] {processor.py:840} INFO - DAG(s) 'example_task_group' retrieved from /home/airflow/.local/lib/python3.8/site-packages/airflow/example_dags/example_task_group.py
[2025-05-14T00:09:04.663+0000] {logging_mixin.py:188} INFO - [2025-05-14T00:09:04.663+0000] {dag.py:3036} INFO - Sync 1 DAGs
[2025-05-14T00:09:04.690+0000] {logging_mixin.py:188} INFO - [2025-05-14T00:09:04.689+0000] {dag.py:3823} INFO - Setting next_dagrun for example_task_group to 2025-05-13 00:00:00+00:00, run_after=2025-05-14 00:00:00+00:00
[2025-05-14T00:09:04.715+0000] {processor.py:183} INFO - Processing /home/airflow/.local/lib/python3.8/site-packages/airflow/example_dags/example_task_group.py took 0.099 seconds
[2025-05-14T00:09:34.794+0000] {processor.py:161} INFO - Started process (PID=192) to work on /home/airflow/.local/lib/python3.8/site-packages/airflow/example_dags/example_task_group.py
[2025-05-14T00:09:34.796+0000] {processor.py:830} INFO - Processing file /home/airflow/.local/lib/python3.8/site-packages/airflow/example_dags/example_task_group.py for tasks to queue
[2025-05-14T00:09:34.799+0000] {logging_mixin.py:188} INFO - [2025-05-14T00:09:34.798+0000] {dagbag.py:538} INFO - Filling up the DagBag from /home/airflow/.local/lib/python3.8/site-packages/airflow/example_dags/example_task_group.py
[2025-05-14T00:09:34.808+0000] {processor.py:840} INFO - DAG(s) 'example_task_group' retrieved from /home/airflow/.local/lib/python3.8/site-packages/airflow/example_dags/example_task_group.py
[2025-05-14T00:09:34.838+0000] {logging_mixin.py:188} INFO - [2025-05-14T00:09:34.837+0000] {dag.py:3036} INFO - Sync 1 DAGs
[2025-05-14T00:09:34.867+0000] {logging_mixin.py:188} INFO - [2025-05-14T00:09:34.867+0000] {dag.py:3823} INFO - Setting next_dagrun for example_task_group to 2025-05-13 00:00:00+00:00, run_after=2025-05-14 00:00:00+00:00
[2025-05-14T00:09:34.904+0000] {processor.py:183} INFO - Processing /home/airflow/.local/lib/python3.8/site-packages/airflow/example_dags/example_task_group.py took 0.114 seconds
[2025-05-14T00:10:05.523+0000] {processor.py:161} INFO - Started process (PID=248) to work on /home/airflow/.local/lib/python3.8/site-packages/airflow/example_dags/example_task_group.py
[2025-05-14T00:10:05.524+0000] {processor.py:830} INFO - Processing file /home/airflow/.local/lib/python3.8/site-packages/airflow/example_dags/example_task_group.py for tasks to queue
[2025-05-14T00:10:05.526+0000] {logging_mixin.py:188} INFO - [2025-05-14T00:10:05.526+0000] {dagbag.py:538} INFO - Filling up the DagBag from /home/airflow/.local/lib/python3.8/site-packages/airflow/example_dags/example_task_group.py
[2025-05-14T00:10:05.535+0000] {processor.py:840} INFO - DAG(s) 'example_task_group' retrieved from /home/airflow/.local/lib/python3.8/site-packages/airflow/example_dags/example_task_group.py
[2025-05-14T00:10:05.564+0000] {logging_mixin.py:188} INFO - [2025-05-14T00:10:05.564+0000] {dag.py:3036} INFO - Sync 1 DAGs
[2025-05-14T00:10:05.611+0000] {logging_mixin.py:188} INFO - [2025-05-14T00:10:05.610+0000] {dag.py:3823} INFO - Setting next_dagrun for example_task_group to 2025-05-13 00:00:00+00:00, run_after=2025-05-14 00:00:00+00:00
[2025-05-14T00:10:05.641+0000] {processor.py:183} INFO - Processing /home/airflow/.local/lib/python3.8/site-packages/airflow/example_dags/example_task_group.py took 0.122 seconds
[2025-05-14T00:10:36.234+0000] {processor.py:161} INFO - Started process (PID=304) to work on /home/airflow/.local/lib/python3.8/site-packages/airflow/example_dags/example_task_group.py
[2025-05-14T00:10:36.236+0000] {processor.py:830} INFO - Processing file /home/airflow/.local/lib/python3.8/site-packages/airflow/example_dags/example_task_group.py for tasks to queue
[2025-05-14T00:10:36.242+0000] {logging_mixin.py:188} INFO - [2025-05-14T00:10:36.241+0000] {dagbag.py:538} INFO - Filling up the DagBag from /home/airflow/.local/lib/python3.8/site-packages/airflow/example_dags/example_task_group.py
[2025-05-14T00:10:36.268+0000] {processor.py:840} INFO - DAG(s) 'example_task_group' retrieved from /home/airflow/.local/lib/python3.8/site-packages/airflow/example_dags/example_task_group.py
[2025-05-14T00:10:36.315+0000] {logging_mixin.py:188} INFO - [2025-05-14T00:10:36.315+0000] {dag.py:3036} INFO - Sync 1 DAGs
[2025-05-14T00:10:36.377+0000] {logging_mixin.py:188} INFO - [2025-05-14T00:10:36.376+0000] {dag.py:3823} INFO - Setting next_dagrun for example_task_group to 2025-05-13 00:00:00+00:00, run_after=2025-05-14 00:00:00+00:00
[2025-05-14T00:10:36.446+0000] {processor.py:183} INFO - Processing /home/airflow/.local/lib/python3.8/site-packages/airflow/example_dags/example_task_group.py took 0.221 seconds
[2025-05-14T00:11:10.157+0000] {processor.py:161} INFO - Started process (PID=359) to work on /home/airflow/.local/lib/python3.8/site-packages/airflow/example_dags/example_task_group.py
[2025-05-14T00:11:10.159+0000] {processor.py:830} INFO - Processing file /home/airflow/.local/lib/python3.8/site-packages/airflow/example_dags/example_task_group.py for tasks to queue
[2025-05-14T00:11:10.163+0000] {logging_mixin.py:188} INFO - [2025-05-14T00:11:10.162+0000] {dagbag.py:538} INFO - Filling up the DagBag from /home/airflow/.local/lib/python3.8/site-packages/airflow/example_dags/example_task_group.py
[2025-05-14T00:11:10.259+0000] {processor.py:840} INFO - DAG(s) 'example_task_group' retrieved from /home/airflow/.local/lib/python3.8/site-packages/airflow/example_dags/example_task_group.py
[2025-05-14T00:11:10.332+0000] {logging_mixin.py:188} INFO - [2025-05-14T00:11:10.331+0000] {dag.py:3036} INFO - Sync 1 DAGs
[2025-05-14T00:11:10.389+0000] {logging_mixin.py:188} INFO - [2025-05-14T00:11:10.388+0000] {dag.py:3823} INFO - Setting next_dagrun for example_task_group to 2025-05-13 00:00:00+00:00, run_after=2025-05-14 00:00:00+00:00
[2025-05-14T00:11:10.436+0000] {processor.py:183} INFO - Processing /home/airflow/.local/lib/python3.8/site-packages/airflow/example_dags/example_task_group.py took 0.284 seconds
[2025-05-14T00:11:41.006+0000] {processor.py:161} INFO - Started process (PID=414) to work on /home/airflow/.local/lib/python3.8/site-packages/airflow/example_dags/example_task_group.py
[2025-05-14T00:11:41.008+0000] {processor.py:830} INFO - Processing file /home/airflow/.local/lib/python3.8/site-packages/airflow/example_dags/example_task_group.py for tasks to queue
[2025-05-14T00:11:41.011+0000] {logging_mixin.py:188} INFO - [2025-05-14T00:11:41.010+0000] {dagbag.py:538} INFO - Filling up the DagBag from /home/airflow/.local/lib/python3.8/site-packages/airflow/example_dags/example_task_group.py
[2025-05-14T00:11:41.021+0000] {processor.py:840} INFO - DAG(s) 'example_task_group' retrieved from /home/airflow/.local/lib/python3.8/site-packages/airflow/example_dags/example_task_group.py
[2025-05-14T00:11:41.050+0000] {logging_mixin.py:188} INFO - [2025-05-14T00:11:41.049+0000] {dag.py:3036} INFO - Sync 1 DAGs
[2025-05-14T00:11:41.082+0000] {logging_mixin.py:188} INFO - [2025-05-14T00:11:41.082+0000] {dag.py:3823} INFO - Setting next_dagrun for example_task_group to 2025-05-13 00:00:00+00:00, run_after=2025-05-14 00:00:00+00:00
[2025-05-14T00:11:41.111+0000] {processor.py:183} INFO - Processing /home/airflow/.local/lib/python3.8/site-packages/airflow/example_dags/example_task_group.py took 0.110 seconds
[2025-05-14T00:12:11.909+0000] {processor.py:161} INFO - Started process (PID=470) to work on /home/airflow/.local/lib/python3.8/site-packages/airflow/example_dags/example_task_group.py
[2025-05-14T00:12:11.911+0000] {processor.py:830} INFO - Processing file /home/airflow/.local/lib/python3.8/site-packages/airflow/example_dags/example_task_group.py for tasks to queue
[2025-05-14T00:12:11.913+0000] {logging_mixin.py:188} INFO - [2025-05-14T00:12:11.912+0000] {dagbag.py:538} INFO - Filling up the DagBag from /home/airflow/.local/lib/python3.8/site-packages/airflow/example_dags/example_task_group.py
[2025-05-14T00:12:11.921+0000] {processor.py:840} INFO - DAG(s) 'example_task_group' retrieved from /home/airflow/.local/lib/python3.8/site-packages/airflow/example_dags/example_task_group.py
[2025-05-14T00:12:11.945+0000] {logging_mixin.py:188} INFO - [2025-05-14T00:12:11.945+0000] {dag.py:3036} INFO - Sync 1 DAGs
[2025-05-14T00:12:11.972+0000] {logging_mixin.py:188} INFO - [2025-05-14T00:12:11.971+0000] {dag.py:3823} INFO - Setting next_dagrun for example_task_group to 2025-05-13 00:00:00+00:00, run_after=2025-05-14 00:00:00+00:00
[2025-05-14T00:12:12.005+0000] {processor.py:183} INFO - Processing /home/airflow/.local/lib/python3.8/site-packages/airflow/example_dags/example_task_group.py took 0.099 seconds
[2025-05-14T00:12:42.155+0000] {processor.py:161} INFO - Started process (PID=526) to work on /home/airflow/.local/lib/python3.8/site-packages/airflow/example_dags/example_task_group.py
[2025-05-14T00:12:42.157+0000] {processor.py:830} INFO - Processing file /home/airflow/.local/lib/python3.8/site-packages/airflow/example_dags/example_task_group.py for tasks to queue
[2025-05-14T00:12:42.160+0000] {logging_mixin.py:188} INFO - [2025-05-14T00:12:42.159+0000] {dagbag.py:538} INFO - Filling up the DagBag from /home/airflow/.local/lib/python3.8/site-packages/airflow/example_dags/example_task_group.py
[2025-05-14T00:12:42.168+0000] {processor.py:840} INFO - DAG(s) 'example_task_group' retrieved from /home/airflow/.local/lib/python3.8/site-packages/airflow/example_dags/example_task_group.py
[2025-05-14T00:12:42.199+0000] {logging_mixin.py:188} INFO - [2025-05-14T00:12:42.198+0000] {dag.py:3036} INFO - Sync 1 DAGs
[2025-05-14T00:12:42.229+0000] {logging_mixin.py:188} INFO - [2025-05-14T00:12:42.228+0000] {dag.py:3823} INFO - Setting next_dagrun for example_task_group to 2025-05-13 00:00:00+00:00, run_after=2025-05-14 00:00:00+00:00
[2025-05-14T00:12:42.264+0000] {processor.py:183} INFO - Processing /home/airflow/.local/lib/python3.8/site-packages/airflow/example_dags/example_task_group.py took 0.113 seconds
[2025-05-14T00:13:12.573+0000] {processor.py:161} INFO - Started process (PID=582) to work on /home/airflow/.local/lib/python3.8/site-packages/airflow/example_dags/example_task_group.py
[2025-05-14T00:13:12.574+0000] {processor.py:830} INFO - Processing file /home/airflow/.local/lib/python3.8/site-packages/airflow/example_dags/example_task_group.py for tasks to queue
[2025-05-14T00:13:12.577+0000] {logging_mixin.py:188} INFO - [2025-05-14T00:13:12.577+0000] {dagbag.py:538} INFO - Filling up the DagBag from /home/airflow/.local/lib/python3.8/site-packages/airflow/example_dags/example_task_group.py
[2025-05-14T00:13:12.587+0000] {processor.py:840} INFO - DAG(s) 'example_task_group' retrieved from /home/airflow/.local/lib/python3.8/site-packages/airflow/example_dags/example_task_group.py
[2025-05-14T00:13:12.627+0000] {logging_mixin.py:188} INFO - [2025-05-14T00:13:12.626+0000] {dag.py:3036} INFO - Sync 1 DAGs
[2025-05-14T00:13:12.665+0000] {logging_mixin.py:188} INFO - [2025-05-14T00:13:12.664+0000] {dag.py:3823} INFO - Setting next_dagrun for example_task_group to 2025-05-13 00:00:00+00:00, run_after=2025-05-14 00:00:00+00:00
[2025-05-14T00:13:12.701+0000] {processor.py:183} INFO - Processing /home/airflow/.local/lib/python3.8/site-packages/airflow/example_dags/example_task_group.py took 0.133 seconds
[2025-05-14T00:13:43.153+0000] {processor.py:161} INFO - Started process (PID=638) to work on /home/airflow/.local/lib/python3.8/site-packages/airflow/example_dags/example_task_group.py
[2025-05-14T00:13:43.155+0000] {processor.py:830} INFO - Processing file /home/airflow/.local/lib/python3.8/site-packages/airflow/example_dags/example_task_group.py for tasks to queue
[2025-05-14T00:13:43.160+0000] {logging_mixin.py:188} INFO - [2025-05-14T00:13:43.159+0000] {dagbag.py:538} INFO - Filling up the DagBag from /home/airflow/.local/lib/python3.8/site-packages/airflow/example_dags/example_task_group.py
[2025-05-14T00:13:43.170+0000] {processor.py:840} INFO - DAG(s) 'example_task_group' retrieved from /home/airflow/.local/lib/python3.8/site-packages/airflow/example_dags/example_task_group.py
[2025-05-14T00:13:43.203+0000] {logging_mixin.py:188} INFO - [2025-05-14T00:13:43.202+0000] {dag.py:3036} INFO - Sync 1 DAGs
[2025-05-14T00:13:43.229+0000] {logging_mixin.py:188} INFO - [2025-05-14T00:13:43.228+0000] {dag.py:3823} INFO - Setting next_dagrun for example_task_group to 2025-05-13 00:00:00+00:00, run_after=2025-05-14 00:00:00+00:00
[2025-05-14T00:13:43.253+0000] {processor.py:183} INFO - Processing /home/airflow/.local/lib/python3.8/site-packages/airflow/example_dags/example_task_group.py took 0.104 seconds
[2025-05-14T00:14:13.496+0000] {processor.py:161} INFO - Started process (PID=694) to work on /home/airflow/.local/lib/python3.8/site-packages/airflow/example_dags/example_task_group.py
[2025-05-14T00:14:13.497+0000] {processor.py:830} INFO - Processing file /home/airflow/.local/lib/python3.8/site-packages/airflow/example_dags/example_task_group.py for tasks to queue
[2025-05-14T00:14:13.500+0000] {logging_mixin.py:188} INFO - [2025-05-14T00:14:13.499+0000] {dagbag.py:538} INFO - Filling up the DagBag from /home/airflow/.local/lib/python3.8/site-packages/airflow/example_dags/example_task_group.py
[2025-05-14T00:14:13.508+0000] {processor.py:840} INFO - DAG(s) 'example_task_group' retrieved from /home/airflow/.local/lib/python3.8/site-packages/airflow/example_dags/example_task_group.py
[2025-05-14T00:14:13.541+0000] {logging_mixin.py:188} INFO - [2025-05-14T00:14:13.540+0000] {dag.py:3036} INFO - Sync 1 DAGs
[2025-05-14T00:14:13.577+0000] {logging_mixin.py:188} INFO - [2025-05-14T00:14:13.576+0000] {dag.py:3823} INFO - Setting next_dagrun for example_task_group to 2025-05-13 00:00:00+00:00, run_after=2025-05-14 00:00:00+00:00
[2025-05-14T00:14:13.612+0000] {processor.py:183} INFO - Processing /home/airflow/.local/lib/python3.8/site-packages/airflow/example_dags/example_task_group.py took 0.120 seconds
[2025-05-14T00:14:44.310+0000] {processor.py:161} INFO - Started process (PID=750) to work on /home/airflow/.local/lib/python3.8/site-packages/airflow/example_dags/example_task_group.py
[2025-05-14T00:14:44.336+0000] {processor.py:830} INFO - Processing file /home/airflow/.local/lib/python3.8/site-packages/airflow/example_dags/example_task_group.py for tasks to queue
[2025-05-14T00:14:44.340+0000] {logging_mixin.py:188} INFO - [2025-05-14T00:14:44.339+0000] {dagbag.py:538} INFO - Filling up the DagBag from /home/airflow/.local/lib/python3.8/site-packages/airflow/example_dags/example_task_group.py
[2025-05-14T00:14:44.351+0000] {processor.py:840} INFO - DAG(s) 'example_task_group' retrieved from /home/airflow/.local/lib/python3.8/site-packages/airflow/example_dags/example_task_group.py
[2025-05-14T00:14:44.390+0000] {logging_mixin.py:188} INFO - [2025-05-14T00:14:44.390+0000] {dag.py:3036} INFO - Sync 1 DAGs
[2025-05-14T00:14:44.498+0000] {logging_mixin.py:188} INFO - [2025-05-14T00:14:44.498+0000] {dag.py:3823} INFO - Setting next_dagrun for example_task_group to 2025-05-13 00:00:00+00:00, run_after=2025-05-14 00:00:00+00:00
[2025-05-14T00:14:44.565+0000] {processor.py:183} INFO - Processing /home/airflow/.local/lib/python3.8/site-packages/airflow/example_dags/example_task_group.py took 0.260 seconds
[2025-05-14T00:15:15.164+0000] {processor.py:161} INFO - Started process (PID=812) to work on /home/airflow/.local/lib/python3.8/site-packages/airflow/example_dags/example_task_group.py
[2025-05-14T00:15:15.165+0000] {processor.py:830} INFO - Processing file /home/airflow/.local/lib/python3.8/site-packages/airflow/example_dags/example_task_group.py for tasks to queue
[2025-05-14T00:15:15.168+0000] {logging_mixin.py:188} INFO - [2025-05-14T00:15:15.167+0000] {dagbag.py:538} INFO - Filling up the DagBag from /home/airflow/.local/lib/python3.8/site-packages/airflow/example_dags/example_task_group.py
[2025-05-14T00:15:15.175+0000] {processor.py:840} INFO - DAG(s) 'example_task_group' retrieved from /home/airflow/.local/lib/python3.8/site-packages/airflow/example_dags/example_task_group.py
[2025-05-14T00:15:15.202+0000] {logging_mixin.py:188} INFO - [2025-05-14T00:15:15.202+0000] {dag.py:3036} INFO - Sync 1 DAGs
[2025-05-14T00:15:15.230+0000] {logging_mixin.py:188} INFO - [2025-05-14T00:15:15.230+0000] {dag.py:3823} INFO - Setting next_dagrun for example_task_group to 2025-05-13 00:00:00+00:00, run_after=2025-05-14 00:00:00+00:00
[2025-05-14T00:15:15.254+0000] {processor.py:183} INFO - Processing /home/airflow/.local/lib/python3.8/site-packages/airflow/example_dags/example_task_group.py took 0.092 seconds
[2025-05-14T00:15:47.093+0000] {processor.py:161} INFO - Started process (PID=867) to work on /home/airflow/.local/lib/python3.8/site-packages/airflow/example_dags/example_task_group.py
[2025-05-14T00:15:47.132+0000] {processor.py:830} INFO - Processing file /home/airflow/.local/lib/python3.8/site-packages/airflow/example_dags/example_task_group.py for tasks to queue
[2025-05-14T00:15:47.192+0000] {logging_mixin.py:188} INFO - [2025-05-14T00:15:47.192+0000] {dagbag.py:538} INFO - Filling up the DagBag from /home/airflow/.local/lib/python3.8/site-packages/airflow/example_dags/example_task_group.py
[2025-05-14T00:15:47.212+0000] {processor.py:840} INFO - DAG(s) 'example_task_group' retrieved from /home/airflow/.local/lib/python3.8/site-packages/airflow/example_dags/example_task_group.py
[2025-05-14T00:15:47.293+0000] {logging_mixin.py:188} INFO - [2025-05-14T00:15:47.293+0000] {dag.py:3036} INFO - Sync 1 DAGs
[2025-05-14T00:15:47.389+0000] {logging_mixin.py:188} INFO - [2025-05-14T00:15:47.389+0000] {dag.py:3823} INFO - Setting next_dagrun for example_task_group to 2025-05-13 00:00:00+00:00, run_after=2025-05-14 00:00:00+00:00
[2025-05-14T00:15:47.466+0000] {processor.py:183} INFO - Processing /home/airflow/.local/lib/python3.8/site-packages/airflow/example_dags/example_task_group.py took 0.465 seconds
[2025-05-14T00:16:21.120+0000] {processor.py:161} INFO - Started process (PID=923) to work on /home/airflow/.local/lib/python3.8/site-packages/airflow/example_dags/example_task_group.py
[2025-05-14T00:16:21.125+0000] {processor.py:830} INFO - Processing file /home/airflow/.local/lib/python3.8/site-packages/airflow/example_dags/example_task_group.py for tasks to queue
[2025-05-14T00:16:21.136+0000] {logging_mixin.py:188} INFO - [2025-05-14T00:16:21.136+0000] {dagbag.py:538} INFO - Filling up the DagBag from /home/airflow/.local/lib/python3.8/site-packages/airflow/example_dags/example_task_group.py
[2025-05-14T00:16:21.193+0000] {processor.py:840} INFO - DAG(s) 'example_task_group' retrieved from /home/airflow/.local/lib/python3.8/site-packages/airflow/example_dags/example_task_group.py
[2025-05-14T00:16:21.246+0000] {logging_mixin.py:188} INFO - [2025-05-14T00:16:21.245+0000] {dag.py:3036} INFO - Sync 1 DAGs
[2025-05-14T00:16:21.304+0000] {logging_mixin.py:188} INFO - [2025-05-14T00:16:21.302+0000] {dag.py:3823} INFO - Setting next_dagrun for example_task_group to 2025-05-13 00:00:00+00:00, run_after=2025-05-14 00:00:00+00:00
[2025-05-14T00:16:21.352+0000] {processor.py:183} INFO - Processing /home/airflow/.local/lib/python3.8/site-packages/airflow/example_dags/example_task_group.py took 0.241 seconds
[2025-05-14T00:16:51.828+0000] {processor.py:161} INFO - Started process (PID=978) to work on /home/airflow/.local/lib/python3.8/site-packages/airflow/example_dags/example_task_group.py
[2025-05-14T00:16:51.831+0000] {processor.py:830} INFO - Processing file /home/airflow/.local/lib/python3.8/site-packages/airflow/example_dags/example_task_group.py for tasks to queue
[2025-05-14T00:16:51.835+0000] {logging_mixin.py:188} INFO - [2025-05-14T00:16:51.835+0000] {dagbag.py:538} INFO - Filling up the DagBag from /home/airflow/.local/lib/python3.8/site-packages/airflow/example_dags/example_task_group.py
[2025-05-14T00:16:51.852+0000] {processor.py:840} INFO - DAG(s) 'example_task_group' retrieved from /home/airflow/.local/lib/python3.8/site-packages/airflow/example_dags/example_task_group.py
[2025-05-14T00:16:51.895+0000] {logging_mixin.py:188} INFO - [2025-05-14T00:16:51.894+0000] {dag.py:3036} INFO - Sync 1 DAGs
[2025-05-14T00:16:51.949+0000] {logging_mixin.py:188} INFO - [2025-05-14T00:16:51.949+0000] {dag.py:3823} INFO - Setting next_dagrun for example_task_group to 2025-05-13 00:00:00+00:00, run_after=2025-05-14 00:00:00+00:00
[2025-05-14T00:16:51.997+0000] {processor.py:183} INFO - Processing /home/airflow/.local/lib/python3.8/site-packages/airflow/example_dags/example_task_group.py took 0.172 seconds
[2025-05-14T00:17:22.999+0000] {processor.py:161} INFO - Started process (PID=1035) to work on /home/airflow/.local/lib/python3.8/site-packages/airflow/example_dags/example_task_group.py
[2025-05-14T00:17:23.001+0000] {processor.py:830} INFO - Processing file /home/airflow/.local/lib/python3.8/site-packages/airflow/example_dags/example_task_group.py for tasks to queue
[2025-05-14T00:17:23.003+0000] {logging_mixin.py:188} INFO - [2025-05-14T00:17:23.003+0000] {dagbag.py:538} INFO - Filling up the DagBag from /home/airflow/.local/lib/python3.8/site-packages/airflow/example_dags/example_task_group.py
[2025-05-14T00:17:23.012+0000] {processor.py:840} INFO - DAG(s) 'example_task_group' retrieved from /home/airflow/.local/lib/python3.8/site-packages/airflow/example_dags/example_task_group.py
[2025-05-14T00:17:23.039+0000] {logging_mixin.py:188} INFO - [2025-05-14T00:17:23.039+0000] {dag.py:3036} INFO - Sync 1 DAGs
[2025-05-14T00:17:23.071+0000] {logging_mixin.py:188} INFO - [2025-05-14T00:17:23.071+0000] {dag.py:3823} INFO - Setting next_dagrun for example_task_group to 2025-05-13 00:00:00+00:00, run_after=2025-05-14 00:00:00+00:00
[2025-05-14T00:17:23.099+0000] {processor.py:183} INFO - Processing /home/airflow/.local/lib/python3.8/site-packages/airflow/example_dags/example_task_group.py took 0.103 seconds
[2025-05-14T00:17:53.208+0000] {processor.py:161} INFO - Started process (PID=1091) to work on /home/airflow/.local/lib/python3.8/site-packages/airflow/example_dags/example_task_group.py
[2025-05-14T00:17:53.210+0000] {processor.py:830} INFO - Processing file /home/airflow/.local/lib/python3.8/site-packages/airflow/example_dags/example_task_group.py for tasks to queue
[2025-05-14T00:17:53.213+0000] {logging_mixin.py:188} INFO - [2025-05-14T00:17:53.212+0000] {dagbag.py:538} INFO - Filling up the DagBag from /home/airflow/.local/lib/python3.8/site-packages/airflow/example_dags/example_task_group.py
[2025-05-14T00:17:53.222+0000] {processor.py:840} INFO - DAG(s) 'example_task_group' retrieved from /home/airflow/.local/lib/python3.8/site-packages/airflow/example_dags/example_task_group.py
[2025-05-14T00:17:53.264+0000] {logging_mixin.py:188} INFO - [2025-05-14T00:17:53.263+0000] {dag.py:3036} INFO - Sync 1 DAGs
[2025-05-14T00:17:53.290+0000] {logging_mixin.py:188} INFO - [2025-05-14T00:17:53.290+0000] {dag.py:3823} INFO - Setting next_dagrun for example_task_group to 2025-05-13 00:00:00+00:00, run_after=2025-05-14 00:00:00+00:00
[2025-05-14T00:17:53.313+0000] {processor.py:183} INFO - Processing /home/airflow/.local/lib/python3.8/site-packages/airflow/example_dags/example_task_group.py took 0.111 seconds
[2025-05-14T00:18:23.835+0000] {processor.py:161} INFO - Started process (PID=1148) to work on /home/airflow/.local/lib/python3.8/site-packages/airflow/example_dags/example_task_group.py
[2025-05-14T00:18:23.836+0000] {processor.py:830} INFO - Processing file /home/airflow/.local/lib/python3.8/site-packages/airflow/example_dags/example_task_group.py for tasks to queue
[2025-05-14T00:18:23.839+0000] {logging_mixin.py:188} INFO - [2025-05-14T00:18:23.838+0000] {dagbag.py:538} INFO - Filling up the DagBag from /home/airflow/.local/lib/python3.8/site-packages/airflow/example_dags/example_task_group.py
[2025-05-14T00:18:23.851+0000] {processor.py:840} INFO - DAG(s) 'example_task_group' retrieved from /home/airflow/.local/lib/python3.8/site-packages/airflow/example_dags/example_task_group.py
[2025-05-14T00:18:23.883+0000] {logging_mixin.py:188} INFO - [2025-05-14T00:18:23.883+0000] {dag.py:3036} INFO - Sync 1 DAGs
[2025-05-14T00:18:23.913+0000] {logging_mixin.py:188} INFO - [2025-05-14T00:18:23.913+0000] {dag.py:3823} INFO - Setting next_dagrun for example_task_group to 2025-05-13 00:00:00+00:00, run_after=2025-05-14 00:00:00+00:00
[2025-05-14T00:18:23.940+0000] {processor.py:183} INFO - Processing /home/airflow/.local/lib/python3.8/site-packages/airflow/example_dags/example_task_group.py took 0.108 seconds
[2025-05-14T00:18:54.108+0000] {processor.py:161} INFO - Started process (PID=1204) to work on /home/airflow/.local/lib/python3.8/site-packages/airflow/example_dags/example_task_group.py
[2025-05-14T00:18:54.149+0000] {processor.py:830} INFO - Processing file /home/airflow/.local/lib/python3.8/site-packages/airflow/example_dags/example_task_group.py for tasks to queue
[2025-05-14T00:18:54.153+0000] {logging_mixin.py:188} INFO - [2025-05-14T00:18:54.152+0000] {dagbag.py:538} INFO - Filling up the DagBag from /home/airflow/.local/lib/python3.8/site-packages/airflow/example_dags/example_task_group.py
[2025-05-14T00:18:54.167+0000] {processor.py:840} INFO - DAG(s) 'example_task_group' retrieved from /home/airflow/.local/lib/python3.8/site-packages/airflow/example_dags/example_task_group.py
[2025-05-14T00:18:54.227+0000] {logging_mixin.py:188} INFO - [2025-05-14T00:18:54.226+0000] {dag.py:3036} INFO - Sync 1 DAGs
[2025-05-14T00:18:54.271+0000] {logging_mixin.py:188} INFO - [2025-05-14T00:18:54.270+0000] {dag.py:3823} INFO - Setting next_dagrun for example_task_group to 2025-05-13 00:00:00+00:00, run_after=2025-05-14 00:00:00+00:00
[2025-05-14T00:18:54.310+0000] {processor.py:183} INFO - Processing /home/airflow/.local/lib/python3.8/site-packages/airflow/example_dags/example_task_group.py took 0.206 seconds
[2025-05-14T00:19:24.409+0000] {processor.py:161} INFO - Started process (PID=1260) to work on /home/airflow/.local/lib/python3.8/site-packages/airflow/example_dags/example_task_group.py
[2025-05-14T00:19:24.411+0000] {processor.py:830} INFO - Processing file /home/airflow/.local/lib/python3.8/site-packages/airflow/example_dags/example_task_group.py for tasks to queue
[2025-05-14T00:19:24.413+0000] {logging_mixin.py:188} INFO - [2025-05-14T00:19:24.412+0000] {dagbag.py:538} INFO - Filling up the DagBag from /home/airflow/.local/lib/python3.8/site-packages/airflow/example_dags/example_task_group.py
[2025-05-14T00:19:24.420+0000] {processor.py:840} INFO - DAG(s) 'example_task_group' retrieved from /home/airflow/.local/lib/python3.8/site-packages/airflow/example_dags/example_task_group.py
[2025-05-14T00:19:24.443+0000] {logging_mixin.py:188} INFO - [2025-05-14T00:19:24.443+0000] {dag.py:3036} INFO - Sync 1 DAGs
[2025-05-14T00:19:24.495+0000] {logging_mixin.py:188} INFO - [2025-05-14T00:19:24.495+0000] {dag.py:3823} INFO - Setting next_dagrun for example_task_group to 2025-05-13 00:00:00+00:00, run_after=2025-05-14 00:00:00+00:00
[2025-05-14T00:19:24.524+0000] {processor.py:183} INFO - Processing /home/airflow/.local/lib/python3.8/site-packages/airflow/example_dags/example_task_group.py took 0.117 seconds
[2025-05-14T00:19:54.668+0000] {processor.py:161} INFO - Started process (PID=1316) to work on /home/airflow/.local/lib/python3.8/site-packages/airflow/example_dags/example_task_group.py
[2025-05-14T00:19:54.670+0000] {processor.py:830} INFO - Processing file /home/airflow/.local/lib/python3.8/site-packages/airflow/example_dags/example_task_group.py for tasks to queue
[2025-05-14T00:19:54.673+0000] {logging_mixin.py:188} INFO - [2025-05-14T00:19:54.672+0000] {dagbag.py:538} INFO - Filling up the DagBag from /home/airflow/.local/lib/python3.8/site-packages/airflow/example_dags/example_task_group.py
[2025-05-14T00:19:54.683+0000] {processor.py:840} INFO - DAG(s) 'example_task_group' retrieved from /home/airflow/.local/lib/python3.8/site-packages/airflow/example_dags/example_task_group.py
[2025-05-14T00:19:54.718+0000] {logging_mixin.py:188} INFO - [2025-05-14T00:19:54.717+0000] {dag.py:3036} INFO - Sync 1 DAGs
[2025-05-14T00:19:54.756+0000] {logging_mixin.py:188} INFO - [2025-05-14T00:19:54.754+0000] {dag.py:3823} INFO - Setting next_dagrun for example_task_group to 2025-05-13 00:00:00+00:00, run_after=2025-05-14 00:00:00+00:00
[2025-05-14T00:19:54.790+0000] {processor.py:183} INFO - Processing /home/airflow/.local/lib/python3.8/site-packages/airflow/example_dags/example_task_group.py took 0.125 seconds
[2025-05-14T00:20:25.042+0000] {processor.py:161} INFO - Started process (PID=1372) to work on /home/airflow/.local/lib/python3.8/site-packages/airflow/example_dags/example_task_group.py
[2025-05-14T00:20:25.045+0000] {processor.py:830} INFO - Processing file /home/airflow/.local/lib/python3.8/site-packages/airflow/example_dags/example_task_group.py for tasks to queue
[2025-05-14T00:20:25.048+0000] {logging_mixin.py:188} INFO - [2025-05-14T00:20:25.047+0000] {dagbag.py:538} INFO - Filling up the DagBag from /home/airflow/.local/lib/python3.8/site-packages/airflow/example_dags/example_task_group.py
[2025-05-14T00:20:25.057+0000] {processor.py:840} INFO - DAG(s) 'example_task_group' retrieved from /home/airflow/.local/lib/python3.8/site-packages/airflow/example_dags/example_task_group.py
[2025-05-14T00:20:25.099+0000] {logging_mixin.py:188} INFO - [2025-05-14T00:20:25.099+0000] {dag.py:3036} INFO - Sync 1 DAGs
[2025-05-14T00:20:25.133+0000] {logging_mixin.py:188} INFO - [2025-05-14T00:20:25.133+0000] {dag.py:3823} INFO - Setting next_dagrun for example_task_group to 2025-05-13 00:00:00+00:00, run_after=2025-05-14 00:00:00+00:00
[2025-05-14T00:20:25.166+0000] {processor.py:183} INFO - Processing /home/airflow/.local/lib/python3.8/site-packages/airflow/example_dags/example_task_group.py took 0.127 seconds
[2025-05-14T00:20:55.300+0000] {processor.py:161} INFO - Started process (PID=1428) to work on /home/airflow/.local/lib/python3.8/site-packages/airflow/example_dags/example_task_group.py
[2025-05-14T00:20:55.302+0000] {processor.py:830} INFO - Processing file /home/airflow/.local/lib/python3.8/site-packages/airflow/example_dags/example_task_group.py for tasks to queue
[2025-05-14T00:20:55.304+0000] {logging_mixin.py:188} INFO - [2025-05-14T00:20:55.303+0000] {dagbag.py:538} INFO - Filling up the DagBag from /home/airflow/.local/lib/python3.8/site-packages/airflow/example_dags/example_task_group.py
[2025-05-14T00:20:55.311+0000] {processor.py:840} INFO - DAG(s) 'example_task_group' retrieved from /home/airflow/.local/lib/python3.8/site-packages/airflow/example_dags/example_task_group.py
[2025-05-14T00:20:55.334+0000] {logging_mixin.py:188} INFO - [2025-05-14T00:20:55.334+0000] {dag.py:3036} INFO - Sync 1 DAGs
[2025-05-14T00:20:55.358+0000] {logging_mixin.py:188} INFO - [2025-05-14T00:20:55.357+0000] {dag.py:3823} INFO - Setting next_dagrun for example_task_group to 2025-05-13 00:00:00+00:00, run_after=2025-05-14 00:00:00+00:00
[2025-05-14T00:20:55.383+0000] {processor.py:183} INFO - Processing /home/airflow/.local/lib/python3.8/site-packages/airflow/example_dags/example_task_group.py took 0.086 seconds
[2025-05-14T00:21:25.819+0000] {processor.py:161} INFO - Started process (PID=1484) to work on /home/airflow/.local/lib/python3.8/site-packages/airflow/example_dags/example_task_group.py
[2025-05-14T00:21:25.821+0000] {processor.py:830} INFO - Processing file /home/airflow/.local/lib/python3.8/site-packages/airflow/example_dags/example_task_group.py for tasks to queue
[2025-05-14T00:21:25.824+0000] {logging_mixin.py:188} INFO - [2025-05-14T00:21:25.823+0000] {dagbag.py:538} INFO - Filling up the DagBag from /home/airflow/.local/lib/python3.8/site-packages/airflow/example_dags/example_task_group.py
[2025-05-14T00:21:25.832+0000] {processor.py:840} INFO - DAG(s) 'example_task_group' retrieved from /home/airflow/.local/lib/python3.8/site-packages/airflow/example_dags/example_task_group.py
[2025-05-14T00:21:25.863+0000] {logging_mixin.py:188} INFO - [2025-05-14T00:21:25.862+0000] {dag.py:3036} INFO - Sync 1 DAGs
[2025-05-14T00:21:25.900+0000] {logging_mixin.py:188} INFO - [2025-05-14T00:21:25.900+0000] {dag.py:3823} INFO - Setting next_dagrun for example_task_group to 2025-05-13 00:00:00+00:00, run_after=2025-05-14 00:00:00+00:00
[2025-05-14T00:21:25.936+0000] {processor.py:183} INFO - Processing /home/airflow/.local/lib/python3.8/site-packages/airflow/example_dags/example_task_group.py took 0.120 seconds
[2025-05-14T00:21:56.492+0000] {processor.py:161} INFO - Started process (PID=1540) to work on /home/airflow/.local/lib/python3.8/site-packages/airflow/example_dags/example_task_group.py
[2025-05-14T00:21:56.494+0000] {processor.py:830} INFO - Processing file /home/airflow/.local/lib/python3.8/site-packages/airflow/example_dags/example_task_group.py for tasks to queue
[2025-05-14T00:21:56.496+0000] {logging_mixin.py:188} INFO - [2025-05-14T00:21:56.496+0000] {dagbag.py:538} INFO - Filling up the DagBag from /home/airflow/.local/lib/python3.8/site-packages/airflow/example_dags/example_task_group.py
[2025-05-14T00:21:56.506+0000] {processor.py:840} INFO - DAG(s) 'example_task_group' retrieved from /home/airflow/.local/lib/python3.8/site-packages/airflow/example_dags/example_task_group.py
[2025-05-14T00:21:56.542+0000] {logging_mixin.py:188} INFO - [2025-05-14T00:21:56.542+0000] {dag.py:3036} INFO - Sync 1 DAGs
[2025-05-14T00:21:56.597+0000] {logging_mixin.py:188} INFO - [2025-05-14T00:21:56.597+0000] {dag.py:3823} INFO - Setting next_dagrun for example_task_group to 2025-05-13 00:00:00+00:00, run_after=2025-05-14 00:00:00+00:00
[2025-05-14T00:21:56.643+0000] {processor.py:183} INFO - Processing /home/airflow/.local/lib/python3.8/site-packages/airflow/example_dags/example_task_group.py took 0.153 seconds
[2025-05-14T00:22:26.979+0000] {processor.py:161} INFO - Started process (PID=1595) to work on /home/airflow/.local/lib/python3.8/site-packages/airflow/example_dags/example_task_group.py
[2025-05-14T00:22:26.981+0000] {processor.py:830} INFO - Processing file /home/airflow/.local/lib/python3.8/site-packages/airflow/example_dags/example_task_group.py for tasks to queue
[2025-05-14T00:22:26.984+0000] {logging_mixin.py:188} INFO - [2025-05-14T00:22:26.983+0000] {dagbag.py:538} INFO - Filling up the DagBag from /home/airflow/.local/lib/python3.8/site-packages/airflow/example_dags/example_task_group.py
[2025-05-14T00:22:26.996+0000] {processor.py:840} INFO - DAG(s) 'example_task_group' retrieved from /home/airflow/.local/lib/python3.8/site-packages/airflow/example_dags/example_task_group.py
[2025-05-14T00:22:27.045+0000] {logging_mixin.py:188} INFO - [2025-05-14T00:22:27.044+0000] {dag.py:3036} INFO - Sync 1 DAGs
[2025-05-14T00:22:27.081+0000] {logging_mixin.py:188} INFO - [2025-05-14T00:22:27.081+0000] {dag.py:3823} INFO - Setting next_dagrun for example_task_group to 2025-05-13 00:00:00+00:00, run_after=2025-05-14 00:00:00+00:00
[2025-05-14T00:22:27.126+0000] {processor.py:183} INFO - Processing /home/airflow/.local/lib/python3.8/site-packages/airflow/example_dags/example_task_group.py took 0.151 seconds
[2025-05-14T00:22:57.310+0000] {processor.py:161} INFO - Started process (PID=1652) to work on /home/airflow/.local/lib/python3.8/site-packages/airflow/example_dags/example_task_group.py
[2025-05-14T00:22:57.311+0000] {processor.py:830} INFO - Processing file /home/airflow/.local/lib/python3.8/site-packages/airflow/example_dags/example_task_group.py for tasks to queue
[2025-05-14T00:22:57.313+0000] {logging_mixin.py:188} INFO - [2025-05-14T00:22:57.313+0000] {dagbag.py:538} INFO - Filling up the DagBag from /home/airflow/.local/lib/python3.8/site-packages/airflow/example_dags/example_task_group.py
[2025-05-14T00:22:57.324+0000] {processor.py:840} INFO - DAG(s) 'example_task_group' retrieved from /home/airflow/.local/lib/python3.8/site-packages/airflow/example_dags/example_task_group.py
[2025-05-14T00:22:57.348+0000] {logging_mixin.py:188} INFO - [2025-05-14T00:22:57.348+0000] {dag.py:3036} INFO - Sync 1 DAGs
[2025-05-14T00:22:57.379+0000] {logging_mixin.py:188} INFO - [2025-05-14T00:22:57.379+0000] {dag.py:3823} INFO - Setting next_dagrun for example_task_group to 2025-05-13 00:00:00+00:00, run_after=2025-05-14 00:00:00+00:00
[2025-05-14T00:22:57.408+0000] {processor.py:183} INFO - Processing /home/airflow/.local/lib/python3.8/site-packages/airflow/example_dags/example_task_group.py took 0.101 seconds
[2025-05-14T00:23:27.470+0000] {processor.py:161} INFO - Started process (PID=1708) to work on /home/airflow/.local/lib/python3.8/site-packages/airflow/example_dags/example_task_group.py
[2025-05-14T00:23:27.471+0000] {processor.py:830} INFO - Processing file /home/airflow/.local/lib/python3.8/site-packages/airflow/example_dags/example_task_group.py for tasks to queue
[2025-05-14T00:23:27.473+0000] {logging_mixin.py:188} INFO - [2025-05-14T00:23:27.473+0000] {dagbag.py:538} INFO - Filling up the DagBag from /home/airflow/.local/lib/python3.8/site-packages/airflow/example_dags/example_task_group.py
[2025-05-14T00:23:27.480+0000] {processor.py:840} INFO - DAG(s) 'example_task_group' retrieved from /home/airflow/.local/lib/python3.8/site-packages/airflow/example_dags/example_task_group.py
[2025-05-14T00:23:27.508+0000] {logging_mixin.py:188} INFO - [2025-05-14T00:23:27.508+0000] {dag.py:3036} INFO - Sync 1 DAGs
[2025-05-14T00:23:27.538+0000] {logging_mixin.py:188} INFO - [2025-05-14T00:23:27.538+0000] {dag.py:3823} INFO - Setting next_dagrun for example_task_group to 2025-05-13 00:00:00+00:00, run_after=2025-05-14 00:00:00+00:00
[2025-05-14T00:23:27.562+0000] {processor.py:183} INFO - Processing /home/airflow/.local/lib/python3.8/site-packages/airflow/example_dags/example_task_group.py took 0.095 seconds
