[2025-05-14T00:08:32.041+0000] {processor.py:161} INFO - Started process (PID=79) to work on /home/airflow/.local/lib/python3.8/site-packages/airflow/example_dags/example_short_circuit_operator.py
[2025-05-14T00:08:32.043+0000] {processor.py:830} INFO - Processing file /home/airflow/.local/lib/python3.8/site-packages/airflow/example_dags/example_short_circuit_operator.py for tasks to queue
[2025-05-14T00:08:32.045+0000] {logging_mixin.py:188} INFO - [2025-05-14T00:08:32.045+0000] {dagbag.py:538} INFO - Filling up the DagBag from /home/airflow/.local/lib/python3.8/site-packages/airflow/example_dags/example_short_circuit_operator.py
[2025-05-14T00:08:32.061+0000] {processor.py:840} INFO - DAG(s) 'example_short_circuit_operator' retrieved from /home/airflow/.local/lib/python3.8/site-packages/airflow/example_dags/example_short_circuit_operator.py
[2025-05-14T00:08:32.548+0000] {logging_mixin.py:188} INFO - [2025-05-14T00:08:32.545+0000] {dag.py:3036} INFO - Sync 1 DAGs
[2025-05-14T00:08:32.890+0000] {logging_mixin.py:188} INFO - [2025-05-14T00:08:32.888+0000] {dag.py:3823} INFO - Setting next_dagrun for example_short_circuit_operator to 2025-05-13 00:00:00+00:00, run_after=2025-05-14 00:00:00+00:00
[2025-05-14T00:08:33.243+0000] {processor.py:183} INFO - Processing /home/airflow/.local/lib/python3.8/site-packages/airflow/example_dags/example_short_circuit_operator.py took 1.205 seconds
[2025-05-14T00:09:03.523+0000] {processor.py:161} INFO - Started process (PID=135) to work on /home/airflow/.local/lib/python3.8/site-packages/airflow/example_dags/example_short_circuit_operator.py
[2025-05-14T00:09:03.524+0000] {processor.py:830} INFO - Processing file /home/airflow/.local/lib/python3.8/site-packages/airflow/example_dags/example_short_circuit_operator.py for tasks to queue
[2025-05-14T00:09:03.527+0000] {logging_mixin.py:188} INFO - [2025-05-14T00:09:03.526+0000] {dagbag.py:538} INFO - Filling up the DagBag from /home/airflow/.local/lib/python3.8/site-packages/airflow/example_dags/example_short_circuit_operator.py
[2025-05-14T00:09:03.537+0000] {processor.py:840} INFO - DAG(s) 'example_short_circuit_operator' retrieved from /home/airflow/.local/lib/python3.8/site-packages/airflow/example_dags/example_short_circuit_operator.py
[2025-05-14T00:09:03.576+0000] {logging_mixin.py:188} INFO - [2025-05-14T00:09:03.576+0000] {dag.py:3036} INFO - Sync 1 DAGs
[2025-05-14T00:09:03.605+0000] {logging_mixin.py:188} INFO - [2025-05-14T00:09:03.605+0000] {dag.py:3823} INFO - Setting next_dagrun for example_short_circuit_operator to 2025-05-13 00:00:00+00:00, run_after=2025-05-14 00:00:00+00:00
[2025-05-14T00:09:03.632+0000] {processor.py:183} INFO - Processing /home/airflow/.local/lib/python3.8/site-packages/airflow/example_dags/example_short_circuit_operator.py took 0.112 seconds
[2025-05-14T00:09:33.786+0000] {processor.py:161} INFO - Started process (PID=191) to work on /home/airflow/.local/lib/python3.8/site-packages/airflow/example_dags/example_short_circuit_operator.py
[2025-05-14T00:09:33.789+0000] {processor.py:830} INFO - Processing file /home/airflow/.local/lib/python3.8/site-packages/airflow/example_dags/example_short_circuit_operator.py for tasks to queue
[2025-05-14T00:09:33.792+0000] {logging_mixin.py:188} INFO - [2025-05-14T00:09:33.791+0000] {dagbag.py:538} INFO - Filling up the DagBag from /home/airflow/.local/lib/python3.8/site-packages/airflow/example_dags/example_short_circuit_operator.py
[2025-05-14T00:09:33.804+0000] {processor.py:840} INFO - DAG(s) 'example_short_circuit_operator' retrieved from /home/airflow/.local/lib/python3.8/site-packages/airflow/example_dags/example_short_circuit_operator.py
[2025-05-14T00:09:33.838+0000] {logging_mixin.py:188} INFO - [2025-05-14T00:09:33.837+0000] {dag.py:3036} INFO - Sync 1 DAGs
[2025-05-14T00:09:33.868+0000] {logging_mixin.py:188} INFO - [2025-05-14T00:09:33.868+0000] {dag.py:3823} INFO - Setting next_dagrun for example_short_circuit_operator to 2025-05-13 00:00:00+00:00, run_after=2025-05-14 00:00:00+00:00
[2025-05-14T00:09:33.895+0000] {processor.py:183} INFO - Processing /home/airflow/.local/lib/python3.8/site-packages/airflow/example_dags/example_short_circuit_operator.py took 0.112 seconds
[2025-05-14T00:10:04.473+0000] {processor.py:161} INFO - Started process (PID=247) to work on /home/airflow/.local/lib/python3.8/site-packages/airflow/example_dags/example_short_circuit_operator.py
[2025-05-14T00:10:04.474+0000] {processor.py:830} INFO - Processing file /home/airflow/.local/lib/python3.8/site-packages/airflow/example_dags/example_short_circuit_operator.py for tasks to queue
[2025-05-14T00:10:04.483+0000] {logging_mixin.py:188} INFO - [2025-05-14T00:10:04.480+0000] {dagbag.py:538} INFO - Filling up the DagBag from /home/airflow/.local/lib/python3.8/site-packages/airflow/example_dags/example_short_circuit_operator.py
[2025-05-14T00:10:04.546+0000] {processor.py:840} INFO - DAG(s) 'example_short_circuit_operator' retrieved from /home/airflow/.local/lib/python3.8/site-packages/airflow/example_dags/example_short_circuit_operator.py
[2025-05-14T00:10:04.661+0000] {logging_mixin.py:188} INFO - [2025-05-14T00:10:04.661+0000] {dag.py:3036} INFO - Sync 1 DAGs
[2025-05-14T00:10:04.734+0000] {logging_mixin.py:188} INFO - [2025-05-14T00:10:04.733+0000] {dag.py:3823} INFO - Setting next_dagrun for example_short_circuit_operator to 2025-05-13 00:00:00+00:00, run_after=2025-05-14 00:00:00+00:00
[2025-05-14T00:10:04.832+0000] {processor.py:183} INFO - Processing /home/airflow/.local/lib/python3.8/site-packages/airflow/example_dags/example_short_circuit_operator.py took 0.379 seconds
[2025-05-14T00:10:35.048+0000] {processor.py:161} INFO - Started process (PID=303) to work on /home/airflow/.local/lib/python3.8/site-packages/airflow/example_dags/example_short_circuit_operator.py
[2025-05-14T00:10:35.050+0000] {processor.py:830} INFO - Processing file /home/airflow/.local/lib/python3.8/site-packages/airflow/example_dags/example_short_circuit_operator.py for tasks to queue
[2025-05-14T00:10:35.052+0000] {logging_mixin.py:188} INFO - [2025-05-14T00:10:35.052+0000] {dagbag.py:538} INFO - Filling up the DagBag from /home/airflow/.local/lib/python3.8/site-packages/airflow/example_dags/example_short_circuit_operator.py
[2025-05-14T00:10:35.073+0000] {processor.py:840} INFO - DAG(s) 'example_short_circuit_operator' retrieved from /home/airflow/.local/lib/python3.8/site-packages/airflow/example_dags/example_short_circuit_operator.py
[2025-05-14T00:10:35.117+0000] {logging_mixin.py:188} INFO - [2025-05-14T00:10:35.117+0000] {dag.py:3036} INFO - Sync 1 DAGs
[2025-05-14T00:10:35.156+0000] {logging_mixin.py:188} INFO - [2025-05-14T00:10:35.156+0000] {dag.py:3823} INFO - Setting next_dagrun for example_short_circuit_operator to 2025-05-13 00:00:00+00:00, run_after=2025-05-14 00:00:00+00:00
[2025-05-14T00:10:35.190+0000] {processor.py:183} INFO - Processing /home/airflow/.local/lib/python3.8/site-packages/airflow/example_dags/example_short_circuit_operator.py took 0.147 seconds
[2025-05-14T00:11:09.547+0000] {processor.py:161} INFO - Started process (PID=357) to work on /home/airflow/.local/lib/python3.8/site-packages/airflow/example_dags/example_short_circuit_operator.py
[2025-05-14T00:11:09.554+0000] {processor.py:830} INFO - Processing file /home/airflow/.local/lib/python3.8/site-packages/airflow/example_dags/example_short_circuit_operator.py for tasks to queue
[2025-05-14T00:11:09.558+0000] {logging_mixin.py:188} INFO - [2025-05-14T00:11:09.557+0000] {dagbag.py:538} INFO - Filling up the DagBag from /home/airflow/.local/lib/python3.8/site-packages/airflow/example_dags/example_short_circuit_operator.py
[2025-05-14T00:11:09.576+0000] {processor.py:840} INFO - DAG(s) 'example_short_circuit_operator' retrieved from /home/airflow/.local/lib/python3.8/site-packages/airflow/example_dags/example_short_circuit_operator.py
[2025-05-14T00:11:09.722+0000] {logging_mixin.py:188} INFO - [2025-05-14T00:11:09.722+0000] {dag.py:3036} INFO - Sync 1 DAGs
[2025-05-14T00:11:09.855+0000] {logging_mixin.py:188} INFO - [2025-05-14T00:11:09.853+0000] {dag.py:3823} INFO - Setting next_dagrun for example_short_circuit_operator to 2025-05-13 00:00:00+00:00, run_after=2025-05-14 00:00:00+00:00
[2025-05-14T00:11:09.989+0000] {processor.py:183} INFO - Processing /home/airflow/.local/lib/python3.8/site-packages/airflow/example_dags/example_short_circuit_operator.py took 0.466 seconds
[2025-05-14T00:11:40.884+0000] {processor.py:161} INFO - Started process (PID=413) to work on /home/airflow/.local/lib/python3.8/site-packages/airflow/example_dags/example_short_circuit_operator.py
[2025-05-14T00:11:40.886+0000] {processor.py:830} INFO - Processing file /home/airflow/.local/lib/python3.8/site-packages/airflow/example_dags/example_short_circuit_operator.py for tasks to queue
[2025-05-14T00:11:40.888+0000] {logging_mixin.py:188} INFO - [2025-05-14T00:11:40.887+0000] {dagbag.py:538} INFO - Filling up the DagBag from /home/airflow/.local/lib/python3.8/site-packages/airflow/example_dags/example_short_circuit_operator.py
[2025-05-14T00:11:40.896+0000] {processor.py:840} INFO - DAG(s) 'example_short_circuit_operator' retrieved from /home/airflow/.local/lib/python3.8/site-packages/airflow/example_dags/example_short_circuit_operator.py
[2025-05-14T00:11:40.926+0000] {logging_mixin.py:188} INFO - [2025-05-14T00:11:40.926+0000] {dag.py:3036} INFO - Sync 1 DAGs
[2025-05-14T00:11:40.955+0000] {logging_mixin.py:188} INFO - [2025-05-14T00:11:40.955+0000] {dag.py:3823} INFO - Setting next_dagrun for example_short_circuit_operator to 2025-05-13 00:00:00+00:00, run_after=2025-05-14 00:00:00+00:00
[2025-05-14T00:11:40.986+0000] {processor.py:183} INFO - Processing /home/airflow/.local/lib/python3.8/site-packages/airflow/example_dags/example_short_circuit_operator.py took 0.105 seconds
[2025-05-14T00:12:11.794+0000] {processor.py:161} INFO - Started process (PID=469) to work on /home/airflow/.local/lib/python3.8/site-packages/airflow/example_dags/example_short_circuit_operator.py
[2025-05-14T00:12:11.795+0000] {processor.py:830} INFO - Processing file /home/airflow/.local/lib/python3.8/site-packages/airflow/example_dags/example_short_circuit_operator.py for tasks to queue
[2025-05-14T00:12:11.798+0000] {logging_mixin.py:188} INFO - [2025-05-14T00:12:11.797+0000] {dagbag.py:538} INFO - Filling up the DagBag from /home/airflow/.local/lib/python3.8/site-packages/airflow/example_dags/example_short_circuit_operator.py
[2025-05-14T00:12:11.807+0000] {processor.py:840} INFO - DAG(s) 'example_short_circuit_operator' retrieved from /home/airflow/.local/lib/python3.8/site-packages/airflow/example_dags/example_short_circuit_operator.py
[2025-05-14T00:12:11.838+0000] {logging_mixin.py:188} INFO - [2025-05-14T00:12:11.837+0000] {dag.py:3036} INFO - Sync 1 DAGs
[2025-05-14T00:12:11.869+0000] {logging_mixin.py:188} INFO - [2025-05-14T00:12:11.868+0000] {dag.py:3823} INFO - Setting next_dagrun for example_short_circuit_operator to 2025-05-13 00:00:00+00:00, run_after=2025-05-14 00:00:00+00:00
[2025-05-14T00:12:11.897+0000] {processor.py:183} INFO - Processing /home/airflow/.local/lib/python3.8/site-packages/airflow/example_dags/example_short_circuit_operator.py took 0.106 seconds
[2025-05-14T00:12:42.017+0000] {processor.py:161} INFO - Started process (PID=525) to work on /home/airflow/.local/lib/python3.8/site-packages/airflow/example_dags/example_short_circuit_operator.py
[2025-05-14T00:12:42.019+0000] {processor.py:830} INFO - Processing file /home/airflow/.local/lib/python3.8/site-packages/airflow/example_dags/example_short_circuit_operator.py for tasks to queue
[2025-05-14T00:12:42.022+0000] {logging_mixin.py:188} INFO - [2025-05-14T00:12:42.021+0000] {dagbag.py:538} INFO - Filling up the DagBag from /home/airflow/.local/lib/python3.8/site-packages/airflow/example_dags/example_short_circuit_operator.py
[2025-05-14T00:12:42.033+0000] {processor.py:840} INFO - DAG(s) 'example_short_circuit_operator' retrieved from /home/airflow/.local/lib/python3.8/site-packages/airflow/example_dags/example_short_circuit_operator.py
[2025-05-14T00:12:42.064+0000] {logging_mixin.py:188} INFO - [2025-05-14T00:12:42.064+0000] {dag.py:3036} INFO - Sync 1 DAGs
[2025-05-14T00:12:42.094+0000] {logging_mixin.py:188} INFO - [2025-05-14T00:12:42.094+0000] {dag.py:3823} INFO - Setting next_dagrun for example_short_circuit_operator to 2025-05-13 00:00:00+00:00, run_after=2025-05-14 00:00:00+00:00
[2025-05-14T00:12:42.127+0000] {processor.py:183} INFO - Processing /home/airflow/.local/lib/python3.8/site-packages/airflow/example_dags/example_short_circuit_operator.py took 0.113 seconds
[2025-05-14T00:13:12.429+0000] {processor.py:161} INFO - Started process (PID=581) to work on /home/airflow/.local/lib/python3.8/site-packages/airflow/example_dags/example_short_circuit_operator.py
[2025-05-14T00:13:12.431+0000] {processor.py:830} INFO - Processing file /home/airflow/.local/lib/python3.8/site-packages/airflow/example_dags/example_short_circuit_operator.py for tasks to queue
[2025-05-14T00:13:12.434+0000] {logging_mixin.py:188} INFO - [2025-05-14T00:13:12.433+0000] {dagbag.py:538} INFO - Filling up the DagBag from /home/airflow/.local/lib/python3.8/site-packages/airflow/example_dags/example_short_circuit_operator.py
[2025-05-14T00:13:12.446+0000] {processor.py:840} INFO - DAG(s) 'example_short_circuit_operator' retrieved from /home/airflow/.local/lib/python3.8/site-packages/airflow/example_dags/example_short_circuit_operator.py
[2025-05-14T00:13:12.482+0000] {logging_mixin.py:188} INFO - [2025-05-14T00:13:12.482+0000] {dag.py:3036} INFO - Sync 1 DAGs
[2025-05-14T00:13:12.514+0000] {logging_mixin.py:188} INFO - [2025-05-14T00:13:12.513+0000] {dag.py:3823} INFO - Setting next_dagrun for example_short_circuit_operator to 2025-05-13 00:00:00+00:00, run_after=2025-05-14 00:00:00+00:00
[2025-05-14T00:13:12.561+0000] {processor.py:183} INFO - Processing /home/airflow/.local/lib/python3.8/site-packages/airflow/example_dags/example_short_circuit_operator.py took 0.136 seconds
[2025-05-14T00:13:43.000+0000] {processor.py:161} INFO - Started process (PID=637) to work on /home/airflow/.local/lib/python3.8/site-packages/airflow/example_dags/example_short_circuit_operator.py
[2025-05-14T00:13:43.002+0000] {processor.py:830} INFO - Processing file /home/airflow/.local/lib/python3.8/site-packages/airflow/example_dags/example_short_circuit_operator.py for tasks to queue
[2025-05-14T00:13:43.004+0000] {logging_mixin.py:188} INFO - [2025-05-14T00:13:43.003+0000] {dagbag.py:538} INFO - Filling up the DagBag from /home/airflow/.local/lib/python3.8/site-packages/airflow/example_dags/example_short_circuit_operator.py
[2025-05-14T00:13:43.012+0000] {processor.py:840} INFO - DAG(s) 'example_short_circuit_operator' retrieved from /home/airflow/.local/lib/python3.8/site-packages/airflow/example_dags/example_short_circuit_operator.py
[2025-05-14T00:13:43.045+0000] {logging_mixin.py:188} INFO - [2025-05-14T00:13:43.045+0000] {dag.py:3036} INFO - Sync 1 DAGs
[2025-05-14T00:13:43.082+0000] {logging_mixin.py:188} INFO - [2025-05-14T00:13:43.082+0000] {dag.py:3823} INFO - Setting next_dagrun for example_short_circuit_operator to 2025-05-13 00:00:00+00:00, run_after=2025-05-14 00:00:00+00:00
[2025-05-14T00:13:43.139+0000] {processor.py:183} INFO - Processing /home/airflow/.local/lib/python3.8/site-packages/airflow/example_dags/example_short_circuit_operator.py took 0.141 seconds
[2025-05-14T00:14:13.335+0000] {processor.py:161} INFO - Started process (PID=693) to work on /home/airflow/.local/lib/python3.8/site-packages/airflow/example_dags/example_short_circuit_operator.py
[2025-05-14T00:14:13.337+0000] {processor.py:830} INFO - Processing file /home/airflow/.local/lib/python3.8/site-packages/airflow/example_dags/example_short_circuit_operator.py for tasks to queue
[2025-05-14T00:14:13.340+0000] {logging_mixin.py:188} INFO - [2025-05-14T00:14:13.339+0000] {dagbag.py:538} INFO - Filling up the DagBag from /home/airflow/.local/lib/python3.8/site-packages/airflow/example_dags/example_short_circuit_operator.py
[2025-05-14T00:14:13.352+0000] {processor.py:840} INFO - DAG(s) 'example_short_circuit_operator' retrieved from /home/airflow/.local/lib/python3.8/site-packages/airflow/example_dags/example_short_circuit_operator.py
[2025-05-14T00:14:13.386+0000] {logging_mixin.py:188} INFO - [2025-05-14T00:14:13.386+0000] {dag.py:3036} INFO - Sync 1 DAGs
[2025-05-14T00:14:13.420+0000] {logging_mixin.py:188} INFO - [2025-05-14T00:14:13.419+0000] {dag.py:3823} INFO - Setting next_dagrun for example_short_circuit_operator to 2025-05-13 00:00:00+00:00, run_after=2025-05-14 00:00:00+00:00
[2025-05-14T00:14:13.454+0000] {processor.py:183} INFO - Processing /home/airflow/.local/lib/python3.8/site-packages/airflow/example_dags/example_short_circuit_operator.py took 0.122 seconds
[2025-05-14T00:14:43.572+0000] {processor.py:161} INFO - Started process (PID=748) to work on /home/airflow/.local/lib/python3.8/site-packages/airflow/example_dags/example_short_circuit_operator.py
[2025-05-14T00:14:43.576+0000] {processor.py:830} INFO - Processing file /home/airflow/.local/lib/python3.8/site-packages/airflow/example_dags/example_short_circuit_operator.py for tasks to queue
[2025-05-14T00:14:43.581+0000] {logging_mixin.py:188} INFO - [2025-05-14T00:14:43.580+0000] {dagbag.py:538} INFO - Filling up the DagBag from /home/airflow/.local/lib/python3.8/site-packages/airflow/example_dags/example_short_circuit_operator.py
[2025-05-14T00:14:43.594+0000] {processor.py:840} INFO - DAG(s) 'example_short_circuit_operator' retrieved from /home/airflow/.local/lib/python3.8/site-packages/airflow/example_dags/example_short_circuit_operator.py
[2025-05-14T00:14:43.626+0000] {logging_mixin.py:188} INFO - [2025-05-14T00:14:43.625+0000] {dag.py:3036} INFO - Sync 1 DAGs
[2025-05-14T00:14:43.659+0000] {logging_mixin.py:188} INFO - [2025-05-14T00:14:43.659+0000] {dag.py:3823} INFO - Setting next_dagrun for example_short_circuit_operator to 2025-05-13 00:00:00+00:00, run_after=2025-05-14 00:00:00+00:00
[2025-05-14T00:14:43.697+0000] {processor.py:183} INFO - Processing /home/airflow/.local/lib/python3.8/site-packages/airflow/example_dags/example_short_circuit_operator.py took 0.129 seconds
[2025-05-14T00:15:14.004+0000] {processor.py:161} INFO - Started process (PID=804) to work on /home/airflow/.local/lib/python3.8/site-packages/airflow/example_dags/example_short_circuit_operator.py
[2025-05-14T00:15:14.005+0000] {processor.py:830} INFO - Processing file /home/airflow/.local/lib/python3.8/site-packages/airflow/example_dags/example_short_circuit_operator.py for tasks to queue
[2025-05-14T00:15:14.008+0000] {logging_mixin.py:188} INFO - [2025-05-14T00:15:14.007+0000] {dagbag.py:538} INFO - Filling up the DagBag from /home/airflow/.local/lib/python3.8/site-packages/airflow/example_dags/example_short_circuit_operator.py
[2025-05-14T00:15:14.019+0000] {processor.py:840} INFO - DAG(s) 'example_short_circuit_operator' retrieved from /home/airflow/.local/lib/python3.8/site-packages/airflow/example_dags/example_short_circuit_operator.py
[2025-05-14T00:15:14.063+0000] {logging_mixin.py:188} INFO - [2025-05-14T00:15:14.063+0000] {dag.py:3036} INFO - Sync 1 DAGs
[2025-05-14T00:15:14.091+0000] {logging_mixin.py:188} INFO - [2025-05-14T00:15:14.091+0000] {dag.py:3823} INFO - Setting next_dagrun for example_short_circuit_operator to 2025-05-13 00:00:00+00:00, run_after=2025-05-14 00:00:00+00:00
[2025-05-14T00:15:14.122+0000] {processor.py:183} INFO - Processing /home/airflow/.local/lib/python3.8/site-packages/airflow/example_dags/example_short_circuit_operator.py took 0.122 seconds
[2025-05-14T00:15:44.735+0000] {processor.py:161} INFO - Started process (PID=861) to work on /home/airflow/.local/lib/python3.8/site-packages/airflow/example_dags/example_short_circuit_operator.py
[2025-05-14T00:15:44.737+0000] {processor.py:830} INFO - Processing file /home/airflow/.local/lib/python3.8/site-packages/airflow/example_dags/example_short_circuit_operator.py for tasks to queue
[2025-05-14T00:15:44.740+0000] {logging_mixin.py:188} INFO - [2025-05-14T00:15:44.739+0000] {dagbag.py:538} INFO - Filling up the DagBag from /home/airflow/.local/lib/python3.8/site-packages/airflow/example_dags/example_short_circuit_operator.py
[2025-05-14T00:15:44.753+0000] {processor.py:840} INFO - DAG(s) 'example_short_circuit_operator' retrieved from /home/airflow/.local/lib/python3.8/site-packages/airflow/example_dags/example_short_circuit_operator.py
[2025-05-14T00:15:44.805+0000] {logging_mixin.py:188} INFO - [2025-05-14T00:15:44.796+0000] {dag.py:3036} INFO - Sync 1 DAGs
[2025-05-14T00:15:44.849+0000] {logging_mixin.py:188} INFO - [2025-05-14T00:15:44.848+0000] {dag.py:3823} INFO - Setting next_dagrun for example_short_circuit_operator to 2025-05-13 00:00:00+00:00, run_after=2025-05-14 00:00:00+00:00
[2025-05-14T00:15:44.930+0000] {processor.py:183} INFO - Processing /home/airflow/.local/lib/python3.8/site-packages/airflow/example_dags/example_short_circuit_operator.py took 0.197 seconds
[2025-05-14T00:16:20.146+0000] {processor.py:161} INFO - Started process (PID=921) to work on /home/airflow/.local/lib/python3.8/site-packages/airflow/example_dags/example_short_circuit_operator.py
[2025-05-14T00:16:20.201+0000] {processor.py:830} INFO - Processing file /home/airflow/.local/lib/python3.8/site-packages/airflow/example_dags/example_short_circuit_operator.py for tasks to queue
[2025-05-14T00:16:20.300+0000] {logging_mixin.py:188} INFO - [2025-05-14T00:16:20.299+0000] {dagbag.py:538} INFO - Filling up the DagBag from /home/airflow/.local/lib/python3.8/site-packages/airflow/example_dags/example_short_circuit_operator.py
[2025-05-14T00:16:20.325+0000] {processor.py:840} INFO - DAG(s) 'example_short_circuit_operator' retrieved from /home/airflow/.local/lib/python3.8/site-packages/airflow/example_dags/example_short_circuit_operator.py
[2025-05-14T00:16:20.524+0000] {logging_mixin.py:188} INFO - [2025-05-14T00:16:20.522+0000] {dag.py:3036} INFO - Sync 1 DAGs
[2025-05-14T00:16:20.583+0000] {logging_mixin.py:188} INFO - [2025-05-14T00:16:20.582+0000] {dag.py:3823} INFO - Setting next_dagrun for example_short_circuit_operator to 2025-05-13 00:00:00+00:00, run_after=2025-05-14 00:00:00+00:00
[2025-05-14T00:16:20.680+0000] {processor.py:183} INFO - Processing /home/airflow/.local/lib/python3.8/site-packages/airflow/example_dags/example_short_circuit_operator.py took 0.555 seconds
[2025-05-14T00:16:51.539+0000] {processor.py:161} INFO - Started process (PID=977) to work on /home/airflow/.local/lib/python3.8/site-packages/airflow/example_dags/example_short_circuit_operator.py
[2025-05-14T00:16:51.541+0000] {processor.py:830} INFO - Processing file /home/airflow/.local/lib/python3.8/site-packages/airflow/example_dags/example_short_circuit_operator.py for tasks to queue
[2025-05-14T00:16:51.551+0000] {logging_mixin.py:188} INFO - [2025-05-14T00:16:51.551+0000] {dagbag.py:538} INFO - Filling up the DagBag from /home/airflow/.local/lib/python3.8/site-packages/airflow/example_dags/example_short_circuit_operator.py
[2025-05-14T00:16:51.562+0000] {processor.py:840} INFO - DAG(s) 'example_short_circuit_operator' retrieved from /home/airflow/.local/lib/python3.8/site-packages/airflow/example_dags/example_short_circuit_operator.py
[2025-05-14T00:16:51.612+0000] {logging_mixin.py:188} INFO - [2025-05-14T00:16:51.611+0000] {dag.py:3036} INFO - Sync 1 DAGs
[2025-05-14T00:16:51.657+0000] {logging_mixin.py:188} INFO - [2025-05-14T00:16:51.656+0000] {dag.py:3823} INFO - Setting next_dagrun for example_short_circuit_operator to 2025-05-13 00:00:00+00:00, run_after=2025-05-14 00:00:00+00:00
[2025-05-14T00:16:51.713+0000] {processor.py:183} INFO - Processing /home/airflow/.local/lib/python3.8/site-packages/airflow/example_dags/example_short_circuit_operator.py took 0.178 seconds
[2025-05-14T00:17:21.854+0000] {processor.py:161} INFO - Started process (PID=1034) to work on /home/airflow/.local/lib/python3.8/site-packages/airflow/example_dags/example_short_circuit_operator.py
[2025-05-14T00:17:21.856+0000] {processor.py:830} INFO - Processing file /home/airflow/.local/lib/python3.8/site-packages/airflow/example_dags/example_short_circuit_operator.py for tasks to queue
[2025-05-14T00:17:21.859+0000] {logging_mixin.py:188} INFO - [2025-05-14T00:17:21.859+0000] {dagbag.py:538} INFO - Filling up the DagBag from /home/airflow/.local/lib/python3.8/site-packages/airflow/example_dags/example_short_circuit_operator.py
[2025-05-14T00:17:21.873+0000] {processor.py:840} INFO - DAG(s) 'example_short_circuit_operator' retrieved from /home/airflow/.local/lib/python3.8/site-packages/airflow/example_dags/example_short_circuit_operator.py
[2025-05-14T00:17:21.911+0000] {logging_mixin.py:188} INFO - [2025-05-14T00:17:21.911+0000] {dag.py:3036} INFO - Sync 1 DAGs
[2025-05-14T00:17:21.940+0000] {logging_mixin.py:188} INFO - [2025-05-14T00:17:21.940+0000] {dag.py:3823} INFO - Setting next_dagrun for example_short_circuit_operator to 2025-05-13 00:00:00+00:00, run_after=2025-05-14 00:00:00+00:00
[2025-05-14T00:17:21.973+0000] {processor.py:183} INFO - Processing /home/airflow/.local/lib/python3.8/site-packages/airflow/example_dags/example_short_circuit_operator.py took 0.123 seconds
[2025-05-14T00:17:52.146+0000] {processor.py:161} INFO - Started process (PID=1090) to work on /home/airflow/.local/lib/python3.8/site-packages/airflow/example_dags/example_short_circuit_operator.py
[2025-05-14T00:17:52.148+0000] {processor.py:830} INFO - Processing file /home/airflow/.local/lib/python3.8/site-packages/airflow/example_dags/example_short_circuit_operator.py for tasks to queue
[2025-05-14T00:17:52.150+0000] {logging_mixin.py:188} INFO - [2025-05-14T00:17:52.150+0000] {dagbag.py:538} INFO - Filling up the DagBag from /home/airflow/.local/lib/python3.8/site-packages/airflow/example_dags/example_short_circuit_operator.py
[2025-05-14T00:17:52.158+0000] {processor.py:840} INFO - DAG(s) 'example_short_circuit_operator' retrieved from /home/airflow/.local/lib/python3.8/site-packages/airflow/example_dags/example_short_circuit_operator.py
[2025-05-14T00:17:52.185+0000] {logging_mixin.py:188} INFO - [2025-05-14T00:17:52.185+0000] {dag.py:3036} INFO - Sync 1 DAGs
[2025-05-14T00:17:52.212+0000] {logging_mixin.py:188} INFO - [2025-05-14T00:17:52.211+0000] {dag.py:3823} INFO - Setting next_dagrun for example_short_circuit_operator to 2025-05-13 00:00:00+00:00, run_after=2025-05-14 00:00:00+00:00
[2025-05-14T00:17:52.237+0000] {processor.py:183} INFO - Processing /home/airflow/.local/lib/python3.8/site-packages/airflow/example_dags/example_short_circuit_operator.py took 0.093 seconds
[2025-05-14T00:18:22.680+0000] {processor.py:161} INFO - Started process (PID=1147) to work on /home/airflow/.local/lib/python3.8/site-packages/airflow/example_dags/example_short_circuit_operator.py
[2025-05-14T00:18:22.682+0000] {processor.py:830} INFO - Processing file /home/airflow/.local/lib/python3.8/site-packages/airflow/example_dags/example_short_circuit_operator.py for tasks to queue
[2025-05-14T00:18:22.686+0000] {logging_mixin.py:188} INFO - [2025-05-14T00:18:22.685+0000] {dagbag.py:538} INFO - Filling up the DagBag from /home/airflow/.local/lib/python3.8/site-packages/airflow/example_dags/example_short_circuit_operator.py
[2025-05-14T00:18:22.696+0000] {processor.py:840} INFO - DAG(s) 'example_short_circuit_operator' retrieved from /home/airflow/.local/lib/python3.8/site-packages/airflow/example_dags/example_short_circuit_operator.py
[2025-05-14T00:18:22.728+0000] {logging_mixin.py:188} INFO - [2025-05-14T00:18:22.728+0000] {dag.py:3036} INFO - Sync 1 DAGs
[2025-05-14T00:18:22.757+0000] {logging_mixin.py:188} INFO - [2025-05-14T00:18:22.757+0000] {dag.py:3823} INFO - Setting next_dagrun for example_short_circuit_operator to 2025-05-13 00:00:00+00:00, run_after=2025-05-14 00:00:00+00:00
[2025-05-14T00:18:22.794+0000] {processor.py:183} INFO - Processing /home/airflow/.local/lib/python3.8/site-packages/airflow/example_dags/example_short_circuit_operator.py took 0.117 seconds
[2025-05-14T00:18:52.981+0000] {processor.py:161} INFO - Started process (PID=1203) to work on /home/airflow/.local/lib/python3.8/site-packages/airflow/example_dags/example_short_circuit_operator.py
[2025-05-14T00:18:52.984+0000] {processor.py:830} INFO - Processing file /home/airflow/.local/lib/python3.8/site-packages/airflow/example_dags/example_short_circuit_operator.py for tasks to queue
[2025-05-14T00:18:52.986+0000] {logging_mixin.py:188} INFO - [2025-05-14T00:18:52.986+0000] {dagbag.py:538} INFO - Filling up the DagBag from /home/airflow/.local/lib/python3.8/site-packages/airflow/example_dags/example_short_circuit_operator.py
[2025-05-14T00:18:52.997+0000] {processor.py:840} INFO - DAG(s) 'example_short_circuit_operator' retrieved from /home/airflow/.local/lib/python3.8/site-packages/airflow/example_dags/example_short_circuit_operator.py
[2025-05-14T00:18:53.025+0000] {logging_mixin.py:188} INFO - [2025-05-14T00:18:53.025+0000] {dag.py:3036} INFO - Sync 1 DAGs
[2025-05-14T00:18:53.050+0000] {logging_mixin.py:188} INFO - [2025-05-14T00:18:53.050+0000] {dag.py:3823} INFO - Setting next_dagrun for example_short_circuit_operator to 2025-05-13 00:00:00+00:00, run_after=2025-05-14 00:00:00+00:00
[2025-05-14T00:18:53.076+0000] {processor.py:183} INFO - Processing /home/airflow/.local/lib/python3.8/site-packages/airflow/example_dags/example_short_circuit_operator.py took 0.099 seconds
[2025-05-14T00:19:23.251+0000] {processor.py:161} INFO - Started process (PID=1259) to work on /home/airflow/.local/lib/python3.8/site-packages/airflow/example_dags/example_short_circuit_operator.py
[2025-05-14T00:19:23.254+0000] {processor.py:830} INFO - Processing file /home/airflow/.local/lib/python3.8/site-packages/airflow/example_dags/example_short_circuit_operator.py for tasks to queue
[2025-05-14T00:19:23.257+0000] {logging_mixin.py:188} INFO - [2025-05-14T00:19:23.257+0000] {dagbag.py:538} INFO - Filling up the DagBag from /home/airflow/.local/lib/python3.8/site-packages/airflow/example_dags/example_short_circuit_operator.py
[2025-05-14T00:19:23.269+0000] {processor.py:840} INFO - DAG(s) 'example_short_circuit_operator' retrieved from /home/airflow/.local/lib/python3.8/site-packages/airflow/example_dags/example_short_circuit_operator.py
[2025-05-14T00:19:23.310+0000] {logging_mixin.py:188} INFO - [2025-05-14T00:19:23.310+0000] {dag.py:3036} INFO - Sync 1 DAGs
[2025-05-14T00:19:23.345+0000] {logging_mixin.py:188} INFO - [2025-05-14T00:19:23.344+0000] {dag.py:3823} INFO - Setting next_dagrun for example_short_circuit_operator to 2025-05-13 00:00:00+00:00, run_after=2025-05-14 00:00:00+00:00
[2025-05-14T00:19:23.382+0000] {processor.py:183} INFO - Processing /home/airflow/.local/lib/python3.8/site-packages/airflow/example_dags/example_short_circuit_operator.py took 0.137 seconds
[2025-05-14T00:19:53.607+0000] {processor.py:161} INFO - Started process (PID=1315) to work on /home/airflow/.local/lib/python3.8/site-packages/airflow/example_dags/example_short_circuit_operator.py
[2025-05-14T00:19:53.609+0000] {processor.py:830} INFO - Processing file /home/airflow/.local/lib/python3.8/site-packages/airflow/example_dags/example_short_circuit_operator.py for tasks to queue
[2025-05-14T00:19:53.612+0000] {logging_mixin.py:188} INFO - [2025-05-14T00:19:53.612+0000] {dagbag.py:538} INFO - Filling up the DagBag from /home/airflow/.local/lib/python3.8/site-packages/airflow/example_dags/example_short_circuit_operator.py
[2025-05-14T00:19:53.623+0000] {processor.py:840} INFO - DAG(s) 'example_short_circuit_operator' retrieved from /home/airflow/.local/lib/python3.8/site-packages/airflow/example_dags/example_short_circuit_operator.py
[2025-05-14T00:19:53.656+0000] {logging_mixin.py:188} INFO - [2025-05-14T00:19:53.656+0000] {dag.py:3036} INFO - Sync 1 DAGs
[2025-05-14T00:19:53.710+0000] {logging_mixin.py:188} INFO - [2025-05-14T00:19:53.709+0000] {dag.py:3823} INFO - Setting next_dagrun for example_short_circuit_operator to 2025-05-13 00:00:00+00:00, run_after=2025-05-14 00:00:00+00:00
[2025-05-14T00:19:53.797+0000] {processor.py:183} INFO - Processing /home/airflow/.local/lib/python3.8/site-packages/airflow/example_dags/example_short_circuit_operator.py took 0.196 seconds
[2025-05-14T00:20:23.857+0000] {processor.py:161} INFO - Started process (PID=1370) to work on /home/airflow/.local/lib/python3.8/site-packages/airflow/example_dags/example_short_circuit_operator.py
[2025-05-14T00:20:23.859+0000] {processor.py:830} INFO - Processing file /home/airflow/.local/lib/python3.8/site-packages/airflow/example_dags/example_short_circuit_operator.py for tasks to queue
[2025-05-14T00:20:23.862+0000] {logging_mixin.py:188} INFO - [2025-05-14T00:20:23.861+0000] {dagbag.py:538} INFO - Filling up the DagBag from /home/airflow/.local/lib/python3.8/site-packages/airflow/example_dags/example_short_circuit_operator.py
[2025-05-14T00:20:23.871+0000] {processor.py:840} INFO - DAG(s) 'example_short_circuit_operator' retrieved from /home/airflow/.local/lib/python3.8/site-packages/airflow/example_dags/example_short_circuit_operator.py
[2025-05-14T00:20:23.903+0000] {logging_mixin.py:188} INFO - [2025-05-14T00:20:23.903+0000] {dag.py:3036} INFO - Sync 1 DAGs
[2025-05-14T00:20:23.933+0000] {logging_mixin.py:188} INFO - [2025-05-14T00:20:23.933+0000] {dag.py:3823} INFO - Setting next_dagrun for example_short_circuit_operator to 2025-05-13 00:00:00+00:00, run_after=2025-05-14 00:00:00+00:00
[2025-05-14T00:20:23.961+0000] {processor.py:183} INFO - Processing /home/airflow/.local/lib/python3.8/site-packages/airflow/example_dags/example_short_circuit_operator.py took 0.108 seconds
[2025-05-14T00:20:54.154+0000] {processor.py:161} INFO - Started process (PID=1427) to work on /home/airflow/.local/lib/python3.8/site-packages/airflow/example_dags/example_short_circuit_operator.py
[2025-05-14T00:20:54.174+0000] {processor.py:830} INFO - Processing file /home/airflow/.local/lib/python3.8/site-packages/airflow/example_dags/example_short_circuit_operator.py for tasks to queue
[2025-05-14T00:20:54.177+0000] {logging_mixin.py:188} INFO - [2025-05-14T00:20:54.176+0000] {dagbag.py:538} INFO - Filling up the DagBag from /home/airflow/.local/lib/python3.8/site-packages/airflow/example_dags/example_short_circuit_operator.py
[2025-05-14T00:20:54.187+0000] {processor.py:840} INFO - DAG(s) 'example_short_circuit_operator' retrieved from /home/airflow/.local/lib/python3.8/site-packages/airflow/example_dags/example_short_circuit_operator.py
[2025-05-14T00:20:54.215+0000] {logging_mixin.py:188} INFO - [2025-05-14T00:20:54.215+0000] {dag.py:3036} INFO - Sync 1 DAGs
[2025-05-14T00:20:54.239+0000] {logging_mixin.py:188} INFO - [2025-05-14T00:20:54.238+0000] {dag.py:3823} INFO - Setting next_dagrun for example_short_circuit_operator to 2025-05-13 00:00:00+00:00, run_after=2025-05-14 00:00:00+00:00
[2025-05-14T00:20:54.263+0000] {processor.py:183} INFO - Processing /home/airflow/.local/lib/python3.8/site-packages/airflow/example_dags/example_short_circuit_operator.py took 0.112 seconds
[2025-05-14T00:21:24.715+0000] {processor.py:161} INFO - Started process (PID=1483) to work on /home/airflow/.local/lib/python3.8/site-packages/airflow/example_dags/example_short_circuit_operator.py
[2025-05-14T00:21:24.717+0000] {processor.py:830} INFO - Processing file /home/airflow/.local/lib/python3.8/site-packages/airflow/example_dags/example_short_circuit_operator.py for tasks to queue
[2025-05-14T00:21:24.720+0000] {logging_mixin.py:188} INFO - [2025-05-14T00:21:24.719+0000] {dagbag.py:538} INFO - Filling up the DagBag from /home/airflow/.local/lib/python3.8/site-packages/airflow/example_dags/example_short_circuit_operator.py
[2025-05-14T00:21:24.733+0000] {processor.py:840} INFO - DAG(s) 'example_short_circuit_operator' retrieved from /home/airflow/.local/lib/python3.8/site-packages/airflow/example_dags/example_short_circuit_operator.py
[2025-05-14T00:21:24.775+0000] {logging_mixin.py:188} INFO - [2025-05-14T00:21:24.775+0000] {dag.py:3036} INFO - Sync 1 DAGs
[2025-05-14T00:21:24.810+0000] {logging_mixin.py:188} INFO - [2025-05-14T00:21:24.810+0000] {dag.py:3823} INFO - Setting next_dagrun for example_short_circuit_operator to 2025-05-13 00:00:00+00:00, run_after=2025-05-14 00:00:00+00:00
[2025-05-14T00:21:24.859+0000] {processor.py:183} INFO - Processing /home/airflow/.local/lib/python3.8/site-packages/airflow/example_dags/example_short_circuit_operator.py took 0.147 seconds
[2025-05-14T00:21:55.394+0000] {processor.py:161} INFO - Started process (PID=1539) to work on /home/airflow/.local/lib/python3.8/site-packages/airflow/example_dags/example_short_circuit_operator.py
[2025-05-14T00:21:55.397+0000] {processor.py:830} INFO - Processing file /home/airflow/.local/lib/python3.8/site-packages/airflow/example_dags/example_short_circuit_operator.py for tasks to queue
[2025-05-14T00:21:55.401+0000] {logging_mixin.py:188} INFO - [2025-05-14T00:21:55.400+0000] {dagbag.py:538} INFO - Filling up the DagBag from /home/airflow/.local/lib/python3.8/site-packages/airflow/example_dags/example_short_circuit_operator.py
[2025-05-14T00:21:55.410+0000] {processor.py:840} INFO - DAG(s) 'example_short_circuit_operator' retrieved from /home/airflow/.local/lib/python3.8/site-packages/airflow/example_dags/example_short_circuit_operator.py
[2025-05-14T00:21:55.449+0000] {logging_mixin.py:188} INFO - [2025-05-14T00:21:55.448+0000] {dag.py:3036} INFO - Sync 1 DAGs
[2025-05-14T00:21:55.474+0000] {logging_mixin.py:188} INFO - [2025-05-14T00:21:55.474+0000] {dag.py:3823} INFO - Setting next_dagrun for example_short_circuit_operator to 2025-05-13 00:00:00+00:00, run_after=2025-05-14 00:00:00+00:00
[2025-05-14T00:21:55.497+0000] {processor.py:183} INFO - Processing /home/airflow/.local/lib/python3.8/site-packages/airflow/example_dags/example_short_circuit_operator.py took 0.106 seconds
[2025-05-14T00:22:25.839+0000] {processor.py:161} INFO - Started process (PID=1594) to work on /home/airflow/.local/lib/python3.8/site-packages/airflow/example_dags/example_short_circuit_operator.py
[2025-05-14T00:22:25.841+0000] {processor.py:830} INFO - Processing file /home/airflow/.local/lib/python3.8/site-packages/airflow/example_dags/example_short_circuit_operator.py for tasks to queue
[2025-05-14T00:22:25.844+0000] {logging_mixin.py:188} INFO - [2025-05-14T00:22:25.843+0000] {dagbag.py:538} INFO - Filling up the DagBag from /home/airflow/.local/lib/python3.8/site-packages/airflow/example_dags/example_short_circuit_operator.py
[2025-05-14T00:22:25.852+0000] {processor.py:840} INFO - DAG(s) 'example_short_circuit_operator' retrieved from /home/airflow/.local/lib/python3.8/site-packages/airflow/example_dags/example_short_circuit_operator.py
[2025-05-14T00:22:25.883+0000] {logging_mixin.py:188} INFO - [2025-05-14T00:22:25.882+0000] {dag.py:3036} INFO - Sync 1 DAGs
[2025-05-14T00:22:25.912+0000] {logging_mixin.py:188} INFO - [2025-05-14T00:22:25.911+0000] {dag.py:3823} INFO - Setting next_dagrun for example_short_circuit_operator to 2025-05-13 00:00:00+00:00, run_after=2025-05-14 00:00:00+00:00
[2025-05-14T00:22:25.942+0000] {processor.py:183} INFO - Processing /home/airflow/.local/lib/python3.8/site-packages/airflow/example_dags/example_short_circuit_operator.py took 0.106 seconds
[2025-05-14T00:22:56.028+0000] {processor.py:161} INFO - Started process (PID=1650) to work on /home/airflow/.local/lib/python3.8/site-packages/airflow/example_dags/example_short_circuit_operator.py
[2025-05-14T00:22:56.029+0000] {processor.py:830} INFO - Processing file /home/airflow/.local/lib/python3.8/site-packages/airflow/example_dags/example_short_circuit_operator.py for tasks to queue
[2025-05-14T00:22:56.031+0000] {logging_mixin.py:188} INFO - [2025-05-14T00:22:56.031+0000] {dagbag.py:538} INFO - Filling up the DagBag from /home/airflow/.local/lib/python3.8/site-packages/airflow/example_dags/example_short_circuit_operator.py
[2025-05-14T00:22:56.039+0000] {processor.py:840} INFO - DAG(s) 'example_short_circuit_operator' retrieved from /home/airflow/.local/lib/python3.8/site-packages/airflow/example_dags/example_short_circuit_operator.py
[2025-05-14T00:22:56.065+0000] {logging_mixin.py:188} INFO - [2025-05-14T00:22:56.064+0000] {dag.py:3036} INFO - Sync 1 DAGs
[2025-05-14T00:22:56.090+0000] {logging_mixin.py:188} INFO - [2025-05-14T00:22:56.090+0000] {dag.py:3823} INFO - Setting next_dagrun for example_short_circuit_operator to 2025-05-13 00:00:00+00:00, run_after=2025-05-14 00:00:00+00:00
[2025-05-14T00:22:56.110+0000] {processor.py:183} INFO - Processing /home/airflow/.local/lib/python3.8/site-packages/airflow/example_dags/example_short_circuit_operator.py took 0.086 seconds
[2025-05-14T00:23:26.333+0000] {processor.py:161} INFO - Started process (PID=1706) to work on /home/airflow/.local/lib/python3.8/site-packages/airflow/example_dags/example_short_circuit_operator.py
[2025-05-14T00:23:26.335+0000] {processor.py:830} INFO - Processing file /home/airflow/.local/lib/python3.8/site-packages/airflow/example_dags/example_short_circuit_operator.py for tasks to queue
[2025-05-14T00:23:26.338+0000] {logging_mixin.py:188} INFO - [2025-05-14T00:23:26.337+0000] {dagbag.py:538} INFO - Filling up the DagBag from /home/airflow/.local/lib/python3.8/site-packages/airflow/example_dags/example_short_circuit_operator.py
[2025-05-14T00:23:26.347+0000] {processor.py:840} INFO - DAG(s) 'example_short_circuit_operator' retrieved from /home/airflow/.local/lib/python3.8/site-packages/airflow/example_dags/example_short_circuit_operator.py
[2025-05-14T00:23:26.380+0000] {logging_mixin.py:188} INFO - [2025-05-14T00:23:26.380+0000] {dag.py:3036} INFO - Sync 1 DAGs
[2025-05-14T00:23:26.410+0000] {logging_mixin.py:188} INFO - [2025-05-14T00:23:26.410+0000] {dag.py:3823} INFO - Setting next_dagrun for example_short_circuit_operator to 2025-05-13 00:00:00+00:00, run_after=2025-05-14 00:00:00+00:00
[2025-05-14T00:23:26.436+0000] {processor.py:183} INFO - Processing /home/airflow/.local/lib/python3.8/site-packages/airflow/example_dags/example_short_circuit_operator.py took 0.107 seconds
[2025-05-14T00:23:57.570+0000] {processor.py:161} INFO - Started process (PID=1762) to work on /home/airflow/.local/lib/python3.8/site-packages/airflow/example_dags/example_short_circuit_operator.py
[2025-05-14T00:23:57.572+0000] {processor.py:830} INFO - Processing file /home/airflow/.local/lib/python3.8/site-packages/airflow/example_dags/example_short_circuit_operator.py for tasks to queue
[2025-05-14T00:23:57.579+0000] {logging_mixin.py:188} INFO - [2025-05-14T00:23:57.578+0000] {dagbag.py:538} INFO - Filling up the DagBag from /home/airflow/.local/lib/python3.8/site-packages/airflow/example_dags/example_short_circuit_operator.py
[2025-05-14T00:23:57.597+0000] {processor.py:840} INFO - DAG(s) 'example_short_circuit_operator' retrieved from /home/airflow/.local/lib/python3.8/site-packages/airflow/example_dags/example_short_circuit_operator.py
[2025-05-14T00:23:57.728+0000] {logging_mixin.py:188} INFO - [2025-05-14T00:23:57.728+0000] {dag.py:3036} INFO - Sync 1 DAGs
[2025-05-14T00:23:57.824+0000] {logging_mixin.py:188} INFO - [2025-05-14T00:23:57.823+0000] {dag.py:3823} INFO - Setting next_dagrun for example_short_circuit_operator to 2025-05-13 00:00:00+00:00, run_after=2025-05-14 00:00:00+00:00
[2025-05-14T00:23:57.880+0000] {processor.py:183} INFO - Processing /home/airflow/.local/lib/python3.8/site-packages/airflow/example_dags/example_short_circuit_operator.py took 0.312 seconds
