[2025-05-14T00:08:40.462+0000] {processor.py:161} INFO - Started process (PID=90) to work on /home/airflow/.local/lib/python3.8/site-packages/airflow/example_dags/example_nested_branch_dag.py
[2025-05-14T00:08:40.464+0000] {processor.py:830} INFO - Processing file /home/airflow/.local/lib/python3.8/site-packages/airflow/example_dags/example_nested_branch_dag.py for tasks to queue
[2025-05-14T00:08:40.471+0000] {logging_mixin.py:188} INFO - [2025-05-14T00:08:40.470+0000] {dagbag.py:538} INFO - Filling up the DagBag from /home/airflow/.local/lib/python3.8/site-packages/airflow/example_dags/example_nested_branch_dag.py
[2025-05-14T00:08:40.608+0000] {processor.py:840} INFO - DAG(s) 'example_nested_branch_dag' retrieved from /home/airflow/.local/lib/python3.8/site-packages/airflow/example_dags/example_nested_branch_dag.py
[2025-05-14T00:08:41.266+0000] {logging_mixin.py:188} INFO - [2025-05-14T00:08:41.265+0000] {dag.py:3036} INFO - Sync 1 DAGs
[2025-05-14T00:08:41.472+0000] {logging_mixin.py:188} INFO - [2025-05-14T00:08:41.472+0000] {dag.py:3823} INFO - Setting next_dagrun for example_nested_branch_dag to 2025-05-13 00:00:00+00:00, run_after=2025-05-14 00:00:00+00:00
[2025-05-14T00:08:41.793+0000] {processor.py:183} INFO - Processing /home/airflow/.local/lib/python3.8/site-packages/airflow/example_dags/example_nested_branch_dag.py took 1.349 seconds
[2025-05-14T00:09:12.361+0000] {processor.py:161} INFO - Started process (PID=146) to work on /home/airflow/.local/lib/python3.8/site-packages/airflow/example_dags/example_nested_branch_dag.py
[2025-05-14T00:09:12.363+0000] {processor.py:830} INFO - Processing file /home/airflow/.local/lib/python3.8/site-packages/airflow/example_dags/example_nested_branch_dag.py for tasks to queue
[2025-05-14T00:09:12.365+0000] {logging_mixin.py:188} INFO - [2025-05-14T00:09:12.365+0000] {dagbag.py:538} INFO - Filling up the DagBag from /home/airflow/.local/lib/python3.8/site-packages/airflow/example_dags/example_nested_branch_dag.py
[2025-05-14T00:09:12.377+0000] {processor.py:840} INFO - DAG(s) 'example_nested_branch_dag' retrieved from /home/airflow/.local/lib/python3.8/site-packages/airflow/example_dags/example_nested_branch_dag.py
[2025-05-14T00:09:12.403+0000] {logging_mixin.py:188} INFO - [2025-05-14T00:09:12.403+0000] {dag.py:3036} INFO - Sync 1 DAGs
[2025-05-14T00:09:12.429+0000] {logging_mixin.py:188} INFO - [2025-05-14T00:09:12.429+0000] {dag.py:3823} INFO - Setting next_dagrun for example_nested_branch_dag to 2025-05-13 00:00:00+00:00, run_after=2025-05-14 00:00:00+00:00
[2025-05-14T00:09:12.452+0000] {processor.py:183} INFO - Processing /home/airflow/.local/lib/python3.8/site-packages/airflow/example_dags/example_nested_branch_dag.py took 0.094 seconds
[2025-05-14T00:09:43.041+0000] {processor.py:161} INFO - Started process (PID=202) to work on /home/airflow/.local/lib/python3.8/site-packages/airflow/example_dags/example_nested_branch_dag.py
[2025-05-14T00:09:43.042+0000] {processor.py:830} INFO - Processing file /home/airflow/.local/lib/python3.8/site-packages/airflow/example_dags/example_nested_branch_dag.py for tasks to queue
[2025-05-14T00:09:43.044+0000] {logging_mixin.py:188} INFO - [2025-05-14T00:09:43.043+0000] {dagbag.py:538} INFO - Filling up the DagBag from /home/airflow/.local/lib/python3.8/site-packages/airflow/example_dags/example_nested_branch_dag.py
[2025-05-14T00:09:43.055+0000] {processor.py:840} INFO - DAG(s) 'example_nested_branch_dag' retrieved from /home/airflow/.local/lib/python3.8/site-packages/airflow/example_dags/example_nested_branch_dag.py
[2025-05-14T00:09:43.078+0000] {logging_mixin.py:188} INFO - [2025-05-14T00:09:43.078+0000] {dag.py:3036} INFO - Sync 1 DAGs
[2025-05-14T00:09:43.103+0000] {logging_mixin.py:188} INFO - [2025-05-14T00:09:43.103+0000] {dag.py:3823} INFO - Setting next_dagrun for example_nested_branch_dag to 2025-05-13 00:00:00+00:00, run_after=2025-05-14 00:00:00+00:00
[2025-05-14T00:09:43.142+0000] {processor.py:183} INFO - Processing /home/airflow/.local/lib/python3.8/site-packages/airflow/example_dags/example_nested_branch_dag.py took 0.104 seconds
[2025-05-14T00:10:13.201+0000] {processor.py:161} INFO - Started process (PID=258) to work on /home/airflow/.local/lib/python3.8/site-packages/airflow/example_dags/example_nested_branch_dag.py
[2025-05-14T00:10:13.203+0000] {processor.py:830} INFO - Processing file /home/airflow/.local/lib/python3.8/site-packages/airflow/example_dags/example_nested_branch_dag.py for tasks to queue
[2025-05-14T00:10:13.205+0000] {logging_mixin.py:188} INFO - [2025-05-14T00:10:13.204+0000] {dagbag.py:538} INFO - Filling up the DagBag from /home/airflow/.local/lib/python3.8/site-packages/airflow/example_dags/example_nested_branch_dag.py
[2025-05-14T00:10:13.222+0000] {processor.py:840} INFO - DAG(s) 'example_nested_branch_dag' retrieved from /home/airflow/.local/lib/python3.8/site-packages/airflow/example_dags/example_nested_branch_dag.py
[2025-05-14T00:10:13.268+0000] {logging_mixin.py:188} INFO - [2025-05-14T00:10:13.268+0000] {dag.py:3036} INFO - Sync 1 DAGs
[2025-05-14T00:10:13.310+0000] {logging_mixin.py:188} INFO - [2025-05-14T00:10:13.309+0000] {dag.py:3823} INFO - Setting next_dagrun for example_nested_branch_dag to 2025-05-13 00:00:00+00:00, run_after=2025-05-14 00:00:00+00:00
[2025-05-14T00:10:13.344+0000] {processor.py:183} INFO - Processing /home/airflow/.local/lib/python3.8/site-packages/airflow/example_dags/example_nested_branch_dag.py took 0.146 seconds
[2025-05-14T00:10:43.952+0000] {processor.py:161} INFO - Started process (PID=320) to work on /home/airflow/.local/lib/python3.8/site-packages/airflow/example_dags/example_nested_branch_dag.py
[2025-05-14T00:10:43.955+0000] {processor.py:830} INFO - Processing file /home/airflow/.local/lib/python3.8/site-packages/airflow/example_dags/example_nested_branch_dag.py for tasks to queue
[2025-05-14T00:10:43.959+0000] {logging_mixin.py:188} INFO - [2025-05-14T00:10:43.959+0000] {dagbag.py:538} INFO - Filling up the DagBag from /home/airflow/.local/lib/python3.8/site-packages/airflow/example_dags/example_nested_branch_dag.py
[2025-05-14T00:10:43.984+0000] {processor.py:840} INFO - DAG(s) 'example_nested_branch_dag' retrieved from /home/airflow/.local/lib/python3.8/site-packages/airflow/example_dags/example_nested_branch_dag.py
[2025-05-14T00:10:44.021+0000] {logging_mixin.py:188} INFO - [2025-05-14T00:10:44.021+0000] {dag.py:3036} INFO - Sync 1 DAGs
[2025-05-14T00:10:44.055+0000] {logging_mixin.py:188} INFO - [2025-05-14T00:10:44.055+0000] {dag.py:3823} INFO - Setting next_dagrun for example_nested_branch_dag to 2025-05-13 00:00:00+00:00, run_after=2025-05-14 00:00:00+00:00
[2025-05-14T00:10:44.086+0000] {processor.py:183} INFO - Processing /home/airflow/.local/lib/python3.8/site-packages/airflow/example_dags/example_nested_branch_dag.py took 0.138 seconds
[2025-05-14T00:11:14.519+0000] {processor.py:161} INFO - Started process (PID=376) to work on /home/airflow/.local/lib/python3.8/site-packages/airflow/example_dags/example_nested_branch_dag.py
[2025-05-14T00:11:14.521+0000] {processor.py:830} INFO - Processing file /home/airflow/.local/lib/python3.8/site-packages/airflow/example_dags/example_nested_branch_dag.py for tasks to queue
[2025-05-14T00:11:14.524+0000] {logging_mixin.py:188} INFO - [2025-05-14T00:11:14.524+0000] {dagbag.py:538} INFO - Filling up the DagBag from /home/airflow/.local/lib/python3.8/site-packages/airflow/example_dags/example_nested_branch_dag.py
[2025-05-14T00:11:14.545+0000] {processor.py:840} INFO - DAG(s) 'example_nested_branch_dag' retrieved from /home/airflow/.local/lib/python3.8/site-packages/airflow/example_dags/example_nested_branch_dag.py
[2025-05-14T00:11:14.583+0000] {logging_mixin.py:188} INFO - [2025-05-14T00:11:14.583+0000] {dag.py:3036} INFO - Sync 1 DAGs
[2025-05-14T00:11:14.625+0000] {logging_mixin.py:188} INFO - [2025-05-14T00:11:14.625+0000] {dag.py:3823} INFO - Setting next_dagrun for example_nested_branch_dag to 2025-05-13 00:00:00+00:00, run_after=2025-05-14 00:00:00+00:00
[2025-05-14T00:11:14.675+0000] {processor.py:183} INFO - Processing /home/airflow/.local/lib/python3.8/site-packages/airflow/example_dags/example_nested_branch_dag.py took 0.162 seconds
[2025-05-14T00:11:44.868+0000] {processor.py:161} INFO - Started process (PID=430) to work on /home/airflow/.local/lib/python3.8/site-packages/airflow/example_dags/example_nested_branch_dag.py
[2025-05-14T00:11:44.870+0000] {processor.py:830} INFO - Processing file /home/airflow/.local/lib/python3.8/site-packages/airflow/example_dags/example_nested_branch_dag.py for tasks to queue
[2025-05-14T00:11:44.872+0000] {logging_mixin.py:188} INFO - [2025-05-14T00:11:44.872+0000] {dagbag.py:538} INFO - Filling up the DagBag from /home/airflow/.local/lib/python3.8/site-packages/airflow/example_dags/example_nested_branch_dag.py
[2025-05-14T00:11:44.887+0000] {processor.py:840} INFO - DAG(s) 'example_nested_branch_dag' retrieved from /home/airflow/.local/lib/python3.8/site-packages/airflow/example_dags/example_nested_branch_dag.py
[2025-05-14T00:11:44.927+0000] {logging_mixin.py:188} INFO - [2025-05-14T00:11:44.926+0000] {dag.py:3036} INFO - Sync 1 DAGs
[2025-05-14T00:11:44.964+0000] {logging_mixin.py:188} INFO - [2025-05-14T00:11:44.964+0000] {dag.py:3823} INFO - Setting next_dagrun for example_nested_branch_dag to 2025-05-13 00:00:00+00:00, run_after=2025-05-14 00:00:00+00:00
[2025-05-14T00:11:44.998+0000] {processor.py:183} INFO - Processing /home/airflow/.local/lib/python3.8/site-packages/airflow/example_dags/example_nested_branch_dag.py took 0.134 seconds
[2025-05-14T00:12:15.650+0000] {processor.py:161} INFO - Started process (PID=486) to work on /home/airflow/.local/lib/python3.8/site-packages/airflow/example_dags/example_nested_branch_dag.py
[2025-05-14T00:12:15.651+0000] {processor.py:830} INFO - Processing file /home/airflow/.local/lib/python3.8/site-packages/airflow/example_dags/example_nested_branch_dag.py for tasks to queue
[2025-05-14T00:12:15.653+0000] {logging_mixin.py:188} INFO - [2025-05-14T00:12:15.653+0000] {dagbag.py:538} INFO - Filling up the DagBag from /home/airflow/.local/lib/python3.8/site-packages/airflow/example_dags/example_nested_branch_dag.py
[2025-05-14T00:12:15.666+0000] {processor.py:840} INFO - DAG(s) 'example_nested_branch_dag' retrieved from /home/airflow/.local/lib/python3.8/site-packages/airflow/example_dags/example_nested_branch_dag.py
[2025-05-14T00:12:15.694+0000] {logging_mixin.py:188} INFO - [2025-05-14T00:12:15.693+0000] {dag.py:3036} INFO - Sync 1 DAGs
[2025-05-14T00:12:15.734+0000] {logging_mixin.py:188} INFO - [2025-05-14T00:12:15.733+0000] {dag.py:3823} INFO - Setting next_dagrun for example_nested_branch_dag to 2025-05-13 00:00:00+00:00, run_after=2025-05-14 00:00:00+00:00
[2025-05-14T00:12:15.780+0000] {processor.py:183} INFO - Processing /home/airflow/.local/lib/python3.8/site-packages/airflow/example_dags/example_nested_branch_dag.py took 0.132 seconds
[2025-05-14T00:12:45.916+0000] {processor.py:161} INFO - Started process (PID=542) to work on /home/airflow/.local/lib/python3.8/site-packages/airflow/example_dags/example_nested_branch_dag.py
[2025-05-14T00:12:45.918+0000] {processor.py:830} INFO - Processing file /home/airflow/.local/lib/python3.8/site-packages/airflow/example_dags/example_nested_branch_dag.py for tasks to queue
[2025-05-14T00:12:45.921+0000] {logging_mixin.py:188} INFO - [2025-05-14T00:12:45.920+0000] {dagbag.py:538} INFO - Filling up the DagBag from /home/airflow/.local/lib/python3.8/site-packages/airflow/example_dags/example_nested_branch_dag.py
[2025-05-14T00:12:45.935+0000] {processor.py:840} INFO - DAG(s) 'example_nested_branch_dag' retrieved from /home/airflow/.local/lib/python3.8/site-packages/airflow/example_dags/example_nested_branch_dag.py
[2025-05-14T00:12:45.967+0000] {logging_mixin.py:188} INFO - [2025-05-14T00:12:45.967+0000] {dag.py:3036} INFO - Sync 1 DAGs
[2025-05-14T00:12:46.001+0000] {logging_mixin.py:188} INFO - [2025-05-14T00:12:46.000+0000] {dag.py:3823} INFO - Setting next_dagrun for example_nested_branch_dag to 2025-05-13 00:00:00+00:00, run_after=2025-05-14 00:00:00+00:00
[2025-05-14T00:12:46.036+0000] {processor.py:183} INFO - Processing /home/airflow/.local/lib/python3.8/site-packages/airflow/example_dags/example_nested_branch_dag.py took 0.123 seconds
[2025-05-14T00:13:16.575+0000] {processor.py:161} INFO - Started process (PID=598) to work on /home/airflow/.local/lib/python3.8/site-packages/airflow/example_dags/example_nested_branch_dag.py
[2025-05-14T00:13:16.577+0000] {processor.py:830} INFO - Processing file /home/airflow/.local/lib/python3.8/site-packages/airflow/example_dags/example_nested_branch_dag.py for tasks to queue
[2025-05-14T00:13:16.579+0000] {logging_mixin.py:188} INFO - [2025-05-14T00:13:16.579+0000] {dagbag.py:538} INFO - Filling up the DagBag from /home/airflow/.local/lib/python3.8/site-packages/airflow/example_dags/example_nested_branch_dag.py
[2025-05-14T00:13:16.593+0000] {processor.py:840} INFO - DAG(s) 'example_nested_branch_dag' retrieved from /home/airflow/.local/lib/python3.8/site-packages/airflow/example_dags/example_nested_branch_dag.py
[2025-05-14T00:13:16.619+0000] {logging_mixin.py:188} INFO - [2025-05-14T00:13:16.619+0000] {dag.py:3036} INFO - Sync 1 DAGs
[2025-05-14T00:13:16.649+0000] {logging_mixin.py:188} INFO - [2025-05-14T00:13:16.649+0000] {dag.py:3823} INFO - Setting next_dagrun for example_nested_branch_dag to 2025-05-13 00:00:00+00:00, run_after=2025-05-14 00:00:00+00:00
[2025-05-14T00:13:16.691+0000] {processor.py:183} INFO - Processing /home/airflow/.local/lib/python3.8/site-packages/airflow/example_dags/example_nested_branch_dag.py took 0.122 seconds
[2025-05-14T00:13:47.051+0000] {processor.py:161} INFO - Started process (PID=654) to work on /home/airflow/.local/lib/python3.8/site-packages/airflow/example_dags/example_nested_branch_dag.py
[2025-05-14T00:13:47.076+0000] {processor.py:830} INFO - Processing file /home/airflow/.local/lib/python3.8/site-packages/airflow/example_dags/example_nested_branch_dag.py for tasks to queue
[2025-05-14T00:13:47.080+0000] {logging_mixin.py:188} INFO - [2025-05-14T00:13:47.079+0000] {dagbag.py:538} INFO - Filling up the DagBag from /home/airflow/.local/lib/python3.8/site-packages/airflow/example_dags/example_nested_branch_dag.py
[2025-05-14T00:13:47.093+0000] {processor.py:840} INFO - DAG(s) 'example_nested_branch_dag' retrieved from /home/airflow/.local/lib/python3.8/site-packages/airflow/example_dags/example_nested_branch_dag.py
[2025-05-14T00:13:47.120+0000] {logging_mixin.py:188} INFO - [2025-05-14T00:13:47.119+0000] {dag.py:3036} INFO - Sync 1 DAGs
[2025-05-14T00:13:47.149+0000] {logging_mixin.py:188} INFO - [2025-05-14T00:13:47.149+0000] {dag.py:3823} INFO - Setting next_dagrun for example_nested_branch_dag to 2025-05-13 00:00:00+00:00, run_after=2025-05-14 00:00:00+00:00
[2025-05-14T00:13:47.183+0000] {processor.py:183} INFO - Processing /home/airflow/.local/lib/python3.8/site-packages/airflow/example_dags/example_nested_branch_dag.py took 0.135 seconds
[2025-05-14T00:14:17.534+0000] {processor.py:161} INFO - Started process (PID=710) to work on /home/airflow/.local/lib/python3.8/site-packages/airflow/example_dags/example_nested_branch_dag.py
[2025-05-14T00:14:17.535+0000] {processor.py:830} INFO - Processing file /home/airflow/.local/lib/python3.8/site-packages/airflow/example_dags/example_nested_branch_dag.py for tasks to queue
[2025-05-14T00:14:17.539+0000] {logging_mixin.py:188} INFO - [2025-05-14T00:14:17.539+0000] {dagbag.py:538} INFO - Filling up the DagBag from /home/airflow/.local/lib/python3.8/site-packages/airflow/example_dags/example_nested_branch_dag.py
[2025-05-14T00:14:17.550+0000] {processor.py:840} INFO - DAG(s) 'example_nested_branch_dag' retrieved from /home/airflow/.local/lib/python3.8/site-packages/airflow/example_dags/example_nested_branch_dag.py
[2025-05-14T00:14:17.575+0000] {logging_mixin.py:188} INFO - [2025-05-14T00:14:17.575+0000] {dag.py:3036} INFO - Sync 1 DAGs
[2025-05-14T00:14:17.602+0000] {logging_mixin.py:188} INFO - [2025-05-14T00:14:17.602+0000] {dag.py:3823} INFO - Setting next_dagrun for example_nested_branch_dag to 2025-05-13 00:00:00+00:00, run_after=2025-05-14 00:00:00+00:00
[2025-05-14T00:14:17.629+0000] {processor.py:183} INFO - Processing /home/airflow/.local/lib/python3.8/site-packages/airflow/example_dags/example_nested_branch_dag.py took 0.097 seconds
[2025-05-14T00:14:48.104+0000] {processor.py:161} INFO - Started process (PID=766) to work on /home/airflow/.local/lib/python3.8/site-packages/airflow/example_dags/example_nested_branch_dag.py
[2025-05-14T00:14:48.106+0000] {processor.py:830} INFO - Processing file /home/airflow/.local/lib/python3.8/site-packages/airflow/example_dags/example_nested_branch_dag.py for tasks to queue
[2025-05-14T00:14:48.108+0000] {logging_mixin.py:188} INFO - [2025-05-14T00:14:48.108+0000] {dagbag.py:538} INFO - Filling up the DagBag from /home/airflow/.local/lib/python3.8/site-packages/airflow/example_dags/example_nested_branch_dag.py
[2025-05-14T00:14:48.121+0000] {processor.py:840} INFO - DAG(s) 'example_nested_branch_dag' retrieved from /home/airflow/.local/lib/python3.8/site-packages/airflow/example_dags/example_nested_branch_dag.py
[2025-05-14T00:14:48.160+0000] {logging_mixin.py:188} INFO - [2025-05-14T00:14:48.159+0000] {dag.py:3036} INFO - Sync 1 DAGs
[2025-05-14T00:14:48.195+0000] {logging_mixin.py:188} INFO - [2025-05-14T00:14:48.195+0000] {dag.py:3823} INFO - Setting next_dagrun for example_nested_branch_dag to 2025-05-13 00:00:00+00:00, run_after=2025-05-14 00:00:00+00:00
[2025-05-14T00:14:48.237+0000] {processor.py:183} INFO - Processing /home/airflow/.local/lib/python3.8/site-packages/airflow/example_dags/example_nested_branch_dag.py took 0.138 seconds
[2025-05-14T00:15:19.027+0000] {processor.py:161} INFO - Started process (PID=822) to work on /home/airflow/.local/lib/python3.8/site-packages/airflow/example_dags/example_nested_branch_dag.py
[2025-05-14T00:15:19.032+0000] {processor.py:830} INFO - Processing file /home/airflow/.local/lib/python3.8/site-packages/airflow/example_dags/example_nested_branch_dag.py for tasks to queue
[2025-05-14T00:15:19.034+0000] {logging_mixin.py:188} INFO - [2025-05-14T00:15:19.034+0000] {dagbag.py:538} INFO - Filling up the DagBag from /home/airflow/.local/lib/python3.8/site-packages/airflow/example_dags/example_nested_branch_dag.py
[2025-05-14T00:15:19.057+0000] {processor.py:840} INFO - DAG(s) 'example_nested_branch_dag' retrieved from /home/airflow/.local/lib/python3.8/site-packages/airflow/example_dags/example_nested_branch_dag.py
[2025-05-14T00:15:19.096+0000] {logging_mixin.py:188} INFO - [2025-05-14T00:15:19.096+0000] {dag.py:3036} INFO - Sync 1 DAGs
[2025-05-14T00:15:19.133+0000] {logging_mixin.py:188} INFO - [2025-05-14T00:15:19.133+0000] {dag.py:3823} INFO - Setting next_dagrun for example_nested_branch_dag to 2025-05-13 00:00:00+00:00, run_after=2025-05-14 00:00:00+00:00
[2025-05-14T00:15:19.176+0000] {processor.py:183} INFO - Processing /home/airflow/.local/lib/python3.8/site-packages/airflow/example_dags/example_nested_branch_dag.py took 0.151 seconds
[2025-05-14T00:15:50.130+0000] {processor.py:161} INFO - Started process (PID=877) to work on /home/airflow/.local/lib/python3.8/site-packages/airflow/example_dags/example_nested_branch_dag.py
[2025-05-14T00:15:50.132+0000] {processor.py:830} INFO - Processing file /home/airflow/.local/lib/python3.8/site-packages/airflow/example_dags/example_nested_branch_dag.py for tasks to queue
[2025-05-14T00:15:50.138+0000] {logging_mixin.py:188} INFO - [2025-05-14T00:15:50.138+0000] {dagbag.py:538} INFO - Filling up the DagBag from /home/airflow/.local/lib/python3.8/site-packages/airflow/example_dags/example_nested_branch_dag.py
[2025-05-14T00:15:50.160+0000] {processor.py:840} INFO - DAG(s) 'example_nested_branch_dag' retrieved from /home/airflow/.local/lib/python3.8/site-packages/airflow/example_dags/example_nested_branch_dag.py
[2025-05-14T00:15:50.197+0000] {logging_mixin.py:188} INFO - [2025-05-14T00:15:50.197+0000] {dag.py:3036} INFO - Sync 1 DAGs
[2025-05-14T00:15:50.239+0000] {logging_mixin.py:188} INFO - [2025-05-14T00:15:50.239+0000] {dag.py:3823} INFO - Setting next_dagrun for example_nested_branch_dag to 2025-05-13 00:00:00+00:00, run_after=2025-05-14 00:00:00+00:00
[2025-05-14T00:15:50.284+0000] {processor.py:183} INFO - Processing /home/airflow/.local/lib/python3.8/site-packages/airflow/example_dags/example_nested_branch_dag.py took 0.157 seconds
[2025-05-14T00:16:23.035+0000] {processor.py:161} INFO - Started process (PID=933) to work on /home/airflow/.local/lib/python3.8/site-packages/airflow/example_dags/example_nested_branch_dag.py
[2025-05-14T00:16:23.036+0000] {processor.py:830} INFO - Processing file /home/airflow/.local/lib/python3.8/site-packages/airflow/example_dags/example_nested_branch_dag.py for tasks to queue
[2025-05-14T00:16:23.039+0000] {logging_mixin.py:188} INFO - [2025-05-14T00:16:23.039+0000] {dagbag.py:538} INFO - Filling up the DagBag from /home/airflow/.local/lib/python3.8/site-packages/airflow/example_dags/example_nested_branch_dag.py
[2025-05-14T00:16:23.051+0000] {processor.py:840} INFO - DAG(s) 'example_nested_branch_dag' retrieved from /home/airflow/.local/lib/python3.8/site-packages/airflow/example_dags/example_nested_branch_dag.py
[2025-05-14T00:16:23.080+0000] {logging_mixin.py:188} INFO - [2025-05-14T00:16:23.080+0000] {dag.py:3036} INFO - Sync 1 DAGs
[2025-05-14T00:16:23.132+0000] {logging_mixin.py:188} INFO - [2025-05-14T00:16:23.132+0000] {dag.py:3823} INFO - Setting next_dagrun for example_nested_branch_dag to 2025-05-13 00:00:00+00:00, run_after=2025-05-14 00:00:00+00:00
[2025-05-14T00:16:23.170+0000] {processor.py:183} INFO - Processing /home/airflow/.local/lib/python3.8/site-packages/airflow/example_dags/example_nested_branch_dag.py took 0.138 seconds
[2025-05-14T00:16:53.957+0000] {processor.py:161} INFO - Started process (PID=989) to work on /home/airflow/.local/lib/python3.8/site-packages/airflow/example_dags/example_nested_branch_dag.py
[2025-05-14T00:16:53.958+0000] {processor.py:830} INFO - Processing file /home/airflow/.local/lib/python3.8/site-packages/airflow/example_dags/example_nested_branch_dag.py for tasks to queue
[2025-05-14T00:16:53.961+0000] {logging_mixin.py:188} INFO - [2025-05-14T00:16:53.960+0000] {dagbag.py:538} INFO - Filling up the DagBag from /home/airflow/.local/lib/python3.8/site-packages/airflow/example_dags/example_nested_branch_dag.py
[2025-05-14T00:16:53.975+0000] {processor.py:840} INFO - DAG(s) 'example_nested_branch_dag' retrieved from /home/airflow/.local/lib/python3.8/site-packages/airflow/example_dags/example_nested_branch_dag.py
[2025-05-14T00:16:54.017+0000] {logging_mixin.py:188} INFO - [2025-05-14T00:16:54.016+0000] {dag.py:3036} INFO - Sync 1 DAGs
[2025-05-14T00:16:54.065+0000] {logging_mixin.py:188} INFO - [2025-05-14T00:16:54.065+0000] {dag.py:3823} INFO - Setting next_dagrun for example_nested_branch_dag to 2025-05-13 00:00:00+00:00, run_after=2025-05-14 00:00:00+00:00
[2025-05-14T00:16:54.121+0000] {processor.py:183} INFO - Processing /home/airflow/.local/lib/python3.8/site-packages/airflow/example_dags/example_nested_branch_dag.py took 0.167 seconds
[2025-05-14T00:17:24.903+0000] {processor.py:161} INFO - Started process (PID=1046) to work on /home/airflow/.local/lib/python3.8/site-packages/airflow/example_dags/example_nested_branch_dag.py
[2025-05-14T00:17:24.905+0000] {processor.py:830} INFO - Processing file /home/airflow/.local/lib/python3.8/site-packages/airflow/example_dags/example_nested_branch_dag.py for tasks to queue
[2025-05-14T00:17:24.909+0000] {logging_mixin.py:188} INFO - [2025-05-14T00:17:24.908+0000] {dagbag.py:538} INFO - Filling up the DagBag from /home/airflow/.local/lib/python3.8/site-packages/airflow/example_dags/example_nested_branch_dag.py
[2025-05-14T00:17:24.923+0000] {processor.py:840} INFO - DAG(s) 'example_nested_branch_dag' retrieved from /home/airflow/.local/lib/python3.8/site-packages/airflow/example_dags/example_nested_branch_dag.py
[2025-05-14T00:17:24.959+0000] {logging_mixin.py:188} INFO - [2025-05-14T00:17:24.959+0000] {dag.py:3036} INFO - Sync 1 DAGs
[2025-05-14T00:17:25.004+0000] {logging_mixin.py:188} INFO - [2025-05-14T00:17:25.004+0000] {dag.py:3823} INFO - Setting next_dagrun for example_nested_branch_dag to 2025-05-13 00:00:00+00:00, run_after=2025-05-14 00:00:00+00:00
[2025-05-14T00:17:25.046+0000] {processor.py:183} INFO - Processing /home/airflow/.local/lib/python3.8/site-packages/airflow/example_dags/example_nested_branch_dag.py took 0.148 seconds
[2025-05-14T00:17:55.214+0000] {processor.py:161} INFO - Started process (PID=1102) to work on /home/airflow/.local/lib/python3.8/site-packages/airflow/example_dags/example_nested_branch_dag.py
[2025-05-14T00:17:55.215+0000] {processor.py:830} INFO - Processing file /home/airflow/.local/lib/python3.8/site-packages/airflow/example_dags/example_nested_branch_dag.py for tasks to queue
[2025-05-14T00:17:55.217+0000] {logging_mixin.py:188} INFO - [2025-05-14T00:17:55.217+0000] {dagbag.py:538} INFO - Filling up the DagBag from /home/airflow/.local/lib/python3.8/site-packages/airflow/example_dags/example_nested_branch_dag.py
[2025-05-14T00:17:55.228+0000] {processor.py:840} INFO - DAG(s) 'example_nested_branch_dag' retrieved from /home/airflow/.local/lib/python3.8/site-packages/airflow/example_dags/example_nested_branch_dag.py
[2025-05-14T00:17:55.254+0000] {logging_mixin.py:188} INFO - [2025-05-14T00:17:55.252+0000] {dag.py:3036} INFO - Sync 1 DAGs
[2025-05-14T00:17:55.287+0000] {logging_mixin.py:188} INFO - [2025-05-14T00:17:55.287+0000] {dag.py:3823} INFO - Setting next_dagrun for example_nested_branch_dag to 2025-05-13 00:00:00+00:00, run_after=2025-05-14 00:00:00+00:00
[2025-05-14T00:17:55.315+0000] {processor.py:183} INFO - Processing /home/airflow/.local/lib/python3.8/site-packages/airflow/example_dags/example_nested_branch_dag.py took 0.105 seconds
[2025-05-14T00:18:25.836+0000] {processor.py:161} INFO - Started process (PID=1159) to work on /home/airflow/.local/lib/python3.8/site-packages/airflow/example_dags/example_nested_branch_dag.py
[2025-05-14T00:18:25.837+0000] {processor.py:830} INFO - Processing file /home/airflow/.local/lib/python3.8/site-packages/airflow/example_dags/example_nested_branch_dag.py for tasks to queue
[2025-05-14T00:18:25.840+0000] {logging_mixin.py:188} INFO - [2025-05-14T00:18:25.840+0000] {dagbag.py:538} INFO - Filling up the DagBag from /home/airflow/.local/lib/python3.8/site-packages/airflow/example_dags/example_nested_branch_dag.py
[2025-05-14T00:18:25.850+0000] {processor.py:840} INFO - DAG(s) 'example_nested_branch_dag' retrieved from /home/airflow/.local/lib/python3.8/site-packages/airflow/example_dags/example_nested_branch_dag.py
[2025-05-14T00:18:25.875+0000] {logging_mixin.py:188} INFO - [2025-05-14T00:18:25.875+0000] {dag.py:3036} INFO - Sync 1 DAGs
[2025-05-14T00:18:25.905+0000] {logging_mixin.py:188} INFO - [2025-05-14T00:18:25.904+0000] {dag.py:3823} INFO - Setting next_dagrun for example_nested_branch_dag to 2025-05-13 00:00:00+00:00, run_after=2025-05-14 00:00:00+00:00
[2025-05-14T00:18:25.933+0000] {processor.py:183} INFO - Processing /home/airflow/.local/lib/python3.8/site-packages/airflow/example_dags/example_nested_branch_dag.py took 0.102 seconds
[2025-05-14T00:18:56.431+0000] {processor.py:161} INFO - Started process (PID=1215) to work on /home/airflow/.local/lib/python3.8/site-packages/airflow/example_dags/example_nested_branch_dag.py
[2025-05-14T00:18:56.438+0000] {processor.py:830} INFO - Processing file /home/airflow/.local/lib/python3.8/site-packages/airflow/example_dags/example_nested_branch_dag.py for tasks to queue
[2025-05-14T00:18:56.447+0000] {logging_mixin.py:188} INFO - [2025-05-14T00:18:56.447+0000] {dagbag.py:538} INFO - Filling up the DagBag from /home/airflow/.local/lib/python3.8/site-packages/airflow/example_dags/example_nested_branch_dag.py
[2025-05-14T00:18:56.466+0000] {processor.py:840} INFO - DAG(s) 'example_nested_branch_dag' retrieved from /home/airflow/.local/lib/python3.8/site-packages/airflow/example_dags/example_nested_branch_dag.py
[2025-05-14T00:18:56.525+0000] {logging_mixin.py:188} INFO - [2025-05-14T00:18:56.524+0000] {dag.py:3036} INFO - Sync 1 DAGs
[2025-05-14T00:18:56.599+0000] {logging_mixin.py:188} INFO - [2025-05-14T00:18:56.599+0000] {dag.py:3823} INFO - Setting next_dagrun for example_nested_branch_dag to 2025-05-13 00:00:00+00:00, run_after=2025-05-14 00:00:00+00:00
[2025-05-14T00:18:56.676+0000] {processor.py:183} INFO - Processing /home/airflow/.local/lib/python3.8/site-packages/airflow/example_dags/example_nested_branch_dag.py took 0.248 seconds
[2025-05-14T00:19:27.379+0000] {processor.py:161} INFO - Started process (PID=1271) to work on /home/airflow/.local/lib/python3.8/site-packages/airflow/example_dags/example_nested_branch_dag.py
[2025-05-14T00:19:27.381+0000] {processor.py:830} INFO - Processing file /home/airflow/.local/lib/python3.8/site-packages/airflow/example_dags/example_nested_branch_dag.py for tasks to queue
[2025-05-14T00:19:27.384+0000] {logging_mixin.py:188} INFO - [2025-05-14T00:19:27.383+0000] {dagbag.py:538} INFO - Filling up the DagBag from /home/airflow/.local/lib/python3.8/site-packages/airflow/example_dags/example_nested_branch_dag.py
[2025-05-14T00:19:27.396+0000] {processor.py:840} INFO - DAG(s) 'example_nested_branch_dag' retrieved from /home/airflow/.local/lib/python3.8/site-packages/airflow/example_dags/example_nested_branch_dag.py
[2025-05-14T00:19:27.427+0000] {logging_mixin.py:188} INFO - [2025-05-14T00:19:27.426+0000] {dag.py:3036} INFO - Sync 1 DAGs
[2025-05-14T00:19:27.459+0000] {logging_mixin.py:188} INFO - [2025-05-14T00:19:27.458+0000] {dag.py:3823} INFO - Setting next_dagrun for example_nested_branch_dag to 2025-05-13 00:00:00+00:00, run_after=2025-05-14 00:00:00+00:00
[2025-05-14T00:19:27.495+0000] {processor.py:183} INFO - Processing /home/airflow/.local/lib/python3.8/site-packages/airflow/example_dags/example_nested_branch_dag.py took 0.119 seconds
[2025-05-14T00:19:57.629+0000] {processor.py:161} INFO - Started process (PID=1326) to work on /home/airflow/.local/lib/python3.8/site-packages/airflow/example_dags/example_nested_branch_dag.py
[2025-05-14T00:19:57.631+0000] {processor.py:830} INFO - Processing file /home/airflow/.local/lib/python3.8/site-packages/airflow/example_dags/example_nested_branch_dag.py for tasks to queue
[2025-05-14T00:19:57.633+0000] {logging_mixin.py:188} INFO - [2025-05-14T00:19:57.633+0000] {dagbag.py:538} INFO - Filling up the DagBag from /home/airflow/.local/lib/python3.8/site-packages/airflow/example_dags/example_nested_branch_dag.py
[2025-05-14T00:19:57.647+0000] {processor.py:840} INFO - DAG(s) 'example_nested_branch_dag' retrieved from /home/airflow/.local/lib/python3.8/site-packages/airflow/example_dags/example_nested_branch_dag.py
[2025-05-14T00:19:57.692+0000] {logging_mixin.py:188} INFO - [2025-05-14T00:19:57.691+0000] {dag.py:3036} INFO - Sync 1 DAGs
[2025-05-14T00:19:57.737+0000] {logging_mixin.py:188} INFO - [2025-05-14T00:19:57.736+0000] {dag.py:3823} INFO - Setting next_dagrun for example_nested_branch_dag to 2025-05-13 00:00:00+00:00, run_after=2025-05-14 00:00:00+00:00
[2025-05-14T00:19:57.780+0000] {processor.py:183} INFO - Processing /home/airflow/.local/lib/python3.8/site-packages/airflow/example_dags/example_nested_branch_dag.py took 0.154 seconds
[2025-05-14T00:20:27.921+0000] {processor.py:161} INFO - Started process (PID=1382) to work on /home/airflow/.local/lib/python3.8/site-packages/airflow/example_dags/example_nested_branch_dag.py
[2025-05-14T00:20:27.922+0000] {processor.py:830} INFO - Processing file /home/airflow/.local/lib/python3.8/site-packages/airflow/example_dags/example_nested_branch_dag.py for tasks to queue
[2025-05-14T00:20:27.924+0000] {logging_mixin.py:188} INFO - [2025-05-14T00:20:27.924+0000] {dagbag.py:538} INFO - Filling up the DagBag from /home/airflow/.local/lib/python3.8/site-packages/airflow/example_dags/example_nested_branch_dag.py
[2025-05-14T00:20:27.936+0000] {processor.py:840} INFO - DAG(s) 'example_nested_branch_dag' retrieved from /home/airflow/.local/lib/python3.8/site-packages/airflow/example_dags/example_nested_branch_dag.py
[2025-05-14T00:20:27.965+0000] {logging_mixin.py:188} INFO - [2025-05-14T00:20:27.964+0000] {dag.py:3036} INFO - Sync 1 DAGs
[2025-05-14T00:20:27.998+0000] {logging_mixin.py:188} INFO - [2025-05-14T00:20:27.998+0000] {dag.py:3823} INFO - Setting next_dagrun for example_nested_branch_dag to 2025-05-13 00:00:00+00:00, run_after=2025-05-14 00:00:00+00:00
[2025-05-14T00:20:28.036+0000] {processor.py:183} INFO - Processing /home/airflow/.local/lib/python3.8/site-packages/airflow/example_dags/example_nested_branch_dag.py took 0.118 seconds
[2025-05-14T00:20:58.312+0000] {processor.py:161} INFO - Started process (PID=1438) to work on /home/airflow/.local/lib/python3.8/site-packages/airflow/example_dags/example_nested_branch_dag.py
[2025-05-14T00:20:58.314+0000] {processor.py:830} INFO - Processing file /home/airflow/.local/lib/python3.8/site-packages/airflow/example_dags/example_nested_branch_dag.py for tasks to queue
[2025-05-14T00:20:58.317+0000] {logging_mixin.py:188} INFO - [2025-05-14T00:20:58.316+0000] {dagbag.py:538} INFO - Filling up the DagBag from /home/airflow/.local/lib/python3.8/site-packages/airflow/example_dags/example_nested_branch_dag.py
[2025-05-14T00:20:58.329+0000] {processor.py:840} INFO - DAG(s) 'example_nested_branch_dag' retrieved from /home/airflow/.local/lib/python3.8/site-packages/airflow/example_dags/example_nested_branch_dag.py
[2025-05-14T00:20:58.359+0000] {logging_mixin.py:188} INFO - [2025-05-14T00:20:58.359+0000] {dag.py:3036} INFO - Sync 1 DAGs
[2025-05-14T00:20:58.393+0000] {logging_mixin.py:188} INFO - [2025-05-14T00:20:58.392+0000] {dag.py:3823} INFO - Setting next_dagrun for example_nested_branch_dag to 2025-05-13 00:00:00+00:00, run_after=2025-05-14 00:00:00+00:00
[2025-05-14T00:20:58.443+0000] {processor.py:183} INFO - Processing /home/airflow/.local/lib/python3.8/site-packages/airflow/example_dags/example_nested_branch_dag.py took 0.134 seconds
[2025-05-14T00:21:28.704+0000] {processor.py:161} INFO - Started process (PID=1494) to work on /home/airflow/.local/lib/python3.8/site-packages/airflow/example_dags/example_nested_branch_dag.py
[2025-05-14T00:21:28.706+0000] {processor.py:830} INFO - Processing file /home/airflow/.local/lib/python3.8/site-packages/airflow/example_dags/example_nested_branch_dag.py for tasks to queue
[2025-05-14T00:21:28.708+0000] {logging_mixin.py:188} INFO - [2025-05-14T00:21:28.707+0000] {dagbag.py:538} INFO - Filling up the DagBag from /home/airflow/.local/lib/python3.8/site-packages/airflow/example_dags/example_nested_branch_dag.py
[2025-05-14T00:21:28.718+0000] {processor.py:840} INFO - DAG(s) 'example_nested_branch_dag' retrieved from /home/airflow/.local/lib/python3.8/site-packages/airflow/example_dags/example_nested_branch_dag.py
[2025-05-14T00:21:28.747+0000] {logging_mixin.py:188} INFO - [2025-05-14T00:21:28.747+0000] {dag.py:3036} INFO - Sync 1 DAGs
[2025-05-14T00:21:28.778+0000] {logging_mixin.py:188} INFO - [2025-05-14T00:21:28.777+0000] {dag.py:3823} INFO - Setting next_dagrun for example_nested_branch_dag to 2025-05-13 00:00:00+00:00, run_after=2025-05-14 00:00:00+00:00
[2025-05-14T00:21:28.817+0000] {processor.py:183} INFO - Processing /home/airflow/.local/lib/python3.8/site-packages/airflow/example_dags/example_nested_branch_dag.py took 0.117 seconds
[2025-05-14T00:21:59.346+0000] {processor.py:161} INFO - Started process (PID=1550) to work on /home/airflow/.local/lib/python3.8/site-packages/airflow/example_dags/example_nested_branch_dag.py
[2025-05-14T00:21:59.348+0000] {processor.py:830} INFO - Processing file /home/airflow/.local/lib/python3.8/site-packages/airflow/example_dags/example_nested_branch_dag.py for tasks to queue
[2025-05-14T00:21:59.351+0000] {logging_mixin.py:188} INFO - [2025-05-14T00:21:59.350+0000] {dagbag.py:538} INFO - Filling up the DagBag from /home/airflow/.local/lib/python3.8/site-packages/airflow/example_dags/example_nested_branch_dag.py
[2025-05-14T00:21:59.371+0000] {processor.py:840} INFO - DAG(s) 'example_nested_branch_dag' retrieved from /home/airflow/.local/lib/python3.8/site-packages/airflow/example_dags/example_nested_branch_dag.py
[2025-05-14T00:21:59.425+0000] {logging_mixin.py:188} INFO - [2025-05-14T00:21:59.424+0000] {dag.py:3036} INFO - Sync 1 DAGs
[2025-05-14T00:21:59.473+0000] {logging_mixin.py:188} INFO - [2025-05-14T00:21:59.472+0000] {dag.py:3823} INFO - Setting next_dagrun for example_nested_branch_dag to 2025-05-13 00:00:00+00:00, run_after=2025-05-14 00:00:00+00:00
[2025-05-14T00:21:59.503+0000] {processor.py:183} INFO - Processing /home/airflow/.local/lib/python3.8/site-packages/airflow/example_dags/example_nested_branch_dag.py took 0.161 seconds
[2025-05-14T00:22:29.685+0000] {processor.py:161} INFO - Started process (PID=1605) to work on /home/airflow/.local/lib/python3.8/site-packages/airflow/example_dags/example_nested_branch_dag.py
[2025-05-14T00:22:29.687+0000] {processor.py:830} INFO - Processing file /home/airflow/.local/lib/python3.8/site-packages/airflow/example_dags/example_nested_branch_dag.py for tasks to queue
[2025-05-14T00:22:29.690+0000] {logging_mixin.py:188} INFO - [2025-05-14T00:22:29.689+0000] {dagbag.py:538} INFO - Filling up the DagBag from /home/airflow/.local/lib/python3.8/site-packages/airflow/example_dags/example_nested_branch_dag.py
[2025-05-14T00:22:29.702+0000] {processor.py:840} INFO - DAG(s) 'example_nested_branch_dag' retrieved from /home/airflow/.local/lib/python3.8/site-packages/airflow/example_dags/example_nested_branch_dag.py
[2025-05-14T00:22:29.732+0000] {logging_mixin.py:188} INFO - [2025-05-14T00:22:29.732+0000] {dag.py:3036} INFO - Sync 1 DAGs
[2025-05-14T00:22:29.764+0000] {logging_mixin.py:188} INFO - [2025-05-14T00:22:29.763+0000] {dag.py:3823} INFO - Setting next_dagrun for example_nested_branch_dag to 2025-05-13 00:00:00+00:00, run_after=2025-05-14 00:00:00+00:00
[2025-05-14T00:22:29.796+0000] {processor.py:183} INFO - Processing /home/airflow/.local/lib/python3.8/site-packages/airflow/example_dags/example_nested_branch_dag.py took 0.115 seconds
[2025-05-14T00:23:00.179+0000] {processor.py:161} INFO - Started process (PID=1661) to work on /home/airflow/.local/lib/python3.8/site-packages/airflow/example_dags/example_nested_branch_dag.py
[2025-05-14T00:23:00.181+0000] {processor.py:830} INFO - Processing file /home/airflow/.local/lib/python3.8/site-packages/airflow/example_dags/example_nested_branch_dag.py for tasks to queue
[2025-05-14T00:23:00.184+0000] {logging_mixin.py:188} INFO - [2025-05-14T00:23:00.184+0000] {dagbag.py:538} INFO - Filling up the DagBag from /home/airflow/.local/lib/python3.8/site-packages/airflow/example_dags/example_nested_branch_dag.py
[2025-05-14T00:23:00.198+0000] {processor.py:840} INFO - DAG(s) 'example_nested_branch_dag' retrieved from /home/airflow/.local/lib/python3.8/site-packages/airflow/example_dags/example_nested_branch_dag.py
[2025-05-14T00:23:00.247+0000] {logging_mixin.py:188} INFO - [2025-05-14T00:23:00.247+0000] {dag.py:3036} INFO - Sync 1 DAGs
[2025-05-14T00:23:00.276+0000] {logging_mixin.py:188} INFO - [2025-05-14T00:23:00.275+0000] {dag.py:3823} INFO - Setting next_dagrun for example_nested_branch_dag to 2025-05-13 00:00:00+00:00, run_after=2025-05-14 00:00:00+00:00
[2025-05-14T00:23:00.304+0000] {processor.py:183} INFO - Processing /home/airflow/.local/lib/python3.8/site-packages/airflow/example_dags/example_nested_branch_dag.py took 0.128 seconds
[2025-05-14T00:23:31.025+0000] {processor.py:161} INFO - Started process (PID=1717) to work on /home/airflow/.local/lib/python3.8/site-packages/airflow/example_dags/example_nested_branch_dag.py
[2025-05-14T00:23:31.027+0000] {processor.py:830} INFO - Processing file /home/airflow/.local/lib/python3.8/site-packages/airflow/example_dags/example_nested_branch_dag.py for tasks to queue
[2025-05-14T00:23:31.030+0000] {logging_mixin.py:188} INFO - [2025-05-14T00:23:31.030+0000] {dagbag.py:538} INFO - Filling up the DagBag from /home/airflow/.local/lib/python3.8/site-packages/airflow/example_dags/example_nested_branch_dag.py
[2025-05-14T00:23:31.042+0000] {processor.py:840} INFO - DAG(s) 'example_nested_branch_dag' retrieved from /home/airflow/.local/lib/python3.8/site-packages/airflow/example_dags/example_nested_branch_dag.py
[2025-05-14T00:23:31.076+0000] {logging_mixin.py:188} INFO - [2025-05-14T00:23:31.076+0000] {dag.py:3036} INFO - Sync 1 DAGs
[2025-05-14T00:23:31.109+0000] {logging_mixin.py:188} INFO - [2025-05-14T00:23:31.108+0000] {dag.py:3823} INFO - Setting next_dagrun for example_nested_branch_dag to 2025-05-13 00:00:00+00:00, run_after=2025-05-14 00:00:00+00:00
[2025-05-14T00:23:31.145+0000] {processor.py:183} INFO - Processing /home/airflow/.local/lib/python3.8/site-packages/airflow/example_dags/example_nested_branch_dag.py took 0.126 seconds
