[2025-05-14T00:08:24.295+0000] {processor.py:161} INFO - Started process (PID=73) to work on /home/airflow/.local/lib/python3.8/site-packages/airflow/example_dags/example_task_group_decorator.py
[2025-05-14T00:08:24.296+0000] {processor.py:830} INFO - Processing file /home/airflow/.local/lib/python3.8/site-packages/airflow/example_dags/example_task_group_decorator.py for tasks to queue
[2025-05-14T00:08:24.299+0000] {logging_mixin.py:188} INFO - [2025-05-14T00:08:24.298+0000] {dagbag.py:538} INFO - Filling up the DagBag from /home/airflow/.local/lib/python3.8/site-packages/airflow/example_dags/example_task_group_decorator.py
[2025-05-14T00:08:24.335+0000] {processor.py:840} INFO - DAG(s) 'example_task_group_decorator' retrieved from /home/airflow/.local/lib/python3.8/site-packages/airflow/example_dags/example_task_group_decorator.py
[2025-05-14T00:08:24.765+0000] {logging_mixin.py:188} INFO - [2025-05-14T00:08:24.764+0000] {dag.py:3036} INFO - Sync 1 DAGs
[2025-05-14T00:08:25.193+0000] {logging_mixin.py:188} INFO - [2025-05-14T00:08:25.193+0000] {dag.py:3823} INFO - Setting next_dagrun for example_task_group_decorator to 2025-05-13 00:00:00+00:00, run_after=2025-05-14 00:00:00+00:00
[2025-05-14T00:08:25.402+0000] {processor.py:183} INFO - Processing /home/airflow/.local/lib/python3.8/site-packages/airflow/example_dags/example_task_group_decorator.py took 1.110 seconds
[2025-05-14T00:08:55.987+0000] {processor.py:161} INFO - Started process (PID=129) to work on /home/airflow/.local/lib/python3.8/site-packages/airflow/example_dags/example_task_group_decorator.py
[2025-05-14T00:08:55.989+0000] {processor.py:830} INFO - Processing file /home/airflow/.local/lib/python3.8/site-packages/airflow/example_dags/example_task_group_decorator.py for tasks to queue
[2025-05-14T00:08:55.991+0000] {logging_mixin.py:188} INFO - [2025-05-14T00:08:55.990+0000] {dagbag.py:538} INFO - Filling up the DagBag from /home/airflow/.local/lib/python3.8/site-packages/airflow/example_dags/example_task_group_decorator.py
[2025-05-14T00:08:56.007+0000] {processor.py:840} INFO - DAG(s) 'example_task_group_decorator' retrieved from /home/airflow/.local/lib/python3.8/site-packages/airflow/example_dags/example_task_group_decorator.py
[2025-05-14T00:08:56.043+0000] {logging_mixin.py:188} INFO - [2025-05-14T00:08:56.043+0000] {dag.py:3036} INFO - Sync 1 DAGs
[2025-05-14T00:08:56.071+0000] {logging_mixin.py:188} INFO - [2025-05-14T00:08:56.070+0000] {dag.py:3823} INFO - Setting next_dagrun for example_task_group_decorator to 2025-05-13 00:00:00+00:00, run_after=2025-05-14 00:00:00+00:00
[2025-05-14T00:08:56.096+0000] {processor.py:183} INFO - Processing /home/airflow/.local/lib/python3.8/site-packages/airflow/example_dags/example_task_group_decorator.py took 0.112 seconds
[2025-05-14T00:09:26.269+0000] {processor.py:161} INFO - Started process (PID=183) to work on /home/airflow/.local/lib/python3.8/site-packages/airflow/example_dags/example_task_group_decorator.py
[2025-05-14T00:09:26.272+0000] {processor.py:830} INFO - Processing file /home/airflow/.local/lib/python3.8/site-packages/airflow/example_dags/example_task_group_decorator.py for tasks to queue
[2025-05-14T00:09:26.275+0000] {logging_mixin.py:188} INFO - [2025-05-14T00:09:26.275+0000] {dagbag.py:538} INFO - Filling up the DagBag from /home/airflow/.local/lib/python3.8/site-packages/airflow/example_dags/example_task_group_decorator.py
[2025-05-14T00:09:26.292+0000] {processor.py:840} INFO - DAG(s) 'example_task_group_decorator' retrieved from /home/airflow/.local/lib/python3.8/site-packages/airflow/example_dags/example_task_group_decorator.py
[2025-05-14T00:09:26.324+0000] {logging_mixin.py:188} INFO - [2025-05-14T00:09:26.324+0000] {dag.py:3036} INFO - Sync 1 DAGs
[2025-05-14T00:09:26.357+0000] {logging_mixin.py:188} INFO - [2025-05-14T00:09:26.356+0000] {dag.py:3823} INFO - Setting next_dagrun for example_task_group_decorator to 2025-05-13 00:00:00+00:00, run_after=2025-05-14 00:00:00+00:00
[2025-05-14T00:09:26.388+0000] {processor.py:183} INFO - Processing /home/airflow/.local/lib/python3.8/site-packages/airflow/example_dags/example_task_group_decorator.py took 0.124 seconds
[2025-05-14T00:09:57.311+0000] {processor.py:161} INFO - Started process (PID=239) to work on /home/airflow/.local/lib/python3.8/site-packages/airflow/example_dags/example_task_group_decorator.py
[2025-05-14T00:09:57.312+0000] {processor.py:830} INFO - Processing file /home/airflow/.local/lib/python3.8/site-packages/airflow/example_dags/example_task_group_decorator.py for tasks to queue
[2025-05-14T00:09:57.315+0000] {logging_mixin.py:188} INFO - [2025-05-14T00:09:57.315+0000] {dagbag.py:538} INFO - Filling up the DagBag from /home/airflow/.local/lib/python3.8/site-packages/airflow/example_dags/example_task_group_decorator.py
[2025-05-14T00:09:57.331+0000] {processor.py:840} INFO - DAG(s) 'example_task_group_decorator' retrieved from /home/airflow/.local/lib/python3.8/site-packages/airflow/example_dags/example_task_group_decorator.py
[2025-05-14T00:09:57.360+0000] {logging_mixin.py:188} INFO - [2025-05-14T00:09:57.360+0000] {dag.py:3036} INFO - Sync 1 DAGs
[2025-05-14T00:09:57.385+0000] {logging_mixin.py:188} INFO - [2025-05-14T00:09:57.385+0000] {dag.py:3823} INFO - Setting next_dagrun for example_task_group_decorator to 2025-05-13 00:00:00+00:00, run_after=2025-05-14 00:00:00+00:00
[2025-05-14T00:09:57.411+0000] {processor.py:183} INFO - Processing /home/airflow/.local/lib/python3.8/site-packages/airflow/example_dags/example_task_group_decorator.py took 0.103 seconds
[2025-05-14T00:10:28.321+0000] {processor.py:161} INFO - Started process (PID=295) to work on /home/airflow/.local/lib/python3.8/site-packages/airflow/example_dags/example_task_group_decorator.py
[2025-05-14T00:10:28.322+0000] {processor.py:830} INFO - Processing file /home/airflow/.local/lib/python3.8/site-packages/airflow/example_dags/example_task_group_decorator.py for tasks to queue
[2025-05-14T00:10:28.325+0000] {logging_mixin.py:188} INFO - [2025-05-14T00:10:28.324+0000] {dagbag.py:538} INFO - Filling up the DagBag from /home/airflow/.local/lib/python3.8/site-packages/airflow/example_dags/example_task_group_decorator.py
[2025-05-14T00:10:28.366+0000] {processor.py:840} INFO - DAG(s) 'example_task_group_decorator' retrieved from /home/airflow/.local/lib/python3.8/site-packages/airflow/example_dags/example_task_group_decorator.py
[2025-05-14T00:10:29.677+0000] {logging_mixin.py:188} INFO - [2025-05-14T00:10:29.677+0000] {dag.py:3036} INFO - Sync 1 DAGs
[2025-05-14T00:10:29.729+0000] {logging_mixin.py:188} INFO - [2025-05-14T00:10:29.728+0000] {dag.py:3823} INFO - Setting next_dagrun for example_task_group_decorator to 2025-05-13 00:00:00+00:00, run_after=2025-05-14 00:00:00+00:00
[2025-05-14T00:10:29.779+0000] {processor.py:183} INFO - Processing /home/airflow/.local/lib/python3.8/site-packages/airflow/example_dags/example_task_group_decorator.py took 1.464 seconds
[2025-05-14T00:11:00.057+0000] {processor.py:161} INFO - Started process (PID=351) to work on /home/airflow/.local/lib/python3.8/site-packages/airflow/example_dags/example_task_group_decorator.py
[2025-05-14T00:11:00.058+0000] {processor.py:830} INFO - Processing file /home/airflow/.local/lib/python3.8/site-packages/airflow/example_dags/example_task_group_decorator.py for tasks to queue
[2025-05-14T00:11:00.061+0000] {logging_mixin.py:188} INFO - [2025-05-14T00:11:00.060+0000] {dagbag.py:538} INFO - Filling up the DagBag from /home/airflow/.local/lib/python3.8/site-packages/airflow/example_dags/example_task_group_decorator.py
[2025-05-14T00:11:00.082+0000] {processor.py:840} INFO - DAG(s) 'example_task_group_decorator' retrieved from /home/airflow/.local/lib/python3.8/site-packages/airflow/example_dags/example_task_group_decorator.py
[2025-05-14T00:11:00.134+0000] {logging_mixin.py:188} INFO - [2025-05-14T00:11:00.133+0000] {dag.py:3036} INFO - Sync 1 DAGs
[2025-05-14T00:11:00.184+0000] {logging_mixin.py:188} INFO - [2025-05-14T00:11:00.183+0000] {dag.py:3823} INFO - Setting next_dagrun for example_task_group_decorator to 2025-05-13 00:00:00+00:00, run_after=2025-05-14 00:00:00+00:00
[2025-05-14T00:11:00.236+0000] {processor.py:183} INFO - Processing /home/airflow/.local/lib/python3.8/site-packages/airflow/example_dags/example_task_group_decorator.py took 0.181 seconds
[2025-05-14T00:11:30.402+0000] {processor.py:161} INFO - Started process (PID=407) to work on /home/airflow/.local/lib/python3.8/site-packages/airflow/example_dags/example_task_group_decorator.py
[2025-05-14T00:11:30.404+0000] {processor.py:830} INFO - Processing file /home/airflow/.local/lib/python3.8/site-packages/airflow/example_dags/example_task_group_decorator.py for tasks to queue
[2025-05-14T00:11:30.405+0000] {logging_mixin.py:188} INFO - [2025-05-14T00:11:30.405+0000] {dagbag.py:538} INFO - Filling up the DagBag from /home/airflow/.local/lib/python3.8/site-packages/airflow/example_dags/example_task_group_decorator.py
[2025-05-14T00:11:30.418+0000] {processor.py:840} INFO - DAG(s) 'example_task_group_decorator' retrieved from /home/airflow/.local/lib/python3.8/site-packages/airflow/example_dags/example_task_group_decorator.py
[2025-05-14T00:11:30.445+0000] {logging_mixin.py:188} INFO - [2025-05-14T00:11:30.444+0000] {dag.py:3036} INFO - Sync 1 DAGs
[2025-05-14T00:11:30.469+0000] {logging_mixin.py:188} INFO - [2025-05-14T00:11:30.469+0000] {dag.py:3823} INFO - Setting next_dagrun for example_task_group_decorator to 2025-05-13 00:00:00+00:00, run_after=2025-05-14 00:00:00+00:00
[2025-05-14T00:11:30.491+0000] {processor.py:183} INFO - Processing /home/airflow/.local/lib/python3.8/site-packages/airflow/example_dags/example_task_group_decorator.py took 0.092 seconds
[2025-05-14T00:12:01.241+0000] {processor.py:161} INFO - Started process (PID=463) to work on /home/airflow/.local/lib/python3.8/site-packages/airflow/example_dags/example_task_group_decorator.py
[2025-05-14T00:12:01.243+0000] {processor.py:830} INFO - Processing file /home/airflow/.local/lib/python3.8/site-packages/airflow/example_dags/example_task_group_decorator.py for tasks to queue
[2025-05-14T00:12:01.245+0000] {logging_mixin.py:188} INFO - [2025-05-14T00:12:01.245+0000] {dagbag.py:538} INFO - Filling up the DagBag from /home/airflow/.local/lib/python3.8/site-packages/airflow/example_dags/example_task_group_decorator.py
[2025-05-14T00:12:01.264+0000] {processor.py:840} INFO - DAG(s) 'example_task_group_decorator' retrieved from /home/airflow/.local/lib/python3.8/site-packages/airflow/example_dags/example_task_group_decorator.py
[2025-05-14T00:12:01.299+0000] {logging_mixin.py:188} INFO - [2025-05-14T00:12:01.299+0000] {dag.py:3036} INFO - Sync 1 DAGs
[2025-05-14T00:12:01.333+0000] {logging_mixin.py:188} INFO - [2025-05-14T00:12:01.332+0000] {dag.py:3823} INFO - Setting next_dagrun for example_task_group_decorator to 2025-05-13 00:00:00+00:00, run_after=2025-05-14 00:00:00+00:00
[2025-05-14T00:12:01.367+0000] {processor.py:183} INFO - Processing /home/airflow/.local/lib/python3.8/site-packages/airflow/example_dags/example_task_group_decorator.py took 0.129 seconds
[2025-05-14T00:12:31.459+0000] {processor.py:161} INFO - Started process (PID=519) to work on /home/airflow/.local/lib/python3.8/site-packages/airflow/example_dags/example_task_group_decorator.py
[2025-05-14T00:12:31.461+0000] {processor.py:830} INFO - Processing file /home/airflow/.local/lib/python3.8/site-packages/airflow/example_dags/example_task_group_decorator.py for tasks to queue
[2025-05-14T00:12:31.465+0000] {logging_mixin.py:188} INFO - [2025-05-14T00:12:31.463+0000] {dagbag.py:538} INFO - Filling up the DagBag from /home/airflow/.local/lib/python3.8/site-packages/airflow/example_dags/example_task_group_decorator.py
[2025-05-14T00:12:31.482+0000] {processor.py:840} INFO - DAG(s) 'example_task_group_decorator' retrieved from /home/airflow/.local/lib/python3.8/site-packages/airflow/example_dags/example_task_group_decorator.py
[2025-05-14T00:12:31.517+0000] {logging_mixin.py:188} INFO - [2025-05-14T00:12:31.516+0000] {dag.py:3036} INFO - Sync 1 DAGs
[2025-05-14T00:12:31.550+0000] {logging_mixin.py:188} INFO - [2025-05-14T00:12:31.549+0000] {dag.py:3823} INFO - Setting next_dagrun for example_task_group_decorator to 2025-05-13 00:00:00+00:00, run_after=2025-05-14 00:00:00+00:00
[2025-05-14T00:12:31.587+0000] {processor.py:183} INFO - Processing /home/airflow/.local/lib/python3.8/site-packages/airflow/example_dags/example_task_group_decorator.py took 0.131 seconds
[2025-05-14T00:13:01.943+0000] {processor.py:161} INFO - Started process (PID=575) to work on /home/airflow/.local/lib/python3.8/site-packages/airflow/example_dags/example_task_group_decorator.py
[2025-05-14T00:13:01.945+0000] {processor.py:830} INFO - Processing file /home/airflow/.local/lib/python3.8/site-packages/airflow/example_dags/example_task_group_decorator.py for tasks to queue
[2025-05-14T00:13:01.949+0000] {logging_mixin.py:188} INFO - [2025-05-14T00:13:01.948+0000] {dagbag.py:538} INFO - Filling up the DagBag from /home/airflow/.local/lib/python3.8/site-packages/airflow/example_dags/example_task_group_decorator.py
[2025-05-14T00:13:01.970+0000] {processor.py:840} INFO - DAG(s) 'example_task_group_decorator' retrieved from /home/airflow/.local/lib/python3.8/site-packages/airflow/example_dags/example_task_group_decorator.py
[2025-05-14T00:13:02.004+0000] {logging_mixin.py:188} INFO - [2025-05-14T00:13:02.004+0000] {dag.py:3036} INFO - Sync 1 DAGs
[2025-05-14T00:13:02.034+0000] {logging_mixin.py:188} INFO - [2025-05-14T00:13:02.034+0000] {dag.py:3823} INFO - Setting next_dagrun for example_task_group_decorator to 2025-05-13 00:00:00+00:00, run_after=2025-05-14 00:00:00+00:00
[2025-05-14T00:13:02.065+0000] {processor.py:183} INFO - Processing /home/airflow/.local/lib/python3.8/site-packages/airflow/example_dags/example_task_group_decorator.py took 0.125 seconds
[2025-05-14T00:13:32.525+0000] {processor.py:161} INFO - Started process (PID=631) to work on /home/airflow/.local/lib/python3.8/site-packages/airflow/example_dags/example_task_group_decorator.py
[2025-05-14T00:13:32.526+0000] {processor.py:830} INFO - Processing file /home/airflow/.local/lib/python3.8/site-packages/airflow/example_dags/example_task_group_decorator.py for tasks to queue
[2025-05-14T00:13:32.530+0000] {logging_mixin.py:188} INFO - [2025-05-14T00:13:32.529+0000] {dagbag.py:538} INFO - Filling up the DagBag from /home/airflow/.local/lib/python3.8/site-packages/airflow/example_dags/example_task_group_decorator.py
[2025-05-14T00:13:32.553+0000] {processor.py:840} INFO - DAG(s) 'example_task_group_decorator' retrieved from /home/airflow/.local/lib/python3.8/site-packages/airflow/example_dags/example_task_group_decorator.py
[2025-05-14T00:13:32.590+0000] {logging_mixin.py:188} INFO - [2025-05-14T00:13:32.590+0000] {dag.py:3036} INFO - Sync 1 DAGs
[2025-05-14T00:13:32.624+0000] {logging_mixin.py:188} INFO - [2025-05-14T00:13:32.624+0000] {dag.py:3823} INFO - Setting next_dagrun for example_task_group_decorator to 2025-05-13 00:00:00+00:00, run_after=2025-05-14 00:00:00+00:00
[2025-05-14T00:13:32.658+0000] {processor.py:183} INFO - Processing /home/airflow/.local/lib/python3.8/site-packages/airflow/example_dags/example_task_group_decorator.py took 0.138 seconds
[2025-05-14T00:14:02.876+0000] {processor.py:161} INFO - Started process (PID=687) to work on /home/airflow/.local/lib/python3.8/site-packages/airflow/example_dags/example_task_group_decorator.py
[2025-05-14T00:14:02.878+0000] {processor.py:830} INFO - Processing file /home/airflow/.local/lib/python3.8/site-packages/airflow/example_dags/example_task_group_decorator.py for tasks to queue
[2025-05-14T00:14:02.881+0000] {logging_mixin.py:188} INFO - [2025-05-14T00:14:02.880+0000] {dagbag.py:538} INFO - Filling up the DagBag from /home/airflow/.local/lib/python3.8/site-packages/airflow/example_dags/example_task_group_decorator.py
[2025-05-14T00:14:02.899+0000] {processor.py:840} INFO - DAG(s) 'example_task_group_decorator' retrieved from /home/airflow/.local/lib/python3.8/site-packages/airflow/example_dags/example_task_group_decorator.py
[2025-05-14T00:14:02.928+0000] {logging_mixin.py:188} INFO - [2025-05-14T00:14:02.928+0000] {dag.py:3036} INFO - Sync 1 DAGs
[2025-05-14T00:14:02.956+0000] {logging_mixin.py:188} INFO - [2025-05-14T00:14:02.956+0000] {dag.py:3823} INFO - Setting next_dagrun for example_task_group_decorator to 2025-05-13 00:00:00+00:00, run_after=2025-05-14 00:00:00+00:00
[2025-05-14T00:14:02.985+0000] {processor.py:183} INFO - Processing /home/airflow/.local/lib/python3.8/site-packages/airflow/example_dags/example_task_group_decorator.py took 0.111 seconds
[2025-05-14T00:14:33.126+0000] {processor.py:161} INFO - Started process (PID=743) to work on /home/airflow/.local/lib/python3.8/site-packages/airflow/example_dags/example_task_group_decorator.py
[2025-05-14T00:14:33.127+0000] {processor.py:830} INFO - Processing file /home/airflow/.local/lib/python3.8/site-packages/airflow/example_dags/example_task_group_decorator.py for tasks to queue
[2025-05-14T00:14:33.129+0000] {logging_mixin.py:188} INFO - [2025-05-14T00:14:33.129+0000] {dagbag.py:538} INFO - Filling up the DagBag from /home/airflow/.local/lib/python3.8/site-packages/airflow/example_dags/example_task_group_decorator.py
[2025-05-14T00:14:33.146+0000] {processor.py:840} INFO - DAG(s) 'example_task_group_decorator' retrieved from /home/airflow/.local/lib/python3.8/site-packages/airflow/example_dags/example_task_group_decorator.py
[2025-05-14T00:14:33.173+0000] {logging_mixin.py:188} INFO - [2025-05-14T00:14:33.172+0000] {dag.py:3036} INFO - Sync 1 DAGs
[2025-05-14T00:14:33.197+0000] {logging_mixin.py:188} INFO - [2025-05-14T00:14:33.197+0000] {dag.py:3823} INFO - Setting next_dagrun for example_task_group_decorator to 2025-05-13 00:00:00+00:00, run_after=2025-05-14 00:00:00+00:00
[2025-05-14T00:14:33.258+0000] {processor.py:183} INFO - Processing /home/airflow/.local/lib/python3.8/site-packages/airflow/example_dags/example_task_group_decorator.py took 0.135 seconds
[2025-05-14T00:15:03.630+0000] {processor.py:161} INFO - Started process (PID=799) to work on /home/airflow/.local/lib/python3.8/site-packages/airflow/example_dags/example_task_group_decorator.py
[2025-05-14T00:15:03.632+0000] {processor.py:830} INFO - Processing file /home/airflow/.local/lib/python3.8/site-packages/airflow/example_dags/example_task_group_decorator.py for tasks to queue
[2025-05-14T00:15:03.634+0000] {logging_mixin.py:188} INFO - [2025-05-14T00:15:03.634+0000] {dagbag.py:538} INFO - Filling up the DagBag from /home/airflow/.local/lib/python3.8/site-packages/airflow/example_dags/example_task_group_decorator.py
[2025-05-14T00:15:03.652+0000] {processor.py:840} INFO - DAG(s) 'example_task_group_decorator' retrieved from /home/airflow/.local/lib/python3.8/site-packages/airflow/example_dags/example_task_group_decorator.py
[2025-05-14T00:15:03.685+0000] {logging_mixin.py:188} INFO - [2025-05-14T00:15:03.685+0000] {dag.py:3036} INFO - Sync 1 DAGs
[2025-05-14T00:15:03.713+0000] {logging_mixin.py:188} INFO - [2025-05-14T00:15:03.713+0000] {dag.py:3823} INFO - Setting next_dagrun for example_task_group_decorator to 2025-05-13 00:00:00+00:00, run_after=2025-05-14 00:00:00+00:00
[2025-05-14T00:15:03.761+0000] {processor.py:183} INFO - Processing /home/airflow/.local/lib/python3.8/site-packages/airflow/example_dags/example_task_group_decorator.py took 0.133 seconds
[2025-05-14T00:15:34.320+0000] {processor.py:161} INFO - Started process (PID=855) to work on /home/airflow/.local/lib/python3.8/site-packages/airflow/example_dags/example_task_group_decorator.py
[2025-05-14T00:15:34.322+0000] {processor.py:830} INFO - Processing file /home/airflow/.local/lib/python3.8/site-packages/airflow/example_dags/example_task_group_decorator.py for tasks to queue
[2025-05-14T00:15:34.326+0000] {logging_mixin.py:188} INFO - [2025-05-14T00:15:34.325+0000] {dagbag.py:538} INFO - Filling up the DagBag from /home/airflow/.local/lib/python3.8/site-packages/airflow/example_dags/example_task_group_decorator.py
[2025-05-14T00:15:34.347+0000] {processor.py:840} INFO - DAG(s) 'example_task_group_decorator' retrieved from /home/airflow/.local/lib/python3.8/site-packages/airflow/example_dags/example_task_group_decorator.py
[2025-05-14T00:15:34.385+0000] {logging_mixin.py:188} INFO - [2025-05-14T00:15:34.385+0000] {dag.py:3036} INFO - Sync 1 DAGs
[2025-05-14T00:15:34.442+0000] {logging_mixin.py:188} INFO - [2025-05-14T00:15:34.442+0000] {dag.py:3823} INFO - Setting next_dagrun for example_task_group_decorator to 2025-05-13 00:00:00+00:00, run_after=2025-05-14 00:00:00+00:00
[2025-05-14T00:15:34.517+0000] {processor.py:183} INFO - Processing /home/airflow/.local/lib/python3.8/site-packages/airflow/example_dags/example_task_group_decorator.py took 0.200 seconds
[2025-05-14T00:16:05.429+0000] {processor.py:161} INFO - Started process (PID=910) to work on /home/airflow/.local/lib/python3.8/site-packages/airflow/example_dags/example_task_group_decorator.py
[2025-05-14T00:16:05.434+0000] {processor.py:830} INFO - Processing file /home/airflow/.local/lib/python3.8/site-packages/airflow/example_dags/example_task_group_decorator.py for tasks to queue
[2025-05-14T00:16:05.437+0000] {logging_mixin.py:188} INFO - [2025-05-14T00:16:05.437+0000] {dagbag.py:538} INFO - Filling up the DagBag from /home/airflow/.local/lib/python3.8/site-packages/airflow/example_dags/example_task_group_decorator.py
[2025-05-14T00:16:05.477+0000] {processor.py:840} INFO - DAG(s) 'example_task_group_decorator' retrieved from /home/airflow/.local/lib/python3.8/site-packages/airflow/example_dags/example_task_group_decorator.py
[2025-05-14T00:16:05.535+0000] {logging_mixin.py:188} INFO - [2025-05-14T00:16:05.535+0000] {dag.py:3036} INFO - Sync 1 DAGs
[2025-05-14T00:16:05.604+0000] {logging_mixin.py:188} INFO - [2025-05-14T00:16:05.604+0000] {dag.py:3823} INFO - Setting next_dagrun for example_task_group_decorator to 2025-05-13 00:00:00+00:00, run_after=2025-05-14 00:00:00+00:00
[2025-05-14T00:16:06.118+0000] {processor.py:183} INFO - Processing /home/airflow/.local/lib/python3.8/site-packages/airflow/example_dags/example_task_group_decorator.py took 0.692 seconds
[2025-05-14T00:16:36.809+0000] {processor.py:161} INFO - Started process (PID=966) to work on /home/airflow/.local/lib/python3.8/site-packages/airflow/example_dags/example_task_group_decorator.py
[2025-05-14T00:16:36.813+0000] {processor.py:830} INFO - Processing file /home/airflow/.local/lib/python3.8/site-packages/airflow/example_dags/example_task_group_decorator.py for tasks to queue
[2025-05-14T00:16:36.821+0000] {logging_mixin.py:188} INFO - [2025-05-14T00:16:36.820+0000] {dagbag.py:538} INFO - Filling up the DagBag from /home/airflow/.local/lib/python3.8/site-packages/airflow/example_dags/example_task_group_decorator.py
[2025-05-14T00:16:36.863+0000] {processor.py:840} INFO - DAG(s) 'example_task_group_decorator' retrieved from /home/airflow/.local/lib/python3.8/site-packages/airflow/example_dags/example_task_group_decorator.py
[2025-05-14T00:16:36.905+0000] {logging_mixin.py:188} INFO - [2025-05-14T00:16:36.905+0000] {dag.py:3036} INFO - Sync 1 DAGs
[2025-05-14T00:16:36.951+0000] {logging_mixin.py:188} INFO - [2025-05-14T00:16:36.951+0000] {dag.py:3823} INFO - Setting next_dagrun for example_task_group_decorator to 2025-05-13 00:00:00+00:00, run_after=2025-05-14 00:00:00+00:00
[2025-05-14T00:16:36.999+0000] {processor.py:183} INFO - Processing /home/airflow/.local/lib/python3.8/site-packages/airflow/example_dags/example_task_group_decorator.py took 0.193 seconds
[2025-05-14T00:17:07.249+0000] {processor.py:161} INFO - Started process (PID=1021) to work on /home/airflow/.local/lib/python3.8/site-packages/airflow/example_dags/example_task_group_decorator.py
[2025-05-14T00:17:07.251+0000] {processor.py:830} INFO - Processing file /home/airflow/.local/lib/python3.8/site-packages/airflow/example_dags/example_task_group_decorator.py for tasks to queue
[2025-05-14T00:17:07.254+0000] {logging_mixin.py:188} INFO - [2025-05-14T00:17:07.253+0000] {dagbag.py:538} INFO - Filling up the DagBag from /home/airflow/.local/lib/python3.8/site-packages/airflow/example_dags/example_task_group_decorator.py
[2025-05-14T00:17:07.269+0000] {processor.py:840} INFO - DAG(s) 'example_task_group_decorator' retrieved from /home/airflow/.local/lib/python3.8/site-packages/airflow/example_dags/example_task_group_decorator.py
[2025-05-14T00:17:07.297+0000] {logging_mixin.py:188} INFO - [2025-05-14T00:17:07.297+0000] {dag.py:3036} INFO - Sync 1 DAGs
[2025-05-14T00:17:07.320+0000] {logging_mixin.py:188} INFO - [2025-05-14T00:17:07.320+0000] {dag.py:3823} INFO - Setting next_dagrun for example_task_group_decorator to 2025-05-13 00:00:00+00:00, run_after=2025-05-14 00:00:00+00:00
[2025-05-14T00:17:07.345+0000] {processor.py:183} INFO - Processing /home/airflow/.local/lib/python3.8/site-packages/airflow/example_dags/example_task_group_decorator.py took 0.099 seconds
[2025-05-14T00:17:37.657+0000] {processor.py:161} INFO - Started process (PID=1078) to work on /home/airflow/.local/lib/python3.8/site-packages/airflow/example_dags/example_task_group_decorator.py
[2025-05-14T00:17:37.659+0000] {processor.py:830} INFO - Processing file /home/airflow/.local/lib/python3.8/site-packages/airflow/example_dags/example_task_group_decorator.py for tasks to queue
[2025-05-14T00:17:37.661+0000] {logging_mixin.py:188} INFO - [2025-05-14T00:17:37.661+0000] {dagbag.py:538} INFO - Filling up the DagBag from /home/airflow/.local/lib/python3.8/site-packages/airflow/example_dags/example_task_group_decorator.py
[2025-05-14T00:17:37.678+0000] {processor.py:840} INFO - DAG(s) 'example_task_group_decorator' retrieved from /home/airflow/.local/lib/python3.8/site-packages/airflow/example_dags/example_task_group_decorator.py
[2025-05-14T00:17:37.712+0000] {logging_mixin.py:188} INFO - [2025-05-14T00:17:37.712+0000] {dag.py:3036} INFO - Sync 1 DAGs
[2025-05-14T00:17:37.745+0000] {logging_mixin.py:188} INFO - [2025-05-14T00:17:37.744+0000] {dag.py:3823} INFO - Setting next_dagrun for example_task_group_decorator to 2025-05-13 00:00:00+00:00, run_after=2025-05-14 00:00:00+00:00
[2025-05-14T00:17:37.786+0000] {processor.py:183} INFO - Processing /home/airflow/.local/lib/python3.8/site-packages/airflow/example_dags/example_task_group_decorator.py took 0.133 seconds
[2025-05-14T00:18:07.971+0000] {processor.py:161} INFO - Started process (PID=1134) to work on /home/airflow/.local/lib/python3.8/site-packages/airflow/example_dags/example_task_group_decorator.py
[2025-05-14T00:18:07.972+0000] {processor.py:830} INFO - Processing file /home/airflow/.local/lib/python3.8/site-packages/airflow/example_dags/example_task_group_decorator.py for tasks to queue
[2025-05-14T00:18:07.975+0000] {logging_mixin.py:188} INFO - [2025-05-14T00:18:07.974+0000] {dagbag.py:538} INFO - Filling up the DagBag from /home/airflow/.local/lib/python3.8/site-packages/airflow/example_dags/example_task_group_decorator.py
[2025-05-14T00:18:07.993+0000] {processor.py:840} INFO - DAG(s) 'example_task_group_decorator' retrieved from /home/airflow/.local/lib/python3.8/site-packages/airflow/example_dags/example_task_group_decorator.py
[2025-05-14T00:18:08.025+0000] {logging_mixin.py:188} INFO - [2025-05-14T00:18:08.025+0000] {dag.py:3036} INFO - Sync 1 DAGs
[2025-05-14T00:18:08.065+0000] {logging_mixin.py:188} INFO - [2025-05-14T00:18:08.064+0000] {dag.py:3823} INFO - Setting next_dagrun for example_task_group_decorator to 2025-05-13 00:00:00+00:00, run_after=2025-05-14 00:00:00+00:00
[2025-05-14T00:18:08.124+0000] {processor.py:183} INFO - Processing /home/airflow/.local/lib/python3.8/site-packages/airflow/example_dags/example_task_group_decorator.py took 0.156 seconds
[2025-05-14T00:18:38.321+0000] {processor.py:161} INFO - Started process (PID=1191) to work on /home/airflow/.local/lib/python3.8/site-packages/airflow/example_dags/example_task_group_decorator.py
[2025-05-14T00:18:38.323+0000] {processor.py:830} INFO - Processing file /home/airflow/.local/lib/python3.8/site-packages/airflow/example_dags/example_task_group_decorator.py for tasks to queue
[2025-05-14T00:18:38.326+0000] {logging_mixin.py:188} INFO - [2025-05-14T00:18:38.326+0000] {dagbag.py:538} INFO - Filling up the DagBag from /home/airflow/.local/lib/python3.8/site-packages/airflow/example_dags/example_task_group_decorator.py
[2025-05-14T00:18:38.378+0000] {processor.py:840} INFO - DAG(s) 'example_task_group_decorator' retrieved from /home/airflow/.local/lib/python3.8/site-packages/airflow/example_dags/example_task_group_decorator.py
[2025-05-14T00:18:38.433+0000] {logging_mixin.py:188} INFO - [2025-05-14T00:18:38.432+0000] {dag.py:3036} INFO - Sync 1 DAGs
[2025-05-14T00:18:38.475+0000] {logging_mixin.py:188} INFO - [2025-05-14T00:18:38.475+0000] {dag.py:3823} INFO - Setting next_dagrun for example_task_group_decorator to 2025-05-13 00:00:00+00:00, run_after=2025-05-14 00:00:00+00:00
[2025-05-14T00:18:38.507+0000] {processor.py:183} INFO - Processing /home/airflow/.local/lib/python3.8/site-packages/airflow/example_dags/example_task_group_decorator.py took 0.198 seconds
[2025-05-14T00:19:08.691+0000] {processor.py:161} INFO - Started process (PID=1247) to work on /home/airflow/.local/lib/python3.8/site-packages/airflow/example_dags/example_task_group_decorator.py
[2025-05-14T00:19:08.692+0000] {processor.py:830} INFO - Processing file /home/airflow/.local/lib/python3.8/site-packages/airflow/example_dags/example_task_group_decorator.py for tasks to queue
[2025-05-14T00:19:08.695+0000] {logging_mixin.py:188} INFO - [2025-05-14T00:19:08.695+0000] {dagbag.py:538} INFO - Filling up the DagBag from /home/airflow/.local/lib/python3.8/site-packages/airflow/example_dags/example_task_group_decorator.py
[2025-05-14T00:19:08.710+0000] {processor.py:840} INFO - DAG(s) 'example_task_group_decorator' retrieved from /home/airflow/.local/lib/python3.8/site-packages/airflow/example_dags/example_task_group_decorator.py
[2025-05-14T00:19:08.737+0000] {logging_mixin.py:188} INFO - [2025-05-14T00:19:08.737+0000] {dag.py:3036} INFO - Sync 1 DAGs
[2025-05-14T00:19:08.766+0000] {logging_mixin.py:188} INFO - [2025-05-14T00:19:08.765+0000] {dag.py:3823} INFO - Setting next_dagrun for example_task_group_decorator to 2025-05-13 00:00:00+00:00, run_after=2025-05-14 00:00:00+00:00
[2025-05-14T00:19:08.789+0000] {processor.py:183} INFO - Processing /home/airflow/.local/lib/python3.8/site-packages/airflow/example_dags/example_task_group_decorator.py took 0.102 seconds
[2025-05-14T00:19:39.087+0000] {processor.py:161} INFO - Started process (PID=1303) to work on /home/airflow/.local/lib/python3.8/site-packages/airflow/example_dags/example_task_group_decorator.py
[2025-05-14T00:19:39.088+0000] {processor.py:830} INFO - Processing file /home/airflow/.local/lib/python3.8/site-packages/airflow/example_dags/example_task_group_decorator.py for tasks to queue
[2025-05-14T00:19:39.090+0000] {logging_mixin.py:188} INFO - [2025-05-14T00:19:39.090+0000] {dagbag.py:538} INFO - Filling up the DagBag from /home/airflow/.local/lib/python3.8/site-packages/airflow/example_dags/example_task_group_decorator.py
[2025-05-14T00:19:39.106+0000] {processor.py:840} INFO - DAG(s) 'example_task_group_decorator' retrieved from /home/airflow/.local/lib/python3.8/site-packages/airflow/example_dags/example_task_group_decorator.py
[2025-05-14T00:19:39.134+0000] {logging_mixin.py:188} INFO - [2025-05-14T00:19:39.133+0000] {dag.py:3036} INFO - Sync 1 DAGs
[2025-05-14T00:19:39.157+0000] {logging_mixin.py:188} INFO - [2025-05-14T00:19:39.157+0000] {dag.py:3823} INFO - Setting next_dagrun for example_task_group_decorator to 2025-05-13 00:00:00+00:00, run_after=2025-05-14 00:00:00+00:00
[2025-05-14T00:19:39.187+0000] {processor.py:183} INFO - Processing /home/airflow/.local/lib/python3.8/site-packages/airflow/example_dags/example_task_group_decorator.py took 0.103 seconds
[2025-05-14T00:20:09.955+0000] {processor.py:161} INFO - Started process (PID=1359) to work on /home/airflow/.local/lib/python3.8/site-packages/airflow/example_dags/example_task_group_decorator.py
[2025-05-14T00:20:09.956+0000] {processor.py:830} INFO - Processing file /home/airflow/.local/lib/python3.8/site-packages/airflow/example_dags/example_task_group_decorator.py for tasks to queue
[2025-05-14T00:20:09.960+0000] {logging_mixin.py:188} INFO - [2025-05-14T00:20:09.959+0000] {dagbag.py:538} INFO - Filling up the DagBag from /home/airflow/.local/lib/python3.8/site-packages/airflow/example_dags/example_task_group_decorator.py
[2025-05-14T00:20:09.983+0000] {processor.py:840} INFO - DAG(s) 'example_task_group_decorator' retrieved from /home/airflow/.local/lib/python3.8/site-packages/airflow/example_dags/example_task_group_decorator.py
[2025-05-14T00:20:10.014+0000] {logging_mixin.py:188} INFO - [2025-05-14T00:20:10.013+0000] {dag.py:3036} INFO - Sync 1 DAGs
[2025-05-14T00:20:10.044+0000] {logging_mixin.py:188} INFO - [2025-05-14T00:20:10.044+0000] {dag.py:3823} INFO - Setting next_dagrun for example_task_group_decorator to 2025-05-13 00:00:00+00:00, run_after=2025-05-14 00:00:00+00:00
[2025-05-14T00:20:10.067+0000] {processor.py:183} INFO - Processing /home/airflow/.local/lib/python3.8/site-packages/airflow/example_dags/example_task_group_decorator.py took 0.116 seconds
[2025-05-14T00:20:40.684+0000] {processor.py:161} INFO - Started process (PID=1415) to work on /home/airflow/.local/lib/python3.8/site-packages/airflow/example_dags/example_task_group_decorator.py
[2025-05-14T00:20:40.686+0000] {processor.py:830} INFO - Processing file /home/airflow/.local/lib/python3.8/site-packages/airflow/example_dags/example_task_group_decorator.py for tasks to queue
[2025-05-14T00:20:40.689+0000] {logging_mixin.py:188} INFO - [2025-05-14T00:20:40.688+0000] {dagbag.py:538} INFO - Filling up the DagBag from /home/airflow/.local/lib/python3.8/site-packages/airflow/example_dags/example_task_group_decorator.py
[2025-05-14T00:20:40.707+0000] {processor.py:840} INFO - DAG(s) 'example_task_group_decorator' retrieved from /home/airflow/.local/lib/python3.8/site-packages/airflow/example_dags/example_task_group_decorator.py
[2025-05-14T00:20:40.743+0000] {logging_mixin.py:188} INFO - [2025-05-14T00:20:40.742+0000] {dag.py:3036} INFO - Sync 1 DAGs
[2025-05-14T00:20:40.773+0000] {logging_mixin.py:188} INFO - [2025-05-14T00:20:40.772+0000] {dag.py:3823} INFO - Setting next_dagrun for example_task_group_decorator to 2025-05-13 00:00:00+00:00, run_after=2025-05-14 00:00:00+00:00
[2025-05-14T00:20:40.806+0000] {processor.py:183} INFO - Processing /home/airflow/.local/lib/python3.8/site-packages/airflow/example_dags/example_task_group_decorator.py took 0.125 seconds
[2025-05-14T00:21:11.382+0000] {processor.py:161} INFO - Started process (PID=1469) to work on /home/airflow/.local/lib/python3.8/site-packages/airflow/example_dags/example_task_group_decorator.py
[2025-05-14T00:21:11.383+0000] {processor.py:830} INFO - Processing file /home/airflow/.local/lib/python3.8/site-packages/airflow/example_dags/example_task_group_decorator.py for tasks to queue
[2025-05-14T00:21:11.387+0000] {logging_mixin.py:188} INFO - [2025-05-14T00:21:11.386+0000] {dagbag.py:538} INFO - Filling up the DagBag from /home/airflow/.local/lib/python3.8/site-packages/airflow/example_dags/example_task_group_decorator.py
[2025-05-14T00:21:11.403+0000] {processor.py:840} INFO - DAG(s) 'example_task_group_decorator' retrieved from /home/airflow/.local/lib/python3.8/site-packages/airflow/example_dags/example_task_group_decorator.py
[2025-05-14T00:21:11.436+0000] {logging_mixin.py:188} INFO - [2025-05-14T00:21:11.435+0000] {dag.py:3036} INFO - Sync 1 DAGs
[2025-05-14T00:21:11.468+0000] {logging_mixin.py:188} INFO - [2025-05-14T00:21:11.467+0000] {dag.py:3823} INFO - Setting next_dagrun for example_task_group_decorator to 2025-05-13 00:00:00+00:00, run_after=2025-05-14 00:00:00+00:00
[2025-05-14T00:21:11.507+0000] {processor.py:183} INFO - Processing /home/airflow/.local/lib/python3.8/site-packages/airflow/example_dags/example_task_group_decorator.py took 0.129 seconds
[2025-05-14T00:21:42.189+0000] {processor.py:161} INFO - Started process (PID=1525) to work on /home/airflow/.local/lib/python3.8/site-packages/airflow/example_dags/example_task_group_decorator.py
[2025-05-14T00:21:42.191+0000] {processor.py:830} INFO - Processing file /home/airflow/.local/lib/python3.8/site-packages/airflow/example_dags/example_task_group_decorator.py for tasks to queue
[2025-05-14T00:21:42.194+0000] {logging_mixin.py:188} INFO - [2025-05-14T00:21:42.193+0000] {dagbag.py:538} INFO - Filling up the DagBag from /home/airflow/.local/lib/python3.8/site-packages/airflow/example_dags/example_task_group_decorator.py
[2025-05-14T00:21:42.210+0000] {processor.py:840} INFO - DAG(s) 'example_task_group_decorator' retrieved from /home/airflow/.local/lib/python3.8/site-packages/airflow/example_dags/example_task_group_decorator.py
[2025-05-14T00:21:42.246+0000] {logging_mixin.py:188} INFO - [2025-05-14T00:21:42.246+0000] {dag.py:3036} INFO - Sync 1 DAGs
[2025-05-14T00:21:42.282+0000] {logging_mixin.py:188} INFO - [2025-05-14T00:21:42.281+0000] {dag.py:3823} INFO - Setting next_dagrun for example_task_group_decorator to 2025-05-13 00:00:00+00:00, run_after=2025-05-14 00:00:00+00:00
[2025-05-14T00:21:42.318+0000] {processor.py:183} INFO - Processing /home/airflow/.local/lib/python3.8/site-packages/airflow/example_dags/example_task_group_decorator.py took 0.132 seconds
[2025-05-14T00:22:12.965+0000] {processor.py:161} INFO - Started process (PID=1581) to work on /home/airflow/.local/lib/python3.8/site-packages/airflow/example_dags/example_task_group_decorator.py
[2025-05-14T00:22:12.966+0000] {processor.py:830} INFO - Processing file /home/airflow/.local/lib/python3.8/site-packages/airflow/example_dags/example_task_group_decorator.py for tasks to queue
[2025-05-14T00:22:12.970+0000] {logging_mixin.py:188} INFO - [2025-05-14T00:22:12.969+0000] {dagbag.py:538} INFO - Filling up the DagBag from /home/airflow/.local/lib/python3.8/site-packages/airflow/example_dags/example_task_group_decorator.py
[2025-05-14T00:22:12.987+0000] {processor.py:840} INFO - DAG(s) 'example_task_group_decorator' retrieved from /home/airflow/.local/lib/python3.8/site-packages/airflow/example_dags/example_task_group_decorator.py
[2025-05-14T00:22:13.026+0000] {logging_mixin.py:188} INFO - [2025-05-14T00:22:13.026+0000] {dag.py:3036} INFO - Sync 1 DAGs
[2025-05-14T00:22:13.064+0000] {logging_mixin.py:188} INFO - [2025-05-14T00:22:13.064+0000] {dag.py:3823} INFO - Setting next_dagrun for example_task_group_decorator to 2025-05-13 00:00:00+00:00, run_after=2025-05-14 00:00:00+00:00
[2025-05-14T00:22:13.111+0000] {processor.py:183} INFO - Processing /home/airflow/.local/lib/python3.8/site-packages/airflow/example_dags/example_task_group_decorator.py took 0.151 seconds
[2025-05-14T00:22:43.853+0000] {processor.py:161} INFO - Started process (PID=1637) to work on /home/airflow/.local/lib/python3.8/site-packages/airflow/example_dags/example_task_group_decorator.py
[2025-05-14T00:22:43.855+0000] {processor.py:830} INFO - Processing file /home/airflow/.local/lib/python3.8/site-packages/airflow/example_dags/example_task_group_decorator.py for tasks to queue
[2025-05-14T00:22:43.858+0000] {logging_mixin.py:188} INFO - [2025-05-14T00:22:43.857+0000] {dagbag.py:538} INFO - Filling up the DagBag from /home/airflow/.local/lib/python3.8/site-packages/airflow/example_dags/example_task_group_decorator.py
[2025-05-14T00:22:43.881+0000] {processor.py:840} INFO - DAG(s) 'example_task_group_decorator' retrieved from /home/airflow/.local/lib/python3.8/site-packages/airflow/example_dags/example_task_group_decorator.py
[2025-05-14T00:22:43.921+0000] {logging_mixin.py:188} INFO - [2025-05-14T00:22:43.921+0000] {dag.py:3036} INFO - Sync 1 DAGs
[2025-05-14T00:22:43.970+0000] {logging_mixin.py:188} INFO - [2025-05-14T00:22:43.970+0000] {dag.py:3823} INFO - Setting next_dagrun for example_task_group_decorator to 2025-05-13 00:00:00+00:00, run_after=2025-05-14 00:00:00+00:00
[2025-05-14T00:22:44.003+0000] {processor.py:183} INFO - Processing /home/airflow/.local/lib/python3.8/site-packages/airflow/example_dags/example_task_group_decorator.py took 0.154 seconds
[2025-05-14T00:23:14.856+0000] {processor.py:161} INFO - Started process (PID=1693) to work on /home/airflow/.local/lib/python3.8/site-packages/airflow/example_dags/example_task_group_decorator.py
[2025-05-14T00:23:14.857+0000] {processor.py:830} INFO - Processing file /home/airflow/.local/lib/python3.8/site-packages/airflow/example_dags/example_task_group_decorator.py for tasks to queue
[2025-05-14T00:23:14.860+0000] {logging_mixin.py:188} INFO - [2025-05-14T00:23:14.859+0000] {dagbag.py:538} INFO - Filling up the DagBag from /home/airflow/.local/lib/python3.8/site-packages/airflow/example_dags/example_task_group_decorator.py
[2025-05-14T00:23:14.877+0000] {processor.py:840} INFO - DAG(s) 'example_task_group_decorator' retrieved from /home/airflow/.local/lib/python3.8/site-packages/airflow/example_dags/example_task_group_decorator.py
[2025-05-14T00:23:14.902+0000] {logging_mixin.py:188} INFO - [2025-05-14T00:23:14.902+0000] {dag.py:3036} INFO - Sync 1 DAGs
[2025-05-14T00:23:14.930+0000] {logging_mixin.py:188} INFO - [2025-05-14T00:23:14.929+0000] {dag.py:3823} INFO - Setting next_dagrun for example_task_group_decorator to 2025-05-13 00:00:00+00:00, run_after=2025-05-14 00:00:00+00:00
[2025-05-14T00:23:14.952+0000] {processor.py:183} INFO - Processing /home/airflow/.local/lib/python3.8/site-packages/airflow/example_dags/example_task_group_decorator.py took 0.100 seconds
[2025-05-14T00:23:45.808+0000] {processor.py:161} INFO - Started process (PID=1749) to work on /home/airflow/.local/lib/python3.8/site-packages/airflow/example_dags/example_task_group_decorator.py
[2025-05-14T00:23:45.810+0000] {processor.py:830} INFO - Processing file /home/airflow/.local/lib/python3.8/site-packages/airflow/example_dags/example_task_group_decorator.py for tasks to queue
[2025-05-14T00:23:45.812+0000] {logging_mixin.py:188} INFO - [2025-05-14T00:23:45.812+0000] {dagbag.py:538} INFO - Filling up the DagBag from /home/airflow/.local/lib/python3.8/site-packages/airflow/example_dags/example_task_group_decorator.py
[2025-05-14T00:23:45.832+0000] {processor.py:840} INFO - DAG(s) 'example_task_group_decorator' retrieved from /home/airflow/.local/lib/python3.8/site-packages/airflow/example_dags/example_task_group_decorator.py
[2025-05-14T00:23:45.864+0000] {logging_mixin.py:188} INFO - [2025-05-14T00:23:45.864+0000] {dag.py:3036} INFO - Sync 1 DAGs
[2025-05-14T00:23:45.891+0000] {logging_mixin.py:188} INFO - [2025-05-14T00:23:45.890+0000] {dag.py:3823} INFO - Setting next_dagrun for example_task_group_decorator to 2025-05-13 00:00:00+00:00, run_after=2025-05-14 00:00:00+00:00
[2025-05-14T00:23:45.922+0000] {processor.py:183} INFO - Processing /home/airflow/.local/lib/python3.8/site-packages/airflow/example_dags/example_task_group_decorator.py took 0.117 seconds
