[2025-05-14T00:08:48.452+0000] {processor.py:161} INFO - Started process (PID=114) to work on /home/airflow/.local/lib/python3.8/site-packages/airflow/example_dags/example_bash_operator.py
[2025-05-14T00:08:48.455+0000] {processor.py:830} INFO - Processing file /home/airflow/.local/lib/python3.8/site-packages/airflow/example_dags/example_bash_operator.py for tasks to queue
[2025-05-14T00:08:48.459+0000] {logging_mixin.py:188} INFO - [2025-05-14T00:08:48.459+0000] {dagbag.py:538} INFO - Filling up the DagBag from /home/airflow/.local/lib/python3.8/site-packages/airflow/example_dags/example_bash_operator.py
[2025-05-14T00:08:48.493+0000] {processor.py:840} INFO - DAG(s) 'example_bash_operator' retrieved from /home/airflow/.local/lib/python3.8/site-packages/airflow/example_dags/example_bash_operator.py
[2025-05-14T00:08:48.854+0000] {logging_mixin.py:188} INFO - [2025-05-14T00:08:48.852+0000] {dag.py:3036} INFO - Sync 1 DAGs
[2025-05-14T00:08:48.968+0000] {logging_mixin.py:188} INFO - [2025-05-14T00:08:48.968+0000] {dag.py:3823} INFO - Setting next_dagrun for example_bash_operator to 2025-05-13 00:00:00+00:00, run_after=2025-05-14 00:00:00+00:00
[2025-05-14T00:08:49.031+0000] {processor.py:183} INFO - Processing /home/airflow/.local/lib/python3.8/site-packages/airflow/example_dags/example_bash_operator.py took 0.586 seconds
[2025-05-14T00:09:19.577+0000] {processor.py:161} INFO - Started process (PID=170) to work on /home/airflow/.local/lib/python3.8/site-packages/airflow/example_dags/example_bash_operator.py
[2025-05-14T00:09:19.579+0000] {processor.py:830} INFO - Processing file /home/airflow/.local/lib/python3.8/site-packages/airflow/example_dags/example_bash_operator.py for tasks to queue
[2025-05-14T00:09:19.582+0000] {logging_mixin.py:188} INFO - [2025-05-14T00:09:19.581+0000] {dagbag.py:538} INFO - Filling up the DagBag from /home/airflow/.local/lib/python3.8/site-packages/airflow/example_dags/example_bash_operator.py
[2025-05-14T00:09:19.599+0000] {processor.py:840} INFO - DAG(s) 'example_bash_operator' retrieved from /home/airflow/.local/lib/python3.8/site-packages/airflow/example_dags/example_bash_operator.py
[2025-05-14T00:09:19.681+0000] {logging_mixin.py:188} INFO - [2025-05-14T00:09:19.681+0000] {dag.py:3036} INFO - Sync 1 DAGs
[2025-05-14T00:09:19.712+0000] {logging_mixin.py:188} INFO - [2025-05-14T00:09:19.712+0000] {dag.py:3823} INFO - Setting next_dagrun for example_bash_operator to 2025-05-13 00:00:00+00:00, run_after=2025-05-14 00:00:00+00:00
[2025-05-14T00:09:19.740+0000] {processor.py:183} INFO - Processing /home/airflow/.local/lib/python3.8/site-packages/airflow/example_dags/example_bash_operator.py took 0.168 seconds
[2025-05-14T00:09:50.023+0000] {processor.py:161} INFO - Started process (PID=226) to work on /home/airflow/.local/lib/python3.8/site-packages/airflow/example_dags/example_bash_operator.py
[2025-05-14T00:09:50.025+0000] {processor.py:830} INFO - Processing file /home/airflow/.local/lib/python3.8/site-packages/airflow/example_dags/example_bash_operator.py for tasks to queue
[2025-05-14T00:09:50.027+0000] {logging_mixin.py:188} INFO - [2025-05-14T00:09:50.026+0000] {dagbag.py:538} INFO - Filling up the DagBag from /home/airflow/.local/lib/python3.8/site-packages/airflow/example_dags/example_bash_operator.py
[2025-05-14T00:09:50.040+0000] {processor.py:840} INFO - DAG(s) 'example_bash_operator' retrieved from /home/airflow/.local/lib/python3.8/site-packages/airflow/example_dags/example_bash_operator.py
[2025-05-14T00:09:50.079+0000] {logging_mixin.py:188} INFO - [2025-05-14T00:09:50.078+0000] {dag.py:3036} INFO - Sync 1 DAGs
[2025-05-14T00:09:50.106+0000] {logging_mixin.py:188} INFO - [2025-05-14T00:09:50.105+0000] {dag.py:3823} INFO - Setting next_dagrun for example_bash_operator to 2025-05-13 00:00:00+00:00, run_after=2025-05-14 00:00:00+00:00
[2025-05-14T00:09:50.131+0000] {processor.py:183} INFO - Processing /home/airflow/.local/lib/python3.8/site-packages/airflow/example_dags/example_bash_operator.py took 0.111 seconds
[2025-05-14T00:10:21.108+0000] {processor.py:161} INFO - Started process (PID=282) to work on /home/airflow/.local/lib/python3.8/site-packages/airflow/example_dags/example_bash_operator.py
[2025-05-14T00:10:21.110+0000] {processor.py:830} INFO - Processing file /home/airflow/.local/lib/python3.8/site-packages/airflow/example_dags/example_bash_operator.py for tasks to queue
[2025-05-14T00:10:21.113+0000] {logging_mixin.py:188} INFO - [2025-05-14T00:10:21.112+0000] {dagbag.py:538} INFO - Filling up the DagBag from /home/airflow/.local/lib/python3.8/site-packages/airflow/example_dags/example_bash_operator.py
[2025-05-14T00:10:21.133+0000] {processor.py:840} INFO - DAG(s) 'example_bash_operator' retrieved from /home/airflow/.local/lib/python3.8/site-packages/airflow/example_dags/example_bash_operator.py
[2025-05-14T00:10:21.212+0000] {logging_mixin.py:188} INFO - [2025-05-14T00:10:21.211+0000] {dag.py:3036} INFO - Sync 1 DAGs
[2025-05-14T00:10:21.308+0000] {logging_mixin.py:188} INFO - [2025-05-14T00:10:21.307+0000] {dag.py:3823} INFO - Setting next_dagrun for example_bash_operator to 2025-05-13 00:00:00+00:00, run_after=2025-05-14 00:00:00+00:00
[2025-05-14T00:10:21.362+0000] {processor.py:183} INFO - Processing /home/airflow/.local/lib/python3.8/site-packages/airflow/example_dags/example_bash_operator.py took 0.256 seconds
[2025-05-14T00:10:51.516+0000] {processor.py:161} INFO - Started process (PID=338) to work on /home/airflow/.local/lib/python3.8/site-packages/airflow/example_dags/example_bash_operator.py
[2025-05-14T00:10:51.517+0000] {processor.py:830} INFO - Processing file /home/airflow/.local/lib/python3.8/site-packages/airflow/example_dags/example_bash_operator.py for tasks to queue
[2025-05-14T00:10:51.519+0000] {logging_mixin.py:188} INFO - [2025-05-14T00:10:51.519+0000] {dagbag.py:538} INFO - Filling up the DagBag from /home/airflow/.local/lib/python3.8/site-packages/airflow/example_dags/example_bash_operator.py
[2025-05-14T00:10:51.531+0000] {processor.py:840} INFO - DAG(s) 'example_bash_operator' retrieved from /home/airflow/.local/lib/python3.8/site-packages/airflow/example_dags/example_bash_operator.py
[2025-05-14T00:10:51.566+0000] {logging_mixin.py:188} INFO - [2025-05-14T00:10:51.565+0000] {dag.py:3036} INFO - Sync 1 DAGs
[2025-05-14T00:10:51.592+0000] {logging_mixin.py:188} INFO - [2025-05-14T00:10:51.592+0000] {dag.py:3823} INFO - Setting next_dagrun for example_bash_operator to 2025-05-13 00:00:00+00:00, run_after=2025-05-14 00:00:00+00:00
[2025-05-14T00:10:51.619+0000] {processor.py:183} INFO - Processing /home/airflow/.local/lib/python3.8/site-packages/airflow/example_dags/example_bash_operator.py took 0.106 seconds
[2025-05-14T00:11:22.228+0000] {processor.py:161} INFO - Started process (PID=394) to work on /home/airflow/.local/lib/python3.8/site-packages/airflow/example_dags/example_bash_operator.py
[2025-05-14T00:11:22.230+0000] {processor.py:830} INFO - Processing file /home/airflow/.local/lib/python3.8/site-packages/airflow/example_dags/example_bash_operator.py for tasks to queue
[2025-05-14T00:11:22.232+0000] {logging_mixin.py:188} INFO - [2025-05-14T00:11:22.231+0000] {dagbag.py:538} INFO - Filling up the DagBag from /home/airflow/.local/lib/python3.8/site-packages/airflow/example_dags/example_bash_operator.py
[2025-05-14T00:11:22.244+0000] {processor.py:840} INFO - DAG(s) 'example_bash_operator' retrieved from /home/airflow/.local/lib/python3.8/site-packages/airflow/example_dags/example_bash_operator.py
[2025-05-14T00:11:22.279+0000] {logging_mixin.py:188} INFO - [2025-05-14T00:11:22.279+0000] {dag.py:3036} INFO - Sync 1 DAGs
[2025-05-14T00:11:22.305+0000] {logging_mixin.py:188} INFO - [2025-05-14T00:11:22.305+0000] {dag.py:3823} INFO - Setting next_dagrun for example_bash_operator to 2025-05-13 00:00:00+00:00, run_after=2025-05-14 00:00:00+00:00
[2025-05-14T00:11:22.350+0000] {processor.py:183} INFO - Processing /home/airflow/.local/lib/python3.8/site-packages/airflow/example_dags/example_bash_operator.py took 0.126 seconds
[2025-05-14T00:11:53.042+0000] {processor.py:161} INFO - Started process (PID=450) to work on /home/airflow/.local/lib/python3.8/site-packages/airflow/example_dags/example_bash_operator.py
[2025-05-14T00:11:53.044+0000] {processor.py:830} INFO - Processing file /home/airflow/.local/lib/python3.8/site-packages/airflow/example_dags/example_bash_operator.py for tasks to queue
[2025-05-14T00:11:53.047+0000] {logging_mixin.py:188} INFO - [2025-05-14T00:11:53.046+0000] {dagbag.py:538} INFO - Filling up the DagBag from /home/airflow/.local/lib/python3.8/site-packages/airflow/example_dags/example_bash_operator.py
[2025-05-14T00:11:53.063+0000] {processor.py:840} INFO - DAG(s) 'example_bash_operator' retrieved from /home/airflow/.local/lib/python3.8/site-packages/airflow/example_dags/example_bash_operator.py
[2025-05-14T00:11:53.104+0000] {logging_mixin.py:188} INFO - [2025-05-14T00:11:53.103+0000] {dag.py:3036} INFO - Sync 1 DAGs
[2025-05-14T00:11:53.135+0000] {logging_mixin.py:188} INFO - [2025-05-14T00:11:53.135+0000] {dag.py:3823} INFO - Setting next_dagrun for example_bash_operator to 2025-05-13 00:00:00+00:00, run_after=2025-05-14 00:00:00+00:00
[2025-05-14T00:11:53.169+0000] {processor.py:183} INFO - Processing /home/airflow/.local/lib/python3.8/site-packages/airflow/example_dags/example_bash_operator.py took 0.131 seconds
[2025-05-14T00:12:23.324+0000] {processor.py:161} INFO - Started process (PID=506) to work on /home/airflow/.local/lib/python3.8/site-packages/airflow/example_dags/example_bash_operator.py
[2025-05-14T00:12:23.326+0000] {processor.py:830} INFO - Processing file /home/airflow/.local/lib/python3.8/site-packages/airflow/example_dags/example_bash_operator.py for tasks to queue
[2025-05-14T00:12:23.328+0000] {logging_mixin.py:188} INFO - [2025-05-14T00:12:23.328+0000] {dagbag.py:538} INFO - Filling up the DagBag from /home/airflow/.local/lib/python3.8/site-packages/airflow/example_dags/example_bash_operator.py
[2025-05-14T00:12:23.343+0000] {processor.py:840} INFO - DAG(s) 'example_bash_operator' retrieved from /home/airflow/.local/lib/python3.8/site-packages/airflow/example_dags/example_bash_operator.py
[2025-05-14T00:12:23.380+0000] {logging_mixin.py:188} INFO - [2025-05-14T00:12:23.379+0000] {dag.py:3036} INFO - Sync 1 DAGs
[2025-05-14T00:12:23.407+0000] {logging_mixin.py:188} INFO - [2025-05-14T00:12:23.407+0000] {dag.py:3823} INFO - Setting next_dagrun for example_bash_operator to 2025-05-13 00:00:00+00:00, run_after=2025-05-14 00:00:00+00:00
[2025-05-14T00:12:23.433+0000] {processor.py:183} INFO - Processing /home/airflow/.local/lib/python3.8/site-packages/airflow/example_dags/example_bash_operator.py took 0.111 seconds
[2025-05-14T00:12:54.116+0000] {processor.py:161} INFO - Started process (PID=562) to work on /home/airflow/.local/lib/python3.8/site-packages/airflow/example_dags/example_bash_operator.py
[2025-05-14T00:12:54.117+0000] {processor.py:830} INFO - Processing file /home/airflow/.local/lib/python3.8/site-packages/airflow/example_dags/example_bash_operator.py for tasks to queue
[2025-05-14T00:12:54.121+0000] {logging_mixin.py:188} INFO - [2025-05-14T00:12:54.121+0000] {dagbag.py:538} INFO - Filling up the DagBag from /home/airflow/.local/lib/python3.8/site-packages/airflow/example_dags/example_bash_operator.py
[2025-05-14T00:12:54.141+0000] {processor.py:840} INFO - DAG(s) 'example_bash_operator' retrieved from /home/airflow/.local/lib/python3.8/site-packages/airflow/example_dags/example_bash_operator.py
[2025-05-14T00:12:54.176+0000] {logging_mixin.py:188} INFO - [2025-05-14T00:12:54.175+0000] {dag.py:3036} INFO - Sync 1 DAGs
[2025-05-14T00:12:54.221+0000] {logging_mixin.py:188} INFO - [2025-05-14T00:12:54.221+0000] {dag.py:3823} INFO - Setting next_dagrun for example_bash_operator to 2025-05-13 00:00:00+00:00, run_after=2025-05-14 00:00:00+00:00
[2025-05-14T00:12:54.245+0000] {processor.py:183} INFO - Processing /home/airflow/.local/lib/python3.8/site-packages/airflow/example_dags/example_bash_operator.py took 0.132 seconds
[2025-05-14T00:13:24.515+0000] {processor.py:161} INFO - Started process (PID=618) to work on /home/airflow/.local/lib/python3.8/site-packages/airflow/example_dags/example_bash_operator.py
[2025-05-14T00:13:24.517+0000] {processor.py:830} INFO - Processing file /home/airflow/.local/lib/python3.8/site-packages/airflow/example_dags/example_bash_operator.py for tasks to queue
[2025-05-14T00:13:24.521+0000] {logging_mixin.py:188} INFO - [2025-05-14T00:13:24.520+0000] {dagbag.py:538} INFO - Filling up the DagBag from /home/airflow/.local/lib/python3.8/site-packages/airflow/example_dags/example_bash_operator.py
[2025-05-14T00:13:24.541+0000] {processor.py:840} INFO - DAG(s) 'example_bash_operator' retrieved from /home/airflow/.local/lib/python3.8/site-packages/airflow/example_dags/example_bash_operator.py
[2025-05-14T00:13:24.606+0000] {logging_mixin.py:188} INFO - [2025-05-14T00:13:24.605+0000] {dag.py:3036} INFO - Sync 1 DAGs
[2025-05-14T00:13:24.674+0000] {logging_mixin.py:188} INFO - [2025-05-14T00:13:24.673+0000] {dag.py:3823} INFO - Setting next_dagrun for example_bash_operator to 2025-05-13 00:00:00+00:00, run_after=2025-05-14 00:00:00+00:00
[2025-05-14T00:13:24.739+0000] {processor.py:183} INFO - Processing /home/airflow/.local/lib/python3.8/site-packages/airflow/example_dags/example_bash_operator.py took 0.227 seconds
[2025-05-14T00:13:54.860+0000] {processor.py:161} INFO - Started process (PID=674) to work on /home/airflow/.local/lib/python3.8/site-packages/airflow/example_dags/example_bash_operator.py
[2025-05-14T00:13:54.862+0000] {processor.py:830} INFO - Processing file /home/airflow/.local/lib/python3.8/site-packages/airflow/example_dags/example_bash_operator.py for tasks to queue
[2025-05-14T00:13:54.864+0000] {logging_mixin.py:188} INFO - [2025-05-14T00:13:54.863+0000] {dagbag.py:538} INFO - Filling up the DagBag from /home/airflow/.local/lib/python3.8/site-packages/airflow/example_dags/example_bash_operator.py
[2025-05-14T00:13:54.879+0000] {processor.py:840} INFO - DAG(s) 'example_bash_operator' retrieved from /home/airflow/.local/lib/python3.8/site-packages/airflow/example_dags/example_bash_operator.py
[2025-05-14T00:13:54.940+0000] {logging_mixin.py:188} INFO - [2025-05-14T00:13:54.940+0000] {dag.py:3036} INFO - Sync 1 DAGs
[2025-05-14T00:13:54.980+0000] {logging_mixin.py:188} INFO - [2025-05-14T00:13:54.980+0000] {dag.py:3823} INFO - Setting next_dagrun for example_bash_operator to 2025-05-13 00:00:00+00:00, run_after=2025-05-14 00:00:00+00:00
[2025-05-14T00:13:55.036+0000] {processor.py:183} INFO - Processing /home/airflow/.local/lib/python3.8/site-packages/airflow/example_dags/example_bash_operator.py took 0.178 seconds
[2025-05-14T00:14:25.138+0000] {processor.py:161} INFO - Started process (PID=730) to work on /home/airflow/.local/lib/python3.8/site-packages/airflow/example_dags/example_bash_operator.py
[2025-05-14T00:14:25.140+0000] {processor.py:830} INFO - Processing file /home/airflow/.local/lib/python3.8/site-packages/airflow/example_dags/example_bash_operator.py for tasks to queue
[2025-05-14T00:14:25.142+0000] {logging_mixin.py:188} INFO - [2025-05-14T00:14:25.142+0000] {dagbag.py:538} INFO - Filling up the DagBag from /home/airflow/.local/lib/python3.8/site-packages/airflow/example_dags/example_bash_operator.py
[2025-05-14T00:14:25.160+0000] {processor.py:840} INFO - DAG(s) 'example_bash_operator' retrieved from /home/airflow/.local/lib/python3.8/site-packages/airflow/example_dags/example_bash_operator.py
[2025-05-14T00:14:25.197+0000] {logging_mixin.py:188} INFO - [2025-05-14T00:14:25.197+0000] {dag.py:3036} INFO - Sync 1 DAGs
[2025-05-14T00:14:25.228+0000] {logging_mixin.py:188} INFO - [2025-05-14T00:14:25.228+0000] {dag.py:3823} INFO - Setting next_dagrun for example_bash_operator to 2025-05-13 00:00:00+00:00, run_after=2025-05-14 00:00:00+00:00
[2025-05-14T00:14:25.278+0000] {processor.py:183} INFO - Processing /home/airflow/.local/lib/python3.8/site-packages/airflow/example_dags/example_bash_operator.py took 0.144 seconds
[2025-05-14T00:14:55.746+0000] {processor.py:161} INFO - Started process (PID=786) to work on /home/airflow/.local/lib/python3.8/site-packages/airflow/example_dags/example_bash_operator.py
[2025-05-14T00:14:55.748+0000] {processor.py:830} INFO - Processing file /home/airflow/.local/lib/python3.8/site-packages/airflow/example_dags/example_bash_operator.py for tasks to queue
[2025-05-14T00:14:55.750+0000] {logging_mixin.py:188} INFO - [2025-05-14T00:14:55.750+0000] {dagbag.py:538} INFO - Filling up the DagBag from /home/airflow/.local/lib/python3.8/site-packages/airflow/example_dags/example_bash_operator.py
[2025-05-14T00:14:55.765+0000] {processor.py:840} INFO - DAG(s) 'example_bash_operator' retrieved from /home/airflow/.local/lib/python3.8/site-packages/airflow/example_dags/example_bash_operator.py
[2025-05-14T00:14:55.806+0000] {logging_mixin.py:188} INFO - [2025-05-14T00:14:55.806+0000] {dag.py:3036} INFO - Sync 1 DAGs
[2025-05-14T00:14:55.843+0000] {logging_mixin.py:188} INFO - [2025-05-14T00:14:55.842+0000] {dag.py:3823} INFO - Setting next_dagrun for example_bash_operator to 2025-05-13 00:00:00+00:00, run_after=2025-05-14 00:00:00+00:00
[2025-05-14T00:14:55.878+0000] {processor.py:183} INFO - Processing /home/airflow/.local/lib/python3.8/site-packages/airflow/example_dags/example_bash_operator.py took 0.135 seconds
[2025-05-14T00:15:26.200+0000] {processor.py:161} INFO - Started process (PID=842) to work on /home/airflow/.local/lib/python3.8/site-packages/airflow/example_dags/example_bash_operator.py
[2025-05-14T00:15:26.205+0000] {processor.py:830} INFO - Processing file /home/airflow/.local/lib/python3.8/site-packages/airflow/example_dags/example_bash_operator.py for tasks to queue
[2025-05-14T00:15:26.208+0000] {logging_mixin.py:188} INFO - [2025-05-14T00:15:26.207+0000] {dagbag.py:538} INFO - Filling up the DagBag from /home/airflow/.local/lib/python3.8/site-packages/airflow/example_dags/example_bash_operator.py
[2025-05-14T00:15:26.230+0000] {processor.py:840} INFO - DAG(s) 'example_bash_operator' retrieved from /home/airflow/.local/lib/python3.8/site-packages/airflow/example_dags/example_bash_operator.py
[2025-05-14T00:15:26.312+0000] {logging_mixin.py:188} INFO - [2025-05-14T00:15:26.311+0000] {dag.py:3036} INFO - Sync 1 DAGs
[2025-05-14T00:15:26.372+0000] {logging_mixin.py:188} INFO - [2025-05-14T00:15:26.372+0000] {dag.py:3823} INFO - Setting next_dagrun for example_bash_operator to 2025-05-13 00:00:00+00:00, run_after=2025-05-14 00:00:00+00:00
[2025-05-14T00:15:26.458+0000] {processor.py:183} INFO - Processing /home/airflow/.local/lib/python3.8/site-packages/airflow/example_dags/example_bash_operator.py took 0.262 seconds
[2025-05-14T00:15:56.752+0000] {processor.py:161} INFO - Started process (PID=897) to work on /home/airflow/.local/lib/python3.8/site-packages/airflow/example_dags/example_bash_operator.py
[2025-05-14T00:15:56.764+0000] {processor.py:830} INFO - Processing file /home/airflow/.local/lib/python3.8/site-packages/airflow/example_dags/example_bash_operator.py for tasks to queue
[2025-05-14T00:15:56.772+0000] {logging_mixin.py:188} INFO - [2025-05-14T00:15:56.771+0000] {dagbag.py:538} INFO - Filling up the DagBag from /home/airflow/.local/lib/python3.8/site-packages/airflow/example_dags/example_bash_operator.py
[2025-05-14T00:15:56.798+0000] {processor.py:840} INFO - DAG(s) 'example_bash_operator' retrieved from /home/airflow/.local/lib/python3.8/site-packages/airflow/example_dags/example_bash_operator.py
[2025-05-14T00:15:56.912+0000] {logging_mixin.py:188} INFO - [2025-05-14T00:15:56.911+0000] {dag.py:3036} INFO - Sync 1 DAGs
[2025-05-14T00:15:56.973+0000] {logging_mixin.py:188} INFO - [2025-05-14T00:15:56.972+0000] {dag.py:3823} INFO - Setting next_dagrun for example_bash_operator to 2025-05-13 00:00:00+00:00, run_after=2025-05-14 00:00:00+00:00
[2025-05-14T00:15:57.059+0000] {processor.py:183} INFO - Processing /home/airflow/.local/lib/python3.8/site-packages/airflow/example_dags/example_bash_operator.py took 0.310 seconds
[2025-05-14T00:16:27.806+0000] {processor.py:161} INFO - Started process (PID=953) to work on /home/airflow/.local/lib/python3.8/site-packages/airflow/example_dags/example_bash_operator.py
[2025-05-14T00:16:27.815+0000] {processor.py:830} INFO - Processing file /home/airflow/.local/lib/python3.8/site-packages/airflow/example_dags/example_bash_operator.py for tasks to queue
[2025-05-14T00:16:27.823+0000] {logging_mixin.py:188} INFO - [2025-05-14T00:16:27.822+0000] {dagbag.py:538} INFO - Filling up the DagBag from /home/airflow/.local/lib/python3.8/site-packages/airflow/example_dags/example_bash_operator.py
[2025-05-14T00:16:27.887+0000] {processor.py:840} INFO - DAG(s) 'example_bash_operator' retrieved from /home/airflow/.local/lib/python3.8/site-packages/airflow/example_dags/example_bash_operator.py
[2025-05-14T00:16:27.930+0000] {logging_mixin.py:188} INFO - [2025-05-14T00:16:27.930+0000] {dag.py:3036} INFO - Sync 1 DAGs
[2025-05-14T00:16:27.962+0000] {logging_mixin.py:188} INFO - [2025-05-14T00:16:27.961+0000] {dag.py:3823} INFO - Setting next_dagrun for example_bash_operator to 2025-05-13 00:00:00+00:00, run_after=2025-05-14 00:00:00+00:00
[2025-05-14T00:16:27.996+0000] {processor.py:183} INFO - Processing /home/airflow/.local/lib/python3.8/site-packages/airflow/example_dags/example_bash_operator.py took 0.193 seconds
[2025-05-14T00:16:58.187+0000] {processor.py:161} INFO - Started process (PID=1007) to work on /home/airflow/.local/lib/python3.8/site-packages/airflow/example_dags/example_bash_operator.py
[2025-05-14T00:16:58.191+0000] {processor.py:830} INFO - Processing file /home/airflow/.local/lib/python3.8/site-packages/airflow/example_dags/example_bash_operator.py for tasks to queue
[2025-05-14T00:16:58.194+0000] {logging_mixin.py:188} INFO - [2025-05-14T00:16:58.193+0000] {dagbag.py:538} INFO - Filling up the DagBag from /home/airflow/.local/lib/python3.8/site-packages/airflow/example_dags/example_bash_operator.py
[2025-05-14T00:16:58.224+0000] {processor.py:840} INFO - DAG(s) 'example_bash_operator' retrieved from /home/airflow/.local/lib/python3.8/site-packages/airflow/example_dags/example_bash_operator.py
[2025-05-14T00:16:58.281+0000] {logging_mixin.py:188} INFO - [2025-05-14T00:16:58.280+0000] {dag.py:3036} INFO - Sync 1 DAGs
[2025-05-14T00:16:58.330+0000] {logging_mixin.py:188} INFO - [2025-05-14T00:16:58.329+0000] {dag.py:3823} INFO - Setting next_dagrun for example_bash_operator to 2025-05-13 00:00:00+00:00, run_after=2025-05-14 00:00:00+00:00
[2025-05-14T00:16:58.382+0000] {processor.py:183} INFO - Processing /home/airflow/.local/lib/python3.8/site-packages/airflow/example_dags/example_bash_operator.py took 0.198 seconds
[2025-05-14T00:17:28.432+0000] {processor.py:161} INFO - Started process (PID=1064) to work on /home/airflow/.local/lib/python3.8/site-packages/airflow/example_dags/example_bash_operator.py
[2025-05-14T00:17:28.441+0000] {processor.py:830} INFO - Processing file /home/airflow/.local/lib/python3.8/site-packages/airflow/example_dags/example_bash_operator.py for tasks to queue
[2025-05-14T00:17:28.459+0000] {logging_mixin.py:188} INFO - [2025-05-14T00:17:28.458+0000] {dagbag.py:538} INFO - Filling up the DagBag from /home/airflow/.local/lib/python3.8/site-packages/airflow/example_dags/example_bash_operator.py
[2025-05-14T00:17:28.480+0000] {processor.py:840} INFO - DAG(s) 'example_bash_operator' retrieved from /home/airflow/.local/lib/python3.8/site-packages/airflow/example_dags/example_bash_operator.py
[2025-05-14T00:17:28.555+0000] {logging_mixin.py:188} INFO - [2025-05-14T00:17:28.554+0000] {dag.py:3036} INFO - Sync 1 DAGs
[2025-05-14T00:17:28.601+0000] {logging_mixin.py:188} INFO - [2025-05-14T00:17:28.600+0000] {dag.py:3823} INFO - Setting next_dagrun for example_bash_operator to 2025-05-13 00:00:00+00:00, run_after=2025-05-14 00:00:00+00:00
[2025-05-14T00:17:28.627+0000] {processor.py:183} INFO - Processing /home/airflow/.local/lib/python3.8/site-packages/airflow/example_dags/example_bash_operator.py took 0.200 seconds
[2025-05-14T00:17:58.863+0000] {processor.py:161} INFO - Started process (PID=1120) to work on /home/airflow/.local/lib/python3.8/site-packages/airflow/example_dags/example_bash_operator.py
[2025-05-14T00:17:58.869+0000] {processor.py:830} INFO - Processing file /home/airflow/.local/lib/python3.8/site-packages/airflow/example_dags/example_bash_operator.py for tasks to queue
[2025-05-14T00:17:58.875+0000] {logging_mixin.py:188} INFO - [2025-05-14T00:17:58.875+0000] {dagbag.py:538} INFO - Filling up the DagBag from /home/airflow/.local/lib/python3.8/site-packages/airflow/example_dags/example_bash_operator.py
[2025-05-14T00:17:58.900+0000] {processor.py:840} INFO - DAG(s) 'example_bash_operator' retrieved from /home/airflow/.local/lib/python3.8/site-packages/airflow/example_dags/example_bash_operator.py
[2025-05-14T00:17:58.962+0000] {logging_mixin.py:188} INFO - [2025-05-14T00:17:58.962+0000] {dag.py:3036} INFO - Sync 1 DAGs
[2025-05-14T00:17:58.994+0000] {logging_mixin.py:188} INFO - [2025-05-14T00:17:58.993+0000] {dag.py:3823} INFO - Setting next_dagrun for example_bash_operator to 2025-05-13 00:00:00+00:00, run_after=2025-05-14 00:00:00+00:00
[2025-05-14T00:17:59.031+0000] {processor.py:183} INFO - Processing /home/airflow/.local/lib/python3.8/site-packages/airflow/example_dags/example_bash_operator.py took 0.170 seconds
[2025-05-14T00:18:29.330+0000] {processor.py:161} INFO - Started process (PID=1177) to work on /home/airflow/.local/lib/python3.8/site-packages/airflow/example_dags/example_bash_operator.py
[2025-05-14T00:18:29.332+0000] {processor.py:830} INFO - Processing file /home/airflow/.local/lib/python3.8/site-packages/airflow/example_dags/example_bash_operator.py for tasks to queue
[2025-05-14T00:18:29.334+0000] {logging_mixin.py:188} INFO - [2025-05-14T00:18:29.334+0000] {dagbag.py:538} INFO - Filling up the DagBag from /home/airflow/.local/lib/python3.8/site-packages/airflow/example_dags/example_bash_operator.py
[2025-05-14T00:18:29.364+0000] {processor.py:840} INFO - DAG(s) 'example_bash_operator' retrieved from /home/airflow/.local/lib/python3.8/site-packages/airflow/example_dags/example_bash_operator.py
[2025-05-14T00:18:29.407+0000] {logging_mixin.py:188} INFO - [2025-05-14T00:18:29.407+0000] {dag.py:3036} INFO - Sync 1 DAGs
[2025-05-14T00:18:29.439+0000] {logging_mixin.py:188} INFO - [2025-05-14T00:18:29.438+0000] {dag.py:3823} INFO - Setting next_dagrun for example_bash_operator to 2025-05-13 00:00:00+00:00, run_after=2025-05-14 00:00:00+00:00
[2025-05-14T00:18:29.466+0000] {processor.py:183} INFO - Processing /home/airflow/.local/lib/python3.8/site-packages/airflow/example_dags/example_bash_operator.py took 0.144 seconds
[2025-05-14T00:19:00.618+0000] {processor.py:161} INFO - Started process (PID=1233) to work on /home/airflow/.local/lib/python3.8/site-packages/airflow/example_dags/example_bash_operator.py
[2025-05-14T00:19:00.620+0000] {processor.py:830} INFO - Processing file /home/airflow/.local/lib/python3.8/site-packages/airflow/example_dags/example_bash_operator.py for tasks to queue
[2025-05-14T00:19:00.622+0000] {logging_mixin.py:188} INFO - [2025-05-14T00:19:00.621+0000] {dagbag.py:538} INFO - Filling up the DagBag from /home/airflow/.local/lib/python3.8/site-packages/airflow/example_dags/example_bash_operator.py
[2025-05-14T00:19:00.636+0000] {processor.py:840} INFO - DAG(s) 'example_bash_operator' retrieved from /home/airflow/.local/lib/python3.8/site-packages/airflow/example_dags/example_bash_operator.py
[2025-05-14T00:19:00.673+0000] {logging_mixin.py:188} INFO - [2025-05-14T00:19:00.673+0000] {dag.py:3036} INFO - Sync 1 DAGs
[2025-05-14T00:19:00.703+0000] {logging_mixin.py:188} INFO - [2025-05-14T00:19:00.702+0000] {dag.py:3823} INFO - Setting next_dagrun for example_bash_operator to 2025-05-13 00:00:00+00:00, run_after=2025-05-14 00:00:00+00:00
[2025-05-14T00:19:00.736+0000] {processor.py:183} INFO - Processing /home/airflow/.local/lib/python3.8/site-packages/airflow/example_dags/example_bash_operator.py took 0.121 seconds
[2025-05-14T00:19:31.377+0000] {processor.py:161} INFO - Started process (PID=1289) to work on /home/airflow/.local/lib/python3.8/site-packages/airflow/example_dags/example_bash_operator.py
[2025-05-14T00:19:31.379+0000] {processor.py:830} INFO - Processing file /home/airflow/.local/lib/python3.8/site-packages/airflow/example_dags/example_bash_operator.py for tasks to queue
[2025-05-14T00:19:31.383+0000] {logging_mixin.py:188} INFO - [2025-05-14T00:19:31.382+0000] {dagbag.py:538} INFO - Filling up the DagBag from /home/airflow/.local/lib/python3.8/site-packages/airflow/example_dags/example_bash_operator.py
[2025-05-14T00:19:31.397+0000] {processor.py:840} INFO - DAG(s) 'example_bash_operator' retrieved from /home/airflow/.local/lib/python3.8/site-packages/airflow/example_dags/example_bash_operator.py
[2025-05-14T00:19:31.435+0000] {logging_mixin.py:188} INFO - [2025-05-14T00:19:31.435+0000] {dag.py:3036} INFO - Sync 1 DAGs
[2025-05-14T00:19:31.466+0000] {logging_mixin.py:188} INFO - [2025-05-14T00:19:31.466+0000] {dag.py:3823} INFO - Setting next_dagrun for example_bash_operator to 2025-05-13 00:00:00+00:00, run_after=2025-05-14 00:00:00+00:00
[2025-05-14T00:19:31.512+0000] {processor.py:183} INFO - Processing /home/airflow/.local/lib/python3.8/site-packages/airflow/example_dags/example_bash_operator.py took 0.139 seconds
[2025-05-14T00:20:02.017+0000] {processor.py:161} INFO - Started process (PID=1345) to work on /home/airflow/.local/lib/python3.8/site-packages/airflow/example_dags/example_bash_operator.py
[2025-05-14T00:20:02.021+0000] {processor.py:830} INFO - Processing file /home/airflow/.local/lib/python3.8/site-packages/airflow/example_dags/example_bash_operator.py for tasks to queue
[2025-05-14T00:20:02.025+0000] {logging_mixin.py:188} INFO - [2025-05-14T00:20:02.025+0000] {dagbag.py:538} INFO - Filling up the DagBag from /home/airflow/.local/lib/python3.8/site-packages/airflow/example_dags/example_bash_operator.py
[2025-05-14T00:20:02.045+0000] {processor.py:840} INFO - DAG(s) 'example_bash_operator' retrieved from /home/airflow/.local/lib/python3.8/site-packages/airflow/example_dags/example_bash_operator.py
[2025-05-14T00:20:02.104+0000] {logging_mixin.py:188} INFO - [2025-05-14T00:20:02.104+0000] {dag.py:3036} INFO - Sync 1 DAGs
[2025-05-14T00:20:02.172+0000] {logging_mixin.py:188} INFO - [2025-05-14T00:20:02.171+0000] {dag.py:3823} INFO - Setting next_dagrun for example_bash_operator to 2025-05-13 00:00:00+00:00, run_after=2025-05-14 00:00:00+00:00
[2025-05-14T00:20:02.232+0000] {processor.py:183} INFO - Processing /home/airflow/.local/lib/python3.8/site-packages/airflow/example_dags/example_bash_operator.py took 0.218 seconds
[2025-05-14T00:20:32.814+0000] {processor.py:161} INFO - Started process (PID=1401) to work on /home/airflow/.local/lib/python3.8/site-packages/airflow/example_dags/example_bash_operator.py
[2025-05-14T00:20:32.819+0000] {processor.py:830} INFO - Processing file /home/airflow/.local/lib/python3.8/site-packages/airflow/example_dags/example_bash_operator.py for tasks to queue
[2025-05-14T00:20:32.827+0000] {logging_mixin.py:188} INFO - [2025-05-14T00:20:32.826+0000] {dagbag.py:538} INFO - Filling up the DagBag from /home/airflow/.local/lib/python3.8/site-packages/airflow/example_dags/example_bash_operator.py
[2025-05-14T00:20:32.849+0000] {processor.py:840} INFO - DAG(s) 'example_bash_operator' retrieved from /home/airflow/.local/lib/python3.8/site-packages/airflow/example_dags/example_bash_operator.py
[2025-05-14T00:20:32.927+0000] {logging_mixin.py:188} INFO - [2025-05-14T00:20:32.926+0000] {dag.py:3036} INFO - Sync 1 DAGs
[2025-05-14T00:20:32.989+0000] {logging_mixin.py:188} INFO - [2025-05-14T00:20:32.988+0000] {dag.py:3823} INFO - Setting next_dagrun for example_bash_operator to 2025-05-13 00:00:00+00:00, run_after=2025-05-14 00:00:00+00:00
[2025-05-14T00:20:33.049+0000] {processor.py:183} INFO - Processing /home/airflow/.local/lib/python3.8/site-packages/airflow/example_dags/example_bash_operator.py took 0.239 seconds
[2025-05-14T00:21:03.243+0000] {processor.py:161} INFO - Started process (PID=1457) to work on /home/airflow/.local/lib/python3.8/site-packages/airflow/example_dags/example_bash_operator.py
[2025-05-14T00:21:03.244+0000] {processor.py:830} INFO - Processing file /home/airflow/.local/lib/python3.8/site-packages/airflow/example_dags/example_bash_operator.py for tasks to queue
[2025-05-14T00:21:03.246+0000] {logging_mixin.py:188} INFO - [2025-05-14T00:21:03.246+0000] {dagbag.py:538} INFO - Filling up the DagBag from /home/airflow/.local/lib/python3.8/site-packages/airflow/example_dags/example_bash_operator.py
[2025-05-14T00:21:03.262+0000] {processor.py:840} INFO - DAG(s) 'example_bash_operator' retrieved from /home/airflow/.local/lib/python3.8/site-packages/airflow/example_dags/example_bash_operator.py
[2025-05-14T00:21:03.300+0000] {logging_mixin.py:188} INFO - [2025-05-14T00:21:03.299+0000] {dag.py:3036} INFO - Sync 1 DAGs
[2025-05-14T00:21:03.332+0000] {logging_mixin.py:188} INFO - [2025-05-14T00:21:03.332+0000] {dag.py:3823} INFO - Setting next_dagrun for example_bash_operator to 2025-05-13 00:00:00+00:00, run_after=2025-05-14 00:00:00+00:00
[2025-05-14T00:21:03.369+0000] {processor.py:183} INFO - Processing /home/airflow/.local/lib/python3.8/site-packages/airflow/example_dags/example_bash_operator.py took 0.130 seconds
[2025-05-14T00:21:34.393+0000] {processor.py:161} INFO - Started process (PID=1513) to work on /home/airflow/.local/lib/python3.8/site-packages/airflow/example_dags/example_bash_operator.py
[2025-05-14T00:21:34.400+0000] {processor.py:830} INFO - Processing file /home/airflow/.local/lib/python3.8/site-packages/airflow/example_dags/example_bash_operator.py for tasks to queue
[2025-05-14T00:21:34.404+0000] {logging_mixin.py:188} INFO - [2025-05-14T00:21:34.403+0000] {dagbag.py:538} INFO - Filling up the DagBag from /home/airflow/.local/lib/python3.8/site-packages/airflow/example_dags/example_bash_operator.py
[2025-05-14T00:21:34.423+0000] {processor.py:840} INFO - DAG(s) 'example_bash_operator' retrieved from /home/airflow/.local/lib/python3.8/site-packages/airflow/example_dags/example_bash_operator.py
[2025-05-14T00:21:34.466+0000] {logging_mixin.py:188} INFO - [2025-05-14T00:21:34.466+0000] {dag.py:3036} INFO - Sync 1 DAGs
[2025-05-14T00:21:34.503+0000] {logging_mixin.py:188} INFO - [2025-05-14T00:21:34.503+0000] {dag.py:3823} INFO - Setting next_dagrun for example_bash_operator to 2025-05-13 00:00:00+00:00, run_after=2025-05-14 00:00:00+00:00
[2025-05-14T00:21:34.536+0000] {processor.py:183} INFO - Processing /home/airflow/.local/lib/python3.8/site-packages/airflow/example_dags/example_bash_operator.py took 0.147 seconds
[2025-05-14T00:22:05.074+0000] {processor.py:161} INFO - Started process (PID=1569) to work on /home/airflow/.local/lib/python3.8/site-packages/airflow/example_dags/example_bash_operator.py
[2025-05-14T00:22:05.077+0000] {processor.py:830} INFO - Processing file /home/airflow/.local/lib/python3.8/site-packages/airflow/example_dags/example_bash_operator.py for tasks to queue
[2025-05-14T00:22:05.081+0000] {logging_mixin.py:188} INFO - [2025-05-14T00:22:05.081+0000] {dagbag.py:538} INFO - Filling up the DagBag from /home/airflow/.local/lib/python3.8/site-packages/airflow/example_dags/example_bash_operator.py
[2025-05-14T00:22:05.100+0000] {processor.py:840} INFO - DAG(s) 'example_bash_operator' retrieved from /home/airflow/.local/lib/python3.8/site-packages/airflow/example_dags/example_bash_operator.py
[2025-05-14T00:22:05.136+0000] {logging_mixin.py:188} INFO - [2025-05-14T00:22:05.135+0000] {dag.py:3036} INFO - Sync 1 DAGs
[2025-05-14T00:22:05.162+0000] {logging_mixin.py:188} INFO - [2025-05-14T00:22:05.162+0000] {dag.py:3823} INFO - Setting next_dagrun for example_bash_operator to 2025-05-13 00:00:00+00:00, run_after=2025-05-14 00:00:00+00:00
[2025-05-14T00:22:05.185+0000] {processor.py:183} INFO - Processing /home/airflow/.local/lib/python3.8/site-packages/airflow/example_dags/example_bash_operator.py took 0.114 seconds
[2025-05-14T00:22:35.988+0000] {processor.py:161} INFO - Started process (PID=1624) to work on /home/airflow/.local/lib/python3.8/site-packages/airflow/example_dags/example_bash_operator.py
[2025-05-14T00:22:35.989+0000] {processor.py:830} INFO - Processing file /home/airflow/.local/lib/python3.8/site-packages/airflow/example_dags/example_bash_operator.py for tasks to queue
[2025-05-14T00:22:35.992+0000] {logging_mixin.py:188} INFO - [2025-05-14T00:22:35.991+0000] {dagbag.py:538} INFO - Filling up the DagBag from /home/airflow/.local/lib/python3.8/site-packages/airflow/example_dags/example_bash_operator.py
[2025-05-14T00:22:36.003+0000] {processor.py:840} INFO - DAG(s) 'example_bash_operator' retrieved from /home/airflow/.local/lib/python3.8/site-packages/airflow/example_dags/example_bash_operator.py
[2025-05-14T00:22:36.035+0000] {logging_mixin.py:188} INFO - [2025-05-14T00:22:36.035+0000] {dag.py:3036} INFO - Sync 1 DAGs
[2025-05-14T00:22:36.062+0000] {logging_mixin.py:188} INFO - [2025-05-14T00:22:36.061+0000] {dag.py:3823} INFO - Setting next_dagrun for example_bash_operator to 2025-05-13 00:00:00+00:00, run_after=2025-05-14 00:00:00+00:00
[2025-05-14T00:22:36.086+0000] {processor.py:183} INFO - Processing /home/airflow/.local/lib/python3.8/site-packages/airflow/example_dags/example_bash_operator.py took 0.103 seconds
[2025-05-14T00:23:06.938+0000] {processor.py:161} INFO - Started process (PID=1680) to work on /home/airflow/.local/lib/python3.8/site-packages/airflow/example_dags/example_bash_operator.py
[2025-05-14T00:23:06.939+0000] {processor.py:830} INFO - Processing file /home/airflow/.local/lib/python3.8/site-packages/airflow/example_dags/example_bash_operator.py for tasks to queue
[2025-05-14T00:23:06.941+0000] {logging_mixin.py:188} INFO - [2025-05-14T00:23:06.941+0000] {dagbag.py:538} INFO - Filling up the DagBag from /home/airflow/.local/lib/python3.8/site-packages/airflow/example_dags/example_bash_operator.py
[2025-05-14T00:23:06.955+0000] {processor.py:840} INFO - DAG(s) 'example_bash_operator' retrieved from /home/airflow/.local/lib/python3.8/site-packages/airflow/example_dags/example_bash_operator.py
[2025-05-14T00:23:06.997+0000] {logging_mixin.py:188} INFO - [2025-05-14T00:23:06.997+0000] {dag.py:3036} INFO - Sync 1 DAGs
[2025-05-14T00:23:07.026+0000] {logging_mixin.py:188} INFO - [2025-05-14T00:23:07.026+0000] {dag.py:3823} INFO - Setting next_dagrun for example_bash_operator to 2025-05-13 00:00:00+00:00, run_after=2025-05-14 00:00:00+00:00
[2025-05-14T00:23:07.052+0000] {processor.py:183} INFO - Processing /home/airflow/.local/lib/python3.8/site-packages/airflow/example_dags/example_bash_operator.py took 0.118 seconds
[2025-05-14T00:23:37.850+0000] {processor.py:161} INFO - Started process (PID=1736) to work on /home/airflow/.local/lib/python3.8/site-packages/airflow/example_dags/example_bash_operator.py
[2025-05-14T00:23:37.851+0000] {processor.py:830} INFO - Processing file /home/airflow/.local/lib/python3.8/site-packages/airflow/example_dags/example_bash_operator.py for tasks to queue
[2025-05-14T00:23:37.853+0000] {logging_mixin.py:188} INFO - [2025-05-14T00:23:37.852+0000] {dagbag.py:538} INFO - Filling up the DagBag from /home/airflow/.local/lib/python3.8/site-packages/airflow/example_dags/example_bash_operator.py
[2025-05-14T00:23:37.865+0000] {processor.py:840} INFO - DAG(s) 'example_bash_operator' retrieved from /home/airflow/.local/lib/python3.8/site-packages/airflow/example_dags/example_bash_operator.py
[2025-05-14T00:23:37.903+0000] {logging_mixin.py:188} INFO - [2025-05-14T00:23:37.903+0000] {dag.py:3036} INFO - Sync 1 DAGs
[2025-05-14T00:23:37.932+0000] {logging_mixin.py:188} INFO - [2025-05-14T00:23:37.932+0000] {dag.py:3823} INFO - Setting next_dagrun for example_bash_operator to 2025-05-13 00:00:00+00:00, run_after=2025-05-14 00:00:00+00:00
[2025-05-14T00:23:37.968+0000] {processor.py:183} INFO - Processing /home/airflow/.local/lib/python3.8/site-packages/airflow/example_dags/example_bash_operator.py took 0.121 seconds
