[2025-05-14T00:08:39.539+0000] {processor.py:161} INFO - Started process (PID=89) to work on /home/airflow/.local/lib/python3.8/site-packages/airflow/example_dags/tutorial_taskflow_api.py
[2025-05-14T00:08:39.551+0000] {processor.py:830} INFO - Processing file /home/airflow/.local/lib/python3.8/site-packages/airflow/example_dags/tutorial_taskflow_api.py for tasks to queue
[2025-05-14T00:08:39.589+0000] {logging_mixin.py:188} INFO - [2025-05-14T00:08:39.585+0000] {dagbag.py:538} INFO - Filling up the DagBag from /home/airflow/.local/lib/python3.8/site-packages/airflow/example_dags/tutorial_taskflow_api.py
[2025-05-14T00:08:39.674+0000] {processor.py:840} INFO - DAG(s) 'tutorial_taskflow_api' retrieved from /home/airflow/.local/lib/python3.8/site-packages/airflow/example_dags/tutorial_taskflow_api.py
[2025-05-14T00:08:40.831+0000] {logging_mixin.py:188} INFO - [2025-05-14T00:08:40.830+0000] {dag.py:3036} INFO - Sync 1 DAGs
[2025-05-14T00:08:40.910+0000] {logging_mixin.py:188} INFO - [2025-05-14T00:08:40.910+0000] {dag.py:3823} INFO - Setting next_dagrun for tutorial_taskflow_api to None, run_after=None
[2025-05-14T00:08:41.046+0000] {processor.py:183} INFO - Processing /home/airflow/.local/lib/python3.8/site-packages/airflow/example_dags/tutorial_taskflow_api.py took 1.531 seconds
[2025-05-14T00:09:11.353+0000] {processor.py:161} INFO - Started process (PID=145) to work on /home/airflow/.local/lib/python3.8/site-packages/airflow/example_dags/tutorial_taskflow_api.py
[2025-05-14T00:09:11.371+0000] {processor.py:830} INFO - Processing file /home/airflow/.local/lib/python3.8/site-packages/airflow/example_dags/tutorial_taskflow_api.py for tasks to queue
[2025-05-14T00:09:11.378+0000] {logging_mixin.py:188} INFO - [2025-05-14T00:09:11.378+0000] {dagbag.py:538} INFO - Filling up the DagBag from /home/airflow/.local/lib/python3.8/site-packages/airflow/example_dags/tutorial_taskflow_api.py
[2025-05-14T00:09:11.393+0000] {processor.py:840} INFO - DAG(s) 'tutorial_taskflow_api' retrieved from /home/airflow/.local/lib/python3.8/site-packages/airflow/example_dags/tutorial_taskflow_api.py
[2025-05-14T00:09:11.431+0000] {logging_mixin.py:188} INFO - [2025-05-14T00:09:11.431+0000] {dag.py:3036} INFO - Sync 1 DAGs
[2025-05-14T00:09:11.450+0000] {logging_mixin.py:188} INFO - [2025-05-14T00:09:11.450+0000] {dag.py:3823} INFO - Setting next_dagrun for tutorial_taskflow_api to None, run_after=None
[2025-05-14T00:09:11.482+0000] {processor.py:183} INFO - Processing /home/airflow/.local/lib/python3.8/site-packages/airflow/example_dags/tutorial_taskflow_api.py took 0.134 seconds
[2025-05-14T00:09:41.837+0000] {processor.py:161} INFO - Started process (PID=201) to work on /home/airflow/.local/lib/python3.8/site-packages/airflow/example_dags/tutorial_taskflow_api.py
[2025-05-14T00:09:41.838+0000] {processor.py:830} INFO - Processing file /home/airflow/.local/lib/python3.8/site-packages/airflow/example_dags/tutorial_taskflow_api.py for tasks to queue
[2025-05-14T00:09:41.845+0000] {logging_mixin.py:188} INFO - [2025-05-14T00:09:41.844+0000] {dagbag.py:538} INFO - Filling up the DagBag from /home/airflow/.local/lib/python3.8/site-packages/airflow/example_dags/tutorial_taskflow_api.py
[2025-05-14T00:09:41.895+0000] {processor.py:840} INFO - DAG(s) 'tutorial_taskflow_api' retrieved from /home/airflow/.local/lib/python3.8/site-packages/airflow/example_dags/tutorial_taskflow_api.py
[2025-05-14T00:09:42.007+0000] {logging_mixin.py:188} INFO - [2025-05-14T00:09:42.006+0000] {dag.py:3036} INFO - Sync 1 DAGs
[2025-05-14T00:09:42.031+0000] {logging_mixin.py:188} INFO - [2025-05-14T00:09:42.031+0000] {dag.py:3823} INFO - Setting next_dagrun for tutorial_taskflow_api to None, run_after=None
[2025-05-14T00:09:42.320+0000] {processor.py:183} INFO - Processing /home/airflow/.local/lib/python3.8/site-packages/airflow/example_dags/tutorial_taskflow_api.py took 0.485 seconds
[2025-05-14T00:10:13.085+0000] {processor.py:161} INFO - Started process (PID=257) to work on /home/airflow/.local/lib/python3.8/site-packages/airflow/example_dags/tutorial_taskflow_api.py
[2025-05-14T00:10:13.087+0000] {processor.py:830} INFO - Processing file /home/airflow/.local/lib/python3.8/site-packages/airflow/example_dags/tutorial_taskflow_api.py for tasks to queue
[2025-05-14T00:10:13.091+0000] {logging_mixin.py:188} INFO - [2025-05-14T00:10:13.090+0000] {dagbag.py:538} INFO - Filling up the DagBag from /home/airflow/.local/lib/python3.8/site-packages/airflow/example_dags/tutorial_taskflow_api.py
[2025-05-14T00:10:13.100+0000] {processor.py:840} INFO - DAG(s) 'tutorial_taskflow_api' retrieved from /home/airflow/.local/lib/python3.8/site-packages/airflow/example_dags/tutorial_taskflow_api.py
[2025-05-14T00:10:13.141+0000] {logging_mixin.py:188} INFO - [2025-05-14T00:10:13.141+0000] {dag.py:3036} INFO - Sync 1 DAGs
[2025-05-14T00:10:13.162+0000] {logging_mixin.py:188} INFO - [2025-05-14T00:10:13.162+0000] {dag.py:3823} INFO - Setting next_dagrun for tutorial_taskflow_api to None, run_after=None
[2025-05-14T00:10:13.206+0000] {processor.py:183} INFO - Processing /home/airflow/.local/lib/python3.8/site-packages/airflow/example_dags/tutorial_taskflow_api.py took 0.124 seconds
[2025-05-14T00:10:43.948+0000] {processor.py:161} INFO - Started process (PID=319) to work on /home/airflow/.local/lib/python3.8/site-packages/airflow/example_dags/tutorial_taskflow_api.py
[2025-05-14T00:10:43.951+0000] {processor.py:830} INFO - Processing file /home/airflow/.local/lib/python3.8/site-packages/airflow/example_dags/tutorial_taskflow_api.py for tasks to queue
[2025-05-14T00:10:43.954+0000] {logging_mixin.py:188} INFO - [2025-05-14T00:10:43.954+0000] {dagbag.py:538} INFO - Filling up the DagBag from /home/airflow/.local/lib/python3.8/site-packages/airflow/example_dags/tutorial_taskflow_api.py
[2025-05-14T00:10:43.966+0000] {processor.py:840} INFO - DAG(s) 'tutorial_taskflow_api' retrieved from /home/airflow/.local/lib/python3.8/site-packages/airflow/example_dags/tutorial_taskflow_api.py
[2025-05-14T00:10:44.006+0000] {logging_mixin.py:188} INFO - [2025-05-14T00:10:44.006+0000] {dag.py:3036} INFO - Sync 1 DAGs
[2025-05-14T00:10:44.024+0000] {logging_mixin.py:188} INFO - [2025-05-14T00:10:44.024+0000] {dag.py:3823} INFO - Setting next_dagrun for tutorial_taskflow_api to None, run_after=None
[2025-05-14T00:10:44.057+0000] {processor.py:183} INFO - Processing /home/airflow/.local/lib/python3.8/site-packages/airflow/example_dags/tutorial_taskflow_api.py took 0.112 seconds
[2025-05-14T00:11:14.397+0000] {processor.py:161} INFO - Started process (PID=375) to work on /home/airflow/.local/lib/python3.8/site-packages/airflow/example_dags/tutorial_taskflow_api.py
[2025-05-14T00:11:14.398+0000] {processor.py:830} INFO - Processing file /home/airflow/.local/lib/python3.8/site-packages/airflow/example_dags/tutorial_taskflow_api.py for tasks to queue
[2025-05-14T00:11:14.401+0000] {logging_mixin.py:188} INFO - [2025-05-14T00:11:14.400+0000] {dagbag.py:538} INFO - Filling up the DagBag from /home/airflow/.local/lib/python3.8/site-packages/airflow/example_dags/tutorial_taskflow_api.py
[2025-05-14T00:11:14.409+0000] {processor.py:840} INFO - DAG(s) 'tutorial_taskflow_api' retrieved from /home/airflow/.local/lib/python3.8/site-packages/airflow/example_dags/tutorial_taskflow_api.py
[2025-05-14T00:11:14.436+0000] {logging_mixin.py:188} INFO - [2025-05-14T00:11:14.436+0000] {dag.py:3036} INFO - Sync 1 DAGs
[2025-05-14T00:11:14.453+0000] {logging_mixin.py:188} INFO - [2025-05-14T00:11:14.453+0000] {dag.py:3823} INFO - Setting next_dagrun for tutorial_taskflow_api to None, run_after=None
[2025-05-14T00:11:14.485+0000] {processor.py:183} INFO - Processing /home/airflow/.local/lib/python3.8/site-packages/airflow/example_dags/tutorial_taskflow_api.py took 0.092 seconds
[2025-05-14T00:11:44.869+0000] {processor.py:161} INFO - Started process (PID=429) to work on /home/airflow/.local/lib/python3.8/site-packages/airflow/example_dags/tutorial_taskflow_api.py
[2025-05-14T00:11:44.871+0000] {processor.py:830} INFO - Processing file /home/airflow/.local/lib/python3.8/site-packages/airflow/example_dags/tutorial_taskflow_api.py for tasks to queue
[2025-05-14T00:11:44.875+0000] {logging_mixin.py:188} INFO - [2025-05-14T00:11:44.874+0000] {dagbag.py:538} INFO - Filling up the DagBag from /home/airflow/.local/lib/python3.8/site-packages/airflow/example_dags/tutorial_taskflow_api.py
[2025-05-14T00:11:44.887+0000] {processor.py:840} INFO - DAG(s) 'tutorial_taskflow_api' retrieved from /home/airflow/.local/lib/python3.8/site-packages/airflow/example_dags/tutorial_taskflow_api.py
[2025-05-14T00:11:44.927+0000] {logging_mixin.py:188} INFO - [2025-05-14T00:11:44.926+0000] {dag.py:3036} INFO - Sync 1 DAGs
[2025-05-14T00:11:44.950+0000] {logging_mixin.py:188} INFO - [2025-05-14T00:11:44.949+0000] {dag.py:3823} INFO - Setting next_dagrun for tutorial_taskflow_api to None, run_after=None
[2025-05-14T00:11:44.981+0000] {processor.py:183} INFO - Processing /home/airflow/.local/lib/python3.8/site-packages/airflow/example_dags/tutorial_taskflow_api.py took 0.115 seconds
[2025-05-14T00:12:15.650+0000] {processor.py:161} INFO - Started process (PID=485) to work on /home/airflow/.local/lib/python3.8/site-packages/airflow/example_dags/tutorial_taskflow_api.py
[2025-05-14T00:12:15.652+0000] {processor.py:830} INFO - Processing file /home/airflow/.local/lib/python3.8/site-packages/airflow/example_dags/tutorial_taskflow_api.py for tasks to queue
[2025-05-14T00:12:15.654+0000] {logging_mixin.py:188} INFO - [2025-05-14T00:12:15.653+0000] {dagbag.py:538} INFO - Filling up the DagBag from /home/airflow/.local/lib/python3.8/site-packages/airflow/example_dags/tutorial_taskflow_api.py
[2025-05-14T00:12:15.662+0000] {processor.py:840} INFO - DAG(s) 'tutorial_taskflow_api' retrieved from /home/airflow/.local/lib/python3.8/site-packages/airflow/example_dags/tutorial_taskflow_api.py
[2025-05-14T00:12:15.689+0000] {logging_mixin.py:188} INFO - [2025-05-14T00:12:15.689+0000] {dag.py:3036} INFO - Sync 1 DAGs
[2025-05-14T00:12:15.705+0000] {logging_mixin.py:188} INFO - [2025-05-14T00:12:15.704+0000] {dag.py:3823} INFO - Setting next_dagrun for tutorial_taskflow_api to None, run_after=None
[2025-05-14T00:12:15.754+0000] {processor.py:183} INFO - Processing /home/airflow/.local/lib/python3.8/site-packages/airflow/example_dags/tutorial_taskflow_api.py took 0.107 seconds
[2025-05-14T00:12:45.914+0000] {processor.py:161} INFO - Started process (PID=541) to work on /home/airflow/.local/lib/python3.8/site-packages/airflow/example_dags/tutorial_taskflow_api.py
[2025-05-14T00:12:45.915+0000] {processor.py:830} INFO - Processing file /home/airflow/.local/lib/python3.8/site-packages/airflow/example_dags/tutorial_taskflow_api.py for tasks to queue
[2025-05-14T00:12:45.918+0000] {logging_mixin.py:188} INFO - [2025-05-14T00:12:45.918+0000] {dagbag.py:538} INFO - Filling up the DagBag from /home/airflow/.local/lib/python3.8/site-packages/airflow/example_dags/tutorial_taskflow_api.py
[2025-05-14T00:12:45.928+0000] {processor.py:840} INFO - DAG(s) 'tutorial_taskflow_api' retrieved from /home/airflow/.local/lib/python3.8/site-packages/airflow/example_dags/tutorial_taskflow_api.py
[2025-05-14T00:12:45.960+0000] {logging_mixin.py:188} INFO - [2025-05-14T00:12:45.960+0000] {dag.py:3036} INFO - Sync 1 DAGs
[2025-05-14T00:12:45.978+0000] {logging_mixin.py:188} INFO - [2025-05-14T00:12:45.978+0000] {dag.py:3823} INFO - Setting next_dagrun for tutorial_taskflow_api to None, run_after=None
[2025-05-14T00:12:46.010+0000] {processor.py:183} INFO - Processing /home/airflow/.local/lib/python3.8/site-packages/airflow/example_dags/tutorial_taskflow_api.py took 0.100 seconds
[2025-05-14T00:13:16.572+0000] {processor.py:161} INFO - Started process (PID=597) to work on /home/airflow/.local/lib/python3.8/site-packages/airflow/example_dags/tutorial_taskflow_api.py
[2025-05-14T00:13:16.574+0000] {processor.py:830} INFO - Processing file /home/airflow/.local/lib/python3.8/site-packages/airflow/example_dags/tutorial_taskflow_api.py for tasks to queue
[2025-05-14T00:13:16.577+0000] {logging_mixin.py:188} INFO - [2025-05-14T00:13:16.576+0000] {dagbag.py:538} INFO - Filling up the DagBag from /home/airflow/.local/lib/python3.8/site-packages/airflow/example_dags/tutorial_taskflow_api.py
[2025-05-14T00:13:16.585+0000] {processor.py:840} INFO - DAG(s) 'tutorial_taskflow_api' retrieved from /home/airflow/.local/lib/python3.8/site-packages/airflow/example_dags/tutorial_taskflow_api.py
[2025-05-14T00:13:16.617+0000] {logging_mixin.py:188} INFO - [2025-05-14T00:13:16.615+0000] {dag.py:3036} INFO - Sync 1 DAGs
[2025-05-14T00:13:16.634+0000] {logging_mixin.py:188} INFO - [2025-05-14T00:13:16.634+0000] {dag.py:3823} INFO - Setting next_dagrun for tutorial_taskflow_api to None, run_after=None
[2025-05-14T00:13:16.661+0000] {processor.py:183} INFO - Processing /home/airflow/.local/lib/python3.8/site-packages/airflow/example_dags/tutorial_taskflow_api.py took 0.092 seconds
[2025-05-14T00:13:47.047+0000] {processor.py:161} INFO - Started process (PID=653) to work on /home/airflow/.local/lib/python3.8/site-packages/airflow/example_dags/tutorial_taskflow_api.py
[2025-05-14T00:13:47.049+0000] {processor.py:830} INFO - Processing file /home/airflow/.local/lib/python3.8/site-packages/airflow/example_dags/tutorial_taskflow_api.py for tasks to queue
[2025-05-14T00:13:47.069+0000] {logging_mixin.py:188} INFO - [2025-05-14T00:13:47.069+0000] {dagbag.py:538} INFO - Filling up the DagBag from /home/airflow/.local/lib/python3.8/site-packages/airflow/example_dags/tutorial_taskflow_api.py
[2025-05-14T00:13:47.080+0000] {processor.py:840} INFO - DAG(s) 'tutorial_taskflow_api' retrieved from /home/airflow/.local/lib/python3.8/site-packages/airflow/example_dags/tutorial_taskflow_api.py
[2025-05-14T00:13:47.109+0000] {logging_mixin.py:188} INFO - [2025-05-14T00:13:47.109+0000] {dag.py:3036} INFO - Sync 1 DAGs
[2025-05-14T00:13:47.127+0000] {logging_mixin.py:188} INFO - [2025-05-14T00:13:47.126+0000] {dag.py:3823} INFO - Setting next_dagrun for tutorial_taskflow_api to None, run_after=None
[2025-05-14T00:13:47.153+0000] {processor.py:183} INFO - Processing /home/airflow/.local/lib/python3.8/site-packages/airflow/example_dags/tutorial_taskflow_api.py took 0.110 seconds
[2025-05-14T00:14:17.534+0000] {processor.py:161} INFO - Started process (PID=709) to work on /home/airflow/.local/lib/python3.8/site-packages/airflow/example_dags/tutorial_taskflow_api.py
[2025-05-14T00:14:17.535+0000] {processor.py:830} INFO - Processing file /home/airflow/.local/lib/python3.8/site-packages/airflow/example_dags/tutorial_taskflow_api.py for tasks to queue
[2025-05-14T00:14:17.538+0000] {logging_mixin.py:188} INFO - [2025-05-14T00:14:17.537+0000] {dagbag.py:538} INFO - Filling up the DagBag from /home/airflow/.local/lib/python3.8/site-packages/airflow/example_dags/tutorial_taskflow_api.py
[2025-05-14T00:14:17.545+0000] {processor.py:840} INFO - DAG(s) 'tutorial_taskflow_api' retrieved from /home/airflow/.local/lib/python3.8/site-packages/airflow/example_dags/tutorial_taskflow_api.py
[2025-05-14T00:14:17.567+0000] {logging_mixin.py:188} INFO - [2025-05-14T00:14:17.567+0000] {dag.py:3036} INFO - Sync 1 DAGs
[2025-05-14T00:14:17.584+0000] {logging_mixin.py:188} INFO - [2025-05-14T00:14:17.584+0000] {dag.py:3823} INFO - Setting next_dagrun for tutorial_taskflow_api to None, run_after=None
[2025-05-14T00:14:17.611+0000] {processor.py:183} INFO - Processing /home/airflow/.local/lib/python3.8/site-packages/airflow/example_dags/tutorial_taskflow_api.py took 0.080 seconds
[2025-05-14T00:14:48.102+0000] {processor.py:161} INFO - Started process (PID=765) to work on /home/airflow/.local/lib/python3.8/site-packages/airflow/example_dags/tutorial_taskflow_api.py
[2025-05-14T00:14:48.105+0000] {processor.py:830} INFO - Processing file /home/airflow/.local/lib/python3.8/site-packages/airflow/example_dags/tutorial_taskflow_api.py for tasks to queue
[2025-05-14T00:14:48.108+0000] {logging_mixin.py:188} INFO - [2025-05-14T00:14:48.108+0000] {dagbag.py:538} INFO - Filling up the DagBag from /home/airflow/.local/lib/python3.8/site-packages/airflow/example_dags/tutorial_taskflow_api.py
[2025-05-14T00:14:48.116+0000] {processor.py:840} INFO - DAG(s) 'tutorial_taskflow_api' retrieved from /home/airflow/.local/lib/python3.8/site-packages/airflow/example_dags/tutorial_taskflow_api.py
[2025-05-14T00:14:48.149+0000] {logging_mixin.py:188} INFO - [2025-05-14T00:14:48.149+0000] {dag.py:3036} INFO - Sync 1 DAGs
[2025-05-14T00:14:48.167+0000] {logging_mixin.py:188} INFO - [2025-05-14T00:14:48.167+0000] {dag.py:3823} INFO - Setting next_dagrun for tutorial_taskflow_api to None, run_after=None
[2025-05-14T00:14:48.203+0000] {processor.py:183} INFO - Processing /home/airflow/.local/lib/python3.8/site-packages/airflow/example_dags/tutorial_taskflow_api.py took 0.106 seconds
[2025-05-14T00:15:19.027+0000] {processor.py:161} INFO - Started process (PID=821) to work on /home/airflow/.local/lib/python3.8/site-packages/airflow/example_dags/tutorial_taskflow_api.py
[2025-05-14T00:15:19.028+0000] {processor.py:830} INFO - Processing file /home/airflow/.local/lib/python3.8/site-packages/airflow/example_dags/tutorial_taskflow_api.py for tasks to queue
[2025-05-14T00:15:19.030+0000] {logging_mixin.py:188} INFO - [2025-05-14T00:15:19.030+0000] {dagbag.py:538} INFO - Filling up the DagBag from /home/airflow/.local/lib/python3.8/site-packages/airflow/example_dags/tutorial_taskflow_api.py
[2025-05-14T00:15:19.046+0000] {processor.py:840} INFO - DAG(s) 'tutorial_taskflow_api' retrieved from /home/airflow/.local/lib/python3.8/site-packages/airflow/example_dags/tutorial_taskflow_api.py
[2025-05-14T00:15:19.077+0000] {logging_mixin.py:188} INFO - [2025-05-14T00:15:19.076+0000] {dag.py:3036} INFO - Sync 1 DAGs
[2025-05-14T00:15:19.095+0000] {logging_mixin.py:188} INFO - [2025-05-14T00:15:19.095+0000] {dag.py:3823} INFO - Setting next_dagrun for tutorial_taskflow_api to None, run_after=None
[2025-05-14T00:15:19.137+0000] {processor.py:183} INFO - Processing /home/airflow/.local/lib/python3.8/site-packages/airflow/example_dags/tutorial_taskflow_api.py took 0.113 seconds
[2025-05-14T00:15:50.127+0000] {processor.py:161} INFO - Started process (PID=876) to work on /home/airflow/.local/lib/python3.8/site-packages/airflow/example_dags/tutorial_taskflow_api.py
[2025-05-14T00:15:50.128+0000] {processor.py:830} INFO - Processing file /home/airflow/.local/lib/python3.8/site-packages/airflow/example_dags/tutorial_taskflow_api.py for tasks to queue
[2025-05-14T00:15:50.132+0000] {logging_mixin.py:188} INFO - [2025-05-14T00:15:50.131+0000] {dagbag.py:538} INFO - Filling up the DagBag from /home/airflow/.local/lib/python3.8/site-packages/airflow/example_dags/tutorial_taskflow_api.py
[2025-05-14T00:15:50.142+0000] {processor.py:840} INFO - DAG(s) 'tutorial_taskflow_api' retrieved from /home/airflow/.local/lib/python3.8/site-packages/airflow/example_dags/tutorial_taskflow_api.py
[2025-05-14T00:15:50.182+0000] {logging_mixin.py:188} INFO - [2025-05-14T00:15:50.182+0000] {dag.py:3036} INFO - Sync 1 DAGs
[2025-05-14T00:15:50.199+0000] {logging_mixin.py:188} INFO - [2025-05-14T00:15:50.199+0000] {dag.py:3823} INFO - Setting next_dagrun for tutorial_taskflow_api to None, run_after=None
[2025-05-14T00:15:50.242+0000] {processor.py:183} INFO - Processing /home/airflow/.local/lib/python3.8/site-packages/airflow/example_dags/tutorial_taskflow_api.py took 0.118 seconds
[2025-05-14T00:16:22.982+0000] {processor.py:161} INFO - Started process (PID=932) to work on /home/airflow/.local/lib/python3.8/site-packages/airflow/example_dags/tutorial_taskflow_api.py
[2025-05-14T00:16:22.984+0000] {processor.py:830} INFO - Processing file /home/airflow/.local/lib/python3.8/site-packages/airflow/example_dags/tutorial_taskflow_api.py for tasks to queue
[2025-05-14T00:16:22.986+0000] {logging_mixin.py:188} INFO - [2025-05-14T00:16:22.986+0000] {dagbag.py:538} INFO - Filling up the DagBag from /home/airflow/.local/lib/python3.8/site-packages/airflow/example_dags/tutorial_taskflow_api.py
[2025-05-14T00:16:22.997+0000] {processor.py:840} INFO - DAG(s) 'tutorial_taskflow_api' retrieved from /home/airflow/.local/lib/python3.8/site-packages/airflow/example_dags/tutorial_taskflow_api.py
[2025-05-14T00:16:23.039+0000] {logging_mixin.py:188} INFO - [2025-05-14T00:16:23.038+0000] {dag.py:3036} INFO - Sync 1 DAGs
[2025-05-14T00:16:23.058+0000] {logging_mixin.py:188} INFO - [2025-05-14T00:16:23.057+0000] {dag.py:3823} INFO - Setting next_dagrun for tutorial_taskflow_api to None, run_after=None
[2025-05-14T00:16:23.091+0000] {processor.py:183} INFO - Processing /home/airflow/.local/lib/python3.8/site-packages/airflow/example_dags/tutorial_taskflow_api.py took 0.112 seconds
[2025-05-14T00:16:53.872+0000] {processor.py:161} INFO - Started process (PID=988) to work on /home/airflow/.local/lib/python3.8/site-packages/airflow/example_dags/tutorial_taskflow_api.py
[2025-05-14T00:16:53.873+0000] {processor.py:830} INFO - Processing file /home/airflow/.local/lib/python3.8/site-packages/airflow/example_dags/tutorial_taskflow_api.py for tasks to queue
[2025-05-14T00:16:53.875+0000] {logging_mixin.py:188} INFO - [2025-05-14T00:16:53.875+0000] {dagbag.py:538} INFO - Filling up the DagBag from /home/airflow/.local/lib/python3.8/site-packages/airflow/example_dags/tutorial_taskflow_api.py
[2025-05-14T00:16:53.886+0000] {processor.py:840} INFO - DAG(s) 'tutorial_taskflow_api' retrieved from /home/airflow/.local/lib/python3.8/site-packages/airflow/example_dags/tutorial_taskflow_api.py
[2025-05-14T00:16:53.914+0000] {logging_mixin.py:188} INFO - [2025-05-14T00:16:53.913+0000] {dag.py:3036} INFO - Sync 1 DAGs
[2025-05-14T00:16:53.935+0000] {logging_mixin.py:188} INFO - [2025-05-14T00:16:53.934+0000] {dag.py:3823} INFO - Setting next_dagrun for tutorial_taskflow_api to None, run_after=None
[2025-05-14T00:16:53.972+0000] {processor.py:183} INFO - Processing /home/airflow/.local/lib/python3.8/site-packages/airflow/example_dags/tutorial_taskflow_api.py took 0.103 seconds
[2025-05-14T00:17:24.847+0000] {processor.py:161} INFO - Started process (PID=1045) to work on /home/airflow/.local/lib/python3.8/site-packages/airflow/example_dags/tutorial_taskflow_api.py
[2025-05-14T00:17:24.849+0000] {processor.py:830} INFO - Processing file /home/airflow/.local/lib/python3.8/site-packages/airflow/example_dags/tutorial_taskflow_api.py for tasks to queue
[2025-05-14T00:17:24.852+0000] {logging_mixin.py:188} INFO - [2025-05-14T00:17:24.852+0000] {dagbag.py:538} INFO - Filling up the DagBag from /home/airflow/.local/lib/python3.8/site-packages/airflow/example_dags/tutorial_taskflow_api.py
[2025-05-14T00:17:24.861+0000] {processor.py:840} INFO - DAG(s) 'tutorial_taskflow_api' retrieved from /home/airflow/.local/lib/python3.8/site-packages/airflow/example_dags/tutorial_taskflow_api.py
[2025-05-14T00:17:24.894+0000] {logging_mixin.py:188} INFO - [2025-05-14T00:17:24.894+0000] {dag.py:3036} INFO - Sync 1 DAGs
[2025-05-14T00:17:24.912+0000] {logging_mixin.py:188} INFO - [2025-05-14T00:17:24.911+0000] {dag.py:3823} INFO - Setting next_dagrun for tutorial_taskflow_api to None, run_after=None
[2025-05-14T00:17:24.948+0000] {processor.py:183} INFO - Processing /home/airflow/.local/lib/python3.8/site-packages/airflow/example_dags/tutorial_taskflow_api.py took 0.105 seconds
[2025-05-14T00:17:55.179+0000] {processor.py:161} INFO - Started process (PID=1101) to work on /home/airflow/.local/lib/python3.8/site-packages/airflow/example_dags/tutorial_taskflow_api.py
[2025-05-14T00:17:55.180+0000] {processor.py:830} INFO - Processing file /home/airflow/.local/lib/python3.8/site-packages/airflow/example_dags/tutorial_taskflow_api.py for tasks to queue
[2025-05-14T00:17:55.183+0000] {logging_mixin.py:188} INFO - [2025-05-14T00:17:55.182+0000] {dagbag.py:538} INFO - Filling up the DagBag from /home/airflow/.local/lib/python3.8/site-packages/airflow/example_dags/tutorial_taskflow_api.py
[2025-05-14T00:17:55.190+0000] {processor.py:840} INFO - DAG(s) 'tutorial_taskflow_api' retrieved from /home/airflow/.local/lib/python3.8/site-packages/airflow/example_dags/tutorial_taskflow_api.py
[2025-05-14T00:17:55.215+0000] {logging_mixin.py:188} INFO - [2025-05-14T00:17:55.215+0000] {dag.py:3036} INFO - Sync 1 DAGs
[2025-05-14T00:17:55.232+0000] {logging_mixin.py:188} INFO - [2025-05-14T00:17:55.232+0000] {dag.py:3823} INFO - Setting next_dagrun for tutorial_taskflow_api to None, run_after=None
[2025-05-14T00:17:55.258+0000] {processor.py:183} INFO - Processing /home/airflow/.local/lib/python3.8/site-packages/airflow/example_dags/tutorial_taskflow_api.py took 0.082 seconds
[2025-05-14T00:18:25.786+0000] {processor.py:161} INFO - Started process (PID=1158) to work on /home/airflow/.local/lib/python3.8/site-packages/airflow/example_dags/tutorial_taskflow_api.py
[2025-05-14T00:18:25.787+0000] {processor.py:830} INFO - Processing file /home/airflow/.local/lib/python3.8/site-packages/airflow/example_dags/tutorial_taskflow_api.py for tasks to queue
[2025-05-14T00:18:25.790+0000] {logging_mixin.py:188} INFO - [2025-05-14T00:18:25.790+0000] {dagbag.py:538} INFO - Filling up the DagBag from /home/airflow/.local/lib/python3.8/site-packages/airflow/example_dags/tutorial_taskflow_api.py
[2025-05-14T00:18:25.800+0000] {processor.py:840} INFO - DAG(s) 'tutorial_taskflow_api' retrieved from /home/airflow/.local/lib/python3.8/site-packages/airflow/example_dags/tutorial_taskflow_api.py
[2025-05-14T00:18:25.831+0000] {logging_mixin.py:188} INFO - [2025-05-14T00:18:25.831+0000] {dag.py:3036} INFO - Sync 1 DAGs
[2025-05-14T00:18:25.848+0000] {logging_mixin.py:188} INFO - [2025-05-14T00:18:25.848+0000] {dag.py:3823} INFO - Setting next_dagrun for tutorial_taskflow_api to None, run_after=None
[2025-05-14T00:18:25.873+0000] {processor.py:183} INFO - Processing /home/airflow/.local/lib/python3.8/site-packages/airflow/example_dags/tutorial_taskflow_api.py took 0.092 seconds
[2025-05-14T00:18:56.138+0000] {processor.py:161} INFO - Started process (PID=1214) to work on /home/airflow/.local/lib/python3.8/site-packages/airflow/example_dags/tutorial_taskflow_api.py
[2025-05-14T00:18:56.139+0000] {processor.py:830} INFO - Processing file /home/airflow/.local/lib/python3.8/site-packages/airflow/example_dags/tutorial_taskflow_api.py for tasks to queue
[2025-05-14T00:18:56.142+0000] {logging_mixin.py:188} INFO - [2025-05-14T00:18:56.141+0000] {dagbag.py:538} INFO - Filling up the DagBag from /home/airflow/.local/lib/python3.8/site-packages/airflow/example_dags/tutorial_taskflow_api.py
[2025-05-14T00:18:56.160+0000] {processor.py:840} INFO - DAG(s) 'tutorial_taskflow_api' retrieved from /home/airflow/.local/lib/python3.8/site-packages/airflow/example_dags/tutorial_taskflow_api.py
[2025-05-14T00:18:56.197+0000] {logging_mixin.py:188} INFO - [2025-05-14T00:18:56.195+0000] {dag.py:3036} INFO - Sync 1 DAGs
[2025-05-14T00:18:56.225+0000] {logging_mixin.py:188} INFO - [2025-05-14T00:18:56.225+0000] {dag.py:3823} INFO - Setting next_dagrun for tutorial_taskflow_api to None, run_after=None
[2025-05-14T00:18:56.276+0000] {processor.py:183} INFO - Processing /home/airflow/.local/lib/python3.8/site-packages/airflow/example_dags/tutorial_taskflow_api.py took 0.141 seconds
[2025-05-14T00:19:26.364+0000] {processor.py:161} INFO - Started process (PID=1269) to work on /home/airflow/.local/lib/python3.8/site-packages/airflow/example_dags/tutorial_taskflow_api.py
[2025-05-14T00:19:26.365+0000] {processor.py:830} INFO - Processing file /home/airflow/.local/lib/python3.8/site-packages/airflow/example_dags/tutorial_taskflow_api.py for tasks to queue
[2025-05-14T00:19:26.368+0000] {logging_mixin.py:188} INFO - [2025-05-14T00:19:26.368+0000] {dagbag.py:538} INFO - Filling up the DagBag from /home/airflow/.local/lib/python3.8/site-packages/airflow/example_dags/tutorial_taskflow_api.py
[2025-05-14T00:19:26.375+0000] {processor.py:840} INFO - DAG(s) 'tutorial_taskflow_api' retrieved from /home/airflow/.local/lib/python3.8/site-packages/airflow/example_dags/tutorial_taskflow_api.py
[2025-05-14T00:19:26.402+0000] {logging_mixin.py:188} INFO - [2025-05-14T00:19:26.402+0000] {dag.py:3036} INFO - Sync 1 DAGs
[2025-05-14T00:19:26.425+0000] {logging_mixin.py:188} INFO - [2025-05-14T00:19:26.425+0000] {dag.py:3823} INFO - Setting next_dagrun for tutorial_taskflow_api to None, run_after=None
[2025-05-14T00:19:26.452+0000] {processor.py:183} INFO - Processing /home/airflow/.local/lib/python3.8/site-packages/airflow/example_dags/tutorial_taskflow_api.py took 0.093 seconds
[2025-05-14T00:19:56.666+0000] {processor.py:161} INFO - Started process (PID=1325) to work on /home/airflow/.local/lib/python3.8/site-packages/airflow/example_dags/tutorial_taskflow_api.py
[2025-05-14T00:19:56.668+0000] {processor.py:830} INFO - Processing file /home/airflow/.local/lib/python3.8/site-packages/airflow/example_dags/tutorial_taskflow_api.py for tasks to queue
[2025-05-14T00:19:56.672+0000] {logging_mixin.py:188} INFO - [2025-05-14T00:19:56.672+0000] {dagbag.py:538} INFO - Filling up the DagBag from /home/airflow/.local/lib/python3.8/site-packages/airflow/example_dags/tutorial_taskflow_api.py
[2025-05-14T00:19:56.684+0000] {processor.py:840} INFO - DAG(s) 'tutorial_taskflow_api' retrieved from /home/airflow/.local/lib/python3.8/site-packages/airflow/example_dags/tutorial_taskflow_api.py
[2025-05-14T00:19:56.724+0000] {logging_mixin.py:188} INFO - [2025-05-14T00:19:56.724+0000] {dag.py:3036} INFO - Sync 1 DAGs
[2025-05-14T00:19:56.742+0000] {logging_mixin.py:188} INFO - [2025-05-14T00:19:56.741+0000] {dag.py:3823} INFO - Setting next_dagrun for tutorial_taskflow_api to None, run_after=None
[2025-05-14T00:19:56.766+0000] {processor.py:183} INFO - Processing /home/airflow/.local/lib/python3.8/site-packages/airflow/example_dags/tutorial_taskflow_api.py took 0.108 seconds
[2025-05-14T00:20:26.870+0000] {processor.py:161} INFO - Started process (PID=1381) to work on /home/airflow/.local/lib/python3.8/site-packages/airflow/example_dags/tutorial_taskflow_api.py
[2025-05-14T00:20:26.872+0000] {processor.py:830} INFO - Processing file /home/airflow/.local/lib/python3.8/site-packages/airflow/example_dags/tutorial_taskflow_api.py for tasks to queue
[2025-05-14T00:20:26.875+0000] {logging_mixin.py:188} INFO - [2025-05-14T00:20:26.875+0000] {dagbag.py:538} INFO - Filling up the DagBag from /home/airflow/.local/lib/python3.8/site-packages/airflow/example_dags/tutorial_taskflow_api.py
[2025-05-14T00:20:26.887+0000] {processor.py:840} INFO - DAG(s) 'tutorial_taskflow_api' retrieved from /home/airflow/.local/lib/python3.8/site-packages/airflow/example_dags/tutorial_taskflow_api.py
[2025-05-14T00:20:26.916+0000] {logging_mixin.py:188} INFO - [2025-05-14T00:20:26.915+0000] {dag.py:3036} INFO - Sync 1 DAGs
[2025-05-14T00:20:26.931+0000] {logging_mixin.py:188} INFO - [2025-05-14T00:20:26.931+0000] {dag.py:3823} INFO - Setting next_dagrun for tutorial_taskflow_api to None, run_after=None
[2025-05-14T00:20:26.965+0000] {processor.py:183} INFO - Processing /home/airflow/.local/lib/python3.8/site-packages/airflow/example_dags/tutorial_taskflow_api.py took 0.100 seconds
[2025-05-14T00:20:57.223+0000] {processor.py:161} INFO - Started process (PID=1437) to work on /home/airflow/.local/lib/python3.8/site-packages/airflow/example_dags/tutorial_taskflow_api.py
[2025-05-14T00:20:57.225+0000] {processor.py:830} INFO - Processing file /home/airflow/.local/lib/python3.8/site-packages/airflow/example_dags/tutorial_taskflow_api.py for tasks to queue
[2025-05-14T00:20:57.228+0000] {logging_mixin.py:188} INFO - [2025-05-14T00:20:57.228+0000] {dagbag.py:538} INFO - Filling up the DagBag from /home/airflow/.local/lib/python3.8/site-packages/airflow/example_dags/tutorial_taskflow_api.py
[2025-05-14T00:20:57.236+0000] {processor.py:840} INFO - DAG(s) 'tutorial_taskflow_api' retrieved from /home/airflow/.local/lib/python3.8/site-packages/airflow/example_dags/tutorial_taskflow_api.py
[2025-05-14T00:20:57.278+0000] {logging_mixin.py:188} INFO - [2025-05-14T00:20:57.277+0000] {dag.py:3036} INFO - Sync 1 DAGs
[2025-05-14T00:20:57.294+0000] {logging_mixin.py:188} INFO - [2025-05-14T00:20:57.294+0000] {dag.py:3823} INFO - Setting next_dagrun for tutorial_taskflow_api to None, run_after=None
[2025-05-14T00:20:57.319+0000] {processor.py:183} INFO - Processing /home/airflow/.local/lib/python3.8/site-packages/airflow/example_dags/tutorial_taskflow_api.py took 0.100 seconds
[2025-05-14T00:21:27.576+0000] {processor.py:161} INFO - Started process (PID=1493) to work on /home/airflow/.local/lib/python3.8/site-packages/airflow/example_dags/tutorial_taskflow_api.py
[2025-05-14T00:21:27.577+0000] {processor.py:830} INFO - Processing file /home/airflow/.local/lib/python3.8/site-packages/airflow/example_dags/tutorial_taskflow_api.py for tasks to queue
[2025-05-14T00:21:27.580+0000] {logging_mixin.py:188} INFO - [2025-05-14T00:21:27.579+0000] {dagbag.py:538} INFO - Filling up the DagBag from /home/airflow/.local/lib/python3.8/site-packages/airflow/example_dags/tutorial_taskflow_api.py
[2025-05-14T00:21:27.588+0000] {processor.py:840} INFO - DAG(s) 'tutorial_taskflow_api' retrieved from /home/airflow/.local/lib/python3.8/site-packages/airflow/example_dags/tutorial_taskflow_api.py
[2025-05-14T00:21:27.615+0000] {logging_mixin.py:188} INFO - [2025-05-14T00:21:27.615+0000] {dag.py:3036} INFO - Sync 1 DAGs
[2025-05-14T00:21:27.635+0000] {logging_mixin.py:188} INFO - [2025-05-14T00:21:27.634+0000] {dag.py:3823} INFO - Setting next_dagrun for tutorial_taskflow_api to None, run_after=None
[2025-05-14T00:21:27.672+0000] {processor.py:183} INFO - Processing /home/airflow/.local/lib/python3.8/site-packages/airflow/example_dags/tutorial_taskflow_api.py took 0.099 seconds
[2025-05-14T00:21:58.217+0000] {processor.py:161} INFO - Started process (PID=1549) to work on /home/airflow/.local/lib/python3.8/site-packages/airflow/example_dags/tutorial_taskflow_api.py
[2025-05-14T00:21:58.219+0000] {processor.py:830} INFO - Processing file /home/airflow/.local/lib/python3.8/site-packages/airflow/example_dags/tutorial_taskflow_api.py for tasks to queue
[2025-05-14T00:21:58.221+0000] {logging_mixin.py:188} INFO - [2025-05-14T00:21:58.221+0000] {dagbag.py:538} INFO - Filling up the DagBag from /home/airflow/.local/lib/python3.8/site-packages/airflow/example_dags/tutorial_taskflow_api.py
[2025-05-14T00:21:58.229+0000] {processor.py:840} INFO - DAG(s) 'tutorial_taskflow_api' retrieved from /home/airflow/.local/lib/python3.8/site-packages/airflow/example_dags/tutorial_taskflow_api.py
[2025-05-14T00:21:58.260+0000] {logging_mixin.py:188} INFO - [2025-05-14T00:21:58.260+0000] {dag.py:3036} INFO - Sync 1 DAGs
[2025-05-14T00:21:58.274+0000] {logging_mixin.py:188} INFO - [2025-05-14T00:21:58.274+0000] {dag.py:3823} INFO - Setting next_dagrun for tutorial_taskflow_api to None, run_after=None
[2025-05-14T00:21:58.304+0000] {processor.py:183} INFO - Processing /home/airflow/.local/lib/python3.8/site-packages/airflow/example_dags/tutorial_taskflow_api.py took 0.090 seconds
[2025-05-14T00:22:28.602+0000] {processor.py:161} INFO - Started process (PID=1604) to work on /home/airflow/.local/lib/python3.8/site-packages/airflow/example_dags/tutorial_taskflow_api.py
[2025-05-14T00:22:28.603+0000] {processor.py:830} INFO - Processing file /home/airflow/.local/lib/python3.8/site-packages/airflow/example_dags/tutorial_taskflow_api.py for tasks to queue
[2025-05-14T00:22:28.605+0000] {logging_mixin.py:188} INFO - [2025-05-14T00:22:28.605+0000] {dagbag.py:538} INFO - Filling up the DagBag from /home/airflow/.local/lib/python3.8/site-packages/airflow/example_dags/tutorial_taskflow_api.py
[2025-05-14T00:22:28.611+0000] {processor.py:840} INFO - DAG(s) 'tutorial_taskflow_api' retrieved from /home/airflow/.local/lib/python3.8/site-packages/airflow/example_dags/tutorial_taskflow_api.py
[2025-05-14T00:22:28.636+0000] {logging_mixin.py:188} INFO - [2025-05-14T00:22:28.636+0000] {dag.py:3036} INFO - Sync 1 DAGs
[2025-05-14T00:22:28.654+0000] {logging_mixin.py:188} INFO - [2025-05-14T00:22:28.654+0000] {dag.py:3823} INFO - Setting next_dagrun for tutorial_taskflow_api to None, run_after=None
[2025-05-14T00:22:28.678+0000] {processor.py:183} INFO - Processing /home/airflow/.local/lib/python3.8/site-packages/airflow/example_dags/tutorial_taskflow_api.py took 0.078 seconds
[2025-05-14T00:22:59.085+0000] {processor.py:161} INFO - Started process (PID=1660) to work on /home/airflow/.local/lib/python3.8/site-packages/airflow/example_dags/tutorial_taskflow_api.py
[2025-05-14T00:22:59.086+0000] {processor.py:830} INFO - Processing file /home/airflow/.local/lib/python3.8/site-packages/airflow/example_dags/tutorial_taskflow_api.py for tasks to queue
[2025-05-14T00:22:59.088+0000] {logging_mixin.py:188} INFO - [2025-05-14T00:22:59.088+0000] {dagbag.py:538} INFO - Filling up the DagBag from /home/airflow/.local/lib/python3.8/site-packages/airflow/example_dags/tutorial_taskflow_api.py
[2025-05-14T00:22:59.099+0000] {processor.py:840} INFO - DAG(s) 'tutorial_taskflow_api' retrieved from /home/airflow/.local/lib/python3.8/site-packages/airflow/example_dags/tutorial_taskflow_api.py
[2025-05-14T00:22:59.127+0000] {logging_mixin.py:188} INFO - [2025-05-14T00:22:59.127+0000] {dag.py:3036} INFO - Sync 1 DAGs
[2025-05-14T00:22:59.142+0000] {logging_mixin.py:188} INFO - [2025-05-14T00:22:59.142+0000] {dag.py:3823} INFO - Setting next_dagrun for tutorial_taskflow_api to None, run_after=None
[2025-05-14T00:22:59.167+0000] {processor.py:183} INFO - Processing /home/airflow/.local/lib/python3.8/site-packages/airflow/example_dags/tutorial_taskflow_api.py took 0.085 seconds
[2025-05-14T00:23:29.939+0000] {processor.py:161} INFO - Started process (PID=1716) to work on /home/airflow/.local/lib/python3.8/site-packages/airflow/example_dags/tutorial_taskflow_api.py
[2025-05-14T00:23:29.941+0000] {processor.py:830} INFO - Processing file /home/airflow/.local/lib/python3.8/site-packages/airflow/example_dags/tutorial_taskflow_api.py for tasks to queue
[2025-05-14T00:23:29.943+0000] {logging_mixin.py:188} INFO - [2025-05-14T00:23:29.942+0000] {dagbag.py:538} INFO - Filling up the DagBag from /home/airflow/.local/lib/python3.8/site-packages/airflow/example_dags/tutorial_taskflow_api.py
[2025-05-14T00:23:29.948+0000] {processor.py:840} INFO - DAG(s) 'tutorial_taskflow_api' retrieved from /home/airflow/.local/lib/python3.8/site-packages/airflow/example_dags/tutorial_taskflow_api.py
[2025-05-14T00:23:29.969+0000] {logging_mixin.py:188} INFO - [2025-05-14T00:23:29.969+0000] {dag.py:3036} INFO - Sync 1 DAGs
[2025-05-14T00:23:29.982+0000] {logging_mixin.py:188} INFO - [2025-05-14T00:23:29.981+0000] {dag.py:3823} INFO - Setting next_dagrun for tutorial_taskflow_api to None, run_after=None
[2025-05-14T00:23:30.004+0000] {processor.py:183} INFO - Processing /home/airflow/.local/lib/python3.8/site-packages/airflow/example_dags/tutorial_taskflow_api.py took 0.067 seconds
