[2025-05-14T00:08:44.091+0000] {processor.py:161} INFO - Started process (PID=105) to work on /home/airflow/.local/lib/python3.8/site-packages/airflow/example_dags/tutorial.py
[2025-05-14T00:08:44.092+0000] {processor.py:830} INFO - Processing file /home/airflow/.local/lib/python3.8/site-packages/airflow/example_dags/tutorial.py for tasks to queue
[2025-05-14T00:08:44.100+0000] {logging_mixin.py:188} INFO - [2025-05-14T00:08:44.100+0000] {dagbag.py:538} INFO - Filling up the DagBag from /home/airflow/.local/lib/python3.8/site-packages/airflow/example_dags/tutorial.py
[2025-05-14T00:08:44.120+0000] {processor.py:840} INFO - DAG(s) 'tutorial' retrieved from /home/airflow/.local/lib/python3.8/site-packages/airflow/example_dags/tutorial.py
[2025-05-14T00:08:44.301+0000] {logging_mixin.py:188} INFO - [2025-05-14T00:08:44.301+0000] {dag.py:3036} INFO - Sync 1 DAGs
[2025-05-14T00:08:44.340+0000] {logging_mixin.py:188} INFO - [2025-05-14T00:08:44.340+0000] {dag.py:3823} INFO - Setting next_dagrun for tutorial to 2025-05-13 00:00:00+00:00, run_after=2025-05-14 00:00:00+00:00
[2025-05-14T00:08:44.481+0000] {processor.py:183} INFO - Processing /home/airflow/.local/lib/python3.8/site-packages/airflow/example_dags/tutorial.py took 0.394 seconds
[2025-05-14T00:09:15.001+0000] {processor.py:161} INFO - Started process (PID=161) to work on /home/airflow/.local/lib/python3.8/site-packages/airflow/example_dags/tutorial.py
[2025-05-14T00:09:15.004+0000] {processor.py:830} INFO - Processing file /home/airflow/.local/lib/python3.8/site-packages/airflow/example_dags/tutorial.py for tasks to queue
[2025-05-14T00:09:15.017+0000] {logging_mixin.py:188} INFO - [2025-05-14T00:09:15.017+0000] {dagbag.py:538} INFO - Filling up the DagBag from /home/airflow/.local/lib/python3.8/site-packages/airflow/example_dags/tutorial.py
[2025-05-14T00:09:15.031+0000] {processor.py:840} INFO - DAG(s) 'tutorial' retrieved from /home/airflow/.local/lib/python3.8/site-packages/airflow/example_dags/tutorial.py
[2025-05-14T00:09:15.065+0000] {logging_mixin.py:188} INFO - [2025-05-14T00:09:15.064+0000] {dag.py:3036} INFO - Sync 1 DAGs
[2025-05-14T00:09:15.095+0000] {logging_mixin.py:188} INFO - [2025-05-14T00:09:15.095+0000] {dag.py:3823} INFO - Setting next_dagrun for tutorial to 2025-05-13 00:00:00+00:00, run_after=2025-05-14 00:00:00+00:00
[2025-05-14T00:09:15.126+0000] {processor.py:183} INFO - Processing /home/airflow/.local/lib/python3.8/site-packages/airflow/example_dags/tutorial.py took 0.132 seconds
[2025-05-14T00:09:45.879+0000] {processor.py:161} INFO - Started process (PID=217) to work on /home/airflow/.local/lib/python3.8/site-packages/airflow/example_dags/tutorial.py
[2025-05-14T00:09:45.880+0000] {processor.py:830} INFO - Processing file /home/airflow/.local/lib/python3.8/site-packages/airflow/example_dags/tutorial.py for tasks to queue
[2025-05-14T00:09:45.883+0000] {logging_mixin.py:188} INFO - [2025-05-14T00:09:45.882+0000] {dagbag.py:538} INFO - Filling up the DagBag from /home/airflow/.local/lib/python3.8/site-packages/airflow/example_dags/tutorial.py
[2025-05-14T00:09:45.891+0000] {processor.py:840} INFO - DAG(s) 'tutorial' retrieved from /home/airflow/.local/lib/python3.8/site-packages/airflow/example_dags/tutorial.py
[2025-05-14T00:09:45.917+0000] {logging_mixin.py:188} INFO - [2025-05-14T00:09:45.917+0000] {dag.py:3036} INFO - Sync 1 DAGs
[2025-05-14T00:09:45.958+0000] {logging_mixin.py:188} INFO - [2025-05-14T00:09:45.957+0000] {dag.py:3823} INFO - Setting next_dagrun for tutorial to 2025-05-13 00:00:00+00:00, run_after=2025-05-14 00:00:00+00:00
[2025-05-14T00:09:45.986+0000] {processor.py:183} INFO - Processing /home/airflow/.local/lib/python3.8/site-packages/airflow/example_dags/tutorial.py took 0.111 seconds
[2025-05-14T00:10:18.659+0000] {processor.py:161} INFO - Started process (PID=273) to work on /home/airflow/.local/lib/python3.8/site-packages/airflow/example_dags/tutorial.py
[2025-05-14T00:10:18.661+0000] {processor.py:830} INFO - Processing file /home/airflow/.local/lib/python3.8/site-packages/airflow/example_dags/tutorial.py for tasks to queue
[2025-05-14T00:10:18.664+0000] {logging_mixin.py:188} INFO - [2025-05-14T00:10:18.664+0000] {dagbag.py:538} INFO - Filling up the DagBag from /home/airflow/.local/lib/python3.8/site-packages/airflow/example_dags/tutorial.py
[2025-05-14T00:10:18.671+0000] {processor.py:840} INFO - DAG(s) 'tutorial' retrieved from /home/airflow/.local/lib/python3.8/site-packages/airflow/example_dags/tutorial.py
[2025-05-14T00:10:18.698+0000] {logging_mixin.py:188} INFO - [2025-05-14T00:10:18.698+0000] {dag.py:3036} INFO - Sync 1 DAGs
[2025-05-14T00:10:18.732+0000] {logging_mixin.py:188} INFO - [2025-05-14T00:10:18.732+0000] {dag.py:3823} INFO - Setting next_dagrun for tutorial to 2025-05-13 00:00:00+00:00, run_after=2025-05-14 00:00:00+00:00
[2025-05-14T00:10:18.783+0000] {processor.py:183} INFO - Processing /home/airflow/.local/lib/python3.8/site-packages/airflow/example_dags/tutorial.py took 0.127 seconds
[2025-05-14T00:10:49.754+0000] {processor.py:161} INFO - Started process (PID=329) to work on /home/airflow/.local/lib/python3.8/site-packages/airflow/example_dags/tutorial.py
[2025-05-14T00:10:49.756+0000] {processor.py:830} INFO - Processing file /home/airflow/.local/lib/python3.8/site-packages/airflow/example_dags/tutorial.py for tasks to queue
[2025-05-14T00:10:49.760+0000] {logging_mixin.py:188} INFO - [2025-05-14T00:10:49.759+0000] {dagbag.py:538} INFO - Filling up the DagBag from /home/airflow/.local/lib/python3.8/site-packages/airflow/example_dags/tutorial.py
[2025-05-14T00:10:49.767+0000] {processor.py:840} INFO - DAG(s) 'tutorial' retrieved from /home/airflow/.local/lib/python3.8/site-packages/airflow/example_dags/tutorial.py
[2025-05-14T00:10:49.822+0000] {logging_mixin.py:188} INFO - [2025-05-14T00:10:49.821+0000] {dag.py:3036} INFO - Sync 1 DAGs
[2025-05-14T00:10:49.863+0000] {logging_mixin.py:188} INFO - [2025-05-14T00:10:49.862+0000] {dag.py:3823} INFO - Setting next_dagrun for tutorial to 2025-05-13 00:00:00+00:00, run_after=2025-05-14 00:00:00+00:00
[2025-05-14T00:10:49.897+0000] {processor.py:183} INFO - Processing /home/airflow/.local/lib/python3.8/site-packages/airflow/example_dags/tutorial.py took 0.147 seconds
[2025-05-14T00:11:20.667+0000] {processor.py:161} INFO - Started process (PID=385) to work on /home/airflow/.local/lib/python3.8/site-packages/airflow/example_dags/tutorial.py
[2025-05-14T00:11:20.669+0000] {processor.py:830} INFO - Processing file /home/airflow/.local/lib/python3.8/site-packages/airflow/example_dags/tutorial.py for tasks to queue
[2025-05-14T00:11:20.672+0000] {logging_mixin.py:188} INFO - [2025-05-14T00:11:20.671+0000] {dagbag.py:538} INFO - Filling up the DagBag from /home/airflow/.local/lib/python3.8/site-packages/airflow/example_dags/tutorial.py
[2025-05-14T00:11:20.696+0000] {processor.py:840} INFO - DAG(s) 'tutorial' retrieved from /home/airflow/.local/lib/python3.8/site-packages/airflow/example_dags/tutorial.py
[2025-05-14T00:11:20.749+0000] {logging_mixin.py:188} INFO - [2025-05-14T00:11:20.748+0000] {dag.py:3036} INFO - Sync 1 DAGs
[2025-05-14T00:11:20.797+0000] {logging_mixin.py:188} INFO - [2025-05-14T00:11:20.797+0000] {dag.py:3823} INFO - Setting next_dagrun for tutorial to 2025-05-13 00:00:00+00:00, run_after=2025-05-14 00:00:00+00:00
[2025-05-14T00:11:20.837+0000] {processor.py:183} INFO - Processing /home/airflow/.local/lib/python3.8/site-packages/airflow/example_dags/tutorial.py took 0.173 seconds
[2025-05-14T00:11:51.481+0000] {processor.py:161} INFO - Started process (PID=441) to work on /home/airflow/.local/lib/python3.8/site-packages/airflow/example_dags/tutorial.py
[2025-05-14T00:11:51.482+0000] {processor.py:830} INFO - Processing file /home/airflow/.local/lib/python3.8/site-packages/airflow/example_dags/tutorial.py for tasks to queue
[2025-05-14T00:11:51.484+0000] {logging_mixin.py:188} INFO - [2025-05-14T00:11:51.484+0000] {dagbag.py:538} INFO - Filling up the DagBag from /home/airflow/.local/lib/python3.8/site-packages/airflow/example_dags/tutorial.py
[2025-05-14T00:11:51.490+0000] {processor.py:840} INFO - DAG(s) 'tutorial' retrieved from /home/airflow/.local/lib/python3.8/site-packages/airflow/example_dags/tutorial.py
[2025-05-14T00:11:51.513+0000] {logging_mixin.py:188} INFO - [2025-05-14T00:11:51.513+0000] {dag.py:3036} INFO - Sync 1 DAGs
[2025-05-14T00:11:51.539+0000] {logging_mixin.py:188} INFO - [2025-05-14T00:11:51.539+0000] {dag.py:3823} INFO - Setting next_dagrun for tutorial to 2025-05-13 00:00:00+00:00, run_after=2025-05-14 00:00:00+00:00
[2025-05-14T00:11:51.561+0000] {processor.py:183} INFO - Processing /home/airflow/.local/lib/python3.8/site-packages/airflow/example_dags/tutorial.py took 0.083 seconds
[2025-05-14T00:12:21.666+0000] {processor.py:161} INFO - Started process (PID=497) to work on /home/airflow/.local/lib/python3.8/site-packages/airflow/example_dags/tutorial.py
[2025-05-14T00:12:21.668+0000] {processor.py:830} INFO - Processing file /home/airflow/.local/lib/python3.8/site-packages/airflow/example_dags/tutorial.py for tasks to queue
[2025-05-14T00:12:21.671+0000] {logging_mixin.py:188} INFO - [2025-05-14T00:12:21.671+0000] {dagbag.py:538} INFO - Filling up the DagBag from /home/airflow/.local/lib/python3.8/site-packages/airflow/example_dags/tutorial.py
[2025-05-14T00:12:21.679+0000] {processor.py:840} INFO - DAG(s) 'tutorial' retrieved from /home/airflow/.local/lib/python3.8/site-packages/airflow/example_dags/tutorial.py
[2025-05-14T00:12:21.720+0000] {logging_mixin.py:188} INFO - [2025-05-14T00:12:21.719+0000] {dag.py:3036} INFO - Sync 1 DAGs
[2025-05-14T00:12:21.748+0000] {logging_mixin.py:188} INFO - [2025-05-14T00:12:21.747+0000] {dag.py:3823} INFO - Setting next_dagrun for tutorial to 2025-05-13 00:00:00+00:00, run_after=2025-05-14 00:00:00+00:00
[2025-05-14T00:12:21.774+0000] {processor.py:183} INFO - Processing /home/airflow/.local/lib/python3.8/site-packages/airflow/example_dags/tutorial.py took 0.112 seconds
[2025-05-14T00:12:51.883+0000] {processor.py:161} INFO - Started process (PID=553) to work on /home/airflow/.local/lib/python3.8/site-packages/airflow/example_dags/tutorial.py
[2025-05-14T00:12:51.901+0000] {processor.py:830} INFO - Processing file /home/airflow/.local/lib/python3.8/site-packages/airflow/example_dags/tutorial.py for tasks to queue
[2025-05-14T00:12:51.905+0000] {logging_mixin.py:188} INFO - [2025-05-14T00:12:51.904+0000] {dagbag.py:538} INFO - Filling up the DagBag from /home/airflow/.local/lib/python3.8/site-packages/airflow/example_dags/tutorial.py
[2025-05-14T00:12:51.911+0000] {processor.py:840} INFO - DAG(s) 'tutorial' retrieved from /home/airflow/.local/lib/python3.8/site-packages/airflow/example_dags/tutorial.py
[2025-05-14T00:12:52.040+0000] {logging_mixin.py:188} INFO - [2025-05-14T00:12:52.040+0000] {dag.py:3036} INFO - Sync 1 DAGs
[2025-05-14T00:12:52.067+0000] {logging_mixin.py:188} INFO - [2025-05-14T00:12:52.067+0000] {dag.py:3823} INFO - Setting next_dagrun for tutorial to 2025-05-13 00:00:00+00:00, run_after=2025-05-14 00:00:00+00:00
[2025-05-14T00:12:52.106+0000] {processor.py:183} INFO - Processing /home/airflow/.local/lib/python3.8/site-packages/airflow/example_dags/tutorial.py took 0.226 seconds
[2025-05-14T00:13:22.477+0000] {processor.py:161} INFO - Started process (PID=609) to work on /home/airflow/.local/lib/python3.8/site-packages/airflow/example_dags/tutorial.py
[2025-05-14T00:13:22.479+0000] {processor.py:830} INFO - Processing file /home/airflow/.local/lib/python3.8/site-packages/airflow/example_dags/tutorial.py for tasks to queue
[2025-05-14T00:13:22.481+0000] {logging_mixin.py:188} INFO - [2025-05-14T00:13:22.481+0000] {dagbag.py:538} INFO - Filling up the DagBag from /home/airflow/.local/lib/python3.8/site-packages/airflow/example_dags/tutorial.py
[2025-05-14T00:13:22.490+0000] {processor.py:840} INFO - DAG(s) 'tutorial' retrieved from /home/airflow/.local/lib/python3.8/site-packages/airflow/example_dags/tutorial.py
[2025-05-14T00:13:22.525+0000] {logging_mixin.py:188} INFO - [2025-05-14T00:13:22.525+0000] {dag.py:3036} INFO - Sync 1 DAGs
[2025-05-14T00:13:22.555+0000] {logging_mixin.py:188} INFO - [2025-05-14T00:13:22.555+0000] {dag.py:3823} INFO - Setting next_dagrun for tutorial to 2025-05-13 00:00:00+00:00, run_after=2025-05-14 00:00:00+00:00
[2025-05-14T00:13:22.588+0000] {processor.py:183} INFO - Processing /home/airflow/.local/lib/python3.8/site-packages/airflow/example_dags/tutorial.py took 0.114 seconds
[2025-05-14T00:13:52.855+0000] {processor.py:161} INFO - Started process (PID=665) to work on /home/airflow/.local/lib/python3.8/site-packages/airflow/example_dags/tutorial.py
[2025-05-14T00:13:52.857+0000] {processor.py:830} INFO - Processing file /home/airflow/.local/lib/python3.8/site-packages/airflow/example_dags/tutorial.py for tasks to queue
[2025-05-14T00:13:52.859+0000] {logging_mixin.py:188} INFO - [2025-05-14T00:13:52.858+0000] {dagbag.py:538} INFO - Filling up the DagBag from /home/airflow/.local/lib/python3.8/site-packages/airflow/example_dags/tutorial.py
[2025-05-14T00:13:52.865+0000] {processor.py:840} INFO - DAG(s) 'tutorial' retrieved from /home/airflow/.local/lib/python3.8/site-packages/airflow/example_dags/tutorial.py
[2025-05-14T00:13:52.887+0000] {logging_mixin.py:188} INFO - [2025-05-14T00:13:52.886+0000] {dag.py:3036} INFO - Sync 1 DAGs
[2025-05-14T00:13:52.912+0000] {logging_mixin.py:188} INFO - [2025-05-14T00:13:52.912+0000] {dag.py:3823} INFO - Setting next_dagrun for tutorial to 2025-05-13 00:00:00+00:00, run_after=2025-05-14 00:00:00+00:00
[2025-05-14T00:13:52.939+0000] {processor.py:183} INFO - Processing /home/airflow/.local/lib/python3.8/site-packages/airflow/example_dags/tutorial.py took 0.088 seconds
[2025-05-14T00:14:23.490+0000] {processor.py:161} INFO - Started process (PID=721) to work on /home/airflow/.local/lib/python3.8/site-packages/airflow/example_dags/tutorial.py
[2025-05-14T00:14:23.491+0000] {processor.py:830} INFO - Processing file /home/airflow/.local/lib/python3.8/site-packages/airflow/example_dags/tutorial.py for tasks to queue
[2025-05-14T00:14:23.493+0000] {logging_mixin.py:188} INFO - [2025-05-14T00:14:23.493+0000] {dagbag.py:538} INFO - Filling up the DagBag from /home/airflow/.local/lib/python3.8/site-packages/airflow/example_dags/tutorial.py
[2025-05-14T00:14:23.500+0000] {processor.py:840} INFO - DAG(s) 'tutorial' retrieved from /home/airflow/.local/lib/python3.8/site-packages/airflow/example_dags/tutorial.py
[2025-05-14T00:14:23.531+0000] {logging_mixin.py:188} INFO - [2025-05-14T00:14:23.530+0000] {dag.py:3036} INFO - Sync 1 DAGs
[2025-05-14T00:14:23.556+0000] {logging_mixin.py:188} INFO - [2025-05-14T00:14:23.556+0000] {dag.py:3823} INFO - Setting next_dagrun for tutorial to 2025-05-13 00:00:00+00:00, run_after=2025-05-14 00:00:00+00:00
[2025-05-14T00:14:23.582+0000] {processor.py:183} INFO - Processing /home/airflow/.local/lib/python3.8/site-packages/airflow/example_dags/tutorial.py took 0.099 seconds
[2025-05-14T00:14:54.036+0000] {processor.py:161} INFO - Started process (PID=777) to work on /home/airflow/.local/lib/python3.8/site-packages/airflow/example_dags/tutorial.py
[2025-05-14T00:14:54.038+0000] {processor.py:830} INFO - Processing file /home/airflow/.local/lib/python3.8/site-packages/airflow/example_dags/tutorial.py for tasks to queue
[2025-05-14T00:14:54.041+0000] {logging_mixin.py:188} INFO - [2025-05-14T00:14:54.040+0000] {dagbag.py:538} INFO - Filling up the DagBag from /home/airflow/.local/lib/python3.8/site-packages/airflow/example_dags/tutorial.py
[2025-05-14T00:14:54.049+0000] {processor.py:840} INFO - DAG(s) 'tutorial' retrieved from /home/airflow/.local/lib/python3.8/site-packages/airflow/example_dags/tutorial.py
[2025-05-14T00:14:54.080+0000] {logging_mixin.py:188} INFO - [2025-05-14T00:14:54.080+0000] {dag.py:3036} INFO - Sync 1 DAGs
[2025-05-14T00:14:54.113+0000] {logging_mixin.py:188} INFO - [2025-05-14T00:14:54.113+0000] {dag.py:3823} INFO - Setting next_dagrun for tutorial to 2025-05-13 00:00:00+00:00, run_after=2025-05-14 00:00:00+00:00
[2025-05-14T00:14:54.144+0000] {processor.py:183} INFO - Processing /home/airflow/.local/lib/python3.8/site-packages/airflow/example_dags/tutorial.py took 0.113 seconds
[2025-05-14T00:15:24.338+0000] {processor.py:161} INFO - Started process (PID=833) to work on /home/airflow/.local/lib/python3.8/site-packages/airflow/example_dags/tutorial.py
[2025-05-14T00:15:24.340+0000] {processor.py:830} INFO - Processing file /home/airflow/.local/lib/python3.8/site-packages/airflow/example_dags/tutorial.py for tasks to queue
[2025-05-14T00:15:24.343+0000] {logging_mixin.py:188} INFO - [2025-05-14T00:15:24.342+0000] {dagbag.py:538} INFO - Filling up the DagBag from /home/airflow/.local/lib/python3.8/site-packages/airflow/example_dags/tutorial.py
[2025-05-14T00:15:24.350+0000] {processor.py:840} INFO - DAG(s) 'tutorial' retrieved from /home/airflow/.local/lib/python3.8/site-packages/airflow/example_dags/tutorial.py
[2025-05-14T00:15:24.388+0000] {logging_mixin.py:188} INFO - [2025-05-14T00:15:24.387+0000] {dag.py:3036} INFO - Sync 1 DAGs
[2025-05-14T00:15:24.420+0000] {logging_mixin.py:188} INFO - [2025-05-14T00:15:24.420+0000] {dag.py:3823} INFO - Setting next_dagrun for tutorial to 2025-05-13 00:00:00+00:00, run_after=2025-05-14 00:00:00+00:00
[2025-05-14T00:15:24.459+0000] {processor.py:183} INFO - Processing /home/airflow/.local/lib/python3.8/site-packages/airflow/example_dags/tutorial.py took 0.126 seconds
[2025-05-14T00:15:54.559+0000] {processor.py:161} INFO - Started process (PID=888) to work on /home/airflow/.local/lib/python3.8/site-packages/airflow/example_dags/tutorial.py
[2025-05-14T00:15:54.560+0000] {processor.py:830} INFO - Processing file /home/airflow/.local/lib/python3.8/site-packages/airflow/example_dags/tutorial.py for tasks to queue
[2025-05-14T00:15:54.562+0000] {logging_mixin.py:188} INFO - [2025-05-14T00:15:54.562+0000] {dagbag.py:538} INFO - Filling up the DagBag from /home/airflow/.local/lib/python3.8/site-packages/airflow/example_dags/tutorial.py
[2025-05-14T00:15:54.568+0000] {processor.py:840} INFO - DAG(s) 'tutorial' retrieved from /home/airflow/.local/lib/python3.8/site-packages/airflow/example_dags/tutorial.py
[2025-05-14T00:15:54.592+0000] {logging_mixin.py:188} INFO - [2025-05-14T00:15:54.592+0000] {dag.py:3036} INFO - Sync 1 DAGs
[2025-05-14T00:15:54.619+0000] {logging_mixin.py:188} INFO - [2025-05-14T00:15:54.619+0000] {dag.py:3823} INFO - Setting next_dagrun for tutorial to 2025-05-13 00:00:00+00:00, run_after=2025-05-14 00:00:00+00:00
[2025-05-14T00:15:54.642+0000] {processor.py:183} INFO - Processing /home/airflow/.local/lib/python3.8/site-packages/airflow/example_dags/tutorial.py took 0.087 seconds
[2025-05-14T00:16:24.905+0000] {processor.py:161} INFO - Started process (PID=942) to work on /home/airflow/.local/lib/python3.8/site-packages/airflow/example_dags/tutorial.py
[2025-05-14T00:16:24.907+0000] {processor.py:830} INFO - Processing file /home/airflow/.local/lib/python3.8/site-packages/airflow/example_dags/tutorial.py for tasks to queue
[2025-05-14T00:16:24.915+0000] {logging_mixin.py:188} INFO - [2025-05-14T00:16:24.911+0000] {dagbag.py:538} INFO - Filling up the DagBag from /home/airflow/.local/lib/python3.8/site-packages/airflow/example_dags/tutorial.py
[2025-05-14T00:16:24.924+0000] {processor.py:840} INFO - DAG(s) 'tutorial' retrieved from /home/airflow/.local/lib/python3.8/site-packages/airflow/example_dags/tutorial.py
[2025-05-14T00:16:24.964+0000] {logging_mixin.py:188} INFO - [2025-05-14T00:16:24.963+0000] {dag.py:3036} INFO - Sync 1 DAGs
[2025-05-14T00:16:25.013+0000] {logging_mixin.py:188} INFO - [2025-05-14T00:16:25.013+0000] {dag.py:3823} INFO - Setting next_dagrun for tutorial to 2025-05-13 00:00:00+00:00, run_after=2025-05-14 00:00:00+00:00
[2025-05-14T00:16:25.055+0000] {processor.py:183} INFO - Processing /home/airflow/.local/lib/python3.8/site-packages/airflow/example_dags/tutorial.py took 0.153 seconds
[2025-05-14T00:16:55.886+0000] {processor.py:161} INFO - Started process (PID=998) to work on /home/airflow/.local/lib/python3.8/site-packages/airflow/example_dags/tutorial.py
[2025-05-14T00:16:55.888+0000] {processor.py:830} INFO - Processing file /home/airflow/.local/lib/python3.8/site-packages/airflow/example_dags/tutorial.py for tasks to queue
[2025-05-14T00:16:55.890+0000] {logging_mixin.py:188} INFO - [2025-05-14T00:16:55.890+0000] {dagbag.py:538} INFO - Filling up the DagBag from /home/airflow/.local/lib/python3.8/site-packages/airflow/example_dags/tutorial.py
[2025-05-14T00:16:55.898+0000] {processor.py:840} INFO - DAG(s) 'tutorial' retrieved from /home/airflow/.local/lib/python3.8/site-packages/airflow/example_dags/tutorial.py
[2025-05-14T00:16:55.927+0000] {logging_mixin.py:188} INFO - [2025-05-14T00:16:55.927+0000] {dag.py:3036} INFO - Sync 1 DAGs
[2025-05-14T00:16:55.955+0000] {logging_mixin.py:188} INFO - [2025-05-14T00:16:55.955+0000] {dag.py:3823} INFO - Setting next_dagrun for tutorial to 2025-05-13 00:00:00+00:00, run_after=2025-05-14 00:00:00+00:00
[2025-05-14T00:16:55.989+0000] {processor.py:183} INFO - Processing /home/airflow/.local/lib/python3.8/site-packages/airflow/example_dags/tutorial.py took 0.106 seconds
[2025-05-14T00:17:26.719+0000] {processor.py:161} INFO - Started process (PID=1055) to work on /home/airflow/.local/lib/python3.8/site-packages/airflow/example_dags/tutorial.py
[2025-05-14T00:17:26.721+0000] {processor.py:830} INFO - Processing file /home/airflow/.local/lib/python3.8/site-packages/airflow/example_dags/tutorial.py for tasks to queue
[2025-05-14T00:17:26.723+0000] {logging_mixin.py:188} INFO - [2025-05-14T00:17:26.723+0000] {dagbag.py:538} INFO - Filling up the DagBag from /home/airflow/.local/lib/python3.8/site-packages/airflow/example_dags/tutorial.py
[2025-05-14T00:17:26.733+0000] {processor.py:840} INFO - DAG(s) 'tutorial' retrieved from /home/airflow/.local/lib/python3.8/site-packages/airflow/example_dags/tutorial.py
[2025-05-14T00:17:26.765+0000] {logging_mixin.py:188} INFO - [2025-05-14T00:17:26.764+0000] {dag.py:3036} INFO - Sync 1 DAGs
[2025-05-14T00:17:26.802+0000] {logging_mixin.py:188} INFO - [2025-05-14T00:17:26.801+0000] {dag.py:3823} INFO - Setting next_dagrun for tutorial to 2025-05-13 00:00:00+00:00, run_after=2025-05-14 00:00:00+00:00
[2025-05-14T00:17:26.830+0000] {processor.py:183} INFO - Processing /home/airflow/.local/lib/python3.8/site-packages/airflow/example_dags/tutorial.py took 0.115 seconds
[2025-05-14T00:17:56.910+0000] {processor.py:161} INFO - Started process (PID=1111) to work on /home/airflow/.local/lib/python3.8/site-packages/airflow/example_dags/tutorial.py
[2025-05-14T00:17:56.911+0000] {processor.py:830} INFO - Processing file /home/airflow/.local/lib/python3.8/site-packages/airflow/example_dags/tutorial.py for tasks to queue
[2025-05-14T00:17:56.913+0000] {logging_mixin.py:188} INFO - [2025-05-14T00:17:56.912+0000] {dagbag.py:538} INFO - Filling up the DagBag from /home/airflow/.local/lib/python3.8/site-packages/airflow/example_dags/tutorial.py
[2025-05-14T00:17:56.919+0000] {processor.py:840} INFO - DAG(s) 'tutorial' retrieved from /home/airflow/.local/lib/python3.8/site-packages/airflow/example_dags/tutorial.py
[2025-05-14T00:17:56.960+0000] {logging_mixin.py:188} INFO - [2025-05-14T00:17:56.960+0000] {dag.py:3036} INFO - Sync 1 DAGs
[2025-05-14T00:17:56.988+0000] {logging_mixin.py:188} INFO - [2025-05-14T00:17:56.988+0000] {dag.py:3823} INFO - Setting next_dagrun for tutorial to 2025-05-13 00:00:00+00:00, run_after=2025-05-14 00:00:00+00:00
[2025-05-14T00:17:57.016+0000] {processor.py:183} INFO - Processing /home/airflow/.local/lib/python3.8/site-packages/airflow/example_dags/tutorial.py took 0.109 seconds
[2025-05-14T00:18:27.383+0000] {processor.py:161} INFO - Started process (PID=1168) to work on /home/airflow/.local/lib/python3.8/site-packages/airflow/example_dags/tutorial.py
[2025-05-14T00:18:27.385+0000] {processor.py:830} INFO - Processing file /home/airflow/.local/lib/python3.8/site-packages/airflow/example_dags/tutorial.py for tasks to queue
[2025-05-14T00:18:27.387+0000] {logging_mixin.py:188} INFO - [2025-05-14T00:18:27.387+0000] {dagbag.py:538} INFO - Filling up the DagBag from /home/airflow/.local/lib/python3.8/site-packages/airflow/example_dags/tutorial.py
[2025-05-14T00:18:27.394+0000] {processor.py:840} INFO - DAG(s) 'tutorial' retrieved from /home/airflow/.local/lib/python3.8/site-packages/airflow/example_dags/tutorial.py
[2025-05-14T00:18:27.424+0000] {logging_mixin.py:188} INFO - [2025-05-14T00:18:27.424+0000] {dag.py:3036} INFO - Sync 1 DAGs
[2025-05-14T00:18:27.449+0000] {logging_mixin.py:188} INFO - [2025-05-14T00:18:27.449+0000] {dag.py:3823} INFO - Setting next_dagrun for tutorial to 2025-05-13 00:00:00+00:00, run_after=2025-05-14 00:00:00+00:00
[2025-05-14T00:18:27.474+0000] {processor.py:183} INFO - Processing /home/airflow/.local/lib/python3.8/site-packages/airflow/example_dags/tutorial.py took 0.096 seconds
[2025-05-14T00:18:57.629+0000] {processor.py:161} INFO - Started process (PID=1224) to work on /home/airflow/.local/lib/python3.8/site-packages/airflow/example_dags/tutorial.py
[2025-05-14T00:18:57.631+0000] {processor.py:830} INFO - Processing file /home/airflow/.local/lib/python3.8/site-packages/airflow/example_dags/tutorial.py for tasks to queue
[2025-05-14T00:18:57.633+0000] {logging_mixin.py:188} INFO - [2025-05-14T00:18:57.632+0000] {dagbag.py:538} INFO - Filling up the DagBag from /home/airflow/.local/lib/python3.8/site-packages/airflow/example_dags/tutorial.py
[2025-05-14T00:18:57.640+0000] {processor.py:840} INFO - DAG(s) 'tutorial' retrieved from /home/airflow/.local/lib/python3.8/site-packages/airflow/example_dags/tutorial.py
[2025-05-14T00:18:57.667+0000] {logging_mixin.py:188} INFO - [2025-05-14T00:18:57.666+0000] {dag.py:3036} INFO - Sync 1 DAGs
[2025-05-14T00:18:57.701+0000] {logging_mixin.py:188} INFO - [2025-05-14T00:18:57.699+0000] {dag.py:3823} INFO - Setting next_dagrun for tutorial to 2025-05-13 00:00:00+00:00, run_after=2025-05-14 00:00:00+00:00
[2025-05-14T00:18:57.737+0000] {processor.py:183} INFO - Processing /home/airflow/.local/lib/python3.8/site-packages/airflow/example_dags/tutorial.py took 0.111 seconds
[2025-05-14T00:19:28.445+0000] {processor.py:161} INFO - Started process (PID=1280) to work on /home/airflow/.local/lib/python3.8/site-packages/airflow/example_dags/tutorial.py
[2025-05-14T00:19:28.447+0000] {processor.py:830} INFO - Processing file /home/airflow/.local/lib/python3.8/site-packages/airflow/example_dags/tutorial.py for tasks to queue
[2025-05-14T00:19:28.449+0000] {logging_mixin.py:188} INFO - [2025-05-14T00:19:28.449+0000] {dagbag.py:538} INFO - Filling up the DagBag from /home/airflow/.local/lib/python3.8/site-packages/airflow/example_dags/tutorial.py
[2025-05-14T00:19:28.458+0000] {processor.py:840} INFO - DAG(s) 'tutorial' retrieved from /home/airflow/.local/lib/python3.8/site-packages/airflow/example_dags/tutorial.py
[2025-05-14T00:19:28.483+0000] {logging_mixin.py:188} INFO - [2025-05-14T00:19:28.483+0000] {dag.py:3036} INFO - Sync 1 DAGs
[2025-05-14T00:19:28.509+0000] {logging_mixin.py:188} INFO - [2025-05-14T00:19:28.509+0000] {dag.py:3823} INFO - Setting next_dagrun for tutorial to 2025-05-13 00:00:00+00:00, run_after=2025-05-14 00:00:00+00:00
[2025-05-14T00:19:28.545+0000] {processor.py:183} INFO - Processing /home/airflow/.local/lib/python3.8/site-packages/airflow/example_dags/tutorial.py took 0.103 seconds
[2025-05-14T00:19:58.971+0000] {processor.py:161} INFO - Started process (PID=1336) to work on /home/airflow/.local/lib/python3.8/site-packages/airflow/example_dags/tutorial.py
[2025-05-14T00:19:58.972+0000] {processor.py:830} INFO - Processing file /home/airflow/.local/lib/python3.8/site-packages/airflow/example_dags/tutorial.py for tasks to queue
[2025-05-14T00:19:58.981+0000] {logging_mixin.py:188} INFO - [2025-05-14T00:19:58.977+0000] {dagbag.py:538} INFO - Filling up the DagBag from /home/airflow/.local/lib/python3.8/site-packages/airflow/example_dags/tutorial.py
[2025-05-14T00:19:58.988+0000] {processor.py:840} INFO - DAG(s) 'tutorial' retrieved from /home/airflow/.local/lib/python3.8/site-packages/airflow/example_dags/tutorial.py
[2025-05-14T00:19:59.024+0000] {logging_mixin.py:188} INFO - [2025-05-14T00:19:59.023+0000] {dag.py:3036} INFO - Sync 1 DAGs
[2025-05-14T00:19:59.066+0000] {logging_mixin.py:188} INFO - [2025-05-14T00:19:59.066+0000] {dag.py:3823} INFO - Setting next_dagrun for tutorial to 2025-05-13 00:00:00+00:00, run_after=2025-05-14 00:00:00+00:00
[2025-05-14T00:19:59.111+0000] {processor.py:183} INFO - Processing /home/airflow/.local/lib/python3.8/site-packages/airflow/example_dags/tutorial.py took 0.143 seconds
[2025-05-14T00:20:29.908+0000] {processor.py:161} INFO - Started process (PID=1392) to work on /home/airflow/.local/lib/python3.8/site-packages/airflow/example_dags/tutorial.py
[2025-05-14T00:20:29.911+0000] {processor.py:830} INFO - Processing file /home/airflow/.local/lib/python3.8/site-packages/airflow/example_dags/tutorial.py for tasks to queue
[2025-05-14T00:20:29.913+0000] {logging_mixin.py:188} INFO - [2025-05-14T00:20:29.913+0000] {dagbag.py:538} INFO - Filling up the DagBag from /home/airflow/.local/lib/python3.8/site-packages/airflow/example_dags/tutorial.py
[2025-05-14T00:20:29.921+0000] {processor.py:840} INFO - DAG(s) 'tutorial' retrieved from /home/airflow/.local/lib/python3.8/site-packages/airflow/example_dags/tutorial.py
[2025-05-14T00:20:29.949+0000] {logging_mixin.py:188} INFO - [2025-05-14T00:20:29.949+0000] {dag.py:3036} INFO - Sync 1 DAGs
[2025-05-14T00:20:29.979+0000] {logging_mixin.py:188} INFO - [2025-05-14T00:20:29.978+0000] {dag.py:3823} INFO - Setting next_dagrun for tutorial to 2025-05-13 00:00:00+00:00, run_after=2025-05-14 00:00:00+00:00
[2025-05-14T00:20:30.007+0000] {processor.py:183} INFO - Processing /home/airflow/.local/lib/python3.8/site-packages/airflow/example_dags/tutorial.py took 0.103 seconds
[2025-05-14T00:21:00.255+0000] {processor.py:161} INFO - Started process (PID=1448) to work on /home/airflow/.local/lib/python3.8/site-packages/airflow/example_dags/tutorial.py
[2025-05-14T00:21:00.256+0000] {processor.py:830} INFO - Processing file /home/airflow/.local/lib/python3.8/site-packages/airflow/example_dags/tutorial.py for tasks to queue
[2025-05-14T00:21:00.259+0000] {logging_mixin.py:188} INFO - [2025-05-14T00:21:00.258+0000] {dagbag.py:538} INFO - Filling up the DagBag from /home/airflow/.local/lib/python3.8/site-packages/airflow/example_dags/tutorial.py
[2025-05-14T00:21:00.264+0000] {processor.py:840} INFO - DAG(s) 'tutorial' retrieved from /home/airflow/.local/lib/python3.8/site-packages/airflow/example_dags/tutorial.py
[2025-05-14T00:21:00.286+0000] {logging_mixin.py:188} INFO - [2025-05-14T00:21:00.286+0000] {dag.py:3036} INFO - Sync 1 DAGs
[2025-05-14T00:21:00.310+0000] {logging_mixin.py:188} INFO - [2025-05-14T00:21:00.310+0000] {dag.py:3823} INFO - Setting next_dagrun for tutorial to 2025-05-13 00:00:00+00:00, run_after=2025-05-14 00:00:00+00:00
[2025-05-14T00:21:00.339+0000] {processor.py:183} INFO - Processing /home/airflow/.local/lib/python3.8/site-packages/airflow/example_dags/tutorial.py took 0.087 seconds
[2025-05-14T00:21:31.518+0000] {processor.py:161} INFO - Started process (PID=1504) to work on /home/airflow/.local/lib/python3.8/site-packages/airflow/example_dags/tutorial.py
[2025-05-14T00:21:31.520+0000] {processor.py:830} INFO - Processing file /home/airflow/.local/lib/python3.8/site-packages/airflow/example_dags/tutorial.py for tasks to queue
[2025-05-14T00:21:31.523+0000] {logging_mixin.py:188} INFO - [2025-05-14T00:21:31.522+0000] {dagbag.py:538} INFO - Filling up the DagBag from /home/airflow/.local/lib/python3.8/site-packages/airflow/example_dags/tutorial.py
[2025-05-14T00:21:31.532+0000] {processor.py:840} INFO - DAG(s) 'tutorial' retrieved from /home/airflow/.local/lib/python3.8/site-packages/airflow/example_dags/tutorial.py
[2025-05-14T00:21:31.564+0000] {logging_mixin.py:188} INFO - [2025-05-14T00:21:31.564+0000] {dag.py:3036} INFO - Sync 1 DAGs
[2025-05-14T00:21:31.599+0000] {logging_mixin.py:188} INFO - [2025-05-14T00:21:31.599+0000] {dag.py:3823} INFO - Setting next_dagrun for tutorial to 2025-05-13 00:00:00+00:00, run_after=2025-05-14 00:00:00+00:00
[2025-05-14T00:21:31.631+0000] {processor.py:183} INFO - Processing /home/airflow/.local/lib/python3.8/site-packages/airflow/example_dags/tutorial.py took 0.120 seconds
[2025-05-14T00:22:02.353+0000] {processor.py:161} INFO - Started process (PID=1560) to work on /home/airflow/.local/lib/python3.8/site-packages/airflow/example_dags/tutorial.py
[2025-05-14T00:22:02.354+0000] {processor.py:830} INFO - Processing file /home/airflow/.local/lib/python3.8/site-packages/airflow/example_dags/tutorial.py for tasks to queue
[2025-05-14T00:22:02.357+0000] {logging_mixin.py:188} INFO - [2025-05-14T00:22:02.356+0000] {dagbag.py:538} INFO - Filling up the DagBag from /home/airflow/.local/lib/python3.8/site-packages/airflow/example_dags/tutorial.py
[2025-05-14T00:22:02.363+0000] {processor.py:840} INFO - DAG(s) 'tutorial' retrieved from /home/airflow/.local/lib/python3.8/site-packages/airflow/example_dags/tutorial.py
[2025-05-14T00:22:02.386+0000] {logging_mixin.py:188} INFO - [2025-05-14T00:22:02.385+0000] {dag.py:3036} INFO - Sync 1 DAGs
[2025-05-14T00:22:02.412+0000] {logging_mixin.py:188} INFO - [2025-05-14T00:22:02.412+0000] {dag.py:3823} INFO - Setting next_dagrun for tutorial to 2025-05-13 00:00:00+00:00, run_after=2025-05-14 00:00:00+00:00
[2025-05-14T00:22:02.458+0000] {processor.py:183} INFO - Processing /home/airflow/.local/lib/python3.8/site-packages/airflow/example_dags/tutorial.py took 0.108 seconds
[2025-05-14T00:22:33.437+0000] {processor.py:161} INFO - Started process (PID=1615) to work on /home/airflow/.local/lib/python3.8/site-packages/airflow/example_dags/tutorial.py
[2025-05-14T00:22:33.438+0000] {processor.py:830} INFO - Processing file /home/airflow/.local/lib/python3.8/site-packages/airflow/example_dags/tutorial.py for tasks to queue
[2025-05-14T00:22:33.440+0000] {logging_mixin.py:188} INFO - [2025-05-14T00:22:33.439+0000] {dagbag.py:538} INFO - Filling up the DagBag from /home/airflow/.local/lib/python3.8/site-packages/airflow/example_dags/tutorial.py
[2025-05-14T00:22:33.447+0000] {processor.py:840} INFO - DAG(s) 'tutorial' retrieved from /home/airflow/.local/lib/python3.8/site-packages/airflow/example_dags/tutorial.py
[2025-05-14T00:22:33.473+0000] {logging_mixin.py:188} INFO - [2025-05-14T00:22:33.473+0000] {dag.py:3036} INFO - Sync 1 DAGs
[2025-05-14T00:22:33.498+0000] {logging_mixin.py:188} INFO - [2025-05-14T00:22:33.497+0000] {dag.py:3823} INFO - Setting next_dagrun for tutorial to 2025-05-13 00:00:00+00:00, run_after=2025-05-14 00:00:00+00:00
[2025-05-14T00:22:33.521+0000] {processor.py:183} INFO - Processing /home/airflow/.local/lib/python3.8/site-packages/airflow/example_dags/tutorial.py took 0.088 seconds
[2025-05-14T00:23:04.125+0000] {processor.py:161} INFO - Started process (PID=1671) to work on /home/airflow/.local/lib/python3.8/site-packages/airflow/example_dags/tutorial.py
[2025-05-14T00:23:04.127+0000] {processor.py:830} INFO - Processing file /home/airflow/.local/lib/python3.8/site-packages/airflow/example_dags/tutorial.py for tasks to queue
[2025-05-14T00:23:04.130+0000] {logging_mixin.py:188} INFO - [2025-05-14T00:23:04.129+0000] {dagbag.py:538} INFO - Filling up the DagBag from /home/airflow/.local/lib/python3.8/site-packages/airflow/example_dags/tutorial.py
[2025-05-14T00:23:04.137+0000] {processor.py:840} INFO - DAG(s) 'tutorial' retrieved from /home/airflow/.local/lib/python3.8/site-packages/airflow/example_dags/tutorial.py
[2025-05-14T00:23:04.166+0000] {logging_mixin.py:188} INFO - [2025-05-14T00:23:04.165+0000] {dag.py:3036} INFO - Sync 1 DAGs
[2025-05-14T00:23:04.198+0000] {logging_mixin.py:188} INFO - [2025-05-14T00:23:04.198+0000] {dag.py:3823} INFO - Setting next_dagrun for tutorial to 2025-05-13 00:00:00+00:00, run_after=2025-05-14 00:00:00+00:00
[2025-05-14T00:23:04.230+0000] {processor.py:183} INFO - Processing /home/airflow/.local/lib/python3.8/site-packages/airflow/example_dags/tutorial.py took 0.109 seconds
[2025-05-14T00:23:35.028+0000] {processor.py:161} INFO - Started process (PID=1727) to work on /home/airflow/.local/lib/python3.8/site-packages/airflow/example_dags/tutorial.py
[2025-05-14T00:23:35.031+0000] {processor.py:830} INFO - Processing file /home/airflow/.local/lib/python3.8/site-packages/airflow/example_dags/tutorial.py for tasks to queue
[2025-05-14T00:23:35.035+0000] {logging_mixin.py:188} INFO - [2025-05-14T00:23:35.034+0000] {dagbag.py:538} INFO - Filling up the DagBag from /home/airflow/.local/lib/python3.8/site-packages/airflow/example_dags/tutorial.py
[2025-05-14T00:23:35.046+0000] {processor.py:840} INFO - DAG(s) 'tutorial' retrieved from /home/airflow/.local/lib/python3.8/site-packages/airflow/example_dags/tutorial.py
[2025-05-14T00:23:35.077+0000] {logging_mixin.py:188} INFO - [2025-05-14T00:23:35.077+0000] {dag.py:3036} INFO - Sync 1 DAGs
[2025-05-14T00:23:35.116+0000] {logging_mixin.py:188} INFO - [2025-05-14T00:23:35.115+0000] {dag.py:3823} INFO - Setting next_dagrun for tutorial to 2025-05-13 00:00:00+00:00, run_after=2025-05-14 00:00:00+00:00
[2025-05-14T00:23:35.145+0000] {processor.py:183} INFO - Processing /home/airflow/.local/lib/python3.8/site-packages/airflow/example_dags/tutorial.py took 0.120 seconds
