[2025-05-13T21:09:31.818+0000] {processor.py:161} INFO - Started process (PID=95) to work on /home/airflow/.local/lib/python3.8/site-packages/airflow/example_dags/example_setup_teardown_taskflow.py
[2025-05-13T21:09:31.819+0000] {processor.py:830} INFO - Processing file /home/airflow/.local/lib/python3.8/site-packages/airflow/example_dags/example_setup_teardown_taskflow.py for tasks to queue
[2025-05-13T21:09:31.821+0000] {logging_mixin.py:188} INFO - [2025-05-13T21:09:31.821+0000] {dagbag.py:538} INFO - Filling up the DagBag from /home/airflow/.local/lib/python3.8/site-packages/airflow/example_dags/example_setup_teardown_taskflow.py
[2025-05-13T21:09:31.832+0000] {processor.py:840} INFO - DAG(s) 'example_setup_teardown_taskflow' retrieved from /home/airflow/.local/lib/python3.8/site-packages/airflow/example_dags/example_setup_teardown_taskflow.py
[2025-05-13T21:09:31.957+0000] {logging_mixin.py:188} INFO - [2025-05-13T21:09:31.957+0000] {dag.py:3036} INFO - Sync 1 DAGs
[2025-05-13T21:09:31.988+0000] {logging_mixin.py:188} INFO - [2025-05-13T21:09:31.987+0000] {dag.py:3823} INFO - Setting next_dagrun for example_setup_teardown_taskflow to 2025-05-12 00:00:00+00:00, run_after=2025-05-13 00:00:00+00:00
[2025-05-13T21:09:32.017+0000] {processor.py:183} INFO - Processing /home/airflow/.local/lib/python3.8/site-packages/airflow/example_dags/example_setup_teardown_taskflow.py took 0.201 seconds
[2025-05-13T21:12:02.386+0000] {processor.py:161} INFO - Started process (PID=181) to work on /home/airflow/.local/lib/python3.8/site-packages/airflow/example_dags/example_setup_teardown_taskflow.py
[2025-05-13T21:12:02.391+0000] {processor.py:830} INFO - Processing file /home/airflow/.local/lib/python3.8/site-packages/airflow/example_dags/example_setup_teardown_taskflow.py for tasks to queue
[2025-05-13T21:12:02.395+0000] {logging_mixin.py:188} INFO - [2025-05-13T21:12:02.395+0000] {dagbag.py:538} INFO - Filling up the DagBag from /home/airflow/.local/lib/python3.8/site-packages/airflow/example_dags/example_setup_teardown_taskflow.py
[2025-05-13T21:12:02.426+0000] {processor.py:840} INFO - DAG(s) 'example_setup_teardown_taskflow' retrieved from /home/airflow/.local/lib/python3.8/site-packages/airflow/example_dags/example_setup_teardown_taskflow.py
[2025-05-13T21:12:02.498+0000] {logging_mixin.py:188} INFO - [2025-05-13T21:12:02.498+0000] {dag.py:3036} INFO - Sync 1 DAGs
[2025-05-13T21:12:02.542+0000] {logging_mixin.py:188} INFO - [2025-05-13T21:12:02.541+0000] {dag.py:3823} INFO - Setting next_dagrun for example_setup_teardown_taskflow to 2025-05-12 00:00:00+00:00, run_after=2025-05-13 00:00:00+00:00
[2025-05-13T21:12:02.622+0000] {processor.py:183} INFO - Processing /home/airflow/.local/lib/python3.8/site-packages/airflow/example_dags/example_setup_teardown_taskflow.py took 0.241 seconds
[2025-05-13T21:14:40.941+0000] {processor.py:161} INFO - Started process (PID=98) to work on /home/airflow/.local/lib/python3.8/site-packages/airflow/example_dags/example_setup_teardown_taskflow.py
[2025-05-13T21:14:40.943+0000] {processor.py:830} INFO - Processing file /home/airflow/.local/lib/python3.8/site-packages/airflow/example_dags/example_setup_teardown_taskflow.py for tasks to queue
[2025-05-13T21:14:40.945+0000] {logging_mixin.py:188} INFO - [2025-05-13T21:14:40.945+0000] {dagbag.py:538} INFO - Filling up the DagBag from /home/airflow/.local/lib/python3.8/site-packages/airflow/example_dags/example_setup_teardown_taskflow.py
[2025-05-13T21:14:40.967+0000] {processor.py:840} INFO - DAG(s) 'example_setup_teardown_taskflow' retrieved from /home/airflow/.local/lib/python3.8/site-packages/airflow/example_dags/example_setup_teardown_taskflow.py
[2025-05-13T21:14:41.192+0000] {logging_mixin.py:188} INFO - [2025-05-13T21:14:41.191+0000] {dag.py:3036} INFO - Sync 1 DAGs
[2025-05-13T21:14:41.229+0000] {logging_mixin.py:188} INFO - [2025-05-13T21:14:41.228+0000] {dag.py:3823} INFO - Setting next_dagrun for example_setup_teardown_taskflow to 2025-05-12 00:00:00+00:00, run_after=2025-05-13 00:00:00+00:00
[2025-05-13T21:14:41.280+0000] {processor.py:183} INFO - Processing /home/airflow/.local/lib/python3.8/site-packages/airflow/example_dags/example_setup_teardown_taskflow.py took 0.342 seconds
[2025-05-13T21:15:11.999+0000] {processor.py:161} INFO - Started process (PID=154) to work on /home/airflow/.local/lib/python3.8/site-packages/airflow/example_dags/example_setup_teardown_taskflow.py
[2025-05-13T21:15:12.001+0000] {processor.py:830} INFO - Processing file /home/airflow/.local/lib/python3.8/site-packages/airflow/example_dags/example_setup_teardown_taskflow.py for tasks to queue
[2025-05-13T21:15:12.003+0000] {logging_mixin.py:188} INFO - [2025-05-13T21:15:12.002+0000] {dagbag.py:538} INFO - Filling up the DagBag from /home/airflow/.local/lib/python3.8/site-packages/airflow/example_dags/example_setup_teardown_taskflow.py
[2025-05-13T21:15:12.014+0000] {processor.py:840} INFO - DAG(s) 'example_setup_teardown_taskflow' retrieved from /home/airflow/.local/lib/python3.8/site-packages/airflow/example_dags/example_setup_teardown_taskflow.py
[2025-05-13T21:15:12.039+0000] {logging_mixin.py:188} INFO - [2025-05-13T21:15:12.039+0000] {dag.py:3036} INFO - Sync 1 DAGs
[2025-05-13T21:15:12.065+0000] {logging_mixin.py:188} INFO - [2025-05-13T21:15:12.064+0000] {dag.py:3823} INFO - Setting next_dagrun for example_setup_teardown_taskflow to 2025-05-12 00:00:00+00:00, run_after=2025-05-13 00:00:00+00:00
[2025-05-13T21:15:12.090+0000] {processor.py:183} INFO - Processing /home/airflow/.local/lib/python3.8/site-packages/airflow/example_dags/example_setup_teardown_taskflow.py took 0.093 seconds
[2025-05-13T21:15:42.625+0000] {processor.py:161} INFO - Started process (PID=210) to work on /home/airflow/.local/lib/python3.8/site-packages/airflow/example_dags/example_setup_teardown_taskflow.py
[2025-05-13T21:15:42.627+0000] {processor.py:830} INFO - Processing file /home/airflow/.local/lib/python3.8/site-packages/airflow/example_dags/example_setup_teardown_taskflow.py for tasks to queue
[2025-05-13T21:15:42.630+0000] {logging_mixin.py:188} INFO - [2025-05-13T21:15:42.630+0000] {dagbag.py:538} INFO - Filling up the DagBag from /home/airflow/.local/lib/python3.8/site-packages/airflow/example_dags/example_setup_teardown_taskflow.py
[2025-05-13T21:15:42.645+0000] {processor.py:840} INFO - DAG(s) 'example_setup_teardown_taskflow' retrieved from /home/airflow/.local/lib/python3.8/site-packages/airflow/example_dags/example_setup_teardown_taskflow.py
[2025-05-13T21:15:42.679+0000] {logging_mixin.py:188} INFO - [2025-05-13T21:15:42.678+0000] {dag.py:3036} INFO - Sync 1 DAGs
[2025-05-13T21:15:42.715+0000] {logging_mixin.py:188} INFO - [2025-05-13T21:15:42.715+0000] {dag.py:3823} INFO - Setting next_dagrun for example_setup_teardown_taskflow to 2025-05-12 00:00:00+00:00, run_after=2025-05-13 00:00:00+00:00
[2025-05-13T21:15:42.760+0000] {processor.py:183} INFO - Processing /home/airflow/.local/lib/python3.8/site-packages/airflow/example_dags/example_setup_teardown_taskflow.py took 0.139 seconds
[2025-05-13T21:16:13.071+0000] {processor.py:161} INFO - Started process (PID=266) to work on /home/airflow/.local/lib/python3.8/site-packages/airflow/example_dags/example_setup_teardown_taskflow.py
[2025-05-13T21:16:13.079+0000] {processor.py:830} INFO - Processing file /home/airflow/.local/lib/python3.8/site-packages/airflow/example_dags/example_setup_teardown_taskflow.py for tasks to queue
[2025-05-13T21:16:13.083+0000] {logging_mixin.py:188} INFO - [2025-05-13T21:16:13.082+0000] {dagbag.py:538} INFO - Filling up the DagBag from /home/airflow/.local/lib/python3.8/site-packages/airflow/example_dags/example_setup_teardown_taskflow.py
[2025-05-13T21:16:13.107+0000] {processor.py:840} INFO - DAG(s) 'example_setup_teardown_taskflow' retrieved from /home/airflow/.local/lib/python3.8/site-packages/airflow/example_dags/example_setup_teardown_taskflow.py
[2025-05-13T21:16:13.165+0000] {logging_mixin.py:188} INFO - [2025-05-13T21:16:13.165+0000] {dag.py:3036} INFO - Sync 1 DAGs
[2025-05-13T21:16:13.261+0000] {logging_mixin.py:188} INFO - [2025-05-13T21:16:13.261+0000] {dag.py:3823} INFO - Setting next_dagrun for example_setup_teardown_taskflow to 2025-05-12 00:00:00+00:00, run_after=2025-05-13 00:00:00+00:00
[2025-05-13T21:16:13.320+0000] {processor.py:183} INFO - Processing /home/airflow/.local/lib/python3.8/site-packages/airflow/example_dags/example_setup_teardown_taskflow.py took 0.257 seconds
[2025-05-13T21:16:43.562+0000] {processor.py:161} INFO - Started process (PID=322) to work on /home/airflow/.local/lib/python3.8/site-packages/airflow/example_dags/example_setup_teardown_taskflow.py
[2025-05-13T21:16:43.563+0000] {processor.py:830} INFO - Processing file /home/airflow/.local/lib/python3.8/site-packages/airflow/example_dags/example_setup_teardown_taskflow.py for tasks to queue
[2025-05-13T21:16:43.566+0000] {logging_mixin.py:188} INFO - [2025-05-13T21:16:43.565+0000] {dagbag.py:538} INFO - Filling up the DagBag from /home/airflow/.local/lib/python3.8/site-packages/airflow/example_dags/example_setup_teardown_taskflow.py
[2025-05-13T21:16:43.578+0000] {processor.py:840} INFO - DAG(s) 'example_setup_teardown_taskflow' retrieved from /home/airflow/.local/lib/python3.8/site-packages/airflow/example_dags/example_setup_teardown_taskflow.py
[2025-05-13T21:16:43.613+0000] {logging_mixin.py:188} INFO - [2025-05-13T21:16:43.612+0000] {dag.py:3036} INFO - Sync 1 DAGs
[2025-05-13T21:16:43.651+0000] {logging_mixin.py:188} INFO - [2025-05-13T21:16:43.650+0000] {dag.py:3823} INFO - Setting next_dagrun for example_setup_teardown_taskflow to 2025-05-12 00:00:00+00:00, run_after=2025-05-13 00:00:00+00:00
[2025-05-13T21:16:43.699+0000] {processor.py:183} INFO - Processing /home/airflow/.local/lib/python3.8/site-packages/airflow/example_dags/example_setup_teardown_taskflow.py took 0.142 seconds
[2025-05-13T21:17:13.815+0000] {processor.py:161} INFO - Started process (PID=378) to work on /home/airflow/.local/lib/python3.8/site-packages/airflow/example_dags/example_setup_teardown_taskflow.py
[2025-05-13T21:17:13.817+0000] {processor.py:830} INFO - Processing file /home/airflow/.local/lib/python3.8/site-packages/airflow/example_dags/example_setup_teardown_taskflow.py for tasks to queue
[2025-05-13T21:17:13.820+0000] {logging_mixin.py:188} INFO - [2025-05-13T21:17:13.819+0000] {dagbag.py:538} INFO - Filling up the DagBag from /home/airflow/.local/lib/python3.8/site-packages/airflow/example_dags/example_setup_teardown_taskflow.py
[2025-05-13T21:17:13.831+0000] {processor.py:840} INFO - DAG(s) 'example_setup_teardown_taskflow' retrieved from /home/airflow/.local/lib/python3.8/site-packages/airflow/example_dags/example_setup_teardown_taskflow.py
[2025-05-13T21:17:13.860+0000] {logging_mixin.py:188} INFO - [2025-05-13T21:17:13.860+0000] {dag.py:3036} INFO - Sync 1 DAGs
[2025-05-13T21:17:13.889+0000] {logging_mixin.py:188} INFO - [2025-05-13T21:17:13.889+0000] {dag.py:3823} INFO - Setting next_dagrun for example_setup_teardown_taskflow to 2025-05-12 00:00:00+00:00, run_after=2025-05-13 00:00:00+00:00
[2025-05-13T21:17:13.947+0000] {processor.py:183} INFO - Processing /home/airflow/.local/lib/python3.8/site-packages/airflow/example_dags/example_setup_teardown_taskflow.py took 0.135 seconds
[2025-05-13T21:17:44.328+0000] {processor.py:161} INFO - Started process (PID=434) to work on /home/airflow/.local/lib/python3.8/site-packages/airflow/example_dags/example_setup_teardown_taskflow.py
[2025-05-13T21:17:44.330+0000] {processor.py:830} INFO - Processing file /home/airflow/.local/lib/python3.8/site-packages/airflow/example_dags/example_setup_teardown_taskflow.py for tasks to queue
[2025-05-13T21:17:44.331+0000] {logging_mixin.py:188} INFO - [2025-05-13T21:17:44.331+0000] {dagbag.py:538} INFO - Filling up the DagBag from /home/airflow/.local/lib/python3.8/site-packages/airflow/example_dags/example_setup_teardown_taskflow.py
[2025-05-13T21:17:44.341+0000] {processor.py:840} INFO - DAG(s) 'example_setup_teardown_taskflow' retrieved from /home/airflow/.local/lib/python3.8/site-packages/airflow/example_dags/example_setup_teardown_taskflow.py
[2025-05-13T21:17:44.404+0000] {logging_mixin.py:188} INFO - [2025-05-13T21:17:44.404+0000] {dag.py:3036} INFO - Sync 1 DAGs
[2025-05-13T21:17:44.503+0000] {logging_mixin.py:188} INFO - [2025-05-13T21:17:44.503+0000] {dag.py:3823} INFO - Setting next_dagrun for example_setup_teardown_taskflow to 2025-05-12 00:00:00+00:00, run_after=2025-05-13 00:00:00+00:00
[2025-05-13T21:17:44.529+0000] {processor.py:183} INFO - Processing /home/airflow/.local/lib/python3.8/site-packages/airflow/example_dags/example_setup_teardown_taskflow.py took 0.204 seconds
[2025-05-13T21:18:15.334+0000] {processor.py:161} INFO - Started process (PID=490) to work on /home/airflow/.local/lib/python3.8/site-packages/airflow/example_dags/example_setup_teardown_taskflow.py
[2025-05-13T21:18:15.335+0000] {processor.py:830} INFO - Processing file /home/airflow/.local/lib/python3.8/site-packages/airflow/example_dags/example_setup_teardown_taskflow.py for tasks to queue
[2025-05-13T21:18:15.338+0000] {logging_mixin.py:188} INFO - [2025-05-13T21:18:15.338+0000] {dagbag.py:538} INFO - Filling up the DagBag from /home/airflow/.local/lib/python3.8/site-packages/airflow/example_dags/example_setup_teardown_taskflow.py
[2025-05-13T21:18:15.349+0000] {processor.py:840} INFO - DAG(s) 'example_setup_teardown_taskflow' retrieved from /home/airflow/.local/lib/python3.8/site-packages/airflow/example_dags/example_setup_teardown_taskflow.py
[2025-05-13T21:18:15.373+0000] {logging_mixin.py:188} INFO - [2025-05-13T21:18:15.373+0000] {dag.py:3036} INFO - Sync 1 DAGs
[2025-05-13T21:18:15.401+0000] {logging_mixin.py:188} INFO - [2025-05-13T21:18:15.401+0000] {dag.py:3823} INFO - Setting next_dagrun for example_setup_teardown_taskflow to 2025-05-12 00:00:00+00:00, run_after=2025-05-13 00:00:00+00:00
[2025-05-13T21:18:15.427+0000] {processor.py:183} INFO - Processing /home/airflow/.local/lib/python3.8/site-packages/airflow/example_dags/example_setup_teardown_taskflow.py took 0.096 seconds
[2025-05-13T21:18:45.737+0000] {processor.py:161} INFO - Started process (PID=546) to work on /home/airflow/.local/lib/python3.8/site-packages/airflow/example_dags/example_setup_teardown_taskflow.py
[2025-05-13T21:18:45.738+0000] {processor.py:830} INFO - Processing file /home/airflow/.local/lib/python3.8/site-packages/airflow/example_dags/example_setup_teardown_taskflow.py for tasks to queue
[2025-05-13T21:18:45.740+0000] {logging_mixin.py:188} INFO - [2025-05-13T21:18:45.740+0000] {dagbag.py:538} INFO - Filling up the DagBag from /home/airflow/.local/lib/python3.8/site-packages/airflow/example_dags/example_setup_teardown_taskflow.py
[2025-05-13T21:18:45.751+0000] {processor.py:840} INFO - DAG(s) 'example_setup_teardown_taskflow' retrieved from /home/airflow/.local/lib/python3.8/site-packages/airflow/example_dags/example_setup_teardown_taskflow.py
[2025-05-13T21:18:45.784+0000] {logging_mixin.py:188} INFO - [2025-05-13T21:18:45.784+0000] {dag.py:3036} INFO - Sync 1 DAGs
[2025-05-13T21:18:45.814+0000] {logging_mixin.py:188} INFO - [2025-05-13T21:18:45.813+0000] {dag.py:3823} INFO - Setting next_dagrun for example_setup_teardown_taskflow to 2025-05-12 00:00:00+00:00, run_after=2025-05-13 00:00:00+00:00
[2025-05-13T21:18:45.850+0000] {processor.py:183} INFO - Processing /home/airflow/.local/lib/python3.8/site-packages/airflow/example_dags/example_setup_teardown_taskflow.py took 0.116 seconds
[2025-05-13T21:19:16.063+0000] {processor.py:161} INFO - Started process (PID=601) to work on /home/airflow/.local/lib/python3.8/site-packages/airflow/example_dags/example_setup_teardown_taskflow.py
[2025-05-13T21:19:16.065+0000] {processor.py:830} INFO - Processing file /home/airflow/.local/lib/python3.8/site-packages/airflow/example_dags/example_setup_teardown_taskflow.py for tasks to queue
[2025-05-13T21:19:16.068+0000] {logging_mixin.py:188} INFO - [2025-05-13T21:19:16.068+0000] {dagbag.py:538} INFO - Filling up the DagBag from /home/airflow/.local/lib/python3.8/site-packages/airflow/example_dags/example_setup_teardown_taskflow.py
[2025-05-13T21:19:16.079+0000] {processor.py:840} INFO - DAG(s) 'example_setup_teardown_taskflow' retrieved from /home/airflow/.local/lib/python3.8/site-packages/airflow/example_dags/example_setup_teardown_taskflow.py
[2025-05-13T21:19:16.111+0000] {logging_mixin.py:188} INFO - [2025-05-13T21:19:16.111+0000] {dag.py:3036} INFO - Sync 1 DAGs
[2025-05-13T21:19:16.146+0000] {logging_mixin.py:188} INFO - [2025-05-13T21:19:16.146+0000] {dag.py:3823} INFO - Setting next_dagrun for example_setup_teardown_taskflow to 2025-05-12 00:00:00+00:00, run_after=2025-05-13 00:00:00+00:00
[2025-05-13T21:19:16.222+0000] {processor.py:183} INFO - Processing /home/airflow/.local/lib/python3.8/site-packages/airflow/example_dags/example_setup_teardown_taskflow.py took 0.162 seconds
[2025-05-13T21:58:07.113+0000] {processor.py:161} INFO - Started process (PID=682) to work on /home/airflow/.local/lib/python3.8/site-packages/airflow/example_dags/example_setup_teardown_taskflow.py
[2025-05-13T21:58:07.115+0000] {processor.py:830} INFO - Processing file /home/airflow/.local/lib/python3.8/site-packages/airflow/example_dags/example_setup_teardown_taskflow.py for tasks to queue
[2025-05-13T21:58:07.118+0000] {logging_mixin.py:188} INFO - [2025-05-13T21:58:07.118+0000] {dagbag.py:538} INFO - Filling up the DagBag from /home/airflow/.local/lib/python3.8/site-packages/airflow/example_dags/example_setup_teardown_taskflow.py
[2025-05-13T21:58:07.132+0000] {processor.py:840} INFO - DAG(s) 'example_setup_teardown_taskflow' retrieved from /home/airflow/.local/lib/python3.8/site-packages/airflow/example_dags/example_setup_teardown_taskflow.py
[2025-05-13T21:58:07.163+0000] {logging_mixin.py:188} INFO - [2025-05-13T21:58:07.162+0000] {dag.py:3036} INFO - Sync 1 DAGs
[2025-05-13T21:58:07.195+0000] {logging_mixin.py:188} INFO - [2025-05-13T21:58:07.195+0000] {dag.py:3823} INFO - Setting next_dagrun for example_setup_teardown_taskflow to 2025-05-12 00:00:00+00:00, run_after=2025-05-13 00:00:00+00:00
[2025-05-13T21:58:07.235+0000] {processor.py:183} INFO - Processing /home/airflow/.local/lib/python3.8/site-packages/airflow/example_dags/example_setup_teardown_taskflow.py took 0.125 seconds
[2025-05-13T21:58:38.127+0000] {processor.py:161} INFO - Started process (PID=738) to work on /home/airflow/.local/lib/python3.8/site-packages/airflow/example_dags/example_setup_teardown_taskflow.py
[2025-05-13T21:58:38.128+0000] {processor.py:830} INFO - Processing file /home/airflow/.local/lib/python3.8/site-packages/airflow/example_dags/example_setup_teardown_taskflow.py for tasks to queue
[2025-05-13T21:58:38.130+0000] {logging_mixin.py:188} INFO - [2025-05-13T21:58:38.130+0000] {dagbag.py:538} INFO - Filling up the DagBag from /home/airflow/.local/lib/python3.8/site-packages/airflow/example_dags/example_setup_teardown_taskflow.py
[2025-05-13T21:58:38.144+0000] {processor.py:840} INFO - DAG(s) 'example_setup_teardown_taskflow' retrieved from /home/airflow/.local/lib/python3.8/site-packages/airflow/example_dags/example_setup_teardown_taskflow.py
[2025-05-13T21:58:38.173+0000] {logging_mixin.py:188} INFO - [2025-05-13T21:58:38.172+0000] {dag.py:3036} INFO - Sync 1 DAGs
[2025-05-13T21:58:38.199+0000] {logging_mixin.py:188} INFO - [2025-05-13T21:58:38.198+0000] {dag.py:3823} INFO - Setting next_dagrun for example_setup_teardown_taskflow to 2025-05-12 00:00:00+00:00, run_after=2025-05-13 00:00:00+00:00
[2025-05-13T21:58:38.226+0000] {processor.py:183} INFO - Processing /home/airflow/.local/lib/python3.8/site-packages/airflow/example_dags/example_setup_teardown_taskflow.py took 0.102 seconds
[2025-05-13T21:59:08.784+0000] {processor.py:161} INFO - Started process (PID=795) to work on /home/airflow/.local/lib/python3.8/site-packages/airflow/example_dags/example_setup_teardown_taskflow.py
[2025-05-13T21:59:08.786+0000] {processor.py:830} INFO - Processing file /home/airflow/.local/lib/python3.8/site-packages/airflow/example_dags/example_setup_teardown_taskflow.py for tasks to queue
[2025-05-13T21:59:08.789+0000] {logging_mixin.py:188} INFO - [2025-05-13T21:59:08.788+0000] {dagbag.py:538} INFO - Filling up the DagBag from /home/airflow/.local/lib/python3.8/site-packages/airflow/example_dags/example_setup_teardown_taskflow.py
[2025-05-13T21:59:08.809+0000] {processor.py:840} INFO - DAG(s) 'example_setup_teardown_taskflow' retrieved from /home/airflow/.local/lib/python3.8/site-packages/airflow/example_dags/example_setup_teardown_taskflow.py
[2025-05-13T21:59:08.858+0000] {logging_mixin.py:188} INFO - [2025-05-13T21:59:08.855+0000] {dag.py:3036} INFO - Sync 1 DAGs
[2025-05-13T21:59:08.889+0000] {logging_mixin.py:188} INFO - [2025-05-13T21:59:08.889+0000] {dag.py:3823} INFO - Setting next_dagrun for example_setup_teardown_taskflow to 2025-05-12 00:00:00+00:00, run_after=2025-05-13 00:00:00+00:00
[2025-05-13T21:59:08.920+0000] {processor.py:183} INFO - Processing /home/airflow/.local/lib/python3.8/site-packages/airflow/example_dags/example_setup_teardown_taskflow.py took 0.145 seconds
[2025-05-13T21:59:39.525+0000] {processor.py:161} INFO - Started process (PID=851) to work on /home/airflow/.local/lib/python3.8/site-packages/airflow/example_dags/example_setup_teardown_taskflow.py
[2025-05-13T21:59:39.527+0000] {processor.py:830} INFO - Processing file /home/airflow/.local/lib/python3.8/site-packages/airflow/example_dags/example_setup_teardown_taskflow.py for tasks to queue
[2025-05-13T21:59:39.530+0000] {logging_mixin.py:188} INFO - [2025-05-13T21:59:39.529+0000] {dagbag.py:538} INFO - Filling up the DagBag from /home/airflow/.local/lib/python3.8/site-packages/airflow/example_dags/example_setup_teardown_taskflow.py
[2025-05-13T21:59:39.542+0000] {processor.py:840} INFO - DAG(s) 'example_setup_teardown_taskflow' retrieved from /home/airflow/.local/lib/python3.8/site-packages/airflow/example_dags/example_setup_teardown_taskflow.py
[2025-05-13T21:59:39.579+0000] {logging_mixin.py:188} INFO - [2025-05-13T21:59:39.575+0000] {dag.py:3036} INFO - Sync 1 DAGs
[2025-05-13T21:59:39.614+0000] {logging_mixin.py:188} INFO - [2025-05-13T21:59:39.613+0000] {dag.py:3823} INFO - Setting next_dagrun for example_setup_teardown_taskflow to 2025-05-12 00:00:00+00:00, run_after=2025-05-13 00:00:00+00:00
[2025-05-13T21:59:39.647+0000] {processor.py:183} INFO - Processing /home/airflow/.local/lib/python3.8/site-packages/airflow/example_dags/example_setup_teardown_taskflow.py took 0.125 seconds
