[2025-05-13T21:09:29.441+0000] {processor.py:161} INFO - Started process (PID=84) to work on /home/airflow/.local/lib/python3.8/site-packages/airflow/example_dags/example_datasets.py
[2025-05-13T21:09:29.443+0000] {processor.py:830} INFO - Processing file /home/airflow/.local/lib/python3.8/site-packages/airflow/example_dags/example_datasets.py for tasks to queue
[2025-05-13T21:09:29.462+0000] {logging_mixin.py:188} INFO - [2025-05-13T21:09:29.462+0000] {dagbag.py:538} INFO - Filling up the DagBag from /home/airflow/.local/lib/python3.8/site-packages/airflow/example_dags/example_datasets.py
[2025-05-13T21:09:29.516+0000] {processor.py:840} INFO - DAG(s) 'dataset_consumes_1_and_2', 'dataset_produces_2', 'dataset_consumes_unknown_never_scheduled', 'dataset_consumes_1', 'dataset_produces_1', 'dataset_consumes_1_never_scheduled' retrieved from /home/airflow/.local/lib/python3.8/site-packages/airflow/example_dags/example_datasets.py
[2025-05-13T21:09:29.893+0000] {logging_mixin.py:188} INFO - [2025-05-13T21:09:29.892+0000] {dag.py:3036} INFO - Sync 6 DAGs
[2025-05-13T21:09:29.928+0000] {logging_mixin.py:188} INFO - [2025-05-13T21:09:29.928+0000] {dag.py:3823} INFO - Setting next_dagrun for dataset_consumes_1 to None, run_after=None
[2025-05-13T21:09:29.933+0000] {logging_mixin.py:188} INFO - [2025-05-13T21:09:29.933+0000] {dag.py:3823} INFO - Setting next_dagrun for dataset_consumes_1_and_2 to None, run_after=None
[2025-05-13T21:09:29.943+0000] {logging_mixin.py:188} INFO - [2025-05-13T21:09:29.942+0000] {dag.py:3823} INFO - Setting next_dagrun for dataset_consumes_1_never_scheduled to None, run_after=None
[2025-05-13T21:09:29.946+0000] {logging_mixin.py:188} INFO - [2025-05-13T21:09:29.945+0000] {dag.py:3823} INFO - Setting next_dagrun for dataset_consumes_unknown_never_scheduled to None, run_after=None
[2025-05-13T21:09:29.951+0000] {logging_mixin.py:188} INFO - [2025-05-13T21:09:29.951+0000] {dag.py:3823} INFO - Setting next_dagrun for dataset_produces_1 to 2025-05-12 00:00:00+00:00, run_after=2025-05-13 00:00:00+00:00
[2025-05-13T21:09:29.954+0000] {logging_mixin.py:188} INFO - [2025-05-13T21:09:29.954+0000] {dag.py:3823} INFO - Setting next_dagrun for dataset_produces_2 to None, run_after=None
[2025-05-13T21:09:30.021+0000] {processor.py:183} INFO - Processing /home/airflow/.local/lib/python3.8/site-packages/airflow/example_dags/example_datasets.py took 0.584 seconds
[2025-05-13T21:10:01.296+0000] {processor.py:161} INFO - Started process (PID=140) to work on /home/airflow/.local/lib/python3.8/site-packages/airflow/example_dags/example_datasets.py
[2025-05-13T21:10:01.298+0000] {processor.py:830} INFO - Processing file /home/airflow/.local/lib/python3.8/site-packages/airflow/example_dags/example_datasets.py for tasks to queue
[2025-05-13T21:10:01.301+0000] {logging_mixin.py:188} INFO - [2025-05-13T21:10:01.300+0000] {dagbag.py:538} INFO - Filling up the DagBag from /home/airflow/.local/lib/python3.8/site-packages/airflow/example_dags/example_datasets.py
[2025-05-13T21:10:01.317+0000] {processor.py:840} INFO - DAG(s) 'dataset_consumes_1_never_scheduled', 'dataset_produces_1', 'dataset_produces_2', 'dataset_consumes_unknown_never_scheduled', 'dataset_consumes_1', 'dataset_consumes_1_and_2' retrieved from /home/airflow/.local/lib/python3.8/site-packages/airflow/example_dags/example_datasets.py
[2025-05-13T21:10:01.389+0000] {logging_mixin.py:188} INFO - [2025-05-13T21:10:01.389+0000] {dag.py:3036} INFO - Sync 6 DAGs
[2025-05-13T21:10:01.425+0000] {logging_mixin.py:188} INFO - [2025-05-13T21:10:01.424+0000] {dag.py:3823} INFO - Setting next_dagrun for dataset_consumes_1 to None, run_after=None
[2025-05-13T21:10:01.432+0000] {logging_mixin.py:188} INFO - [2025-05-13T21:10:01.432+0000] {dag.py:3823} INFO - Setting next_dagrun for dataset_consumes_1_and_2 to None, run_after=None
[2025-05-13T21:10:01.436+0000] {logging_mixin.py:188} INFO - [2025-05-13T21:10:01.436+0000] {dag.py:3823} INFO - Setting next_dagrun for dataset_consumes_1_never_scheduled to None, run_after=None
[2025-05-13T21:10:01.439+0000] {logging_mixin.py:188} INFO - [2025-05-13T21:10:01.439+0000] {dag.py:3823} INFO - Setting next_dagrun for dataset_consumes_unknown_never_scheduled to None, run_after=None
[2025-05-13T21:10:01.444+0000] {logging_mixin.py:188} INFO - [2025-05-13T21:10:01.444+0000] {dag.py:3823} INFO - Setting next_dagrun for dataset_produces_1 to 2025-05-12 00:00:00+00:00, run_after=2025-05-13 00:00:00+00:00
[2025-05-13T21:10:01.447+0000] {logging_mixin.py:188} INFO - [2025-05-13T21:10:01.447+0000] {dag.py:3823} INFO - Setting next_dagrun for dataset_produces_2 to None, run_after=None
[2025-05-13T21:10:01.522+0000] {processor.py:183} INFO - Processing /home/airflow/.local/lib/python3.8/site-packages/airflow/example_dags/example_datasets.py took 0.230 seconds
[2025-05-13T21:11:59.817+0000] {processor.py:161} INFO - Started process (PID=174) to work on /home/airflow/.local/lib/python3.8/site-packages/airflow/example_dags/example_datasets.py
[2025-05-13T21:11:59.819+0000] {processor.py:830} INFO - Processing file /home/airflow/.local/lib/python3.8/site-packages/airflow/example_dags/example_datasets.py for tasks to queue
[2025-05-13T21:11:59.821+0000] {logging_mixin.py:188} INFO - [2025-05-13T21:11:59.821+0000] {dagbag.py:538} INFO - Filling up the DagBag from /home/airflow/.local/lib/python3.8/site-packages/airflow/example_dags/example_datasets.py
[2025-05-13T21:11:59.841+0000] {processor.py:840} INFO - DAG(s) 'dataset_produces_2', 'dataset_consumes_unknown_never_scheduled', 'dataset_consumes_1', 'dataset_consumes_1_and_2', 'dataset_consumes_1_never_scheduled', 'dataset_produces_1' retrieved from /home/airflow/.local/lib/python3.8/site-packages/airflow/example_dags/example_datasets.py
[2025-05-13T21:11:59.933+0000] {logging_mixin.py:188} INFO - [2025-05-13T21:11:59.930+0000] {dag.py:3036} INFO - Sync 6 DAGs
[2025-05-13T21:11:59.981+0000] {logging_mixin.py:188} INFO - [2025-05-13T21:11:59.981+0000] {dag.py:3823} INFO - Setting next_dagrun for dataset_consumes_1 to None, run_after=None
[2025-05-13T21:11:59.989+0000] {logging_mixin.py:188} INFO - [2025-05-13T21:11:59.988+0000] {dag.py:3823} INFO - Setting next_dagrun for dataset_consumes_1_and_2 to None, run_after=None
[2025-05-13T21:11:59.992+0000] {logging_mixin.py:188} INFO - [2025-05-13T21:11:59.992+0000] {dag.py:3823} INFO - Setting next_dagrun for dataset_consumes_1_never_scheduled to None, run_after=None
[2025-05-13T21:11:59.996+0000] {logging_mixin.py:188} INFO - [2025-05-13T21:11:59.996+0000] {dag.py:3823} INFO - Setting next_dagrun for dataset_consumes_unknown_never_scheduled to None, run_after=None
[2025-05-13T21:12:00.002+0000] {logging_mixin.py:188} INFO - [2025-05-13T21:12:00.002+0000] {dag.py:3823} INFO - Setting next_dagrun for dataset_produces_1 to 2025-05-12 00:00:00+00:00, run_after=2025-05-13 00:00:00+00:00
[2025-05-13T21:12:00.007+0000] {logging_mixin.py:188} INFO - [2025-05-13T21:12:00.006+0000] {dag.py:3823} INFO - Setting next_dagrun for dataset_produces_2 to None, run_after=None
[2025-05-13T21:12:00.147+0000] {processor.py:183} INFO - Processing /home/airflow/.local/lib/python3.8/site-packages/airflow/example_dags/example_datasets.py took 0.335 seconds
[2025-05-13T21:14:36.409+0000] {processor.py:161} INFO - Started process (PID=87) to work on /home/airflow/.local/lib/python3.8/site-packages/airflow/example_dags/example_datasets.py
[2025-05-13T21:14:36.420+0000] {processor.py:830} INFO - Processing file /home/airflow/.local/lib/python3.8/site-packages/airflow/example_dags/example_datasets.py for tasks to queue
[2025-05-13T21:14:36.423+0000] {logging_mixin.py:188} INFO - [2025-05-13T21:14:36.422+0000] {dagbag.py:538} INFO - Filling up the DagBag from /home/airflow/.local/lib/python3.8/site-packages/airflow/example_dags/example_datasets.py
[2025-05-13T21:14:36.441+0000] {processor.py:840} INFO - DAG(s) 'dataset_consumes_1', 'dataset_produces_1', 'dataset_consumes_unknown_never_scheduled', 'dataset_consumes_1_never_scheduled', 'dataset_consumes_1_and_2', 'dataset_produces_2' retrieved from /home/airflow/.local/lib/python3.8/site-packages/airflow/example_dags/example_datasets.py
[2025-05-13T21:14:37.388+0000] {logging_mixin.py:188} INFO - [2025-05-13T21:14:37.387+0000] {dag.py:3036} INFO - Sync 6 DAGs
[2025-05-13T21:14:37.714+0000] {logging_mixin.py:188} INFO - [2025-05-13T21:14:37.714+0000] {dag.py:3823} INFO - Setting next_dagrun for dataset_consumes_1 to None, run_after=None
[2025-05-13T21:14:37.771+0000] {logging_mixin.py:188} INFO - [2025-05-13T21:14:37.768+0000] {dag.py:3823} INFO - Setting next_dagrun for dataset_consumes_1_and_2 to None, run_after=None
[2025-05-13T21:14:37.780+0000] {logging_mixin.py:188} INFO - [2025-05-13T21:14:37.779+0000] {dag.py:3823} INFO - Setting next_dagrun for dataset_consumes_1_never_scheduled to None, run_after=None
[2025-05-13T21:14:37.787+0000] {logging_mixin.py:188} INFO - [2025-05-13T21:14:37.786+0000] {dag.py:3823} INFO - Setting next_dagrun for dataset_consumes_unknown_never_scheduled to None, run_after=None
[2025-05-13T21:14:37.815+0000] {logging_mixin.py:188} INFO - [2025-05-13T21:14:37.814+0000] {dag.py:3823} INFO - Setting next_dagrun for dataset_produces_1 to 2025-05-12 00:00:00+00:00, run_after=2025-05-13 00:00:00+00:00
[2025-05-13T21:14:37.820+0000] {logging_mixin.py:188} INFO - [2025-05-13T21:14:37.819+0000] {dag.py:3823} INFO - Setting next_dagrun for dataset_produces_2 to None, run_after=None
[2025-05-13T21:14:38.012+0000] {processor.py:183} INFO - Processing /home/airflow/.local/lib/python3.8/site-packages/airflow/example_dags/example_datasets.py took 1.607 seconds
[2025-05-13T21:15:08.195+0000] {processor.py:161} INFO - Started process (PID=143) to work on /home/airflow/.local/lib/python3.8/site-packages/airflow/example_dags/example_datasets.py
[2025-05-13T21:15:08.197+0000] {processor.py:830} INFO - Processing file /home/airflow/.local/lib/python3.8/site-packages/airflow/example_dags/example_datasets.py for tasks to queue
[2025-05-13T21:15:08.200+0000] {logging_mixin.py:188} INFO - [2025-05-13T21:15:08.199+0000] {dagbag.py:538} INFO - Filling up the DagBag from /home/airflow/.local/lib/python3.8/site-packages/airflow/example_dags/example_datasets.py
[2025-05-13T21:15:08.213+0000] {processor.py:840} INFO - DAG(s) 'dataset_consumes_1', 'dataset_produces_2', 'dataset_consumes_1_never_scheduled', 'dataset_produces_1', 'dataset_consumes_1_and_2', 'dataset_consumes_unknown_never_scheduled' retrieved from /home/airflow/.local/lib/python3.8/site-packages/airflow/example_dags/example_datasets.py
[2025-05-13T21:15:08.290+0000] {logging_mixin.py:188} INFO - [2025-05-13T21:15:08.290+0000] {dag.py:3036} INFO - Sync 6 DAGs
[2025-05-13T21:15:08.338+0000] {logging_mixin.py:188} INFO - [2025-05-13T21:15:08.337+0000] {dag.py:3823} INFO - Setting next_dagrun for dataset_consumes_1 to None, run_after=None
[2025-05-13T21:15:08.347+0000] {logging_mixin.py:188} INFO - [2025-05-13T21:15:08.347+0000] {dag.py:3823} INFO - Setting next_dagrun for dataset_consumes_1_and_2 to None, run_after=None
[2025-05-13T21:15:08.351+0000] {logging_mixin.py:188} INFO - [2025-05-13T21:15:08.350+0000] {dag.py:3823} INFO - Setting next_dagrun for dataset_consumes_1_never_scheduled to None, run_after=None
[2025-05-13T21:15:08.353+0000] {logging_mixin.py:188} INFO - [2025-05-13T21:15:08.353+0000] {dag.py:3823} INFO - Setting next_dagrun for dataset_consumes_unknown_never_scheduled to None, run_after=None
[2025-05-13T21:15:08.364+0000] {logging_mixin.py:188} INFO - [2025-05-13T21:15:08.364+0000] {dag.py:3823} INFO - Setting next_dagrun for dataset_produces_1 to 2025-05-12 00:00:00+00:00, run_after=2025-05-13 00:00:00+00:00
[2025-05-13T21:15:08.367+0000] {logging_mixin.py:188} INFO - [2025-05-13T21:15:08.367+0000] {dag.py:3823} INFO - Setting next_dagrun for dataset_produces_2 to None, run_after=None
[2025-05-13T21:15:08.435+0000] {processor.py:183} INFO - Processing /home/airflow/.local/lib/python3.8/site-packages/airflow/example_dags/example_datasets.py took 0.243 seconds
[2025-05-13T21:15:38.648+0000] {processor.py:161} INFO - Started process (PID=199) to work on /home/airflow/.local/lib/python3.8/site-packages/airflow/example_dags/example_datasets.py
[2025-05-13T21:15:38.652+0000] {processor.py:830} INFO - Processing file /home/airflow/.local/lib/python3.8/site-packages/airflow/example_dags/example_datasets.py for tasks to queue
[2025-05-13T21:15:38.655+0000] {logging_mixin.py:188} INFO - [2025-05-13T21:15:38.655+0000] {dagbag.py:538} INFO - Filling up the DagBag from /home/airflow/.local/lib/python3.8/site-packages/airflow/example_dags/example_datasets.py
[2025-05-13T21:15:38.670+0000] {processor.py:840} INFO - DAG(s) 'dataset_consumes_1_never_scheduled', 'dataset_produces_1', 'dataset_consumes_1_and_2', 'dataset_consumes_unknown_never_scheduled', 'dataset_produces_2', 'dataset_consumes_1' retrieved from /home/airflow/.local/lib/python3.8/site-packages/airflow/example_dags/example_datasets.py
[2025-05-13T21:15:38.731+0000] {logging_mixin.py:188} INFO - [2025-05-13T21:15:38.730+0000] {dag.py:3036} INFO - Sync 6 DAGs
[2025-05-13T21:15:38.763+0000] {logging_mixin.py:188} INFO - [2025-05-13T21:15:38.762+0000] {dag.py:3823} INFO - Setting next_dagrun for dataset_consumes_1 to None, run_after=None
[2025-05-13T21:15:38.770+0000] {logging_mixin.py:188} INFO - [2025-05-13T21:15:38.770+0000] {dag.py:3823} INFO - Setting next_dagrun for dataset_consumes_1_and_2 to None, run_after=None
[2025-05-13T21:15:38.774+0000] {logging_mixin.py:188} INFO - [2025-05-13T21:15:38.774+0000] {dag.py:3823} INFO - Setting next_dagrun for dataset_consumes_1_never_scheduled to None, run_after=None
[2025-05-13T21:15:38.778+0000] {logging_mixin.py:188} INFO - [2025-05-13T21:15:38.778+0000] {dag.py:3823} INFO - Setting next_dagrun for dataset_consumes_unknown_never_scheduled to None, run_after=None
[2025-05-13T21:15:38.783+0000] {logging_mixin.py:188} INFO - [2025-05-13T21:15:38.783+0000] {dag.py:3823} INFO - Setting next_dagrun for dataset_produces_1 to 2025-05-12 00:00:00+00:00, run_after=2025-05-13 00:00:00+00:00
[2025-05-13T21:15:38.787+0000] {logging_mixin.py:188} INFO - [2025-05-13T21:15:38.786+0000] {dag.py:3823} INFO - Setting next_dagrun for dataset_produces_2 to None, run_after=None
[2025-05-13T21:15:38.843+0000] {processor.py:183} INFO - Processing /home/airflow/.local/lib/python3.8/site-packages/airflow/example_dags/example_datasets.py took 0.199 seconds
[2025-05-13T21:16:08.923+0000] {processor.py:161} INFO - Started process (PID=255) to work on /home/airflow/.local/lib/python3.8/site-packages/airflow/example_dags/example_datasets.py
[2025-05-13T21:16:08.924+0000] {processor.py:830} INFO - Processing file /home/airflow/.local/lib/python3.8/site-packages/airflow/example_dags/example_datasets.py for tasks to queue
[2025-05-13T21:16:08.927+0000] {logging_mixin.py:188} INFO - [2025-05-13T21:16:08.926+0000] {dagbag.py:538} INFO - Filling up the DagBag from /home/airflow/.local/lib/python3.8/site-packages/airflow/example_dags/example_datasets.py
[2025-05-13T21:16:08.941+0000] {processor.py:840} INFO - DAG(s) 'dataset_produces_1', 'dataset_produces_2', 'dataset_consumes_1_and_2', 'dataset_consumes_unknown_never_scheduled', 'dataset_consumes_1', 'dataset_consumes_1_never_scheduled' retrieved from /home/airflow/.local/lib/python3.8/site-packages/airflow/example_dags/example_datasets.py
[2025-05-13T21:16:09.008+0000] {logging_mixin.py:188} INFO - [2025-05-13T21:16:09.007+0000] {dag.py:3036} INFO - Sync 6 DAGs
[2025-05-13T21:16:09.050+0000] {logging_mixin.py:188} INFO - [2025-05-13T21:16:09.049+0000] {dag.py:3823} INFO - Setting next_dagrun for dataset_consumes_1 to None, run_after=None
[2025-05-13T21:16:09.057+0000] {logging_mixin.py:188} INFO - [2025-05-13T21:16:09.057+0000] {dag.py:3823} INFO - Setting next_dagrun for dataset_consumes_1_and_2 to None, run_after=None
[2025-05-13T21:16:09.062+0000] {logging_mixin.py:188} INFO - [2025-05-13T21:16:09.061+0000] {dag.py:3823} INFO - Setting next_dagrun for dataset_consumes_1_never_scheduled to None, run_after=None
[2025-05-13T21:16:09.076+0000] {logging_mixin.py:188} INFO - [2025-05-13T21:16:09.075+0000] {dag.py:3823} INFO - Setting next_dagrun for dataset_consumes_unknown_never_scheduled to None, run_after=None
[2025-05-13T21:16:09.083+0000] {logging_mixin.py:188} INFO - [2025-05-13T21:16:09.082+0000] {dag.py:3823} INFO - Setting next_dagrun for dataset_produces_1 to 2025-05-12 00:00:00+00:00, run_after=2025-05-13 00:00:00+00:00
[2025-05-13T21:16:09.088+0000] {logging_mixin.py:188} INFO - [2025-05-13T21:16:09.087+0000] {dag.py:3823} INFO - Setting next_dagrun for dataset_produces_2 to None, run_after=None
[2025-05-13T21:16:09.157+0000] {processor.py:183} INFO - Processing /home/airflow/.local/lib/python3.8/site-packages/airflow/example_dags/example_datasets.py took 0.238 seconds
[2025-05-13T21:16:39.437+0000] {processor.py:161} INFO - Started process (PID=311) to work on /home/airflow/.local/lib/python3.8/site-packages/airflow/example_dags/example_datasets.py
[2025-05-13T21:16:39.474+0000] {processor.py:830} INFO - Processing file /home/airflow/.local/lib/python3.8/site-packages/airflow/example_dags/example_datasets.py for tasks to queue
[2025-05-13T21:16:39.477+0000] {logging_mixin.py:188} INFO - [2025-05-13T21:16:39.476+0000] {dagbag.py:538} INFO - Filling up the DagBag from /home/airflow/.local/lib/python3.8/site-packages/airflow/example_dags/example_datasets.py
[2025-05-13T21:16:39.492+0000] {processor.py:840} INFO - DAG(s) 'dataset_consumes_1_and_2', 'dataset_produces_1', 'dataset_consumes_unknown_never_scheduled', 'dataset_consumes_1_never_scheduled', 'dataset_produces_2', 'dataset_consumes_1' retrieved from /home/airflow/.local/lib/python3.8/site-packages/airflow/example_dags/example_datasets.py
[2025-05-13T21:16:39.561+0000] {logging_mixin.py:188} INFO - [2025-05-13T21:16:39.560+0000] {dag.py:3036} INFO - Sync 6 DAGs
[2025-05-13T21:16:39.592+0000] {logging_mixin.py:188} INFO - [2025-05-13T21:16:39.592+0000] {dag.py:3823} INFO - Setting next_dagrun for dataset_consumes_1 to None, run_after=None
[2025-05-13T21:16:39.599+0000] {logging_mixin.py:188} INFO - [2025-05-13T21:16:39.599+0000] {dag.py:3823} INFO - Setting next_dagrun for dataset_consumes_1_and_2 to None, run_after=None
[2025-05-13T21:16:39.602+0000] {logging_mixin.py:188} INFO - [2025-05-13T21:16:39.602+0000] {dag.py:3823} INFO - Setting next_dagrun for dataset_consumes_1_never_scheduled to None, run_after=None
[2025-05-13T21:16:39.605+0000] {logging_mixin.py:188} INFO - [2025-05-13T21:16:39.605+0000] {dag.py:3823} INFO - Setting next_dagrun for dataset_consumes_unknown_never_scheduled to None, run_after=None
[2025-05-13T21:16:39.612+0000] {logging_mixin.py:188} INFO - [2025-05-13T21:16:39.611+0000] {dag.py:3823} INFO - Setting next_dagrun for dataset_produces_1 to 2025-05-12 00:00:00+00:00, run_after=2025-05-13 00:00:00+00:00
[2025-05-13T21:16:39.615+0000] {logging_mixin.py:188} INFO - [2025-05-13T21:16:39.615+0000] {dag.py:3823} INFO - Setting next_dagrun for dataset_produces_2 to None, run_after=None
[2025-05-13T21:16:39.677+0000] {processor.py:183} INFO - Processing /home/airflow/.local/lib/python3.8/site-packages/airflow/example_dags/example_datasets.py took 0.247 seconds
[2025-05-13T21:17:09.792+0000] {processor.py:161} INFO - Started process (PID=367) to work on /home/airflow/.local/lib/python3.8/site-packages/airflow/example_dags/example_datasets.py
[2025-05-13T21:17:09.793+0000] {processor.py:830} INFO - Processing file /home/airflow/.local/lib/python3.8/site-packages/airflow/example_dags/example_datasets.py for tasks to queue
[2025-05-13T21:17:09.795+0000] {logging_mixin.py:188} INFO - [2025-05-13T21:17:09.795+0000] {dagbag.py:538} INFO - Filling up the DagBag from /home/airflow/.local/lib/python3.8/site-packages/airflow/example_dags/example_datasets.py
[2025-05-13T21:17:09.807+0000] {processor.py:840} INFO - DAG(s) 'dataset_produces_2', 'dataset_consumes_1_and_2', 'dataset_consumes_unknown_never_scheduled', 'dataset_consumes_1_never_scheduled', 'dataset_consumes_1', 'dataset_produces_1' retrieved from /home/airflow/.local/lib/python3.8/site-packages/airflow/example_dags/example_datasets.py
[2025-05-13T21:17:09.862+0000] {logging_mixin.py:188} INFO - [2025-05-13T21:17:09.862+0000] {dag.py:3036} INFO - Sync 6 DAGs
[2025-05-13T21:17:09.886+0000] {logging_mixin.py:188} INFO - [2025-05-13T21:17:09.885+0000] {dag.py:3823} INFO - Setting next_dagrun for dataset_consumes_1 to None, run_after=None
[2025-05-13T21:17:09.891+0000] {logging_mixin.py:188} INFO - [2025-05-13T21:17:09.891+0000] {dag.py:3823} INFO - Setting next_dagrun for dataset_consumes_1_and_2 to None, run_after=None
[2025-05-13T21:17:09.893+0000] {logging_mixin.py:188} INFO - [2025-05-13T21:17:09.893+0000] {dag.py:3823} INFO - Setting next_dagrun for dataset_consumes_1_never_scheduled to None, run_after=None
[2025-05-13T21:17:09.896+0000] {logging_mixin.py:188} INFO - [2025-05-13T21:17:09.896+0000] {dag.py:3823} INFO - Setting next_dagrun for dataset_consumes_unknown_never_scheduled to None, run_after=None
[2025-05-13T21:17:09.900+0000] {logging_mixin.py:188} INFO - [2025-05-13T21:17:09.899+0000] {dag.py:3823} INFO - Setting next_dagrun for dataset_produces_1 to 2025-05-12 00:00:00+00:00, run_after=2025-05-13 00:00:00+00:00
[2025-05-13T21:17:09.902+0000] {logging_mixin.py:188} INFO - [2025-05-13T21:17:09.902+0000] {dag.py:3823} INFO - Setting next_dagrun for dataset_produces_2 to None, run_after=None
[2025-05-13T21:17:09.943+0000] {processor.py:183} INFO - Processing /home/airflow/.local/lib/python3.8/site-packages/airflow/example_dags/example_datasets.py took 0.157 seconds
[2025-05-13T21:17:40.202+0000] {processor.py:161} INFO - Started process (PID=423) to work on /home/airflow/.local/lib/python3.8/site-packages/airflow/example_dags/example_datasets.py
[2025-05-13T21:17:40.204+0000] {processor.py:830} INFO - Processing file /home/airflow/.local/lib/python3.8/site-packages/airflow/example_dags/example_datasets.py for tasks to queue
[2025-05-13T21:17:40.206+0000] {logging_mixin.py:188} INFO - [2025-05-13T21:17:40.206+0000] {dagbag.py:538} INFO - Filling up the DagBag from /home/airflow/.local/lib/python3.8/site-packages/airflow/example_dags/example_datasets.py
[2025-05-13T21:17:40.252+0000] {processor.py:840} INFO - DAG(s) 'dataset_consumes_1', 'dataset_consumes_1_never_scheduled', 'dataset_consumes_unknown_never_scheduled', 'dataset_produces_2', 'dataset_produces_1', 'dataset_consumes_1_and_2' retrieved from /home/airflow/.local/lib/python3.8/site-packages/airflow/example_dags/example_datasets.py
[2025-05-13T21:17:40.332+0000] {logging_mixin.py:188} INFO - [2025-05-13T21:17:40.332+0000] {dag.py:3036} INFO - Sync 6 DAGs
[2025-05-13T21:17:40.472+0000] {logging_mixin.py:188} INFO - [2025-05-13T21:17:40.471+0000] {dag.py:3823} INFO - Setting next_dagrun for dataset_consumes_1 to None, run_after=None
[2025-05-13T21:17:40.481+0000] {logging_mixin.py:188} INFO - [2025-05-13T21:17:40.480+0000] {dag.py:3823} INFO - Setting next_dagrun for dataset_consumes_1_and_2 to None, run_after=None
[2025-05-13T21:17:40.484+0000] {logging_mixin.py:188} INFO - [2025-05-13T21:17:40.483+0000] {dag.py:3823} INFO - Setting next_dagrun for dataset_consumes_1_never_scheduled to None, run_after=None
[2025-05-13T21:17:40.486+0000] {logging_mixin.py:188} INFO - [2025-05-13T21:17:40.486+0000] {dag.py:3823} INFO - Setting next_dagrun for dataset_consumes_unknown_never_scheduled to None, run_after=None
[2025-05-13T21:17:40.491+0000] {logging_mixin.py:188} INFO - [2025-05-13T21:17:40.491+0000] {dag.py:3823} INFO - Setting next_dagrun for dataset_produces_1 to 2025-05-12 00:00:00+00:00, run_after=2025-05-13 00:00:00+00:00
[2025-05-13T21:17:40.494+0000] {logging_mixin.py:188} INFO - [2025-05-13T21:17:40.493+0000] {dag.py:3823} INFO - Setting next_dagrun for dataset_produces_2 to None, run_after=None
[2025-05-13T21:17:40.570+0000] {processor.py:183} INFO - Processing /home/airflow/.local/lib/python3.8/site-packages/airflow/example_dags/example_datasets.py took 0.371 seconds
[2025-05-13T21:18:11.397+0000] {processor.py:161} INFO - Started process (PID=479) to work on /home/airflow/.local/lib/python3.8/site-packages/airflow/example_dags/example_datasets.py
[2025-05-13T21:18:11.399+0000] {processor.py:830} INFO - Processing file /home/airflow/.local/lib/python3.8/site-packages/airflow/example_dags/example_datasets.py for tasks to queue
[2025-05-13T21:18:11.402+0000] {logging_mixin.py:188} INFO - [2025-05-13T21:18:11.402+0000] {dagbag.py:538} INFO - Filling up the DagBag from /home/airflow/.local/lib/python3.8/site-packages/airflow/example_dags/example_datasets.py
[2025-05-13T21:18:11.413+0000] {processor.py:840} INFO - DAG(s) 'dataset_consumes_unknown_never_scheduled', 'dataset_produces_2', 'dataset_consumes_1_never_scheduled', 'dataset_consumes_1', 'dataset_produces_1', 'dataset_consumes_1_and_2' retrieved from /home/airflow/.local/lib/python3.8/site-packages/airflow/example_dags/example_datasets.py
[2025-05-13T21:18:11.476+0000] {logging_mixin.py:188} INFO - [2025-05-13T21:18:11.475+0000] {dag.py:3036} INFO - Sync 6 DAGs
[2025-05-13T21:18:11.520+0000] {logging_mixin.py:188} INFO - [2025-05-13T21:18:11.520+0000] {dag.py:3823} INFO - Setting next_dagrun for dataset_consumes_1 to None, run_after=None
[2025-05-13T21:18:11.527+0000] {logging_mixin.py:188} INFO - [2025-05-13T21:18:11.527+0000] {dag.py:3823} INFO - Setting next_dagrun for dataset_consumes_1_and_2 to None, run_after=None
[2025-05-13T21:18:11.531+0000] {logging_mixin.py:188} INFO - [2025-05-13T21:18:11.530+0000] {dag.py:3823} INFO - Setting next_dagrun for dataset_consumes_1_never_scheduled to None, run_after=None
[2025-05-13T21:18:11.534+0000] {logging_mixin.py:188} INFO - [2025-05-13T21:18:11.534+0000] {dag.py:3823} INFO - Setting next_dagrun for dataset_consumes_unknown_never_scheduled to None, run_after=None
[2025-05-13T21:18:11.540+0000] {logging_mixin.py:188} INFO - [2025-05-13T21:18:11.539+0000] {dag.py:3823} INFO - Setting next_dagrun for dataset_produces_1 to 2025-05-12 00:00:00+00:00, run_after=2025-05-13 00:00:00+00:00
[2025-05-13T21:18:11.543+0000] {logging_mixin.py:188} INFO - [2025-05-13T21:18:11.543+0000] {dag.py:3823} INFO - Setting next_dagrun for dataset_produces_2 to None, run_after=None
[2025-05-13T21:18:11.597+0000] {processor.py:183} INFO - Processing /home/airflow/.local/lib/python3.8/site-packages/airflow/example_dags/example_datasets.py took 0.205 seconds
[2025-05-13T21:18:41.789+0000] {processor.py:161} INFO - Started process (PID=536) to work on /home/airflow/.local/lib/python3.8/site-packages/airflow/example_dags/example_datasets.py
[2025-05-13T21:18:41.791+0000] {processor.py:830} INFO - Processing file /home/airflow/.local/lib/python3.8/site-packages/airflow/example_dags/example_datasets.py for tasks to queue
[2025-05-13T21:18:41.794+0000] {logging_mixin.py:188} INFO - [2025-05-13T21:18:41.793+0000] {dagbag.py:538} INFO - Filling up the DagBag from /home/airflow/.local/lib/python3.8/site-packages/airflow/example_dags/example_datasets.py
[2025-05-13T21:18:41.811+0000] {processor.py:840} INFO - DAG(s) 'dataset_consumes_1', 'dataset_consumes_1_and_2', 'dataset_produces_1', 'dataset_consumes_1_never_scheduled', 'dataset_consumes_unknown_never_scheduled', 'dataset_produces_2' retrieved from /home/airflow/.local/lib/python3.8/site-packages/airflow/example_dags/example_datasets.py
[2025-05-13T21:18:41.884+0000] {logging_mixin.py:188} INFO - [2025-05-13T21:18:41.884+0000] {dag.py:3036} INFO - Sync 6 DAGs
[2025-05-13T21:18:41.916+0000] {logging_mixin.py:188} INFO - [2025-05-13T21:18:41.915+0000] {dag.py:3823} INFO - Setting next_dagrun for dataset_consumes_1 to None, run_after=None
[2025-05-13T21:18:41.921+0000] {logging_mixin.py:188} INFO - [2025-05-13T21:18:41.921+0000] {dag.py:3823} INFO - Setting next_dagrun for dataset_consumes_1_and_2 to None, run_after=None
[2025-05-13T21:18:41.924+0000] {logging_mixin.py:188} INFO - [2025-05-13T21:18:41.923+0000] {dag.py:3823} INFO - Setting next_dagrun for dataset_consumes_1_never_scheduled to None, run_after=None
[2025-05-13T21:18:41.926+0000] {logging_mixin.py:188} INFO - [2025-05-13T21:18:41.926+0000] {dag.py:3823} INFO - Setting next_dagrun for dataset_consumes_unknown_never_scheduled to None, run_after=None
[2025-05-13T21:18:41.931+0000] {logging_mixin.py:188} INFO - [2025-05-13T21:18:41.930+0000] {dag.py:3823} INFO - Setting next_dagrun for dataset_produces_1 to 2025-05-12 00:00:00+00:00, run_after=2025-05-13 00:00:00+00:00
[2025-05-13T21:18:41.934+0000] {logging_mixin.py:188} INFO - [2025-05-13T21:18:41.934+0000] {dag.py:3823} INFO - Setting next_dagrun for dataset_produces_2 to None, run_after=None
[2025-05-13T21:18:42.007+0000] {processor.py:183} INFO - Processing /home/airflow/.local/lib/python3.8/site-packages/airflow/example_dags/example_datasets.py took 0.222 seconds
[2025-05-13T21:19:12.163+0000] {processor.py:161} INFO - Started process (PID=591) to work on /home/airflow/.local/lib/python3.8/site-packages/airflow/example_dags/example_datasets.py
[2025-05-13T21:19:12.165+0000] {processor.py:830} INFO - Processing file /home/airflow/.local/lib/python3.8/site-packages/airflow/example_dags/example_datasets.py for tasks to queue
[2025-05-13T21:19:12.168+0000] {logging_mixin.py:188} INFO - [2025-05-13T21:19:12.167+0000] {dagbag.py:538} INFO - Filling up the DagBag from /home/airflow/.local/lib/python3.8/site-packages/airflow/example_dags/example_datasets.py
[2025-05-13T21:19:12.180+0000] {processor.py:840} INFO - DAG(s) 'dataset_consumes_1_and_2', 'dataset_consumes_1', 'dataset_produces_1', 'dataset_consumes_1_never_scheduled', 'dataset_produces_2', 'dataset_consumes_unknown_never_scheduled' retrieved from /home/airflow/.local/lib/python3.8/site-packages/airflow/example_dags/example_datasets.py
[2025-05-13T21:19:12.226+0000] {logging_mixin.py:188} INFO - [2025-05-13T21:19:12.225+0000] {dag.py:3036} INFO - Sync 6 DAGs
[2025-05-13T21:19:12.260+0000] {logging_mixin.py:188} INFO - [2025-05-13T21:19:12.259+0000] {dag.py:3823} INFO - Setting next_dagrun for dataset_consumes_1 to None, run_after=None
[2025-05-13T21:19:12.267+0000] {logging_mixin.py:188} INFO - [2025-05-13T21:19:12.266+0000] {dag.py:3823} INFO - Setting next_dagrun for dataset_consumes_1_and_2 to None, run_after=None
[2025-05-13T21:19:12.270+0000] {logging_mixin.py:188} INFO - [2025-05-13T21:19:12.270+0000] {dag.py:3823} INFO - Setting next_dagrun for dataset_consumes_1_never_scheduled to None, run_after=None
[2025-05-13T21:19:12.272+0000] {logging_mixin.py:188} INFO - [2025-05-13T21:19:12.272+0000] {dag.py:3823} INFO - Setting next_dagrun for dataset_consumes_unknown_never_scheduled to None, run_after=None
[2025-05-13T21:19:12.277+0000] {logging_mixin.py:188} INFO - [2025-05-13T21:19:12.277+0000] {dag.py:3823} INFO - Setting next_dagrun for dataset_produces_1 to 2025-05-12 00:00:00+00:00, run_after=2025-05-13 00:00:00+00:00
[2025-05-13T21:19:12.280+0000] {logging_mixin.py:188} INFO - [2025-05-13T21:19:12.280+0000] {dag.py:3823} INFO - Setting next_dagrun for dataset_produces_2 to None, run_after=None
[2025-05-13T21:19:12.354+0000] {processor.py:183} INFO - Processing /home/airflow/.local/lib/python3.8/site-packages/airflow/example_dags/example_datasets.py took 0.194 seconds
[2025-05-13T21:57:44.393+0000] {processor.py:161} INFO - Started process (PID=648) to work on /home/airflow/.local/lib/python3.8/site-packages/airflow/example_dags/example_datasets.py
[2025-05-13T21:57:44.413+0000] {processor.py:830} INFO - Processing file /home/airflow/.local/lib/python3.8/site-packages/airflow/example_dags/example_datasets.py for tasks to queue
[2025-05-13T21:57:44.521+0000] {logging_mixin.py:188} INFO - [2025-05-13T21:57:44.519+0000] {dagbag.py:538} INFO - Filling up the DagBag from /home/airflow/.local/lib/python3.8/site-packages/airflow/example_dags/example_datasets.py
[2025-05-13T21:57:45.059+0000] {processor.py:840} INFO - DAG(s) 'dataset_consumes_unknown_never_scheduled', 'dataset_consumes_1', 'dataset_consumes_1_and_2', 'dataset_consumes_1_never_scheduled', 'dataset_produces_2', 'dataset_produces_1' retrieved from /home/airflow/.local/lib/python3.8/site-packages/airflow/example_dags/example_datasets.py
[2025-05-13T21:58:16.848+0000] {processor.py:161} INFO - Started process (PID=704) to work on /home/airflow/.local/lib/python3.8/site-packages/airflow/example_dags/example_datasets.py
[2025-05-13T21:58:16.849+0000] {processor.py:830} INFO - Processing file /home/airflow/.local/lib/python3.8/site-packages/airflow/example_dags/example_datasets.py for tasks to queue
[2025-05-13T21:58:16.852+0000] {logging_mixin.py:188} INFO - [2025-05-13T21:58:16.852+0000] {dagbag.py:538} INFO - Filling up the DagBag from /home/airflow/.local/lib/python3.8/site-packages/airflow/example_dags/example_datasets.py
[2025-05-13T21:58:16.867+0000] {processor.py:840} INFO - DAG(s) 'dataset_consumes_1_and_2', 'dataset_consumes_1', 'dataset_produces_2', 'dataset_produces_1', 'dataset_consumes_1_never_scheduled', 'dataset_consumes_unknown_never_scheduled' retrieved from /home/airflow/.local/lib/python3.8/site-packages/airflow/example_dags/example_datasets.py
[2025-05-13T21:58:16.927+0000] {logging_mixin.py:188} INFO - [2025-05-13T21:58:16.926+0000] {dag.py:3036} INFO - Sync 6 DAGs
[2025-05-13T21:58:16.956+0000] {logging_mixin.py:188} INFO - [2025-05-13T21:58:16.955+0000] {dag.py:3823} INFO - Setting next_dagrun for dataset_consumes_1 to None, run_after=None
[2025-05-13T21:58:16.961+0000] {logging_mixin.py:188} INFO - [2025-05-13T21:58:16.960+0000] {dag.py:3823} INFO - Setting next_dagrun for dataset_consumes_1_and_2 to None, run_after=None
[2025-05-13T21:58:16.964+0000] {logging_mixin.py:188} INFO - [2025-05-13T21:58:16.964+0000] {dag.py:3823} INFO - Setting next_dagrun for dataset_consumes_1_never_scheduled to None, run_after=None
[2025-05-13T21:58:16.967+0000] {logging_mixin.py:188} INFO - [2025-05-13T21:58:16.967+0000] {dag.py:3823} INFO - Setting next_dagrun for dataset_consumes_unknown_never_scheduled to None, run_after=None
[2025-05-13T21:58:16.972+0000] {logging_mixin.py:188} INFO - [2025-05-13T21:58:16.971+0000] {dag.py:3823} INFO - Setting next_dagrun for dataset_produces_1 to 2025-05-12 00:00:00+00:00, run_after=2025-05-13 00:00:00+00:00
[2025-05-13T21:58:16.975+0000] {logging_mixin.py:188} INFO - [2025-05-13T21:58:16.975+0000] {dag.py:3823} INFO - Setting next_dagrun for dataset_produces_2 to None, run_after=None
[2025-05-13T21:58:17.038+0000] {processor.py:183} INFO - Processing /home/airflow/.local/lib/python3.8/site-packages/airflow/example_dags/example_datasets.py took 0.194 seconds
[2025-05-13T21:58:47.800+0000] {processor.py:161} INFO - Started process (PID=767) to work on /home/airflow/.local/lib/python3.8/site-packages/airflow/example_dags/example_datasets.py
[2025-05-13T21:58:47.802+0000] {processor.py:830} INFO - Processing file /home/airflow/.local/lib/python3.8/site-packages/airflow/example_dags/example_datasets.py for tasks to queue
[2025-05-13T21:58:47.804+0000] {logging_mixin.py:188} INFO - [2025-05-13T21:58:47.804+0000] {dagbag.py:538} INFO - Filling up the DagBag from /home/airflow/.local/lib/python3.8/site-packages/airflow/example_dags/example_datasets.py
[2025-05-13T21:58:47.813+0000] {processor.py:840} INFO - DAG(s) 'dataset_consumes_unknown_never_scheduled', 'dataset_produces_1', 'dataset_consumes_1', 'dataset_consumes_1_and_2', 'dataset_consumes_1_never_scheduled', 'dataset_produces_2' retrieved from /home/airflow/.local/lib/python3.8/site-packages/airflow/example_dags/example_datasets.py
[2025-05-13T21:58:47.861+0000] {logging_mixin.py:188} INFO - [2025-05-13T21:58:47.860+0000] {dag.py:3036} INFO - Sync 6 DAGs
[2025-05-13T21:58:47.889+0000] {logging_mixin.py:188} INFO - [2025-05-13T21:58:47.889+0000] {dag.py:3823} INFO - Setting next_dagrun for dataset_consumes_1 to None, run_after=None
[2025-05-13T21:58:47.895+0000] {logging_mixin.py:188} INFO - [2025-05-13T21:58:47.895+0000] {dag.py:3823} INFO - Setting next_dagrun for dataset_consumes_1_and_2 to None, run_after=None
[2025-05-13T21:58:47.897+0000] {logging_mixin.py:188} INFO - [2025-05-13T21:58:47.897+0000] {dag.py:3823} INFO - Setting next_dagrun for dataset_consumes_1_never_scheduled to None, run_after=None
[2025-05-13T21:58:47.899+0000] {logging_mixin.py:188} INFO - [2025-05-13T21:58:47.899+0000] {dag.py:3823} INFO - Setting next_dagrun for dataset_consumes_unknown_never_scheduled to None, run_after=None
[2025-05-13T21:58:47.903+0000] {logging_mixin.py:188} INFO - [2025-05-13T21:58:47.903+0000] {dag.py:3823} INFO - Setting next_dagrun for dataset_produces_1 to 2025-05-12 00:00:00+00:00, run_after=2025-05-13 00:00:00+00:00
[2025-05-13T21:58:47.905+0000] {logging_mixin.py:188} INFO - [2025-05-13T21:58:47.905+0000] {dag.py:3823} INFO - Setting next_dagrun for dataset_produces_2 to None, run_after=None
[2025-05-13T21:58:47.945+0000] {processor.py:183} INFO - Processing /home/airflow/.local/lib/python3.8/site-packages/airflow/example_dags/example_datasets.py took 0.148 seconds
[2025-05-13T21:59:18.444+0000] {processor.py:161} INFO - Started process (PID=823) to work on /home/airflow/.local/lib/python3.8/site-packages/airflow/example_dags/example_datasets.py
[2025-05-13T21:59:18.446+0000] {processor.py:830} INFO - Processing file /home/airflow/.local/lib/python3.8/site-packages/airflow/example_dags/example_datasets.py for tasks to queue
[2025-05-13T21:59:18.448+0000] {logging_mixin.py:188} INFO - [2025-05-13T21:59:18.447+0000] {dagbag.py:538} INFO - Filling up the DagBag from /home/airflow/.local/lib/python3.8/site-packages/airflow/example_dags/example_datasets.py
[2025-05-13T21:59:18.457+0000] {processor.py:840} INFO - DAG(s) 'dataset_consumes_1_never_scheduled', 'dataset_produces_1', 'dataset_consumes_unknown_never_scheduled', 'dataset_consumes_1', 'dataset_consumes_1_and_2', 'dataset_produces_2' retrieved from /home/airflow/.local/lib/python3.8/site-packages/airflow/example_dags/example_datasets.py
[2025-05-13T21:59:18.511+0000] {logging_mixin.py:188} INFO - [2025-05-13T21:59:18.510+0000] {dag.py:3036} INFO - Sync 6 DAGs
[2025-05-13T21:59:18.541+0000] {logging_mixin.py:188} INFO - [2025-05-13T21:59:18.541+0000] {dag.py:3823} INFO - Setting next_dagrun for dataset_consumes_1 to None, run_after=None
[2025-05-13T21:59:18.548+0000] {logging_mixin.py:188} INFO - [2025-05-13T21:59:18.548+0000] {dag.py:3823} INFO - Setting next_dagrun for dataset_consumes_1_and_2 to None, run_after=None
[2025-05-13T21:59:18.551+0000] {logging_mixin.py:188} INFO - [2025-05-13T21:59:18.551+0000] {dag.py:3823} INFO - Setting next_dagrun for dataset_consumes_1_never_scheduled to None, run_after=None
[2025-05-13T21:59:18.554+0000] {logging_mixin.py:188} INFO - [2025-05-13T21:59:18.553+0000] {dag.py:3823} INFO - Setting next_dagrun for dataset_consumes_unknown_never_scheduled to None, run_after=None
[2025-05-13T21:59:18.559+0000] {logging_mixin.py:188} INFO - [2025-05-13T21:59:18.558+0000] {dag.py:3823} INFO - Setting next_dagrun for dataset_produces_1 to 2025-05-12 00:00:00+00:00, run_after=2025-05-13 00:00:00+00:00
[2025-05-13T21:59:18.562+0000] {logging_mixin.py:188} INFO - [2025-05-13T21:59:18.561+0000] {dag.py:3823} INFO - Setting next_dagrun for dataset_produces_2 to None, run_after=None
[2025-05-13T21:59:18.606+0000] {processor.py:183} INFO - Processing /home/airflow/.local/lib/python3.8/site-packages/airflow/example_dags/example_datasets.py took 0.165 seconds
