[2025-05-13T21:09:33.685+0000] {processor.py:161} INFO - Started process (PID=106) to work on /home/airflow/.local/lib/python3.8/site-packages/airflow/example_dags/example_dynamic_task_mapping_with_no_taskflow_operators.py
[2025-05-13T21:09:33.686+0000] {processor.py:830} INFO - Processing file /home/airflow/.local/lib/python3.8/site-packages/airflow/example_dags/example_dynamic_task_mapping_with_no_taskflow_operators.py for tasks to queue
[2025-05-13T21:09:33.689+0000] {logging_mixin.py:188} INFO - [2025-05-13T21:09:33.689+0000] {dagbag.py:538} INFO - Filling up the DagBag from /home/airflow/.local/lib/python3.8/site-packages/airflow/example_dags/example_dynamic_task_mapping_with_no_taskflow_operators.py
[2025-05-13T21:09:33.699+0000] {processor.py:840} INFO - DAG(s) 'example_dynamic_task_mapping_with_no_taskflow_operators' retrieved from /home/airflow/.local/lib/python3.8/site-packages/airflow/example_dags/example_dynamic_task_mapping_with_no_taskflow_operators.py
[2025-05-13T21:09:33.836+0000] {logging_mixin.py:188} INFO - [2025-05-13T21:09:33.836+0000] {dag.py:3036} INFO - Sync 1 DAGs
[2025-05-13T21:09:33.869+0000] {logging_mixin.py:188} INFO - [2025-05-13T21:09:33.868+0000] {dag.py:3823} INFO - Setting next_dagrun for example_dynamic_task_mapping_with_no_taskflow_operators to 2025-05-12 00:00:00+00:00, run_after=2025-05-13 00:00:00+00:00
[2025-05-13T21:09:33.897+0000] {processor.py:183} INFO - Processing /home/airflow/.local/lib/python3.8/site-packages/airflow/example_dags/example_dynamic_task_mapping_with_no_taskflow_operators.py took 0.216 seconds
[2025-05-13T21:14:44.778+0000] {processor.py:161} INFO - Started process (PID=109) to work on /home/airflow/.local/lib/python3.8/site-packages/airflow/example_dags/example_dynamic_task_mapping_with_no_taskflow_operators.py
[2025-05-13T21:14:44.781+0000] {processor.py:830} INFO - Processing file /home/airflow/.local/lib/python3.8/site-packages/airflow/example_dags/example_dynamic_task_mapping_with_no_taskflow_operators.py for tasks to queue
[2025-05-13T21:14:44.785+0000] {logging_mixin.py:188} INFO - [2025-05-13T21:14:44.784+0000] {dagbag.py:538} INFO - Filling up the DagBag from /home/airflow/.local/lib/python3.8/site-packages/airflow/example_dags/example_dynamic_task_mapping_with_no_taskflow_operators.py
[2025-05-13T21:14:44.817+0000] {processor.py:840} INFO - DAG(s) 'example_dynamic_task_mapping_with_no_taskflow_operators' retrieved from /home/airflow/.local/lib/python3.8/site-packages/airflow/example_dags/example_dynamic_task_mapping_with_no_taskflow_operators.py
[2025-05-13T21:14:45.081+0000] {logging_mixin.py:188} INFO - [2025-05-13T21:14:45.081+0000] {dag.py:3036} INFO - Sync 1 DAGs
[2025-05-13T21:14:45.139+0000] {logging_mixin.py:188} INFO - [2025-05-13T21:14:45.139+0000] {dag.py:3823} INFO - Setting next_dagrun for example_dynamic_task_mapping_with_no_taskflow_operators to 2025-05-12 00:00:00+00:00, run_after=2025-05-13 00:00:00+00:00
[2025-05-13T21:14:45.238+0000] {processor.py:183} INFO - Processing /home/airflow/.local/lib/python3.8/site-packages/airflow/example_dags/example_dynamic_task_mapping_with_no_taskflow_operators.py took 0.465 seconds
[2025-05-13T21:15:15.930+0000] {processor.py:161} INFO - Started process (PID=165) to work on /home/airflow/.local/lib/python3.8/site-packages/airflow/example_dags/example_dynamic_task_mapping_with_no_taskflow_operators.py
[2025-05-13T21:15:15.932+0000] {processor.py:830} INFO - Processing file /home/airflow/.local/lib/python3.8/site-packages/airflow/example_dags/example_dynamic_task_mapping_with_no_taskflow_operators.py for tasks to queue
[2025-05-13T21:15:15.934+0000] {logging_mixin.py:188} INFO - [2025-05-13T21:15:15.934+0000] {dagbag.py:538} INFO - Filling up the DagBag from /home/airflow/.local/lib/python3.8/site-packages/airflow/example_dags/example_dynamic_task_mapping_with_no_taskflow_operators.py
[2025-05-13T21:15:15.947+0000] {processor.py:840} INFO - DAG(s) 'example_dynamic_task_mapping_with_no_taskflow_operators' retrieved from /home/airflow/.local/lib/python3.8/site-packages/airflow/example_dags/example_dynamic_task_mapping_with_no_taskflow_operators.py
[2025-05-13T21:15:15.976+0000] {logging_mixin.py:188} INFO - [2025-05-13T21:15:15.975+0000] {dag.py:3036} INFO - Sync 1 DAGs
[2025-05-13T21:15:16.008+0000] {logging_mixin.py:188} INFO - [2025-05-13T21:15:16.008+0000] {dag.py:3823} INFO - Setting next_dagrun for example_dynamic_task_mapping_with_no_taskflow_operators to 2025-05-12 00:00:00+00:00, run_after=2025-05-13 00:00:00+00:00
[2025-05-13T21:15:16.050+0000] {processor.py:183} INFO - Processing /home/airflow/.local/lib/python3.8/site-packages/airflow/example_dags/example_dynamic_task_mapping_with_no_taskflow_operators.py took 0.124 seconds
[2025-05-13T21:15:46.666+0000] {processor.py:161} INFO - Started process (PID=227) to work on /home/airflow/.local/lib/python3.8/site-packages/airflow/example_dags/example_dynamic_task_mapping_with_no_taskflow_operators.py
[2025-05-13T21:15:46.686+0000] {processor.py:830} INFO - Processing file /home/airflow/.local/lib/python3.8/site-packages/airflow/example_dags/example_dynamic_task_mapping_with_no_taskflow_operators.py for tasks to queue
[2025-05-13T21:15:46.724+0000] {logging_mixin.py:188} INFO - [2025-05-13T21:15:46.720+0000] {dagbag.py:538} INFO - Filling up the DagBag from /home/airflow/.local/lib/python3.8/site-packages/airflow/example_dags/example_dynamic_task_mapping_with_no_taskflow_operators.py
[2025-05-13T21:15:46.820+0000] {processor.py:840} INFO - DAG(s) 'example_dynamic_task_mapping_with_no_taskflow_operators' retrieved from /home/airflow/.local/lib/python3.8/site-packages/airflow/example_dags/example_dynamic_task_mapping_with_no_taskflow_operators.py
[2025-05-13T21:15:46.851+0000] {logging_mixin.py:188} INFO - [2025-05-13T21:15:46.850+0000] {dag.py:3036} INFO - Sync 1 DAGs
[2025-05-13T21:15:46.883+0000] {logging_mixin.py:188} INFO - [2025-05-13T21:15:46.882+0000] {dag.py:3823} INFO - Setting next_dagrun for example_dynamic_task_mapping_with_no_taskflow_operators to 2025-05-12 00:00:00+00:00, run_after=2025-05-13 00:00:00+00:00
[2025-05-13T21:15:46.920+0000] {processor.py:183} INFO - Processing /home/airflow/.local/lib/python3.8/site-packages/airflow/example_dags/example_dynamic_task_mapping_with_no_taskflow_operators.py took 0.296 seconds
[2025-05-13T21:16:17.237+0000] {processor.py:161} INFO - Started process (PID=283) to work on /home/airflow/.local/lib/python3.8/site-packages/airflow/example_dags/example_dynamic_task_mapping_with_no_taskflow_operators.py
[2025-05-13T21:16:17.245+0000] {processor.py:830} INFO - Processing file /home/airflow/.local/lib/python3.8/site-packages/airflow/example_dags/example_dynamic_task_mapping_with_no_taskflow_operators.py for tasks to queue
[2025-05-13T21:16:17.247+0000] {logging_mixin.py:188} INFO - [2025-05-13T21:16:17.247+0000] {dagbag.py:538} INFO - Filling up the DagBag from /home/airflow/.local/lib/python3.8/site-packages/airflow/example_dags/example_dynamic_task_mapping_with_no_taskflow_operators.py
[2025-05-13T21:16:17.254+0000] {processor.py:840} INFO - DAG(s) 'example_dynamic_task_mapping_with_no_taskflow_operators' retrieved from /home/airflow/.local/lib/python3.8/site-packages/airflow/example_dags/example_dynamic_task_mapping_with_no_taskflow_operators.py
[2025-05-13T21:16:17.278+0000] {logging_mixin.py:188} INFO - [2025-05-13T21:16:17.278+0000] {dag.py:3036} INFO - Sync 1 DAGs
[2025-05-13T21:16:17.308+0000] {logging_mixin.py:188} INFO - [2025-05-13T21:16:17.307+0000] {dag.py:3823} INFO - Setting next_dagrun for example_dynamic_task_mapping_with_no_taskflow_operators to 2025-05-12 00:00:00+00:00, run_after=2025-05-13 00:00:00+00:00
[2025-05-13T21:16:17.349+0000] {processor.py:183} INFO - Processing /home/airflow/.local/lib/python3.8/site-packages/airflow/example_dags/example_dynamic_task_mapping_with_no_taskflow_operators.py took 0.115 seconds
[2025-05-13T21:16:47.688+0000] {processor.py:161} INFO - Started process (PID=339) to work on /home/airflow/.local/lib/python3.8/site-packages/airflow/example_dags/example_dynamic_task_mapping_with_no_taskflow_operators.py
[2025-05-13T21:16:47.690+0000] {processor.py:830} INFO - Processing file /home/airflow/.local/lib/python3.8/site-packages/airflow/example_dags/example_dynamic_task_mapping_with_no_taskflow_operators.py for tasks to queue
[2025-05-13T21:16:47.693+0000] {logging_mixin.py:188} INFO - [2025-05-13T21:16:47.692+0000] {dagbag.py:538} INFO - Filling up the DagBag from /home/airflow/.local/lib/python3.8/site-packages/airflow/example_dags/example_dynamic_task_mapping_with_no_taskflow_operators.py
[2025-05-13T21:16:47.700+0000] {processor.py:840} INFO - DAG(s) 'example_dynamic_task_mapping_with_no_taskflow_operators' retrieved from /home/airflow/.local/lib/python3.8/site-packages/airflow/example_dags/example_dynamic_task_mapping_with_no_taskflow_operators.py
[2025-05-13T21:16:47.729+0000] {logging_mixin.py:188} INFO - [2025-05-13T21:16:47.729+0000] {dag.py:3036} INFO - Sync 1 DAGs
[2025-05-13T21:16:47.769+0000] {logging_mixin.py:188} INFO - [2025-05-13T21:16:47.769+0000] {dag.py:3823} INFO - Setting next_dagrun for example_dynamic_task_mapping_with_no_taskflow_operators to 2025-05-12 00:00:00+00:00, run_after=2025-05-13 00:00:00+00:00
[2025-05-13T21:16:47.798+0000] {processor.py:183} INFO - Processing /home/airflow/.local/lib/python3.8/site-packages/airflow/example_dags/example_dynamic_task_mapping_with_no_taskflow_operators.py took 0.115 seconds
[2025-05-13T21:17:17.856+0000] {processor.py:161} INFO - Started process (PID=395) to work on /home/airflow/.local/lib/python3.8/site-packages/airflow/example_dags/example_dynamic_task_mapping_with_no_taskflow_operators.py
[2025-05-13T21:17:17.858+0000] {processor.py:830} INFO - Processing file /home/airflow/.local/lib/python3.8/site-packages/airflow/example_dags/example_dynamic_task_mapping_with_no_taskflow_operators.py for tasks to queue
[2025-05-13T21:17:17.860+0000] {logging_mixin.py:188} INFO - [2025-05-13T21:17:17.860+0000] {dagbag.py:538} INFO - Filling up the DagBag from /home/airflow/.local/lib/python3.8/site-packages/airflow/example_dags/example_dynamic_task_mapping_with_no_taskflow_operators.py
[2025-05-13T21:17:17.867+0000] {processor.py:840} INFO - DAG(s) 'example_dynamic_task_mapping_with_no_taskflow_operators' retrieved from /home/airflow/.local/lib/python3.8/site-packages/airflow/example_dags/example_dynamic_task_mapping_with_no_taskflow_operators.py
[2025-05-13T21:17:17.894+0000] {logging_mixin.py:188} INFO - [2025-05-13T21:17:17.894+0000] {dag.py:3036} INFO - Sync 1 DAGs
[2025-05-13T21:17:17.925+0000] {logging_mixin.py:188} INFO - [2025-05-13T21:17:17.924+0000] {dag.py:3823} INFO - Setting next_dagrun for example_dynamic_task_mapping_with_no_taskflow_operators to 2025-05-12 00:00:00+00:00, run_after=2025-05-13 00:00:00+00:00
[2025-05-13T21:17:17.957+0000] {processor.py:183} INFO - Processing /home/airflow/.local/lib/python3.8/site-packages/airflow/example_dags/example_dynamic_task_mapping_with_no_taskflow_operators.py took 0.105 seconds
[2025-05-13T21:17:48.369+0000] {processor.py:161} INFO - Started process (PID=451) to work on /home/airflow/.local/lib/python3.8/site-packages/airflow/example_dags/example_dynamic_task_mapping_with_no_taskflow_operators.py
[2025-05-13T21:17:48.371+0000] {processor.py:830} INFO - Processing file /home/airflow/.local/lib/python3.8/site-packages/airflow/example_dags/example_dynamic_task_mapping_with_no_taskflow_operators.py for tasks to queue
[2025-05-13T21:17:48.374+0000] {logging_mixin.py:188} INFO - [2025-05-13T21:17:48.374+0000] {dagbag.py:538} INFO - Filling up the DagBag from /home/airflow/.local/lib/python3.8/site-packages/airflow/example_dags/example_dynamic_task_mapping_with_no_taskflow_operators.py
[2025-05-13T21:17:48.383+0000] {processor.py:840} INFO - DAG(s) 'example_dynamic_task_mapping_with_no_taskflow_operators' retrieved from /home/airflow/.local/lib/python3.8/site-packages/airflow/example_dags/example_dynamic_task_mapping_with_no_taskflow_operators.py
[2025-05-13T21:17:48.419+0000] {logging_mixin.py:188} INFO - [2025-05-13T21:17:48.418+0000] {dag.py:3036} INFO - Sync 1 DAGs
[2025-05-13T21:17:48.454+0000] {logging_mixin.py:188} INFO - [2025-05-13T21:17:48.453+0000] {dag.py:3823} INFO - Setting next_dagrun for example_dynamic_task_mapping_with_no_taskflow_operators to 2025-05-12 00:00:00+00:00, run_after=2025-05-13 00:00:00+00:00
[2025-05-13T21:17:48.498+0000] {processor.py:183} INFO - Processing /home/airflow/.local/lib/python3.8/site-packages/airflow/example_dags/example_dynamic_task_mapping_with_no_taskflow_operators.py took 0.132 seconds
[2025-05-13T21:18:19.373+0000] {processor.py:161} INFO - Started process (PID=507) to work on /home/airflow/.local/lib/python3.8/site-packages/airflow/example_dags/example_dynamic_task_mapping_with_no_taskflow_operators.py
[2025-05-13T21:18:19.374+0000] {processor.py:830} INFO - Processing file /home/airflow/.local/lib/python3.8/site-packages/airflow/example_dags/example_dynamic_task_mapping_with_no_taskflow_operators.py for tasks to queue
[2025-05-13T21:18:19.376+0000] {logging_mixin.py:188} INFO - [2025-05-13T21:18:19.376+0000] {dagbag.py:538} INFO - Filling up the DagBag from /home/airflow/.local/lib/python3.8/site-packages/airflow/example_dags/example_dynamic_task_mapping_with_no_taskflow_operators.py
[2025-05-13T21:18:19.382+0000] {processor.py:840} INFO - DAG(s) 'example_dynamic_task_mapping_with_no_taskflow_operators' retrieved from /home/airflow/.local/lib/python3.8/site-packages/airflow/example_dags/example_dynamic_task_mapping_with_no_taskflow_operators.py
[2025-05-13T21:18:19.409+0000] {logging_mixin.py:188} INFO - [2025-05-13T21:18:19.409+0000] {dag.py:3036} INFO - Sync 1 DAGs
[2025-05-13T21:18:19.440+0000] {logging_mixin.py:188} INFO - [2025-05-13T21:18:19.440+0000] {dag.py:3823} INFO - Setting next_dagrun for example_dynamic_task_mapping_with_no_taskflow_operators to 2025-05-12 00:00:00+00:00, run_after=2025-05-13 00:00:00+00:00
[2025-05-13T21:18:19.494+0000] {processor.py:183} INFO - Processing /home/airflow/.local/lib/python3.8/site-packages/airflow/example_dags/example_dynamic_task_mapping_with_no_taskflow_operators.py took 0.125 seconds
[2025-05-13T21:18:49.643+0000] {processor.py:161} INFO - Started process (PID=562) to work on /home/airflow/.local/lib/python3.8/site-packages/airflow/example_dags/example_dynamic_task_mapping_with_no_taskflow_operators.py
[2025-05-13T21:18:49.644+0000] {processor.py:830} INFO - Processing file /home/airflow/.local/lib/python3.8/site-packages/airflow/example_dags/example_dynamic_task_mapping_with_no_taskflow_operators.py for tasks to queue
[2025-05-13T21:18:49.647+0000] {logging_mixin.py:188} INFO - [2025-05-13T21:18:49.646+0000] {dagbag.py:538} INFO - Filling up the DagBag from /home/airflow/.local/lib/python3.8/site-packages/airflow/example_dags/example_dynamic_task_mapping_with_no_taskflow_operators.py
[2025-05-13T21:18:49.654+0000] {processor.py:840} INFO - DAG(s) 'example_dynamic_task_mapping_with_no_taskflow_operators' retrieved from /home/airflow/.local/lib/python3.8/site-packages/airflow/example_dags/example_dynamic_task_mapping_with_no_taskflow_operators.py
[2025-05-13T21:18:49.682+0000] {logging_mixin.py:188} INFO - [2025-05-13T21:18:49.681+0000] {dag.py:3036} INFO - Sync 1 DAGs
[2025-05-13T21:18:49.714+0000] {logging_mixin.py:188} INFO - [2025-05-13T21:18:49.714+0000] {dag.py:3823} INFO - Setting next_dagrun for example_dynamic_task_mapping_with_no_taskflow_operators to 2025-05-12 00:00:00+00:00, run_after=2025-05-13 00:00:00+00:00
[2025-05-13T21:18:49.745+0000] {processor.py:183} INFO - Processing /home/airflow/.local/lib/python3.8/site-packages/airflow/example_dags/example_dynamic_task_mapping_with_no_taskflow_operators.py took 0.106 seconds
[2025-05-13T21:19:20.363+0000] {processor.py:161} INFO - Started process (PID=619) to work on /home/airflow/.local/lib/python3.8/site-packages/airflow/example_dags/example_dynamic_task_mapping_with_no_taskflow_operators.py
[2025-05-13T21:19:20.364+0000] {processor.py:830} INFO - Processing file /home/airflow/.local/lib/python3.8/site-packages/airflow/example_dags/example_dynamic_task_mapping_with_no_taskflow_operators.py for tasks to queue
[2025-05-13T21:19:20.367+0000] {logging_mixin.py:188} INFO - [2025-05-13T21:19:20.366+0000] {dagbag.py:538} INFO - Filling up the DagBag from /home/airflow/.local/lib/python3.8/site-packages/airflow/example_dags/example_dynamic_task_mapping_with_no_taskflow_operators.py
[2025-05-13T21:19:20.376+0000] {processor.py:840} INFO - DAG(s) 'example_dynamic_task_mapping_with_no_taskflow_operators' retrieved from /home/airflow/.local/lib/python3.8/site-packages/airflow/example_dags/example_dynamic_task_mapping_with_no_taskflow_operators.py
[2025-05-13T21:19:20.429+0000] {logging_mixin.py:188} INFO - [2025-05-13T21:19:20.429+0000] {dag.py:3036} INFO - Sync 1 DAGs
[2025-05-13T21:19:20.458+0000] {logging_mixin.py:188} INFO - [2025-05-13T21:19:20.457+0000] {dag.py:3823} INFO - Setting next_dagrun for example_dynamic_task_mapping_with_no_taskflow_operators to 2025-05-12 00:00:00+00:00, run_after=2025-05-13 00:00:00+00:00
[2025-05-13T21:19:20.504+0000] {processor.py:183} INFO - Processing /home/airflow/.local/lib/python3.8/site-packages/airflow/example_dags/example_dynamic_task_mapping_with_no_taskflow_operators.py took 0.145 seconds
[2025-05-13T21:58:09.747+0000] {processor.py:161} INFO - Started process (PID=693) to work on /home/airflow/.local/lib/python3.8/site-packages/airflow/example_dags/example_dynamic_task_mapping_with_no_taskflow_operators.py
[2025-05-13T21:58:09.748+0000] {processor.py:830} INFO - Processing file /home/airflow/.local/lib/python3.8/site-packages/airflow/example_dags/example_dynamic_task_mapping_with_no_taskflow_operators.py for tasks to queue
[2025-05-13T21:58:09.751+0000] {logging_mixin.py:188} INFO - [2025-05-13T21:58:09.750+0000] {dagbag.py:538} INFO - Filling up the DagBag from /home/airflow/.local/lib/python3.8/site-packages/airflow/example_dags/example_dynamic_task_mapping_with_no_taskflow_operators.py
[2025-05-13T21:58:09.761+0000] {processor.py:840} INFO - DAG(s) 'example_dynamic_task_mapping_with_no_taskflow_operators' retrieved from /home/airflow/.local/lib/python3.8/site-packages/airflow/example_dags/example_dynamic_task_mapping_with_no_taskflow_operators.py
[2025-05-13T21:58:09.792+0000] {logging_mixin.py:188} INFO - [2025-05-13T21:58:09.792+0000] {dag.py:3036} INFO - Sync 1 DAGs
[2025-05-13T21:58:09.834+0000] {logging_mixin.py:188} INFO - [2025-05-13T21:58:09.833+0000] {dag.py:3823} INFO - Setting next_dagrun for example_dynamic_task_mapping_with_no_taskflow_operators to 2025-05-12 00:00:00+00:00, run_after=2025-05-13 00:00:00+00:00
[2025-05-13T21:58:09.889+0000] {processor.py:183} INFO - Processing /home/airflow/.local/lib/python3.8/site-packages/airflow/example_dags/example_dynamic_task_mapping_with_no_taskflow_operators.py took 0.145 seconds
[2025-05-13T21:58:40.136+0000] {processor.py:161} INFO - Started process (PID=749) to work on /home/airflow/.local/lib/python3.8/site-packages/airflow/example_dags/example_dynamic_task_mapping_with_no_taskflow_operators.py
[2025-05-13T21:58:40.138+0000] {processor.py:830} INFO - Processing file /home/airflow/.local/lib/python3.8/site-packages/airflow/example_dags/example_dynamic_task_mapping_with_no_taskflow_operators.py for tasks to queue
[2025-05-13T21:58:40.140+0000] {logging_mixin.py:188} INFO - [2025-05-13T21:58:40.139+0000] {dagbag.py:538} INFO - Filling up the DagBag from /home/airflow/.local/lib/python3.8/site-packages/airflow/example_dags/example_dynamic_task_mapping_with_no_taskflow_operators.py
[2025-05-13T21:58:40.146+0000] {processor.py:840} INFO - DAG(s) 'example_dynamic_task_mapping_with_no_taskflow_operators' retrieved from /home/airflow/.local/lib/python3.8/site-packages/airflow/example_dags/example_dynamic_task_mapping_with_no_taskflow_operators.py
[2025-05-13T21:58:40.170+0000] {logging_mixin.py:188} INFO - [2025-05-13T21:58:40.170+0000] {dag.py:3036} INFO - Sync 1 DAGs
[2025-05-13T21:58:40.199+0000] {logging_mixin.py:188} INFO - [2025-05-13T21:58:40.198+0000] {dag.py:3823} INFO - Setting next_dagrun for example_dynamic_task_mapping_with_no_taskflow_operators to 2025-05-12 00:00:00+00:00, run_after=2025-05-13 00:00:00+00:00
[2025-05-13T21:58:40.222+0000] {processor.py:183} INFO - Processing /home/airflow/.local/lib/python3.8/site-packages/airflow/example_dags/example_dynamic_task_mapping_with_no_taskflow_operators.py took 0.089 seconds
[2025-05-13T21:59:10.635+0000] {processor.py:161} INFO - Started process (PID=806) to work on /home/airflow/.local/lib/python3.8/site-packages/airflow/example_dags/example_dynamic_task_mapping_with_no_taskflow_operators.py
[2025-05-13T21:59:10.637+0000] {processor.py:830} INFO - Processing file /home/airflow/.local/lib/python3.8/site-packages/airflow/example_dags/example_dynamic_task_mapping_with_no_taskflow_operators.py for tasks to queue
[2025-05-13T21:59:10.640+0000] {logging_mixin.py:188} INFO - [2025-05-13T21:59:10.639+0000] {dagbag.py:538} INFO - Filling up the DagBag from /home/airflow/.local/lib/python3.8/site-packages/airflow/example_dags/example_dynamic_task_mapping_with_no_taskflow_operators.py
[2025-05-13T21:59:10.648+0000] {processor.py:840} INFO - DAG(s) 'example_dynamic_task_mapping_with_no_taskflow_operators' retrieved from /home/airflow/.local/lib/python3.8/site-packages/airflow/example_dags/example_dynamic_task_mapping_with_no_taskflow_operators.py
[2025-05-13T21:59:10.679+0000] {logging_mixin.py:188} INFO - [2025-05-13T21:59:10.678+0000] {dag.py:3036} INFO - Sync 1 DAGs
[2025-05-13T21:59:10.710+0000] {logging_mixin.py:188} INFO - [2025-05-13T21:59:10.709+0000] {dag.py:3823} INFO - Setting next_dagrun for example_dynamic_task_mapping_with_no_taskflow_operators to 2025-05-12 00:00:00+00:00, run_after=2025-05-13 00:00:00+00:00
[2025-05-13T21:59:10.746+0000] {processor.py:183} INFO - Processing /home/airflow/.local/lib/python3.8/site-packages/airflow/example_dags/example_dynamic_task_mapping_with_no_taskflow_operators.py took 0.115 seconds
[2025-05-13T21:59:41.750+0000] {processor.py:161} INFO - Started process (PID=862) to work on /home/airflow/.local/lib/python3.8/site-packages/airflow/example_dags/example_dynamic_task_mapping_with_no_taskflow_operators.py
[2025-05-13T21:59:41.758+0000] {processor.py:830} INFO - Processing file /home/airflow/.local/lib/python3.8/site-packages/airflow/example_dags/example_dynamic_task_mapping_with_no_taskflow_operators.py for tasks to queue
[2025-05-13T21:59:41.765+0000] {logging_mixin.py:188} INFO - [2025-05-13T21:59:41.763+0000] {dagbag.py:538} INFO - Filling up the DagBag from /home/airflow/.local/lib/python3.8/site-packages/airflow/example_dags/example_dynamic_task_mapping_with_no_taskflow_operators.py
[2025-05-13T21:59:41.795+0000] {processor.py:840} INFO - DAG(s) 'example_dynamic_task_mapping_with_no_taskflow_operators' retrieved from /home/airflow/.local/lib/python3.8/site-packages/airflow/example_dags/example_dynamic_task_mapping_with_no_taskflow_operators.py
[2025-05-13T21:59:41.831+0000] {logging_mixin.py:188} INFO - [2025-05-13T21:59:41.831+0000] {dag.py:3036} INFO - Sync 1 DAGs
[2025-05-13T21:59:41.874+0000] {logging_mixin.py:188} INFO - [2025-05-13T21:59:41.873+0000] {dag.py:3823} INFO - Setting next_dagrun for example_dynamic_task_mapping_with_no_taskflow_operators to 2025-05-12 00:00:00+00:00, run_after=2025-05-13 00:00:00+00:00
[2025-05-13T21:59:41.920+0000] {processor.py:183} INFO - Processing /home/airflow/.local/lib/python3.8/site-packages/airflow/example_dags/example_dynamic_task_mapping_with_no_taskflow_operators.py took 0.174 seconds
