[2025-05-13T21:09:34.195+0000] {processor.py:161} INFO - Started process (PID=109) to work on /home/airflow/.local/lib/python3.8/site-packages/airflow/example_dags/example_bash_operator.py
[2025-05-13T21:09:34.197+0000] {processor.py:830} INFO - Processing file /home/airflow/.local/lib/python3.8/site-packages/airflow/example_dags/example_bash_operator.py for tasks to queue
[2025-05-13T21:09:34.199+0000] {logging_mixin.py:188} INFO - [2025-05-13T21:09:34.198+0000] {dagbag.py:538} INFO - Filling up the DagBag from /home/airflow/.local/lib/python3.8/site-packages/airflow/example_dags/example_bash_operator.py
[2025-05-13T21:09:34.213+0000] {processor.py:840} INFO - DAG(s) 'example_bash_operator' retrieved from /home/airflow/.local/lib/python3.8/site-packages/airflow/example_dags/example_bash_operator.py
[2025-05-13T21:09:34.360+0000] {logging_mixin.py:188} INFO - [2025-05-13T21:09:34.359+0000] {dag.py:3036} INFO - Sync 1 DAGs
[2025-05-13T21:09:34.393+0000] {logging_mixin.py:188} INFO - [2025-05-13T21:09:34.393+0000] {dag.py:3823} INFO - Setting next_dagrun for example_bash_operator to 2025-05-12 00:00:00+00:00, run_after=2025-05-13 00:00:00+00:00
[2025-05-13T21:09:34.425+0000] {processor.py:183} INFO - Processing /home/airflow/.local/lib/python3.8/site-packages/airflow/example_dags/example_bash_operator.py took 0.233 seconds
[2025-05-13T21:14:45.512+0000] {processor.py:161} INFO - Started process (PID=112) to work on /home/airflow/.local/lib/python3.8/site-packages/airflow/example_dags/example_bash_operator.py
[2025-05-13T21:14:45.515+0000] {processor.py:830} INFO - Processing file /home/airflow/.local/lib/python3.8/site-packages/airflow/example_dags/example_bash_operator.py for tasks to queue
[2025-05-13T21:14:45.522+0000] {logging_mixin.py:188} INFO - [2025-05-13T21:14:45.521+0000] {dagbag.py:538} INFO - Filling up the DagBag from /home/airflow/.local/lib/python3.8/site-packages/airflow/example_dags/example_bash_operator.py
[2025-05-13T21:14:45.561+0000] {processor.py:840} INFO - DAG(s) 'example_bash_operator' retrieved from /home/airflow/.local/lib/python3.8/site-packages/airflow/example_dags/example_bash_operator.py
[2025-05-13T21:14:46.054+0000] {logging_mixin.py:188} INFO - [2025-05-13T21:14:46.053+0000] {dag.py:3036} INFO - Sync 1 DAGs
[2025-05-13T21:14:46.141+0000] {logging_mixin.py:188} INFO - [2025-05-13T21:14:46.140+0000] {dag.py:3823} INFO - Setting next_dagrun for example_bash_operator to 2025-05-12 00:00:00+00:00, run_after=2025-05-13 00:00:00+00:00
[2025-05-13T21:14:46.264+0000] {processor.py:183} INFO - Processing /home/airflow/.local/lib/python3.8/site-packages/airflow/example_dags/example_bash_operator.py took 0.756 seconds
[2025-05-13T21:15:17.145+0000] {processor.py:161} INFO - Started process (PID=174) to work on /home/airflow/.local/lib/python3.8/site-packages/airflow/example_dags/example_bash_operator.py
[2025-05-13T21:15:17.146+0000] {processor.py:830} INFO - Processing file /home/airflow/.local/lib/python3.8/site-packages/airflow/example_dags/example_bash_operator.py for tasks to queue
[2025-05-13T21:15:17.149+0000] {logging_mixin.py:188} INFO - [2025-05-13T21:15:17.148+0000] {dagbag.py:538} INFO - Filling up the DagBag from /home/airflow/.local/lib/python3.8/site-packages/airflow/example_dags/example_bash_operator.py
[2025-05-13T21:15:17.161+0000] {processor.py:840} INFO - DAG(s) 'example_bash_operator' retrieved from /home/airflow/.local/lib/python3.8/site-packages/airflow/example_dags/example_bash_operator.py
[2025-05-13T21:15:17.196+0000] {logging_mixin.py:188} INFO - [2025-05-13T21:15:17.196+0000] {dag.py:3036} INFO - Sync 1 DAGs
[2025-05-13T21:15:17.231+0000] {logging_mixin.py:188} INFO - [2025-05-13T21:15:17.231+0000] {dag.py:3823} INFO - Setting next_dagrun for example_bash_operator to 2025-05-12 00:00:00+00:00, run_after=2025-05-13 00:00:00+00:00
[2025-05-13T21:15:17.262+0000] {processor.py:183} INFO - Processing /home/airflow/.local/lib/python3.8/site-packages/airflow/example_dags/example_bash_operator.py took 0.120 seconds
[2025-05-13T21:15:47.963+0000] {processor.py:161} INFO - Started process (PID=230) to work on /home/airflow/.local/lib/python3.8/site-packages/airflow/example_dags/example_bash_operator.py
[2025-05-13T21:15:47.965+0000] {processor.py:830} INFO - Processing file /home/airflow/.local/lib/python3.8/site-packages/airflow/example_dags/example_bash_operator.py for tasks to queue
[2025-05-13T21:15:47.968+0000] {logging_mixin.py:188} INFO - [2025-05-13T21:15:47.967+0000] {dagbag.py:538} INFO - Filling up the DagBag from /home/airflow/.local/lib/python3.8/site-packages/airflow/example_dags/example_bash_operator.py
[2025-05-13T21:15:47.983+0000] {processor.py:840} INFO - DAG(s) 'example_bash_operator' retrieved from /home/airflow/.local/lib/python3.8/site-packages/airflow/example_dags/example_bash_operator.py
[2025-05-13T21:15:48.019+0000] {logging_mixin.py:188} INFO - [2025-05-13T21:15:48.019+0000] {dag.py:3036} INFO - Sync 1 DAGs
[2025-05-13T21:15:48.050+0000] {logging_mixin.py:188} INFO - [2025-05-13T21:15:48.049+0000] {dag.py:3823} INFO - Setting next_dagrun for example_bash_operator to 2025-05-12 00:00:00+00:00, run_after=2025-05-13 00:00:00+00:00
[2025-05-13T21:15:48.082+0000] {processor.py:183} INFO - Processing /home/airflow/.local/lib/python3.8/site-packages/airflow/example_dags/example_bash_operator.py took 0.122 seconds
[2025-05-13T21:16:18.425+0000] {processor.py:161} INFO - Started process (PID=286) to work on /home/airflow/.local/lib/python3.8/site-packages/airflow/example_dags/example_bash_operator.py
[2025-05-13T21:16:18.429+0000] {processor.py:830} INFO - Processing file /home/airflow/.local/lib/python3.8/site-packages/airflow/example_dags/example_bash_operator.py for tasks to queue
[2025-05-13T21:16:18.432+0000] {logging_mixin.py:188} INFO - [2025-05-13T21:16:18.432+0000] {dagbag.py:538} INFO - Filling up the DagBag from /home/airflow/.local/lib/python3.8/site-packages/airflow/example_dags/example_bash_operator.py
[2025-05-13T21:16:18.449+0000] {processor.py:840} INFO - DAG(s) 'example_bash_operator' retrieved from /home/airflow/.local/lib/python3.8/site-packages/airflow/example_dags/example_bash_operator.py
[2025-05-13T21:16:18.495+0000] {logging_mixin.py:188} INFO - [2025-05-13T21:16:18.495+0000] {dag.py:3036} INFO - Sync 1 DAGs
[2025-05-13T21:16:18.528+0000] {logging_mixin.py:188} INFO - [2025-05-13T21:16:18.528+0000] {dag.py:3823} INFO - Setting next_dagrun for example_bash_operator to 2025-05-12 00:00:00+00:00, run_after=2025-05-13 00:00:00+00:00
[2025-05-13T21:16:18.563+0000] {processor.py:183} INFO - Processing /home/airflow/.local/lib/python3.8/site-packages/airflow/example_dags/example_bash_operator.py took 0.143 seconds
[2025-05-13T21:16:48.881+0000] {processor.py:161} INFO - Started process (PID=342) to work on /home/airflow/.local/lib/python3.8/site-packages/airflow/example_dags/example_bash_operator.py
[2025-05-13T21:16:48.883+0000] {processor.py:830} INFO - Processing file /home/airflow/.local/lib/python3.8/site-packages/airflow/example_dags/example_bash_operator.py for tasks to queue
[2025-05-13T21:16:48.887+0000] {logging_mixin.py:188} INFO - [2025-05-13T21:16:48.887+0000] {dagbag.py:538} INFO - Filling up the DagBag from /home/airflow/.local/lib/python3.8/site-packages/airflow/example_dags/example_bash_operator.py
[2025-05-13T21:16:48.904+0000] {processor.py:840} INFO - DAG(s) 'example_bash_operator' retrieved from /home/airflow/.local/lib/python3.8/site-packages/airflow/example_dags/example_bash_operator.py
[2025-05-13T21:16:48.956+0000] {logging_mixin.py:188} INFO - [2025-05-13T21:16:48.956+0000] {dag.py:3036} INFO - Sync 1 DAGs
[2025-05-13T21:16:48.991+0000] {logging_mixin.py:188} INFO - [2025-05-13T21:16:48.991+0000] {dag.py:3823} INFO - Setting next_dagrun for example_bash_operator to 2025-05-12 00:00:00+00:00, run_after=2025-05-13 00:00:00+00:00
[2025-05-13T21:16:49.022+0000] {processor.py:183} INFO - Processing /home/airflow/.local/lib/python3.8/site-packages/airflow/example_dags/example_bash_operator.py took 0.144 seconds
[2025-05-13T21:17:19.158+0000] {processor.py:161} INFO - Started process (PID=398) to work on /home/airflow/.local/lib/python3.8/site-packages/airflow/example_dags/example_bash_operator.py
[2025-05-13T21:17:19.160+0000] {processor.py:830} INFO - Processing file /home/airflow/.local/lib/python3.8/site-packages/airflow/example_dags/example_bash_operator.py for tasks to queue
[2025-05-13T21:17:19.163+0000] {logging_mixin.py:188} INFO - [2025-05-13T21:17:19.162+0000] {dagbag.py:538} INFO - Filling up the DagBag from /home/airflow/.local/lib/python3.8/site-packages/airflow/example_dags/example_bash_operator.py
[2025-05-13T21:17:19.177+0000] {processor.py:840} INFO - DAG(s) 'example_bash_operator' retrieved from /home/airflow/.local/lib/python3.8/site-packages/airflow/example_dags/example_bash_operator.py
[2025-05-13T21:17:19.213+0000] {logging_mixin.py:188} INFO - [2025-05-13T21:17:19.212+0000] {dag.py:3036} INFO - Sync 1 DAGs
[2025-05-13T21:17:19.252+0000] {logging_mixin.py:188} INFO - [2025-05-13T21:17:19.251+0000] {dag.py:3823} INFO - Setting next_dagrun for example_bash_operator to 2025-05-12 00:00:00+00:00, run_after=2025-05-13 00:00:00+00:00
[2025-05-13T21:17:19.299+0000] {processor.py:183} INFO - Processing /home/airflow/.local/lib/python3.8/site-packages/airflow/example_dags/example_bash_operator.py took 0.146 seconds
[2025-05-13T21:17:49.573+0000] {processor.py:161} INFO - Started process (PID=454) to work on /home/airflow/.local/lib/python3.8/site-packages/airflow/example_dags/example_bash_operator.py
[2025-05-13T21:17:49.575+0000] {processor.py:830} INFO - Processing file /home/airflow/.local/lib/python3.8/site-packages/airflow/example_dags/example_bash_operator.py for tasks to queue
[2025-05-13T21:17:49.577+0000] {logging_mixin.py:188} INFO - [2025-05-13T21:17:49.577+0000] {dagbag.py:538} INFO - Filling up the DagBag from /home/airflow/.local/lib/python3.8/site-packages/airflow/example_dags/example_bash_operator.py
[2025-05-13T21:17:49.594+0000] {processor.py:840} INFO - DAG(s) 'example_bash_operator' retrieved from /home/airflow/.local/lib/python3.8/site-packages/airflow/example_dags/example_bash_operator.py
[2025-05-13T21:17:49.637+0000] {logging_mixin.py:188} INFO - [2025-05-13T21:17:49.637+0000] {dag.py:3036} INFO - Sync 1 DAGs
[2025-05-13T21:17:49.670+0000] {logging_mixin.py:188} INFO - [2025-05-13T21:17:49.669+0000] {dag.py:3823} INFO - Setting next_dagrun for example_bash_operator to 2025-05-12 00:00:00+00:00, run_after=2025-05-13 00:00:00+00:00
[2025-05-13T21:17:49.709+0000] {processor.py:183} INFO - Processing /home/airflow/.local/lib/python3.8/site-packages/airflow/example_dags/example_bash_operator.py took 0.139 seconds
[2025-05-13T21:18:20.583+0000] {processor.py:161} INFO - Started process (PID=510) to work on /home/airflow/.local/lib/python3.8/site-packages/airflow/example_dags/example_bash_operator.py
[2025-05-13T21:18:20.584+0000] {processor.py:830} INFO - Processing file /home/airflow/.local/lib/python3.8/site-packages/airflow/example_dags/example_bash_operator.py for tasks to queue
[2025-05-13T21:18:20.588+0000] {logging_mixin.py:188} INFO - [2025-05-13T21:18:20.588+0000] {dagbag.py:538} INFO - Filling up the DagBag from /home/airflow/.local/lib/python3.8/site-packages/airflow/example_dags/example_bash_operator.py
[2025-05-13T21:18:20.602+0000] {processor.py:840} INFO - DAG(s) 'example_bash_operator' retrieved from /home/airflow/.local/lib/python3.8/site-packages/airflow/example_dags/example_bash_operator.py
[2025-05-13T21:18:20.633+0000] {logging_mixin.py:188} INFO - [2025-05-13T21:18:20.633+0000] {dag.py:3036} INFO - Sync 1 DAGs
[2025-05-13T21:18:20.659+0000] {logging_mixin.py:188} INFO - [2025-05-13T21:18:20.658+0000] {dag.py:3823} INFO - Setting next_dagrun for example_bash_operator to 2025-05-12 00:00:00+00:00, run_after=2025-05-13 00:00:00+00:00
[2025-05-13T21:18:20.687+0000] {processor.py:183} INFO - Processing /home/airflow/.local/lib/python3.8/site-packages/airflow/example_dags/example_bash_operator.py took 0.107 seconds
[2025-05-13T21:18:50.815+0000] {processor.py:161} INFO - Started process (PID=565) to work on /home/airflow/.local/lib/python3.8/site-packages/airflow/example_dags/example_bash_operator.py
[2025-05-13T21:18:50.817+0000] {processor.py:830} INFO - Processing file /home/airflow/.local/lib/python3.8/site-packages/airflow/example_dags/example_bash_operator.py for tasks to queue
[2025-05-13T21:18:50.820+0000] {logging_mixin.py:188} INFO - [2025-05-13T21:18:50.819+0000] {dagbag.py:538} INFO - Filling up the DagBag from /home/airflow/.local/lib/python3.8/site-packages/airflow/example_dags/example_bash_operator.py
[2025-05-13T21:18:50.834+0000] {processor.py:840} INFO - DAG(s) 'example_bash_operator' retrieved from /home/airflow/.local/lib/python3.8/site-packages/airflow/example_dags/example_bash_operator.py
[2025-05-13T21:18:50.880+0000] {logging_mixin.py:188} INFO - [2025-05-13T21:18:50.879+0000] {dag.py:3036} INFO - Sync 1 DAGs
[2025-05-13T21:18:50.917+0000] {logging_mixin.py:188} INFO - [2025-05-13T21:18:50.916+0000] {dag.py:3823} INFO - Setting next_dagrun for example_bash_operator to 2025-05-12 00:00:00+00:00, run_after=2025-05-13 00:00:00+00:00
[2025-05-13T21:18:50.951+0000] {processor.py:183} INFO - Processing /home/airflow/.local/lib/python3.8/site-packages/airflow/example_dags/example_bash_operator.py took 0.139 seconds
[2025-05-13T21:19:21.563+0000] {processor.py:161} INFO - Started process (PID=622) to work on /home/airflow/.local/lib/python3.8/site-packages/airflow/example_dags/example_bash_operator.py
[2025-05-13T21:19:21.565+0000] {processor.py:830} INFO - Processing file /home/airflow/.local/lib/python3.8/site-packages/airflow/example_dags/example_bash_operator.py for tasks to queue
[2025-05-13T21:19:21.567+0000] {logging_mixin.py:188} INFO - [2025-05-13T21:19:21.567+0000] {dagbag.py:538} INFO - Filling up the DagBag from /home/airflow/.local/lib/python3.8/site-packages/airflow/example_dags/example_bash_operator.py
[2025-05-13T21:19:21.582+0000] {processor.py:840} INFO - DAG(s) 'example_bash_operator' retrieved from /home/airflow/.local/lib/python3.8/site-packages/airflow/example_dags/example_bash_operator.py
[2025-05-13T21:19:21.624+0000] {logging_mixin.py:188} INFO - [2025-05-13T21:19:21.623+0000] {dag.py:3036} INFO - Sync 1 DAGs
[2025-05-13T21:19:21.653+0000] {logging_mixin.py:188} INFO - [2025-05-13T21:19:21.653+0000] {dag.py:3823} INFO - Setting next_dagrun for example_bash_operator to 2025-05-12 00:00:00+00:00, run_after=2025-05-13 00:00:00+00:00
[2025-05-13T21:19:21.711+0000] {processor.py:183} INFO - Processing /home/airflow/.local/lib/python3.8/site-packages/airflow/example_dags/example_bash_operator.py took 0.151 seconds
[2025-05-13T21:58:09.976+0000] {processor.py:161} INFO - Started process (PID=696) to work on /home/airflow/.local/lib/python3.8/site-packages/airflow/example_dags/example_bash_operator.py
[2025-05-13T21:58:09.977+0000] {processor.py:830} INFO - Processing file /home/airflow/.local/lib/python3.8/site-packages/airflow/example_dags/example_bash_operator.py for tasks to queue
[2025-05-13T21:58:09.980+0000] {logging_mixin.py:188} INFO - [2025-05-13T21:58:09.979+0000] {dagbag.py:538} INFO - Filling up the DagBag from /home/airflow/.local/lib/python3.8/site-packages/airflow/example_dags/example_bash_operator.py
[2025-05-13T21:58:10.022+0000] {processor.py:840} INFO - DAG(s) 'example_bash_operator' retrieved from /home/airflow/.local/lib/python3.8/site-packages/airflow/example_dags/example_bash_operator.py
[2025-05-13T21:58:10.071+0000] {logging_mixin.py:188} INFO - [2025-05-13T21:58:10.071+0000] {dag.py:3036} INFO - Sync 1 DAGs
[2025-05-13T21:58:10.101+0000] {logging_mixin.py:188} INFO - [2025-05-13T21:58:10.101+0000] {dag.py:3823} INFO - Setting next_dagrun for example_bash_operator to 2025-05-12 00:00:00+00:00, run_after=2025-05-13 00:00:00+00:00
[2025-05-13T21:58:10.136+0000] {processor.py:183} INFO - Processing /home/airflow/.local/lib/python3.8/site-packages/airflow/example_dags/example_bash_operator.py took 0.163 seconds
[2025-05-13T21:58:40.397+0000] {processor.py:161} INFO - Started process (PID=752) to work on /home/airflow/.local/lib/python3.8/site-packages/airflow/example_dags/example_bash_operator.py
[2025-05-13T21:58:40.399+0000] {processor.py:830} INFO - Processing file /home/airflow/.local/lib/python3.8/site-packages/airflow/example_dags/example_bash_operator.py for tasks to queue
[2025-05-13T21:58:40.402+0000] {logging_mixin.py:188} INFO - [2025-05-13T21:58:40.401+0000] {dagbag.py:538} INFO - Filling up the DagBag from /home/airflow/.local/lib/python3.8/site-packages/airflow/example_dags/example_bash_operator.py
[2025-05-13T21:58:40.419+0000] {processor.py:840} INFO - DAG(s) 'example_bash_operator' retrieved from /home/airflow/.local/lib/python3.8/site-packages/airflow/example_dags/example_bash_operator.py
[2025-05-13T21:58:40.460+0000] {logging_mixin.py:188} INFO - [2025-05-13T21:58:40.460+0000] {dag.py:3036} INFO - Sync 1 DAGs
[2025-05-13T21:58:40.487+0000] {logging_mixin.py:188} INFO - [2025-05-13T21:58:40.487+0000] {dag.py:3823} INFO - Setting next_dagrun for example_bash_operator to 2025-05-12 00:00:00+00:00, run_after=2025-05-13 00:00:00+00:00
[2025-05-13T21:58:40.517+0000] {processor.py:183} INFO - Processing /home/airflow/.local/lib/python3.8/site-packages/airflow/example_dags/example_bash_operator.py took 0.123 seconds
[2025-05-13T21:59:10.831+0000] {processor.py:161} INFO - Started process (PID=809) to work on /home/airflow/.local/lib/python3.8/site-packages/airflow/example_dags/example_bash_operator.py
[2025-05-13T21:59:10.833+0000] {processor.py:830} INFO - Processing file /home/airflow/.local/lib/python3.8/site-packages/airflow/example_dags/example_bash_operator.py for tasks to queue
[2025-05-13T21:59:10.836+0000] {logging_mixin.py:188} INFO - [2025-05-13T21:59:10.835+0000] {dagbag.py:538} INFO - Filling up the DagBag from /home/airflow/.local/lib/python3.8/site-packages/airflow/example_dags/example_bash_operator.py
[2025-05-13T21:59:10.852+0000] {processor.py:840} INFO - DAG(s) 'example_bash_operator' retrieved from /home/airflow/.local/lib/python3.8/site-packages/airflow/example_dags/example_bash_operator.py
[2025-05-13T21:59:10.893+0000] {logging_mixin.py:188} INFO - [2025-05-13T21:59:10.893+0000] {dag.py:3036} INFO - Sync 1 DAGs
[2025-05-13T21:59:10.928+0000] {logging_mixin.py:188} INFO - [2025-05-13T21:59:10.927+0000] {dag.py:3823} INFO - Setting next_dagrun for example_bash_operator to 2025-05-12 00:00:00+00:00, run_after=2025-05-13 00:00:00+00:00
[2025-05-13T21:59:10.964+0000] {processor.py:183} INFO - Processing /home/airflow/.local/lib/python3.8/site-packages/airflow/example_dags/example_bash_operator.py took 0.136 seconds
[2025-05-13T21:59:42.150+0000] {processor.py:161} INFO - Started process (PID=865) to work on /home/airflow/.local/lib/python3.8/site-packages/airflow/example_dags/example_bash_operator.py
[2025-05-13T21:59:42.152+0000] {processor.py:830} INFO - Processing file /home/airflow/.local/lib/python3.8/site-packages/airflow/example_dags/example_bash_operator.py for tasks to queue
[2025-05-13T21:59:42.155+0000] {logging_mixin.py:188} INFO - [2025-05-13T21:59:42.155+0000] {dagbag.py:538} INFO - Filling up the DagBag from /home/airflow/.local/lib/python3.8/site-packages/airflow/example_dags/example_bash_operator.py
[2025-05-13T21:59:42.180+0000] {processor.py:840} INFO - DAG(s) 'example_bash_operator' retrieved from /home/airflow/.local/lib/python3.8/site-packages/airflow/example_dags/example_bash_operator.py
[2025-05-13T21:59:42.241+0000] {logging_mixin.py:188} INFO - [2025-05-13T21:59:42.240+0000] {dag.py:3036} INFO - Sync 1 DAGs
[2025-05-13T21:59:42.294+0000] {logging_mixin.py:188} INFO - [2025-05-13T21:59:42.293+0000] {dag.py:3823} INFO - Setting next_dagrun for example_bash_operator to 2025-05-12 00:00:00+00:00, run_after=2025-05-13 00:00:00+00:00
[2025-05-13T21:59:42.327+0000] {processor.py:183} INFO - Processing /home/airflow/.local/lib/python3.8/site-packages/airflow/example_dags/example_bash_operator.py took 0.181 seconds
