[2025-05-13T21:09:07.915+0000] {processor.py:161} INFO - Started process (PID=70) to work on /home/airflow/.local/lib/python3.8/site-packages/airflow/example_dags/example_branch_day_of_week_operator.py
[2025-05-13T21:09:07.917+0000] {processor.py:830} INFO - Processing file /home/airflow/.local/lib/python3.8/site-packages/airflow/example_dags/example_branch_day_of_week_operator.py for tasks to queue
[2025-05-13T21:09:07.920+0000] {logging_mixin.py:188} INFO - [2025-05-13T21:09:07.919+0000] {dagbag.py:538} INFO - Filling up the DagBag from /home/airflow/.local/lib/python3.8/site-packages/airflow/example_dags/example_branch_day_of_week_operator.py
[2025-05-13T21:09:07.975+0000] {processor.py:840} INFO - DAG(s) 'example_weekday_branch_operator' retrieved from /home/airflow/.local/lib/python3.8/site-packages/airflow/example_dags/example_branch_day_of_week_operator.py
[2025-05-13T21:09:08.585+0000] {logging_mixin.py:188} INFO - [2025-05-13T21:09:08.585+0000] {dag.py:3036} INFO - Sync 1 DAGs
[2025-05-13T21:09:08.632+0000] {logging_mixin.py:188} INFO - [2025-05-13T21:09:08.631+0000] {dag.py:3823} INFO - Setting next_dagrun for example_weekday_branch_operator to 2025-05-12 00:00:00+00:00, run_after=2025-05-13 00:00:00+00:00
[2025-05-13T21:09:08.682+0000] {processor.py:183} INFO - Processing /home/airflow/.local/lib/python3.8/site-packages/airflow/example_dags/example_branch_day_of_week_operator.py took 0.784 seconds
[2025-05-13T21:09:55.827+0000] {processor.py:161} INFO - Started process (PID=120) to work on /home/airflow/.local/lib/python3.8/site-packages/airflow/example_dags/example_branch_day_of_week_operator.py
[2025-05-13T21:09:55.829+0000] {processor.py:830} INFO - Processing file /home/airflow/.local/lib/python3.8/site-packages/airflow/example_dags/example_branch_day_of_week_operator.py for tasks to queue
[2025-05-13T21:09:55.834+0000] {logging_mixin.py:188} INFO - [2025-05-13T21:09:55.832+0000] {dagbag.py:538} INFO - Filling up the DagBag from /home/airflow/.local/lib/python3.8/site-packages/airflow/example_dags/example_branch_day_of_week_operator.py
[2025-05-13T21:09:55.859+0000] {processor.py:840} INFO - DAG(s) 'example_weekday_branch_operator' retrieved from /home/airflow/.local/lib/python3.8/site-packages/airflow/example_dags/example_branch_day_of_week_operator.py
[2025-05-13T21:09:56.905+0000] {logging_mixin.py:188} INFO - [2025-05-13T21:09:56.899+0000] {dag.py:3036} INFO - Sync 1 DAGs
[2025-05-13T21:09:57.127+0000] {logging_mixin.py:188} INFO - [2025-05-13T21:09:57.109+0000] {dag.py:3823} INFO - Setting next_dagrun for example_weekday_branch_operator to 2025-05-12 00:00:00+00:00, run_after=2025-05-13 00:00:00+00:00
[2025-05-13T21:09:57.858+0000] {processor.py:183} INFO - Processing /home/airflow/.local/lib/python3.8/site-packages/airflow/example_dags/example_branch_day_of_week_operator.py took 2.037 seconds
[2025-05-13T21:11:56.754+0000] {processor.py:161} INFO - Started process (PID=160) to work on /home/airflow/.local/lib/python3.8/site-packages/airflow/example_dags/example_branch_day_of_week_operator.py
[2025-05-13T21:11:56.758+0000] {processor.py:830} INFO - Processing file /home/airflow/.local/lib/python3.8/site-packages/airflow/example_dags/example_branch_day_of_week_operator.py for tasks to queue
[2025-05-13T21:11:56.761+0000] {logging_mixin.py:188} INFO - [2025-05-13T21:11:56.761+0000] {dagbag.py:538} INFO - Filling up the DagBag from /home/airflow/.local/lib/python3.8/site-packages/airflow/example_dags/example_branch_day_of_week_operator.py
[2025-05-13T21:11:56.821+0000] {processor.py:840} INFO - DAG(s) 'example_weekday_branch_operator' retrieved from /home/airflow/.local/lib/python3.8/site-packages/airflow/example_dags/example_branch_day_of_week_operator.py
[2025-05-13T21:11:56.884+0000] {logging_mixin.py:188} INFO - [2025-05-13T21:11:56.884+0000] {dag.py:3036} INFO - Sync 1 DAGs
[2025-05-13T21:11:56.978+0000] {logging_mixin.py:188} INFO - [2025-05-13T21:11:56.977+0000] {dag.py:3823} INFO - Setting next_dagrun for example_weekday_branch_operator to 2025-05-12 00:00:00+00:00, run_after=2025-05-13 00:00:00+00:00
[2025-05-13T21:11:57.012+0000] {processor.py:183} INFO - Processing /home/airflow/.local/lib/python3.8/site-packages/airflow/example_dags/example_branch_day_of_week_operator.py took 0.262 seconds
[2025-05-13T21:14:18.671+0000] {processor.py:161} INFO - Started process (PID=73) to work on /home/airflow/.local/lib/python3.8/site-packages/airflow/example_dags/example_branch_day_of_week_operator.py
[2025-05-13T21:14:18.675+0000] {processor.py:830} INFO - Processing file /home/airflow/.local/lib/python3.8/site-packages/airflow/example_dags/example_branch_day_of_week_operator.py for tasks to queue
[2025-05-13T21:14:18.677+0000] {logging_mixin.py:188} INFO - [2025-05-13T21:14:18.677+0000] {dagbag.py:538} INFO - Filling up the DagBag from /home/airflow/.local/lib/python3.8/site-packages/airflow/example_dags/example_branch_day_of_week_operator.py
[2025-05-13T21:14:18.695+0000] {processor.py:840} INFO - DAG(s) 'example_weekday_branch_operator' retrieved from /home/airflow/.local/lib/python3.8/site-packages/airflow/example_dags/example_branch_day_of_week_operator.py
[2025-05-13T21:14:18.910+0000] {logging_mixin.py:188} INFO - [2025-05-13T21:14:18.910+0000] {dag.py:3036} INFO - Sync 1 DAGs
[2025-05-13T21:14:18.937+0000] {logging_mixin.py:188} INFO - [2025-05-13T21:14:18.937+0000] {dag.py:3823} INFO - Setting next_dagrun for example_weekday_branch_operator to 2025-05-12 00:00:00+00:00, run_after=2025-05-13 00:00:00+00:00
[2025-05-13T21:14:18.989+0000] {processor.py:183} INFO - Processing /home/airflow/.local/lib/python3.8/site-packages/airflow/example_dags/example_branch_day_of_week_operator.py took 0.420 seconds
[2025-05-13T21:14:49.486+0000] {processor.py:161} INFO - Started process (PID=129) to work on /home/airflow/.local/lib/python3.8/site-packages/airflow/example_dags/example_branch_day_of_week_operator.py
[2025-05-13T21:14:49.487+0000] {processor.py:830} INFO - Processing file /home/airflow/.local/lib/python3.8/site-packages/airflow/example_dags/example_branch_day_of_week_operator.py for tasks to queue
[2025-05-13T21:14:49.490+0000] {logging_mixin.py:188} INFO - [2025-05-13T21:14:49.489+0000] {dagbag.py:538} INFO - Filling up the DagBag from /home/airflow/.local/lib/python3.8/site-packages/airflow/example_dags/example_branch_day_of_week_operator.py
[2025-05-13T21:14:49.530+0000] {processor.py:840} INFO - DAG(s) 'example_weekday_branch_operator' retrieved from /home/airflow/.local/lib/python3.8/site-packages/airflow/example_dags/example_branch_day_of_week_operator.py
[2025-05-13T21:14:49.560+0000] {logging_mixin.py:188} INFO - [2025-05-13T21:14:49.560+0000] {dag.py:3036} INFO - Sync 1 DAGs
[2025-05-13T21:14:49.663+0000] {logging_mixin.py:188} INFO - [2025-05-13T21:14:49.662+0000] {dag.py:3823} INFO - Setting next_dagrun for example_weekday_branch_operator to 2025-05-12 00:00:00+00:00, run_after=2025-05-13 00:00:00+00:00
[2025-05-13T21:14:49.721+0000] {processor.py:183} INFO - Processing /home/airflow/.local/lib/python3.8/site-packages/airflow/example_dags/example_branch_day_of_week_operator.py took 0.262 seconds
[2025-05-13T21:15:19.881+0000] {processor.py:161} INFO - Started process (PID=183) to work on /home/airflow/.local/lib/python3.8/site-packages/airflow/example_dags/example_branch_day_of_week_operator.py
[2025-05-13T21:15:19.882+0000] {processor.py:830} INFO - Processing file /home/airflow/.local/lib/python3.8/site-packages/airflow/example_dags/example_branch_day_of_week_operator.py for tasks to queue
[2025-05-13T21:15:19.884+0000] {logging_mixin.py:188} INFO - [2025-05-13T21:15:19.883+0000] {dagbag.py:538} INFO - Filling up the DagBag from /home/airflow/.local/lib/python3.8/site-packages/airflow/example_dags/example_branch_day_of_week_operator.py
[2025-05-13T21:15:19.891+0000] {processor.py:840} INFO - DAG(s) 'example_weekday_branch_operator' retrieved from /home/airflow/.local/lib/python3.8/site-packages/airflow/example_dags/example_branch_day_of_week_operator.py
[2025-05-13T21:15:19.927+0000] {logging_mixin.py:188} INFO - [2025-05-13T21:15:19.927+0000] {dag.py:3036} INFO - Sync 1 DAGs
[2025-05-13T21:15:19.953+0000] {logging_mixin.py:188} INFO - [2025-05-13T21:15:19.952+0000] {dag.py:3823} INFO - Setting next_dagrun for example_weekday_branch_operator to 2025-05-12 00:00:00+00:00, run_after=2025-05-13 00:00:00+00:00
[2025-05-13T21:15:20.005+0000] {processor.py:183} INFO - Processing /home/airflow/.local/lib/python3.8/site-packages/airflow/example_dags/example_branch_day_of_week_operator.py took 0.127 seconds
[2025-05-13T21:15:50.587+0000] {processor.py:161} INFO - Started process (PID=239) to work on /home/airflow/.local/lib/python3.8/site-packages/airflow/example_dags/example_branch_day_of_week_operator.py
[2025-05-13T21:15:50.589+0000] {processor.py:830} INFO - Processing file /home/airflow/.local/lib/python3.8/site-packages/airflow/example_dags/example_branch_day_of_week_operator.py for tasks to queue
[2025-05-13T21:15:50.592+0000] {logging_mixin.py:188} INFO - [2025-05-13T21:15:50.591+0000] {dagbag.py:538} INFO - Filling up the DagBag from /home/airflow/.local/lib/python3.8/site-packages/airflow/example_dags/example_branch_day_of_week_operator.py
[2025-05-13T21:15:50.602+0000] {processor.py:840} INFO - DAG(s) 'example_weekday_branch_operator' retrieved from /home/airflow/.local/lib/python3.8/site-packages/airflow/example_dags/example_branch_day_of_week_operator.py
[2025-05-13T21:15:50.633+0000] {logging_mixin.py:188} INFO - [2025-05-13T21:15:50.632+0000] {dag.py:3036} INFO - Sync 1 DAGs
[2025-05-13T21:15:50.665+0000] {logging_mixin.py:188} INFO - [2025-05-13T21:15:50.664+0000] {dag.py:3823} INFO - Setting next_dagrun for example_weekday_branch_operator to 2025-05-12 00:00:00+00:00, run_after=2025-05-13 00:00:00+00:00
[2025-05-13T21:15:50.701+0000] {processor.py:183} INFO - Processing /home/airflow/.local/lib/python3.8/site-packages/airflow/example_dags/example_branch_day_of_week_operator.py took 0.118 seconds
[2025-05-13T21:16:20.936+0000] {processor.py:161} INFO - Started process (PID=295) to work on /home/airflow/.local/lib/python3.8/site-packages/airflow/example_dags/example_branch_day_of_week_operator.py
[2025-05-13T21:16:20.938+0000] {processor.py:830} INFO - Processing file /home/airflow/.local/lib/python3.8/site-packages/airflow/example_dags/example_branch_day_of_week_operator.py for tasks to queue
[2025-05-13T21:16:20.941+0000] {logging_mixin.py:188} INFO - [2025-05-13T21:16:20.940+0000] {dagbag.py:538} INFO - Filling up the DagBag from /home/airflow/.local/lib/python3.8/site-packages/airflow/example_dags/example_branch_day_of_week_operator.py
[2025-05-13T21:16:20.952+0000] {processor.py:840} INFO - DAG(s) 'example_weekday_branch_operator' retrieved from /home/airflow/.local/lib/python3.8/site-packages/airflow/example_dags/example_branch_day_of_week_operator.py
[2025-05-13T21:16:20.983+0000] {logging_mixin.py:188} INFO - [2025-05-13T21:16:20.983+0000] {dag.py:3036} INFO - Sync 1 DAGs
[2025-05-13T21:16:21.020+0000] {logging_mixin.py:188} INFO - [2025-05-13T21:16:21.020+0000] {dag.py:3823} INFO - Setting next_dagrun for example_weekday_branch_operator to 2025-05-12 00:00:00+00:00, run_after=2025-05-13 00:00:00+00:00
[2025-05-13T21:16:21.052+0000] {processor.py:183} INFO - Processing /home/airflow/.local/lib/python3.8/site-packages/airflow/example_dags/example_branch_day_of_week_operator.py took 0.119 seconds
[2025-05-13T21:16:51.434+0000] {processor.py:161} INFO - Started process (PID=351) to work on /home/airflow/.local/lib/python3.8/site-packages/airflow/example_dags/example_branch_day_of_week_operator.py
[2025-05-13T21:16:51.436+0000] {processor.py:830} INFO - Processing file /home/airflow/.local/lib/python3.8/site-packages/airflow/example_dags/example_branch_day_of_week_operator.py for tasks to queue
[2025-05-13T21:16:51.441+0000] {logging_mixin.py:188} INFO - [2025-05-13T21:16:51.440+0000] {dagbag.py:538} INFO - Filling up the DagBag from /home/airflow/.local/lib/python3.8/site-packages/airflow/example_dags/example_branch_day_of_week_operator.py
[2025-05-13T21:16:51.448+0000] {processor.py:840} INFO - DAG(s) 'example_weekday_branch_operator' retrieved from /home/airflow/.local/lib/python3.8/site-packages/airflow/example_dags/example_branch_day_of_week_operator.py
[2025-05-13T21:16:51.475+0000] {logging_mixin.py:188} INFO - [2025-05-13T21:16:51.475+0000] {dag.py:3036} INFO - Sync 1 DAGs
[2025-05-13T21:16:51.501+0000] {logging_mixin.py:188} INFO - [2025-05-13T21:16:51.500+0000] {dag.py:3823} INFO - Setting next_dagrun for example_weekday_branch_operator to 2025-05-12 00:00:00+00:00, run_after=2025-05-13 00:00:00+00:00
[2025-05-13T21:16:51.526+0000] {processor.py:183} INFO - Processing /home/airflow/.local/lib/python3.8/site-packages/airflow/example_dags/example_branch_day_of_week_operator.py took 0.095 seconds
[2025-05-13T21:17:21.923+0000] {processor.py:161} INFO - Started process (PID=407) to work on /home/airflow/.local/lib/python3.8/site-packages/airflow/example_dags/example_branch_day_of_week_operator.py
[2025-05-13T21:17:21.925+0000] {processor.py:830} INFO - Processing file /home/airflow/.local/lib/python3.8/site-packages/airflow/example_dags/example_branch_day_of_week_operator.py for tasks to queue
[2025-05-13T21:17:21.929+0000] {logging_mixin.py:188} INFO - [2025-05-13T21:17:21.928+0000] {dagbag.py:538} INFO - Filling up the DagBag from /home/airflow/.local/lib/python3.8/site-packages/airflow/example_dags/example_branch_day_of_week_operator.py
[2025-05-13T21:17:21.940+0000] {processor.py:840} INFO - DAG(s) 'example_weekday_branch_operator' retrieved from /home/airflow/.local/lib/python3.8/site-packages/airflow/example_dags/example_branch_day_of_week_operator.py
[2025-05-13T21:17:21.969+0000] {logging_mixin.py:188} INFO - [2025-05-13T21:17:21.969+0000] {dag.py:3036} INFO - Sync 1 DAGs
[2025-05-13T21:17:22.000+0000] {logging_mixin.py:188} INFO - [2025-05-13T21:17:22.000+0000] {dag.py:3823} INFO - Setting next_dagrun for example_weekday_branch_operator to 2025-05-12 00:00:00+00:00, run_after=2025-05-13 00:00:00+00:00
[2025-05-13T21:17:22.027+0000] {processor.py:183} INFO - Processing /home/airflow/.local/lib/python3.8/site-packages/airflow/example_dags/example_branch_day_of_week_operator.py took 0.109 seconds
[2025-05-13T21:17:52.483+0000] {processor.py:161} INFO - Started process (PID=463) to work on /home/airflow/.local/lib/python3.8/site-packages/airflow/example_dags/example_branch_day_of_week_operator.py
[2025-05-13T21:17:52.485+0000] {processor.py:830} INFO - Processing file /home/airflow/.local/lib/python3.8/site-packages/airflow/example_dags/example_branch_day_of_week_operator.py for tasks to queue
[2025-05-13T21:17:52.487+0000] {logging_mixin.py:188} INFO - [2025-05-13T21:17:52.487+0000] {dagbag.py:538} INFO - Filling up the DagBag from /home/airflow/.local/lib/python3.8/site-packages/airflow/example_dags/example_branch_day_of_week_operator.py
[2025-05-13T21:17:52.496+0000] {processor.py:840} INFO - DAG(s) 'example_weekday_branch_operator' retrieved from /home/airflow/.local/lib/python3.8/site-packages/airflow/example_dags/example_branch_day_of_week_operator.py
[2025-05-13T21:17:52.524+0000] {logging_mixin.py:188} INFO - [2025-05-13T21:17:52.523+0000] {dag.py:3036} INFO - Sync 1 DAGs
[2025-05-13T21:17:52.553+0000] {logging_mixin.py:188} INFO - [2025-05-13T21:17:52.553+0000] {dag.py:3823} INFO - Setting next_dagrun for example_weekday_branch_operator to 2025-05-12 00:00:00+00:00, run_after=2025-05-13 00:00:00+00:00
[2025-05-13T21:17:52.594+0000] {processor.py:183} INFO - Processing /home/airflow/.local/lib/python3.8/site-packages/airflow/example_dags/example_branch_day_of_week_operator.py took 0.114 seconds
[2025-05-13T21:18:23.285+0000] {processor.py:161} INFO - Started process (PID=519) to work on /home/airflow/.local/lib/python3.8/site-packages/airflow/example_dags/example_branch_day_of_week_operator.py
[2025-05-13T21:18:23.288+0000] {processor.py:830} INFO - Processing file /home/airflow/.local/lib/python3.8/site-packages/airflow/example_dags/example_branch_day_of_week_operator.py for tasks to queue
[2025-05-13T21:18:23.292+0000] {logging_mixin.py:188} INFO - [2025-05-13T21:18:23.291+0000] {dagbag.py:538} INFO - Filling up the DagBag from /home/airflow/.local/lib/python3.8/site-packages/airflow/example_dags/example_branch_day_of_week_operator.py
[2025-05-13T21:18:23.303+0000] {processor.py:840} INFO - DAG(s) 'example_weekday_branch_operator' retrieved from /home/airflow/.local/lib/python3.8/site-packages/airflow/example_dags/example_branch_day_of_week_operator.py
[2025-05-13T21:18:23.336+0000] {logging_mixin.py:188} INFO - [2025-05-13T21:18:23.336+0000] {dag.py:3036} INFO - Sync 1 DAGs
[2025-05-13T21:18:23.377+0000] {logging_mixin.py:188} INFO - [2025-05-13T21:18:23.376+0000] {dag.py:3823} INFO - Setting next_dagrun for example_weekday_branch_operator to 2025-05-12 00:00:00+00:00, run_after=2025-05-13 00:00:00+00:00
[2025-05-13T21:18:23.424+0000] {processor.py:183} INFO - Processing /home/airflow/.local/lib/python3.8/site-packages/airflow/example_dags/example_branch_day_of_week_operator.py took 0.143 seconds
[2025-05-13T21:18:53.522+0000] {processor.py:161} INFO - Started process (PID=574) to work on /home/airflow/.local/lib/python3.8/site-packages/airflow/example_dags/example_branch_day_of_week_operator.py
[2025-05-13T21:18:53.524+0000] {processor.py:830} INFO - Processing file /home/airflow/.local/lib/python3.8/site-packages/airflow/example_dags/example_branch_day_of_week_operator.py for tasks to queue
[2025-05-13T21:18:53.527+0000] {logging_mixin.py:188} INFO - [2025-05-13T21:18:53.527+0000] {dagbag.py:538} INFO - Filling up the DagBag from /home/airflow/.local/lib/python3.8/site-packages/airflow/example_dags/example_branch_day_of_week_operator.py
[2025-05-13T21:18:53.536+0000] {processor.py:840} INFO - DAG(s) 'example_weekday_branch_operator' retrieved from /home/airflow/.local/lib/python3.8/site-packages/airflow/example_dags/example_branch_day_of_week_operator.py
[2025-05-13T21:18:53.567+0000] {logging_mixin.py:188} INFO - [2025-05-13T21:18:53.567+0000] {dag.py:3036} INFO - Sync 1 DAGs
[2025-05-13T21:18:53.599+0000] {logging_mixin.py:188} INFO - [2025-05-13T21:18:53.599+0000] {dag.py:3823} INFO - Setting next_dagrun for example_weekday_branch_operator to 2025-05-12 00:00:00+00:00, run_after=2025-05-13 00:00:00+00:00
[2025-05-13T21:18:53.634+0000] {processor.py:183} INFO - Processing /home/airflow/.local/lib/python3.8/site-packages/airflow/example_dags/example_branch_day_of_week_operator.py took 0.116 seconds
[2025-05-13T21:19:24.435+0000] {processor.py:161} INFO - Started process (PID=631) to work on /home/airflow/.local/lib/python3.8/site-packages/airflow/example_dags/example_branch_day_of_week_operator.py
[2025-05-13T21:19:24.438+0000] {processor.py:830} INFO - Processing file /home/airflow/.local/lib/python3.8/site-packages/airflow/example_dags/example_branch_day_of_week_operator.py for tasks to queue
[2025-05-13T21:19:24.440+0000] {logging_mixin.py:188} INFO - [2025-05-13T21:19:24.440+0000] {dagbag.py:538} INFO - Filling up the DagBag from /home/airflow/.local/lib/python3.8/site-packages/airflow/example_dags/example_branch_day_of_week_operator.py
[2025-05-13T21:19:24.449+0000] {processor.py:840} INFO - DAG(s) 'example_weekday_branch_operator' retrieved from /home/airflow/.local/lib/python3.8/site-packages/airflow/example_dags/example_branch_day_of_week_operator.py
[2025-05-13T21:19:24.476+0000] {logging_mixin.py:188} INFO - [2025-05-13T21:19:24.476+0000] {dag.py:3036} INFO - Sync 1 DAGs
[2025-05-13T21:19:24.506+0000] {logging_mixin.py:188} INFO - [2025-05-13T21:19:24.505+0000] {dag.py:3823} INFO - Setting next_dagrun for example_weekday_branch_operator to 2025-05-12 00:00:00+00:00, run_after=2025-05-13 00:00:00+00:00
[2025-05-13T21:19:24.533+0000] {processor.py:183} INFO - Processing /home/airflow/.local/lib/python3.8/site-packages/airflow/example_dags/example_branch_day_of_week_operator.py took 0.101 seconds
[2025-05-13T21:57:51.261+0000] {processor.py:161} INFO - Started process (PID=658) to work on /home/airflow/.local/lib/python3.8/site-packages/airflow/example_dags/example_branch_day_of_week_operator.py
[2025-05-13T21:57:51.275+0000] {processor.py:830} INFO - Processing file /home/airflow/.local/lib/python3.8/site-packages/airflow/example_dags/example_branch_day_of_week_operator.py for tasks to queue
[2025-05-13T21:57:51.278+0000] {logging_mixin.py:188} INFO - [2025-05-13T21:57:51.278+0000] {dagbag.py:538} INFO - Filling up the DagBag from /home/airflow/.local/lib/python3.8/site-packages/airflow/example_dags/example_branch_day_of_week_operator.py
[2025-05-13T21:57:51.314+0000] {processor.py:840} INFO - DAG(s) 'example_weekday_branch_operator' retrieved from /home/airflow/.local/lib/python3.8/site-packages/airflow/example_dags/example_branch_day_of_week_operator.py
[2025-05-13T21:57:51.691+0000] {logging_mixin.py:188} INFO - [2025-05-13T21:57:51.691+0000] {dag.py:3036} INFO - Sync 1 DAGs
[2025-05-13T21:57:52.159+0000] {logging_mixin.py:188} INFO - [2025-05-13T21:57:52.158+0000] {dag.py:3823} INFO - Setting next_dagrun for example_weekday_branch_operator to 2025-05-12 00:00:00+00:00, run_after=2025-05-13 00:00:00+00:00
[2025-05-13T21:57:52.255+0000] {processor.py:183} INFO - Processing /home/airflow/.local/lib/python3.8/site-packages/airflow/example_dags/example_branch_day_of_week_operator.py took 0.998 seconds
[2025-05-13T21:58:22.571+0000] {processor.py:161} INFO - Started process (PID=713) to work on /home/airflow/.local/lib/python3.8/site-packages/airflow/example_dags/example_branch_day_of_week_operator.py
[2025-05-13T21:58:22.572+0000] {processor.py:830} INFO - Processing file /home/airflow/.local/lib/python3.8/site-packages/airflow/example_dags/example_branch_day_of_week_operator.py for tasks to queue
[2025-05-13T21:58:22.575+0000] {logging_mixin.py:188} INFO - [2025-05-13T21:58:22.575+0000] {dagbag.py:538} INFO - Filling up the DagBag from /home/airflow/.local/lib/python3.8/site-packages/airflow/example_dags/example_branch_day_of_week_operator.py
[2025-05-13T21:58:22.590+0000] {processor.py:840} INFO - DAG(s) 'example_weekday_branch_operator' retrieved from /home/airflow/.local/lib/python3.8/site-packages/airflow/example_dags/example_branch_day_of_week_operator.py
[2025-05-13T21:58:22.616+0000] {logging_mixin.py:188} INFO - [2025-05-13T21:58:22.615+0000] {dag.py:3036} INFO - Sync 1 DAGs
[2025-05-13T21:58:22.650+0000] {logging_mixin.py:188} INFO - [2025-05-13T21:58:22.650+0000] {dag.py:3823} INFO - Setting next_dagrun for example_weekday_branch_operator to 2025-05-12 00:00:00+00:00, run_after=2025-05-13 00:00:00+00:00
[2025-05-13T21:58:22.677+0000] {processor.py:183} INFO - Processing /home/airflow/.local/lib/python3.8/site-packages/airflow/example_dags/example_branch_day_of_week_operator.py took 0.108 seconds
[2025-05-13T21:58:53.092+0000] {processor.py:161} INFO - Started process (PID=771) to work on /home/airflow/.local/lib/python3.8/site-packages/airflow/example_dags/example_branch_day_of_week_operator.py
[2025-05-13T21:58:53.095+0000] {processor.py:830} INFO - Processing file /home/airflow/.local/lib/python3.8/site-packages/airflow/example_dags/example_branch_day_of_week_operator.py for tasks to queue
[2025-05-13T21:58:53.098+0000] {logging_mixin.py:188} INFO - [2025-05-13T21:58:53.097+0000] {dagbag.py:538} INFO - Filling up the DagBag from /home/airflow/.local/lib/python3.8/site-packages/airflow/example_dags/example_branch_day_of_week_operator.py
[2025-05-13T21:58:53.107+0000] {processor.py:840} INFO - DAG(s) 'example_weekday_branch_operator' retrieved from /home/airflow/.local/lib/python3.8/site-packages/airflow/example_dags/example_branch_day_of_week_operator.py
[2025-05-13T21:58:53.143+0000] {logging_mixin.py:188} INFO - [2025-05-13T21:58:53.143+0000] {dag.py:3036} INFO - Sync 1 DAGs
[2025-05-13T21:58:53.182+0000] {logging_mixin.py:188} INFO - [2025-05-13T21:58:53.182+0000] {dag.py:3823} INFO - Setting next_dagrun for example_weekday_branch_operator to 2025-05-12 00:00:00+00:00, run_after=2025-05-13 00:00:00+00:00
[2025-05-13T21:58:53.215+0000] {processor.py:183} INFO - Processing /home/airflow/.local/lib/python3.8/site-packages/airflow/example_dags/example_branch_day_of_week_operator.py took 0.127 seconds
[2025-05-13T21:59:23.731+0000] {processor.py:161} INFO - Started process (PID=827) to work on /home/airflow/.local/lib/python3.8/site-packages/airflow/example_dags/example_branch_day_of_week_operator.py
[2025-05-13T21:59:23.734+0000] {processor.py:830} INFO - Processing file /home/airflow/.local/lib/python3.8/site-packages/airflow/example_dags/example_branch_day_of_week_operator.py for tasks to queue
[2025-05-13T21:59:23.737+0000] {logging_mixin.py:188} INFO - [2025-05-13T21:59:23.736+0000] {dagbag.py:538} INFO - Filling up the DagBag from /home/airflow/.local/lib/python3.8/site-packages/airflow/example_dags/example_branch_day_of_week_operator.py
[2025-05-13T21:59:23.749+0000] {processor.py:840} INFO - DAG(s) 'example_weekday_branch_operator' retrieved from /home/airflow/.local/lib/python3.8/site-packages/airflow/example_dags/example_branch_day_of_week_operator.py
[2025-05-13T21:59:23.808+0000] {logging_mixin.py:188} INFO - [2025-05-13T21:59:23.808+0000] {dag.py:3036} INFO - Sync 1 DAGs
[2025-05-13T21:59:23.861+0000] {logging_mixin.py:188} INFO - [2025-05-13T21:59:23.861+0000] {dag.py:3823} INFO - Setting next_dagrun for example_weekday_branch_operator to 2025-05-12 00:00:00+00:00, run_after=2025-05-13 00:00:00+00:00
[2025-05-13T21:59:23.919+0000] {processor.py:183} INFO - Processing /home/airflow/.local/lib/python3.8/site-packages/airflow/example_dags/example_branch_day_of_week_operator.py took 0.192 seconds
