[2025-05-13T21:09:08.118+0000] {processor.py:161} INFO - Started process (PID=71) to work on /home/airflow/.local/lib/python3.8/site-packages/airflow/example_dags/example_latest_only.py
[2025-05-13T21:09:08.119+0000] {processor.py:830} INFO - Processing file /home/airflow/.local/lib/python3.8/site-packages/airflow/example_dags/example_latest_only.py for tasks to queue
[2025-05-13T21:09:08.122+0000] {logging_mixin.py:188} INFO - [2025-05-13T21:09:08.122+0000] {dagbag.py:538} INFO - Filling up the DagBag from /home/airflow/.local/lib/python3.8/site-packages/airflow/example_dags/example_latest_only.py
[2025-05-13T21:09:08.141+0000] {processor.py:840} INFO - DAG(s) 'latest_only' retrieved from /home/airflow/.local/lib/python3.8/site-packages/airflow/example_dags/example_latest_only.py
[2025-05-13T21:09:08.581+0000] {logging_mixin.py:188} INFO - [2025-05-13T21:09:08.580+0000] {dag.py:3036} INFO - Sync 1 DAGs
[2025-05-13T21:09:08.629+0000] {logging_mixin.py:188} INFO - [2025-05-13T21:09:08.628+0000] {dag.py:3823} INFO - Setting next_dagrun for latest_only to 2025-05-13 16:00:00+00:00, run_after=2025-05-13 20:00:00+00:00
[2025-05-13T21:09:08.679+0000] {processor.py:183} INFO - Processing /home/airflow/.local/lib/python3.8/site-packages/airflow/example_dags/example_latest_only.py took 0.566 seconds
[2025-05-13T21:09:56.076+0000] {processor.py:161} INFO - Started process (PID=121) to work on /home/airflow/.local/lib/python3.8/site-packages/airflow/example_dags/example_latest_only.py
[2025-05-13T21:09:56.077+0000] {processor.py:830} INFO - Processing file /home/airflow/.local/lib/python3.8/site-packages/airflow/example_dags/example_latest_only.py for tasks to queue
[2025-05-13T21:09:56.081+0000] {logging_mixin.py:188} INFO - [2025-05-13T21:09:56.079+0000] {dagbag.py:538} INFO - Filling up the DagBag from /home/airflow/.local/lib/python3.8/site-packages/airflow/example_dags/example_latest_only.py
[2025-05-13T21:09:56.098+0000] {processor.py:840} INFO - DAG(s) 'latest_only' retrieved from /home/airflow/.local/lib/python3.8/site-packages/airflow/example_dags/example_latest_only.py
[2025-05-13T21:09:56.905+0000] {logging_mixin.py:188} INFO - [2025-05-13T21:09:56.898+0000] {dag.py:3036} INFO - Sync 1 DAGs
[2025-05-13T21:09:57.139+0000] {logging_mixin.py:188} INFO - [2025-05-13T21:09:57.137+0000] {dag.py:3823} INFO - Setting next_dagrun for latest_only to 2025-05-13 16:00:00+00:00, run_after=2025-05-13 20:00:00+00:00
[2025-05-13T21:09:57.858+0000] {processor.py:183} INFO - Processing /home/airflow/.local/lib/python3.8/site-packages/airflow/example_dags/example_latest_only.py took 1.788 seconds
[2025-05-13T21:11:57.072+0000] {processor.py:161} INFO - Started process (PID=161) to work on /home/airflow/.local/lib/python3.8/site-packages/airflow/example_dags/example_latest_only.py
[2025-05-13T21:11:57.075+0000] {processor.py:830} INFO - Processing file /home/airflow/.local/lib/python3.8/site-packages/airflow/example_dags/example_latest_only.py for tasks to queue
[2025-05-13T21:11:57.077+0000] {logging_mixin.py:188} INFO - [2025-05-13T21:11:57.076+0000] {dagbag.py:538} INFO - Filling up the DagBag from /home/airflow/.local/lib/python3.8/site-packages/airflow/example_dags/example_latest_only.py
[2025-05-13T21:11:57.084+0000] {processor.py:840} INFO - DAG(s) 'latest_only' retrieved from /home/airflow/.local/lib/python3.8/site-packages/airflow/example_dags/example_latest_only.py
[2025-05-13T21:11:57.114+0000] {logging_mixin.py:188} INFO - [2025-05-13T21:11:57.113+0000] {dag.py:3036} INFO - Sync 1 DAGs
[2025-05-13T21:11:57.173+0000] {logging_mixin.py:188} INFO - [2025-05-13T21:11:57.171+0000] {dag.py:3823} INFO - Setting next_dagrun for latest_only to 2025-05-13 16:00:00+00:00, run_after=2025-05-13 20:00:00+00:00
[2025-05-13T21:11:57.218+0000] {processor.py:183} INFO - Processing /home/airflow/.local/lib/python3.8/site-packages/airflow/example_dags/example_latest_only.py took 0.150 seconds
[2025-05-13T21:14:19.234+0000] {processor.py:161} INFO - Started process (PID=74) to work on /home/airflow/.local/lib/python3.8/site-packages/airflow/example_dags/example_latest_only.py
[2025-05-13T21:14:19.246+0000] {processor.py:830} INFO - Processing file /home/airflow/.local/lib/python3.8/site-packages/airflow/example_dags/example_latest_only.py for tasks to queue
[2025-05-13T21:14:19.274+0000] {logging_mixin.py:188} INFO - [2025-05-13T21:14:19.271+0000] {dagbag.py:538} INFO - Filling up the DagBag from /home/airflow/.local/lib/python3.8/site-packages/airflow/example_dags/example_latest_only.py
[2025-05-13T21:14:19.362+0000] {processor.py:840} INFO - DAG(s) 'latest_only' retrieved from /home/airflow/.local/lib/python3.8/site-packages/airflow/example_dags/example_latest_only.py
[2025-05-13T21:14:20.027+0000] {logging_mixin.py:188} INFO - [2025-05-13T21:14:20.026+0000] {dag.py:3036} INFO - Sync 1 DAGs
[2025-05-13T21:14:20.174+0000] {logging_mixin.py:188} INFO - [2025-05-13T21:14:20.174+0000] {dag.py:3823} INFO - Setting next_dagrun for latest_only to 2025-05-13 16:00:00+00:00, run_after=2025-05-13 20:00:00+00:00
[2025-05-13T21:14:20.279+0000] {processor.py:183} INFO - Processing /home/airflow/.local/lib/python3.8/site-packages/airflow/example_dags/example_latest_only.py took 1.126 seconds
[2025-05-13T21:14:50.475+0000] {processor.py:161} INFO - Started process (PID=130) to work on /home/airflow/.local/lib/python3.8/site-packages/airflow/example_dags/example_latest_only.py
[2025-05-13T21:14:50.477+0000] {processor.py:830} INFO - Processing file /home/airflow/.local/lib/python3.8/site-packages/airflow/example_dags/example_latest_only.py for tasks to queue
[2025-05-13T21:14:50.479+0000] {logging_mixin.py:188} INFO - [2025-05-13T21:14:50.479+0000] {dagbag.py:538} INFO - Filling up the DagBag from /home/airflow/.local/lib/python3.8/site-packages/airflow/example_dags/example_latest_only.py
[2025-05-13T21:14:50.486+0000] {processor.py:840} INFO - DAG(s) 'latest_only' retrieved from /home/airflow/.local/lib/python3.8/site-packages/airflow/example_dags/example_latest_only.py
[2025-05-13T21:14:50.531+0000] {logging_mixin.py:188} INFO - [2025-05-13T21:14:50.531+0000] {dag.py:3036} INFO - Sync 1 DAGs
[2025-05-13T21:14:50.562+0000] {logging_mixin.py:188} INFO - [2025-05-13T21:14:50.561+0000] {dag.py:3823} INFO - Setting next_dagrun for latest_only to 2025-05-13 16:00:00+00:00, run_after=2025-05-13 20:00:00+00:00
[2025-05-13T21:14:50.593+0000] {processor.py:183} INFO - Processing /home/airflow/.local/lib/python3.8/site-packages/airflow/example_dags/example_latest_only.py took 0.122 seconds
[2025-05-13T21:15:21.106+0000] {processor.py:161} INFO - Started process (PID=184) to work on /home/airflow/.local/lib/python3.8/site-packages/airflow/example_dags/example_latest_only.py
[2025-05-13T21:15:21.107+0000] {processor.py:830} INFO - Processing file /home/airflow/.local/lib/python3.8/site-packages/airflow/example_dags/example_latest_only.py for tasks to queue
[2025-05-13T21:15:21.153+0000] {logging_mixin.py:188} INFO - [2025-05-13T21:15:21.149+0000] {dagbag.py:538} INFO - Filling up the DagBag from /home/airflow/.local/lib/python3.8/site-packages/airflow/example_dags/example_latest_only.py
[2025-05-13T21:15:21.224+0000] {processor.py:840} INFO - DAG(s) 'latest_only' retrieved from /home/airflow/.local/lib/python3.8/site-packages/airflow/example_dags/example_latest_only.py
[2025-05-13T21:15:21.604+0000] {logging_mixin.py:188} INFO - [2025-05-13T21:15:21.604+0000] {dag.py:3036} INFO - Sync 1 DAGs
[2025-05-13T21:15:21.862+0000] {logging_mixin.py:188} INFO - [2025-05-13T21:15:21.861+0000] {dag.py:3823} INFO - Setting next_dagrun for latest_only to 2025-05-13 16:00:00+00:00, run_after=2025-05-13 20:00:00+00:00
[2025-05-13T21:15:22.435+0000] {processor.py:183} INFO - Processing /home/airflow/.local/lib/python3.8/site-packages/airflow/example_dags/example_latest_only.py took 1.491 seconds
[2025-05-13T21:15:52.710+0000] {processor.py:161} INFO - Started process (PID=240) to work on /home/airflow/.local/lib/python3.8/site-packages/airflow/example_dags/example_latest_only.py
[2025-05-13T21:15:52.712+0000] {processor.py:830} INFO - Processing file /home/airflow/.local/lib/python3.8/site-packages/airflow/example_dags/example_latest_only.py for tasks to queue
[2025-05-13T21:15:52.715+0000] {logging_mixin.py:188} INFO - [2025-05-13T21:15:52.715+0000] {dagbag.py:538} INFO - Filling up the DagBag from /home/airflow/.local/lib/python3.8/site-packages/airflow/example_dags/example_latest_only.py
[2025-05-13T21:15:52.721+0000] {processor.py:840} INFO - DAG(s) 'latest_only' retrieved from /home/airflow/.local/lib/python3.8/site-packages/airflow/example_dags/example_latest_only.py
[2025-05-13T21:15:52.749+0000] {logging_mixin.py:188} INFO - [2025-05-13T21:15:52.749+0000] {dag.py:3036} INFO - Sync 1 DAGs
[2025-05-13T21:15:52.781+0000] {logging_mixin.py:188} INFO - [2025-05-13T21:15:52.781+0000] {dag.py:3823} INFO - Setting next_dagrun for latest_only to 2025-05-13 16:00:00+00:00, run_after=2025-05-13 20:00:00+00:00
[2025-05-13T21:15:52.816+0000] {processor.py:183} INFO - Processing /home/airflow/.local/lib/python3.8/site-packages/airflow/example_dags/example_latest_only.py took 0.109 seconds
[2025-05-13T21:16:23.121+0000] {processor.py:161} INFO - Started process (PID=296) to work on /home/airflow/.local/lib/python3.8/site-packages/airflow/example_dags/example_latest_only.py
[2025-05-13T21:16:23.135+0000] {processor.py:830} INFO - Processing file /home/airflow/.local/lib/python3.8/site-packages/airflow/example_dags/example_latest_only.py for tasks to queue
[2025-05-13T21:16:23.139+0000] {logging_mixin.py:188} INFO - [2025-05-13T21:16:23.138+0000] {dagbag.py:538} INFO - Filling up the DagBag from /home/airflow/.local/lib/python3.8/site-packages/airflow/example_dags/example_latest_only.py
[2025-05-13T21:16:23.148+0000] {processor.py:840} INFO - DAG(s) 'latest_only' retrieved from /home/airflow/.local/lib/python3.8/site-packages/airflow/example_dags/example_latest_only.py
[2025-05-13T21:16:23.178+0000] {logging_mixin.py:188} INFO - [2025-05-13T21:16:23.177+0000] {dag.py:3036} INFO - Sync 1 DAGs
[2025-05-13T21:16:23.206+0000] {logging_mixin.py:188} INFO - [2025-05-13T21:16:23.206+0000] {dag.py:3823} INFO - Setting next_dagrun for latest_only to 2025-05-13 16:00:00+00:00, run_after=2025-05-13 20:00:00+00:00
[2025-05-13T21:16:23.247+0000] {processor.py:183} INFO - Processing /home/airflow/.local/lib/python3.8/site-packages/airflow/example_dags/example_latest_only.py took 0.129 seconds
[2025-05-13T21:16:53.479+0000] {processor.py:161} INFO - Started process (PID=352) to work on /home/airflow/.local/lib/python3.8/site-packages/airflow/example_dags/example_latest_only.py
[2025-05-13T21:16:53.480+0000] {processor.py:830} INFO - Processing file /home/airflow/.local/lib/python3.8/site-packages/airflow/example_dags/example_latest_only.py for tasks to queue
[2025-05-13T21:16:53.483+0000] {logging_mixin.py:188} INFO - [2025-05-13T21:16:53.482+0000] {dagbag.py:538} INFO - Filling up the DagBag from /home/airflow/.local/lib/python3.8/site-packages/airflow/example_dags/example_latest_only.py
[2025-05-13T21:16:53.489+0000] {processor.py:840} INFO - DAG(s) 'latest_only' retrieved from /home/airflow/.local/lib/python3.8/site-packages/airflow/example_dags/example_latest_only.py
[2025-05-13T21:16:53.527+0000] {logging_mixin.py:188} INFO - [2025-05-13T21:16:53.527+0000] {dag.py:3036} INFO - Sync 1 DAGs
[2025-05-13T21:16:53.597+0000] {logging_mixin.py:188} INFO - [2025-05-13T21:16:53.596+0000] {dag.py:3823} INFO - Setting next_dagrun for latest_only to 2025-05-13 16:00:00+00:00, run_after=2025-05-13 20:00:00+00:00
[2025-05-13T21:16:53.656+0000] {processor.py:183} INFO - Processing /home/airflow/.local/lib/python3.8/site-packages/airflow/example_dags/example_latest_only.py took 0.181 seconds
[2025-05-13T21:17:23.945+0000] {processor.py:161} INFO - Started process (PID=408) to work on /home/airflow/.local/lib/python3.8/site-packages/airflow/example_dags/example_latest_only.py
[2025-05-13T21:17:23.947+0000] {processor.py:830} INFO - Processing file /home/airflow/.local/lib/python3.8/site-packages/airflow/example_dags/example_latest_only.py for tasks to queue
[2025-05-13T21:17:23.950+0000] {logging_mixin.py:188} INFO - [2025-05-13T21:17:23.949+0000] {dagbag.py:538} INFO - Filling up the DagBag from /home/airflow/.local/lib/python3.8/site-packages/airflow/example_dags/example_latest_only.py
[2025-05-13T21:17:23.956+0000] {processor.py:840} INFO - DAG(s) 'latest_only' retrieved from /home/airflow/.local/lib/python3.8/site-packages/airflow/example_dags/example_latest_only.py
[2025-05-13T21:17:24.030+0000] {logging_mixin.py:188} INFO - [2025-05-13T21:17:24.030+0000] {dag.py:3036} INFO - Sync 1 DAGs
[2025-05-13T21:17:24.066+0000] {logging_mixin.py:188} INFO - [2025-05-13T21:17:24.066+0000] {dag.py:3823} INFO - Setting next_dagrun for latest_only to 2025-05-13 16:00:00+00:00, run_after=2025-05-13 20:00:00+00:00
[2025-05-13T21:17:24.110+0000] {processor.py:183} INFO - Processing /home/airflow/.local/lib/python3.8/site-packages/airflow/example_dags/example_latest_only.py took 0.168 seconds
[2025-05-13T21:17:54.509+0000] {processor.py:161} INFO - Started process (PID=464) to work on /home/airflow/.local/lib/python3.8/site-packages/airflow/example_dags/example_latest_only.py
[2025-05-13T21:17:54.510+0000] {processor.py:830} INFO - Processing file /home/airflow/.local/lib/python3.8/site-packages/airflow/example_dags/example_latest_only.py for tasks to queue
[2025-05-13T21:17:54.513+0000] {logging_mixin.py:188} INFO - [2025-05-13T21:17:54.513+0000] {dagbag.py:538} INFO - Filling up the DagBag from /home/airflow/.local/lib/python3.8/site-packages/airflow/example_dags/example_latest_only.py
[2025-05-13T21:17:54.519+0000] {processor.py:840} INFO - DAG(s) 'latest_only' retrieved from /home/airflow/.local/lib/python3.8/site-packages/airflow/example_dags/example_latest_only.py
[2025-05-13T21:17:54.559+0000] {logging_mixin.py:188} INFO - [2025-05-13T21:17:54.558+0000] {dag.py:3036} INFO - Sync 1 DAGs
[2025-05-13T21:17:54.607+0000] {logging_mixin.py:188} INFO - [2025-05-13T21:17:54.607+0000] {dag.py:3823} INFO - Setting next_dagrun for latest_only to 2025-05-13 16:00:00+00:00, run_after=2025-05-13 20:00:00+00:00
[2025-05-13T21:17:54.650+0000] {processor.py:183} INFO - Processing /home/airflow/.local/lib/python3.8/site-packages/airflow/example_dags/example_latest_only.py took 0.144 seconds
[2025-05-13T21:18:25.323+0000] {processor.py:161} INFO - Started process (PID=520) to work on /home/airflow/.local/lib/python3.8/site-packages/airflow/example_dags/example_latest_only.py
[2025-05-13T21:18:25.325+0000] {processor.py:830} INFO - Processing file /home/airflow/.local/lib/python3.8/site-packages/airflow/example_dags/example_latest_only.py for tasks to queue
[2025-05-13T21:18:25.328+0000] {logging_mixin.py:188} INFO - [2025-05-13T21:18:25.327+0000] {dagbag.py:538} INFO - Filling up the DagBag from /home/airflow/.local/lib/python3.8/site-packages/airflow/example_dags/example_latest_only.py
[2025-05-13T21:18:25.339+0000] {processor.py:840} INFO - DAG(s) 'latest_only' retrieved from /home/airflow/.local/lib/python3.8/site-packages/airflow/example_dags/example_latest_only.py
[2025-05-13T21:18:25.389+0000] {logging_mixin.py:188} INFO - [2025-05-13T21:18:25.387+0000] {dag.py:3036} INFO - Sync 1 DAGs
[2025-05-13T21:18:25.427+0000] {logging_mixin.py:188} INFO - [2025-05-13T21:18:25.426+0000] {dag.py:3823} INFO - Setting next_dagrun for latest_only to 2025-05-13 16:00:00+00:00, run_after=2025-05-13 20:00:00+00:00
[2025-05-13T21:18:25.466+0000] {processor.py:183} INFO - Processing /home/airflow/.local/lib/python3.8/site-packages/airflow/example_dags/example_latest_only.py took 0.148 seconds
[2025-05-13T21:18:55.555+0000] {processor.py:161} INFO - Started process (PID=575) to work on /home/airflow/.local/lib/python3.8/site-packages/airflow/example_dags/example_latest_only.py
[2025-05-13T21:18:55.557+0000] {processor.py:830} INFO - Processing file /home/airflow/.local/lib/python3.8/site-packages/airflow/example_dags/example_latest_only.py for tasks to queue
[2025-05-13T21:18:55.559+0000] {logging_mixin.py:188} INFO - [2025-05-13T21:18:55.559+0000] {dagbag.py:538} INFO - Filling up the DagBag from /home/airflow/.local/lib/python3.8/site-packages/airflow/example_dags/example_latest_only.py
[2025-05-13T21:18:55.566+0000] {processor.py:840} INFO - DAG(s) 'latest_only' retrieved from /home/airflow/.local/lib/python3.8/site-packages/airflow/example_dags/example_latest_only.py
[2025-05-13T21:18:55.595+0000] {logging_mixin.py:188} INFO - [2025-05-13T21:18:55.594+0000] {dag.py:3036} INFO - Sync 1 DAGs
[2025-05-13T21:18:55.626+0000] {logging_mixin.py:188} INFO - [2025-05-13T21:18:55.625+0000] {dag.py:3823} INFO - Setting next_dagrun for latest_only to 2025-05-13 16:00:00+00:00, run_after=2025-05-13 20:00:00+00:00
[2025-05-13T21:18:55.658+0000] {processor.py:183} INFO - Processing /home/airflow/.local/lib/python3.8/site-packages/airflow/example_dags/example_latest_only.py took 0.107 seconds
[2025-05-13T21:19:26.456+0000] {processor.py:161} INFO - Started process (PID=632) to work on /home/airflow/.local/lib/python3.8/site-packages/airflow/example_dags/example_latest_only.py
[2025-05-13T21:19:26.457+0000] {processor.py:830} INFO - Processing file /home/airflow/.local/lib/python3.8/site-packages/airflow/example_dags/example_latest_only.py for tasks to queue
[2025-05-13T21:19:26.459+0000] {logging_mixin.py:188} INFO - [2025-05-13T21:19:26.459+0000] {dagbag.py:538} INFO - Filling up the DagBag from /home/airflow/.local/lib/python3.8/site-packages/airflow/example_dags/example_latest_only.py
[2025-05-13T21:19:26.465+0000] {processor.py:840} INFO - DAG(s) 'latest_only' retrieved from /home/airflow/.local/lib/python3.8/site-packages/airflow/example_dags/example_latest_only.py
[2025-05-13T21:19:26.492+0000] {logging_mixin.py:188} INFO - [2025-05-13T21:19:26.492+0000] {dag.py:3036} INFO - Sync 1 DAGs
[2025-05-13T21:19:26.521+0000] {logging_mixin.py:188} INFO - [2025-05-13T21:19:26.521+0000] {dag.py:3823} INFO - Setting next_dagrun for latest_only to 2025-05-13 16:00:00+00:00, run_after=2025-05-13 20:00:00+00:00
[2025-05-13T21:19:26.553+0000] {processor.py:183} INFO - Processing /home/airflow/.local/lib/python3.8/site-packages/airflow/example_dags/example_latest_only.py took 0.101 seconds
[2025-05-13T21:57:52.485+0000] {processor.py:161} INFO - Started process (PID=659) to work on /home/airflow/.local/lib/python3.8/site-packages/airflow/example_dags/example_latest_only.py
[2025-05-13T21:57:52.498+0000] {processor.py:830} INFO - Processing file /home/airflow/.local/lib/python3.8/site-packages/airflow/example_dags/example_latest_only.py for tasks to queue
[2025-05-13T21:57:52.518+0000] {logging_mixin.py:188} INFO - [2025-05-13T21:57:52.517+0000] {dagbag.py:538} INFO - Filling up the DagBag from /home/airflow/.local/lib/python3.8/site-packages/airflow/example_dags/example_latest_only.py
[2025-05-13T21:57:52.592+0000] {processor.py:840} INFO - DAG(s) 'latest_only' retrieved from /home/airflow/.local/lib/python3.8/site-packages/airflow/example_dags/example_latest_only.py
[2025-05-13T21:57:52.790+0000] {logging_mixin.py:188} INFO - [2025-05-13T21:57:52.790+0000] {dag.py:3036} INFO - Sync 1 DAGs
[2025-05-13T21:57:52.903+0000] {logging_mixin.py:188} INFO - [2025-05-13T21:57:52.902+0000] {dag.py:3823} INFO - Setting next_dagrun for latest_only to 2025-05-13 16:00:00+00:00, run_after=2025-05-13 20:00:00+00:00
[2025-05-13T21:57:53.160+0000] {processor.py:183} INFO - Processing /home/airflow/.local/lib/python3.8/site-packages/airflow/example_dags/example_latest_only.py took 0.712 seconds
[2025-05-13T21:58:23.763+0000] {processor.py:161} INFO - Started process (PID=715) to work on /home/airflow/.local/lib/python3.8/site-packages/airflow/example_dags/example_latest_only.py
[2025-05-13T21:58:23.764+0000] {processor.py:830} INFO - Processing file /home/airflow/.local/lib/python3.8/site-packages/airflow/example_dags/example_latest_only.py for tasks to queue
[2025-05-13T21:58:23.766+0000] {logging_mixin.py:188} INFO - [2025-05-13T21:58:23.766+0000] {dagbag.py:538} INFO - Filling up the DagBag from /home/airflow/.local/lib/python3.8/site-packages/airflow/example_dags/example_latest_only.py
[2025-05-13T21:58:23.777+0000] {processor.py:840} INFO - DAG(s) 'latest_only' retrieved from /home/airflow/.local/lib/python3.8/site-packages/airflow/example_dags/example_latest_only.py
[2025-05-13T21:58:23.808+0000] {logging_mixin.py:188} INFO - [2025-05-13T21:58:23.807+0000] {dag.py:3036} INFO - Sync 1 DAGs
[2025-05-13T21:58:23.845+0000] {logging_mixin.py:188} INFO - [2025-05-13T21:58:23.845+0000] {dag.py:3823} INFO - Setting next_dagrun for latest_only to 2025-05-13 16:00:00+00:00, run_after=2025-05-13 20:00:00+00:00
[2025-05-13T21:58:23.887+0000] {processor.py:183} INFO - Processing /home/airflow/.local/lib/python3.8/site-packages/airflow/example_dags/example_latest_only.py took 0.128 seconds
[2025-05-13T21:58:54.132+0000] {processor.py:161} INFO - Started process (PID=772) to work on /home/airflow/.local/lib/python3.8/site-packages/airflow/example_dags/example_latest_only.py
[2025-05-13T21:58:54.135+0000] {processor.py:830} INFO - Processing file /home/airflow/.local/lib/python3.8/site-packages/airflow/example_dags/example_latest_only.py for tasks to queue
[2025-05-13T21:58:54.138+0000] {logging_mixin.py:188} INFO - [2025-05-13T21:58:54.137+0000] {dagbag.py:538} INFO - Filling up the DagBag from /home/airflow/.local/lib/python3.8/site-packages/airflow/example_dags/example_latest_only.py
[2025-05-13T21:58:54.145+0000] {processor.py:840} INFO - DAG(s) 'latest_only' retrieved from /home/airflow/.local/lib/python3.8/site-packages/airflow/example_dags/example_latest_only.py
[2025-05-13T21:58:54.178+0000] {logging_mixin.py:188} INFO - [2025-05-13T21:58:54.177+0000] {dag.py:3036} INFO - Sync 1 DAGs
[2025-05-13T21:58:54.213+0000] {logging_mixin.py:188} INFO - [2025-05-13T21:58:54.213+0000] {dag.py:3823} INFO - Setting next_dagrun for latest_only to 2025-05-13 16:00:00+00:00, run_after=2025-05-13 20:00:00+00:00
[2025-05-13T21:58:54.249+0000] {processor.py:183} INFO - Processing /home/airflow/.local/lib/python3.8/site-packages/airflow/example_dags/example_latest_only.py took 0.121 seconds
[2025-05-13T21:59:25.000+0000] {processor.py:161} INFO - Started process (PID=828) to work on /home/airflow/.local/lib/python3.8/site-packages/airflow/example_dags/example_latest_only.py
[2025-05-13T21:59:25.002+0000] {processor.py:830} INFO - Processing file /home/airflow/.local/lib/python3.8/site-packages/airflow/example_dags/example_latest_only.py for tasks to queue
[2025-05-13T21:59:25.005+0000] {logging_mixin.py:188} INFO - [2025-05-13T21:59:25.004+0000] {dagbag.py:538} INFO - Filling up the DagBag from /home/airflow/.local/lib/python3.8/site-packages/airflow/example_dags/example_latest_only.py
[2025-05-13T21:59:25.011+0000] {processor.py:840} INFO - DAG(s) 'latest_only' retrieved from /home/airflow/.local/lib/python3.8/site-packages/airflow/example_dags/example_latest_only.py
[2025-05-13T21:59:25.042+0000] {logging_mixin.py:188} INFO - [2025-05-13T21:59:25.042+0000] {dag.py:3036} INFO - Sync 1 DAGs
[2025-05-13T21:59:25.074+0000] {logging_mixin.py:188} INFO - [2025-05-13T21:59:25.074+0000] {dag.py:3823} INFO - Setting next_dagrun for latest_only to 2025-05-13 16:00:00+00:00, run_after=2025-05-13 20:00:00+00:00
[2025-05-13T21:59:25.112+0000] {processor.py:183} INFO - Processing /home/airflow/.local/lib/python3.8/site-packages/airflow/example_dags/example_latest_only.py took 0.116 seconds
