[2025-05-13T21:09:09.804+0000] {processor.py:161} INFO - Started process (PID=75) to work on /home/airflow/.local/lib/python3.8/site-packages/airflow/example_dags/example_dag_decorator.py
[2025-05-13T21:09:09.806+0000] {processor.py:830} INFO - Processing file /home/airflow/.local/lib/python3.8/site-packages/airflow/example_dags/example_dag_decorator.py for tasks to queue
[2025-05-13T21:09:09.810+0000] {logging_mixin.py:188} INFO - [2025-05-13T21:09:09.809+0000] {dagbag.py:538} INFO - Filling up the DagBag from /home/airflow/.local/lib/python3.8/site-packages/airflow/example_dags/example_dag_decorator.py
[2025-05-13T21:09:10.472+0000] {processor.py:840} INFO - DAG(s) 'example_dag_decorator' retrieved from /home/airflow/.local/lib/python3.8/site-packages/airflow/example_dags/example_dag_decorator.py
[2025-05-13T21:09:10.925+0000] {logging_mixin.py:188} INFO - [2025-05-13T21:09:10.923+0000] {dag.py:3036} INFO - Sync 1 DAGs
[2025-05-13T21:09:10.958+0000] {logging_mixin.py:188} INFO - [2025-05-13T21:09:10.957+0000] {dag.py:3823} INFO - Setting next_dagrun for example_dag_decorator to None, run_after=None
[2025-05-13T21:09:11.029+0000] {processor.py:183} INFO - Processing /home/airflow/.local/lib/python3.8/site-packages/airflow/example_dags/example_dag_decorator.py took 1.230 seconds
[2025-05-13T21:09:59.656+0000] {processor.py:161} INFO - Started process (PID=125) to work on /home/airflow/.local/lib/python3.8/site-packages/airflow/example_dags/example_dag_decorator.py
[2025-05-13T21:09:59.657+0000] {processor.py:830} INFO - Processing file /home/airflow/.local/lib/python3.8/site-packages/airflow/example_dags/example_dag_decorator.py for tasks to queue
[2025-05-13T21:09:59.659+0000] {logging_mixin.py:188} INFO - [2025-05-13T21:09:59.659+0000] {dagbag.py:538} INFO - Filling up the DagBag from /home/airflow/.local/lib/python3.8/site-packages/airflow/example_dags/example_dag_decorator.py
[2025-05-13T21:10:00.263+0000] {processor.py:840} INFO - DAG(s) 'example_dag_decorator' retrieved from /home/airflow/.local/lib/python3.8/site-packages/airflow/example_dags/example_dag_decorator.py
[2025-05-13T21:10:00.859+0000] {logging_mixin.py:188} INFO - [2025-05-13T21:10:00.859+0000] {dag.py:3036} INFO - Sync 1 DAGs
[2025-05-13T21:10:00.881+0000] {logging_mixin.py:188} INFO - [2025-05-13T21:10:00.880+0000] {dag.py:3823} INFO - Setting next_dagrun for example_dag_decorator to None, run_after=None
[2025-05-13T21:10:00.931+0000] {processor.py:183} INFO - Processing /home/airflow/.local/lib/python3.8/site-packages/airflow/example_dags/example_dag_decorator.py took 1.279 seconds
[2025-05-13T21:11:57.638+0000] {processor.py:161} INFO - Started process (PID=165) to work on /home/airflow/.local/lib/python3.8/site-packages/airflow/example_dags/example_dag_decorator.py
[2025-05-13T21:11:57.640+0000] {processor.py:830} INFO - Processing file /home/airflow/.local/lib/python3.8/site-packages/airflow/example_dags/example_dag_decorator.py for tasks to queue
[2025-05-13T21:11:57.642+0000] {logging_mixin.py:188} INFO - [2025-05-13T21:11:57.642+0000] {dagbag.py:538} INFO - Filling up the DagBag from /home/airflow/.local/lib/python3.8/site-packages/airflow/example_dags/example_dag_decorator.py
[2025-05-13T21:11:58.124+0000] {processor.py:840} INFO - DAG(s) 'example_dag_decorator' retrieved from /home/airflow/.local/lib/python3.8/site-packages/airflow/example_dags/example_dag_decorator.py
[2025-05-13T21:11:58.776+0000] {logging_mixin.py:188} INFO - [2025-05-13T21:11:58.775+0000] {dag.py:3036} INFO - Sync 1 DAGs
[2025-05-13T21:11:58.793+0000] {logging_mixin.py:188} INFO - [2025-05-13T21:11:58.792+0000] {dag.py:3823} INFO - Setting next_dagrun for example_dag_decorator to None, run_after=None
[2025-05-13T21:11:58.837+0000] {processor.py:183} INFO - Processing /home/airflow/.local/lib/python3.8/site-packages/airflow/example_dags/example_dag_decorator.py took 1.202 seconds
[2025-05-13T21:14:22.016+0000] {processor.py:161} INFO - Started process (PID=78) to work on /home/airflow/.local/lib/python3.8/site-packages/airflow/example_dags/example_dag_decorator.py
[2025-05-13T21:14:22.019+0000] {processor.py:830} INFO - Processing file /home/airflow/.local/lib/python3.8/site-packages/airflow/example_dags/example_dag_decorator.py for tasks to queue
[2025-05-13T21:14:22.025+0000] {logging_mixin.py:188} INFO - [2025-05-13T21:14:22.024+0000] {dagbag.py:538} INFO - Filling up the DagBag from /home/airflow/.local/lib/python3.8/site-packages/airflow/example_dags/example_dag_decorator.py
[2025-05-13T21:14:23.054+0000] {processor.py:840} INFO - DAG(s) 'example_dag_decorator' retrieved from /home/airflow/.local/lib/python3.8/site-packages/airflow/example_dags/example_dag_decorator.py
[2025-05-13T21:14:23.982+0000] {logging_mixin.py:188} INFO - [2025-05-13T21:14:23.981+0000] {dag.py:3036} INFO - Sync 1 DAGs
[2025-05-13T21:14:24.049+0000] {logging_mixin.py:188} INFO - [2025-05-13T21:14:24.049+0000] {dag.py:3823} INFO - Setting next_dagrun for example_dag_decorator to None, run_after=None
[2025-05-13T21:14:24.149+0000] {processor.py:183} INFO - Processing /home/airflow/.local/lib/python3.8/site-packages/airflow/example_dags/example_dag_decorator.py took 2.214 seconds
[2025-05-13T21:14:54.232+0000] {processor.py:161} INFO - Started process (PID=135) to work on /home/airflow/.local/lib/python3.8/site-packages/airflow/example_dags/example_dag_decorator.py
[2025-05-13T21:14:54.234+0000] {processor.py:830} INFO - Processing file /home/airflow/.local/lib/python3.8/site-packages/airflow/example_dags/example_dag_decorator.py for tasks to queue
[2025-05-13T21:14:54.237+0000] {logging_mixin.py:188} INFO - [2025-05-13T21:14:54.237+0000] {dagbag.py:538} INFO - Filling up the DagBag from /home/airflow/.local/lib/python3.8/site-packages/airflow/example_dags/example_dag_decorator.py
[2025-05-13T21:14:54.390+0000] {processor.py:840} INFO - DAG(s) 'example_dag_decorator' retrieved from /home/airflow/.local/lib/python3.8/site-packages/airflow/example_dags/example_dag_decorator.py
[2025-05-13T21:14:54.529+0000] {logging_mixin.py:188} INFO - [2025-05-13T21:14:54.528+0000] {dag.py:3036} INFO - Sync 1 DAGs
[2025-05-13T21:14:54.542+0000] {logging_mixin.py:188} INFO - [2025-05-13T21:14:54.542+0000] {dag.py:3823} INFO - Setting next_dagrun for example_dag_decorator to None, run_after=None
[2025-05-13T21:14:54.575+0000] {processor.py:183} INFO - Processing /home/airflow/.local/lib/python3.8/site-packages/airflow/example_dags/example_dag_decorator.py took 0.345 seconds
[2025-05-13T21:15:27.046+0000] {processor.py:161} INFO - Started process (PID=190) to work on /home/airflow/.local/lib/python3.8/site-packages/airflow/example_dags/example_dag_decorator.py
[2025-05-13T21:15:27.048+0000] {processor.py:830} INFO - Processing file /home/airflow/.local/lib/python3.8/site-packages/airflow/example_dags/example_dag_decorator.py for tasks to queue
[2025-05-13T21:15:27.050+0000] {logging_mixin.py:188} INFO - [2025-05-13T21:15:27.050+0000] {dagbag.py:538} INFO - Filling up the DagBag from /home/airflow/.local/lib/python3.8/site-packages/airflow/example_dags/example_dag_decorator.py
[2025-05-13T21:15:27.204+0000] {processor.py:840} INFO - DAG(s) 'example_dag_decorator' retrieved from /home/airflow/.local/lib/python3.8/site-packages/airflow/example_dags/example_dag_decorator.py
[2025-05-13T21:15:27.354+0000] {logging_mixin.py:188} INFO - [2025-05-13T21:15:27.353+0000] {dag.py:3036} INFO - Sync 1 DAGs
[2025-05-13T21:15:27.371+0000] {logging_mixin.py:188} INFO - [2025-05-13T21:15:27.371+0000] {dag.py:3823} INFO - Setting next_dagrun for example_dag_decorator to None, run_after=None
[2025-05-13T21:15:27.425+0000] {processor.py:183} INFO - Processing /home/airflow/.local/lib/python3.8/site-packages/airflow/example_dags/example_dag_decorator.py took 0.382 seconds
[2025-05-13T21:15:57.984+0000] {processor.py:161} INFO - Started process (PID=246) to work on /home/airflow/.local/lib/python3.8/site-packages/airflow/example_dags/example_dag_decorator.py
[2025-05-13T21:15:57.987+0000] {processor.py:830} INFO - Processing file /home/airflow/.local/lib/python3.8/site-packages/airflow/example_dags/example_dag_decorator.py for tasks to queue
[2025-05-13T21:15:57.990+0000] {logging_mixin.py:188} INFO - [2025-05-13T21:15:57.990+0000] {dagbag.py:538} INFO - Filling up the DagBag from /home/airflow/.local/lib/python3.8/site-packages/airflow/example_dags/example_dag_decorator.py
[2025-05-13T21:15:58.124+0000] {processor.py:840} INFO - DAG(s) 'example_dag_decorator' retrieved from /home/airflow/.local/lib/python3.8/site-packages/airflow/example_dags/example_dag_decorator.py
[2025-05-13T21:15:58.262+0000] {logging_mixin.py:188} INFO - [2025-05-13T21:15:58.262+0000] {dag.py:3036} INFO - Sync 1 DAGs
[2025-05-13T21:15:58.276+0000] {logging_mixin.py:188} INFO - [2025-05-13T21:15:58.275+0000] {dag.py:3823} INFO - Setting next_dagrun for example_dag_decorator to None, run_after=None
[2025-05-13T21:15:58.311+0000] {processor.py:183} INFO - Processing /home/airflow/.local/lib/python3.8/site-packages/airflow/example_dags/example_dag_decorator.py took 0.332 seconds
[2025-05-13T21:16:28.587+0000] {processor.py:161} INFO - Started process (PID=300) to work on /home/airflow/.local/lib/python3.8/site-packages/airflow/example_dags/example_dag_decorator.py
[2025-05-13T21:16:28.589+0000] {processor.py:830} INFO - Processing file /home/airflow/.local/lib/python3.8/site-packages/airflow/example_dags/example_dag_decorator.py for tasks to queue
[2025-05-13T21:16:28.592+0000] {logging_mixin.py:188} INFO - [2025-05-13T21:16:28.591+0000] {dagbag.py:538} INFO - Filling up the DagBag from /home/airflow/.local/lib/python3.8/site-packages/airflow/example_dags/example_dag_decorator.py
[2025-05-13T21:16:28.719+0000] {processor.py:840} INFO - DAG(s) 'example_dag_decorator' retrieved from /home/airflow/.local/lib/python3.8/site-packages/airflow/example_dags/example_dag_decorator.py
[2025-05-13T21:16:28.902+0000] {logging_mixin.py:188} INFO - [2025-05-13T21:16:28.901+0000] {dag.py:3036} INFO - Sync 1 DAGs
[2025-05-13T21:16:28.917+0000] {logging_mixin.py:188} INFO - [2025-05-13T21:16:28.916+0000] {dag.py:3823} INFO - Setting next_dagrun for example_dag_decorator to None, run_after=None
[2025-05-13T21:16:28.953+0000] {processor.py:183} INFO - Processing /home/airflow/.local/lib/python3.8/site-packages/airflow/example_dags/example_dag_decorator.py took 0.370 seconds
[2025-05-13T21:16:59.186+0000] {processor.py:161} INFO - Started process (PID=357) to work on /home/airflow/.local/lib/python3.8/site-packages/airflow/example_dags/example_dag_decorator.py
[2025-05-13T21:16:59.188+0000] {processor.py:830} INFO - Processing file /home/airflow/.local/lib/python3.8/site-packages/airflow/example_dags/example_dag_decorator.py for tasks to queue
[2025-05-13T21:16:59.191+0000] {logging_mixin.py:188} INFO - [2025-05-13T21:16:59.191+0000] {dagbag.py:538} INFO - Filling up the DagBag from /home/airflow/.local/lib/python3.8/site-packages/airflow/example_dags/example_dag_decorator.py
[2025-05-13T21:16:59.295+0000] {processor.py:840} INFO - DAG(s) 'example_dag_decorator' retrieved from /home/airflow/.local/lib/python3.8/site-packages/airflow/example_dags/example_dag_decorator.py
[2025-05-13T21:16:59.452+0000] {logging_mixin.py:188} INFO - [2025-05-13T21:16:59.451+0000] {dag.py:3036} INFO - Sync 1 DAGs
[2025-05-13T21:16:59.471+0000] {logging_mixin.py:188} INFO - [2025-05-13T21:16:59.470+0000] {dag.py:3823} INFO - Setting next_dagrun for example_dag_decorator to None, run_after=None
[2025-05-13T21:16:59.515+0000] {processor.py:183} INFO - Processing /home/airflow/.local/lib/python3.8/site-packages/airflow/example_dags/example_dag_decorator.py took 0.334 seconds
[2025-05-13T21:17:29.665+0000] {processor.py:161} INFO - Started process (PID=415) to work on /home/airflow/.local/lib/python3.8/site-packages/airflow/example_dags/example_dag_decorator.py
[2025-05-13T21:17:29.667+0000] {processor.py:830} INFO - Processing file /home/airflow/.local/lib/python3.8/site-packages/airflow/example_dags/example_dag_decorator.py for tasks to queue
[2025-05-13T21:17:29.670+0000] {logging_mixin.py:188} INFO - [2025-05-13T21:17:29.669+0000] {dagbag.py:538} INFO - Filling up the DagBag from /home/airflow/.local/lib/python3.8/site-packages/airflow/example_dags/example_dag_decorator.py
[2025-05-13T21:17:29.820+0000] {processor.py:840} INFO - DAG(s) 'example_dag_decorator' retrieved from /home/airflow/.local/lib/python3.8/site-packages/airflow/example_dags/example_dag_decorator.py
[2025-05-13T21:17:29.944+0000] {logging_mixin.py:188} INFO - [2025-05-13T21:17:29.943+0000] {dag.py:3036} INFO - Sync 1 DAGs
[2025-05-13T21:17:29.954+0000] {logging_mixin.py:188} INFO - [2025-05-13T21:17:29.954+0000] {dag.py:3823} INFO - Setting next_dagrun for example_dag_decorator to None, run_after=None
[2025-05-13T21:17:29.980+0000] {processor.py:183} INFO - Processing /home/airflow/.local/lib/python3.8/site-packages/airflow/example_dags/example_dag_decorator.py took 0.318 seconds
[2025-05-13T21:18:00.126+0000] {processor.py:161} INFO - Started process (PID=471) to work on /home/airflow/.local/lib/python3.8/site-packages/airflow/example_dags/example_dag_decorator.py
[2025-05-13T21:18:00.128+0000] {processor.py:830} INFO - Processing file /home/airflow/.local/lib/python3.8/site-packages/airflow/example_dags/example_dag_decorator.py for tasks to queue
[2025-05-13T21:18:00.130+0000] {logging_mixin.py:188} INFO - [2025-05-13T21:18:00.130+0000] {dagbag.py:538} INFO - Filling up the DagBag from /home/airflow/.local/lib/python3.8/site-packages/airflow/example_dags/example_dag_decorator.py
[2025-05-13T21:18:00.248+0000] {processor.py:840} INFO - DAG(s) 'example_dag_decorator' retrieved from /home/airflow/.local/lib/python3.8/site-packages/airflow/example_dags/example_dag_decorator.py
[2025-05-13T21:18:00.279+0000] {logging_mixin.py:188} INFO - [2025-05-13T21:18:00.279+0000] {dag.py:3036} INFO - Sync 1 DAGs
[2025-05-13T21:18:00.295+0000] {logging_mixin.py:188} INFO - [2025-05-13T21:18:00.294+0000] {dag.py:3823} INFO - Setting next_dagrun for example_dag_decorator to None, run_after=None
[2025-05-13T21:18:00.323+0000] {processor.py:183} INFO - Processing /home/airflow/.local/lib/python3.8/site-packages/airflow/example_dags/example_dag_decorator.py took 0.200 seconds
[2025-05-13T21:18:30.750+0000] {processor.py:161} INFO - Started process (PID=524) to work on /home/airflow/.local/lib/python3.8/site-packages/airflow/example_dags/example_dag_decorator.py
[2025-05-13T21:18:30.752+0000] {processor.py:830} INFO - Processing file /home/airflow/.local/lib/python3.8/site-packages/airflow/example_dags/example_dag_decorator.py for tasks to queue
[2025-05-13T21:18:30.755+0000] {logging_mixin.py:188} INFO - [2025-05-13T21:18:30.754+0000] {dagbag.py:538} INFO - Filling up the DagBag from /home/airflow/.local/lib/python3.8/site-packages/airflow/example_dags/example_dag_decorator.py
[2025-05-13T21:18:30.854+0000] {processor.py:840} INFO - DAG(s) 'example_dag_decorator' retrieved from /home/airflow/.local/lib/python3.8/site-packages/airflow/example_dags/example_dag_decorator.py
[2025-05-13T21:18:30.993+0000] {logging_mixin.py:188} INFO - [2025-05-13T21:18:30.993+0000] {dag.py:3036} INFO - Sync 1 DAGs
[2025-05-13T21:18:31.004+0000] {logging_mixin.py:188} INFO - [2025-05-13T21:18:31.004+0000] {dag.py:3823} INFO - Setting next_dagrun for example_dag_decorator to None, run_after=None
[2025-05-13T21:18:31.028+0000] {processor.py:183} INFO - Processing /home/airflow/.local/lib/python3.8/site-packages/airflow/example_dags/example_dag_decorator.py took 0.282 seconds
[2025-05-13T21:19:01.131+0000] {processor.py:161} INFO - Started process (PID=580) to work on /home/airflow/.local/lib/python3.8/site-packages/airflow/example_dags/example_dag_decorator.py
[2025-05-13T21:19:01.133+0000] {processor.py:830} INFO - Processing file /home/airflow/.local/lib/python3.8/site-packages/airflow/example_dags/example_dag_decorator.py for tasks to queue
[2025-05-13T21:19:01.136+0000] {logging_mixin.py:188} INFO - [2025-05-13T21:19:01.135+0000] {dagbag.py:538} INFO - Filling up the DagBag from /home/airflow/.local/lib/python3.8/site-packages/airflow/example_dags/example_dag_decorator.py
[2025-05-13T21:19:01.273+0000] {processor.py:840} INFO - DAG(s) 'example_dag_decorator' retrieved from /home/airflow/.local/lib/python3.8/site-packages/airflow/example_dags/example_dag_decorator.py
[2025-05-13T21:19:01.475+0000] {logging_mixin.py:188} INFO - [2025-05-13T21:19:01.475+0000] {dag.py:3036} INFO - Sync 1 DAGs
[2025-05-13T21:19:01.490+0000] {logging_mixin.py:188} INFO - [2025-05-13T21:19:01.489+0000] {dag.py:3823} INFO - Setting next_dagrun for example_dag_decorator to None, run_after=None
[2025-05-13T21:19:01.523+0000] {processor.py:183} INFO - Processing /home/airflow/.local/lib/python3.8/site-packages/airflow/example_dags/example_dag_decorator.py took 0.395 seconds
[2025-05-13T21:19:31.830+0000] {processor.py:161} INFO - Started process (PID=636) to work on /home/airflow/.local/lib/python3.8/site-packages/airflow/example_dags/example_dag_decorator.py
[2025-05-13T21:19:31.832+0000] {processor.py:830} INFO - Processing file /home/airflow/.local/lib/python3.8/site-packages/airflow/example_dags/example_dag_decorator.py for tasks to queue
[2025-05-13T21:19:31.839+0000] {logging_mixin.py:188} INFO - [2025-05-13T21:19:31.838+0000] {dagbag.py:538} INFO - Filling up the DagBag from /home/airflow/.local/lib/python3.8/site-packages/airflow/example_dags/example_dag_decorator.py
[2025-05-13T21:19:32.008+0000] {processor.py:840} INFO - DAG(s) 'example_dag_decorator' retrieved from /home/airflow/.local/lib/python3.8/site-packages/airflow/example_dags/example_dag_decorator.py
[2025-05-13T21:19:32.162+0000] {logging_mixin.py:188} INFO - [2025-05-13T21:19:32.161+0000] {dag.py:3036} INFO - Sync 1 DAGs
[2025-05-13T21:19:32.176+0000] {logging_mixin.py:188} INFO - [2025-05-13T21:19:32.176+0000] {dag.py:3823} INFO - Setting next_dagrun for example_dag_decorator to None, run_after=None
[2025-05-13T21:19:32.216+0000] {processor.py:183} INFO - Processing /home/airflow/.local/lib/python3.8/site-packages/airflow/example_dags/example_dag_decorator.py took 0.389 seconds
[2025-05-13T21:57:54.520+0000] {processor.py:161} INFO - Started process (PID=663) to work on /home/airflow/.local/lib/python3.8/site-packages/airflow/example_dags/example_dag_decorator.py
[2025-05-13T21:57:54.533+0000] {processor.py:830} INFO - Processing file /home/airflow/.local/lib/python3.8/site-packages/airflow/example_dags/example_dag_decorator.py for tasks to queue
[2025-05-13T21:57:54.556+0000] {logging_mixin.py:188} INFO - [2025-05-13T21:57:54.555+0000] {dagbag.py:538} INFO - Filling up the DagBag from /home/airflow/.local/lib/python3.8/site-packages/airflow/example_dags/example_dag_decorator.py
[2025-05-13T21:57:56.333+0000] {processor.py:840} INFO - DAG(s) 'example_dag_decorator' retrieved from /home/airflow/.local/lib/python3.8/site-packages/airflow/example_dags/example_dag_decorator.py
[2025-05-13T21:57:58.726+0000] {logging_mixin.py:188} INFO - [2025-05-13T21:57:58.725+0000] {dag.py:3036} INFO - Sync 1 DAGs
[2025-05-13T21:57:58.905+0000] {logging_mixin.py:188} INFO - [2025-05-13T21:57:58.904+0000] {dag.py:3823} INFO - Setting next_dagrun for example_dag_decorator to None, run_after=None
[2025-05-13T21:57:59.005+0000] {processor.py:183} INFO - Processing /home/airflow/.local/lib/python3.8/site-packages/airflow/example_dags/example_dag_decorator.py took 4.488 seconds
[2025-05-13T21:58:29.485+0000] {processor.py:161} INFO - Started process (PID=719) to work on /home/airflow/.local/lib/python3.8/site-packages/airflow/example_dags/example_dag_decorator.py
[2025-05-13T21:58:29.489+0000] {processor.py:830} INFO - Processing file /home/airflow/.local/lib/python3.8/site-packages/airflow/example_dags/example_dag_decorator.py for tasks to queue
[2025-05-13T21:58:29.499+0000] {logging_mixin.py:188} INFO - [2025-05-13T21:58:29.498+0000] {dagbag.py:538} INFO - Filling up the DagBag from /home/airflow/.local/lib/python3.8/site-packages/airflow/example_dags/example_dag_decorator.py
[2025-05-13T21:58:29.823+0000] {processor.py:840} INFO - DAG(s) 'example_dag_decorator' retrieved from /home/airflow/.local/lib/python3.8/site-packages/airflow/example_dags/example_dag_decorator.py
[2025-05-13T21:58:30.160+0000] {logging_mixin.py:188} INFO - [2025-05-13T21:58:30.160+0000] {dag.py:3036} INFO - Sync 1 DAGs
[2025-05-13T21:58:30.192+0000] {logging_mixin.py:188} INFO - [2025-05-13T21:58:30.192+0000] {dag.py:3823} INFO - Setting next_dagrun for example_dag_decorator to None, run_after=None
[2025-05-13T21:58:30.231+0000] {processor.py:183} INFO - Processing /home/airflow/.local/lib/python3.8/site-packages/airflow/example_dags/example_dag_decorator.py took 0.762 seconds
[2025-05-13T21:59:00.548+0000] {processor.py:161} INFO - Started process (PID=776) to work on /home/airflow/.local/lib/python3.8/site-packages/airflow/example_dags/example_dag_decorator.py
[2025-05-13T21:59:00.551+0000] {processor.py:830} INFO - Processing file /home/airflow/.local/lib/python3.8/site-packages/airflow/example_dags/example_dag_decorator.py for tasks to queue
[2025-05-13T21:59:00.553+0000] {logging_mixin.py:188} INFO - [2025-05-13T21:59:00.553+0000] {dagbag.py:538} INFO - Filling up the DagBag from /home/airflow/.local/lib/python3.8/site-packages/airflow/example_dags/example_dag_decorator.py
[2025-05-13T21:59:00.672+0000] {processor.py:840} INFO - DAG(s) 'example_dag_decorator' retrieved from /home/airflow/.local/lib/python3.8/site-packages/airflow/example_dags/example_dag_decorator.py
[2025-05-13T21:59:00.829+0000] {logging_mixin.py:188} INFO - [2025-05-13T21:59:00.828+0000] {dag.py:3036} INFO - Sync 1 DAGs
[2025-05-13T21:59:00.847+0000] {logging_mixin.py:188} INFO - [2025-05-13T21:59:00.847+0000] {dag.py:3823} INFO - Setting next_dagrun for example_dag_decorator to None, run_after=None
[2025-05-13T21:59:00.880+0000] {processor.py:183} INFO - Processing /home/airflow/.local/lib/python3.8/site-packages/airflow/example_dags/example_dag_decorator.py took 0.335 seconds
[2025-05-13T21:59:31.425+0000] {processor.py:161} INFO - Started process (PID=832) to work on /home/airflow/.local/lib/python3.8/site-packages/airflow/example_dags/example_dag_decorator.py
[2025-05-13T21:59:31.428+0000] {processor.py:830} INFO - Processing file /home/airflow/.local/lib/python3.8/site-packages/airflow/example_dags/example_dag_decorator.py for tasks to queue
[2025-05-13T21:59:31.431+0000] {logging_mixin.py:188} INFO - [2025-05-13T21:59:31.430+0000] {dagbag.py:538} INFO - Filling up the DagBag from /home/airflow/.local/lib/python3.8/site-packages/airflow/example_dags/example_dag_decorator.py
[2025-05-13T21:59:31.540+0000] {processor.py:840} INFO - DAG(s) 'example_dag_decorator' retrieved from /home/airflow/.local/lib/python3.8/site-packages/airflow/example_dags/example_dag_decorator.py
[2025-05-13T21:59:31.679+0000] {logging_mixin.py:188} INFO - [2025-05-13T21:59:31.679+0000] {dag.py:3036} INFO - Sync 1 DAGs
[2025-05-13T21:59:31.694+0000] {logging_mixin.py:188} INFO - [2025-05-13T21:59:31.694+0000] {dag.py:3823} INFO - Setting next_dagrun for example_dag_decorator to None, run_after=None
[2025-05-13T21:59:31.736+0000] {processor.py:183} INFO - Processing /home/airflow/.local/lib/python3.8/site-packages/airflow/example_dags/example_dag_decorator.py took 0.314 seconds
