[2025-05-13T21:09:34.430+0000] {processor.py:161} INFO - Started process (PID=110) to work on /home/airflow/.local/lib/python3.8/site-packages/airflow/example_dags/example_external_task_marker_dag.py
[2025-05-13T21:09:34.431+0000] {processor.py:830} INFO - Processing file /home/airflow/.local/lib/python3.8/site-packages/airflow/example_dags/example_external_task_marker_dag.py for tasks to queue
[2025-05-13T21:09:34.434+0000] {logging_mixin.py:188} INFO - [2025-05-13T21:09:34.433+0000] {dagbag.py:538} INFO - Filling up the DagBag from /home/airflow/.local/lib/python3.8/site-packages/airflow/example_dags/example_external_task_marker_dag.py
[2025-05-13T21:09:34.443+0000] {processor.py:840} INFO - DAG(s) 'example_external_task_marker_child', 'example_external_task_marker_parent' retrieved from /home/airflow/.local/lib/python3.8/site-packages/airflow/example_dags/example_external_task_marker_dag.py
[2025-05-13T21:09:34.600+0000] {logging_mixin.py:188} INFO - [2025-05-13T21:09:34.599+0000] {dag.py:3036} INFO - Sync 2 DAGs
[2025-05-13T21:09:34.614+0000] {logging_mixin.py:188} INFO - [2025-05-13T21:09:34.614+0000] {dag.py:3823} INFO - Setting next_dagrun for example_external_task_marker_child to None, run_after=None
[2025-05-13T21:09:34.618+0000] {logging_mixin.py:188} INFO - [2025-05-13T21:09:34.618+0000] {dag.py:3823} INFO - Setting next_dagrun for example_external_task_marker_parent to None, run_after=None
[2025-05-13T21:09:34.643+0000] {processor.py:183} INFO - Processing /home/airflow/.local/lib/python3.8/site-packages/airflow/example_dags/example_external_task_marker_dag.py took 0.217 seconds
[2025-05-13T21:14:45.948+0000] {processor.py:161} INFO - Started process (PID=113) to work on /home/airflow/.local/lib/python3.8/site-packages/airflow/example_dags/example_external_task_marker_dag.py
[2025-05-13T21:14:45.950+0000] {processor.py:830} INFO - Processing file /home/airflow/.local/lib/python3.8/site-packages/airflow/example_dags/example_external_task_marker_dag.py for tasks to queue
[2025-05-13T21:14:45.954+0000] {logging_mixin.py:188} INFO - [2025-05-13T21:14:45.953+0000] {dagbag.py:538} INFO - Filling up the DagBag from /home/airflow/.local/lib/python3.8/site-packages/airflow/example_dags/example_external_task_marker_dag.py
[2025-05-13T21:14:45.962+0000] {processor.py:840} INFO - DAG(s) 'example_external_task_marker_child', 'example_external_task_marker_parent' retrieved from /home/airflow/.local/lib/python3.8/site-packages/airflow/example_dags/example_external_task_marker_dag.py
[2025-05-13T21:14:46.305+0000] {logging_mixin.py:188} INFO - [2025-05-13T21:14:46.304+0000] {dag.py:3036} INFO - Sync 2 DAGs
[2025-05-13T21:14:46.346+0000] {logging_mixin.py:188} INFO - [2025-05-13T21:14:46.345+0000] {dag.py:3823} INFO - Setting next_dagrun for example_external_task_marker_child to None, run_after=None
[2025-05-13T21:14:46.350+0000] {logging_mixin.py:188} INFO - [2025-05-13T21:14:46.350+0000] {dag.py:3823} INFO - Setting next_dagrun for example_external_task_marker_parent to None, run_after=None
[2025-05-13T21:14:46.390+0000] {processor.py:183} INFO - Processing /home/airflow/.local/lib/python3.8/site-packages/airflow/example_dags/example_external_task_marker_dag.py took 0.445 seconds
[2025-05-13T21:15:17.138+0000] {processor.py:161} INFO - Started process (PID=175) to work on /home/airflow/.local/lib/python3.8/site-packages/airflow/example_dags/example_external_task_marker_dag.py
[2025-05-13T21:15:17.142+0000] {processor.py:830} INFO - Processing file /home/airflow/.local/lib/python3.8/site-packages/airflow/example_dags/example_external_task_marker_dag.py for tasks to queue
[2025-05-13T21:15:17.144+0000] {logging_mixin.py:188} INFO - [2025-05-13T21:15:17.144+0000] {dagbag.py:538} INFO - Filling up the DagBag from /home/airflow/.local/lib/python3.8/site-packages/airflow/example_dags/example_external_task_marker_dag.py
[2025-05-13T21:15:17.151+0000] {processor.py:840} INFO - DAG(s) 'example_external_task_marker_parent', 'example_external_task_marker_child' retrieved from /home/airflow/.local/lib/python3.8/site-packages/airflow/example_dags/example_external_task_marker_dag.py
[2025-05-13T21:15:17.185+0000] {logging_mixin.py:188} INFO - [2025-05-13T21:15:17.185+0000] {dag.py:3036} INFO - Sync 2 DAGs
[2025-05-13T21:15:17.201+0000] {logging_mixin.py:188} INFO - [2025-05-13T21:15:17.200+0000] {dag.py:3823} INFO - Setting next_dagrun for example_external_task_marker_child to None, run_after=None
[2025-05-13T21:15:17.208+0000] {logging_mixin.py:188} INFO - [2025-05-13T21:15:17.208+0000] {dag.py:3823} INFO - Setting next_dagrun for example_external_task_marker_parent to None, run_after=None
[2025-05-13T21:15:17.232+0000] {processor.py:183} INFO - Processing /home/airflow/.local/lib/python3.8/site-packages/airflow/example_dags/example_external_task_marker_dag.py took 0.097 seconds
[2025-05-13T21:15:47.963+0000] {processor.py:161} INFO - Started process (PID=231) to work on /home/airflow/.local/lib/python3.8/site-packages/airflow/example_dags/example_external_task_marker_dag.py
[2025-05-13T21:15:47.965+0000] {processor.py:830} INFO - Processing file /home/airflow/.local/lib/python3.8/site-packages/airflow/example_dags/example_external_task_marker_dag.py for tasks to queue
[2025-05-13T21:15:47.968+0000] {logging_mixin.py:188} INFO - [2025-05-13T21:15:47.967+0000] {dagbag.py:538} INFO - Filling up the DagBag from /home/airflow/.local/lib/python3.8/site-packages/airflow/example_dags/example_external_task_marker_dag.py
[2025-05-13T21:15:47.975+0000] {processor.py:840} INFO - DAG(s) 'example_external_task_marker_child', 'example_external_task_marker_parent' retrieved from /home/airflow/.local/lib/python3.8/site-packages/airflow/example_dags/example_external_task_marker_dag.py
[2025-05-13T21:15:48.010+0000] {logging_mixin.py:188} INFO - [2025-05-13T21:15:48.010+0000] {dag.py:3036} INFO - Sync 2 DAGs
[2025-05-13T21:15:48.027+0000] {logging_mixin.py:188} INFO - [2025-05-13T21:15:48.026+0000] {dag.py:3823} INFO - Setting next_dagrun for example_external_task_marker_child to None, run_after=None
[2025-05-13T21:15:48.033+0000] {logging_mixin.py:188} INFO - [2025-05-13T21:15:48.032+0000] {dag.py:3823} INFO - Setting next_dagrun for example_external_task_marker_parent to None, run_after=None
[2025-05-13T21:15:48.059+0000] {processor.py:183} INFO - Processing /home/airflow/.local/lib/python3.8/site-packages/airflow/example_dags/example_external_task_marker_dag.py took 0.098 seconds
[2025-05-13T21:16:18.427+0000] {processor.py:161} INFO - Started process (PID=287) to work on /home/airflow/.local/lib/python3.8/site-packages/airflow/example_dags/example_external_task_marker_dag.py
[2025-05-13T21:16:18.430+0000] {processor.py:830} INFO - Processing file /home/airflow/.local/lib/python3.8/site-packages/airflow/example_dags/example_external_task_marker_dag.py for tasks to queue
[2025-05-13T21:16:18.433+0000] {logging_mixin.py:188} INFO - [2025-05-13T21:16:18.433+0000] {dagbag.py:538} INFO - Filling up the DagBag from /home/airflow/.local/lib/python3.8/site-packages/airflow/example_dags/example_external_task_marker_dag.py
[2025-05-13T21:16:18.444+0000] {processor.py:840} INFO - DAG(s) 'example_external_task_marker_parent', 'example_external_task_marker_child' retrieved from /home/airflow/.local/lib/python3.8/site-packages/airflow/example_dags/example_external_task_marker_dag.py
[2025-05-13T21:16:18.488+0000] {logging_mixin.py:188} INFO - [2025-05-13T21:16:18.488+0000] {dag.py:3036} INFO - Sync 2 DAGs
[2025-05-13T21:16:18.505+0000] {logging_mixin.py:188} INFO - [2025-05-13T21:16:18.504+0000] {dag.py:3823} INFO - Setting next_dagrun for example_external_task_marker_child to None, run_after=None
[2025-05-13T21:16:18.511+0000] {logging_mixin.py:188} INFO - [2025-05-13T21:16:18.511+0000] {dag.py:3823} INFO - Setting next_dagrun for example_external_task_marker_parent to None, run_after=None
[2025-05-13T21:16:18.542+0000] {processor.py:183} INFO - Processing /home/airflow/.local/lib/python3.8/site-packages/airflow/example_dags/example_external_task_marker_dag.py took 0.121 seconds
[2025-05-13T21:16:48.882+0000] {processor.py:161} INFO - Started process (PID=343) to work on /home/airflow/.local/lib/python3.8/site-packages/airflow/example_dags/example_external_task_marker_dag.py
[2025-05-13T21:16:48.884+0000] {processor.py:830} INFO - Processing file /home/airflow/.local/lib/python3.8/site-packages/airflow/example_dags/example_external_task_marker_dag.py for tasks to queue
[2025-05-13T21:16:48.887+0000] {logging_mixin.py:188} INFO - [2025-05-13T21:16:48.887+0000] {dagbag.py:538} INFO - Filling up the DagBag from /home/airflow/.local/lib/python3.8/site-packages/airflow/example_dags/example_external_task_marker_dag.py
[2025-05-13T21:16:48.899+0000] {processor.py:840} INFO - DAG(s) 'example_external_task_marker_parent', 'example_external_task_marker_child' retrieved from /home/airflow/.local/lib/python3.8/site-packages/airflow/example_dags/example_external_task_marker_dag.py
[2025-05-13T21:16:48.943+0000] {logging_mixin.py:188} INFO - [2025-05-13T21:16:48.943+0000] {dag.py:3036} INFO - Sync 2 DAGs
[2025-05-13T21:16:48.961+0000] {logging_mixin.py:188} INFO - [2025-05-13T21:16:48.961+0000] {dag.py:3823} INFO - Setting next_dagrun for example_external_task_marker_child to None, run_after=None
[2025-05-13T21:16:48.969+0000] {logging_mixin.py:188} INFO - [2025-05-13T21:16:48.968+0000] {dag.py:3823} INFO - Setting next_dagrun for example_external_task_marker_parent to None, run_after=None
[2025-05-13T21:16:49.005+0000] {processor.py:183} INFO - Processing /home/airflow/.local/lib/python3.8/site-packages/airflow/example_dags/example_external_task_marker_dag.py took 0.126 seconds
[2025-05-13T21:17:19.156+0000] {processor.py:161} INFO - Started process (PID=399) to work on /home/airflow/.local/lib/python3.8/site-packages/airflow/example_dags/example_external_task_marker_dag.py
[2025-05-13T21:17:19.158+0000] {processor.py:830} INFO - Processing file /home/airflow/.local/lib/python3.8/site-packages/airflow/example_dags/example_external_task_marker_dag.py for tasks to queue
[2025-05-13T21:17:19.161+0000] {logging_mixin.py:188} INFO - [2025-05-13T21:17:19.160+0000] {dagbag.py:538} INFO - Filling up the DagBag from /home/airflow/.local/lib/python3.8/site-packages/airflow/example_dags/example_external_task_marker_dag.py
[2025-05-13T21:17:19.168+0000] {processor.py:840} INFO - DAG(s) 'example_external_task_marker_child', 'example_external_task_marker_parent' retrieved from /home/airflow/.local/lib/python3.8/site-packages/airflow/example_dags/example_external_task_marker_dag.py
[2025-05-13T21:17:19.268+0000] {logging_mixin.py:188} INFO - [2025-05-13T21:17:19.267+0000] {dag.py:3036} INFO - Sync 2 DAGs
[2025-05-13T21:17:19.288+0000] {logging_mixin.py:188} INFO - [2025-05-13T21:17:19.287+0000] {dag.py:3823} INFO - Setting next_dagrun for example_external_task_marker_child to None, run_after=None
[2025-05-13T21:17:19.294+0000] {logging_mixin.py:188} INFO - [2025-05-13T21:17:19.294+0000] {dag.py:3823} INFO - Setting next_dagrun for example_external_task_marker_parent to None, run_after=None
[2025-05-13T21:17:19.325+0000] {processor.py:183} INFO - Processing /home/airflow/.local/lib/python3.8/site-packages/airflow/example_dags/example_external_task_marker_dag.py took 0.172 seconds
[2025-05-13T21:17:49.571+0000] {processor.py:161} INFO - Started process (PID=455) to work on /home/airflow/.local/lib/python3.8/site-packages/airflow/example_dags/example_external_task_marker_dag.py
[2025-05-13T21:17:49.573+0000] {processor.py:830} INFO - Processing file /home/airflow/.local/lib/python3.8/site-packages/airflow/example_dags/example_external_task_marker_dag.py for tasks to queue
[2025-05-13T21:17:49.575+0000] {logging_mixin.py:188} INFO - [2025-05-13T21:17:49.575+0000] {dagbag.py:538} INFO - Filling up the DagBag from /home/airflow/.local/lib/python3.8/site-packages/airflow/example_dags/example_external_task_marker_dag.py
[2025-05-13T21:17:49.584+0000] {processor.py:840} INFO - DAG(s) 'example_external_task_marker_parent', 'example_external_task_marker_child' retrieved from /home/airflow/.local/lib/python3.8/site-packages/airflow/example_dags/example_external_task_marker_dag.py
[2025-05-13T21:17:49.624+0000] {logging_mixin.py:188} INFO - [2025-05-13T21:17:49.624+0000] {dag.py:3036} INFO - Sync 2 DAGs
[2025-05-13T21:17:49.647+0000] {logging_mixin.py:188} INFO - [2025-05-13T21:17:49.646+0000] {dag.py:3823} INFO - Setting next_dagrun for example_external_task_marker_child to None, run_after=None
[2025-05-13T21:17:49.661+0000] {logging_mixin.py:188} INFO - [2025-05-13T21:17:49.661+0000] {dag.py:3823} INFO - Setting next_dagrun for example_external_task_marker_parent to None, run_after=None
[2025-05-13T21:17:49.700+0000] {processor.py:183} INFO - Processing /home/airflow/.local/lib/python3.8/site-packages/airflow/example_dags/example_external_task_marker_dag.py took 0.132 seconds
[2025-05-13T21:18:20.584+0000] {processor.py:161} INFO - Started process (PID=511) to work on /home/airflow/.local/lib/python3.8/site-packages/airflow/example_dags/example_external_task_marker_dag.py
[2025-05-13T21:18:20.585+0000] {processor.py:830} INFO - Processing file /home/airflow/.local/lib/python3.8/site-packages/airflow/example_dags/example_external_task_marker_dag.py for tasks to queue
[2025-05-13T21:18:20.590+0000] {logging_mixin.py:188} INFO - [2025-05-13T21:18:20.589+0000] {dagbag.py:538} INFO - Filling up the DagBag from /home/airflow/.local/lib/python3.8/site-packages/airflow/example_dags/example_external_task_marker_dag.py
[2025-05-13T21:18:20.601+0000] {processor.py:840} INFO - DAG(s) 'example_external_task_marker_parent', 'example_external_task_marker_child' retrieved from /home/airflow/.local/lib/python3.8/site-packages/airflow/example_dags/example_external_task_marker_dag.py
[2025-05-13T21:18:20.630+0000] {logging_mixin.py:188} INFO - [2025-05-13T21:18:20.630+0000] {dag.py:3036} INFO - Sync 2 DAGs
[2025-05-13T21:18:20.644+0000] {logging_mixin.py:188} INFO - [2025-05-13T21:18:20.644+0000] {dag.py:3823} INFO - Setting next_dagrun for example_external_task_marker_child to None, run_after=None
[2025-05-13T21:18:20.649+0000] {logging_mixin.py:188} INFO - [2025-05-13T21:18:20.649+0000] {dag.py:3823} INFO - Setting next_dagrun for example_external_task_marker_parent to None, run_after=None
[2025-05-13T21:18:20.676+0000] {processor.py:183} INFO - Processing /home/airflow/.local/lib/python3.8/site-packages/airflow/example_dags/example_external_task_marker_dag.py took 0.095 seconds
[2025-05-13T21:18:50.818+0000] {processor.py:161} INFO - Started process (PID=566) to work on /home/airflow/.local/lib/python3.8/site-packages/airflow/example_dags/example_external_task_marker_dag.py
[2025-05-13T21:18:50.820+0000] {processor.py:830} INFO - Processing file /home/airflow/.local/lib/python3.8/site-packages/airflow/example_dags/example_external_task_marker_dag.py for tasks to queue
[2025-05-13T21:18:50.823+0000] {logging_mixin.py:188} INFO - [2025-05-13T21:18:50.822+0000] {dagbag.py:538} INFO - Filling up the DagBag from /home/airflow/.local/lib/python3.8/site-packages/airflow/example_dags/example_external_task_marker_dag.py
[2025-05-13T21:18:50.830+0000] {processor.py:840} INFO - DAG(s) 'example_external_task_marker_child', 'example_external_task_marker_parent' retrieved from /home/airflow/.local/lib/python3.8/site-packages/airflow/example_dags/example_external_task_marker_dag.py
[2025-05-13T21:18:50.876+0000] {logging_mixin.py:188} INFO - [2025-05-13T21:18:50.875+0000] {dag.py:3036} INFO - Sync 2 DAGs
[2025-05-13T21:18:50.897+0000] {logging_mixin.py:188} INFO - [2025-05-13T21:18:50.896+0000] {dag.py:3823} INFO - Setting next_dagrun for example_external_task_marker_child to None, run_after=None
[2025-05-13T21:18:50.904+0000] {logging_mixin.py:188} INFO - [2025-05-13T21:18:50.903+0000] {dag.py:3823} INFO - Setting next_dagrun for example_external_task_marker_parent to None, run_after=None
[2025-05-13T21:18:50.937+0000] {processor.py:183} INFO - Processing /home/airflow/.local/lib/python3.8/site-packages/airflow/example_dags/example_external_task_marker_dag.py took 0.122 seconds
[2025-05-13T21:19:21.564+0000] {processor.py:161} INFO - Started process (PID=623) to work on /home/airflow/.local/lib/python3.8/site-packages/airflow/example_dags/example_external_task_marker_dag.py
[2025-05-13T21:19:21.566+0000] {processor.py:830} INFO - Processing file /home/airflow/.local/lib/python3.8/site-packages/airflow/example_dags/example_external_task_marker_dag.py for tasks to queue
[2025-05-13T21:19:21.569+0000] {logging_mixin.py:188} INFO - [2025-05-13T21:19:21.568+0000] {dagbag.py:538} INFO - Filling up the DagBag from /home/airflow/.local/lib/python3.8/site-packages/airflow/example_dags/example_external_task_marker_dag.py
[2025-05-13T21:19:21.578+0000] {processor.py:840} INFO - DAG(s) 'example_external_task_marker_parent', 'example_external_task_marker_child' retrieved from /home/airflow/.local/lib/python3.8/site-packages/airflow/example_dags/example_external_task_marker_dag.py
[2025-05-13T21:19:21.615+0000] {logging_mixin.py:188} INFO - [2025-05-13T21:19:21.615+0000] {dag.py:3036} INFO - Sync 2 DAGs
[2025-05-13T21:19:21.633+0000] {logging_mixin.py:188} INFO - [2025-05-13T21:19:21.633+0000] {dag.py:3823} INFO - Setting next_dagrun for example_external_task_marker_child to None, run_after=None
[2025-05-13T21:19:21.640+0000] {logging_mixin.py:188} INFO - [2025-05-13T21:19:21.639+0000] {dag.py:3823} INFO - Setting next_dagrun for example_external_task_marker_parent to None, run_after=None
[2025-05-13T21:19:21.707+0000] {processor.py:183} INFO - Processing /home/airflow/.local/lib/python3.8/site-packages/airflow/example_dags/example_external_task_marker_dag.py took 0.146 seconds
[2025-05-13T21:58:10.097+0000] {processor.py:161} INFO - Started process (PID=697) to work on /home/airflow/.local/lib/python3.8/site-packages/airflow/example_dags/example_external_task_marker_dag.py
[2025-05-13T21:58:10.100+0000] {processor.py:830} INFO - Processing file /home/airflow/.local/lib/python3.8/site-packages/airflow/example_dags/example_external_task_marker_dag.py for tasks to queue
[2025-05-13T21:58:10.104+0000] {logging_mixin.py:188} INFO - [2025-05-13T21:58:10.104+0000] {dagbag.py:538} INFO - Filling up the DagBag from /home/airflow/.local/lib/python3.8/site-packages/airflow/example_dags/example_external_task_marker_dag.py
[2025-05-13T21:58:10.113+0000] {processor.py:840} INFO - DAG(s) 'example_external_task_marker_child', 'example_external_task_marker_parent' retrieved from /home/airflow/.local/lib/python3.8/site-packages/airflow/example_dags/example_external_task_marker_dag.py
[2025-05-13T21:58:10.182+0000] {logging_mixin.py:188} INFO - [2025-05-13T21:58:10.182+0000] {dag.py:3036} INFO - Sync 2 DAGs
[2025-05-13T21:58:10.213+0000] {logging_mixin.py:188} INFO - [2025-05-13T21:58:10.213+0000] {dag.py:3823} INFO - Setting next_dagrun for example_external_task_marker_child to None, run_after=None
[2025-05-13T21:58:10.221+0000] {logging_mixin.py:188} INFO - [2025-05-13T21:58:10.220+0000] {dag.py:3823} INFO - Setting next_dagrun for example_external_task_marker_parent to None, run_after=None
[2025-05-13T21:58:10.259+0000] {processor.py:183} INFO - Processing /home/airflow/.local/lib/python3.8/site-packages/airflow/example_dags/example_external_task_marker_dag.py took 0.166 seconds
[2025-05-13T21:58:40.399+0000] {processor.py:161} INFO - Started process (PID=753) to work on /home/airflow/.local/lib/python3.8/site-packages/airflow/example_dags/example_external_task_marker_dag.py
[2025-05-13T21:58:40.400+0000] {processor.py:830} INFO - Processing file /home/airflow/.local/lib/python3.8/site-packages/airflow/example_dags/example_external_task_marker_dag.py for tasks to queue
[2025-05-13T21:58:40.405+0000] {logging_mixin.py:188} INFO - [2025-05-13T21:58:40.404+0000] {dagbag.py:538} INFO - Filling up the DagBag from /home/airflow/.local/lib/python3.8/site-packages/airflow/example_dags/example_external_task_marker_dag.py
[2025-05-13T21:58:40.411+0000] {processor.py:840} INFO - DAG(s) 'example_external_task_marker_parent', 'example_external_task_marker_child' retrieved from /home/airflow/.local/lib/python3.8/site-packages/airflow/example_dags/example_external_task_marker_dag.py
[2025-05-13T21:58:40.454+0000] {logging_mixin.py:188} INFO - [2025-05-13T21:58:40.454+0000] {dag.py:3036} INFO - Sync 2 DAGs
[2025-05-13T21:58:40.471+0000] {logging_mixin.py:188} INFO - [2025-05-13T21:58:40.470+0000] {dag.py:3823} INFO - Setting next_dagrun for example_external_task_marker_child to None, run_after=None
[2025-05-13T21:58:40.476+0000] {logging_mixin.py:188} INFO - [2025-05-13T21:58:40.476+0000] {dag.py:3823} INFO - Setting next_dagrun for example_external_task_marker_parent to None, run_after=None
[2025-05-13T21:58:40.500+0000] {processor.py:183} INFO - Processing /home/airflow/.local/lib/python3.8/site-packages/airflow/example_dags/example_external_task_marker_dag.py took 0.105 seconds
[2025-05-13T21:59:10.934+0000] {processor.py:161} INFO - Started process (PID=810) to work on /home/airflow/.local/lib/python3.8/site-packages/airflow/example_dags/example_external_task_marker_dag.py
[2025-05-13T21:59:10.936+0000] {processor.py:830} INFO - Processing file /home/airflow/.local/lib/python3.8/site-packages/airflow/example_dags/example_external_task_marker_dag.py for tasks to queue
[2025-05-13T21:59:10.939+0000] {logging_mixin.py:188} INFO - [2025-05-13T21:59:10.938+0000] {dagbag.py:538} INFO - Filling up the DagBag from /home/airflow/.local/lib/python3.8/site-packages/airflow/example_dags/example_external_task_marker_dag.py
[2025-05-13T21:59:10.947+0000] {processor.py:840} INFO - DAG(s) 'example_external_task_marker_child', 'example_external_task_marker_parent' retrieved from /home/airflow/.local/lib/python3.8/site-packages/airflow/example_dags/example_external_task_marker_dag.py
[2025-05-13T21:59:10.996+0000] {logging_mixin.py:188} INFO - [2025-05-13T21:59:10.996+0000] {dag.py:3036} INFO - Sync 2 DAGs
[2025-05-13T21:59:11.018+0000] {logging_mixin.py:188} INFO - [2025-05-13T21:59:11.017+0000] {dag.py:3823} INFO - Setting next_dagrun for example_external_task_marker_child to None, run_after=None
[2025-05-13T21:59:11.025+0000] {logging_mixin.py:188} INFO - [2025-05-13T21:59:11.025+0000] {dag.py:3823} INFO - Setting next_dagrun for example_external_task_marker_parent to None, run_after=None
[2025-05-13T21:59:11.065+0000] {processor.py:183} INFO - Processing /home/airflow/.local/lib/python3.8/site-packages/airflow/example_dags/example_external_task_marker_dag.py took 0.135 seconds
[2025-05-13T21:59:42.150+0000] {processor.py:161} INFO - Started process (PID=866) to work on /home/airflow/.local/lib/python3.8/site-packages/airflow/example_dags/example_external_task_marker_dag.py
[2025-05-13T21:59:42.152+0000] {processor.py:830} INFO - Processing file /home/airflow/.local/lib/python3.8/site-packages/airflow/example_dags/example_external_task_marker_dag.py for tasks to queue
[2025-05-13T21:59:42.156+0000] {logging_mixin.py:188} INFO - [2025-05-13T21:59:42.155+0000] {dagbag.py:538} INFO - Filling up the DagBag from /home/airflow/.local/lib/python3.8/site-packages/airflow/example_dags/example_external_task_marker_dag.py
[2025-05-13T21:59:42.165+0000] {processor.py:840} INFO - DAG(s) 'example_external_task_marker_child', 'example_external_task_marker_parent' retrieved from /home/airflow/.local/lib/python3.8/site-packages/airflow/example_dags/example_external_task_marker_dag.py
[2025-05-13T21:59:42.210+0000] {logging_mixin.py:188} INFO - [2025-05-13T21:59:42.209+0000] {dag.py:3036} INFO - Sync 2 DAGs
[2025-05-13T21:59:42.240+0000] {logging_mixin.py:188} INFO - [2025-05-13T21:59:42.239+0000] {dag.py:3823} INFO - Setting next_dagrun for example_external_task_marker_child to None, run_after=None
[2025-05-13T21:59:42.254+0000] {logging_mixin.py:188} INFO - [2025-05-13T21:59:42.254+0000] {dag.py:3823} INFO - Setting next_dagrun for example_external_task_marker_parent to None, run_after=None
[2025-05-13T21:59:42.296+0000] {processor.py:183} INFO - Processing /home/airflow/.local/lib/python3.8/site-packages/airflow/example_dags/example_external_task_marker_dag.py took 0.149 seconds
