[2025-05-13T21:09:32.061+0000] {processor.py:161} INFO - Started process (PID=97) to work on /home/airflow/.local/lib/python3.8/site-packages/airflow/example_dags/example_branch_datetime_operator.py
[2025-05-13T21:09:32.062+0000] {processor.py:830} INFO - Processing file /home/airflow/.local/lib/python3.8/site-packages/airflow/example_dags/example_branch_datetime_operator.py for tasks to queue
[2025-05-13T21:09:32.065+0000] {logging_mixin.py:188} INFO - [2025-05-13T21:09:32.064+0000] {dagbag.py:538} INFO - Filling up the DagBag from /home/airflow/.local/lib/python3.8/site-packages/airflow/example_dags/example_branch_datetime_operator.py
[2025-05-13T21:09:32.078+0000] {processor.py:840} INFO - DAG(s) 'example_branch_datetime_operator_2', 'example_branch_datetime_operator_3', 'example_branch_datetime_operator' retrieved from /home/airflow/.local/lib/python3.8/site-packages/airflow/example_dags/example_branch_datetime_operator.py
[2025-05-13T21:09:32.250+0000] {logging_mixin.py:188} INFO - [2025-05-13T21:09:32.249+0000] {dag.py:3036} INFO - Sync 3 DAGs
[2025-05-13T21:09:32.279+0000] {logging_mixin.py:188} INFO - [2025-05-13T21:09:32.279+0000] {dag.py:3823} INFO - Setting next_dagrun for example_branch_datetime_operator to 2025-05-12 00:00:00+00:00, run_after=2025-05-13 00:00:00+00:00
[2025-05-13T21:09:32.285+0000] {logging_mixin.py:188} INFO - [2025-05-13T21:09:32.285+0000] {dag.py:3823} INFO - Setting next_dagrun for example_branch_datetime_operator_2 to 2025-05-12 00:00:00+00:00, run_after=2025-05-13 00:00:00+00:00
[2025-05-13T21:09:32.289+0000] {logging_mixin.py:188} INFO - [2025-05-13T21:09:32.288+0000] {dag.py:3823} INFO - Setting next_dagrun for example_branch_datetime_operator_3 to 2025-05-12 00:00:00+00:00, run_after=2025-05-13 00:00:00+00:00
[2025-05-13T21:09:32.317+0000] {processor.py:183} INFO - Processing /home/airflow/.local/lib/python3.8/site-packages/airflow/example_dags/example_branch_datetime_operator.py took 0.259 seconds
[2025-05-13T21:12:03.690+0000] {processor.py:161} INFO - Started process (PID=183) to work on /home/airflow/.local/lib/python3.8/site-packages/airflow/example_dags/example_branch_datetime_operator.py
[2025-05-13T21:12:03.729+0000] {processor.py:830} INFO - Processing file /home/airflow/.local/lib/python3.8/site-packages/airflow/example_dags/example_branch_datetime_operator.py for tasks to queue
[2025-05-13T21:12:03.748+0000] {logging_mixin.py:188} INFO - [2025-05-13T21:12:03.744+0000] {dagbag.py:538} INFO - Filling up the DagBag from /home/airflow/.local/lib/python3.8/site-packages/airflow/example_dags/example_branch_datetime_operator.py
[2025-05-13T21:12:03.806+0000] {processor.py:840} INFO - DAG(s) 'example_branch_datetime_operator', 'example_branch_datetime_operator_3', 'example_branch_datetime_operator_2' retrieved from /home/airflow/.local/lib/python3.8/site-packages/airflow/example_dags/example_branch_datetime_operator.py
[2025-05-13T21:12:08.346+0000] {logging_mixin.py:188} INFO - [2025-05-13T21:12:08.345+0000] {process_utils.py:262} INFO - Waiting up to 5 seconds for processes to exit...
[2025-05-13T21:14:41.370+0000] {processor.py:161} INFO - Started process (PID=100) to work on /home/airflow/.local/lib/python3.8/site-packages/airflow/example_dags/example_branch_datetime_operator.py
[2025-05-13T21:14:41.381+0000] {processor.py:830} INFO - Processing file /home/airflow/.local/lib/python3.8/site-packages/airflow/example_dags/example_branch_datetime_operator.py for tasks to queue
[2025-05-13T21:14:41.384+0000] {logging_mixin.py:188} INFO - [2025-05-13T21:14:41.384+0000] {dagbag.py:538} INFO - Filling up the DagBag from /home/airflow/.local/lib/python3.8/site-packages/airflow/example_dags/example_branch_datetime_operator.py
[2025-05-13T21:14:41.451+0000] {processor.py:840} INFO - DAG(s) 'example_branch_datetime_operator_2', 'example_branch_datetime_operator', 'example_branch_datetime_operator_3' retrieved from /home/airflow/.local/lib/python3.8/site-packages/airflow/example_dags/example_branch_datetime_operator.py
[2025-05-13T21:14:41.884+0000] {logging_mixin.py:188} INFO - [2025-05-13T21:14:41.883+0000] {dag.py:3036} INFO - Sync 3 DAGs
[2025-05-13T21:14:42.010+0000] {logging_mixin.py:188} INFO - [2025-05-13T21:14:42.010+0000] {dag.py:3823} INFO - Setting next_dagrun for example_branch_datetime_operator to 2025-05-12 00:00:00+00:00, run_after=2025-05-13 00:00:00+00:00
[2025-05-13T21:14:42.028+0000] {logging_mixin.py:188} INFO - [2025-05-13T21:14:42.028+0000] {dag.py:3823} INFO - Setting next_dagrun for example_branch_datetime_operator_2 to 2025-05-12 00:00:00+00:00, run_after=2025-05-13 00:00:00+00:00
[2025-05-13T21:14:42.035+0000] {logging_mixin.py:188} INFO - [2025-05-13T21:14:42.034+0000] {dag.py:3823} INFO - Setting next_dagrun for example_branch_datetime_operator_3 to 2025-05-12 00:00:00+00:00, run_after=2025-05-13 00:00:00+00:00
[2025-05-13T21:14:42.110+0000] {processor.py:183} INFO - Processing /home/airflow/.local/lib/python3.8/site-packages/airflow/example_dags/example_branch_datetime_operator.py took 0.745 seconds
[2025-05-13T21:15:12.246+0000] {processor.py:161} INFO - Started process (PID=156) to work on /home/airflow/.local/lib/python3.8/site-packages/airflow/example_dags/example_branch_datetime_operator.py
[2025-05-13T21:15:12.247+0000] {processor.py:830} INFO - Processing file /home/airflow/.local/lib/python3.8/site-packages/airflow/example_dags/example_branch_datetime_operator.py for tasks to queue
[2025-05-13T21:15:12.249+0000] {logging_mixin.py:188} INFO - [2025-05-13T21:15:12.249+0000] {dagbag.py:538} INFO - Filling up the DagBag from /home/airflow/.local/lib/python3.8/site-packages/airflow/example_dags/example_branch_datetime_operator.py
[2025-05-13T21:15:12.261+0000] {processor.py:840} INFO - DAG(s) 'example_branch_datetime_operator_2', 'example_branch_datetime_operator_3', 'example_branch_datetime_operator' retrieved from /home/airflow/.local/lib/python3.8/site-packages/airflow/example_dags/example_branch_datetime_operator.py
[2025-05-13T21:15:12.296+0000] {logging_mixin.py:188} INFO - [2025-05-13T21:15:12.295+0000] {dag.py:3036} INFO - Sync 3 DAGs
[2025-05-13T21:15:12.323+0000] {logging_mixin.py:188} INFO - [2025-05-13T21:15:12.322+0000] {dag.py:3823} INFO - Setting next_dagrun for example_branch_datetime_operator to 2025-05-12 00:00:00+00:00, run_after=2025-05-13 00:00:00+00:00
[2025-05-13T21:15:12.331+0000] {logging_mixin.py:188} INFO - [2025-05-13T21:15:12.330+0000] {dag.py:3823} INFO - Setting next_dagrun for example_branch_datetime_operator_2 to 2025-05-12 00:00:00+00:00, run_after=2025-05-13 00:00:00+00:00
[2025-05-13T21:15:12.334+0000] {logging_mixin.py:188} INFO - [2025-05-13T21:15:12.334+0000] {dag.py:3823} INFO - Setting next_dagrun for example_branch_datetime_operator_3 to 2025-05-12 00:00:00+00:00, run_after=2025-05-13 00:00:00+00:00
[2025-05-13T21:15:12.361+0000] {processor.py:183} INFO - Processing /home/airflow/.local/lib/python3.8/site-packages/airflow/example_dags/example_branch_datetime_operator.py took 0.119 seconds
[2025-05-13T21:15:43.007+0000] {processor.py:161} INFO - Started process (PID=212) to work on /home/airflow/.local/lib/python3.8/site-packages/airflow/example_dags/example_branch_datetime_operator.py
[2025-05-13T21:15:43.009+0000] {processor.py:830} INFO - Processing file /home/airflow/.local/lib/python3.8/site-packages/airflow/example_dags/example_branch_datetime_operator.py for tasks to queue
[2025-05-13T21:15:43.011+0000] {logging_mixin.py:188} INFO - [2025-05-13T21:15:43.011+0000] {dagbag.py:538} INFO - Filling up the DagBag from /home/airflow/.local/lib/python3.8/site-packages/airflow/example_dags/example_branch_datetime_operator.py
[2025-05-13T21:15:43.023+0000] {processor.py:840} INFO - DAG(s) 'example_branch_datetime_operator', 'example_branch_datetime_operator_2', 'example_branch_datetime_operator_3' retrieved from /home/airflow/.local/lib/python3.8/site-packages/airflow/example_dags/example_branch_datetime_operator.py
[2025-05-13T21:15:43.069+0000] {logging_mixin.py:188} INFO - [2025-05-13T21:15:43.068+0000] {dag.py:3036} INFO - Sync 3 DAGs
[2025-05-13T21:15:43.112+0000] {logging_mixin.py:188} INFO - [2025-05-13T21:15:43.112+0000] {dag.py:3823} INFO - Setting next_dagrun for example_branch_datetime_operator to 2025-05-12 00:00:00+00:00, run_after=2025-05-13 00:00:00+00:00
[2025-05-13T21:15:43.122+0000] {logging_mixin.py:188} INFO - [2025-05-13T21:15:43.122+0000] {dag.py:3823} INFO - Setting next_dagrun for example_branch_datetime_operator_2 to 2025-05-12 00:00:00+00:00, run_after=2025-05-13 00:00:00+00:00
[2025-05-13T21:15:43.127+0000] {logging_mixin.py:188} INFO - [2025-05-13T21:15:43.127+0000] {dag.py:3823} INFO - Setting next_dagrun for example_branch_datetime_operator_3 to 2025-05-12 00:00:00+00:00, run_after=2025-05-13 00:00:00+00:00
[2025-05-13T21:15:43.158+0000] {processor.py:183} INFO - Processing /home/airflow/.local/lib/python3.8/site-packages/airflow/example_dags/example_branch_datetime_operator.py took 0.155 seconds
[2025-05-13T21:16:13.893+0000] {processor.py:161} INFO - Started process (PID=268) to work on /home/airflow/.local/lib/python3.8/site-packages/airflow/example_dags/example_branch_datetime_operator.py
[2025-05-13T21:16:13.901+0000] {processor.py:830} INFO - Processing file /home/airflow/.local/lib/python3.8/site-packages/airflow/example_dags/example_branch_datetime_operator.py for tasks to queue
[2025-05-13T21:16:13.904+0000] {logging_mixin.py:188} INFO - [2025-05-13T21:16:13.904+0000] {dagbag.py:538} INFO - Filling up the DagBag from /home/airflow/.local/lib/python3.8/site-packages/airflow/example_dags/example_branch_datetime_operator.py
[2025-05-13T21:16:13.965+0000] {processor.py:840} INFO - DAG(s) 'example_branch_datetime_operator_2', 'example_branch_datetime_operator', 'example_branch_datetime_operator_3' retrieved from /home/airflow/.local/lib/python3.8/site-packages/airflow/example_dags/example_branch_datetime_operator.py
[2025-05-13T21:16:14.061+0000] {logging_mixin.py:188} INFO - [2025-05-13T21:16:14.061+0000] {dag.py:3036} INFO - Sync 3 DAGs
[2025-05-13T21:16:14.123+0000] {logging_mixin.py:188} INFO - [2025-05-13T21:16:14.121+0000] {dag.py:3823} INFO - Setting next_dagrun for example_branch_datetime_operator to 2025-05-12 00:00:00+00:00, run_after=2025-05-13 00:00:00+00:00
[2025-05-13T21:16:14.144+0000] {logging_mixin.py:188} INFO - [2025-05-13T21:16:14.143+0000] {dag.py:3823} INFO - Setting next_dagrun for example_branch_datetime_operator_2 to 2025-05-12 00:00:00+00:00, run_after=2025-05-13 00:00:00+00:00
[2025-05-13T21:16:14.158+0000] {logging_mixin.py:188} INFO - [2025-05-13T21:16:14.158+0000] {dag.py:3823} INFO - Setting next_dagrun for example_branch_datetime_operator_3 to 2025-05-12 00:00:00+00:00, run_after=2025-05-13 00:00:00+00:00
[2025-05-13T21:16:14.253+0000] {processor.py:183} INFO - Processing /home/airflow/.local/lib/python3.8/site-packages/airflow/example_dags/example_branch_datetime_operator.py took 0.364 seconds
[2025-05-13T21:16:44.598+0000] {processor.py:161} INFO - Started process (PID=324) to work on /home/airflow/.local/lib/python3.8/site-packages/airflow/example_dags/example_branch_datetime_operator.py
[2025-05-13T21:16:44.600+0000] {processor.py:830} INFO - Processing file /home/airflow/.local/lib/python3.8/site-packages/airflow/example_dags/example_branch_datetime_operator.py for tasks to queue
[2025-05-13T21:16:44.602+0000] {logging_mixin.py:188} INFO - [2025-05-13T21:16:44.601+0000] {dagbag.py:538} INFO - Filling up the DagBag from /home/airflow/.local/lib/python3.8/site-packages/airflow/example_dags/example_branch_datetime_operator.py
[2025-05-13T21:16:44.615+0000] {processor.py:840} INFO - DAG(s) 'example_branch_datetime_operator', 'example_branch_datetime_operator_3', 'example_branch_datetime_operator_2' retrieved from /home/airflow/.local/lib/python3.8/site-packages/airflow/example_dags/example_branch_datetime_operator.py
[2025-05-13T21:16:44.647+0000] {logging_mixin.py:188} INFO - [2025-05-13T21:16:44.647+0000] {dag.py:3036} INFO - Sync 3 DAGs
[2025-05-13T21:16:44.680+0000] {logging_mixin.py:188} INFO - [2025-05-13T21:16:44.679+0000] {dag.py:3823} INFO - Setting next_dagrun for example_branch_datetime_operator to 2025-05-12 00:00:00+00:00, run_after=2025-05-13 00:00:00+00:00
[2025-05-13T21:16:44.696+0000] {logging_mixin.py:188} INFO - [2025-05-13T21:16:44.696+0000] {dag.py:3823} INFO - Setting next_dagrun for example_branch_datetime_operator_2 to 2025-05-12 00:00:00+00:00, run_after=2025-05-13 00:00:00+00:00
[2025-05-13T21:16:44.701+0000] {logging_mixin.py:188} INFO - [2025-05-13T21:16:44.700+0000] {dag.py:3823} INFO - Setting next_dagrun for example_branch_datetime_operator_3 to 2025-05-12 00:00:00+00:00, run_after=2025-05-13 00:00:00+00:00
[2025-05-13T21:16:44.733+0000] {processor.py:183} INFO - Processing /home/airflow/.local/lib/python3.8/site-packages/airflow/example_dags/example_branch_datetime_operator.py took 0.138 seconds
[2025-05-13T21:17:14.970+0000] {processor.py:161} INFO - Started process (PID=380) to work on /home/airflow/.local/lib/python3.8/site-packages/airflow/example_dags/example_branch_datetime_operator.py
[2025-05-13T21:17:14.971+0000] {processor.py:830} INFO - Processing file /home/airflow/.local/lib/python3.8/site-packages/airflow/example_dags/example_branch_datetime_operator.py for tasks to queue
[2025-05-13T21:17:14.974+0000] {logging_mixin.py:188} INFO - [2025-05-13T21:17:14.973+0000] {dagbag.py:538} INFO - Filling up the DagBag from /home/airflow/.local/lib/python3.8/site-packages/airflow/example_dags/example_branch_datetime_operator.py
[2025-05-13T21:17:14.988+0000] {processor.py:840} INFO - DAG(s) 'example_branch_datetime_operator_2', 'example_branch_datetime_operator', 'example_branch_datetime_operator_3' retrieved from /home/airflow/.local/lib/python3.8/site-packages/airflow/example_dags/example_branch_datetime_operator.py
[2025-05-13T21:17:15.037+0000] {logging_mixin.py:188} INFO - [2025-05-13T21:17:15.037+0000] {dag.py:3036} INFO - Sync 3 DAGs
[2025-05-13T21:17:15.076+0000] {logging_mixin.py:188} INFO - [2025-05-13T21:17:15.074+0000] {dag.py:3823} INFO - Setting next_dagrun for example_branch_datetime_operator to 2025-05-12 00:00:00+00:00, run_after=2025-05-13 00:00:00+00:00
[2025-05-13T21:17:15.112+0000] {logging_mixin.py:188} INFO - [2025-05-13T21:17:15.110+0000] {dag.py:3823} INFO - Setting next_dagrun for example_branch_datetime_operator_2 to 2025-05-12 00:00:00+00:00, run_after=2025-05-13 00:00:00+00:00
[2025-05-13T21:17:15.119+0000] {logging_mixin.py:188} INFO - [2025-05-13T21:17:15.119+0000] {dag.py:3823} INFO - Setting next_dagrun for example_branch_datetime_operator_3 to 2025-05-12 00:00:00+00:00, run_after=2025-05-13 00:00:00+00:00
[2025-05-13T21:17:15.183+0000] {processor.py:183} INFO - Processing /home/airflow/.local/lib/python3.8/site-packages/airflow/example_dags/example_branch_datetime_operator.py took 0.217 seconds
[2025-05-13T21:17:45.537+0000] {processor.py:161} INFO - Started process (PID=436) to work on /home/airflow/.local/lib/python3.8/site-packages/airflow/example_dags/example_branch_datetime_operator.py
[2025-05-13T21:17:45.539+0000] {processor.py:830} INFO - Processing file /home/airflow/.local/lib/python3.8/site-packages/airflow/example_dags/example_branch_datetime_operator.py for tasks to queue
[2025-05-13T21:17:45.543+0000] {logging_mixin.py:188} INFO - [2025-05-13T21:17:45.543+0000] {dagbag.py:538} INFO - Filling up the DagBag from /home/airflow/.local/lib/python3.8/site-packages/airflow/example_dags/example_branch_datetime_operator.py
[2025-05-13T21:17:45.557+0000] {processor.py:840} INFO - DAG(s) 'example_branch_datetime_operator_2', 'example_branch_datetime_operator_3', 'example_branch_datetime_operator' retrieved from /home/airflow/.local/lib/python3.8/site-packages/airflow/example_dags/example_branch_datetime_operator.py
[2025-05-13T21:17:45.596+0000] {logging_mixin.py:188} INFO - [2025-05-13T21:17:45.596+0000] {dag.py:3036} INFO - Sync 3 DAGs
[2025-05-13T21:17:45.622+0000] {logging_mixin.py:188} INFO - [2025-05-13T21:17:45.622+0000] {dag.py:3823} INFO - Setting next_dagrun for example_branch_datetime_operator to 2025-05-12 00:00:00+00:00, run_after=2025-05-13 00:00:00+00:00
[2025-05-13T21:17:45.628+0000] {logging_mixin.py:188} INFO - [2025-05-13T21:17:45.627+0000] {dag.py:3823} INFO - Setting next_dagrun for example_branch_datetime_operator_2 to 2025-05-12 00:00:00+00:00, run_after=2025-05-13 00:00:00+00:00
[2025-05-13T21:17:45.631+0000] {logging_mixin.py:188} INFO - [2025-05-13T21:17:45.631+0000] {dag.py:3823} INFO - Setting next_dagrun for example_branch_datetime_operator_3 to 2025-05-12 00:00:00+00:00, run_after=2025-05-13 00:00:00+00:00
[2025-05-13T21:17:45.654+0000] {processor.py:183} INFO - Processing /home/airflow/.local/lib/python3.8/site-packages/airflow/example_dags/example_branch_datetime_operator.py took 0.120 seconds
[2025-05-13T21:18:16.505+0000] {processor.py:161} INFO - Started process (PID=492) to work on /home/airflow/.local/lib/python3.8/site-packages/airflow/example_dags/example_branch_datetime_operator.py
[2025-05-13T21:18:16.506+0000] {processor.py:830} INFO - Processing file /home/airflow/.local/lib/python3.8/site-packages/airflow/example_dags/example_branch_datetime_operator.py for tasks to queue
[2025-05-13T21:18:16.508+0000] {logging_mixin.py:188} INFO - [2025-05-13T21:18:16.507+0000] {dagbag.py:538} INFO - Filling up the DagBag from /home/airflow/.local/lib/python3.8/site-packages/airflow/example_dags/example_branch_datetime_operator.py
[2025-05-13T21:18:16.517+0000] {processor.py:840} INFO - DAG(s) 'example_branch_datetime_operator_2', 'example_branch_datetime_operator_3', 'example_branch_datetime_operator' retrieved from /home/airflow/.local/lib/python3.8/site-packages/airflow/example_dags/example_branch_datetime_operator.py
[2025-05-13T21:18:16.551+0000] {logging_mixin.py:188} INFO - [2025-05-13T21:18:16.550+0000] {dag.py:3036} INFO - Sync 3 DAGs
[2025-05-13T21:18:16.615+0000] {logging_mixin.py:188} INFO - [2025-05-13T21:18:16.614+0000] {dag.py:3823} INFO - Setting next_dagrun for example_branch_datetime_operator to 2025-05-12 00:00:00+00:00, run_after=2025-05-13 00:00:00+00:00
[2025-05-13T21:18:16.623+0000] {logging_mixin.py:188} INFO - [2025-05-13T21:18:16.622+0000] {dag.py:3823} INFO - Setting next_dagrun for example_branch_datetime_operator_2 to 2025-05-12 00:00:00+00:00, run_after=2025-05-13 00:00:00+00:00
[2025-05-13T21:18:16.627+0000] {logging_mixin.py:188} INFO - [2025-05-13T21:18:16.626+0000] {dag.py:3823} INFO - Setting next_dagrun for example_branch_datetime_operator_3 to 2025-05-12 00:00:00+00:00, run_after=2025-05-13 00:00:00+00:00
[2025-05-13T21:18:16.656+0000] {processor.py:183} INFO - Processing /home/airflow/.local/lib/python3.8/site-packages/airflow/example_dags/example_branch_datetime_operator.py took 0.154 seconds
[2025-05-13T21:18:46.887+0000] {processor.py:161} INFO - Started process (PID=553) to work on /home/airflow/.local/lib/python3.8/site-packages/airflow/example_dags/example_branch_datetime_operator.py
[2025-05-13T21:18:46.888+0000] {processor.py:830} INFO - Processing file /home/airflow/.local/lib/python3.8/site-packages/airflow/example_dags/example_branch_datetime_operator.py for tasks to queue
[2025-05-13T21:18:46.890+0000] {logging_mixin.py:188} INFO - [2025-05-13T21:18:46.890+0000] {dagbag.py:538} INFO - Filling up the DagBag from /home/airflow/.local/lib/python3.8/site-packages/airflow/example_dags/example_branch_datetime_operator.py
[2025-05-13T21:18:46.907+0000] {processor.py:840} INFO - DAG(s) 'example_branch_datetime_operator', 'example_branch_datetime_operator_3', 'example_branch_datetime_operator_2' retrieved from /home/airflow/.local/lib/python3.8/site-packages/airflow/example_dags/example_branch_datetime_operator.py
[2025-05-13T21:18:47.031+0000] {logging_mixin.py:188} INFO - [2025-05-13T21:18:47.031+0000] {dag.py:3036} INFO - Sync 3 DAGs
[2025-05-13T21:18:47.063+0000] {logging_mixin.py:188} INFO - [2025-05-13T21:18:47.063+0000] {dag.py:3823} INFO - Setting next_dagrun for example_branch_datetime_operator to 2025-05-12 00:00:00+00:00, run_after=2025-05-13 00:00:00+00:00
[2025-05-13T21:18:47.070+0000] {logging_mixin.py:188} INFO - [2025-05-13T21:18:47.069+0000] {dag.py:3823} INFO - Setting next_dagrun for example_branch_datetime_operator_2 to 2025-05-12 00:00:00+00:00, run_after=2025-05-13 00:00:00+00:00
[2025-05-13T21:18:47.073+0000] {logging_mixin.py:188} INFO - [2025-05-13T21:18:47.073+0000] {dag.py:3823} INFO - Setting next_dagrun for example_branch_datetime_operator_3 to 2025-05-12 00:00:00+00:00, run_after=2025-05-13 00:00:00+00:00
[2025-05-13T21:18:47.095+0000] {processor.py:183} INFO - Processing /home/airflow/.local/lib/python3.8/site-packages/airflow/example_dags/example_branch_datetime_operator.py took 0.211 seconds
[2025-05-13T21:19:17.280+0000] {processor.py:161} INFO - Started process (PID=610) to work on /home/airflow/.local/lib/python3.8/site-packages/airflow/example_dags/example_branch_datetime_operator.py
[2025-05-13T21:19:17.282+0000] {processor.py:830} INFO - Processing file /home/airflow/.local/lib/python3.8/site-packages/airflow/example_dags/example_branch_datetime_operator.py for tasks to queue
[2025-05-13T21:19:17.284+0000] {logging_mixin.py:188} INFO - [2025-05-13T21:19:17.284+0000] {dagbag.py:538} INFO - Filling up the DagBag from /home/airflow/.local/lib/python3.8/site-packages/airflow/example_dags/example_branch_datetime_operator.py
[2025-05-13T21:19:17.298+0000] {processor.py:840} INFO - DAG(s) 'example_branch_datetime_operator', 'example_branch_datetime_operator_3', 'example_branch_datetime_operator_2' retrieved from /home/airflow/.local/lib/python3.8/site-packages/airflow/example_dags/example_branch_datetime_operator.py
[2025-05-13T21:19:17.342+0000] {logging_mixin.py:188} INFO - [2025-05-13T21:19:17.342+0000] {dag.py:3036} INFO - Sync 3 DAGs
[2025-05-13T21:19:17.378+0000] {logging_mixin.py:188} INFO - [2025-05-13T21:19:17.377+0000] {dag.py:3823} INFO - Setting next_dagrun for example_branch_datetime_operator to 2025-05-12 00:00:00+00:00, run_after=2025-05-13 00:00:00+00:00
[2025-05-13T21:19:17.385+0000] {logging_mixin.py:188} INFO - [2025-05-13T21:19:17.385+0000] {dag.py:3823} INFO - Setting next_dagrun for example_branch_datetime_operator_2 to 2025-05-12 00:00:00+00:00, run_after=2025-05-13 00:00:00+00:00
[2025-05-13T21:19:17.390+0000] {logging_mixin.py:188} INFO - [2025-05-13T21:19:17.390+0000] {dag.py:3823} INFO - Setting next_dagrun for example_branch_datetime_operator_3 to 2025-05-12 00:00:00+00:00, run_after=2025-05-13 00:00:00+00:00
[2025-05-13T21:19:17.435+0000] {processor.py:183} INFO - Processing /home/airflow/.local/lib/python3.8/site-packages/airflow/example_dags/example_branch_datetime_operator.py took 0.158 seconds
[2025-05-13T21:58:07.323+0000] {processor.py:161} INFO - Started process (PID=684) to work on /home/airflow/.local/lib/python3.8/site-packages/airflow/example_dags/example_branch_datetime_operator.py
[2025-05-13T21:58:07.324+0000] {processor.py:830} INFO - Processing file /home/airflow/.local/lib/python3.8/site-packages/airflow/example_dags/example_branch_datetime_operator.py for tasks to queue
[2025-05-13T21:58:07.327+0000] {logging_mixin.py:188} INFO - [2025-05-13T21:58:07.326+0000] {dagbag.py:538} INFO - Filling up the DagBag from /home/airflow/.local/lib/python3.8/site-packages/airflow/example_dags/example_branch_datetime_operator.py
[2025-05-13T21:58:07.344+0000] {processor.py:840} INFO - DAG(s) 'example_branch_datetime_operator_3', 'example_branch_datetime_operator_2', 'example_branch_datetime_operator' retrieved from /home/airflow/.local/lib/python3.8/site-packages/airflow/example_dags/example_branch_datetime_operator.py
[2025-05-13T21:58:07.438+0000] {logging_mixin.py:188} INFO - [2025-05-13T21:58:07.437+0000] {dag.py:3036} INFO - Sync 3 DAGs
[2025-05-13T21:58:07.503+0000] {logging_mixin.py:188} INFO - [2025-05-13T21:58:07.502+0000] {dag.py:3823} INFO - Setting next_dagrun for example_branch_datetime_operator to 2025-05-12 00:00:00+00:00, run_after=2025-05-13 00:00:00+00:00
[2025-05-13T21:58:07.512+0000] {logging_mixin.py:188} INFO - [2025-05-13T21:58:07.511+0000] {dag.py:3823} INFO - Setting next_dagrun for example_branch_datetime_operator_2 to 2025-05-12 00:00:00+00:00, run_after=2025-05-13 00:00:00+00:00
[2025-05-13T21:58:07.526+0000] {logging_mixin.py:188} INFO - [2025-05-13T21:58:07.525+0000] {dag.py:3823} INFO - Setting next_dagrun for example_branch_datetime_operator_3 to 2025-05-12 00:00:00+00:00, run_after=2025-05-13 00:00:00+00:00
[2025-05-13T21:58:07.590+0000] {processor.py:183} INFO - Processing /home/airflow/.local/lib/python3.8/site-packages/airflow/example_dags/example_branch_datetime_operator.py took 0.271 seconds
[2025-05-13T21:58:38.283+0000] {processor.py:161} INFO - Started process (PID=740) to work on /home/airflow/.local/lib/python3.8/site-packages/airflow/example_dags/example_branch_datetime_operator.py
[2025-05-13T21:58:38.285+0000] {processor.py:830} INFO - Processing file /home/airflow/.local/lib/python3.8/site-packages/airflow/example_dags/example_branch_datetime_operator.py for tasks to queue
[2025-05-13T21:58:38.287+0000] {logging_mixin.py:188} INFO - [2025-05-13T21:58:38.286+0000] {dagbag.py:538} INFO - Filling up the DagBag from /home/airflow/.local/lib/python3.8/site-packages/airflow/example_dags/example_branch_datetime_operator.py
[2025-05-13T21:58:38.299+0000] {processor.py:840} INFO - DAG(s) 'example_branch_datetime_operator_2', 'example_branch_datetime_operator', 'example_branch_datetime_operator_3' retrieved from /home/airflow/.local/lib/python3.8/site-packages/airflow/example_dags/example_branch_datetime_operator.py
[2025-05-13T21:58:38.336+0000] {logging_mixin.py:188} INFO - [2025-05-13T21:58:38.336+0000] {dag.py:3036} INFO - Sync 3 DAGs
[2025-05-13T21:58:38.365+0000] {logging_mixin.py:188} INFO - [2025-05-13T21:58:38.364+0000] {dag.py:3823} INFO - Setting next_dagrun for example_branch_datetime_operator to 2025-05-12 00:00:00+00:00, run_after=2025-05-13 00:00:00+00:00
[2025-05-13T21:58:38.372+0000] {logging_mixin.py:188} INFO - [2025-05-13T21:58:38.372+0000] {dag.py:3823} INFO - Setting next_dagrun for example_branch_datetime_operator_2 to 2025-05-12 00:00:00+00:00, run_after=2025-05-13 00:00:00+00:00
[2025-05-13T21:58:38.377+0000] {logging_mixin.py:188} INFO - [2025-05-13T21:58:38.376+0000] {dag.py:3823} INFO - Setting next_dagrun for example_branch_datetime_operator_3 to 2025-05-12 00:00:00+00:00, run_after=2025-05-13 00:00:00+00:00
[2025-05-13T21:58:38.403+0000] {processor.py:183} INFO - Processing /home/airflow/.local/lib/python3.8/site-packages/airflow/example_dags/example_branch_datetime_operator.py took 0.123 seconds
[2025-05-13T21:59:08.962+0000] {processor.py:161} INFO - Started process (PID=797) to work on /home/airflow/.local/lib/python3.8/site-packages/airflow/example_dags/example_branch_datetime_operator.py
[2025-05-13T21:59:08.963+0000] {processor.py:830} INFO - Processing file /home/airflow/.local/lib/python3.8/site-packages/airflow/example_dags/example_branch_datetime_operator.py for tasks to queue
[2025-05-13T21:59:08.967+0000] {logging_mixin.py:188} INFO - [2025-05-13T21:59:08.966+0000] {dagbag.py:538} INFO - Filling up the DagBag from /home/airflow/.local/lib/python3.8/site-packages/airflow/example_dags/example_branch_datetime_operator.py
[2025-05-13T21:59:08.979+0000] {processor.py:840} INFO - DAG(s) 'example_branch_datetime_operator_2', 'example_branch_datetime_operator_3', 'example_branch_datetime_operator' retrieved from /home/airflow/.local/lib/python3.8/site-packages/airflow/example_dags/example_branch_datetime_operator.py
[2025-05-13T21:59:09.017+0000] {logging_mixin.py:188} INFO - [2025-05-13T21:59:09.017+0000] {dag.py:3036} INFO - Sync 3 DAGs
[2025-05-13T21:59:09.055+0000] {logging_mixin.py:188} INFO - [2025-05-13T21:59:09.054+0000] {dag.py:3823} INFO - Setting next_dagrun for example_branch_datetime_operator to 2025-05-12 00:00:00+00:00, run_after=2025-05-13 00:00:00+00:00
[2025-05-13T21:59:09.065+0000] {logging_mixin.py:188} INFO - [2025-05-13T21:59:09.064+0000] {dag.py:3823} INFO - Setting next_dagrun for example_branch_datetime_operator_2 to 2025-05-12 00:00:00+00:00, run_after=2025-05-13 00:00:00+00:00
[2025-05-13T21:59:09.069+0000] {logging_mixin.py:188} INFO - [2025-05-13T21:59:09.069+0000] {dag.py:3823} INFO - Setting next_dagrun for example_branch_datetime_operator_3 to 2025-05-12 00:00:00+00:00, run_after=2025-05-13 00:00:00+00:00
[2025-05-13T21:59:09.097+0000] {processor.py:183} INFO - Processing /home/airflow/.local/lib/python3.8/site-packages/airflow/example_dags/example_branch_datetime_operator.py took 0.140 seconds
[2025-05-13T21:59:39.727+0000] {processor.py:161} INFO - Started process (PID=853) to work on /home/airflow/.local/lib/python3.8/site-packages/airflow/example_dags/example_branch_datetime_operator.py
[2025-05-13T21:59:39.729+0000] {processor.py:830} INFO - Processing file /home/airflow/.local/lib/python3.8/site-packages/airflow/example_dags/example_branch_datetime_operator.py for tasks to queue
[2025-05-13T21:59:39.732+0000] {logging_mixin.py:188} INFO - [2025-05-13T21:59:39.732+0000] {dagbag.py:538} INFO - Filling up the DagBag from /home/airflow/.local/lib/python3.8/site-packages/airflow/example_dags/example_branch_datetime_operator.py
[2025-05-13T21:59:39.746+0000] {processor.py:840} INFO - DAG(s) 'example_branch_datetime_operator', 'example_branch_datetime_operator_3', 'example_branch_datetime_operator_2' retrieved from /home/airflow/.local/lib/python3.8/site-packages/airflow/example_dags/example_branch_datetime_operator.py
[2025-05-13T21:59:39.799+0000] {logging_mixin.py:188} INFO - [2025-05-13T21:59:39.799+0000] {dag.py:3036} INFO - Sync 3 DAGs
[2025-05-13T21:59:39.855+0000] {logging_mixin.py:188} INFO - [2025-05-13T21:59:39.855+0000] {dag.py:3823} INFO - Setting next_dagrun for example_branch_datetime_operator to 2025-05-12 00:00:00+00:00, run_after=2025-05-13 00:00:00+00:00
[2025-05-13T21:59:39.865+0000] {logging_mixin.py:188} INFO - [2025-05-13T21:59:39.865+0000] {dag.py:3823} INFO - Setting next_dagrun for example_branch_datetime_operator_2 to 2025-05-12 00:00:00+00:00, run_after=2025-05-13 00:00:00+00:00
[2025-05-13T21:59:39.870+0000] {logging_mixin.py:188} INFO - [2025-05-13T21:59:39.870+0000] {dag.py:3823} INFO - Setting next_dagrun for example_branch_datetime_operator_3 to 2025-05-12 00:00:00+00:00, run_after=2025-05-13 00:00:00+00:00
[2025-05-13T21:59:39.901+0000] {processor.py:183} INFO - Processing /home/airflow/.local/lib/python3.8/site-packages/airflow/example_dags/example_branch_datetime_operator.py took 0.179 seconds
