[2025-05-13T21:09:33.008+0000] {processor.py:161} INFO - Started process (PID=102) to work on /home/airflow/.local/lib/python3.8/site-packages/airflow/example_dags/example_branch_operator.py
[2025-05-13T21:09:33.010+0000] {processor.py:830} INFO - Processing file /home/airflow/.local/lib/python3.8/site-packages/airflow/example_dags/example_branch_operator.py for tasks to queue
[2025-05-13T21:09:33.012+0000] {logging_mixin.py:188} INFO - [2025-05-13T21:09:33.012+0000] {dagbag.py:538} INFO - Filling up the DagBag from /home/airflow/.local/lib/python3.8/site-packages/airflow/example_dags/example_branch_operator.py
[2025-05-13T21:09:33.035+0000] {processor.py:840} INFO - DAG(s) 'example_branch_operator' retrieved from /home/airflow/.local/lib/python3.8/site-packages/airflow/example_dags/example_branch_operator.py
[2025-05-13T21:09:33.182+0000] {logging_mixin.py:188} INFO - [2025-05-13T21:09:33.181+0000] {dag.py:3036} INFO - Sync 1 DAGs
[2025-05-13T21:09:33.207+0000] {logging_mixin.py:188} INFO - [2025-05-13T21:09:33.207+0000] {dag.py:3823} INFO - Setting next_dagrun for example_branch_operator to 2025-05-12 00:00:00+00:00, run_after=2025-05-13 00:00:00+00:00
[2025-05-13T21:09:33.241+0000] {processor.py:183} INFO - Processing /home/airflow/.local/lib/python3.8/site-packages/airflow/example_dags/example_branch_operator.py took 0.236 seconds
[2025-05-13T21:14:42.751+0000] {processor.py:161} INFO - Started process (PID=105) to work on /home/airflow/.local/lib/python3.8/site-packages/airflow/example_dags/example_branch_operator.py
[2025-05-13T21:14:42.762+0000] {processor.py:830} INFO - Processing file /home/airflow/.local/lib/python3.8/site-packages/airflow/example_dags/example_branch_operator.py for tasks to queue
[2025-05-13T21:14:42.765+0000] {logging_mixin.py:188} INFO - [2025-05-13T21:14:42.765+0000] {dagbag.py:538} INFO - Filling up the DagBag from /home/airflow/.local/lib/python3.8/site-packages/airflow/example_dags/example_branch_operator.py
[2025-05-13T21:14:42.890+0000] {processor.py:840} INFO - DAG(s) 'example_branch_operator' retrieved from /home/airflow/.local/lib/python3.8/site-packages/airflow/example_dags/example_branch_operator.py
[2025-05-13T21:14:43.163+0000] {logging_mixin.py:188} INFO - [2025-05-13T21:14:43.163+0000] {dag.py:3036} INFO - Sync 1 DAGs
[2025-05-13T21:14:43.209+0000] {logging_mixin.py:188} INFO - [2025-05-13T21:14:43.209+0000] {dag.py:3823} INFO - Setting next_dagrun for example_branch_operator to 2025-05-12 00:00:00+00:00, run_after=2025-05-13 00:00:00+00:00
[2025-05-13T21:14:43.273+0000] {processor.py:183} INFO - Processing /home/airflow/.local/lib/python3.8/site-packages/airflow/example_dags/example_branch_operator.py took 0.526 seconds
[2025-05-13T21:15:13.513+0000] {processor.py:161} INFO - Started process (PID=161) to work on /home/airflow/.local/lib/python3.8/site-packages/airflow/example_dags/example_branch_operator.py
[2025-05-13T21:15:13.515+0000] {processor.py:830} INFO - Processing file /home/airflow/.local/lib/python3.8/site-packages/airflow/example_dags/example_branch_operator.py for tasks to queue
[2025-05-13T21:15:13.516+0000] {logging_mixin.py:188} INFO - [2025-05-13T21:15:13.516+0000] {dagbag.py:538} INFO - Filling up the DagBag from /home/airflow/.local/lib/python3.8/site-packages/airflow/example_dags/example_branch_operator.py
[2025-05-13T21:15:13.534+0000] {processor.py:840} INFO - DAG(s) 'example_branch_operator' retrieved from /home/airflow/.local/lib/python3.8/site-packages/airflow/example_dags/example_branch_operator.py
[2025-05-13T21:15:13.568+0000] {logging_mixin.py:188} INFO - [2025-05-13T21:15:13.567+0000] {dag.py:3036} INFO - Sync 1 DAGs
[2025-05-13T21:15:13.598+0000] {logging_mixin.py:188} INFO - [2025-05-13T21:15:13.597+0000] {dag.py:3823} INFO - Setting next_dagrun for example_branch_operator to 2025-05-12 00:00:00+00:00, run_after=2025-05-13 00:00:00+00:00
[2025-05-13T21:15:13.628+0000] {processor.py:183} INFO - Processing /home/airflow/.local/lib/python3.8/site-packages/airflow/example_dags/example_branch_operator.py took 0.117 seconds
[2025-05-13T21:15:44.305+0000] {processor.py:161} INFO - Started process (PID=217) to work on /home/airflow/.local/lib/python3.8/site-packages/airflow/example_dags/example_branch_operator.py
[2025-05-13T21:15:44.306+0000] {processor.py:830} INFO - Processing file /home/airflow/.local/lib/python3.8/site-packages/airflow/example_dags/example_branch_operator.py for tasks to queue
[2025-05-13T21:15:44.308+0000] {logging_mixin.py:188} INFO - [2025-05-13T21:15:44.307+0000] {dagbag.py:538} INFO - Filling up the DagBag from /home/airflow/.local/lib/python3.8/site-packages/airflow/example_dags/example_branch_operator.py
[2025-05-13T21:15:44.325+0000] {processor.py:840} INFO - DAG(s) 'example_branch_operator' retrieved from /home/airflow/.local/lib/python3.8/site-packages/airflow/example_dags/example_branch_operator.py
[2025-05-13T21:15:44.354+0000] {logging_mixin.py:188} INFO - [2025-05-13T21:15:44.354+0000] {dag.py:3036} INFO - Sync 1 DAGs
[2025-05-13T21:15:44.398+0000] {logging_mixin.py:188} INFO - [2025-05-13T21:15:44.398+0000] {dag.py:3823} INFO - Setting next_dagrun for example_branch_operator to 2025-05-12 00:00:00+00:00, run_after=2025-05-13 00:00:00+00:00
[2025-05-13T21:15:44.424+0000] {processor.py:183} INFO - Processing /home/airflow/.local/lib/python3.8/site-packages/airflow/example_dags/example_branch_operator.py took 0.122 seconds
[2025-05-13T21:16:14.706+0000] {processor.py:161} INFO - Started process (PID=273) to work on /home/airflow/.local/lib/python3.8/site-packages/airflow/example_dags/example_branch_operator.py
[2025-05-13T21:16:14.710+0000] {processor.py:830} INFO - Processing file /home/airflow/.local/lib/python3.8/site-packages/airflow/example_dags/example_branch_operator.py for tasks to queue
[2025-05-13T21:16:14.712+0000] {logging_mixin.py:188} INFO - [2025-05-13T21:16:14.712+0000] {dagbag.py:538} INFO - Filling up the DagBag from /home/airflow/.local/lib/python3.8/site-packages/airflow/example_dags/example_branch_operator.py
[2025-05-13T21:16:14.749+0000] {processor.py:840} INFO - DAG(s) 'example_branch_operator' retrieved from /home/airflow/.local/lib/python3.8/site-packages/airflow/example_dags/example_branch_operator.py
[2025-05-13T21:16:14.809+0000] {logging_mixin.py:188} INFO - [2025-05-13T21:16:14.809+0000] {dag.py:3036} INFO - Sync 1 DAGs
[2025-05-13T21:16:14.857+0000] {logging_mixin.py:188} INFO - [2025-05-13T21:16:14.857+0000] {dag.py:3823} INFO - Setting next_dagrun for example_branch_operator to 2025-05-12 00:00:00+00:00, run_after=2025-05-13 00:00:00+00:00
[2025-05-13T21:16:14.931+0000] {processor.py:183} INFO - Processing /home/airflow/.local/lib/python3.8/site-packages/airflow/example_dags/example_branch_operator.py took 0.229 seconds
[2025-05-13T21:16:44.997+0000] {processor.py:161} INFO - Started process (PID=329) to work on /home/airflow/.local/lib/python3.8/site-packages/airflow/example_dags/example_branch_operator.py
[2025-05-13T21:16:44.999+0000] {processor.py:830} INFO - Processing file /home/airflow/.local/lib/python3.8/site-packages/airflow/example_dags/example_branch_operator.py for tasks to queue
[2025-05-13T21:16:45.001+0000] {logging_mixin.py:188} INFO - [2025-05-13T21:16:45.001+0000] {dagbag.py:538} INFO - Filling up the DagBag from /home/airflow/.local/lib/python3.8/site-packages/airflow/example_dags/example_branch_operator.py
[2025-05-13T21:16:45.022+0000] {processor.py:840} INFO - DAG(s) 'example_branch_operator' retrieved from /home/airflow/.local/lib/python3.8/site-packages/airflow/example_dags/example_branch_operator.py
[2025-05-13T21:16:45.066+0000] {logging_mixin.py:188} INFO - [2025-05-13T21:16:45.066+0000] {dag.py:3036} INFO - Sync 1 DAGs
[2025-05-13T21:16:45.092+0000] {logging_mixin.py:188} INFO - [2025-05-13T21:16:45.092+0000] {dag.py:3823} INFO - Setting next_dagrun for example_branch_operator to 2025-05-12 00:00:00+00:00, run_after=2025-05-13 00:00:00+00:00
[2025-05-13T21:16:45.116+0000] {processor.py:183} INFO - Processing /home/airflow/.local/lib/python3.8/site-packages/airflow/example_dags/example_branch_operator.py took 0.122 seconds
[2025-05-13T21:17:15.501+0000] {processor.py:161} INFO - Started process (PID=385) to work on /home/airflow/.local/lib/python3.8/site-packages/airflow/example_dags/example_branch_operator.py
[2025-05-13T21:17:15.502+0000] {processor.py:830} INFO - Processing file /home/airflow/.local/lib/python3.8/site-packages/airflow/example_dags/example_branch_operator.py for tasks to queue
[2025-05-13T21:17:15.504+0000] {logging_mixin.py:188} INFO - [2025-05-13T21:17:15.504+0000] {dagbag.py:538} INFO - Filling up the DagBag from /home/airflow/.local/lib/python3.8/site-packages/airflow/example_dags/example_branch_operator.py
[2025-05-13T21:17:15.523+0000] {processor.py:840} INFO - DAG(s) 'example_branch_operator' retrieved from /home/airflow/.local/lib/python3.8/site-packages/airflow/example_dags/example_branch_operator.py
[2025-05-13T21:17:15.556+0000] {logging_mixin.py:188} INFO - [2025-05-13T21:17:15.555+0000] {dag.py:3036} INFO - Sync 1 DAGs
[2025-05-13T21:17:15.584+0000] {logging_mixin.py:188} INFO - [2025-05-13T21:17:15.584+0000] {dag.py:3823} INFO - Setting next_dagrun for example_branch_operator to 2025-05-12 00:00:00+00:00, run_after=2025-05-13 00:00:00+00:00
[2025-05-13T21:17:15.621+0000] {processor.py:183} INFO - Processing /home/airflow/.local/lib/python3.8/site-packages/airflow/example_dags/example_branch_operator.py took 0.123 seconds
[2025-05-13T21:17:45.958+0000] {processor.py:161} INFO - Started process (PID=441) to work on /home/airflow/.local/lib/python3.8/site-packages/airflow/example_dags/example_branch_operator.py
[2025-05-13T21:17:45.960+0000] {processor.py:830} INFO - Processing file /home/airflow/.local/lib/python3.8/site-packages/airflow/example_dags/example_branch_operator.py for tasks to queue
[2025-05-13T21:17:45.962+0000] {logging_mixin.py:188} INFO - [2025-05-13T21:17:45.962+0000] {dagbag.py:538} INFO - Filling up the DagBag from /home/airflow/.local/lib/python3.8/site-packages/airflow/example_dags/example_branch_operator.py
[2025-05-13T21:17:45.980+0000] {processor.py:840} INFO - DAG(s) 'example_branch_operator' retrieved from /home/airflow/.local/lib/python3.8/site-packages/airflow/example_dags/example_branch_operator.py
[2025-05-13T21:17:46.010+0000] {logging_mixin.py:188} INFO - [2025-05-13T21:17:46.009+0000] {dag.py:3036} INFO - Sync 1 DAGs
[2025-05-13T21:17:46.036+0000] {logging_mixin.py:188} INFO - [2025-05-13T21:17:46.036+0000] {dag.py:3823} INFO - Setting next_dagrun for example_branch_operator to 2025-05-12 00:00:00+00:00, run_after=2025-05-13 00:00:00+00:00
[2025-05-13T21:17:46.061+0000] {processor.py:183} INFO - Processing /home/airflow/.local/lib/python3.8/site-packages/airflow/example_dags/example_branch_operator.py took 0.105 seconds
[2025-05-13T21:18:17.020+0000] {processor.py:161} INFO - Started process (PID=503) to work on /home/airflow/.local/lib/python3.8/site-packages/airflow/example_dags/example_branch_operator.py
[2025-05-13T21:18:17.025+0000] {processor.py:830} INFO - Processing file /home/airflow/.local/lib/python3.8/site-packages/airflow/example_dags/example_branch_operator.py for tasks to queue
[2025-05-13T21:18:17.028+0000] {logging_mixin.py:188} INFO - [2025-05-13T21:18:17.027+0000] {dagbag.py:538} INFO - Filling up the DagBag from /home/airflow/.local/lib/python3.8/site-packages/airflow/example_dags/example_branch_operator.py
[2025-05-13T21:18:17.053+0000] {processor.py:840} INFO - DAG(s) 'example_branch_operator' retrieved from /home/airflow/.local/lib/python3.8/site-packages/airflow/example_dags/example_branch_operator.py
[2025-05-13T21:18:17.092+0000] {logging_mixin.py:188} INFO - [2025-05-13T21:18:17.092+0000] {dag.py:3036} INFO - Sync 1 DAGs
[2025-05-13T21:18:17.126+0000] {logging_mixin.py:188} INFO - [2025-05-13T21:18:17.125+0000] {dag.py:3823} INFO - Setting next_dagrun for example_branch_operator to 2025-05-12 00:00:00+00:00, run_after=2025-05-13 00:00:00+00:00
[2025-05-13T21:18:17.155+0000] {processor.py:183} INFO - Processing /home/airflow/.local/lib/python3.8/site-packages/airflow/example_dags/example_branch_operator.py took 0.138 seconds
[2025-05-13T21:18:47.327+0000] {processor.py:161} INFO - Started process (PID=558) to work on /home/airflow/.local/lib/python3.8/site-packages/airflow/example_dags/example_branch_operator.py
[2025-05-13T21:18:47.328+0000] {processor.py:830} INFO - Processing file /home/airflow/.local/lib/python3.8/site-packages/airflow/example_dags/example_branch_operator.py for tasks to queue
[2025-05-13T21:18:47.330+0000] {logging_mixin.py:188} INFO - [2025-05-13T21:18:47.330+0000] {dagbag.py:538} INFO - Filling up the DagBag from /home/airflow/.local/lib/python3.8/site-packages/airflow/example_dags/example_branch_operator.py
[2025-05-13T21:18:47.345+0000] {processor.py:840} INFO - DAG(s) 'example_branch_operator' retrieved from /home/airflow/.local/lib/python3.8/site-packages/airflow/example_dags/example_branch_operator.py
[2025-05-13T21:18:47.374+0000] {logging_mixin.py:188} INFO - [2025-05-13T21:18:47.374+0000] {dag.py:3036} INFO - Sync 1 DAGs
[2025-05-13T21:18:47.398+0000] {logging_mixin.py:188} INFO - [2025-05-13T21:18:47.398+0000] {dag.py:3823} INFO - Setting next_dagrun for example_branch_operator to 2025-05-12 00:00:00+00:00, run_after=2025-05-13 00:00:00+00:00
[2025-05-13T21:18:47.422+0000] {processor.py:183} INFO - Processing /home/airflow/.local/lib/python3.8/site-packages/airflow/example_dags/example_branch_operator.py took 0.097 seconds
[2025-05-13T21:19:18.013+0000] {processor.py:161} INFO - Started process (PID=615) to work on /home/airflow/.local/lib/python3.8/site-packages/airflow/example_dags/example_branch_operator.py
[2025-05-13T21:19:18.015+0000] {processor.py:830} INFO - Processing file /home/airflow/.local/lib/python3.8/site-packages/airflow/example_dags/example_branch_operator.py for tasks to queue
[2025-05-13T21:19:18.018+0000] {logging_mixin.py:188} INFO - [2025-05-13T21:19:18.018+0000] {dagbag.py:538} INFO - Filling up the DagBag from /home/airflow/.local/lib/python3.8/site-packages/airflow/example_dags/example_branch_operator.py
[2025-05-13T21:19:18.038+0000] {processor.py:840} INFO - DAG(s) 'example_branch_operator' retrieved from /home/airflow/.local/lib/python3.8/site-packages/airflow/example_dags/example_branch_operator.py
[2025-05-13T21:19:18.076+0000] {logging_mixin.py:188} INFO - [2025-05-13T21:19:18.075+0000] {dag.py:3036} INFO - Sync 1 DAGs
[2025-05-13T21:19:18.101+0000] {logging_mixin.py:188} INFO - [2025-05-13T21:19:18.101+0000] {dag.py:3823} INFO - Setting next_dagrun for example_branch_operator to 2025-05-12 00:00:00+00:00, run_after=2025-05-13 00:00:00+00:00
[2025-05-13T21:19:18.126+0000] {processor.py:183} INFO - Processing /home/airflow/.local/lib/python3.8/site-packages/airflow/example_dags/example_branch_operator.py took 0.117 seconds
[2025-05-13T21:58:09.210+0000] {processor.py:161} INFO - Started process (PID=689) to work on /home/airflow/.local/lib/python3.8/site-packages/airflow/example_dags/example_branch_operator.py
[2025-05-13T21:58:09.212+0000] {processor.py:830} INFO - Processing file /home/airflow/.local/lib/python3.8/site-packages/airflow/example_dags/example_branch_operator.py for tasks to queue
[2025-05-13T21:58:09.214+0000] {logging_mixin.py:188} INFO - [2025-05-13T21:58:09.214+0000] {dagbag.py:538} INFO - Filling up the DagBag from /home/airflow/.local/lib/python3.8/site-packages/airflow/example_dags/example_branch_operator.py
[2025-05-13T21:58:09.288+0000] {processor.py:840} INFO - DAG(s) 'example_branch_operator' retrieved from /home/airflow/.local/lib/python3.8/site-packages/airflow/example_dags/example_branch_operator.py
[2025-05-13T21:58:09.341+0000] {logging_mixin.py:188} INFO - [2025-05-13T21:58:09.341+0000] {dag.py:3036} INFO - Sync 1 DAGs
[2025-05-13T21:58:09.389+0000] {logging_mixin.py:188} INFO - [2025-05-13T21:58:09.381+0000] {dag.py:3823} INFO - Setting next_dagrun for example_branch_operator to 2025-05-12 00:00:00+00:00, run_after=2025-05-13 00:00:00+00:00
[2025-05-13T21:58:09.425+0000] {processor.py:183} INFO - Processing /home/airflow/.local/lib/python3.8/site-packages/airflow/example_dags/example_branch_operator.py took 0.217 seconds
[2025-05-13T21:58:39.609+0000] {processor.py:161} INFO - Started process (PID=745) to work on /home/airflow/.local/lib/python3.8/site-packages/airflow/example_dags/example_branch_operator.py
[2025-05-13T21:58:39.611+0000] {processor.py:830} INFO - Processing file /home/airflow/.local/lib/python3.8/site-packages/airflow/example_dags/example_branch_operator.py for tasks to queue
[2025-05-13T21:58:39.614+0000] {logging_mixin.py:188} INFO - [2025-05-13T21:58:39.613+0000] {dagbag.py:538} INFO - Filling up the DagBag from /home/airflow/.local/lib/python3.8/site-packages/airflow/example_dags/example_branch_operator.py
[2025-05-13T21:58:39.636+0000] {processor.py:840} INFO - DAG(s) 'example_branch_operator' retrieved from /home/airflow/.local/lib/python3.8/site-packages/airflow/example_dags/example_branch_operator.py
[2025-05-13T21:58:39.670+0000] {logging_mixin.py:188} INFO - [2025-05-13T21:58:39.670+0000] {dag.py:3036} INFO - Sync 1 DAGs
[2025-05-13T21:58:39.700+0000] {logging_mixin.py:188} INFO - [2025-05-13T21:58:39.699+0000] {dag.py:3823} INFO - Setting next_dagrun for example_branch_operator to 2025-05-12 00:00:00+00:00, run_after=2025-05-13 00:00:00+00:00
[2025-05-13T21:58:39.735+0000] {processor.py:183} INFO - Processing /home/airflow/.local/lib/python3.8/site-packages/airflow/example_dags/example_branch_operator.py took 0.130 seconds
[2025-05-13T21:59:10.289+0000] {processor.py:161} INFO - Started process (PID=802) to work on /home/airflow/.local/lib/python3.8/site-packages/airflow/example_dags/example_branch_operator.py
[2025-05-13T21:59:10.291+0000] {processor.py:830} INFO - Processing file /home/airflow/.local/lib/python3.8/site-packages/airflow/example_dags/example_branch_operator.py for tasks to queue
[2025-05-13T21:59:10.294+0000] {logging_mixin.py:188} INFO - [2025-05-13T21:59:10.293+0000] {dagbag.py:538} INFO - Filling up the DagBag from /home/airflow/.local/lib/python3.8/site-packages/airflow/example_dags/example_branch_operator.py
[2025-05-13T21:59:10.319+0000] {processor.py:840} INFO - DAG(s) 'example_branch_operator' retrieved from /home/airflow/.local/lib/python3.8/site-packages/airflow/example_dags/example_branch_operator.py
[2025-05-13T21:59:10.360+0000] {logging_mixin.py:188} INFO - [2025-05-13T21:59:10.360+0000] {dag.py:3036} INFO - Sync 1 DAGs
[2025-05-13T21:59:10.395+0000] {logging_mixin.py:188} INFO - [2025-05-13T21:59:10.395+0000] {dag.py:3823} INFO - Setting next_dagrun for example_branch_operator to 2025-05-12 00:00:00+00:00, run_after=2025-05-13 00:00:00+00:00
[2025-05-13T21:59:10.426+0000] {processor.py:183} INFO - Processing /home/airflow/.local/lib/python3.8/site-packages/airflow/example_dags/example_branch_operator.py took 0.141 seconds
[2025-05-13T21:59:41.243+0000] {processor.py:161} INFO - Started process (PID=858) to work on /home/airflow/.local/lib/python3.8/site-packages/airflow/example_dags/example_branch_operator.py
[2025-05-13T21:59:41.248+0000] {processor.py:830} INFO - Processing file /home/airflow/.local/lib/python3.8/site-packages/airflow/example_dags/example_branch_operator.py for tasks to queue
[2025-05-13T21:59:41.251+0000] {logging_mixin.py:188} INFO - [2025-05-13T21:59:41.250+0000] {dagbag.py:538} INFO - Filling up the DagBag from /home/airflow/.local/lib/python3.8/site-packages/airflow/example_dags/example_branch_operator.py
[2025-05-13T21:59:41.282+0000] {processor.py:840} INFO - DAG(s) 'example_branch_operator' retrieved from /home/airflow/.local/lib/python3.8/site-packages/airflow/example_dags/example_branch_operator.py
[2025-05-13T21:59:41.334+0000] {logging_mixin.py:188} INFO - [2025-05-13T21:59:41.333+0000] {dag.py:3036} INFO - Sync 1 DAGs
[2025-05-13T21:59:41.397+0000] {logging_mixin.py:188} INFO - [2025-05-13T21:59:41.396+0000] {dag.py:3823} INFO - Setting next_dagrun for example_branch_operator to 2025-05-12 00:00:00+00:00, run_after=2025-05-13 00:00:00+00:00
[2025-05-13T21:59:41.507+0000] {processor.py:183} INFO - Processing /home/airflow/.local/lib/python3.8/site-packages/airflow/example_dags/example_branch_operator.py took 0.269 seconds
