[2025-05-13T21:09:31.828+0000] {processor.py:161} INFO - Started process (PID=96) to work on /home/airflow/.local/lib/python3.8/site-packages/airflow/example_dags/example_setup_teardown.py
[2025-05-13T21:09:31.830+0000] {processor.py:830} INFO - Processing file /home/airflow/.local/lib/python3.8/site-packages/airflow/example_dags/example_setup_teardown.py for tasks to queue
[2025-05-13T21:09:31.832+0000] {logging_mixin.py:188} INFO - [2025-05-13T21:09:31.832+0000] {dagbag.py:538} INFO - Filling up the DagBag from /home/airflow/.local/lib/python3.8/site-packages/airflow/example_dags/example_setup_teardown.py
[2025-05-13T21:09:31.840+0000] {processor.py:840} INFO - DAG(s) 'example_setup_teardown' retrieved from /home/airflow/.local/lib/python3.8/site-packages/airflow/example_dags/example_setup_teardown.py
[2025-05-13T21:09:31.974+0000] {logging_mixin.py:188} INFO - [2025-05-13T21:09:31.974+0000] {dag.py:3036} INFO - Sync 1 DAGs
[2025-05-13T21:09:32.002+0000] {logging_mixin.py:188} INFO - [2025-05-13T21:09:32.002+0000] {dag.py:3823} INFO - Setting next_dagrun for example_setup_teardown to 2025-05-12 00:00:00+00:00, run_after=2025-05-13 00:00:00+00:00
[2025-05-13T21:09:32.031+0000] {processor.py:183} INFO - Processing /home/airflow/.local/lib/python3.8/site-packages/airflow/example_dags/example_setup_teardown.py took 0.206 seconds
[2025-05-13T21:12:02.738+0000] {processor.py:161} INFO - Started process (PID=182) to work on /home/airflow/.local/lib/python3.8/site-packages/airflow/example_dags/example_setup_teardown.py
[2025-05-13T21:12:02.741+0000] {processor.py:830} INFO - Processing file /home/airflow/.local/lib/python3.8/site-packages/airflow/example_dags/example_setup_teardown.py for tasks to queue
[2025-05-13T21:12:02.744+0000] {logging_mixin.py:188} INFO - [2025-05-13T21:12:02.744+0000] {dagbag.py:538} INFO - Filling up the DagBag from /home/airflow/.local/lib/python3.8/site-packages/airflow/example_dags/example_setup_teardown.py
[2025-05-13T21:12:02.761+0000] {processor.py:840} INFO - DAG(s) 'example_setup_teardown' retrieved from /home/airflow/.local/lib/python3.8/site-packages/airflow/example_dags/example_setup_teardown.py
[2025-05-13T21:12:03.304+0000] {logging_mixin.py:188} INFO - [2025-05-13T21:12:03.303+0000] {dag.py:3036} INFO - Sync 1 DAGs
[2025-05-13T21:12:03.589+0000] {logging_mixin.py:188} INFO - [2025-05-13T21:12:03.588+0000] {dag.py:3823} INFO - Setting next_dagrun for example_setup_teardown to 2025-05-12 00:00:00+00:00, run_after=2025-05-13 00:00:00+00:00
[2025-05-13T21:12:03.752+0000] {processor.py:183} INFO - Processing /home/airflow/.local/lib/python3.8/site-packages/airflow/example_dags/example_setup_teardown.py took 1.019 seconds
[2025-05-13T21:14:41.148+0000] {processor.py:161} INFO - Started process (PID=99) to work on /home/airflow/.local/lib/python3.8/site-packages/airflow/example_dags/example_setup_teardown.py
[2025-05-13T21:14:41.152+0000] {processor.py:830} INFO - Processing file /home/airflow/.local/lib/python3.8/site-packages/airflow/example_dags/example_setup_teardown.py for tasks to queue
[2025-05-13T21:14:41.154+0000] {logging_mixin.py:188} INFO - [2025-05-13T21:14:41.154+0000] {dagbag.py:538} INFO - Filling up the DagBag from /home/airflow/.local/lib/python3.8/site-packages/airflow/example_dags/example_setup_teardown.py
[2025-05-13T21:14:41.165+0000] {processor.py:840} INFO - DAG(s) 'example_setup_teardown' retrieved from /home/airflow/.local/lib/python3.8/site-packages/airflow/example_dags/example_setup_teardown.py
[2025-05-13T21:14:41.370+0000] {logging_mixin.py:188} INFO - [2025-05-13T21:14:41.370+0000] {dag.py:3036} INFO - Sync 1 DAGs
[2025-05-13T21:14:41.408+0000] {logging_mixin.py:188} INFO - [2025-05-13T21:14:41.408+0000] {dag.py:3823} INFO - Setting next_dagrun for example_setup_teardown to 2025-05-12 00:00:00+00:00, run_after=2025-05-13 00:00:00+00:00
[2025-05-13T21:14:41.478+0000] {processor.py:183} INFO - Processing /home/airflow/.local/lib/python3.8/site-packages/airflow/example_dags/example_setup_teardown.py took 0.333 seconds
[2025-05-13T21:15:12.116+0000] {processor.py:161} INFO - Started process (PID=155) to work on /home/airflow/.local/lib/python3.8/site-packages/airflow/example_dags/example_setup_teardown.py
[2025-05-13T21:15:12.117+0000] {processor.py:830} INFO - Processing file /home/airflow/.local/lib/python3.8/site-packages/airflow/example_dags/example_setup_teardown.py for tasks to queue
[2025-05-13T21:15:12.119+0000] {logging_mixin.py:188} INFO - [2025-05-13T21:15:12.119+0000] {dagbag.py:538} INFO - Filling up the DagBag from /home/airflow/.local/lib/python3.8/site-packages/airflow/example_dags/example_setup_teardown.py
[2025-05-13T21:15:12.127+0000] {processor.py:840} INFO - DAG(s) 'example_setup_teardown' retrieved from /home/airflow/.local/lib/python3.8/site-packages/airflow/example_dags/example_setup_teardown.py
[2025-05-13T21:15:12.150+0000] {logging_mixin.py:188} INFO - [2025-05-13T21:15:12.149+0000] {dag.py:3036} INFO - Sync 1 DAGs
[2025-05-13T21:15:12.179+0000] {logging_mixin.py:188} INFO - [2025-05-13T21:15:12.179+0000] {dag.py:3823} INFO - Setting next_dagrun for example_setup_teardown to 2025-05-12 00:00:00+00:00, run_after=2025-05-13 00:00:00+00:00
[2025-05-13T21:15:12.203+0000] {processor.py:183} INFO - Processing /home/airflow/.local/lib/python3.8/site-packages/airflow/example_dags/example_setup_teardown.py took 0.090 seconds
[2025-05-13T21:15:42.809+0000] {processor.py:161} INFO - Started process (PID=211) to work on /home/airflow/.local/lib/python3.8/site-packages/airflow/example_dags/example_setup_teardown.py
[2025-05-13T21:15:42.811+0000] {processor.py:830} INFO - Processing file /home/airflow/.local/lib/python3.8/site-packages/airflow/example_dags/example_setup_teardown.py for tasks to queue
[2025-05-13T21:15:42.814+0000] {logging_mixin.py:188} INFO - [2025-05-13T21:15:42.813+0000] {dagbag.py:538} INFO - Filling up the DagBag from /home/airflow/.local/lib/python3.8/site-packages/airflow/example_dags/example_setup_teardown.py
[2025-05-13T21:15:42.823+0000] {processor.py:840} INFO - DAG(s) 'example_setup_teardown' retrieved from /home/airflow/.local/lib/python3.8/site-packages/airflow/example_dags/example_setup_teardown.py
[2025-05-13T21:15:42.865+0000] {logging_mixin.py:188} INFO - [2025-05-13T21:15:42.861+0000] {dag.py:3036} INFO - Sync 1 DAGs
[2025-05-13T21:15:42.902+0000] {logging_mixin.py:188} INFO - [2025-05-13T21:15:42.901+0000] {dag.py:3823} INFO - Setting next_dagrun for example_setup_teardown to 2025-05-12 00:00:00+00:00, run_after=2025-05-13 00:00:00+00:00
[2025-05-13T21:15:42.945+0000] {processor.py:183} INFO - Processing /home/airflow/.local/lib/python3.8/site-packages/airflow/example_dags/example_setup_teardown.py took 0.141 seconds
[2025-05-13T21:16:13.419+0000] {processor.py:161} INFO - Started process (PID=267) to work on /home/airflow/.local/lib/python3.8/site-packages/airflow/example_dags/example_setup_teardown.py
[2025-05-13T21:16:13.423+0000] {processor.py:830} INFO - Processing file /home/airflow/.local/lib/python3.8/site-packages/airflow/example_dags/example_setup_teardown.py for tasks to queue
[2025-05-13T21:16:13.425+0000] {logging_mixin.py:188} INFO - [2025-05-13T21:16:13.425+0000] {dagbag.py:538} INFO - Filling up the DagBag from /home/airflow/.local/lib/python3.8/site-packages/airflow/example_dags/example_setup_teardown.py
[2025-05-13T21:16:13.454+0000] {processor.py:840} INFO - DAG(s) 'example_setup_teardown' retrieved from /home/airflow/.local/lib/python3.8/site-packages/airflow/example_dags/example_setup_teardown.py
[2025-05-13T21:16:13.519+0000] {logging_mixin.py:188} INFO - [2025-05-13T21:16:13.518+0000] {dag.py:3036} INFO - Sync 1 DAGs
[2025-05-13T21:16:13.564+0000] {logging_mixin.py:188} INFO - [2025-05-13T21:16:13.564+0000] {dag.py:3823} INFO - Setting next_dagrun for example_setup_teardown to 2025-05-12 00:00:00+00:00, run_after=2025-05-13 00:00:00+00:00
[2025-05-13T21:16:13.750+0000] {processor.py:183} INFO - Processing /home/airflow/.local/lib/python3.8/site-packages/airflow/example_dags/example_setup_teardown.py took 0.334 seconds
[2025-05-13T21:16:44.598+0000] {processor.py:161} INFO - Started process (PID=323) to work on /home/airflow/.local/lib/python3.8/site-packages/airflow/example_dags/example_setup_teardown.py
[2025-05-13T21:16:44.600+0000] {processor.py:830} INFO - Processing file /home/airflow/.local/lib/python3.8/site-packages/airflow/example_dags/example_setup_teardown.py for tasks to queue
[2025-05-13T21:16:44.601+0000] {logging_mixin.py:188} INFO - [2025-05-13T21:16:44.601+0000] {dagbag.py:538} INFO - Filling up the DagBag from /home/airflow/.local/lib/python3.8/site-packages/airflow/example_dags/example_setup_teardown.py
[2025-05-13T21:16:44.608+0000] {processor.py:840} INFO - DAG(s) 'example_setup_teardown' retrieved from /home/airflow/.local/lib/python3.8/site-packages/airflow/example_dags/example_setup_teardown.py
[2025-05-13T21:16:44.641+0000] {logging_mixin.py:188} INFO - [2025-05-13T21:16:44.641+0000] {dag.py:3036} INFO - Sync 1 DAGs
[2025-05-13T21:16:44.673+0000] {logging_mixin.py:188} INFO - [2025-05-13T21:16:44.673+0000] {dag.py:3823} INFO - Setting next_dagrun for example_setup_teardown to 2025-05-12 00:00:00+00:00, run_after=2025-05-13 00:00:00+00:00
[2025-05-13T21:16:44.717+0000] {processor.py:183} INFO - Processing /home/airflow/.local/lib/python3.8/site-packages/airflow/example_dags/example_setup_teardown.py took 0.122 seconds
[2025-05-13T21:17:14.966+0000] {processor.py:161} INFO - Started process (PID=379) to work on /home/airflow/.local/lib/python3.8/site-packages/airflow/example_dags/example_setup_teardown.py
[2025-05-13T21:17:14.968+0000] {processor.py:830} INFO - Processing file /home/airflow/.local/lib/python3.8/site-packages/airflow/example_dags/example_setup_teardown.py for tasks to queue
[2025-05-13T21:17:14.971+0000] {logging_mixin.py:188} INFO - [2025-05-13T21:17:14.970+0000] {dagbag.py:538} INFO - Filling up the DagBag from /home/airflow/.local/lib/python3.8/site-packages/airflow/example_dags/example_setup_teardown.py
[2025-05-13T21:17:14.979+0000] {processor.py:840} INFO - DAG(s) 'example_setup_teardown' retrieved from /home/airflow/.local/lib/python3.8/site-packages/airflow/example_dags/example_setup_teardown.py
[2025-05-13T21:17:15.019+0000] {logging_mixin.py:188} INFO - [2025-05-13T21:17:15.019+0000] {dag.py:3036} INFO - Sync 1 DAGs
[2025-05-13T21:17:15.051+0000] {logging_mixin.py:188} INFO - [2025-05-13T21:17:15.050+0000] {dag.py:3823} INFO - Setting next_dagrun for example_setup_teardown to 2025-05-12 00:00:00+00:00, run_after=2025-05-13 00:00:00+00:00
[2025-05-13T21:17:15.105+0000] {processor.py:183} INFO - Processing /home/airflow/.local/lib/python3.8/site-packages/airflow/example_dags/example_setup_teardown.py took 0.142 seconds
[2025-05-13T21:17:45.536+0000] {processor.py:161} INFO - Started process (PID=435) to work on /home/airflow/.local/lib/python3.8/site-packages/airflow/example_dags/example_setup_teardown.py
[2025-05-13T21:17:45.538+0000] {processor.py:830} INFO - Processing file /home/airflow/.local/lib/python3.8/site-packages/airflow/example_dags/example_setup_teardown.py for tasks to queue
[2025-05-13T21:17:45.541+0000] {logging_mixin.py:188} INFO - [2025-05-13T21:17:45.539+0000] {dagbag.py:538} INFO - Filling up the DagBag from /home/airflow/.local/lib/python3.8/site-packages/airflow/example_dags/example_setup_teardown.py
[2025-05-13T21:17:45.554+0000] {processor.py:840} INFO - DAG(s) 'example_setup_teardown' retrieved from /home/airflow/.local/lib/python3.8/site-packages/airflow/example_dags/example_setup_teardown.py
[2025-05-13T21:17:45.584+0000] {logging_mixin.py:188} INFO - [2025-05-13T21:17:45.583+0000] {dag.py:3036} INFO - Sync 1 DAGs
[2025-05-13T21:17:45.610+0000] {logging_mixin.py:188} INFO - [2025-05-13T21:17:45.610+0000] {dag.py:3823} INFO - Setting next_dagrun for example_setup_teardown to 2025-05-12 00:00:00+00:00, run_after=2025-05-13 00:00:00+00:00
[2025-05-13T21:17:45.633+0000] {processor.py:183} INFO - Processing /home/airflow/.local/lib/python3.8/site-packages/airflow/example_dags/example_setup_teardown.py took 0.100 seconds
[2025-05-13T21:18:16.504+0000] {processor.py:161} INFO - Started process (PID=491) to work on /home/airflow/.local/lib/python3.8/site-packages/airflow/example_dags/example_setup_teardown.py
[2025-05-13T21:18:16.506+0000] {processor.py:830} INFO - Processing file /home/airflow/.local/lib/python3.8/site-packages/airflow/example_dags/example_setup_teardown.py for tasks to queue
[2025-05-13T21:18:16.508+0000] {logging_mixin.py:188} INFO - [2025-05-13T21:18:16.507+0000] {dagbag.py:538} INFO - Filling up the DagBag from /home/airflow/.local/lib/python3.8/site-packages/airflow/example_dags/example_setup_teardown.py
[2025-05-13T21:18:16.513+0000] {processor.py:840} INFO - DAG(s) 'example_setup_teardown' retrieved from /home/airflow/.local/lib/python3.8/site-packages/airflow/example_dags/example_setup_teardown.py
[2025-05-13T21:18:16.537+0000] {logging_mixin.py:188} INFO - [2025-05-13T21:18:16.537+0000] {dag.py:3036} INFO - Sync 1 DAGs
[2025-05-13T21:18:16.595+0000] {logging_mixin.py:188} INFO - [2025-05-13T21:18:16.594+0000] {dag.py:3823} INFO - Setting next_dagrun for example_setup_teardown to 2025-05-12 00:00:00+00:00, run_after=2025-05-13 00:00:00+00:00
[2025-05-13T21:18:16.627+0000] {processor.py:183} INFO - Processing /home/airflow/.local/lib/python3.8/site-packages/airflow/example_dags/example_setup_teardown.py took 0.126 seconds
[2025-05-13T21:18:46.879+0000] {processor.py:161} INFO - Started process (PID=552) to work on /home/airflow/.local/lib/python3.8/site-packages/airflow/example_dags/example_setup_teardown.py
[2025-05-13T21:18:46.880+0000] {processor.py:830} INFO - Processing file /home/airflow/.local/lib/python3.8/site-packages/airflow/example_dags/example_setup_teardown.py for tasks to queue
[2025-05-13T21:18:46.883+0000] {logging_mixin.py:188} INFO - [2025-05-13T21:18:46.882+0000] {dagbag.py:538} INFO - Filling up the DagBag from /home/airflow/.local/lib/python3.8/site-packages/airflow/example_dags/example_setup_teardown.py
[2025-05-13T21:18:46.891+0000] {processor.py:840} INFO - DAG(s) 'example_setup_teardown' retrieved from /home/airflow/.local/lib/python3.8/site-packages/airflow/example_dags/example_setup_teardown.py
[2025-05-13T21:18:46.930+0000] {logging_mixin.py:188} INFO - [2025-05-13T21:18:46.930+0000] {dag.py:3036} INFO - Sync 1 DAGs
[2025-05-13T21:18:47.026+0000] {logging_mixin.py:188} INFO - [2025-05-13T21:18:47.026+0000] {dag.py:3823} INFO - Setting next_dagrun for example_setup_teardown to 2025-05-12 00:00:00+00:00, run_after=2025-05-13 00:00:00+00:00
[2025-05-13T21:18:47.058+0000] {processor.py:183} INFO - Processing /home/airflow/.local/lib/python3.8/site-packages/airflow/example_dags/example_setup_teardown.py took 0.183 seconds
[2025-05-13T21:19:17.279+0000] {processor.py:161} INFO - Started process (PID=609) to work on /home/airflow/.local/lib/python3.8/site-packages/airflow/example_dags/example_setup_teardown.py
[2025-05-13T21:19:17.280+0000] {processor.py:830} INFO - Processing file /home/airflow/.local/lib/python3.8/site-packages/airflow/example_dags/example_setup_teardown.py for tasks to queue
[2025-05-13T21:19:17.283+0000] {logging_mixin.py:188} INFO - [2025-05-13T21:19:17.283+0000] {dagbag.py:538} INFO - Filling up the DagBag from /home/airflow/.local/lib/python3.8/site-packages/airflow/example_dags/example_setup_teardown.py
[2025-05-13T21:19:17.292+0000] {processor.py:840} INFO - DAG(s) 'example_setup_teardown' retrieved from /home/airflow/.local/lib/python3.8/site-packages/airflow/example_dags/example_setup_teardown.py
[2025-05-13T21:19:17.320+0000] {logging_mixin.py:188} INFO - [2025-05-13T21:19:17.319+0000] {dag.py:3036} INFO - Sync 1 DAGs
[2025-05-13T21:19:17.352+0000] {logging_mixin.py:188} INFO - [2025-05-13T21:19:17.351+0000] {dag.py:3823} INFO - Setting next_dagrun for example_setup_teardown to 2025-05-12 00:00:00+00:00, run_after=2025-05-13 00:00:00+00:00
[2025-05-13T21:19:17.435+0000] {processor.py:183} INFO - Processing /home/airflow/.local/lib/python3.8/site-packages/airflow/example_dags/example_setup_teardown.py took 0.160 seconds
[2025-05-13T21:58:07.321+0000] {processor.py:161} INFO - Started process (PID=683) to work on /home/airflow/.local/lib/python3.8/site-packages/airflow/example_dags/example_setup_teardown.py
[2025-05-13T21:58:07.322+0000] {processor.py:830} INFO - Processing file /home/airflow/.local/lib/python3.8/site-packages/airflow/example_dags/example_setup_teardown.py for tasks to queue
[2025-05-13T21:58:07.325+0000] {logging_mixin.py:188} INFO - [2025-05-13T21:58:07.324+0000] {dagbag.py:538} INFO - Filling up the DagBag from /home/airflow/.local/lib/python3.8/site-packages/airflow/example_dags/example_setup_teardown.py
[2025-05-13T21:58:07.345+0000] {processor.py:840} INFO - DAG(s) 'example_setup_teardown' retrieved from /home/airflow/.local/lib/python3.8/site-packages/airflow/example_dags/example_setup_teardown.py
[2025-05-13T21:58:07.401+0000] {logging_mixin.py:188} INFO - [2025-05-13T21:58:07.401+0000] {dag.py:3036} INFO - Sync 1 DAGs
[2025-05-13T21:58:07.448+0000] {logging_mixin.py:188} INFO - [2025-05-13T21:58:07.448+0000] {dag.py:3823} INFO - Setting next_dagrun for example_setup_teardown to 2025-05-12 00:00:00+00:00, run_after=2025-05-13 00:00:00+00:00
[2025-05-13T21:58:07.512+0000] {processor.py:183} INFO - Processing /home/airflow/.local/lib/python3.8/site-packages/airflow/example_dags/example_setup_teardown.py took 0.194 seconds
[2025-05-13T21:58:38.129+0000] {processor.py:161} INFO - Started process (PID=739) to work on /home/airflow/.local/lib/python3.8/site-packages/airflow/example_dags/example_setup_teardown.py
[2025-05-13T21:58:38.130+0000] {processor.py:830} INFO - Processing file /home/airflow/.local/lib/python3.8/site-packages/airflow/example_dags/example_setup_teardown.py for tasks to queue
[2025-05-13T21:58:38.133+0000] {logging_mixin.py:188} INFO - [2025-05-13T21:58:38.132+0000] {dagbag.py:538} INFO - Filling up the DagBag from /home/airflow/.local/lib/python3.8/site-packages/airflow/example_dags/example_setup_teardown.py
[2025-05-13T21:58:38.146+0000] {processor.py:840} INFO - DAG(s) 'example_setup_teardown' retrieved from /home/airflow/.local/lib/python3.8/site-packages/airflow/example_dags/example_setup_teardown.py
[2025-05-13T21:58:38.174+0000] {logging_mixin.py:188} INFO - [2025-05-13T21:58:38.174+0000] {dag.py:3036} INFO - Sync 1 DAGs
[2025-05-13T21:58:38.203+0000] {logging_mixin.py:188} INFO - [2025-05-13T21:58:38.202+0000] {dag.py:3823} INFO - Setting next_dagrun for example_setup_teardown to 2025-05-12 00:00:00+00:00, run_after=2025-05-13 00:00:00+00:00
[2025-05-13T21:58:38.229+0000] {processor.py:183} INFO - Processing /home/airflow/.local/lib/python3.8/site-packages/airflow/example_dags/example_setup_teardown.py took 0.103 seconds
[2025-05-13T21:59:08.808+0000] {processor.py:161} INFO - Started process (PID=796) to work on /home/airflow/.local/lib/python3.8/site-packages/airflow/example_dags/example_setup_teardown.py
[2025-05-13T21:59:08.811+0000] {processor.py:830} INFO - Processing file /home/airflow/.local/lib/python3.8/site-packages/airflow/example_dags/example_setup_teardown.py for tasks to queue
[2025-05-13T21:59:08.819+0000] {logging_mixin.py:188} INFO - [2025-05-13T21:59:08.814+0000] {dagbag.py:538} INFO - Filling up the DagBag from /home/airflow/.local/lib/python3.8/site-packages/airflow/example_dags/example_setup_teardown.py
[2025-05-13T21:59:08.840+0000] {processor.py:840} INFO - DAG(s) 'example_setup_teardown' retrieved from /home/airflow/.local/lib/python3.8/site-packages/airflow/example_dags/example_setup_teardown.py
[2025-05-13T21:59:08.875+0000] {logging_mixin.py:188} INFO - [2025-05-13T21:59:08.874+0000] {dag.py:3036} INFO - Sync 1 DAGs
[2025-05-13T21:59:08.906+0000] {logging_mixin.py:188} INFO - [2025-05-13T21:59:08.906+0000] {dag.py:3823} INFO - Setting next_dagrun for example_setup_teardown to 2025-05-12 00:00:00+00:00, run_after=2025-05-13 00:00:00+00:00
[2025-05-13T21:59:08.940+0000] {processor.py:183} INFO - Processing /home/airflow/.local/lib/python3.8/site-packages/airflow/example_dags/example_setup_teardown.py took 0.136 seconds
[2025-05-13T21:59:39.703+0000] {processor.py:161} INFO - Started process (PID=852) to work on /home/airflow/.local/lib/python3.8/site-packages/airflow/example_dags/example_setup_teardown.py
[2025-05-13T21:59:39.705+0000] {processor.py:830} INFO - Processing file /home/airflow/.local/lib/python3.8/site-packages/airflow/example_dags/example_setup_teardown.py for tasks to queue
[2025-05-13T21:59:39.722+0000] {logging_mixin.py:188} INFO - [2025-05-13T21:59:39.722+0000] {dagbag.py:538} INFO - Filling up the DagBag from /home/airflow/.local/lib/python3.8/site-packages/airflow/example_dags/example_setup_teardown.py
[2025-05-13T21:59:39.734+0000] {processor.py:840} INFO - DAG(s) 'example_setup_teardown' retrieved from /home/airflow/.local/lib/python3.8/site-packages/airflow/example_dags/example_setup_teardown.py
[2025-05-13T21:59:39.768+0000] {logging_mixin.py:188} INFO - [2025-05-13T21:59:39.768+0000] {dag.py:3036} INFO - Sync 1 DAGs
[2025-05-13T21:59:39.816+0000] {logging_mixin.py:188} INFO - [2025-05-13T21:59:39.816+0000] {dag.py:3823} INFO - Setting next_dagrun for example_setup_teardown to 2025-05-12 00:00:00+00:00, run_after=2025-05-13 00:00:00+00:00
[2025-05-13T21:59:39.862+0000] {processor.py:183} INFO - Processing /home/airflow/.local/lib/python3.8/site-packages/airflow/example_dags/example_setup_teardown.py took 0.163 seconds
