[2025-05-13T21:09:09.186+0000] {processor.py:161} INFO - Started process (PID=73) to work on /home/airflow/.local/lib/python3.8/site-packages/airflow/example_dags/example_params_trigger_ui.py
[2025-05-13T21:09:09.196+0000] {processor.py:830} INFO - Processing file /home/airflow/.local/lib/python3.8/site-packages/airflow/example_dags/example_params_trigger_ui.py for tasks to queue
[2025-05-13T21:09:09.202+0000] {logging_mixin.py:188} INFO - [2025-05-13T21:09:09.201+0000] {dagbag.py:538} INFO - Filling up the DagBag from /home/airflow/.local/lib/python3.8/site-packages/airflow/example_dags/example_params_trigger_ui.py
[2025-05-13T21:09:09.246+0000] {processor.py:840} INFO - DAG(s) 'example_params_trigger_ui' retrieved from /home/airflow/.local/lib/python3.8/site-packages/airflow/example_dags/example_params_trigger_ui.py
[2025-05-13T21:09:09.563+0000] {logging_mixin.py:188} INFO - [2025-05-13T21:09:09.562+0000] {dag.py:3036} INFO - Sync 1 DAGs
[2025-05-13T21:09:09.585+0000] {logging_mixin.py:188} INFO - [2025-05-13T21:09:09.585+0000] {dag.py:3823} INFO - Setting next_dagrun for example_params_trigger_ui to None, run_after=None
[2025-05-13T21:09:09.688+0000] {processor.py:183} INFO - Processing /home/airflow/.local/lib/python3.8/site-packages/airflow/example_dags/example_params_trigger_ui.py took 0.505 seconds
[2025-05-13T21:09:58.194+0000] {processor.py:161} INFO - Started process (PID=123) to work on /home/airflow/.local/lib/python3.8/site-packages/airflow/example_dags/example_params_trigger_ui.py
[2025-05-13T21:09:58.209+0000] {processor.py:830} INFO - Processing file /home/airflow/.local/lib/python3.8/site-packages/airflow/example_dags/example_params_trigger_ui.py for tasks to queue
[2025-05-13T21:09:58.214+0000] {logging_mixin.py:188} INFO - [2025-05-13T21:09:58.211+0000] {dagbag.py:538} INFO - Filling up the DagBag from /home/airflow/.local/lib/python3.8/site-packages/airflow/example_dags/example_params_trigger_ui.py
[2025-05-13T21:09:58.265+0000] {processor.py:840} INFO - DAG(s) 'example_params_trigger_ui' retrieved from /home/airflow/.local/lib/python3.8/site-packages/airflow/example_dags/example_params_trigger_ui.py
[2025-05-13T21:09:59.071+0000] {logging_mixin.py:188} INFO - [2025-05-13T21:09:59.070+0000] {dag.py:3036} INFO - Sync 1 DAGs
[2025-05-13T21:09:59.090+0000] {logging_mixin.py:188} INFO - [2025-05-13T21:09:59.089+0000] {dag.py:3823} INFO - Setting next_dagrun for example_params_trigger_ui to None, run_after=None
[2025-05-13T21:09:59.158+0000] {processor.py:183} INFO - Processing /home/airflow/.local/lib/python3.8/site-packages/airflow/example_dags/example_params_trigger_ui.py took 0.973 seconds
[2025-05-13T21:11:57.288+0000] {processor.py:161} INFO - Started process (PID=163) to work on /home/airflow/.local/lib/python3.8/site-packages/airflow/example_dags/example_params_trigger_ui.py
[2025-05-13T21:11:57.290+0000] {processor.py:830} INFO - Processing file /home/airflow/.local/lib/python3.8/site-packages/airflow/example_dags/example_params_trigger_ui.py for tasks to queue
[2025-05-13T21:11:57.292+0000] {logging_mixin.py:188} INFO - [2025-05-13T21:11:57.291+0000] {dagbag.py:538} INFO - Filling up the DagBag from /home/airflow/.local/lib/python3.8/site-packages/airflow/example_dags/example_params_trigger_ui.py
[2025-05-13T21:11:57.387+0000] {processor.py:840} INFO - DAG(s) 'example_params_trigger_ui' retrieved from /home/airflow/.local/lib/python3.8/site-packages/airflow/example_dags/example_params_trigger_ui.py
[2025-05-13T21:11:57.604+0000] {logging_mixin.py:188} INFO - [2025-05-13T21:11:57.603+0000] {dag.py:3036} INFO - Sync 1 DAGs
[2025-05-13T21:11:57.626+0000] {logging_mixin.py:188} INFO - [2025-05-13T21:11:57.626+0000] {dag.py:3823} INFO - Setting next_dagrun for example_params_trigger_ui to None, run_after=None
[2025-05-13T21:11:57.658+0000] {processor.py:183} INFO - Processing /home/airflow/.local/lib/python3.8/site-packages/airflow/example_dags/example_params_trigger_ui.py took 0.382 seconds
[2025-05-13T21:14:20.428+0000] {processor.py:161} INFO - Started process (PID=76) to work on /home/airflow/.local/lib/python3.8/site-packages/airflow/example_dags/example_params_trigger_ui.py
[2025-05-13T21:14:20.461+0000] {processor.py:830} INFO - Processing file /home/airflow/.local/lib/python3.8/site-packages/airflow/example_dags/example_params_trigger_ui.py for tasks to queue
[2025-05-13T21:14:20.506+0000] {logging_mixin.py:188} INFO - [2025-05-13T21:14:20.505+0000] {dagbag.py:538} INFO - Filling up the DagBag from /home/airflow/.local/lib/python3.8/site-packages/airflow/example_dags/example_params_trigger_ui.py
[2025-05-13T21:14:20.667+0000] {processor.py:840} INFO - DAG(s) 'example_params_trigger_ui' retrieved from /home/airflow/.local/lib/python3.8/site-packages/airflow/example_dags/example_params_trigger_ui.py
[2025-05-13T21:14:21.724+0000] {logging_mixin.py:188} INFO - [2025-05-13T21:14:21.724+0000] {dag.py:3036} INFO - Sync 1 DAGs
[2025-05-13T21:14:21.740+0000] {logging_mixin.py:188} INFO - [2025-05-13T21:14:21.740+0000] {dag.py:3823} INFO - Setting next_dagrun for example_params_trigger_ui to None, run_after=None
[2025-05-13T21:14:21.786+0000] {processor.py:183} INFO - Processing /home/airflow/.local/lib/python3.8/site-packages/airflow/example_dags/example_params_trigger_ui.py took 1.362 seconds
[2025-05-13T21:14:52.539+0000] {processor.py:161} INFO - Started process (PID=132) to work on /home/airflow/.local/lib/python3.8/site-packages/airflow/example_dags/example_params_trigger_ui.py
[2025-05-13T21:14:52.542+0000] {processor.py:830} INFO - Processing file /home/airflow/.local/lib/python3.8/site-packages/airflow/example_dags/example_params_trigger_ui.py for tasks to queue
[2025-05-13T21:14:52.551+0000] {logging_mixin.py:188} INFO - [2025-05-13T21:14:52.546+0000] {dagbag.py:538} INFO - Filling up the DagBag from /home/airflow/.local/lib/python3.8/site-packages/airflow/example_dags/example_params_trigger_ui.py
[2025-05-13T21:14:52.582+0000] {processor.py:840} INFO - DAG(s) 'example_params_trigger_ui' retrieved from /home/airflow/.local/lib/python3.8/site-packages/airflow/example_dags/example_params_trigger_ui.py
[2025-05-13T21:14:52.710+0000] {logging_mixin.py:188} INFO - [2025-05-13T21:14:52.710+0000] {dag.py:3036} INFO - Sync 1 DAGs
[2025-05-13T21:14:52.735+0000] {logging_mixin.py:188} INFO - [2025-05-13T21:14:52.735+0000] {dag.py:3823} INFO - Setting next_dagrun for example_params_trigger_ui to None, run_after=None
[2025-05-13T21:14:52.991+0000] {processor.py:183} INFO - Processing /home/airflow/.local/lib/python3.8/site-packages/airflow/example_dags/example_params_trigger_ui.py took 0.458 seconds
[2025-05-13T21:15:23.251+0000] {processor.py:161} INFO - Started process (PID=188) to work on /home/airflow/.local/lib/python3.8/site-packages/airflow/example_dags/example_params_trigger_ui.py
[2025-05-13T21:15:23.253+0000] {processor.py:830} INFO - Processing file /home/airflow/.local/lib/python3.8/site-packages/airflow/example_dags/example_params_trigger_ui.py for tasks to queue
[2025-05-13T21:15:23.256+0000] {logging_mixin.py:188} INFO - [2025-05-13T21:15:23.255+0000] {dagbag.py:538} INFO - Filling up the DagBag from /home/airflow/.local/lib/python3.8/site-packages/airflow/example_dags/example_params_trigger_ui.py
[2025-05-13T21:15:23.291+0000] {processor.py:840} INFO - DAG(s) 'example_params_trigger_ui' retrieved from /home/airflow/.local/lib/python3.8/site-packages/airflow/example_dags/example_params_trigger_ui.py
[2025-05-13T21:15:23.517+0000] {logging_mixin.py:188} INFO - [2025-05-13T21:15:23.517+0000] {dag.py:3036} INFO - Sync 1 DAGs
[2025-05-13T21:15:26.563+0000] {logging_mixin.py:188} INFO - [2025-05-13T21:15:26.563+0000] {dag.py:3823} INFO - Setting next_dagrun for example_params_trigger_ui to None, run_after=None
[2025-05-13T21:15:26.663+0000] {processor.py:183} INFO - Processing /home/airflow/.local/lib/python3.8/site-packages/airflow/example_dags/example_params_trigger_ui.py took 3.416 seconds
[2025-05-13T21:15:56.896+0000] {processor.py:161} INFO - Started process (PID=242) to work on /home/airflow/.local/lib/python3.8/site-packages/airflow/example_dags/example_params_trigger_ui.py
[2025-05-13T21:15:56.898+0000] {processor.py:830} INFO - Processing file /home/airflow/.local/lib/python3.8/site-packages/airflow/example_dags/example_params_trigger_ui.py for tasks to queue
[2025-05-13T21:15:56.902+0000] {logging_mixin.py:188} INFO - [2025-05-13T21:15:56.901+0000] {dagbag.py:538} INFO - Filling up the DagBag from /home/airflow/.local/lib/python3.8/site-packages/airflow/example_dags/example_params_trigger_ui.py
[2025-05-13T21:15:56.921+0000] {processor.py:840} INFO - DAG(s) 'example_params_trigger_ui' retrieved from /home/airflow/.local/lib/python3.8/site-packages/airflow/example_dags/example_params_trigger_ui.py
[2025-05-13T21:15:56.987+0000] {logging_mixin.py:188} INFO - [2025-05-13T21:15:56.986+0000] {dag.py:3036} INFO - Sync 1 DAGs
[2025-05-13T21:15:57.001+0000] {logging_mixin.py:188} INFO - [2025-05-13T21:15:57.001+0000] {dag.py:3823} INFO - Setting next_dagrun for example_params_trigger_ui to None, run_after=None
[2025-05-13T21:15:57.030+0000] {processor.py:183} INFO - Processing /home/airflow/.local/lib/python3.8/site-packages/airflow/example_dags/example_params_trigger_ui.py took 0.139 seconds
[2025-05-13T21:16:27.360+0000] {processor.py:161} INFO - Started process (PID=298) to work on /home/airflow/.local/lib/python3.8/site-packages/airflow/example_dags/example_params_trigger_ui.py
[2025-05-13T21:16:27.396+0000] {processor.py:830} INFO - Processing file /home/airflow/.local/lib/python3.8/site-packages/airflow/example_dags/example_params_trigger_ui.py for tasks to queue
[2025-05-13T21:16:27.399+0000] {logging_mixin.py:188} INFO - [2025-05-13T21:16:27.398+0000] {dagbag.py:538} INFO - Filling up the DagBag from /home/airflow/.local/lib/python3.8/site-packages/airflow/example_dags/example_params_trigger_ui.py
[2025-05-13T21:16:27.416+0000] {processor.py:840} INFO - DAG(s) 'example_params_trigger_ui' retrieved from /home/airflow/.local/lib/python3.8/site-packages/airflow/example_dags/example_params_trigger_ui.py
[2025-05-13T21:16:27.477+0000] {logging_mixin.py:188} INFO - [2025-05-13T21:16:27.476+0000] {dag.py:3036} INFO - Sync 1 DAGs
[2025-05-13T21:16:27.499+0000] {logging_mixin.py:188} INFO - [2025-05-13T21:16:27.498+0000] {dag.py:3823} INFO - Setting next_dagrun for example_params_trigger_ui to None, run_after=None
[2025-05-13T21:16:27.539+0000] {processor.py:183} INFO - Processing /home/airflow/.local/lib/python3.8/site-packages/airflow/example_dags/example_params_trigger_ui.py took 0.185 seconds
[2025-05-13T21:16:57.739+0000] {processor.py:161} INFO - Started process (PID=354) to work on /home/airflow/.local/lib/python3.8/site-packages/airflow/example_dags/example_params_trigger_ui.py
[2025-05-13T21:16:57.740+0000] {processor.py:830} INFO - Processing file /home/airflow/.local/lib/python3.8/site-packages/airflow/example_dags/example_params_trigger_ui.py for tasks to queue
[2025-05-13T21:16:57.743+0000] {logging_mixin.py:188} INFO - [2025-05-13T21:16:57.742+0000] {dagbag.py:538} INFO - Filling up the DagBag from /home/airflow/.local/lib/python3.8/site-packages/airflow/example_dags/example_params_trigger_ui.py
[2025-05-13T21:16:57.756+0000] {processor.py:840} INFO - DAG(s) 'example_params_trigger_ui' retrieved from /home/airflow/.local/lib/python3.8/site-packages/airflow/example_dags/example_params_trigger_ui.py
[2025-05-13T21:16:57.820+0000] {logging_mixin.py:188} INFO - [2025-05-13T21:16:57.820+0000] {dag.py:3036} INFO - Sync 1 DAGs
[2025-05-13T21:16:57.833+0000] {logging_mixin.py:188} INFO - [2025-05-13T21:16:57.833+0000] {dag.py:3823} INFO - Setting next_dagrun for example_params_trigger_ui to None, run_after=None
[2025-05-13T21:16:57.859+0000] {processor.py:183} INFO - Processing /home/airflow/.local/lib/python3.8/site-packages/airflow/example_dags/example_params_trigger_ui.py took 0.123 seconds
[2025-05-13T21:17:28.193+0000] {processor.py:161} INFO - Started process (PID=410) to work on /home/airflow/.local/lib/python3.8/site-packages/airflow/example_dags/example_params_trigger_ui.py
[2025-05-13T21:17:28.194+0000] {processor.py:830} INFO - Processing file /home/airflow/.local/lib/python3.8/site-packages/airflow/example_dags/example_params_trigger_ui.py for tasks to queue
[2025-05-13T21:17:28.196+0000] {logging_mixin.py:188} INFO - [2025-05-13T21:17:28.195+0000] {dagbag.py:538} INFO - Filling up the DagBag from /home/airflow/.local/lib/python3.8/site-packages/airflow/example_dags/example_params_trigger_ui.py
[2025-05-13T21:17:28.213+0000] {processor.py:840} INFO - DAG(s) 'example_params_trigger_ui' retrieved from /home/airflow/.local/lib/python3.8/site-packages/airflow/example_dags/example_params_trigger_ui.py
[2025-05-13T21:17:28.309+0000] {logging_mixin.py:188} INFO - [2025-05-13T21:17:28.309+0000] {dag.py:3036} INFO - Sync 1 DAGs
[2025-05-13T21:17:28.340+0000] {logging_mixin.py:188} INFO - [2025-05-13T21:17:28.339+0000] {dag.py:3823} INFO - Setting next_dagrun for example_params_trigger_ui to None, run_after=None
[2025-05-13T21:17:28.408+0000] {processor.py:183} INFO - Processing /home/airflow/.local/lib/python3.8/site-packages/airflow/example_dags/example_params_trigger_ui.py took 0.218 seconds
[2025-05-13T21:17:58.752+0000] {processor.py:161} INFO - Started process (PID=466) to work on /home/airflow/.local/lib/python3.8/site-packages/airflow/example_dags/example_params_trigger_ui.py
[2025-05-13T21:17:58.755+0000] {processor.py:830} INFO - Processing file /home/airflow/.local/lib/python3.8/site-packages/airflow/example_dags/example_params_trigger_ui.py for tasks to queue
[2025-05-13T21:17:58.758+0000] {logging_mixin.py:188} INFO - [2025-05-13T21:17:58.757+0000] {dagbag.py:538} INFO - Filling up the DagBag from /home/airflow/.local/lib/python3.8/site-packages/airflow/example_dags/example_params_trigger_ui.py
[2025-05-13T21:17:58.775+0000] {processor.py:840} INFO - DAG(s) 'example_params_trigger_ui' retrieved from /home/airflow/.local/lib/python3.8/site-packages/airflow/example_dags/example_params_trigger_ui.py
[2025-05-13T21:17:58.845+0000] {logging_mixin.py:188} INFO - [2025-05-13T21:17:58.844+0000] {dag.py:3036} INFO - Sync 1 DAGs
[2025-05-13T21:17:58.862+0000] {logging_mixin.py:188} INFO - [2025-05-13T21:17:58.862+0000] {dag.py:3823} INFO - Setting next_dagrun for example_params_trigger_ui to None, run_after=None
[2025-05-13T21:17:58.896+0000] {processor.py:183} INFO - Processing /home/airflow/.local/lib/python3.8/site-packages/airflow/example_dags/example_params_trigger_ui.py took 0.148 seconds
[2025-05-13T21:18:29.545+0000] {processor.py:161} INFO - Started process (PID=522) to work on /home/airflow/.local/lib/python3.8/site-packages/airflow/example_dags/example_params_trigger_ui.py
[2025-05-13T21:18:29.547+0000] {processor.py:830} INFO - Processing file /home/airflow/.local/lib/python3.8/site-packages/airflow/example_dags/example_params_trigger_ui.py for tasks to queue
[2025-05-13T21:18:29.550+0000] {logging_mixin.py:188} INFO - [2025-05-13T21:18:29.550+0000] {dagbag.py:538} INFO - Filling up the DagBag from /home/airflow/.local/lib/python3.8/site-packages/airflow/example_dags/example_params_trigger_ui.py
[2025-05-13T21:18:29.566+0000] {processor.py:840} INFO - DAG(s) 'example_params_trigger_ui' retrieved from /home/airflow/.local/lib/python3.8/site-packages/airflow/example_dags/example_params_trigger_ui.py
[2025-05-13T21:18:29.642+0000] {logging_mixin.py:188} INFO - [2025-05-13T21:18:29.642+0000] {dag.py:3036} INFO - Sync 1 DAGs
[2025-05-13T21:18:29.672+0000] {logging_mixin.py:188} INFO - [2025-05-13T21:18:29.671+0000] {dag.py:3823} INFO - Setting next_dagrun for example_params_trigger_ui to None, run_after=None
[2025-05-13T21:18:29.709+0000] {processor.py:183} INFO - Processing /home/airflow/.local/lib/python3.8/site-packages/airflow/example_dags/example_params_trigger_ui.py took 0.167 seconds
[2025-05-13T21:18:59.940+0000] {processor.py:161} INFO - Started process (PID=578) to work on /home/airflow/.local/lib/python3.8/site-packages/airflow/example_dags/example_params_trigger_ui.py
[2025-05-13T21:18:59.944+0000] {processor.py:830} INFO - Processing file /home/airflow/.local/lib/python3.8/site-packages/airflow/example_dags/example_params_trigger_ui.py for tasks to queue
[2025-05-13T21:18:59.948+0000] {logging_mixin.py:188} INFO - [2025-05-13T21:18:59.948+0000] {dagbag.py:538} INFO - Filling up the DagBag from /home/airflow/.local/lib/python3.8/site-packages/airflow/example_dags/example_params_trigger_ui.py
[2025-05-13T21:18:59.965+0000] {processor.py:840} INFO - DAG(s) 'example_params_trigger_ui' retrieved from /home/airflow/.local/lib/python3.8/site-packages/airflow/example_dags/example_params_trigger_ui.py
[2025-05-13T21:19:00.037+0000] {logging_mixin.py:188} INFO - [2025-05-13T21:19:00.036+0000] {dag.py:3036} INFO - Sync 1 DAGs
[2025-05-13T21:19:00.055+0000] {logging_mixin.py:188} INFO - [2025-05-13T21:19:00.055+0000] {dag.py:3823} INFO - Setting next_dagrun for example_params_trigger_ui to None, run_after=None
[2025-05-13T21:19:00.086+0000] {processor.py:183} INFO - Processing /home/airflow/.local/lib/python3.8/site-packages/airflow/example_dags/example_params_trigger_ui.py took 0.156 seconds
[2025-05-13T21:19:30.626+0000] {processor.py:161} INFO - Started process (PID=634) to work on /home/airflow/.local/lib/python3.8/site-packages/airflow/example_dags/example_params_trigger_ui.py
[2025-05-13T21:19:30.627+0000] {processor.py:830} INFO - Processing file /home/airflow/.local/lib/python3.8/site-packages/airflow/example_dags/example_params_trigger_ui.py for tasks to queue
[2025-05-13T21:19:30.630+0000] {logging_mixin.py:188} INFO - [2025-05-13T21:19:30.629+0000] {dagbag.py:538} INFO - Filling up the DagBag from /home/airflow/.local/lib/python3.8/site-packages/airflow/example_dags/example_params_trigger_ui.py
[2025-05-13T21:19:30.647+0000] {processor.py:840} INFO - DAG(s) 'example_params_trigger_ui' retrieved from /home/airflow/.local/lib/python3.8/site-packages/airflow/example_dags/example_params_trigger_ui.py
[2025-05-13T21:19:30.713+0000] {logging_mixin.py:188} INFO - [2025-05-13T21:19:30.712+0000] {dag.py:3036} INFO - Sync 1 DAGs
[2025-05-13T21:19:30.729+0000] {logging_mixin.py:188} INFO - [2025-05-13T21:19:30.729+0000] {dag.py:3823} INFO - Setting next_dagrun for example_params_trigger_ui to None, run_after=None
[2025-05-13T21:19:30.782+0000] {processor.py:183} INFO - Processing /home/airflow/.local/lib/python3.8/site-packages/airflow/example_dags/example_params_trigger_ui.py took 0.160 seconds
[2025-05-13T21:57:53.466+0000] {processor.py:161} INFO - Started process (PID=661) to work on /home/airflow/.local/lib/python3.8/site-packages/airflow/example_dags/example_params_trigger_ui.py
[2025-05-13T21:57:53.472+0000] {processor.py:830} INFO - Processing file /home/airflow/.local/lib/python3.8/site-packages/airflow/example_dags/example_params_trigger_ui.py for tasks to queue
[2025-05-13T21:57:53.488+0000] {logging_mixin.py:188} INFO - [2025-05-13T21:57:53.487+0000] {dagbag.py:538} INFO - Filling up the DagBag from /home/airflow/.local/lib/python3.8/site-packages/airflow/example_dags/example_params_trigger_ui.py
[2025-05-13T21:57:53.904+0000] {processor.py:840} INFO - DAG(s) 'example_params_trigger_ui' retrieved from /home/airflow/.local/lib/python3.8/site-packages/airflow/example_dags/example_params_trigger_ui.py
[2025-05-13T21:57:54.046+0000] {logging_mixin.py:188} INFO - [2025-05-13T21:57:54.046+0000] {dag.py:3036} INFO - Sync 1 DAGs
[2025-05-13T21:57:54.085+0000] {logging_mixin.py:188} INFO - [2025-05-13T21:57:54.083+0000] {dag.py:3823} INFO - Setting next_dagrun for example_params_trigger_ui to None, run_after=None
[2025-05-13T21:57:54.247+0000] {processor.py:183} INFO - Processing /home/airflow/.local/lib/python3.8/site-packages/airflow/example_dags/example_params_trigger_ui.py took 0.784 seconds
[2025-05-13T21:58:24.962+0000] {processor.py:161} INFO - Started process (PID=717) to work on /home/airflow/.local/lib/python3.8/site-packages/airflow/example_dags/example_params_trigger_ui.py
[2025-05-13T21:58:24.963+0000] {processor.py:830} INFO - Processing file /home/airflow/.local/lib/python3.8/site-packages/airflow/example_dags/example_params_trigger_ui.py for tasks to queue
[2025-05-13T21:58:24.965+0000] {logging_mixin.py:188} INFO - [2025-05-13T21:58:24.965+0000] {dagbag.py:538} INFO - Filling up the DagBag from /home/airflow/.local/lib/python3.8/site-packages/airflow/example_dags/example_params_trigger_ui.py
[2025-05-13T21:58:24.985+0000] {processor.py:840} INFO - DAG(s) 'example_params_trigger_ui' retrieved from /home/airflow/.local/lib/python3.8/site-packages/airflow/example_dags/example_params_trigger_ui.py
[2025-05-13T21:58:25.061+0000] {logging_mixin.py:188} INFO - [2025-05-13T21:58:25.060+0000] {dag.py:3036} INFO - Sync 1 DAGs
[2025-05-13T21:58:25.092+0000] {logging_mixin.py:188} INFO - [2025-05-13T21:58:25.092+0000] {dag.py:3823} INFO - Setting next_dagrun for example_params_trigger_ui to None, run_after=None
[2025-05-13T21:58:25.138+0000] {processor.py:183} INFO - Processing /home/airflow/.local/lib/python3.8/site-packages/airflow/example_dags/example_params_trigger_ui.py took 0.178 seconds
[2025-05-13T21:58:55.309+0000] {processor.py:161} INFO - Started process (PID=774) to work on /home/airflow/.local/lib/python3.8/site-packages/airflow/example_dags/example_params_trigger_ui.py
[2025-05-13T21:58:55.311+0000] {processor.py:830} INFO - Processing file /home/airflow/.local/lib/python3.8/site-packages/airflow/example_dags/example_params_trigger_ui.py for tasks to queue
[2025-05-13T21:58:55.315+0000] {logging_mixin.py:188} INFO - [2025-05-13T21:58:55.314+0000] {dagbag.py:538} INFO - Filling up the DagBag from /home/airflow/.local/lib/python3.8/site-packages/airflow/example_dags/example_params_trigger_ui.py
[2025-05-13T21:58:55.330+0000] {processor.py:840} INFO - DAG(s) 'example_params_trigger_ui' retrieved from /home/airflow/.local/lib/python3.8/site-packages/airflow/example_dags/example_params_trigger_ui.py
[2025-05-13T21:58:55.403+0000] {logging_mixin.py:188} INFO - [2025-05-13T21:58:55.403+0000] {dag.py:3036} INFO - Sync 1 DAGs
[2025-05-13T21:58:55.421+0000] {logging_mixin.py:188} INFO - [2025-05-13T21:58:55.421+0000] {dag.py:3823} INFO - Setting next_dagrun for example_params_trigger_ui to None, run_after=None
[2025-05-13T21:58:55.455+0000] {processor.py:183} INFO - Processing /home/airflow/.local/lib/python3.8/site-packages/airflow/example_dags/example_params_trigger_ui.py took 0.149 seconds
[2025-05-13T21:59:26.189+0000] {processor.py:161} INFO - Started process (PID=830) to work on /home/airflow/.local/lib/python3.8/site-packages/airflow/example_dags/example_params_trigger_ui.py
[2025-05-13T21:59:26.191+0000] {processor.py:830} INFO - Processing file /home/airflow/.local/lib/python3.8/site-packages/airflow/example_dags/example_params_trigger_ui.py for tasks to queue
[2025-05-13T21:59:26.193+0000] {logging_mixin.py:188} INFO - [2025-05-13T21:59:26.193+0000] {dagbag.py:538} INFO - Filling up the DagBag from /home/airflow/.local/lib/python3.8/site-packages/airflow/example_dags/example_params_trigger_ui.py
[2025-05-13T21:59:26.208+0000] {processor.py:840} INFO - DAG(s) 'example_params_trigger_ui' retrieved from /home/airflow/.local/lib/python3.8/site-packages/airflow/example_dags/example_params_trigger_ui.py
[2025-05-13T21:59:26.279+0000] {logging_mixin.py:188} INFO - [2025-05-13T21:59:26.279+0000] {dag.py:3036} INFO - Sync 1 DAGs
[2025-05-13T21:59:26.294+0000] {logging_mixin.py:188} INFO - [2025-05-13T21:59:26.294+0000] {dag.py:3823} INFO - Setting next_dagrun for example_params_trigger_ui to None, run_after=None
[2025-05-13T21:59:26.336+0000] {processor.py:183} INFO - Processing /home/airflow/.local/lib/python3.8/site-packages/airflow/example_dags/example_params_trigger_ui.py took 0.150 seconds
