[2025-05-13T21:09:30.405+0000] {processor.py:161} INFO - Started process (PID=88) to work on /home/airflow/.local/lib/python3.8/site-packages/airflow/example_dags/example_complex.py
[2025-05-13T21:09:30.406+0000] {processor.py:830} INFO - Processing file /home/airflow/.local/lib/python3.8/site-packages/airflow/example_dags/example_complex.py for tasks to queue
[2025-05-13T21:09:30.408+0000] {logging_mixin.py:188} INFO - [2025-05-13T21:09:30.408+0000] {dagbag.py:538} INFO - Filling up the DagBag from /home/airflow/.local/lib/python3.8/site-packages/airflow/example_dags/example_complex.py
[2025-05-13T21:09:30.428+0000] {processor.py:840} INFO - DAG(s) 'example_complex' retrieved from /home/airflow/.local/lib/python3.8/site-packages/airflow/example_dags/example_complex.py
[2025-05-13T21:09:30.648+0000] {logging_mixin.py:188} INFO - [2025-05-13T21:09:30.647+0000] {dag.py:3036} INFO - Sync 1 DAGs
[2025-05-13T21:09:30.665+0000] {logging_mixin.py:188} INFO - [2025-05-13T21:09:30.665+0000] {dag.py:3823} INFO - Setting next_dagrun for example_complex to None, run_after=None
[2025-05-13T21:09:30.719+0000] {processor.py:183} INFO - Processing /home/airflow/.local/lib/python3.8/site-packages/airflow/example_dags/example_complex.py took 0.317 seconds
[2025-05-13T21:10:01.770+0000] {processor.py:161} INFO - Started process (PID=144) to work on /home/airflow/.local/lib/python3.8/site-packages/airflow/example_dags/example_complex.py
[2025-05-13T21:10:01.773+0000] {processor.py:830} INFO - Processing file /home/airflow/.local/lib/python3.8/site-packages/airflow/example_dags/example_complex.py for tasks to queue
[2025-05-13T21:10:01.776+0000] {logging_mixin.py:188} INFO - [2025-05-13T21:10:01.775+0000] {dagbag.py:538} INFO - Filling up the DagBag from /home/airflow/.local/lib/python3.8/site-packages/airflow/example_dags/example_complex.py
[2025-05-13T21:10:01.796+0000] {processor.py:840} INFO - DAG(s) 'example_complex' retrieved from /home/airflow/.local/lib/python3.8/site-packages/airflow/example_dags/example_complex.py
[2025-05-13T21:10:01.869+0000] {logging_mixin.py:188} INFO - [2025-05-13T21:10:01.868+0000] {dag.py:3036} INFO - Sync 1 DAGs
[2025-05-13T21:10:01.892+0000] {logging_mixin.py:188} INFO - [2025-05-13T21:10:01.892+0000] {dag.py:3823} INFO - Setting next_dagrun for example_complex to None, run_after=None
[2025-05-13T21:10:02.025+0000] {processor.py:183} INFO - Processing /home/airflow/.local/lib/python3.8/site-packages/airflow/example_dags/example_complex.py took 0.261 seconds
[2025-05-13T21:12:02.055+0000] {processor.py:161} INFO - Started process (PID=178) to work on /home/airflow/.local/lib/python3.8/site-packages/airflow/example_dags/example_complex.py
[2025-05-13T21:12:02.060+0000] {processor.py:830} INFO - Processing file /home/airflow/.local/lib/python3.8/site-packages/airflow/example_dags/example_complex.py for tasks to queue
[2025-05-13T21:12:02.068+0000] {logging_mixin.py:188} INFO - [2025-05-13T21:12:02.065+0000] {dagbag.py:538} INFO - Filling up the DagBag from /home/airflow/.local/lib/python3.8/site-packages/airflow/example_dags/example_complex.py
[2025-05-13T21:12:02.097+0000] {processor.py:840} INFO - DAG(s) 'example_complex' retrieved from /home/airflow/.local/lib/python3.8/site-packages/airflow/example_dags/example_complex.py
[2025-05-13T21:12:02.224+0000] {logging_mixin.py:188} INFO - [2025-05-13T21:12:02.211+0000] {dag.py:3036} INFO - Sync 1 DAGs
[2025-05-13T21:12:02.256+0000] {logging_mixin.py:188} INFO - [2025-05-13T21:12:02.256+0000] {dag.py:3823} INFO - Setting next_dagrun for example_complex to None, run_after=None
[2025-05-13T21:12:02.312+0000] {processor.py:183} INFO - Processing /home/airflow/.local/lib/python3.8/site-packages/airflow/example_dags/example_complex.py took 0.260 seconds
[2025-05-13T21:14:39.406+0000] {processor.py:161} INFO - Started process (PID=91) to work on /home/airflow/.local/lib/python3.8/site-packages/airflow/example_dags/example_complex.py
[2025-05-13T21:14:39.458+0000] {processor.py:830} INFO - Processing file /home/airflow/.local/lib/python3.8/site-packages/airflow/example_dags/example_complex.py for tasks to queue
[2025-05-13T21:14:39.465+0000] {logging_mixin.py:188} INFO - [2025-05-13T21:14:39.465+0000] {dagbag.py:538} INFO - Filling up the DagBag from /home/airflow/.local/lib/python3.8/site-packages/airflow/example_dags/example_complex.py
[2025-05-13T21:14:39.489+0000] {processor.py:840} INFO - DAG(s) 'example_complex' retrieved from /home/airflow/.local/lib/python3.8/site-packages/airflow/example_dags/example_complex.py
[2025-05-13T21:14:39.694+0000] {logging_mixin.py:188} INFO - [2025-05-13T21:14:39.693+0000] {dag.py:3036} INFO - Sync 1 DAGs
[2025-05-13T21:14:39.719+0000] {logging_mixin.py:188} INFO - [2025-05-13T21:14:39.718+0000] {dag.py:3823} INFO - Setting next_dagrun for example_complex to None, run_after=None
[2025-05-13T21:14:39.769+0000] {processor.py:183} INFO - Processing /home/airflow/.local/lib/python3.8/site-packages/airflow/example_dags/example_complex.py took 0.367 seconds
[2025-05-13T21:15:10.492+0000] {processor.py:161} INFO - Started process (PID=147) to work on /home/airflow/.local/lib/python3.8/site-packages/airflow/example_dags/example_complex.py
[2025-05-13T21:15:10.495+0000] {processor.py:830} INFO - Processing file /home/airflow/.local/lib/python3.8/site-packages/airflow/example_dags/example_complex.py for tasks to queue
[2025-05-13T21:15:10.497+0000] {logging_mixin.py:188} INFO - [2025-05-13T21:15:10.496+0000] {dagbag.py:538} INFO - Filling up the DagBag from /home/airflow/.local/lib/python3.8/site-packages/airflow/example_dags/example_complex.py
[2025-05-13T21:15:10.507+0000] {processor.py:840} INFO - DAG(s) 'example_complex' retrieved from /home/airflow/.local/lib/python3.8/site-packages/airflow/example_dags/example_complex.py
[2025-05-13T21:15:10.542+0000] {logging_mixin.py:188} INFO - [2025-05-13T21:15:10.542+0000] {dag.py:3036} INFO - Sync 1 DAGs
[2025-05-13T21:15:10.556+0000] {logging_mixin.py:188} INFO - [2025-05-13T21:15:10.556+0000] {dag.py:3823} INFO - Setting next_dagrun for example_complex to None, run_after=None
[2025-05-13T21:15:10.582+0000] {processor.py:183} INFO - Processing /home/airflow/.local/lib/python3.8/site-packages/airflow/example_dags/example_complex.py took 0.092 seconds
[2025-05-13T21:15:40.917+0000] {processor.py:161} INFO - Started process (PID=203) to work on /home/airflow/.local/lib/python3.8/site-packages/airflow/example_dags/example_complex.py
[2025-05-13T21:15:40.919+0000] {processor.py:830} INFO - Processing file /home/airflow/.local/lib/python3.8/site-packages/airflow/example_dags/example_complex.py for tasks to queue
[2025-05-13T21:15:40.922+0000] {logging_mixin.py:188} INFO - [2025-05-13T21:15:40.921+0000] {dagbag.py:538} INFO - Filling up the DagBag from /home/airflow/.local/lib/python3.8/site-packages/airflow/example_dags/example_complex.py
[2025-05-13T21:15:41.021+0000] {processor.py:840} INFO - DAG(s) 'example_complex' retrieved from /home/airflow/.local/lib/python3.8/site-packages/airflow/example_dags/example_complex.py
[2025-05-13T21:15:41.068+0000] {logging_mixin.py:188} INFO - [2025-05-13T21:15:41.067+0000] {dag.py:3036} INFO - Sync 1 DAGs
[2025-05-13T21:15:41.083+0000] {logging_mixin.py:188} INFO - [2025-05-13T21:15:41.083+0000] {dag.py:3823} INFO - Setting next_dagrun for example_complex to None, run_after=None
[2025-05-13T21:15:41.115+0000] {processor.py:183} INFO - Processing /home/airflow/.local/lib/python3.8/site-packages/airflow/example_dags/example_complex.py took 0.202 seconds
[2025-05-13T21:16:11.231+0000] {processor.py:161} INFO - Started process (PID=259) to work on /home/airflow/.local/lib/python3.8/site-packages/airflow/example_dags/example_complex.py
[2025-05-13T21:16:11.232+0000] {processor.py:830} INFO - Processing file /home/airflow/.local/lib/python3.8/site-packages/airflow/example_dags/example_complex.py for tasks to queue
[2025-05-13T21:16:11.235+0000] {logging_mixin.py:188} INFO - [2025-05-13T21:16:11.234+0000] {dagbag.py:538} INFO - Filling up the DagBag from /home/airflow/.local/lib/python3.8/site-packages/airflow/example_dags/example_complex.py
[2025-05-13T21:16:11.248+0000] {processor.py:840} INFO - DAG(s) 'example_complex' retrieved from /home/airflow/.local/lib/python3.8/site-packages/airflow/example_dags/example_complex.py
[2025-05-13T21:16:11.295+0000] {logging_mixin.py:188} INFO - [2025-05-13T21:16:11.295+0000] {dag.py:3036} INFO - Sync 1 DAGs
[2025-05-13T21:16:11.315+0000] {logging_mixin.py:188} INFO - [2025-05-13T21:16:11.315+0000] {dag.py:3823} INFO - Setting next_dagrun for example_complex to None, run_after=None
[2025-05-13T21:16:11.366+0000] {processor.py:183} INFO - Processing /home/airflow/.local/lib/python3.8/site-packages/airflow/example_dags/example_complex.py took 0.138 seconds
[2025-05-13T21:16:41.769+0000] {processor.py:161} INFO - Started process (PID=315) to work on /home/airflow/.local/lib/python3.8/site-packages/airflow/example_dags/example_complex.py
[2025-05-13T21:16:41.771+0000] {processor.py:830} INFO - Processing file /home/airflow/.local/lib/python3.8/site-packages/airflow/example_dags/example_complex.py for tasks to queue
[2025-05-13T21:16:41.775+0000] {logging_mixin.py:188} INFO - [2025-05-13T21:16:41.774+0000] {dagbag.py:538} INFO - Filling up the DagBag from /home/airflow/.local/lib/python3.8/site-packages/airflow/example_dags/example_complex.py
[2025-05-13T21:16:41.792+0000] {processor.py:840} INFO - DAG(s) 'example_complex' retrieved from /home/airflow/.local/lib/python3.8/site-packages/airflow/example_dags/example_complex.py
[2025-05-13T21:16:41.836+0000] {logging_mixin.py:188} INFO - [2025-05-13T21:16:41.836+0000] {dag.py:3036} INFO - Sync 1 DAGs
[2025-05-13T21:16:41.871+0000] {logging_mixin.py:188} INFO - [2025-05-13T21:16:41.870+0000] {dag.py:3823} INFO - Setting next_dagrun for example_complex to None, run_after=None
[2025-05-13T21:16:41.920+0000] {processor.py:183} INFO - Processing /home/airflow/.local/lib/python3.8/site-packages/airflow/example_dags/example_complex.py took 0.156 seconds
[2025-05-13T21:17:11.995+0000] {processor.py:161} INFO - Started process (PID=371) to work on /home/airflow/.local/lib/python3.8/site-packages/airflow/example_dags/example_complex.py
[2025-05-13T21:17:11.997+0000] {processor.py:830} INFO - Processing file /home/airflow/.local/lib/python3.8/site-packages/airflow/example_dags/example_complex.py for tasks to queue
[2025-05-13T21:17:11.999+0000] {logging_mixin.py:188} INFO - [2025-05-13T21:17:11.998+0000] {dagbag.py:538} INFO - Filling up the DagBag from /home/airflow/.local/lib/python3.8/site-packages/airflow/example_dags/example_complex.py
[2025-05-13T21:17:12.011+0000] {processor.py:840} INFO - DAG(s) 'example_complex' retrieved from /home/airflow/.local/lib/python3.8/site-packages/airflow/example_dags/example_complex.py
[2025-05-13T21:17:12.079+0000] {logging_mixin.py:188} INFO - [2025-05-13T21:17:12.078+0000] {dag.py:3036} INFO - Sync 1 DAGs
[2025-05-13T21:17:12.134+0000] {logging_mixin.py:188} INFO - [2025-05-13T21:17:12.134+0000] {dag.py:3823} INFO - Setting next_dagrun for example_complex to None, run_after=None
[2025-05-13T21:17:12.194+0000] {processor.py:183} INFO - Processing /home/airflow/.local/lib/python3.8/site-packages/airflow/example_dags/example_complex.py took 0.202 seconds
[2025-05-13T21:17:42.732+0000] {processor.py:161} INFO - Started process (PID=427) to work on /home/airflow/.local/lib/python3.8/site-packages/airflow/example_dags/example_complex.py
[2025-05-13T21:17:42.733+0000] {processor.py:830} INFO - Processing file /home/airflow/.local/lib/python3.8/site-packages/airflow/example_dags/example_complex.py for tasks to queue
[2025-05-13T21:17:42.736+0000] {logging_mixin.py:188} INFO - [2025-05-13T21:17:42.736+0000] {dagbag.py:538} INFO - Filling up the DagBag from /home/airflow/.local/lib/python3.8/site-packages/airflow/example_dags/example_complex.py
[2025-05-13T21:17:42.748+0000] {processor.py:840} INFO - DAG(s) 'example_complex' retrieved from /home/airflow/.local/lib/python3.8/site-packages/airflow/example_dags/example_complex.py
[2025-05-13T21:17:42.788+0000] {logging_mixin.py:188} INFO - [2025-05-13T21:17:42.788+0000] {dag.py:3036} INFO - Sync 1 DAGs
[2025-05-13T21:17:42.804+0000] {logging_mixin.py:188} INFO - [2025-05-13T21:17:42.803+0000] {dag.py:3823} INFO - Setting next_dagrun for example_complex to None, run_after=None
[2025-05-13T21:17:42.848+0000] {processor.py:183} INFO - Processing /home/airflow/.local/lib/python3.8/site-packages/airflow/example_dags/example_complex.py took 0.119 seconds
[2025-05-13T21:18:13.725+0000] {processor.py:161} INFO - Started process (PID=483) to work on /home/airflow/.local/lib/python3.8/site-packages/airflow/example_dags/example_complex.py
[2025-05-13T21:18:13.732+0000] {processor.py:830} INFO - Processing file /home/airflow/.local/lib/python3.8/site-packages/airflow/example_dags/example_complex.py for tasks to queue
[2025-05-13T21:18:13.736+0000] {logging_mixin.py:188} INFO - [2025-05-13T21:18:13.735+0000] {dagbag.py:538} INFO - Filling up the DagBag from /home/airflow/.local/lib/python3.8/site-packages/airflow/example_dags/example_complex.py
[2025-05-13T21:18:13.754+0000] {processor.py:840} INFO - DAG(s) 'example_complex' retrieved from /home/airflow/.local/lib/python3.8/site-packages/airflow/example_dags/example_complex.py
[2025-05-13T21:18:13.803+0000] {logging_mixin.py:188} INFO - [2025-05-13T21:18:13.803+0000] {dag.py:3036} INFO - Sync 1 DAGs
[2025-05-13T21:18:13.831+0000] {logging_mixin.py:188} INFO - [2025-05-13T21:18:13.831+0000] {dag.py:3823} INFO - Setting next_dagrun for example_complex to None, run_after=None
[2025-05-13T21:18:13.918+0000] {processor.py:183} INFO - Processing /home/airflow/.local/lib/python3.8/site-packages/airflow/example_dags/example_complex.py took 0.224 seconds
[2025-05-13T21:18:43.977+0000] {processor.py:161} INFO - Started process (PID=539) to work on /home/airflow/.local/lib/python3.8/site-packages/airflow/example_dags/example_complex.py
[2025-05-13T21:18:43.979+0000] {processor.py:830} INFO - Processing file /home/airflow/.local/lib/python3.8/site-packages/airflow/example_dags/example_complex.py for tasks to queue
[2025-05-13T21:18:43.982+0000] {logging_mixin.py:188} INFO - [2025-05-13T21:18:43.981+0000] {dagbag.py:538} INFO - Filling up the DagBag from /home/airflow/.local/lib/python3.8/site-packages/airflow/example_dags/example_complex.py
[2025-05-13T21:18:43.998+0000] {processor.py:840} INFO - DAG(s) 'example_complex' retrieved from /home/airflow/.local/lib/python3.8/site-packages/airflow/example_dags/example_complex.py
[2025-05-13T21:18:44.040+0000] {logging_mixin.py:188} INFO - [2025-05-13T21:18:44.040+0000] {dag.py:3036} INFO - Sync 1 DAGs
[2025-05-13T21:18:44.061+0000] {logging_mixin.py:188} INFO - [2025-05-13T21:18:44.061+0000] {dag.py:3823} INFO - Setting next_dagrun for example_complex to None, run_after=None
[2025-05-13T21:18:44.095+0000] {processor.py:183} INFO - Processing /home/airflow/.local/lib/python3.8/site-packages/airflow/example_dags/example_complex.py took 0.122 seconds
[2025-05-13T21:19:14.199+0000] {processor.py:161} INFO - Started process (PID=594) to work on /home/airflow/.local/lib/python3.8/site-packages/airflow/example_dags/example_complex.py
[2025-05-13T21:19:14.201+0000] {processor.py:830} INFO - Processing file /home/airflow/.local/lib/python3.8/site-packages/airflow/example_dags/example_complex.py for tasks to queue
[2025-05-13T21:19:14.204+0000] {logging_mixin.py:188} INFO - [2025-05-13T21:19:14.203+0000] {dagbag.py:538} INFO - Filling up the DagBag from /home/airflow/.local/lib/python3.8/site-packages/airflow/example_dags/example_complex.py
[2025-05-13T21:19:14.216+0000] {processor.py:840} INFO - DAG(s) 'example_complex' retrieved from /home/airflow/.local/lib/python3.8/site-packages/airflow/example_dags/example_complex.py
[2025-05-13T21:19:14.259+0000] {logging_mixin.py:188} INFO - [2025-05-13T21:19:14.258+0000] {dag.py:3036} INFO - Sync 1 DAGs
[2025-05-13T21:19:14.275+0000] {logging_mixin.py:188} INFO - [2025-05-13T21:19:14.274+0000] {dag.py:3823} INFO - Setting next_dagrun for example_complex to None, run_after=None
[2025-05-13T21:19:14.326+0000] {processor.py:183} INFO - Processing /home/airflow/.local/lib/python3.8/site-packages/airflow/example_dags/example_complex.py took 0.131 seconds
[2025-05-13T21:58:05.738+0000] {processor.py:161} INFO - Started process (PID=675) to work on /home/airflow/.local/lib/python3.8/site-packages/airflow/example_dags/example_complex.py
[2025-05-13T21:58:05.740+0000] {processor.py:830} INFO - Processing file /home/airflow/.local/lib/python3.8/site-packages/airflow/example_dags/example_complex.py for tasks to queue
[2025-05-13T21:58:05.751+0000] {logging_mixin.py:188} INFO - [2025-05-13T21:58:05.742+0000] {dagbag.py:538} INFO - Filling up the DagBag from /home/airflow/.local/lib/python3.8/site-packages/airflow/example_dags/example_complex.py
[2025-05-13T21:58:05.773+0000] {processor.py:840} INFO - DAG(s) 'example_complex' retrieved from /home/airflow/.local/lib/python3.8/site-packages/airflow/example_dags/example_complex.py
[2025-05-13T21:58:05.828+0000] {logging_mixin.py:188} INFO - [2025-05-13T21:58:05.828+0000] {dag.py:3036} INFO - Sync 1 DAGs
[2025-05-13T21:58:05.849+0000] {logging_mixin.py:188} INFO - [2025-05-13T21:58:05.849+0000] {dag.py:3823} INFO - Setting next_dagrun for example_complex to None, run_after=None
[2025-05-13T21:58:05.888+0000] {processor.py:183} INFO - Processing /home/airflow/.local/lib/python3.8/site-packages/airflow/example_dags/example_complex.py took 0.155 seconds
[2025-05-13T21:58:36.384+0000] {processor.py:161} INFO - Started process (PID=730) to work on /home/airflow/.local/lib/python3.8/site-packages/airflow/example_dags/example_complex.py
[2025-05-13T21:58:36.386+0000] {processor.py:830} INFO - Processing file /home/airflow/.local/lib/python3.8/site-packages/airflow/example_dags/example_complex.py for tasks to queue
[2025-05-13T21:58:36.388+0000] {logging_mixin.py:188} INFO - [2025-05-13T21:58:36.387+0000] {dagbag.py:538} INFO - Filling up the DagBag from /home/airflow/.local/lib/python3.8/site-packages/airflow/example_dags/example_complex.py
[2025-05-13T21:58:36.401+0000] {processor.py:840} INFO - DAG(s) 'example_complex' retrieved from /home/airflow/.local/lib/python3.8/site-packages/airflow/example_dags/example_complex.py
[2025-05-13T21:58:36.441+0000] {logging_mixin.py:188} INFO - [2025-05-13T21:58:36.441+0000] {dag.py:3036} INFO - Sync 1 DAGs
[2025-05-13T21:58:36.457+0000] {logging_mixin.py:188} INFO - [2025-05-13T21:58:36.457+0000] {dag.py:3823} INFO - Setting next_dagrun for example_complex to None, run_after=None
[2025-05-13T21:58:36.487+0000] {processor.py:183} INFO - Processing /home/airflow/.local/lib/python3.8/site-packages/airflow/example_dags/example_complex.py took 0.106 seconds
[2025-05-13T21:59:07.127+0000] {processor.py:161} INFO - Started process (PID=788) to work on /home/airflow/.local/lib/python3.8/site-packages/airflow/example_dags/example_complex.py
[2025-05-13T21:59:07.128+0000] {processor.py:830} INFO - Processing file /home/airflow/.local/lib/python3.8/site-packages/airflow/example_dags/example_complex.py for tasks to queue
[2025-05-13T21:59:07.130+0000] {logging_mixin.py:188} INFO - [2025-05-13T21:59:07.130+0000] {dagbag.py:538} INFO - Filling up the DagBag from /home/airflow/.local/lib/python3.8/site-packages/airflow/example_dags/example_complex.py
[2025-05-13T21:59:07.143+0000] {processor.py:840} INFO - DAG(s) 'example_complex' retrieved from /home/airflow/.local/lib/python3.8/site-packages/airflow/example_dags/example_complex.py
[2025-05-13T21:59:07.179+0000] {logging_mixin.py:188} INFO - [2025-05-13T21:59:07.179+0000] {dag.py:3036} INFO - Sync 1 DAGs
[2025-05-13T21:59:07.196+0000] {logging_mixin.py:188} INFO - [2025-05-13T21:59:07.195+0000] {dag.py:3823} INFO - Setting next_dagrun for example_complex to None, run_after=None
[2025-05-13T21:59:07.231+0000] {processor.py:183} INFO - Processing /home/airflow/.local/lib/python3.8/site-packages/airflow/example_dags/example_complex.py took 0.108 seconds
[2025-05-13T21:59:37.573+0000] {processor.py:161} INFO - Started process (PID=844) to work on /home/airflow/.local/lib/python3.8/site-packages/airflow/example_dags/example_complex.py
[2025-05-13T21:59:37.575+0000] {processor.py:830} INFO - Processing file /home/airflow/.local/lib/python3.8/site-packages/airflow/example_dags/example_complex.py for tasks to queue
[2025-05-13T21:59:37.578+0000] {logging_mixin.py:188} INFO - [2025-05-13T21:59:37.578+0000] {dagbag.py:538} INFO - Filling up the DagBag from /home/airflow/.local/lib/python3.8/site-packages/airflow/example_dags/example_complex.py
[2025-05-13T21:59:37.592+0000] {processor.py:840} INFO - DAG(s) 'example_complex' retrieved from /home/airflow/.local/lib/python3.8/site-packages/airflow/example_dags/example_complex.py
[2025-05-13T21:59:37.678+0000] {logging_mixin.py:188} INFO - [2025-05-13T21:59:37.677+0000] {dag.py:3036} INFO - Sync 1 DAGs
[2025-05-13T21:59:37.738+0000] {logging_mixin.py:188} INFO - [2025-05-13T21:59:37.737+0000] {dag.py:3823} INFO - Setting next_dagrun for example_complex to None, run_after=None
[2025-05-13T21:59:37.785+0000] {processor.py:183} INFO - Processing /home/airflow/.local/lib/python3.8/site-packages/airflow/example_dags/example_complex.py took 0.215 seconds
