[2025-05-13T21:09:09.271+0000] {processor.py:161} INFO - Started process (PID=74) to work on /home/airflow/.local/lib/python3.8/site-packages/airflow/example_dags/example_task_group_decorator.py
[2025-05-13T21:09:09.275+0000] {processor.py:830} INFO - Processing file /home/airflow/.local/lib/python3.8/site-packages/airflow/example_dags/example_task_group_decorator.py for tasks to queue
[2025-05-13T21:09:09.278+0000] {logging_mixin.py:188} INFO - [2025-05-13T21:09:09.277+0000] {dagbag.py:538} INFO - Filling up the DagBag from /home/airflow/.local/lib/python3.8/site-packages/airflow/example_dags/example_task_group_decorator.py
[2025-05-13T21:09:09.319+0000] {processor.py:840} INFO - DAG(s) 'example_task_group_decorator' retrieved from /home/airflow/.local/lib/python3.8/site-packages/airflow/example_dags/example_task_group_decorator.py
[2025-05-13T21:09:09.580+0000] {logging_mixin.py:188} INFO - [2025-05-13T21:09:09.580+0000] {dag.py:3036} INFO - Sync 1 DAGs
[2025-05-13T21:09:09.644+0000] {logging_mixin.py:188} INFO - [2025-05-13T21:09:09.643+0000] {dag.py:3823} INFO - Setting next_dagrun for example_task_group_decorator to 2025-05-12 00:00:00+00:00, run_after=2025-05-13 00:00:00+00:00
[2025-05-13T21:09:09.726+0000] {processor.py:183} INFO - Processing /home/airflow/.local/lib/python3.8/site-packages/airflow/example_dags/example_task_group_decorator.py took 0.480 seconds
[2025-05-13T21:09:59.355+0000] {processor.py:161} INFO - Started process (PID=124) to work on /home/airflow/.local/lib/python3.8/site-packages/airflow/example_dags/example_task_group_decorator.py
[2025-05-13T21:09:59.357+0000] {processor.py:830} INFO - Processing file /home/airflow/.local/lib/python3.8/site-packages/airflow/example_dags/example_task_group_decorator.py for tasks to queue
[2025-05-13T21:09:59.365+0000] {logging_mixin.py:188} INFO - [2025-05-13T21:09:59.364+0000] {dagbag.py:538} INFO - Filling up the DagBag from /home/airflow/.local/lib/python3.8/site-packages/airflow/example_dags/example_task_group_decorator.py
[2025-05-13T21:09:59.416+0000] {processor.py:840} INFO - DAG(s) 'example_task_group_decorator' retrieved from /home/airflow/.local/lib/python3.8/site-packages/airflow/example_dags/example_task_group_decorator.py
[2025-05-13T21:09:59.494+0000] {logging_mixin.py:188} INFO - [2025-05-13T21:09:59.494+0000] {dag.py:3036} INFO - Sync 1 DAGs
[2025-05-13T21:09:59.530+0000] {logging_mixin.py:188} INFO - [2025-05-13T21:09:59.529+0000] {dag.py:3823} INFO - Setting next_dagrun for example_task_group_decorator to 2025-05-12 00:00:00+00:00, run_after=2025-05-13 00:00:00+00:00
[2025-05-13T21:09:59.579+0000] {processor.py:183} INFO - Processing /home/airflow/.local/lib/python3.8/site-packages/airflow/example_dags/example_task_group_decorator.py took 0.240 seconds
[2025-05-13T21:11:57.372+0000] {processor.py:161} INFO - Started process (PID=164) to work on /home/airflow/.local/lib/python3.8/site-packages/airflow/example_dags/example_task_group_decorator.py
[2025-05-13T21:11:57.374+0000] {processor.py:830} INFO - Processing file /home/airflow/.local/lib/python3.8/site-packages/airflow/example_dags/example_task_group_decorator.py for tasks to queue
[2025-05-13T21:11:57.376+0000] {logging_mixin.py:188} INFO - [2025-05-13T21:11:57.375+0000] {dagbag.py:538} INFO - Filling up the DagBag from /home/airflow/.local/lib/python3.8/site-packages/airflow/example_dags/example_task_group_decorator.py
[2025-05-13T21:11:57.427+0000] {processor.py:840} INFO - DAG(s) 'example_task_group_decorator' retrieved from /home/airflow/.local/lib/python3.8/site-packages/airflow/example_dags/example_task_group_decorator.py
[2025-05-13T21:11:57.496+0000] {logging_mixin.py:188} INFO - [2025-05-13T21:11:57.495+0000] {dag.py:3036} INFO - Sync 1 DAGs
[2025-05-13T21:11:57.545+0000] {logging_mixin.py:188} INFO - [2025-05-13T21:11:57.544+0000] {dag.py:3823} INFO - Setting next_dagrun for example_task_group_decorator to 2025-05-12 00:00:00+00:00, run_after=2025-05-13 00:00:00+00:00
[2025-05-13T21:11:57.579+0000] {processor.py:183} INFO - Processing /home/airflow/.local/lib/python3.8/site-packages/airflow/example_dags/example_task_group_decorator.py took 0.211 seconds
[2025-05-13T21:14:21.111+0000] {processor.py:161} INFO - Started process (PID=77) to work on /home/airflow/.local/lib/python3.8/site-packages/airflow/example_dags/example_task_group_decorator.py
[2025-05-13T21:14:21.148+0000] {processor.py:830} INFO - Processing file /home/airflow/.local/lib/python3.8/site-packages/airflow/example_dags/example_task_group_decorator.py for tasks to queue
[2025-05-13T21:14:21.237+0000] {logging_mixin.py:188} INFO - [2025-05-13T21:14:21.229+0000] {dagbag.py:538} INFO - Filling up the DagBag from /home/airflow/.local/lib/python3.8/site-packages/airflow/example_dags/example_task_group_decorator.py
[2025-05-13T21:14:21.499+0000] {processor.py:840} INFO - DAG(s) 'example_task_group_decorator' retrieved from /home/airflow/.local/lib/python3.8/site-packages/airflow/example_dags/example_task_group_decorator.py
[2025-05-13T21:14:21.819+0000] {logging_mixin.py:188} INFO - [2025-05-13T21:14:21.818+0000] {dag.py:3036} INFO - Sync 1 DAGs
[2025-05-13T21:14:21.908+0000] {logging_mixin.py:188} INFO - [2025-05-13T21:14:21.907+0000] {dag.py:3823} INFO - Setting next_dagrun for example_task_group_decorator to 2025-05-12 00:00:00+00:00, run_after=2025-05-13 00:00:00+00:00
[2025-05-13T21:14:22.006+0000] {processor.py:183} INFO - Processing /home/airflow/.local/lib/python3.8/site-packages/airflow/example_dags/example_task_group_decorator.py took 1.206 seconds
[2025-05-13T21:14:52.545+0000] {processor.py:161} INFO - Started process (PID=133) to work on /home/airflow/.local/lib/python3.8/site-packages/airflow/example_dags/example_task_group_decorator.py
[2025-05-13T21:14:52.547+0000] {processor.py:830} INFO - Processing file /home/airflow/.local/lib/python3.8/site-packages/airflow/example_dags/example_task_group_decorator.py for tasks to queue
[2025-05-13T21:14:52.551+0000] {logging_mixin.py:188} INFO - [2025-05-13T21:14:52.550+0000] {dagbag.py:538} INFO - Filling up the DagBag from /home/airflow/.local/lib/python3.8/site-packages/airflow/example_dags/example_task_group_decorator.py
[2025-05-13T21:14:52.586+0000] {processor.py:840} INFO - DAG(s) 'example_task_group_decorator' retrieved from /home/airflow/.local/lib/python3.8/site-packages/airflow/example_dags/example_task_group_decorator.py
[2025-05-13T21:14:52.646+0000] {logging_mixin.py:188} INFO - [2025-05-13T21:14:52.646+0000] {dag.py:3036} INFO - Sync 1 DAGs
[2025-05-13T21:14:52.700+0000] {logging_mixin.py:188} INFO - [2025-05-13T21:14:52.700+0000] {dag.py:3823} INFO - Setting next_dagrun for example_task_group_decorator to 2025-05-12 00:00:00+00:00, run_after=2025-05-13 00:00:00+00:00
[2025-05-13T21:14:52.964+0000] {processor.py:183} INFO - Processing /home/airflow/.local/lib/python3.8/site-packages/airflow/example_dags/example_task_group_decorator.py took 0.430 seconds
[2025-05-13T21:15:26.716+0000] {processor.py:161} INFO - Started process (PID=189) to work on /home/airflow/.local/lib/python3.8/site-packages/airflow/example_dags/example_task_group_decorator.py
[2025-05-13T21:15:26.718+0000] {processor.py:830} INFO - Processing file /home/airflow/.local/lib/python3.8/site-packages/airflow/example_dags/example_task_group_decorator.py for tasks to queue
[2025-05-13T21:15:26.720+0000] {logging_mixin.py:188} INFO - [2025-05-13T21:15:26.720+0000] {dagbag.py:538} INFO - Filling up the DagBag from /home/airflow/.local/lib/python3.8/site-packages/airflow/example_dags/example_task_group_decorator.py
[2025-05-13T21:15:26.736+0000] {processor.py:840} INFO - DAG(s) 'example_task_group_decorator' retrieved from /home/airflow/.local/lib/python3.8/site-packages/airflow/example_dags/example_task_group_decorator.py
[2025-05-13T21:15:26.771+0000] {logging_mixin.py:188} INFO - [2025-05-13T21:15:26.771+0000] {dag.py:3036} INFO - Sync 1 DAGs
[2025-05-13T21:15:26.806+0000] {logging_mixin.py:188} INFO - [2025-05-13T21:15:26.806+0000] {dag.py:3823} INFO - Setting next_dagrun for example_task_group_decorator to 2025-05-12 00:00:00+00:00, run_after=2025-05-13 00:00:00+00:00
[2025-05-13T21:15:26.986+0000] {processor.py:183} INFO - Processing /home/airflow/.local/lib/python3.8/site-packages/airflow/example_dags/example_task_group_decorator.py took 0.274 seconds
[2025-05-13T21:15:57.079+0000] {processor.py:161} INFO - Started process (PID=243) to work on /home/airflow/.local/lib/python3.8/site-packages/airflow/example_dags/example_task_group_decorator.py
[2025-05-13T21:15:57.080+0000] {processor.py:830} INFO - Processing file /home/airflow/.local/lib/python3.8/site-packages/airflow/example_dags/example_task_group_decorator.py for tasks to queue
[2025-05-13T21:15:57.084+0000] {logging_mixin.py:188} INFO - [2025-05-13T21:15:57.083+0000] {dagbag.py:538} INFO - Filling up the DagBag from /home/airflow/.local/lib/python3.8/site-packages/airflow/example_dags/example_task_group_decorator.py
[2025-05-13T21:15:57.098+0000] {processor.py:840} INFO - DAG(s) 'example_task_group_decorator' retrieved from /home/airflow/.local/lib/python3.8/site-packages/airflow/example_dags/example_task_group_decorator.py
[2025-05-13T21:15:57.135+0000] {logging_mixin.py:188} INFO - [2025-05-13T21:15:57.135+0000] {dag.py:3036} INFO - Sync 1 DAGs
[2025-05-13T21:15:57.166+0000] {logging_mixin.py:188} INFO - [2025-05-13T21:15:57.166+0000] {dag.py:3823} INFO - Setting next_dagrun for example_task_group_decorator to 2025-05-12 00:00:00+00:00, run_after=2025-05-13 00:00:00+00:00
[2025-05-13T21:15:57.198+0000] {processor.py:183} INFO - Processing /home/airflow/.local/lib/python3.8/site-packages/airflow/example_dags/example_task_group_decorator.py took 0.123 seconds
[2025-05-13T21:16:27.364+0000] {processor.py:161} INFO - Started process (PID=299) to work on /home/airflow/.local/lib/python3.8/site-packages/airflow/example_dags/example_task_group_decorator.py
[2025-05-13T21:16:27.396+0000] {processor.py:830} INFO - Processing file /home/airflow/.local/lib/python3.8/site-packages/airflow/example_dags/example_task_group_decorator.py for tasks to queue
[2025-05-13T21:16:27.399+0000] {logging_mixin.py:188} INFO - [2025-05-13T21:16:27.399+0000] {dagbag.py:538} INFO - Filling up the DagBag from /home/airflow/.local/lib/python3.8/site-packages/airflow/example_dags/example_task_group_decorator.py
[2025-05-13T21:16:27.416+0000] {processor.py:840} INFO - DAG(s) 'example_task_group_decorator' retrieved from /home/airflow/.local/lib/python3.8/site-packages/airflow/example_dags/example_task_group_decorator.py
[2025-05-13T21:16:27.452+0000] {logging_mixin.py:188} INFO - [2025-05-13T21:16:27.452+0000] {dag.py:3036} INFO - Sync 1 DAGs
[2025-05-13T21:16:27.480+0000] {logging_mixin.py:188} INFO - [2025-05-13T21:16:27.480+0000] {dag.py:3823} INFO - Setting next_dagrun for example_task_group_decorator to 2025-05-12 00:00:00+00:00, run_after=2025-05-13 00:00:00+00:00
[2025-05-13T21:16:27.523+0000] {processor.py:183} INFO - Processing /home/airflow/.local/lib/python3.8/site-packages/airflow/example_dags/example_task_group_decorator.py took 0.165 seconds
[2025-05-13T21:16:57.742+0000] {processor.py:161} INFO - Started process (PID=355) to work on /home/airflow/.local/lib/python3.8/site-packages/airflow/example_dags/example_task_group_decorator.py
[2025-05-13T21:16:57.743+0000] {processor.py:830} INFO - Processing file /home/airflow/.local/lib/python3.8/site-packages/airflow/example_dags/example_task_group_decorator.py for tasks to queue
[2025-05-13T21:16:57.745+0000] {logging_mixin.py:188} INFO - [2025-05-13T21:16:57.744+0000] {dagbag.py:538} INFO - Filling up the DagBag from /home/airflow/.local/lib/python3.8/site-packages/airflow/example_dags/example_task_group_decorator.py
[2025-05-13T21:16:57.761+0000] {processor.py:840} INFO - DAG(s) 'example_task_group_decorator' retrieved from /home/airflow/.local/lib/python3.8/site-packages/airflow/example_dags/example_task_group_decorator.py
[2025-05-13T21:16:57.791+0000] {logging_mixin.py:188} INFO - [2025-05-13T21:16:57.791+0000] {dag.py:3036} INFO - Sync 1 DAGs
[2025-05-13T21:16:57.817+0000] {logging_mixin.py:188} INFO - [2025-05-13T21:16:57.816+0000] {dag.py:3823} INFO - Setting next_dagrun for example_task_group_decorator to 2025-05-12 00:00:00+00:00, run_after=2025-05-13 00:00:00+00:00
[2025-05-13T21:16:57.840+0000] {processor.py:183} INFO - Processing /home/airflow/.local/lib/python3.8/site-packages/airflow/example_dags/example_task_group_decorator.py took 0.101 seconds
[2025-05-13T21:17:28.196+0000] {processor.py:161} INFO - Started process (PID=411) to work on /home/airflow/.local/lib/python3.8/site-packages/airflow/example_dags/example_task_group_decorator.py
[2025-05-13T21:17:28.197+0000] {processor.py:830} INFO - Processing file /home/airflow/.local/lib/python3.8/site-packages/airflow/example_dags/example_task_group_decorator.py for tasks to queue
[2025-05-13T21:17:28.199+0000] {logging_mixin.py:188} INFO - [2025-05-13T21:17:28.199+0000] {dagbag.py:538} INFO - Filling up the DagBag from /home/airflow/.local/lib/python3.8/site-packages/airflow/example_dags/example_task_group_decorator.py
[2025-05-13T21:17:28.216+0000] {processor.py:840} INFO - DAG(s) 'example_task_group_decorator' retrieved from /home/airflow/.local/lib/python3.8/site-packages/airflow/example_dags/example_task_group_decorator.py
[2025-05-13T21:17:28.250+0000] {logging_mixin.py:188} INFO - [2025-05-13T21:17:28.249+0000] {dag.py:3036} INFO - Sync 1 DAGs
[2025-05-13T21:17:28.288+0000] {logging_mixin.py:188} INFO - [2025-05-13T21:17:28.288+0000] {dag.py:3823} INFO - Setting next_dagrun for example_task_group_decorator to 2025-05-12 00:00:00+00:00, run_after=2025-05-13 00:00:00+00:00
[2025-05-13T21:17:28.359+0000] {processor.py:183} INFO - Processing /home/airflow/.local/lib/python3.8/site-packages/airflow/example_dags/example_task_group_decorator.py took 0.167 seconds
[2025-05-13T21:17:58.762+0000] {processor.py:161} INFO - Started process (PID=467) to work on /home/airflow/.local/lib/python3.8/site-packages/airflow/example_dags/example_task_group_decorator.py
[2025-05-13T21:17:58.764+0000] {processor.py:830} INFO - Processing file /home/airflow/.local/lib/python3.8/site-packages/airflow/example_dags/example_task_group_decorator.py for tasks to queue
[2025-05-13T21:17:58.767+0000] {logging_mixin.py:188} INFO - [2025-05-13T21:17:58.767+0000] {dagbag.py:538} INFO - Filling up the DagBag from /home/airflow/.local/lib/python3.8/site-packages/airflow/example_dags/example_task_group_decorator.py
[2025-05-13T21:17:58.786+0000] {processor.py:840} INFO - DAG(s) 'example_task_group_decorator' retrieved from /home/airflow/.local/lib/python3.8/site-packages/airflow/example_dags/example_task_group_decorator.py
[2025-05-13T21:17:58.823+0000] {logging_mixin.py:188} INFO - [2025-05-13T21:17:58.822+0000] {dag.py:3036} INFO - Sync 1 DAGs
[2025-05-13T21:17:58.855+0000] {logging_mixin.py:188} INFO - [2025-05-13T21:17:58.854+0000] {dag.py:3823} INFO - Setting next_dagrun for example_task_group_decorator to 2025-05-12 00:00:00+00:00, run_after=2025-05-13 00:00:00+00:00
[2025-05-13T21:17:58.891+0000] {processor.py:183} INFO - Processing /home/airflow/.local/lib/python3.8/site-packages/airflow/example_dags/example_task_group_decorator.py took 0.133 seconds
[2025-05-13T21:18:29.546+0000] {processor.py:161} INFO - Started process (PID=523) to work on /home/airflow/.local/lib/python3.8/site-packages/airflow/example_dags/example_task_group_decorator.py
[2025-05-13T21:18:29.548+0000] {processor.py:830} INFO - Processing file /home/airflow/.local/lib/python3.8/site-packages/airflow/example_dags/example_task_group_decorator.py for tasks to queue
[2025-05-13T21:18:29.551+0000] {logging_mixin.py:188} INFO - [2025-05-13T21:18:29.550+0000] {dagbag.py:538} INFO - Filling up the DagBag from /home/airflow/.local/lib/python3.8/site-packages/airflow/example_dags/example_task_group_decorator.py
[2025-05-13T21:18:29.571+0000] {processor.py:840} INFO - DAG(s) 'example_task_group_decorator' retrieved from /home/airflow/.local/lib/python3.8/site-packages/airflow/example_dags/example_task_group_decorator.py
[2025-05-13T21:18:29.607+0000] {logging_mixin.py:188} INFO - [2025-05-13T21:18:29.607+0000] {dag.py:3036} INFO - Sync 1 DAGs
[2025-05-13T21:18:29.642+0000] {logging_mixin.py:188} INFO - [2025-05-13T21:18:29.642+0000] {dag.py:3823} INFO - Setting next_dagrun for example_task_group_decorator to 2025-05-12 00:00:00+00:00, run_after=2025-05-13 00:00:00+00:00
[2025-05-13T21:18:29.689+0000] {processor.py:183} INFO - Processing /home/airflow/.local/lib/python3.8/site-packages/airflow/example_dags/example_task_group_decorator.py took 0.147 seconds
[2025-05-13T21:18:59.733+0000] {processor.py:161} INFO - Started process (PID=577) to work on /home/airflow/.local/lib/python3.8/site-packages/airflow/example_dags/example_task_group_decorator.py
[2025-05-13T21:18:59.735+0000] {processor.py:830} INFO - Processing file /home/airflow/.local/lib/python3.8/site-packages/airflow/example_dags/example_task_group_decorator.py for tasks to queue
[2025-05-13T21:18:59.738+0000] {logging_mixin.py:188} INFO - [2025-05-13T21:18:59.738+0000] {dagbag.py:538} INFO - Filling up the DagBag from /home/airflow/.local/lib/python3.8/site-packages/airflow/example_dags/example_task_group_decorator.py
[2025-05-13T21:18:59.757+0000] {processor.py:840} INFO - DAG(s) 'example_task_group_decorator' retrieved from /home/airflow/.local/lib/python3.8/site-packages/airflow/example_dags/example_task_group_decorator.py
[2025-05-13T21:18:59.799+0000] {logging_mixin.py:188} INFO - [2025-05-13T21:18:59.798+0000] {dag.py:3036} INFO - Sync 1 DAGs
[2025-05-13T21:18:59.848+0000] {logging_mixin.py:188} INFO - [2025-05-13T21:18:59.847+0000] {dag.py:3823} INFO - Setting next_dagrun for example_task_group_decorator to 2025-05-12 00:00:00+00:00, run_after=2025-05-13 00:00:00+00:00
[2025-05-13T21:18:59.908+0000] {processor.py:183} INFO - Processing /home/airflow/.local/lib/python3.8/site-packages/airflow/example_dags/example_task_group_decorator.py took 0.179 seconds
[2025-05-13T21:19:30.629+0000] {processor.py:161} INFO - Started process (PID=635) to work on /home/airflow/.local/lib/python3.8/site-packages/airflow/example_dags/example_task_group_decorator.py
[2025-05-13T21:19:30.630+0000] {processor.py:830} INFO - Processing file /home/airflow/.local/lib/python3.8/site-packages/airflow/example_dags/example_task_group_decorator.py for tasks to queue
[2025-05-13T21:19:30.633+0000] {logging_mixin.py:188} INFO - [2025-05-13T21:19:30.633+0000] {dagbag.py:538} INFO - Filling up the DagBag from /home/airflow/.local/lib/python3.8/site-packages/airflow/example_dags/example_task_group_decorator.py
[2025-05-13T21:19:30.650+0000] {processor.py:840} INFO - DAG(s) 'example_task_group_decorator' retrieved from /home/airflow/.local/lib/python3.8/site-packages/airflow/example_dags/example_task_group_decorator.py
[2025-05-13T21:19:30.685+0000] {logging_mixin.py:188} INFO - [2025-05-13T21:19:30.684+0000] {dag.py:3036} INFO - Sync 1 DAGs
[2025-05-13T21:19:30.716+0000] {logging_mixin.py:188} INFO - [2025-05-13T21:19:30.716+0000] {dag.py:3823} INFO - Setting next_dagrun for example_task_group_decorator to 2025-05-12 00:00:00+00:00, run_after=2025-05-13 00:00:00+00:00
[2025-05-13T21:19:30.750+0000] {processor.py:183} INFO - Processing /home/airflow/.local/lib/python3.8/site-packages/airflow/example_dags/example_task_group_decorator.py took 0.125 seconds
[2025-05-13T21:57:54.538+0000] {processor.py:161} INFO - Started process (PID=662) to work on /home/airflow/.local/lib/python3.8/site-packages/airflow/example_dags/example_task_group_decorator.py
[2025-05-13T21:57:54.552+0000] {processor.py:830} INFO - Processing file /home/airflow/.local/lib/python3.8/site-packages/airflow/example_dags/example_task_group_decorator.py for tasks to queue
[2025-05-13T21:57:54.573+0000] {logging_mixin.py:188} INFO - [2025-05-13T21:57:54.561+0000] {dagbag.py:538} INFO - Filling up the DagBag from /home/airflow/.local/lib/python3.8/site-packages/airflow/example_dags/example_task_group_decorator.py
[2025-05-13T21:57:54.726+0000] {processor.py:840} INFO - DAG(s) 'example_task_group_decorator' retrieved from /home/airflow/.local/lib/python3.8/site-packages/airflow/example_dags/example_task_group_decorator.py
[2025-05-13T21:57:55.086+0000] {logging_mixin.py:188} INFO - [2025-05-13T21:57:55.085+0000] {dag.py:3036} INFO - Sync 1 DAGs
[2025-05-13T21:57:55.461+0000] {logging_mixin.py:188} INFO - [2025-05-13T21:57:55.460+0000] {dag.py:3823} INFO - Setting next_dagrun for example_task_group_decorator to 2025-05-12 00:00:00+00:00, run_after=2025-05-13 00:00:00+00:00
[2025-05-13T21:57:55.958+0000] {processor.py:183} INFO - Processing /home/airflow/.local/lib/python3.8/site-packages/airflow/example_dags/example_task_group_decorator.py took 1.422 seconds
[2025-05-13T21:58:26.241+0000] {processor.py:161} INFO - Started process (PID=718) to work on /home/airflow/.local/lib/python3.8/site-packages/airflow/example_dags/example_task_group_decorator.py
[2025-05-13T21:58:26.251+0000] {processor.py:830} INFO - Processing file /home/airflow/.local/lib/python3.8/site-packages/airflow/example_dags/example_task_group_decorator.py for tasks to queue
[2025-05-13T21:58:26.269+0000] {logging_mixin.py:188} INFO - [2025-05-13T21:58:26.267+0000] {dagbag.py:538} INFO - Filling up the DagBag from /home/airflow/.local/lib/python3.8/site-packages/airflow/example_dags/example_task_group_decorator.py
[2025-05-13T21:58:26.574+0000] {processor.py:840} INFO - DAG(s) 'example_task_group_decorator' retrieved from /home/airflow/.local/lib/python3.8/site-packages/airflow/example_dags/example_task_group_decorator.py
[2025-05-13T21:58:26.801+0000] {logging_mixin.py:188} INFO - [2025-05-13T21:58:26.798+0000] {dag.py:3036} INFO - Sync 1 DAGs
[2025-05-13T21:58:26.919+0000] {logging_mixin.py:188} INFO - [2025-05-13T21:58:26.918+0000] {dag.py:3823} INFO - Setting next_dagrun for example_task_group_decorator to 2025-05-12 00:00:00+00:00, run_after=2025-05-13 00:00:00+00:00
[2025-05-13T21:58:26.977+0000] {processor.py:183} INFO - Processing /home/airflow/.local/lib/python3.8/site-packages/airflow/example_dags/example_task_group_decorator.py took 0.746 seconds
[2025-05-13T21:58:57.387+0000] {processor.py:161} INFO - Started process (PID=775) to work on /home/airflow/.local/lib/python3.8/site-packages/airflow/example_dags/example_task_group_decorator.py
[2025-05-13T21:58:57.389+0000] {processor.py:830} INFO - Processing file /home/airflow/.local/lib/python3.8/site-packages/airflow/example_dags/example_task_group_decorator.py for tasks to queue
[2025-05-13T21:58:57.392+0000] {logging_mixin.py:188} INFO - [2025-05-13T21:58:57.391+0000] {dagbag.py:538} INFO - Filling up the DagBag from /home/airflow/.local/lib/python3.8/site-packages/airflow/example_dags/example_task_group_decorator.py
[2025-05-13T21:58:57.410+0000] {processor.py:840} INFO - DAG(s) 'example_task_group_decorator' retrieved from /home/airflow/.local/lib/python3.8/site-packages/airflow/example_dags/example_task_group_decorator.py
[2025-05-13T21:58:57.449+0000] {logging_mixin.py:188} INFO - [2025-05-13T21:58:57.449+0000] {dag.py:3036} INFO - Sync 1 DAGs
[2025-05-13T21:58:57.482+0000] {logging_mixin.py:188} INFO - [2025-05-13T21:58:57.481+0000] {dag.py:3823} INFO - Setting next_dagrun for example_task_group_decorator to 2025-05-12 00:00:00+00:00, run_after=2025-05-13 00:00:00+00:00
[2025-05-13T21:58:57.513+0000] {processor.py:183} INFO - Processing /home/airflow/.local/lib/python3.8/site-packages/airflow/example_dags/example_task_group_decorator.py took 0.130 seconds
[2025-05-13T21:59:28.246+0000] {processor.py:161} INFO - Started process (PID=831) to work on /home/airflow/.local/lib/python3.8/site-packages/airflow/example_dags/example_task_group_decorator.py
[2025-05-13T21:59:28.250+0000] {processor.py:830} INFO - Processing file /home/airflow/.local/lib/python3.8/site-packages/airflow/example_dags/example_task_group_decorator.py for tasks to queue
[2025-05-13T21:59:28.252+0000] {logging_mixin.py:188} INFO - [2025-05-13T21:59:28.252+0000] {dagbag.py:538} INFO - Filling up the DagBag from /home/airflow/.local/lib/python3.8/site-packages/airflow/example_dags/example_task_group_decorator.py
[2025-05-13T21:59:28.270+0000] {processor.py:840} INFO - DAG(s) 'example_task_group_decorator' retrieved from /home/airflow/.local/lib/python3.8/site-packages/airflow/example_dags/example_task_group_decorator.py
[2025-05-13T21:59:28.304+0000] {logging_mixin.py:188} INFO - [2025-05-13T21:59:28.303+0000] {dag.py:3036} INFO - Sync 1 DAGs
[2025-05-13T21:59:28.340+0000] {logging_mixin.py:188} INFO - [2025-05-13T21:59:28.339+0000] {dag.py:3823} INFO - Setting next_dagrun for example_task_group_decorator to 2025-05-12 00:00:00+00:00, run_after=2025-05-13 00:00:00+00:00
[2025-05-13T21:59:28.380+0000] {processor.py:183} INFO - Processing /home/airflow/.local/lib/python3.8/site-packages/airflow/example_dags/example_task_group_decorator.py took 0.138 seconds
