[2025-05-13T21:09:11.823+0000] {processor.py:161} INFO - Started process (PID=78) to work on /home/airflow/.local/lib/python3.8/site-packages/airflow/example_dags/example_time_delta_sensor_async.py
[2025-05-13T21:09:11.824+0000] {processor.py:830} INFO - Processing file /home/airflow/.local/lib/python3.8/site-packages/airflow/example_dags/example_time_delta_sensor_async.py for tasks to queue
[2025-05-13T21:09:11.827+0000] {logging_mixin.py:188} INFO - [2025-05-13T21:09:11.826+0000] {dagbag.py:538} INFO - Filling up the DagBag from /home/airflow/.local/lib/python3.8/site-packages/airflow/example_dags/example_time_delta_sensor_async.py
[2025-05-13T21:09:11.840+0000] {processor.py:840} INFO - DAG(s) 'example_time_delta_sensor_async' retrieved from /home/airflow/.local/lib/python3.8/site-packages/airflow/example_dags/example_time_delta_sensor_async.py
[2025-05-13T21:09:15.419+0000] {logging_mixin.py:188} INFO - [2025-05-13T21:09:15.410+0000] {dag.py:3036} INFO - Sync 1 DAGs
[2025-05-13T21:09:15.439+0000] {logging_mixin.py:188} INFO - [2025-05-13T21:09:15.439+0000] {dag.py:3823} INFO - Setting next_dagrun for example_time_delta_sensor_async to None, run_after=None
[2025-05-13T21:09:15.485+0000] {processor.py:183} INFO - Processing /home/airflow/.local/lib/python3.8/site-packages/airflow/example_dags/example_time_delta_sensor_async.py took 3.666 seconds
[2025-05-13T21:10:00.515+0000] {processor.py:161} INFO - Started process (PID=134) to work on /home/airflow/.local/lib/python3.8/site-packages/airflow/example_dags/example_time_delta_sensor_async.py
[2025-05-13T21:10:00.517+0000] {processor.py:830} INFO - Processing file /home/airflow/.local/lib/python3.8/site-packages/airflow/example_dags/example_time_delta_sensor_async.py for tasks to queue
[2025-05-13T21:10:00.520+0000] {logging_mixin.py:188} INFO - [2025-05-13T21:10:00.519+0000] {dagbag.py:538} INFO - Filling up the DagBag from /home/airflow/.local/lib/python3.8/site-packages/airflow/example_dags/example_time_delta_sensor_async.py
[2025-05-13T21:10:00.527+0000] {processor.py:840} INFO - DAG(s) 'example_time_delta_sensor_async' retrieved from /home/airflow/.local/lib/python3.8/site-packages/airflow/example_dags/example_time_delta_sensor_async.py
[2025-05-13T21:10:00.558+0000] {logging_mixin.py:188} INFO - [2025-05-13T21:10:00.558+0000] {dag.py:3036} INFO - Sync 1 DAGs
[2025-05-13T21:10:00.579+0000] {logging_mixin.py:188} INFO - [2025-05-13T21:10:00.579+0000] {dag.py:3823} INFO - Setting next_dagrun for example_time_delta_sensor_async to None, run_after=None
[2025-05-13T21:10:00.617+0000] {processor.py:183} INFO - Processing /home/airflow/.local/lib/python3.8/site-packages/airflow/example_dags/example_time_delta_sensor_async.py took 0.106 seconds
[2025-05-13T21:11:58.334+0000] {processor.py:161} INFO - Started process (PID=168) to work on /home/airflow/.local/lib/python3.8/site-packages/airflow/example_dags/example_time_delta_sensor_async.py
[2025-05-13T21:11:58.337+0000] {processor.py:830} INFO - Processing file /home/airflow/.local/lib/python3.8/site-packages/airflow/example_dags/example_time_delta_sensor_async.py for tasks to queue
[2025-05-13T21:11:58.339+0000] {logging_mixin.py:188} INFO - [2025-05-13T21:11:58.338+0000] {dagbag.py:538} INFO - Filling up the DagBag from /home/airflow/.local/lib/python3.8/site-packages/airflow/example_dags/example_time_delta_sensor_async.py
[2025-05-13T21:11:58.350+0000] {processor.py:840} INFO - DAG(s) 'example_time_delta_sensor_async' retrieved from /home/airflow/.local/lib/python3.8/site-packages/airflow/example_dags/example_time_delta_sensor_async.py
[2025-05-13T21:11:58.435+0000] {logging_mixin.py:188} INFO - [2025-05-13T21:11:58.434+0000] {dag.py:3036} INFO - Sync 1 DAGs
[2025-05-13T21:11:58.462+0000] {logging_mixin.py:188} INFO - [2025-05-13T21:11:58.462+0000] {dag.py:3823} INFO - Setting next_dagrun for example_time_delta_sensor_async to None, run_after=None
[2025-05-13T21:11:58.535+0000] {processor.py:183} INFO - Processing /home/airflow/.local/lib/python3.8/site-packages/airflow/example_dags/example_time_delta_sensor_async.py took 0.208 seconds
[2025-05-13T21:14:24.330+0000] {processor.py:161} INFO - Started process (PID=81) to work on /home/airflow/.local/lib/python3.8/site-packages/airflow/example_dags/example_time_delta_sensor_async.py
[2025-05-13T21:14:24.332+0000] {processor.py:830} INFO - Processing file /home/airflow/.local/lib/python3.8/site-packages/airflow/example_dags/example_time_delta_sensor_async.py for tasks to queue
[2025-05-13T21:14:24.336+0000] {logging_mixin.py:188} INFO - [2025-05-13T21:14:24.336+0000] {dagbag.py:538} INFO - Filling up the DagBag from /home/airflow/.local/lib/python3.8/site-packages/airflow/example_dags/example_time_delta_sensor_async.py
[2025-05-13T21:14:24.424+0000] {processor.py:840} INFO - DAG(s) 'example_time_delta_sensor_async' retrieved from /home/airflow/.local/lib/python3.8/site-packages/airflow/example_dags/example_time_delta_sensor_async.py
[2025-05-13T21:14:25.432+0000] {logging_mixin.py:188} INFO - [2025-05-13T21:14:25.431+0000] {dag.py:3036} INFO - Sync 1 DAGs
[2025-05-13T21:14:25.532+0000] {logging_mixin.py:188} INFO - [2025-05-13T21:14:25.531+0000] {dag.py:3823} INFO - Setting next_dagrun for example_time_delta_sensor_async to None, run_after=None
[2025-05-13T21:14:25.609+0000] {processor.py:183} INFO - Processing /home/airflow/.local/lib/python3.8/site-packages/airflow/example_dags/example_time_delta_sensor_async.py took 1.293 seconds
[2025-05-13T21:14:55.781+0000] {processor.py:161} INFO - Started process (PID=137) to work on /home/airflow/.local/lib/python3.8/site-packages/airflow/example_dags/example_time_delta_sensor_async.py
[2025-05-13T21:14:55.782+0000] {processor.py:830} INFO - Processing file /home/airflow/.local/lib/python3.8/site-packages/airflow/example_dags/example_time_delta_sensor_async.py for tasks to queue
[2025-05-13T21:14:55.784+0000] {logging_mixin.py:188} INFO - [2025-05-13T21:14:55.784+0000] {dagbag.py:538} INFO - Filling up the DagBag from /home/airflow/.local/lib/python3.8/site-packages/airflow/example_dags/example_time_delta_sensor_async.py
[2025-05-13T21:14:55.789+0000] {processor.py:840} INFO - DAG(s) 'example_time_delta_sensor_async' retrieved from /home/airflow/.local/lib/python3.8/site-packages/airflow/example_dags/example_time_delta_sensor_async.py
[2025-05-13T21:14:55.817+0000] {logging_mixin.py:188} INFO - [2025-05-13T21:14:55.816+0000] {dag.py:3036} INFO - Sync 1 DAGs
[2025-05-13T21:14:55.833+0000] {logging_mixin.py:188} INFO - [2025-05-13T21:14:55.833+0000] {dag.py:3823} INFO - Setting next_dagrun for example_time_delta_sensor_async to None, run_after=None
[2025-05-13T21:14:55.858+0000] {processor.py:183} INFO - Processing /home/airflow/.local/lib/python3.8/site-packages/airflow/example_dags/example_time_delta_sensor_async.py took 0.080 seconds
[2025-05-13T21:15:27.462+0000] {processor.py:161} INFO - Started process (PID=193) to work on /home/airflow/.local/lib/python3.8/site-packages/airflow/example_dags/example_time_delta_sensor_async.py
[2025-05-13T21:15:27.463+0000] {processor.py:830} INFO - Processing file /home/airflow/.local/lib/python3.8/site-packages/airflow/example_dags/example_time_delta_sensor_async.py for tasks to queue
[2025-05-13T21:15:27.466+0000] {logging_mixin.py:188} INFO - [2025-05-13T21:15:27.465+0000] {dagbag.py:538} INFO - Filling up the DagBag from /home/airflow/.local/lib/python3.8/site-packages/airflow/example_dags/example_time_delta_sensor_async.py
[2025-05-13T21:15:27.471+0000] {processor.py:840} INFO - DAG(s) 'example_time_delta_sensor_async' retrieved from /home/airflow/.local/lib/python3.8/site-packages/airflow/example_dags/example_time_delta_sensor_async.py
[2025-05-13T21:15:27.522+0000] {logging_mixin.py:188} INFO - [2025-05-13T21:15:27.521+0000] {dag.py:3036} INFO - Sync 1 DAGs
[2025-05-13T21:15:27.556+0000] {logging_mixin.py:188} INFO - [2025-05-13T21:15:27.556+0000] {dag.py:3823} INFO - Setting next_dagrun for example_time_delta_sensor_async to None, run_after=None
[2025-05-13T21:15:28.201+0000] {processor.py:183} INFO - Processing /home/airflow/.local/lib/python3.8/site-packages/airflow/example_dags/example_time_delta_sensor_async.py took 0.743 seconds
[2025-05-13T21:15:58.321+0000] {processor.py:161} INFO - Started process (PID=249) to work on /home/airflow/.local/lib/python3.8/site-packages/airflow/example_dags/example_time_delta_sensor_async.py
[2025-05-13T21:15:58.324+0000] {processor.py:830} INFO - Processing file /home/airflow/.local/lib/python3.8/site-packages/airflow/example_dags/example_time_delta_sensor_async.py for tasks to queue
[2025-05-13T21:15:58.326+0000] {logging_mixin.py:188} INFO - [2025-05-13T21:15:58.325+0000] {dagbag.py:538} INFO - Filling up the DagBag from /home/airflow/.local/lib/python3.8/site-packages/airflow/example_dags/example_time_delta_sensor_async.py
[2025-05-13T21:15:58.330+0000] {processor.py:840} INFO - DAG(s) 'example_time_delta_sensor_async' retrieved from /home/airflow/.local/lib/python3.8/site-packages/airflow/example_dags/example_time_delta_sensor_async.py
[2025-05-13T21:15:58.355+0000] {logging_mixin.py:188} INFO - [2025-05-13T21:15:58.355+0000] {dag.py:3036} INFO - Sync 1 DAGs
[2025-05-13T21:15:58.371+0000] {logging_mixin.py:188} INFO - [2025-05-13T21:15:58.370+0000] {dag.py:3823} INFO - Setting next_dagrun for example_time_delta_sensor_async to None, run_after=None
[2025-05-13T21:15:58.397+0000] {processor.py:183} INFO - Processing /home/airflow/.local/lib/python3.8/site-packages/airflow/example_dags/example_time_delta_sensor_async.py took 0.080 seconds
[2025-05-13T21:16:28.975+0000] {processor.py:161} INFO - Started process (PID=303) to work on /home/airflow/.local/lib/python3.8/site-packages/airflow/example_dags/example_time_delta_sensor_async.py
[2025-05-13T21:16:28.977+0000] {processor.py:830} INFO - Processing file /home/airflow/.local/lib/python3.8/site-packages/airflow/example_dags/example_time_delta_sensor_async.py for tasks to queue
[2025-05-13T21:16:28.979+0000] {logging_mixin.py:188} INFO - [2025-05-13T21:16:28.978+0000] {dagbag.py:538} INFO - Filling up the DagBag from /home/airflow/.local/lib/python3.8/site-packages/airflow/example_dags/example_time_delta_sensor_async.py
[2025-05-13T21:16:28.984+0000] {processor.py:840} INFO - DAG(s) 'example_time_delta_sensor_async' retrieved from /home/airflow/.local/lib/python3.8/site-packages/airflow/example_dags/example_time_delta_sensor_async.py
[2025-05-13T21:16:29.016+0000] {logging_mixin.py:188} INFO - [2025-05-13T21:16:29.016+0000] {dag.py:3036} INFO - Sync 1 DAGs
[2025-05-13T21:16:29.034+0000] {logging_mixin.py:188} INFO - [2025-05-13T21:16:29.033+0000] {dag.py:3823} INFO - Setting next_dagrun for example_time_delta_sensor_async to None, run_after=None
[2025-05-13T21:16:29.064+0000] {processor.py:183} INFO - Processing /home/airflow/.local/lib/python3.8/site-packages/airflow/example_dags/example_time_delta_sensor_async.py took 0.092 seconds
[2025-05-13T21:16:59.324+0000] {processor.py:161} INFO - Started process (PID=359) to work on /home/airflow/.local/lib/python3.8/site-packages/airflow/example_dags/example_time_delta_sensor_async.py
[2025-05-13T21:16:59.326+0000] {processor.py:830} INFO - Processing file /home/airflow/.local/lib/python3.8/site-packages/airflow/example_dags/example_time_delta_sensor_async.py for tasks to queue
[2025-05-13T21:16:59.329+0000] {logging_mixin.py:188} INFO - [2025-05-13T21:16:59.328+0000] {dagbag.py:538} INFO - Filling up the DagBag from /home/airflow/.local/lib/python3.8/site-packages/airflow/example_dags/example_time_delta_sensor_async.py
[2025-05-13T21:16:59.334+0000] {processor.py:840} INFO - DAG(s) 'example_time_delta_sensor_async' retrieved from /home/airflow/.local/lib/python3.8/site-packages/airflow/example_dags/example_time_delta_sensor_async.py
[2025-05-13T21:16:59.365+0000] {logging_mixin.py:188} INFO - [2025-05-13T21:16:59.364+0000] {dag.py:3036} INFO - Sync 1 DAGs
[2025-05-13T21:16:59.388+0000] {logging_mixin.py:188} INFO - [2025-05-13T21:16:59.387+0000] {dag.py:3823} INFO - Setting next_dagrun for example_time_delta_sensor_async to None, run_after=None
[2025-05-13T21:16:59.426+0000] {processor.py:183} INFO - Processing /home/airflow/.local/lib/python3.8/site-packages/airflow/example_dags/example_time_delta_sensor_async.py took 0.104 seconds
[2025-05-13T21:17:29.562+0000] {processor.py:161} INFO - Started process (PID=414) to work on /home/airflow/.local/lib/python3.8/site-packages/airflow/example_dags/example_time_delta_sensor_async.py
[2025-05-13T21:17:29.564+0000] {processor.py:830} INFO - Processing file /home/airflow/.local/lib/python3.8/site-packages/airflow/example_dags/example_time_delta_sensor_async.py for tasks to queue
[2025-05-13T21:17:29.566+0000] {logging_mixin.py:188} INFO - [2025-05-13T21:17:29.565+0000] {dagbag.py:538} INFO - Filling up the DagBag from /home/airflow/.local/lib/python3.8/site-packages/airflow/example_dags/example_time_delta_sensor_async.py
[2025-05-13T21:17:29.570+0000] {processor.py:840} INFO - DAG(s) 'example_time_delta_sensor_async' retrieved from /home/airflow/.local/lib/python3.8/site-packages/airflow/example_dags/example_time_delta_sensor_async.py
[2025-05-13T21:17:29.600+0000] {logging_mixin.py:188} INFO - [2025-05-13T21:17:29.599+0000] {dag.py:3036} INFO - Sync 1 DAGs
[2025-05-13T21:17:29.635+0000] {logging_mixin.py:188} INFO - [2025-05-13T21:17:29.634+0000] {dag.py:3823} INFO - Setting next_dagrun for example_time_delta_sensor_async to None, run_after=None
[2025-05-13T21:17:29.687+0000] {processor.py:183} INFO - Processing /home/airflow/.local/lib/python3.8/site-packages/airflow/example_dags/example_time_delta_sensor_async.py took 0.128 seconds
[2025-05-13T21:18:00.094+0000] {processor.py:161} INFO - Started process (PID=470) to work on /home/airflow/.local/lib/python3.8/site-packages/airflow/example_dags/example_time_delta_sensor_async.py
[2025-05-13T21:18:00.095+0000] {processor.py:830} INFO - Processing file /home/airflow/.local/lib/python3.8/site-packages/airflow/example_dags/example_time_delta_sensor_async.py for tasks to queue
[2025-05-13T21:18:00.098+0000] {logging_mixin.py:188} INFO - [2025-05-13T21:18:00.098+0000] {dagbag.py:538} INFO - Filling up the DagBag from /home/airflow/.local/lib/python3.8/site-packages/airflow/example_dags/example_time_delta_sensor_async.py
[2025-05-13T21:18:00.104+0000] {processor.py:840} INFO - DAG(s) 'example_time_delta_sensor_async' retrieved from /home/airflow/.local/lib/python3.8/site-packages/airflow/example_dags/example_time_delta_sensor_async.py
[2025-05-13T21:18:00.136+0000] {logging_mixin.py:188} INFO - [2025-05-13T21:18:00.136+0000] {dag.py:3036} INFO - Sync 1 DAGs
[2025-05-13T21:18:00.152+0000] {logging_mixin.py:188} INFO - [2025-05-13T21:18:00.152+0000] {dag.py:3823} INFO - Setting next_dagrun for example_time_delta_sensor_async to None, run_after=None
[2025-05-13T21:18:00.181+0000] {processor.py:183} INFO - Processing /home/airflow/.local/lib/python3.8/site-packages/airflow/example_dags/example_time_delta_sensor_async.py took 0.091 seconds
[2025-05-13T21:18:31.060+0000] {processor.py:161} INFO - Started process (PID=527) to work on /home/airflow/.local/lib/python3.8/site-packages/airflow/example_dags/example_time_delta_sensor_async.py
[2025-05-13T21:18:31.061+0000] {processor.py:830} INFO - Processing file /home/airflow/.local/lib/python3.8/site-packages/airflow/example_dags/example_time_delta_sensor_async.py for tasks to queue
[2025-05-13T21:18:31.064+0000] {logging_mixin.py:188} INFO - [2025-05-13T21:18:31.063+0000] {dagbag.py:538} INFO - Filling up the DagBag from /home/airflow/.local/lib/python3.8/site-packages/airflow/example_dags/example_time_delta_sensor_async.py
[2025-05-13T21:18:31.068+0000] {processor.py:840} INFO - DAG(s) 'example_time_delta_sensor_async' retrieved from /home/airflow/.local/lib/python3.8/site-packages/airflow/example_dags/example_time_delta_sensor_async.py
[2025-05-13T21:18:31.089+0000] {logging_mixin.py:188} INFO - [2025-05-13T21:18:31.089+0000] {dag.py:3036} INFO - Sync 1 DAGs
[2025-05-13T21:18:31.103+0000] {logging_mixin.py:188} INFO - [2025-05-13T21:18:31.102+0000] {dag.py:3823} INFO - Setting next_dagrun for example_time_delta_sensor_async to None, run_after=None
[2025-05-13T21:18:31.127+0000] {processor.py:183} INFO - Processing /home/airflow/.local/lib/python3.8/site-packages/airflow/example_dags/example_time_delta_sensor_async.py took 0.070 seconds
[2025-05-13T21:19:01.418+0000] {processor.py:161} INFO - Started process (PID=582) to work on /home/airflow/.local/lib/python3.8/site-packages/airflow/example_dags/example_time_delta_sensor_async.py
[2025-05-13T21:19:01.419+0000] {processor.py:830} INFO - Processing file /home/airflow/.local/lib/python3.8/site-packages/airflow/example_dags/example_time_delta_sensor_async.py for tasks to queue
[2025-05-13T21:19:01.422+0000] {logging_mixin.py:188} INFO - [2025-05-13T21:19:01.422+0000] {dagbag.py:538} INFO - Filling up the DagBag from /home/airflow/.local/lib/python3.8/site-packages/airflow/example_dags/example_time_delta_sensor_async.py
[2025-05-13T21:19:01.427+0000] {processor.py:840} INFO - DAG(s) 'example_time_delta_sensor_async' retrieved from /home/airflow/.local/lib/python3.8/site-packages/airflow/example_dags/example_time_delta_sensor_async.py
[2025-05-13T21:19:01.455+0000] {logging_mixin.py:188} INFO - [2025-05-13T21:19:01.454+0000] {dag.py:3036} INFO - Sync 1 DAGs
[2025-05-13T21:19:01.470+0000] {logging_mixin.py:188} INFO - [2025-05-13T21:19:01.469+0000] {dag.py:3823} INFO - Setting next_dagrun for example_time_delta_sensor_async to None, run_after=None
[2025-05-13T21:19:01.500+0000] {processor.py:183} INFO - Processing /home/airflow/.local/lib/python3.8/site-packages/airflow/example_dags/example_time_delta_sensor_async.py took 0.086 seconds
[2025-05-13T21:19:32.266+0000] {processor.py:161} INFO - Started process (PID=639) to work on /home/airflow/.local/lib/python3.8/site-packages/airflow/example_dags/example_time_delta_sensor_async.py
[2025-05-13T21:19:32.268+0000] {processor.py:830} INFO - Processing file /home/airflow/.local/lib/python3.8/site-packages/airflow/example_dags/example_time_delta_sensor_async.py for tasks to queue
[2025-05-13T21:19:32.278+0000] {logging_mixin.py:188} INFO - [2025-05-13T21:19:32.277+0000] {dagbag.py:538} INFO - Filling up the DagBag from /home/airflow/.local/lib/python3.8/site-packages/airflow/example_dags/example_time_delta_sensor_async.py
[2025-05-13T21:19:32.284+0000] {processor.py:840} INFO - DAG(s) 'example_time_delta_sensor_async' retrieved from /home/airflow/.local/lib/python3.8/site-packages/airflow/example_dags/example_time_delta_sensor_async.py
[2025-05-13T21:19:32.316+0000] {logging_mixin.py:188} INFO - [2025-05-13T21:19:32.315+0000] {dag.py:3036} INFO - Sync 1 DAGs
[2025-05-13T21:19:32.332+0000] {logging_mixin.py:188} INFO - [2025-05-13T21:19:32.332+0000] {dag.py:3823} INFO - Setting next_dagrun for example_time_delta_sensor_async to None, run_after=None
[2025-05-13T21:19:32.392+0000] {processor.py:183} INFO - Processing /home/airflow/.local/lib/python3.8/site-packages/airflow/example_dags/example_time_delta_sensor_async.py took 0.130 seconds
[2025-05-13T21:58:03.616+0000] {processor.py:161} INFO - Started process (PID=666) to work on /home/airflow/.local/lib/python3.8/site-packages/airflow/example_dags/example_time_delta_sensor_async.py
[2025-05-13T21:58:03.625+0000] {processor.py:830} INFO - Processing file /home/airflow/.local/lib/python3.8/site-packages/airflow/example_dags/example_time_delta_sensor_async.py for tasks to queue
[2025-05-13T21:58:03.666+0000] {logging_mixin.py:188} INFO - [2025-05-13T21:58:03.656+0000] {dagbag.py:538} INFO - Filling up the DagBag from /home/airflow/.local/lib/python3.8/site-packages/airflow/example_dags/example_time_delta_sensor_async.py
[2025-05-13T21:58:03.839+0000] {processor.py:840} INFO - DAG(s) 'example_time_delta_sensor_async' retrieved from /home/airflow/.local/lib/python3.8/site-packages/airflow/example_dags/example_time_delta_sensor_async.py
[2025-05-13T21:58:04.085+0000] {logging_mixin.py:188} INFO - [2025-05-13T21:58:04.084+0000] {dag.py:3036} INFO - Sync 1 DAGs
[2025-05-13T21:58:04.161+0000] {logging_mixin.py:188} INFO - [2025-05-13T21:58:04.161+0000] {dag.py:3823} INFO - Setting next_dagrun for example_time_delta_sensor_async to None, run_after=None
[2025-05-13T21:58:04.362+0000] {processor.py:183} INFO - Processing /home/airflow/.local/lib/python3.8/site-packages/airflow/example_dags/example_time_delta_sensor_async.py took 0.793 seconds
[2025-05-13T21:58:34.918+0000] {processor.py:161} INFO - Started process (PID=722) to work on /home/airflow/.local/lib/python3.8/site-packages/airflow/example_dags/example_time_delta_sensor_async.py
[2025-05-13T21:58:34.920+0000] {processor.py:830} INFO - Processing file /home/airflow/.local/lib/python3.8/site-packages/airflow/example_dags/example_time_delta_sensor_async.py for tasks to queue
[2025-05-13T21:58:34.923+0000] {logging_mixin.py:188} INFO - [2025-05-13T21:58:34.922+0000] {dagbag.py:538} INFO - Filling up the DagBag from /home/airflow/.local/lib/python3.8/site-packages/airflow/example_dags/example_time_delta_sensor_async.py
[2025-05-13T21:58:34.930+0000] {processor.py:840} INFO - DAG(s) 'example_time_delta_sensor_async' retrieved from /home/airflow/.local/lib/python3.8/site-packages/airflow/example_dags/example_time_delta_sensor_async.py
[2025-05-13T21:58:34.967+0000] {logging_mixin.py:188} INFO - [2025-05-13T21:58:34.966+0000] {dag.py:3036} INFO - Sync 1 DAGs
[2025-05-13T21:58:34.992+0000] {logging_mixin.py:188} INFO - [2025-05-13T21:58:34.991+0000] {dag.py:3823} INFO - Setting next_dagrun for example_time_delta_sensor_async to None, run_after=None
[2025-05-13T21:58:35.042+0000] {processor.py:183} INFO - Processing /home/airflow/.local/lib/python3.8/site-packages/airflow/example_dags/example_time_delta_sensor_async.py took 0.128 seconds
[2025-05-13T21:59:05.398+0000] {processor.py:161} INFO - Started process (PID=779) to work on /home/airflow/.local/lib/python3.8/site-packages/airflow/example_dags/example_time_delta_sensor_async.py
[2025-05-13T21:59:05.404+0000] {processor.py:830} INFO - Processing file /home/airflow/.local/lib/python3.8/site-packages/airflow/example_dags/example_time_delta_sensor_async.py for tasks to queue
[2025-05-13T21:59:05.413+0000] {logging_mixin.py:188} INFO - [2025-05-13T21:59:05.412+0000] {dagbag.py:538} INFO - Filling up the DagBag from /home/airflow/.local/lib/python3.8/site-packages/airflow/example_dags/example_time_delta_sensor_async.py
[2025-05-13T21:59:05.440+0000] {processor.py:840} INFO - DAG(s) 'example_time_delta_sensor_async' retrieved from /home/airflow/.local/lib/python3.8/site-packages/airflow/example_dags/example_time_delta_sensor_async.py
[2025-05-13T21:59:05.549+0000] {logging_mixin.py:188} INFO - [2025-05-13T21:59:05.548+0000] {dag.py:3036} INFO - Sync 1 DAGs
[2025-05-13T21:59:05.604+0000] {logging_mixin.py:188} INFO - [2025-05-13T21:59:05.604+0000] {dag.py:3823} INFO - Setting next_dagrun for example_time_delta_sensor_async to None, run_after=None
[2025-05-13T21:59:05.670+0000] {processor.py:183} INFO - Processing /home/airflow/.local/lib/python3.8/site-packages/airflow/example_dags/example_time_delta_sensor_async.py took 0.296 seconds
[2025-05-13T21:59:35.770+0000] {processor.py:161} INFO - Started process (PID=835) to work on /home/airflow/.local/lib/python3.8/site-packages/airflow/example_dags/example_time_delta_sensor_async.py
[2025-05-13T21:59:35.772+0000] {processor.py:830} INFO - Processing file /home/airflow/.local/lib/python3.8/site-packages/airflow/example_dags/example_time_delta_sensor_async.py for tasks to queue
[2025-05-13T21:59:35.775+0000] {logging_mixin.py:188} INFO - [2025-05-13T21:59:35.774+0000] {dagbag.py:538} INFO - Filling up the DagBag from /home/airflow/.local/lib/python3.8/site-packages/airflow/example_dags/example_time_delta_sensor_async.py
[2025-05-13T21:59:35.782+0000] {processor.py:840} INFO - DAG(s) 'example_time_delta_sensor_async' retrieved from /home/airflow/.local/lib/python3.8/site-packages/airflow/example_dags/example_time_delta_sensor_async.py
[2025-05-13T21:59:35.821+0000] {logging_mixin.py:188} INFO - [2025-05-13T21:59:35.820+0000] {dag.py:3036} INFO - Sync 1 DAGs
[2025-05-13T21:59:35.840+0000] {logging_mixin.py:188} INFO - [2025-05-13T21:59:35.840+0000] {dag.py:3823} INFO - Setting next_dagrun for example_time_delta_sensor_async to None, run_after=None
[2025-05-13T21:59:35.876+0000] {processor.py:183} INFO - Processing /home/airflow/.local/lib/python3.8/site-packages/airflow/example_dags/example_time_delta_sensor_async.py took 0.110 seconds
