[2025-05-13T21:09:33.301+0000] {processor.py:161} INFO - Started process (PID=104) to work on /home/airflow/.local/lib/python3.8/site-packages/airflow/example_dags/example_kubernetes_executor.py
[2025-05-13T21:09:33.302+0000] {processor.py:830} INFO - Processing file /home/airflow/.local/lib/python3.8/site-packages/airflow/example_dags/example_kubernetes_executor.py for tasks to queue
[2025-05-13T21:09:33.305+0000] {logging_mixin.py:188} INFO - [2025-05-13T21:09:33.304+0000] {dagbag.py:538} INFO - Filling up the DagBag from /home/airflow/.local/lib/python3.8/site-packages/airflow/example_dags/example_kubernetes_executor.py
[2025-05-13T21:09:33.338+0000] {processor.py:840} INFO - DAG(s) 'example_kubernetes_executor' retrieved from /home/airflow/.local/lib/python3.8/site-packages/airflow/example_dags/example_kubernetes_executor.py
[2025-05-13T21:09:33.576+0000] {logging_mixin.py:188} INFO - [2025-05-13T21:09:33.575+0000] {dag.py:3036} INFO - Sync 1 DAGs
[2025-05-13T21:09:33.593+0000] {logging_mixin.py:188} INFO - [2025-05-13T21:09:33.593+0000] {dag.py:3823} INFO - Setting next_dagrun for example_kubernetes_executor to None, run_after=None
[2025-05-13T21:09:33.636+0000] {processor.py:183} INFO - Processing /home/airflow/.local/lib/python3.8/site-packages/airflow/example_dags/example_kubernetes_executor.py took 0.340 seconds
[2025-05-13T21:14:43.367+0000] {processor.py:161} INFO - Started process (PID=107) to work on /home/airflow/.local/lib/python3.8/site-packages/airflow/example_dags/example_kubernetes_executor.py
[2025-05-13T21:14:43.373+0000] {processor.py:830} INFO - Processing file /home/airflow/.local/lib/python3.8/site-packages/airflow/example_dags/example_kubernetes_executor.py for tasks to queue
[2025-05-13T21:14:43.376+0000] {logging_mixin.py:188} INFO - [2025-05-13T21:14:43.376+0000] {dagbag.py:538} INFO - Filling up the DagBag from /home/airflow/.local/lib/python3.8/site-packages/airflow/example_dags/example_kubernetes_executor.py
[2025-05-13T21:14:43.502+0000] {processor.py:840} INFO - DAG(s) 'example_kubernetes_executor' retrieved from /home/airflow/.local/lib/python3.8/site-packages/airflow/example_dags/example_kubernetes_executor.py
[2025-05-13T21:14:43.948+0000] {logging_mixin.py:188} INFO - [2025-05-13T21:14:43.948+0000] {dag.py:3036} INFO - Sync 1 DAGs
[2025-05-13T21:14:44.003+0000] {logging_mixin.py:188} INFO - [2025-05-13T21:14:44.002+0000] {dag.py:3823} INFO - Setting next_dagrun for example_kubernetes_executor to None, run_after=None
[2025-05-13T21:14:44.680+0000] {processor.py:183} INFO - Processing /home/airflow/.local/lib/python3.8/site-packages/airflow/example_dags/example_kubernetes_executor.py took 1.318 seconds
[2025-05-13T21:15:14.760+0000] {processor.py:161} INFO - Started process (PID=163) to work on /home/airflow/.local/lib/python3.8/site-packages/airflow/example_dags/example_kubernetes_executor.py
[2025-05-13T21:15:14.762+0000] {processor.py:830} INFO - Processing file /home/airflow/.local/lib/python3.8/site-packages/airflow/example_dags/example_kubernetes_executor.py for tasks to queue
[2025-05-13T21:15:14.764+0000] {logging_mixin.py:188} INFO - [2025-05-13T21:15:14.763+0000] {dagbag.py:538} INFO - Filling up the DagBag from /home/airflow/.local/lib/python3.8/site-packages/airflow/example_dags/example_kubernetes_executor.py
[2025-05-13T21:15:14.780+0000] {processor.py:840} INFO - DAG(s) 'example_kubernetes_executor' retrieved from /home/airflow/.local/lib/python3.8/site-packages/airflow/example_dags/example_kubernetes_executor.py
[2025-05-13T21:15:14.820+0000] {logging_mixin.py:188} INFO - [2025-05-13T21:15:14.820+0000] {dag.py:3036} INFO - Sync 1 DAGs
[2025-05-13T21:15:14.834+0000] {logging_mixin.py:188} INFO - [2025-05-13T21:15:14.834+0000] {dag.py:3823} INFO - Setting next_dagrun for example_kubernetes_executor to None, run_after=None
[2025-05-13T21:15:14.863+0000] {processor.py:183} INFO - Processing /home/airflow/.local/lib/python3.8/site-packages/airflow/example_dags/example_kubernetes_executor.py took 0.106 seconds
[2025-05-13T21:15:45.437+0000] {processor.py:161} INFO - Started process (PID=219) to work on /home/airflow/.local/lib/python3.8/site-packages/airflow/example_dags/example_kubernetes_executor.py
[2025-05-13T21:15:45.438+0000] {processor.py:830} INFO - Processing file /home/airflow/.local/lib/python3.8/site-packages/airflow/example_dags/example_kubernetes_executor.py for tasks to queue
[2025-05-13T21:15:45.441+0000] {logging_mixin.py:188} INFO - [2025-05-13T21:15:45.441+0000] {dagbag.py:538} INFO - Filling up the DagBag from /home/airflow/.local/lib/python3.8/site-packages/airflow/example_dags/example_kubernetes_executor.py
[2025-05-13T21:15:45.458+0000] {processor.py:840} INFO - DAG(s) 'example_kubernetes_executor' retrieved from /home/airflow/.local/lib/python3.8/site-packages/airflow/example_dags/example_kubernetes_executor.py
[2025-05-13T21:15:45.524+0000] {logging_mixin.py:188} INFO - [2025-05-13T21:15:45.523+0000] {dag.py:3036} INFO - Sync 1 DAGs
[2025-05-13T21:15:45.540+0000] {logging_mixin.py:188} INFO - [2025-05-13T21:15:45.539+0000] {dag.py:3823} INFO - Setting next_dagrun for example_kubernetes_executor to None, run_after=None
[2025-05-13T21:15:45.574+0000] {processor.py:183} INFO - Processing /home/airflow/.local/lib/python3.8/site-packages/airflow/example_dags/example_kubernetes_executor.py took 0.140 seconds
[2025-05-13T21:16:16.053+0000] {processor.py:161} INFO - Started process (PID=275) to work on /home/airflow/.local/lib/python3.8/site-packages/airflow/example_dags/example_kubernetes_executor.py
[2025-05-13T21:16:16.055+0000] {processor.py:830} INFO - Processing file /home/airflow/.local/lib/python3.8/site-packages/airflow/example_dags/example_kubernetes_executor.py for tasks to queue
[2025-05-13T21:16:16.057+0000] {logging_mixin.py:188} INFO - [2025-05-13T21:16:16.057+0000] {dagbag.py:538} INFO - Filling up the DagBag from /home/airflow/.local/lib/python3.8/site-packages/airflow/example_dags/example_kubernetes_executor.py
[2025-05-13T21:16:16.080+0000] {processor.py:840} INFO - DAG(s) 'example_kubernetes_executor' retrieved from /home/airflow/.local/lib/python3.8/site-packages/airflow/example_dags/example_kubernetes_executor.py
[2025-05-13T21:16:16.131+0000] {logging_mixin.py:188} INFO - [2025-05-13T21:16:16.131+0000] {dag.py:3036} INFO - Sync 1 DAGs
[2025-05-13T21:16:16.148+0000] {logging_mixin.py:188} INFO - [2025-05-13T21:16:16.148+0000] {dag.py:3823} INFO - Setting next_dagrun for example_kubernetes_executor to None, run_after=None
[2025-05-13T21:16:16.185+0000] {processor.py:183} INFO - Processing /home/airflow/.local/lib/python3.8/site-packages/airflow/example_dags/example_kubernetes_executor.py took 0.138 seconds
[2025-05-13T21:16:46.310+0000] {processor.py:161} INFO - Started process (PID=331) to work on /home/airflow/.local/lib/python3.8/site-packages/airflow/example_dags/example_kubernetes_executor.py
[2025-05-13T21:16:46.312+0000] {processor.py:830} INFO - Processing file /home/airflow/.local/lib/python3.8/site-packages/airflow/example_dags/example_kubernetes_executor.py for tasks to queue
[2025-05-13T21:16:46.315+0000] {logging_mixin.py:188} INFO - [2025-05-13T21:16:46.314+0000] {dagbag.py:538} INFO - Filling up the DagBag from /home/airflow/.local/lib/python3.8/site-packages/airflow/example_dags/example_kubernetes_executor.py
[2025-05-13T21:16:46.339+0000] {processor.py:840} INFO - DAG(s) 'example_kubernetes_executor' retrieved from /home/airflow/.local/lib/python3.8/site-packages/airflow/example_dags/example_kubernetes_executor.py
[2025-05-13T21:16:46.470+0000] {logging_mixin.py:188} INFO - [2025-05-13T21:16:46.470+0000] {dag.py:3036} INFO - Sync 1 DAGs
[2025-05-13T21:16:46.523+0000] {logging_mixin.py:188} INFO - [2025-05-13T21:16:46.523+0000] {dag.py:3823} INFO - Setting next_dagrun for example_kubernetes_executor to None, run_after=None
[2025-05-13T21:16:46.613+0000] {processor.py:183} INFO - Processing /home/airflow/.local/lib/python3.8/site-packages/airflow/example_dags/example_kubernetes_executor.py took 0.308 seconds
[2025-05-13T21:17:16.677+0000] {processor.py:161} INFO - Started process (PID=393) to work on /home/airflow/.local/lib/python3.8/site-packages/airflow/example_dags/example_kubernetes_executor.py
[2025-05-13T21:17:16.678+0000] {processor.py:830} INFO - Processing file /home/airflow/.local/lib/python3.8/site-packages/airflow/example_dags/example_kubernetes_executor.py for tasks to queue
[2025-05-13T21:17:16.681+0000] {logging_mixin.py:188} INFO - [2025-05-13T21:17:16.680+0000] {dagbag.py:538} INFO - Filling up the DagBag from /home/airflow/.local/lib/python3.8/site-packages/airflow/example_dags/example_kubernetes_executor.py
[2025-05-13T21:17:16.699+0000] {processor.py:840} INFO - DAG(s) 'example_kubernetes_executor' retrieved from /home/airflow/.local/lib/python3.8/site-packages/airflow/example_dags/example_kubernetes_executor.py
[2025-05-13T21:17:16.741+0000] {logging_mixin.py:188} INFO - [2025-05-13T21:17:16.741+0000] {dag.py:3036} INFO - Sync 1 DAGs
[2025-05-13T21:17:16.754+0000] {logging_mixin.py:188} INFO - [2025-05-13T21:17:16.754+0000] {dag.py:3823} INFO - Setting next_dagrun for example_kubernetes_executor to None, run_after=None
[2025-05-13T21:17:16.784+0000] {processor.py:183} INFO - Processing /home/airflow/.local/lib/python3.8/site-packages/airflow/example_dags/example_kubernetes_executor.py took 0.112 seconds
[2025-05-13T21:17:47.116+0000] {processor.py:161} INFO - Started process (PID=449) to work on /home/airflow/.local/lib/python3.8/site-packages/airflow/example_dags/example_kubernetes_executor.py
[2025-05-13T21:17:47.118+0000] {processor.py:830} INFO - Processing file /home/airflow/.local/lib/python3.8/site-packages/airflow/example_dags/example_kubernetes_executor.py for tasks to queue
[2025-05-13T21:17:47.121+0000] {logging_mixin.py:188} INFO - [2025-05-13T21:17:47.120+0000] {dagbag.py:538} INFO - Filling up the DagBag from /home/airflow/.local/lib/python3.8/site-packages/airflow/example_dags/example_kubernetes_executor.py
[2025-05-13T21:17:47.159+0000] {processor.py:840} INFO - DAG(s) 'example_kubernetes_executor' retrieved from /home/airflow/.local/lib/python3.8/site-packages/airflow/example_dags/example_kubernetes_executor.py
[2025-05-13T21:17:47.221+0000] {logging_mixin.py:188} INFO - [2025-05-13T21:17:47.221+0000] {dag.py:3036} INFO - Sync 1 DAGs
[2025-05-13T21:17:47.260+0000] {logging_mixin.py:188} INFO - [2025-05-13T21:17:47.259+0000] {dag.py:3823} INFO - Setting next_dagrun for example_kubernetes_executor to None, run_after=None
[2025-05-13T21:17:47.354+0000] {processor.py:183} INFO - Processing /home/airflow/.local/lib/python3.8/site-packages/airflow/example_dags/example_kubernetes_executor.py took 0.241 seconds
[2025-05-13T21:18:18.216+0000] {processor.py:161} INFO - Started process (PID=505) to work on /home/airflow/.local/lib/python3.8/site-packages/airflow/example_dags/example_kubernetes_executor.py
[2025-05-13T21:18:18.218+0000] {processor.py:830} INFO - Processing file /home/airflow/.local/lib/python3.8/site-packages/airflow/example_dags/example_kubernetes_executor.py for tasks to queue
[2025-05-13T21:18:18.222+0000] {logging_mixin.py:188} INFO - [2025-05-13T21:18:18.221+0000] {dagbag.py:538} INFO - Filling up the DagBag from /home/airflow/.local/lib/python3.8/site-packages/airflow/example_dags/example_kubernetes_executor.py
[2025-05-13T21:18:18.238+0000] {processor.py:840} INFO - DAG(s) 'example_kubernetes_executor' retrieved from /home/airflow/.local/lib/python3.8/site-packages/airflow/example_dags/example_kubernetes_executor.py
[2025-05-13T21:18:18.282+0000] {logging_mixin.py:188} INFO - [2025-05-13T21:18:18.282+0000] {dag.py:3036} INFO - Sync 1 DAGs
[2025-05-13T21:18:18.299+0000] {logging_mixin.py:188} INFO - [2025-05-13T21:18:18.298+0000] {dag.py:3823} INFO - Setting next_dagrun for example_kubernetes_executor to None, run_after=None
[2025-05-13T21:18:18.326+0000] {processor.py:183} INFO - Processing /home/airflow/.local/lib/python3.8/site-packages/airflow/example_dags/example_kubernetes_executor.py took 0.112 seconds
[2025-05-13T21:18:48.368+0000] {processor.py:161} INFO - Started process (PID=560) to work on /home/airflow/.local/lib/python3.8/site-packages/airflow/example_dags/example_kubernetes_executor.py
[2025-05-13T21:18:48.370+0000] {processor.py:830} INFO - Processing file /home/airflow/.local/lib/python3.8/site-packages/airflow/example_dags/example_kubernetes_executor.py for tasks to queue
[2025-05-13T21:18:48.373+0000] {logging_mixin.py:188} INFO - [2025-05-13T21:18:48.372+0000] {dagbag.py:538} INFO - Filling up the DagBag from /home/airflow/.local/lib/python3.8/site-packages/airflow/example_dags/example_kubernetes_executor.py
[2025-05-13T21:18:48.394+0000] {processor.py:840} INFO - DAG(s) 'example_kubernetes_executor' retrieved from /home/airflow/.local/lib/python3.8/site-packages/airflow/example_dags/example_kubernetes_executor.py
[2025-05-13T21:18:48.444+0000] {logging_mixin.py:188} INFO - [2025-05-13T21:18:48.443+0000] {dag.py:3036} INFO - Sync 1 DAGs
[2025-05-13T21:18:48.466+0000] {logging_mixin.py:188} INFO - [2025-05-13T21:18:48.465+0000] {dag.py:3823} INFO - Setting next_dagrun for example_kubernetes_executor to None, run_after=None
[2025-05-13T21:18:48.565+0000] {processor.py:183} INFO - Processing /home/airflow/.local/lib/python3.8/site-packages/airflow/example_dags/example_kubernetes_executor.py took 0.200 seconds
[2025-05-13T21:19:19.179+0000] {processor.py:161} INFO - Started process (PID=617) to work on /home/airflow/.local/lib/python3.8/site-packages/airflow/example_dags/example_kubernetes_executor.py
[2025-05-13T21:19:19.180+0000] {processor.py:830} INFO - Processing file /home/airflow/.local/lib/python3.8/site-packages/airflow/example_dags/example_kubernetes_executor.py for tasks to queue
[2025-05-13T21:19:19.183+0000] {logging_mixin.py:188} INFO - [2025-05-13T21:19:19.182+0000] {dagbag.py:538} INFO - Filling up the DagBag from /home/airflow/.local/lib/python3.8/site-packages/airflow/example_dags/example_kubernetes_executor.py
[2025-05-13T21:19:19.201+0000] {processor.py:840} INFO - DAG(s) 'example_kubernetes_executor' retrieved from /home/airflow/.local/lib/python3.8/site-packages/airflow/example_dags/example_kubernetes_executor.py
[2025-05-13T21:19:19.250+0000] {logging_mixin.py:188} INFO - [2025-05-13T21:19:19.249+0000] {dag.py:3036} INFO - Sync 1 DAGs
[2025-05-13T21:19:19.273+0000] {logging_mixin.py:188} INFO - [2025-05-13T21:19:19.272+0000] {dag.py:3823} INFO - Setting next_dagrun for example_kubernetes_executor to None, run_after=None
[2025-05-13T21:19:19.300+0000] {processor.py:183} INFO - Processing /home/airflow/.local/lib/python3.8/site-packages/airflow/example_dags/example_kubernetes_executor.py took 0.124 seconds
[2025-05-13T21:58:09.467+0000] {processor.py:161} INFO - Started process (PID=691) to work on /home/airflow/.local/lib/python3.8/site-packages/airflow/example_dags/example_kubernetes_executor.py
[2025-05-13T21:58:09.469+0000] {processor.py:830} INFO - Processing file /home/airflow/.local/lib/python3.8/site-packages/airflow/example_dags/example_kubernetes_executor.py for tasks to queue
[2025-05-13T21:58:09.472+0000] {logging_mixin.py:188} INFO - [2025-05-13T21:58:09.471+0000] {dagbag.py:538} INFO - Filling up the DagBag from /home/airflow/.local/lib/python3.8/site-packages/airflow/example_dags/example_kubernetes_executor.py
[2025-05-13T21:58:09.567+0000] {processor.py:840} INFO - DAG(s) 'example_kubernetes_executor' retrieved from /home/airflow/.local/lib/python3.8/site-packages/airflow/example_dags/example_kubernetes_executor.py
[2025-05-13T21:58:09.691+0000] {logging_mixin.py:188} INFO - [2025-05-13T21:58:09.691+0000] {dag.py:3036} INFO - Sync 1 DAGs
[2025-05-13T21:58:09.721+0000] {logging_mixin.py:188} INFO - [2025-05-13T21:58:09.720+0000] {dag.py:3823} INFO - Setting next_dagrun for example_kubernetes_executor to None, run_after=None
[2025-05-13T21:58:09.750+0000] {processor.py:183} INFO - Processing /home/airflow/.local/lib/python3.8/site-packages/airflow/example_dags/example_kubernetes_executor.py took 0.285 seconds
[2025-05-13T21:58:39.793+0000] {processor.py:161} INFO - Started process (PID=747) to work on /home/airflow/.local/lib/python3.8/site-packages/airflow/example_dags/example_kubernetes_executor.py
[2025-05-13T21:58:39.795+0000] {processor.py:830} INFO - Processing file /home/airflow/.local/lib/python3.8/site-packages/airflow/example_dags/example_kubernetes_executor.py for tasks to queue
[2025-05-13T21:58:39.798+0000] {logging_mixin.py:188} INFO - [2025-05-13T21:58:39.798+0000] {dagbag.py:538} INFO - Filling up the DagBag from /home/airflow/.local/lib/python3.8/site-packages/airflow/example_dags/example_kubernetes_executor.py
[2025-05-13T21:58:39.826+0000] {processor.py:840} INFO - DAG(s) 'example_kubernetes_executor' retrieved from /home/airflow/.local/lib/python3.8/site-packages/airflow/example_dags/example_kubernetes_executor.py
[2025-05-13T21:58:39.876+0000] {logging_mixin.py:188} INFO - [2025-05-13T21:58:39.875+0000] {dag.py:3036} INFO - Sync 1 DAGs
[2025-05-13T21:58:39.889+0000] {logging_mixin.py:188} INFO - [2025-05-13T21:58:39.889+0000] {dag.py:3823} INFO - Setting next_dagrun for example_kubernetes_executor to None, run_after=None
[2025-05-13T21:58:39.924+0000] {processor.py:183} INFO - Processing /home/airflow/.local/lib/python3.8/site-packages/airflow/example_dags/example_kubernetes_executor.py took 0.134 seconds
[2025-05-13T21:59:10.472+0000] {processor.py:161} INFO - Started process (PID=804) to work on /home/airflow/.local/lib/python3.8/site-packages/airflow/example_dags/example_kubernetes_executor.py
[2025-05-13T21:59:10.474+0000] {processor.py:830} INFO - Processing file /home/airflow/.local/lib/python3.8/site-packages/airflow/example_dags/example_kubernetes_executor.py for tasks to queue
[2025-05-13T21:59:10.477+0000] {logging_mixin.py:188} INFO - [2025-05-13T21:59:10.476+0000] {dagbag.py:538} INFO - Filling up the DagBag from /home/airflow/.local/lib/python3.8/site-packages/airflow/example_dags/example_kubernetes_executor.py
[2025-05-13T21:59:10.498+0000] {processor.py:840} INFO - DAG(s) 'example_kubernetes_executor' retrieved from /home/airflow/.local/lib/python3.8/site-packages/airflow/example_dags/example_kubernetes_executor.py
[2025-05-13T21:59:10.548+0000] {logging_mixin.py:188} INFO - [2025-05-13T21:59:10.547+0000] {dag.py:3036} INFO - Sync 1 DAGs
[2025-05-13T21:59:10.565+0000] {logging_mixin.py:188} INFO - [2025-05-13T21:59:10.564+0000] {dag.py:3823} INFO - Setting next_dagrun for example_kubernetes_executor to None, run_after=None
[2025-05-13T21:59:10.593+0000] {processor.py:183} INFO - Processing /home/airflow/.local/lib/python3.8/site-packages/airflow/example_dags/example_kubernetes_executor.py took 0.127 seconds
[2025-05-13T21:59:41.552+0000] {processor.py:161} INFO - Started process (PID=860) to work on /home/airflow/.local/lib/python3.8/site-packages/airflow/example_dags/example_kubernetes_executor.py
[2025-05-13T21:59:41.553+0000] {processor.py:830} INFO - Processing file /home/airflow/.local/lib/python3.8/site-packages/airflow/example_dags/example_kubernetes_executor.py for tasks to queue
[2025-05-13T21:59:41.556+0000] {logging_mixin.py:188} INFO - [2025-05-13T21:59:41.555+0000] {dagbag.py:538} INFO - Filling up the DagBag from /home/airflow/.local/lib/python3.8/site-packages/airflow/example_dags/example_kubernetes_executor.py
[2025-05-13T21:59:41.582+0000] {processor.py:840} INFO - DAG(s) 'example_kubernetes_executor' retrieved from /home/airflow/.local/lib/python3.8/site-packages/airflow/example_dags/example_kubernetes_executor.py
[2025-05-13T21:59:41.648+0000] {logging_mixin.py:188} INFO - [2025-05-13T21:59:41.648+0000] {dag.py:3036} INFO - Sync 1 DAGs
[2025-05-13T21:59:41.667+0000] {logging_mixin.py:188} INFO - [2025-05-13T21:59:41.666+0000] {dag.py:3823} INFO - Setting next_dagrun for example_kubernetes_executor to None, run_after=None
[2025-05-13T21:59:41.704+0000] {processor.py:183} INFO - Processing /home/airflow/.local/lib/python3.8/site-packages/airflow/example_dags/example_kubernetes_executor.py took 0.160 seconds
