[2025-05-13T21:09:16.229+0000] {processor.py:161} INFO - Started process (PID=81) to work on /home/airflow/.local/lib/python3.8/site-packages/airflow/example_dags/example_task_group.py
[2025-05-13T21:09:16.230+0000] {processor.py:830} INFO - Processing file /home/airflow/.local/lib/python3.8/site-packages/airflow/example_dags/example_task_group.py for tasks to queue
[2025-05-13T21:09:16.233+0000] {logging_mixin.py:188} INFO - [2025-05-13T21:09:16.232+0000] {dagbag.py:538} INFO - Filling up the DagBag from /home/airflow/.local/lib/python3.8/site-packages/airflow/example_dags/example_task_group.py
[2025-05-13T21:09:16.247+0000] {processor.py:840} INFO - DAG(s) 'example_task_group' retrieved from /home/airflow/.local/lib/python3.8/site-packages/airflow/example_dags/example_task_group.py
[2025-05-13T21:09:28.552+0000] {logging_mixin.py:188} INFO - [2025-05-13T21:09:28.546+0000] {dag.py:3036} INFO - Sync 1 DAGs
[2025-05-13T21:09:28.584+0000] {logging_mixin.py:188} INFO - [2025-05-13T21:09:28.584+0000] {dag.py:3823} INFO - Setting next_dagrun for example_task_group to 2025-05-12 00:00:00+00:00, run_after=2025-05-13 00:00:00+00:00
[2025-05-13T21:09:28.625+0000] {processor.py:183} INFO - Processing /home/airflow/.local/lib/python3.8/site-packages/airflow/example_dags/example_task_group.py took 12.402 seconds
[2025-05-13T21:10:01.000+0000] {processor.py:161} INFO - Started process (PID=137) to work on /home/airflow/.local/lib/python3.8/site-packages/airflow/example_dags/example_task_group.py
[2025-05-13T21:10:01.003+0000] {processor.py:830} INFO - Processing file /home/airflow/.local/lib/python3.8/site-packages/airflow/example_dags/example_task_group.py for tasks to queue
[2025-05-13T21:10:01.007+0000] {logging_mixin.py:188} INFO - [2025-05-13T21:10:01.006+0000] {dagbag.py:538} INFO - Filling up the DagBag from /home/airflow/.local/lib/python3.8/site-packages/airflow/example_dags/example_task_group.py
[2025-05-13T21:10:01.027+0000] {processor.py:840} INFO - DAG(s) 'example_task_group' retrieved from /home/airflow/.local/lib/python3.8/site-packages/airflow/example_dags/example_task_group.py
[2025-05-13T21:10:01.075+0000] {logging_mixin.py:188} INFO - [2025-05-13T21:10:01.075+0000] {dag.py:3036} INFO - Sync 1 DAGs
[2025-05-13T21:10:01.121+0000] {logging_mixin.py:188} INFO - [2025-05-13T21:10:01.121+0000] {dag.py:3823} INFO - Setting next_dagrun for example_task_group to 2025-05-12 00:00:00+00:00, run_after=2025-05-13 00:00:00+00:00
[2025-05-13T21:10:01.173+0000] {processor.py:183} INFO - Processing /home/airflow/.local/lib/python3.8/site-packages/airflow/example_dags/example_task_group.py took 0.177 seconds
[2025-05-13T21:11:59.219+0000] {processor.py:161} INFO - Started process (PID=171) to work on /home/airflow/.local/lib/python3.8/site-packages/airflow/example_dags/example_task_group.py
[2025-05-13T21:11:59.221+0000] {processor.py:830} INFO - Processing file /home/airflow/.local/lib/python3.8/site-packages/airflow/example_dags/example_task_group.py for tasks to queue
[2025-05-13T21:11:59.223+0000] {logging_mixin.py:188} INFO - [2025-05-13T21:11:59.222+0000] {dagbag.py:538} INFO - Filling up the DagBag from /home/airflow/.local/lib/python3.8/site-packages/airflow/example_dags/example_task_group.py
[2025-05-13T21:11:59.242+0000] {processor.py:840} INFO - DAG(s) 'example_task_group' retrieved from /home/airflow/.local/lib/python3.8/site-packages/airflow/example_dags/example_task_group.py
[2025-05-13T21:11:59.351+0000] {logging_mixin.py:188} INFO - [2025-05-13T21:11:59.350+0000] {dag.py:3036} INFO - Sync 1 DAGs
[2025-05-13T21:11:59.405+0000] {logging_mixin.py:188} INFO - [2025-05-13T21:11:59.404+0000] {dag.py:3823} INFO - Setting next_dagrun for example_task_group to 2025-05-12 00:00:00+00:00, run_after=2025-05-13 00:00:00+00:00
[2025-05-13T21:11:59.453+0000] {processor.py:183} INFO - Processing /home/airflow/.local/lib/python3.8/site-packages/airflow/example_dags/example_task_group.py took 0.241 seconds
[2025-05-13T21:14:28.829+0000] {processor.py:161} INFO - Started process (PID=84) to work on /home/airflow/.local/lib/python3.8/site-packages/airflow/example_dags/example_task_group.py
[2025-05-13T21:14:28.831+0000] {processor.py:830} INFO - Processing file /home/airflow/.local/lib/python3.8/site-packages/airflow/example_dags/example_task_group.py for tasks to queue
[2025-05-13T21:14:28.836+0000] {logging_mixin.py:188} INFO - [2025-05-13T21:14:28.835+0000] {dagbag.py:538} INFO - Filling up the DagBag from /home/airflow/.local/lib/python3.8/site-packages/airflow/example_dags/example_task_group.py
[2025-05-13T21:14:28.847+0000] {processor.py:840} INFO - DAG(s) 'example_task_group' retrieved from /home/airflow/.local/lib/python3.8/site-packages/airflow/example_dags/example_task_group.py
[2025-05-13T21:14:30.420+0000] {logging_mixin.py:188} INFO - [2025-05-13T21:14:30.419+0000] {dag.py:3036} INFO - Sync 1 DAGs
[2025-05-13T21:14:30.792+0000] {logging_mixin.py:188} INFO - [2025-05-13T21:14:30.792+0000] {dag.py:3823} INFO - Setting next_dagrun for example_task_group to 2025-05-12 00:00:00+00:00, run_after=2025-05-13 00:00:00+00:00
[2025-05-13T21:14:30.908+0000] {processor.py:183} INFO - Processing /home/airflow/.local/lib/python3.8/site-packages/airflow/example_dags/example_task_group.py took 2.085 seconds
[2025-05-13T21:15:00.993+0000] {processor.py:161} INFO - Started process (PID=140) to work on /home/airflow/.local/lib/python3.8/site-packages/airflow/example_dags/example_task_group.py
[2025-05-13T21:15:00.994+0000] {processor.py:830} INFO - Processing file /home/airflow/.local/lib/python3.8/site-packages/airflow/example_dags/example_task_group.py for tasks to queue
[2025-05-13T21:15:00.996+0000] {logging_mixin.py:188} INFO - [2025-05-13T21:15:00.996+0000] {dagbag.py:538} INFO - Filling up the DagBag from /home/airflow/.local/lib/python3.8/site-packages/airflow/example_dags/example_task_group.py
[2025-05-13T21:15:01.004+0000] {processor.py:840} INFO - DAG(s) 'example_task_group' retrieved from /home/airflow/.local/lib/python3.8/site-packages/airflow/example_dags/example_task_group.py
[2025-05-13T21:15:01.027+0000] {logging_mixin.py:188} INFO - [2025-05-13T21:15:01.027+0000] {dag.py:3036} INFO - Sync 1 DAGs
[2025-05-13T21:15:01.055+0000] {logging_mixin.py:188} INFO - [2025-05-13T21:15:01.055+0000] {dag.py:3823} INFO - Setting next_dagrun for example_task_group to 2025-05-12 00:00:00+00:00, run_after=2025-05-13 00:00:00+00:00
[2025-05-13T21:15:01.118+0000] {processor.py:183} INFO - Processing /home/airflow/.local/lib/python3.8/site-packages/airflow/example_dags/example_task_group.py took 0.128 seconds
[2025-05-13T21:15:31.394+0000] {processor.py:161} INFO - Started process (PID=196) to work on /home/airflow/.local/lib/python3.8/site-packages/airflow/example_dags/example_task_group.py
[2025-05-13T21:15:31.396+0000] {processor.py:830} INFO - Processing file /home/airflow/.local/lib/python3.8/site-packages/airflow/example_dags/example_task_group.py for tasks to queue
[2025-05-13T21:15:31.397+0000] {logging_mixin.py:188} INFO - [2025-05-13T21:15:31.397+0000] {dagbag.py:538} INFO - Filling up the DagBag from /home/airflow/.local/lib/python3.8/site-packages/airflow/example_dags/example_task_group.py
[2025-05-13T21:15:31.404+0000] {processor.py:840} INFO - DAG(s) 'example_task_group' retrieved from /home/airflow/.local/lib/python3.8/site-packages/airflow/example_dags/example_task_group.py
[2025-05-13T21:15:31.427+0000] {logging_mixin.py:188} INFO - [2025-05-13T21:15:31.427+0000] {dag.py:3036} INFO - Sync 1 DAGs
[2025-05-13T21:15:31.452+0000] {logging_mixin.py:188} INFO - [2025-05-13T21:15:31.452+0000] {dag.py:3823} INFO - Setting next_dagrun for example_task_group to 2025-05-12 00:00:00+00:00, run_after=2025-05-13 00:00:00+00:00
[2025-05-13T21:15:31.477+0000] {processor.py:183} INFO - Processing /home/airflow/.local/lib/python3.8/site-packages/airflow/example_dags/example_task_group.py took 0.085 seconds
[2025-05-13T21:16:01.603+0000] {processor.py:161} INFO - Started process (PID=252) to work on /home/airflow/.local/lib/python3.8/site-packages/airflow/example_dags/example_task_group.py
[2025-05-13T21:16:01.604+0000] {processor.py:830} INFO - Processing file /home/airflow/.local/lib/python3.8/site-packages/airflow/example_dags/example_task_group.py for tasks to queue
[2025-05-13T21:16:01.607+0000] {logging_mixin.py:188} INFO - [2025-05-13T21:16:01.607+0000] {dagbag.py:538} INFO - Filling up the DagBag from /home/airflow/.local/lib/python3.8/site-packages/airflow/example_dags/example_task_group.py
[2025-05-13T21:16:01.614+0000] {processor.py:840} INFO - DAG(s) 'example_task_group' retrieved from /home/airflow/.local/lib/python3.8/site-packages/airflow/example_dags/example_task_group.py
[2025-05-13T21:16:01.643+0000] {logging_mixin.py:188} INFO - [2025-05-13T21:16:01.643+0000] {dag.py:3036} INFO - Sync 1 DAGs
[2025-05-13T21:16:01.668+0000] {logging_mixin.py:188} INFO - [2025-05-13T21:16:01.668+0000] {dag.py:3823} INFO - Setting next_dagrun for example_task_group to 2025-05-12 00:00:00+00:00, run_after=2025-05-13 00:00:00+00:00
[2025-05-13T21:16:01.695+0000] {processor.py:183} INFO - Processing /home/airflow/.local/lib/python3.8/site-packages/airflow/example_dags/example_task_group.py took 0.095 seconds
[2025-05-13T21:16:32.076+0000] {processor.py:161} INFO - Started process (PID=308) to work on /home/airflow/.local/lib/python3.8/site-packages/airflow/example_dags/example_task_group.py
[2025-05-13T21:16:32.080+0000] {processor.py:830} INFO - Processing file /home/airflow/.local/lib/python3.8/site-packages/airflow/example_dags/example_task_group.py for tasks to queue
[2025-05-13T21:16:32.086+0000] {logging_mixin.py:188} INFO - [2025-05-13T21:16:32.085+0000] {dagbag.py:538} INFO - Filling up the DagBag from /home/airflow/.local/lib/python3.8/site-packages/airflow/example_dags/example_task_group.py
[2025-05-13T21:16:32.096+0000] {processor.py:840} INFO - DAG(s) 'example_task_group' retrieved from /home/airflow/.local/lib/python3.8/site-packages/airflow/example_dags/example_task_group.py
[2025-05-13T21:16:32.136+0000] {logging_mixin.py:188} INFO - [2025-05-13T21:16:32.136+0000] {dag.py:3036} INFO - Sync 1 DAGs
[2025-05-13T21:16:32.167+0000] {logging_mixin.py:188} INFO - [2025-05-13T21:16:32.166+0000] {dag.py:3823} INFO - Setting next_dagrun for example_task_group to 2025-05-12 00:00:00+00:00, run_after=2025-05-13 00:00:00+00:00
[2025-05-13T21:16:32.194+0000] {processor.py:183} INFO - Processing /home/airflow/.local/lib/python3.8/site-packages/airflow/example_dags/example_task_group.py took 0.121 seconds
[2025-05-13T21:17:02.672+0000] {processor.py:161} INFO - Started process (PID=364) to work on /home/airflow/.local/lib/python3.8/site-packages/airflow/example_dags/example_task_group.py
[2025-05-13T21:17:02.674+0000] {processor.py:830} INFO - Processing file /home/airflow/.local/lib/python3.8/site-packages/airflow/example_dags/example_task_group.py for tasks to queue
[2025-05-13T21:17:02.677+0000] {logging_mixin.py:188} INFO - [2025-05-13T21:17:02.676+0000] {dagbag.py:538} INFO - Filling up the DagBag from /home/airflow/.local/lib/python3.8/site-packages/airflow/example_dags/example_task_group.py
[2025-05-13T21:17:02.687+0000] {processor.py:840} INFO - DAG(s) 'example_task_group' retrieved from /home/airflow/.local/lib/python3.8/site-packages/airflow/example_dags/example_task_group.py
[2025-05-13T21:17:02.717+0000] {logging_mixin.py:188} INFO - [2025-05-13T21:17:02.716+0000] {dag.py:3036} INFO - Sync 1 DAGs
[2025-05-13T21:17:02.747+0000] {logging_mixin.py:188} INFO - [2025-05-13T21:17:02.746+0000] {dag.py:3823} INFO - Setting next_dagrun for example_task_group to 2025-05-12 00:00:00+00:00, run_after=2025-05-13 00:00:00+00:00
[2025-05-13T21:17:02.776+0000] {processor.py:183} INFO - Processing /home/airflow/.local/lib/python3.8/site-packages/airflow/example_dags/example_task_group.py took 0.107 seconds
[2025-05-13T21:17:32.936+0000] {processor.py:161} INFO - Started process (PID=420) to work on /home/airflow/.local/lib/python3.8/site-packages/airflow/example_dags/example_task_group.py
[2025-05-13T21:17:32.937+0000] {processor.py:830} INFO - Processing file /home/airflow/.local/lib/python3.8/site-packages/airflow/example_dags/example_task_group.py for tasks to queue
[2025-05-13T21:17:32.940+0000] {logging_mixin.py:188} INFO - [2025-05-13T21:17:32.940+0000] {dagbag.py:538} INFO - Filling up the DagBag from /home/airflow/.local/lib/python3.8/site-packages/airflow/example_dags/example_task_group.py
[2025-05-13T21:17:32.950+0000] {processor.py:840} INFO - DAG(s) 'example_task_group' retrieved from /home/airflow/.local/lib/python3.8/site-packages/airflow/example_dags/example_task_group.py
[2025-05-13T21:17:32.979+0000] {logging_mixin.py:188} INFO - [2025-05-13T21:17:32.978+0000] {dag.py:3036} INFO - Sync 1 DAGs
[2025-05-13T21:17:33.007+0000] {logging_mixin.py:188} INFO - [2025-05-13T21:17:33.006+0000] {dag.py:3823} INFO - Setting next_dagrun for example_task_group to 2025-05-12 00:00:00+00:00, run_after=2025-05-13 00:00:00+00:00
[2025-05-13T21:17:33.041+0000] {processor.py:183} INFO - Processing /home/airflow/.local/lib/python3.8/site-packages/airflow/example_dags/example_task_group.py took 0.108 seconds
[2025-05-13T21:18:03.396+0000] {processor.py:161} INFO - Started process (PID=474) to work on /home/airflow/.local/lib/python3.8/site-packages/airflow/example_dags/example_task_group.py
[2025-05-13T21:18:03.398+0000] {processor.py:830} INFO - Processing file /home/airflow/.local/lib/python3.8/site-packages/airflow/example_dags/example_task_group.py for tasks to queue
[2025-05-13T21:18:03.401+0000] {logging_mixin.py:188} INFO - [2025-05-13T21:18:03.400+0000] {dagbag.py:538} INFO - Filling up the DagBag from /home/airflow/.local/lib/python3.8/site-packages/airflow/example_dags/example_task_group.py
[2025-05-13T21:18:03.411+0000] {processor.py:840} INFO - DAG(s) 'example_task_group' retrieved from /home/airflow/.local/lib/python3.8/site-packages/airflow/example_dags/example_task_group.py
[2025-05-13T21:18:03.443+0000] {logging_mixin.py:188} INFO - [2025-05-13T21:18:03.442+0000] {dag.py:3036} INFO - Sync 1 DAGs
[2025-05-13T21:18:03.477+0000] {logging_mixin.py:188} INFO - [2025-05-13T21:18:03.477+0000] {dag.py:3823} INFO - Setting next_dagrun for example_task_group to 2025-05-12 00:00:00+00:00, run_after=2025-05-13 00:00:00+00:00
[2025-05-13T21:18:03.518+0000] {processor.py:183} INFO - Processing /home/airflow/.local/lib/python3.8/site-packages/airflow/example_dags/example_task_group.py took 0.127 seconds
[2025-05-13T21:18:34.229+0000] {processor.py:161} INFO - Started process (PID=530) to work on /home/airflow/.local/lib/python3.8/site-packages/airflow/example_dags/example_task_group.py
[2025-05-13T21:18:34.231+0000] {processor.py:830} INFO - Processing file /home/airflow/.local/lib/python3.8/site-packages/airflow/example_dags/example_task_group.py for tasks to queue
[2025-05-13T21:18:34.235+0000] {logging_mixin.py:188} INFO - [2025-05-13T21:18:34.234+0000] {dagbag.py:538} INFO - Filling up the DagBag from /home/airflow/.local/lib/python3.8/site-packages/airflow/example_dags/example_task_group.py
[2025-05-13T21:18:34.245+0000] {processor.py:840} INFO - DAG(s) 'example_task_group' retrieved from /home/airflow/.local/lib/python3.8/site-packages/airflow/example_dags/example_task_group.py
[2025-05-13T21:18:34.279+0000] {logging_mixin.py:188} INFO - [2025-05-13T21:18:34.279+0000] {dag.py:3036} INFO - Sync 1 DAGs
[2025-05-13T21:18:34.312+0000] {logging_mixin.py:188} INFO - [2025-05-13T21:18:34.311+0000] {dag.py:3823} INFO - Setting next_dagrun for example_task_group to 2025-05-12 00:00:00+00:00, run_after=2025-05-13 00:00:00+00:00
[2025-05-13T21:18:34.361+0000] {processor.py:183} INFO - Processing /home/airflow/.local/lib/python3.8/site-packages/airflow/example_dags/example_task_group.py took 0.135 seconds
[2025-05-13T21:19:04.769+0000] {processor.py:161} INFO - Started process (PID=585) to work on /home/airflow/.local/lib/python3.8/site-packages/airflow/example_dags/example_task_group.py
[2025-05-13T21:19:04.771+0000] {processor.py:830} INFO - Processing file /home/airflow/.local/lib/python3.8/site-packages/airflow/example_dags/example_task_group.py for tasks to queue
[2025-05-13T21:19:04.774+0000] {logging_mixin.py:188} INFO - [2025-05-13T21:19:04.774+0000] {dagbag.py:538} INFO - Filling up the DagBag from /home/airflow/.local/lib/python3.8/site-packages/airflow/example_dags/example_task_group.py
[2025-05-13T21:19:04.787+0000] {processor.py:840} INFO - DAG(s) 'example_task_group' retrieved from /home/airflow/.local/lib/python3.8/site-packages/airflow/example_dags/example_task_group.py
[2025-05-13T21:19:04.818+0000] {logging_mixin.py:188} INFO - [2025-05-13T21:19:04.818+0000] {dag.py:3036} INFO - Sync 1 DAGs
[2025-05-13T21:19:04.849+0000] {logging_mixin.py:188} INFO - [2025-05-13T21:19:04.848+0000] {dag.py:3823} INFO - Setting next_dagrun for example_task_group to 2025-05-12 00:00:00+00:00, run_after=2025-05-13 00:00:00+00:00
[2025-05-13T21:19:04.880+0000] {processor.py:183} INFO - Processing /home/airflow/.local/lib/python3.8/site-packages/airflow/example_dags/example_task_group.py took 0.113 seconds
[2025-05-13T21:19:35.506+0000] {processor.py:161} INFO - Started process (PID=642) to work on /home/airflow/.local/lib/python3.8/site-packages/airflow/example_dags/example_task_group.py
[2025-05-13T21:19:35.508+0000] {processor.py:830} INFO - Processing file /home/airflow/.local/lib/python3.8/site-packages/airflow/example_dags/example_task_group.py for tasks to queue
[2025-05-13T21:19:35.512+0000] {logging_mixin.py:188} INFO - [2025-05-13T21:19:35.510+0000] {dagbag.py:538} INFO - Filling up the DagBag from /home/airflow/.local/lib/python3.8/site-packages/airflow/example_dags/example_task_group.py
[2025-05-13T21:19:35.523+0000] {processor.py:840} INFO - DAG(s) 'example_task_group' retrieved from /home/airflow/.local/lib/python3.8/site-packages/airflow/example_dags/example_task_group.py
[2025-05-13T21:19:35.554+0000] {logging_mixin.py:188} INFO - [2025-05-13T21:19:35.553+0000] {dag.py:3036} INFO - Sync 1 DAGs
[2025-05-13T21:19:35.586+0000] {logging_mixin.py:188} INFO - [2025-05-13T21:19:35.586+0000] {dag.py:3823} INFO - Setting next_dagrun for example_task_group to 2025-05-12 00:00:00+00:00, run_after=2025-05-13 00:00:00+00:00
[2025-05-13T21:19:35.620+0000] {processor.py:183} INFO - Processing /home/airflow/.local/lib/python3.8/site-packages/airflow/example_dags/example_task_group.py took 0.118 seconds
[2025-05-13T21:58:04.940+0000] {processor.py:161} INFO - Started process (PID=669) to work on /home/airflow/.local/lib/python3.8/site-packages/airflow/example_dags/example_task_group.py
[2025-05-13T21:58:04.945+0000] {processor.py:830} INFO - Processing file /home/airflow/.local/lib/python3.8/site-packages/airflow/example_dags/example_task_group.py for tasks to queue
[2025-05-13T21:58:04.953+0000] {logging_mixin.py:188} INFO - [2025-05-13T21:58:04.951+0000] {dagbag.py:538} INFO - Filling up the DagBag from /home/airflow/.local/lib/python3.8/site-packages/airflow/example_dags/example_task_group.py
[2025-05-13T21:58:05.035+0000] {processor.py:840} INFO - DAG(s) 'example_task_group' retrieved from /home/airflow/.local/lib/python3.8/site-packages/airflow/example_dags/example_task_group.py
[2025-05-13T21:58:05.123+0000] {logging_mixin.py:188} INFO - [2025-05-13T21:58:05.123+0000] {dag.py:3036} INFO - Sync 1 DAGs
[2025-05-13T21:58:05.181+0000] {logging_mixin.py:188} INFO - [2025-05-13T21:58:05.181+0000] {dag.py:3823} INFO - Setting next_dagrun for example_task_group to 2025-05-12 00:00:00+00:00, run_after=2025-05-13 00:00:00+00:00
[2025-05-13T21:58:05.227+0000] {processor.py:183} INFO - Processing /home/airflow/.local/lib/python3.8/site-packages/airflow/example_dags/example_task_group.py took 0.302 seconds
[2025-05-13T21:58:36.105+0000] {processor.py:161} INFO - Started process (PID=725) to work on /home/airflow/.local/lib/python3.8/site-packages/airflow/example_dags/example_task_group.py
[2025-05-13T21:58:36.107+0000] {processor.py:830} INFO - Processing file /home/airflow/.local/lib/python3.8/site-packages/airflow/example_dags/example_task_group.py for tasks to queue
[2025-05-13T21:58:36.111+0000] {logging_mixin.py:188} INFO - [2025-05-13T21:58:36.110+0000] {dagbag.py:538} INFO - Filling up the DagBag from /home/airflow/.local/lib/python3.8/site-packages/airflow/example_dags/example_task_group.py
[2025-05-13T21:58:36.119+0000] {processor.py:840} INFO - DAG(s) 'example_task_group' retrieved from /home/airflow/.local/lib/python3.8/site-packages/airflow/example_dags/example_task_group.py
[2025-05-13T21:58:36.146+0000] {logging_mixin.py:188} INFO - [2025-05-13T21:58:36.145+0000] {dag.py:3036} INFO - Sync 1 DAGs
[2025-05-13T21:58:36.171+0000] {logging_mixin.py:188} INFO - [2025-05-13T21:58:36.171+0000] {dag.py:3823} INFO - Setting next_dagrun for example_task_group to 2025-05-12 00:00:00+00:00, run_after=2025-05-13 00:00:00+00:00
[2025-05-13T21:58:36.206+0000] {processor.py:183} INFO - Processing /home/airflow/.local/lib/python3.8/site-packages/airflow/example_dags/example_task_group.py took 0.106 seconds
[2025-05-13T21:59:06.737+0000] {processor.py:161} INFO - Started process (PID=782) to work on /home/airflow/.local/lib/python3.8/site-packages/airflow/example_dags/example_task_group.py
[2025-05-13T21:59:06.738+0000] {processor.py:830} INFO - Processing file /home/airflow/.local/lib/python3.8/site-packages/airflow/example_dags/example_task_group.py for tasks to queue
[2025-05-13T21:59:06.752+0000] {logging_mixin.py:188} INFO - [2025-05-13T21:59:06.751+0000] {dagbag.py:538} INFO - Filling up the DagBag from /home/airflow/.local/lib/python3.8/site-packages/airflow/example_dags/example_task_group.py
[2025-05-13T21:59:06.760+0000] {processor.py:840} INFO - DAG(s) 'example_task_group' retrieved from /home/airflow/.local/lib/python3.8/site-packages/airflow/example_dags/example_task_group.py
[2025-05-13T21:59:06.788+0000] {logging_mixin.py:188} INFO - [2025-05-13T21:59:06.788+0000] {dag.py:3036} INFO - Sync 1 DAGs
[2025-05-13T21:59:06.819+0000] {logging_mixin.py:188} INFO - [2025-05-13T21:59:06.819+0000] {dag.py:3823} INFO - Setting next_dagrun for example_task_group to 2025-05-12 00:00:00+00:00, run_after=2025-05-13 00:00:00+00:00
[2025-05-13T21:59:06.849+0000] {processor.py:183} INFO - Processing /home/airflow/.local/lib/python3.8/site-packages/airflow/example_dags/example_task_group.py took 0.115 seconds
[2025-05-13T21:59:36.959+0000] {processor.py:161} INFO - Started process (PID=838) to work on /home/airflow/.local/lib/python3.8/site-packages/airflow/example_dags/example_task_group.py
[2025-05-13T21:59:36.961+0000] {processor.py:830} INFO - Processing file /home/airflow/.local/lib/python3.8/site-packages/airflow/example_dags/example_task_group.py for tasks to queue
[2025-05-13T21:59:36.964+0000] {logging_mixin.py:188} INFO - [2025-05-13T21:59:36.964+0000] {dagbag.py:538} INFO - Filling up the DagBag from /home/airflow/.local/lib/python3.8/site-packages/airflow/example_dags/example_task_group.py
[2025-05-13T21:59:36.981+0000] {processor.py:840} INFO - DAG(s) 'example_task_group' retrieved from /home/airflow/.local/lib/python3.8/site-packages/airflow/example_dags/example_task_group.py
[2025-05-13T21:59:37.019+0000] {logging_mixin.py:188} INFO - [2025-05-13T21:59:37.019+0000] {dag.py:3036} INFO - Sync 1 DAGs
[2025-05-13T21:59:37.054+0000] {logging_mixin.py:188} INFO - [2025-05-13T21:59:37.053+0000] {dag.py:3823} INFO - Setting next_dagrun for example_task_group to 2025-05-12 00:00:00+00:00, run_after=2025-05-13 00:00:00+00:00
[2025-05-13T21:59:37.091+0000] {processor.py:183} INFO - Processing /home/airflow/.local/lib/python3.8/site-packages/airflow/example_dags/example_task_group.py took 0.136 seconds
