[2025-05-13T21:09:30.696+0000] {processor.py:161} INFO - Started process (PID=89) to work on /home/airflow/.local/lib/python3.8/site-packages/airflow/example_dags/example_xcomargs.py
[2025-05-13T21:09:30.698+0000] {processor.py:830} INFO - Processing file /home/airflow/.local/lib/python3.8/site-packages/airflow/example_dags/example_xcomargs.py for tasks to queue
[2025-05-13T21:09:30.702+0000] {logging_mixin.py:188} INFO - [2025-05-13T21:09:30.701+0000] {dagbag.py:538} INFO - Filling up the DagBag from /home/airflow/.local/lib/python3.8/site-packages/airflow/example_dags/example_xcomargs.py
[2025-05-13T21:09:30.717+0000] {processor.py:840} INFO - DAG(s) 'example_xcom_args_with_operators', 'example_xcom_args' retrieved from /home/airflow/.local/lib/python3.8/site-packages/airflow/example_dags/example_xcomargs.py
[2025-05-13T21:09:31.013+0000] {logging_mixin.py:188} INFO - [2025-05-13T21:09:31.012+0000] {dag.py:3036} INFO - Sync 2 DAGs
[2025-05-13T21:09:31.030+0000] {logging_mixin.py:188} INFO - [2025-05-13T21:09:31.030+0000] {dag.py:3823} INFO - Setting next_dagrun for example_xcom_args to None, run_after=None
[2025-05-13T21:09:31.037+0000] {logging_mixin.py:188} INFO - [2025-05-13T21:09:31.037+0000] {dag.py:3823} INFO - Setting next_dagrun for example_xcom_args_with_operators to None, run_after=None
[2025-05-13T21:09:31.085+0000] {processor.py:183} INFO - Processing /home/airflow/.local/lib/python3.8/site-packages/airflow/example_dags/example_xcomargs.py took 0.395 seconds
[2025-05-13T21:10:01.841+0000] {processor.py:161} INFO - Started process (PID=145) to work on /home/airflow/.local/lib/python3.8/site-packages/airflow/example_dags/example_xcomargs.py
[2025-05-13T21:10:01.844+0000] {processor.py:830} INFO - Processing file /home/airflow/.local/lib/python3.8/site-packages/airflow/example_dags/example_xcomargs.py for tasks to queue
[2025-05-13T21:10:01.849+0000] {logging_mixin.py:188} INFO - [2025-05-13T21:10:01.848+0000] {dagbag.py:538} INFO - Filling up the DagBag from /home/airflow/.local/lib/python3.8/site-packages/airflow/example_dags/example_xcomargs.py
[2025-05-13T21:10:01.864+0000] {processor.py:840} INFO - DAG(s) 'example_xcom_args', 'example_xcom_args_with_operators' retrieved from /home/airflow/.local/lib/python3.8/site-packages/airflow/example_dags/example_xcomargs.py
[2025-05-13T21:10:01.937+0000] {logging_mixin.py:188} INFO - [2025-05-13T21:10:01.936+0000] {dag.py:3036} INFO - Sync 2 DAGs
[2025-05-13T21:10:01.962+0000] {logging_mixin.py:188} INFO - [2025-05-13T21:10:01.961+0000] {dag.py:3823} INFO - Setting next_dagrun for example_xcom_args to None, run_after=None
[2025-05-13T21:10:01.970+0000] {logging_mixin.py:188} INFO - [2025-05-13T21:10:01.970+0000] {dag.py:3823} INFO - Setting next_dagrun for example_xcom_args_with_operators to None, run_after=None
[2025-05-13T21:10:02.011+0000] {processor.py:183} INFO - Processing /home/airflow/.local/lib/python3.8/site-packages/airflow/example_dags/example_xcomargs.py took 0.174 seconds
[2025-05-13T21:12:02.086+0000] {processor.py:161} INFO - Started process (PID=179) to work on /home/airflow/.local/lib/python3.8/site-packages/airflow/example_dags/example_xcomargs.py
[2025-05-13T21:12:02.087+0000] {processor.py:830} INFO - Processing file /home/airflow/.local/lib/python3.8/site-packages/airflow/example_dags/example_xcomargs.py for tasks to queue
[2025-05-13T21:12:02.089+0000] {logging_mixin.py:188} INFO - [2025-05-13T21:12:02.089+0000] {dagbag.py:538} INFO - Filling up the DagBag from /home/airflow/.local/lib/python3.8/site-packages/airflow/example_dags/example_xcomargs.py
[2025-05-13T21:12:02.112+0000] {processor.py:840} INFO - DAG(s) 'example_xcom_args', 'example_xcom_args_with_operators' retrieved from /home/airflow/.local/lib/python3.8/site-packages/airflow/example_dags/example_xcomargs.py
[2025-05-13T21:12:02.205+0000] {logging_mixin.py:188} INFO - [2025-05-13T21:12:02.204+0000] {dag.py:3036} INFO - Sync 2 DAGs
[2025-05-13T21:12:02.230+0000] {logging_mixin.py:188} INFO - [2025-05-13T21:12:02.228+0000] {dag.py:3823} INFO - Setting next_dagrun for example_xcom_args to None, run_after=None
[2025-05-13T21:12:02.237+0000] {logging_mixin.py:188} INFO - [2025-05-13T21:12:02.237+0000] {dag.py:3823} INFO - Setting next_dagrun for example_xcom_args_with_operators to None, run_after=None
[2025-05-13T21:12:02.278+0000] {processor.py:183} INFO - Processing /home/airflow/.local/lib/python3.8/site-packages/airflow/example_dags/example_xcomargs.py took 0.202 seconds
[2025-05-13T21:14:39.550+0000] {processor.py:161} INFO - Started process (PID=92) to work on /home/airflow/.local/lib/python3.8/site-packages/airflow/example_dags/example_xcomargs.py
[2025-05-13T21:14:39.552+0000] {processor.py:830} INFO - Processing file /home/airflow/.local/lib/python3.8/site-packages/airflow/example_dags/example_xcomargs.py for tasks to queue
[2025-05-13T21:14:39.555+0000] {logging_mixin.py:188} INFO - [2025-05-13T21:14:39.555+0000] {dagbag.py:538} INFO - Filling up the DagBag from /home/airflow/.local/lib/python3.8/site-packages/airflow/example_dags/example_xcomargs.py
[2025-05-13T21:14:39.569+0000] {processor.py:840} INFO - DAG(s) 'example_xcom_args_with_operators', 'example_xcom_args' retrieved from /home/airflow/.local/lib/python3.8/site-packages/airflow/example_dags/example_xcomargs.py
[2025-05-13T21:14:39.866+0000] {logging_mixin.py:188} INFO - [2025-05-13T21:14:39.865+0000] {dag.py:3036} INFO - Sync 2 DAGs
[2025-05-13T21:14:39.883+0000] {logging_mixin.py:188} INFO - [2025-05-13T21:14:39.883+0000] {dag.py:3823} INFO - Setting next_dagrun for example_xcom_args to None, run_after=None
[2025-05-13T21:14:39.888+0000] {logging_mixin.py:188} INFO - [2025-05-13T21:14:39.888+0000] {dag.py:3823} INFO - Setting next_dagrun for example_xcom_args_with_operators to None, run_after=None
[2025-05-13T21:14:39.918+0000] {processor.py:183} INFO - Processing /home/airflow/.local/lib/python3.8/site-packages/airflow/example_dags/example_xcomargs.py took 0.371 seconds
[2025-05-13T21:15:10.624+0000] {processor.py:161} INFO - Started process (PID=148) to work on /home/airflow/.local/lib/python3.8/site-packages/airflow/example_dags/example_xcomargs.py
[2025-05-13T21:15:10.626+0000] {processor.py:830} INFO - Processing file /home/airflow/.local/lib/python3.8/site-packages/airflow/example_dags/example_xcomargs.py for tasks to queue
[2025-05-13T21:15:10.629+0000] {logging_mixin.py:188} INFO - [2025-05-13T21:15:10.628+0000] {dagbag.py:538} INFO - Filling up the DagBag from /home/airflow/.local/lib/python3.8/site-packages/airflow/example_dags/example_xcomargs.py
[2025-05-13T21:15:10.637+0000] {processor.py:840} INFO - DAG(s) 'example_xcom_args', 'example_xcom_args_with_operators' retrieved from /home/airflow/.local/lib/python3.8/site-packages/airflow/example_dags/example_xcomargs.py
[2025-05-13T21:15:10.666+0000] {logging_mixin.py:188} INFO - [2025-05-13T21:15:10.665+0000] {dag.py:3036} INFO - Sync 2 DAGs
[2025-05-13T21:15:10.679+0000] {logging_mixin.py:188} INFO - [2025-05-13T21:15:10.679+0000] {dag.py:3823} INFO - Setting next_dagrun for example_xcom_args to None, run_after=None
[2025-05-13T21:15:10.683+0000] {logging_mixin.py:188} INFO - [2025-05-13T21:15:10.683+0000] {dag.py:3823} INFO - Setting next_dagrun for example_xcom_args_with_operators to None, run_after=None
[2025-05-13T21:15:10.702+0000] {processor.py:183} INFO - Processing /home/airflow/.local/lib/python3.8/site-packages/airflow/example_dags/example_xcomargs.py took 0.081 seconds
[2025-05-13T21:15:41.164+0000] {processor.py:161} INFO - Started process (PID=204) to work on /home/airflow/.local/lib/python3.8/site-packages/airflow/example_dags/example_xcomargs.py
[2025-05-13T21:15:41.166+0000] {processor.py:830} INFO - Processing file /home/airflow/.local/lib/python3.8/site-packages/airflow/example_dags/example_xcomargs.py for tasks to queue
[2025-05-13T21:15:41.168+0000] {logging_mixin.py:188} INFO - [2025-05-13T21:15:41.167+0000] {dagbag.py:538} INFO - Filling up the DagBag from /home/airflow/.local/lib/python3.8/site-packages/airflow/example_dags/example_xcomargs.py
[2025-05-13T21:15:41.178+0000] {processor.py:840} INFO - DAG(s) 'example_xcom_args', 'example_xcom_args_with_operators' retrieved from /home/airflow/.local/lib/python3.8/site-packages/airflow/example_dags/example_xcomargs.py
[2025-05-13T21:15:41.220+0000] {logging_mixin.py:188} INFO - [2025-05-13T21:15:41.219+0000] {dag.py:3036} INFO - Sync 2 DAGs
[2025-05-13T21:15:41.238+0000] {logging_mixin.py:188} INFO - [2025-05-13T21:15:41.238+0000] {dag.py:3823} INFO - Setting next_dagrun for example_xcom_args to None, run_after=None
[2025-05-13T21:15:41.244+0000] {logging_mixin.py:188} INFO - [2025-05-13T21:15:41.243+0000] {dag.py:3823} INFO - Setting next_dagrun for example_xcom_args_with_operators to None, run_after=None
[2025-05-13T21:15:41.267+0000] {processor.py:183} INFO - Processing /home/airflow/.local/lib/python3.8/site-packages/airflow/example_dags/example_xcomargs.py took 0.107 seconds
[2025-05-13T21:16:11.432+0000] {processor.py:161} INFO - Started process (PID=260) to work on /home/airflow/.local/lib/python3.8/site-packages/airflow/example_dags/example_xcomargs.py
[2025-05-13T21:16:11.433+0000] {processor.py:830} INFO - Processing file /home/airflow/.local/lib/python3.8/site-packages/airflow/example_dags/example_xcomargs.py for tasks to queue
[2025-05-13T21:16:11.438+0000] {logging_mixin.py:188} INFO - [2025-05-13T21:16:11.438+0000] {dagbag.py:538} INFO - Filling up the DagBag from /home/airflow/.local/lib/python3.8/site-packages/airflow/example_dags/example_xcomargs.py
[2025-05-13T21:16:11.450+0000] {processor.py:840} INFO - DAG(s) 'example_xcom_args_with_operators', 'example_xcom_args' retrieved from /home/airflow/.local/lib/python3.8/site-packages/airflow/example_dags/example_xcomargs.py
[2025-05-13T21:16:11.496+0000] {logging_mixin.py:188} INFO - [2025-05-13T21:16:11.495+0000] {dag.py:3036} INFO - Sync 2 DAGs
[2025-05-13T21:16:11.516+0000] {logging_mixin.py:188} INFO - [2025-05-13T21:16:11.516+0000] {dag.py:3823} INFO - Setting next_dagrun for example_xcom_args to None, run_after=None
[2025-05-13T21:16:11.534+0000] {logging_mixin.py:188} INFO - [2025-05-13T21:16:11.534+0000] {dag.py:3823} INFO - Setting next_dagrun for example_xcom_args_with_operators to None, run_after=None
[2025-05-13T21:16:11.576+0000] {processor.py:183} INFO - Processing /home/airflow/.local/lib/python3.8/site-packages/airflow/example_dags/example_xcomargs.py took 0.149 seconds
[2025-05-13T21:16:41.970+0000] {processor.py:161} INFO - Started process (PID=316) to work on /home/airflow/.local/lib/python3.8/site-packages/airflow/example_dags/example_xcomargs.py
[2025-05-13T21:16:41.976+0000] {processor.py:830} INFO - Processing file /home/airflow/.local/lib/python3.8/site-packages/airflow/example_dags/example_xcomargs.py for tasks to queue
[2025-05-13T21:16:41.979+0000] {logging_mixin.py:188} INFO - [2025-05-13T21:16:41.978+0000] {dagbag.py:538} INFO - Filling up the DagBag from /home/airflow/.local/lib/python3.8/site-packages/airflow/example_dags/example_xcomargs.py
[2025-05-13T21:16:41.988+0000] {processor.py:840} INFO - DAG(s) 'example_xcom_args_with_operators', 'example_xcom_args' retrieved from /home/airflow/.local/lib/python3.8/site-packages/airflow/example_dags/example_xcomargs.py
[2025-05-13T21:16:42.027+0000] {logging_mixin.py:188} INFO - [2025-05-13T21:16:42.026+0000] {dag.py:3036} INFO - Sync 2 DAGs
[2025-05-13T21:16:42.046+0000] {logging_mixin.py:188} INFO - [2025-05-13T21:16:42.046+0000] {dag.py:3823} INFO - Setting next_dagrun for example_xcom_args to None, run_after=None
[2025-05-13T21:16:42.053+0000] {logging_mixin.py:188} INFO - [2025-05-13T21:16:42.053+0000] {dag.py:3823} INFO - Setting next_dagrun for example_xcom_args_with_operators to None, run_after=None
[2025-05-13T21:16:42.093+0000] {processor.py:183} INFO - Processing /home/airflow/.local/lib/python3.8/site-packages/airflow/example_dags/example_xcomargs.py took 0.126 seconds
[2025-05-13T21:17:12.159+0000] {processor.py:161} INFO - Started process (PID=372) to work on /home/airflow/.local/lib/python3.8/site-packages/airflow/example_dags/example_xcomargs.py
[2025-05-13T21:17:12.161+0000] {processor.py:830} INFO - Processing file /home/airflow/.local/lib/python3.8/site-packages/airflow/example_dags/example_xcomargs.py for tasks to queue
[2025-05-13T21:17:12.163+0000] {logging_mixin.py:188} INFO - [2025-05-13T21:17:12.163+0000] {dagbag.py:538} INFO - Filling up the DagBag from /home/airflow/.local/lib/python3.8/site-packages/airflow/example_dags/example_xcomargs.py
[2025-05-13T21:17:12.190+0000] {processor.py:840} INFO - DAG(s) 'example_xcom_args', 'example_xcom_args_with_operators' retrieved from /home/airflow/.local/lib/python3.8/site-packages/airflow/example_dags/example_xcomargs.py
[2025-05-13T21:17:12.238+0000] {logging_mixin.py:188} INFO - [2025-05-13T21:17:12.237+0000] {dag.py:3036} INFO - Sync 2 DAGs
[2025-05-13T21:17:12.255+0000] {logging_mixin.py:188} INFO - [2025-05-13T21:17:12.255+0000] {dag.py:3823} INFO - Setting next_dagrun for example_xcom_args to None, run_after=None
[2025-05-13T21:17:12.260+0000] {logging_mixin.py:188} INFO - [2025-05-13T21:17:12.260+0000] {dag.py:3823} INFO - Setting next_dagrun for example_xcom_args_with_operators to None, run_after=None
[2025-05-13T21:17:12.280+0000] {processor.py:183} INFO - Processing /home/airflow/.local/lib/python3.8/site-packages/airflow/example_dags/example_xcomargs.py took 0.124 seconds
[2025-05-13T21:17:42.848+0000] {processor.py:161} INFO - Started process (PID=428) to work on /home/airflow/.local/lib/python3.8/site-packages/airflow/example_dags/example_xcomargs.py
[2025-05-13T21:17:42.850+0000] {processor.py:830} INFO - Processing file /home/airflow/.local/lib/python3.8/site-packages/airflow/example_dags/example_xcomargs.py for tasks to queue
[2025-05-13T21:17:42.854+0000] {logging_mixin.py:188} INFO - [2025-05-13T21:17:42.853+0000] {dagbag.py:538} INFO - Filling up the DagBag from /home/airflow/.local/lib/python3.8/site-packages/airflow/example_dags/example_xcomargs.py
[2025-05-13T21:17:42.865+0000] {processor.py:840} INFO - DAG(s) 'example_xcom_args_with_operators', 'example_xcom_args' retrieved from /home/airflow/.local/lib/python3.8/site-packages/airflow/example_dags/example_xcomargs.py
[2025-05-13T21:17:42.902+0000] {logging_mixin.py:188} INFO - [2025-05-13T21:17:42.902+0000] {dag.py:3036} INFO - Sync 2 DAGs
[2025-05-13T21:17:42.918+0000] {logging_mixin.py:188} INFO - [2025-05-13T21:17:42.918+0000] {dag.py:3823} INFO - Setting next_dagrun for example_xcom_args to None, run_after=None
[2025-05-13T21:17:42.924+0000] {logging_mixin.py:188} INFO - [2025-05-13T21:17:42.924+0000] {dag.py:3823} INFO - Setting next_dagrun for example_xcom_args_with_operators to None, run_after=None
[2025-05-13T21:17:42.959+0000] {processor.py:183} INFO - Processing /home/airflow/.local/lib/python3.8/site-packages/airflow/example_dags/example_xcomargs.py took 0.114 seconds
[2025-05-13T21:18:13.935+0000] {processor.py:161} INFO - Started process (PID=484) to work on /home/airflow/.local/lib/python3.8/site-packages/airflow/example_dags/example_xcomargs.py
[2025-05-13T21:18:13.937+0000] {processor.py:830} INFO - Processing file /home/airflow/.local/lib/python3.8/site-packages/airflow/example_dags/example_xcomargs.py for tasks to queue
[2025-05-13T21:18:13.939+0000] {logging_mixin.py:188} INFO - [2025-05-13T21:18:13.939+0000] {dagbag.py:538} INFO - Filling up the DagBag from /home/airflow/.local/lib/python3.8/site-packages/airflow/example_dags/example_xcomargs.py
[2025-05-13T21:18:13.949+0000] {processor.py:840} INFO - DAG(s) 'example_xcom_args', 'example_xcom_args_with_operators' retrieved from /home/airflow/.local/lib/python3.8/site-packages/airflow/example_dags/example_xcomargs.py
[2025-05-13T21:18:13.978+0000] {logging_mixin.py:188} INFO - [2025-05-13T21:18:13.977+0000] {dag.py:3036} INFO - Sync 2 DAGs
[2025-05-13T21:18:13.996+0000] {logging_mixin.py:188} INFO - [2025-05-13T21:18:13.996+0000] {dag.py:3823} INFO - Setting next_dagrun for example_xcom_args to None, run_after=None
[2025-05-13T21:18:14.000+0000] {logging_mixin.py:188} INFO - [2025-05-13T21:18:14.000+0000] {dag.py:3823} INFO - Setting next_dagrun for example_xcom_args_with_operators to None, run_after=None
[2025-05-13T21:18:14.024+0000] {processor.py:183} INFO - Processing /home/airflow/.local/lib/python3.8/site-packages/airflow/example_dags/example_xcomargs.py took 0.092 seconds
[2025-05-13T21:18:44.143+0000] {processor.py:161} INFO - Started process (PID=540) to work on /home/airflow/.local/lib/python3.8/site-packages/airflow/example_dags/example_xcomargs.py
[2025-05-13T21:18:44.145+0000] {processor.py:830} INFO - Processing file /home/airflow/.local/lib/python3.8/site-packages/airflow/example_dags/example_xcomargs.py for tasks to queue
[2025-05-13T21:18:44.148+0000] {logging_mixin.py:188} INFO - [2025-05-13T21:18:44.147+0000] {dagbag.py:538} INFO - Filling up the DagBag from /home/airflow/.local/lib/python3.8/site-packages/airflow/example_dags/example_xcomargs.py
[2025-05-13T21:18:44.159+0000] {processor.py:840} INFO - DAG(s) 'example_xcom_args_with_operators', 'example_xcom_args' retrieved from /home/airflow/.local/lib/python3.8/site-packages/airflow/example_dags/example_xcomargs.py
[2025-05-13T21:18:44.198+0000] {logging_mixin.py:188} INFO - [2025-05-13T21:18:44.197+0000] {dag.py:3036} INFO - Sync 2 DAGs
[2025-05-13T21:18:44.217+0000] {logging_mixin.py:188} INFO - [2025-05-13T21:18:44.216+0000] {dag.py:3823} INFO - Setting next_dagrun for example_xcom_args to None, run_after=None
[2025-05-13T21:18:44.223+0000] {logging_mixin.py:188} INFO - [2025-05-13T21:18:44.222+0000] {dag.py:3823} INFO - Setting next_dagrun for example_xcom_args_with_operators to None, run_after=None
[2025-05-13T21:18:44.251+0000] {processor.py:183} INFO - Processing /home/airflow/.local/lib/python3.8/site-packages/airflow/example_dags/example_xcomargs.py took 0.111 seconds
[2025-05-13T21:19:14.380+0000] {processor.py:161} INFO - Started process (PID=595) to work on /home/airflow/.local/lib/python3.8/site-packages/airflow/example_dags/example_xcomargs.py
[2025-05-13T21:19:14.382+0000] {processor.py:830} INFO - Processing file /home/airflow/.local/lib/python3.8/site-packages/airflow/example_dags/example_xcomargs.py for tasks to queue
[2025-05-13T21:19:14.385+0000] {logging_mixin.py:188} INFO - [2025-05-13T21:19:14.385+0000] {dagbag.py:538} INFO - Filling up the DagBag from /home/airflow/.local/lib/python3.8/site-packages/airflow/example_dags/example_xcomargs.py
[2025-05-13T21:19:14.397+0000] {processor.py:840} INFO - DAG(s) 'example_xcom_args_with_operators', 'example_xcom_args' retrieved from /home/airflow/.local/lib/python3.8/site-packages/airflow/example_dags/example_xcomargs.py
[2025-05-13T21:19:14.434+0000] {logging_mixin.py:188} INFO - [2025-05-13T21:19:14.434+0000] {dag.py:3036} INFO - Sync 2 DAGs
[2025-05-13T21:19:14.490+0000] {logging_mixin.py:188} INFO - [2025-05-13T21:19:14.490+0000] {dag.py:3823} INFO - Setting next_dagrun for example_xcom_args to None, run_after=None
[2025-05-13T21:19:14.498+0000] {logging_mixin.py:188} INFO - [2025-05-13T21:19:14.498+0000] {dag.py:3823} INFO - Setting next_dagrun for example_xcom_args_with_operators to None, run_after=None
[2025-05-13T21:19:14.538+0000] {processor.py:183} INFO - Processing /home/airflow/.local/lib/python3.8/site-packages/airflow/example_dags/example_xcomargs.py took 0.161 seconds
[2025-05-13T21:58:05.936+0000] {processor.py:161} INFO - Started process (PID=676) to work on /home/airflow/.local/lib/python3.8/site-packages/airflow/example_dags/example_xcomargs.py
[2025-05-13T21:58:05.941+0000] {processor.py:830} INFO - Processing file /home/airflow/.local/lib/python3.8/site-packages/airflow/example_dags/example_xcomargs.py for tasks to queue
[2025-05-13T21:58:05.944+0000] {logging_mixin.py:188} INFO - [2025-05-13T21:58:05.943+0000] {dagbag.py:538} INFO - Filling up the DagBag from /home/airflow/.local/lib/python3.8/site-packages/airflow/example_dags/example_xcomargs.py
[2025-05-13T21:58:05.970+0000] {processor.py:840} INFO - DAG(s) 'example_xcom_args', 'example_xcom_args_with_operators' retrieved from /home/airflow/.local/lib/python3.8/site-packages/airflow/example_dags/example_xcomargs.py
[2025-05-13T21:58:06.047+0000] {logging_mixin.py:188} INFO - [2025-05-13T21:58:06.047+0000] {dag.py:3036} INFO - Sync 2 DAGs
[2025-05-13T21:58:06.084+0000] {logging_mixin.py:188} INFO - [2025-05-13T21:58:06.084+0000] {dag.py:3823} INFO - Setting next_dagrun for example_xcom_args to None, run_after=None
[2025-05-13T21:58:06.094+0000] {logging_mixin.py:188} INFO - [2025-05-13T21:58:06.094+0000] {dag.py:3823} INFO - Setting next_dagrun for example_xcom_args_with_operators to None, run_after=None
[2025-05-13T21:58:06.137+0000] {processor.py:183} INFO - Processing /home/airflow/.local/lib/python3.8/site-packages/airflow/example_dags/example_xcomargs.py took 0.205 seconds
[2025-05-13T21:58:36.518+0000] {processor.py:161} INFO - Started process (PID=732) to work on /home/airflow/.local/lib/python3.8/site-packages/airflow/example_dags/example_xcomargs.py
[2025-05-13T21:58:36.519+0000] {processor.py:830} INFO - Processing file /home/airflow/.local/lib/python3.8/site-packages/airflow/example_dags/example_xcomargs.py for tasks to queue
[2025-05-13T21:58:36.521+0000] {logging_mixin.py:188} INFO - [2025-05-13T21:58:36.521+0000] {dagbag.py:538} INFO - Filling up the DagBag from /home/airflow/.local/lib/python3.8/site-packages/airflow/example_dags/example_xcomargs.py
[2025-05-13T21:58:36.532+0000] {processor.py:840} INFO - DAG(s) 'example_xcom_args_with_operators', 'example_xcom_args' retrieved from /home/airflow/.local/lib/python3.8/site-packages/airflow/example_dags/example_xcomargs.py
[2025-05-13T21:58:36.565+0000] {logging_mixin.py:188} INFO - [2025-05-13T21:58:36.565+0000] {dag.py:3036} INFO - Sync 2 DAGs
[2025-05-13T21:58:36.579+0000] {logging_mixin.py:188} INFO - [2025-05-13T21:58:36.579+0000] {dag.py:3823} INFO - Setting next_dagrun for example_xcom_args to None, run_after=None
[2025-05-13T21:58:36.587+0000] {logging_mixin.py:188} INFO - [2025-05-13T21:58:36.587+0000] {dag.py:3823} INFO - Setting next_dagrun for example_xcom_args_with_operators to None, run_after=None
[2025-05-13T21:58:36.638+0000] {processor.py:183} INFO - Processing /home/airflow/.local/lib/python3.8/site-packages/airflow/example_dags/example_xcomargs.py took 0.123 seconds
[2025-05-13T21:59:07.288+0000] {processor.py:161} INFO - Started process (PID=789) to work on /home/airflow/.local/lib/python3.8/site-packages/airflow/example_dags/example_xcomargs.py
[2025-05-13T21:59:07.290+0000] {processor.py:830} INFO - Processing file /home/airflow/.local/lib/python3.8/site-packages/airflow/example_dags/example_xcomargs.py for tasks to queue
[2025-05-13T21:59:07.292+0000] {logging_mixin.py:188} INFO - [2025-05-13T21:59:07.292+0000] {dagbag.py:538} INFO - Filling up the DagBag from /home/airflow/.local/lib/python3.8/site-packages/airflow/example_dags/example_xcomargs.py
[2025-05-13T21:59:07.301+0000] {processor.py:840} INFO - DAG(s) 'example_xcom_args', 'example_xcom_args_with_operators' retrieved from /home/airflow/.local/lib/python3.8/site-packages/airflow/example_dags/example_xcomargs.py
[2025-05-13T21:59:07.330+0000] {logging_mixin.py:188} INFO - [2025-05-13T21:59:07.330+0000] {dag.py:3036} INFO - Sync 2 DAGs
[2025-05-13T21:59:07.345+0000] {logging_mixin.py:188} INFO - [2025-05-13T21:59:07.345+0000] {dag.py:3823} INFO - Setting next_dagrun for example_xcom_args to None, run_after=None
[2025-05-13T21:59:07.350+0000] {logging_mixin.py:188} INFO - [2025-05-13T21:59:07.349+0000] {dag.py:3823} INFO - Setting next_dagrun for example_xcom_args_with_operators to None, run_after=None
[2025-05-13T21:59:07.373+0000] {processor.py:183} INFO - Processing /home/airflow/.local/lib/python3.8/site-packages/airflow/example_dags/example_xcomargs.py took 0.087 seconds
[2025-05-13T21:59:37.573+0000] {processor.py:161} INFO - Started process (PID=845) to work on /home/airflow/.local/lib/python3.8/site-packages/airflow/example_dags/example_xcomargs.py
[2025-05-13T21:59:37.575+0000] {processor.py:830} INFO - Processing file /home/airflow/.local/lib/python3.8/site-packages/airflow/example_dags/example_xcomargs.py for tasks to queue
[2025-05-13T21:59:37.578+0000] {logging_mixin.py:188} INFO - [2025-05-13T21:59:37.578+0000] {dagbag.py:538} INFO - Filling up the DagBag from /home/airflow/.local/lib/python3.8/site-packages/airflow/example_dags/example_xcomargs.py
[2025-05-13T21:59:37.588+0000] {processor.py:840} INFO - DAG(s) 'example_xcom_args', 'example_xcom_args_with_operators' retrieved from /home/airflow/.local/lib/python3.8/site-packages/airflow/example_dags/example_xcomargs.py
[2025-05-13T21:59:37.667+0000] {logging_mixin.py:188} INFO - [2025-05-13T21:59:37.666+0000] {dag.py:3036} INFO - Sync 2 DAGs
[2025-05-13T21:59:37.697+0000] {logging_mixin.py:188} INFO - [2025-05-13T21:59:37.696+0000] {dag.py:3823} INFO - Setting next_dagrun for example_xcom_args to None, run_after=None
[2025-05-13T21:59:37.704+0000] {logging_mixin.py:188} INFO - [2025-05-13T21:59:37.704+0000] {dag.py:3823} INFO - Setting next_dagrun for example_xcom_args_with_operators to None, run_after=None
[2025-05-13T21:59:37.755+0000] {processor.py:183} INFO - Processing /home/airflow/.local/lib/python3.8/site-packages/airflow/example_dags/example_xcomargs.py took 0.184 seconds
