[2025-05-13T21:09:32.677+0000] {processor.py:161} INFO - Started process (PID=101) to work on /home/airflow/.local/lib/python3.8/site-packages/airflow/example_dags/example_skip_dag.py
[2025-05-13T21:09:32.679+0000] {processor.py:830} INFO - Processing file /home/airflow/.local/lib/python3.8/site-packages/airflow/example_dags/example_skip_dag.py for tasks to queue
[2025-05-13T21:09:32.681+0000] {logging_mixin.py:188} INFO - [2025-05-13T21:09:32.681+0000] {dagbag.py:538} INFO - Filling up the DagBag from /home/airflow/.local/lib/python3.8/site-packages/airflow/example_dags/example_skip_dag.py
[2025-05-13T21:09:32.692+0000] {processor.py:840} INFO - DAG(s) 'example_skip_dag' retrieved from /home/airflow/.local/lib/python3.8/site-packages/airflow/example_dags/example_skip_dag.py
[2025-05-13T21:09:32.909+0000] {logging_mixin.py:188} INFO - [2025-05-13T21:09:32.908+0000] {dag.py:3036} INFO - Sync 1 DAGs
[2025-05-13T21:09:32.938+0000] {logging_mixin.py:188} INFO - [2025-05-13T21:09:32.937+0000] {dag.py:3823} INFO - Setting next_dagrun for example_skip_dag to 2025-05-12 00:00:00+00:00, run_after=2025-05-13 00:00:00+00:00
[2025-05-13T21:09:32.966+0000] {processor.py:183} INFO - Processing /home/airflow/.local/lib/python3.8/site-packages/airflow/example_dags/example_skip_dag.py took 0.292 seconds
[2025-05-13T21:14:42.600+0000] {processor.py:161} INFO - Started process (PID=104) to work on /home/airflow/.local/lib/python3.8/site-packages/airflow/example_dags/example_skip_dag.py
[2025-05-13T21:14:42.603+0000] {processor.py:830} INFO - Processing file /home/airflow/.local/lib/python3.8/site-packages/airflow/example_dags/example_skip_dag.py for tasks to queue
[2025-05-13T21:14:42.610+0000] {logging_mixin.py:188} INFO - [2025-05-13T21:14:42.609+0000] {dagbag.py:538} INFO - Filling up the DagBag from /home/airflow/.local/lib/python3.8/site-packages/airflow/example_dags/example_skip_dag.py
[2025-05-13T21:14:42.664+0000] {processor.py:840} INFO - DAG(s) 'example_skip_dag' retrieved from /home/airflow/.local/lib/python3.8/site-packages/airflow/example_dags/example_skip_dag.py
[2025-05-13T21:14:42.969+0000] {logging_mixin.py:188} INFO - [2025-05-13T21:14:42.968+0000] {dag.py:3036} INFO - Sync 1 DAGs
[2025-05-13T21:14:43.017+0000] {logging_mixin.py:188} INFO - [2025-05-13T21:14:43.017+0000] {dag.py:3823} INFO - Setting next_dagrun for example_skip_dag to 2025-05-12 00:00:00+00:00, run_after=2025-05-13 00:00:00+00:00
[2025-05-13T21:14:43.085+0000] {processor.py:183} INFO - Processing /home/airflow/.local/lib/python3.8/site-packages/airflow/example_dags/example_skip_dag.py took 0.489 seconds
[2025-05-13T21:15:13.500+0000] {processor.py:161} INFO - Started process (PID=160) to work on /home/airflow/.local/lib/python3.8/site-packages/airflow/example_dags/example_skip_dag.py
[2025-05-13T21:15:13.501+0000] {processor.py:830} INFO - Processing file /home/airflow/.local/lib/python3.8/site-packages/airflow/example_dags/example_skip_dag.py for tasks to queue
[2025-05-13T21:15:13.504+0000] {logging_mixin.py:188} INFO - [2025-05-13T21:15:13.504+0000] {dagbag.py:538} INFO - Filling up the DagBag from /home/airflow/.local/lib/python3.8/site-packages/airflow/example_dags/example_skip_dag.py
[2025-05-13T21:15:13.513+0000] {processor.py:840} INFO - DAG(s) 'example_skip_dag' retrieved from /home/airflow/.local/lib/python3.8/site-packages/airflow/example_dags/example_skip_dag.py
[2025-05-13T21:15:13.535+0000] {logging_mixin.py:188} INFO - [2025-05-13T21:15:13.535+0000] {dag.py:3036} INFO - Sync 1 DAGs
[2025-05-13T21:15:13.563+0000] {logging_mixin.py:188} INFO - [2025-05-13T21:15:13.563+0000] {dag.py:3823} INFO - Setting next_dagrun for example_skip_dag to 2025-05-12 00:00:00+00:00, run_after=2025-05-13 00:00:00+00:00
[2025-05-13T21:15:13.589+0000] {processor.py:183} INFO - Processing /home/airflow/.local/lib/python3.8/site-packages/airflow/example_dags/example_skip_dag.py took 0.092 seconds
[2025-05-13T21:15:44.185+0000] {processor.py:161} INFO - Started process (PID=216) to work on /home/airflow/.local/lib/python3.8/site-packages/airflow/example_dags/example_skip_dag.py
[2025-05-13T21:15:44.187+0000] {processor.py:830} INFO - Processing file /home/airflow/.local/lib/python3.8/site-packages/airflow/example_dags/example_skip_dag.py for tasks to queue
[2025-05-13T21:15:44.189+0000] {logging_mixin.py:188} INFO - [2025-05-13T21:15:44.189+0000] {dagbag.py:538} INFO - Filling up the DagBag from /home/airflow/.local/lib/python3.8/site-packages/airflow/example_dags/example_skip_dag.py
[2025-05-13T21:15:44.198+0000] {processor.py:840} INFO - DAG(s) 'example_skip_dag' retrieved from /home/airflow/.local/lib/python3.8/site-packages/airflow/example_dags/example_skip_dag.py
[2025-05-13T21:15:44.227+0000] {logging_mixin.py:188} INFO - [2025-05-13T21:15:44.227+0000] {dag.py:3036} INFO - Sync 1 DAGs
[2025-05-13T21:15:44.251+0000] {logging_mixin.py:188} INFO - [2025-05-13T21:15:44.251+0000] {dag.py:3823} INFO - Setting next_dagrun for example_skip_dag to 2025-05-12 00:00:00+00:00, run_after=2025-05-13 00:00:00+00:00
[2025-05-13T21:15:44.271+0000] {processor.py:183} INFO - Processing /home/airflow/.local/lib/python3.8/site-packages/airflow/example_dags/example_skip_dag.py took 0.090 seconds
[2025-05-13T21:16:14.702+0000] {processor.py:161} INFO - Started process (PID=272) to work on /home/airflow/.local/lib/python3.8/site-packages/airflow/example_dags/example_skip_dag.py
[2025-05-13T21:16:14.704+0000] {processor.py:830} INFO - Processing file /home/airflow/.local/lib/python3.8/site-packages/airflow/example_dags/example_skip_dag.py for tasks to queue
[2025-05-13T21:16:14.706+0000] {logging_mixin.py:188} INFO - [2025-05-13T21:16:14.706+0000] {dagbag.py:538} INFO - Filling up the DagBag from /home/airflow/.local/lib/python3.8/site-packages/airflow/example_dags/example_skip_dag.py
[2025-05-13T21:16:14.715+0000] {processor.py:840} INFO - DAG(s) 'example_skip_dag' retrieved from /home/airflow/.local/lib/python3.8/site-packages/airflow/example_dags/example_skip_dag.py
[2025-05-13T21:16:14.756+0000] {logging_mixin.py:188} INFO - [2025-05-13T21:16:14.756+0000] {dag.py:3036} INFO - Sync 1 DAGs
[2025-05-13T21:16:14.814+0000] {logging_mixin.py:188} INFO - [2025-05-13T21:16:14.814+0000] {dag.py:3823} INFO - Setting next_dagrun for example_skip_dag to 2025-05-12 00:00:00+00:00, run_after=2025-05-13 00:00:00+00:00
[2025-05-13T21:16:14.880+0000] {processor.py:183} INFO - Processing /home/airflow/.local/lib/python3.8/site-packages/airflow/example_dags/example_skip_dag.py took 0.181 seconds
[2025-05-13T21:16:44.996+0000] {processor.py:161} INFO - Started process (PID=328) to work on /home/airflow/.local/lib/python3.8/site-packages/airflow/example_dags/example_skip_dag.py
[2025-05-13T21:16:44.997+0000] {processor.py:830} INFO - Processing file /home/airflow/.local/lib/python3.8/site-packages/airflow/example_dags/example_skip_dag.py for tasks to queue
[2025-05-13T21:16:44.999+0000] {logging_mixin.py:188} INFO - [2025-05-13T21:16:44.999+0000] {dagbag.py:538} INFO - Filling up the DagBag from /home/airflow/.local/lib/python3.8/site-packages/airflow/example_dags/example_skip_dag.py
[2025-05-13T21:16:45.006+0000] {processor.py:840} INFO - DAG(s) 'example_skip_dag' retrieved from /home/airflow/.local/lib/python3.8/site-packages/airflow/example_dags/example_skip_dag.py
[2025-05-13T21:16:45.032+0000] {logging_mixin.py:188} INFO - [2025-05-13T21:16:45.032+0000] {dag.py:3036} INFO - Sync 1 DAGs
[2025-05-13T21:16:45.061+0000] {logging_mixin.py:188} INFO - [2025-05-13T21:16:45.060+0000] {dag.py:3823} INFO - Setting next_dagrun for example_skip_dag to 2025-05-12 00:00:00+00:00, run_after=2025-05-13 00:00:00+00:00
[2025-05-13T21:16:45.089+0000] {processor.py:183} INFO - Processing /home/airflow/.local/lib/python3.8/site-packages/airflow/example_dags/example_skip_dag.py took 0.096 seconds
[2025-05-13T21:17:15.422+0000] {processor.py:161} INFO - Started process (PID=384) to work on /home/airflow/.local/lib/python3.8/site-packages/airflow/example_dags/example_skip_dag.py
[2025-05-13T21:17:15.423+0000] {processor.py:830} INFO - Processing file /home/airflow/.local/lib/python3.8/site-packages/airflow/example_dags/example_skip_dag.py for tasks to queue
[2025-05-13T21:17:15.425+0000] {logging_mixin.py:188} INFO - [2025-05-13T21:17:15.425+0000] {dagbag.py:538} INFO - Filling up the DagBag from /home/airflow/.local/lib/python3.8/site-packages/airflow/example_dags/example_skip_dag.py
[2025-05-13T21:17:15.431+0000] {processor.py:840} INFO - DAG(s) 'example_skip_dag' retrieved from /home/airflow/.local/lib/python3.8/site-packages/airflow/example_dags/example_skip_dag.py
[2025-05-13T21:17:15.454+0000] {logging_mixin.py:188} INFO - [2025-05-13T21:17:15.453+0000] {dag.py:3036} INFO - Sync 1 DAGs
[2025-05-13T21:17:15.478+0000] {logging_mixin.py:188} INFO - [2025-05-13T21:17:15.477+0000] {dag.py:3823} INFO - Setting next_dagrun for example_skip_dag to 2025-05-12 00:00:00+00:00, run_after=2025-05-13 00:00:00+00:00
[2025-05-13T21:17:15.506+0000] {processor.py:183} INFO - Processing /home/airflow/.local/lib/python3.8/site-packages/airflow/example_dags/example_skip_dag.py took 0.087 seconds
[2025-05-13T21:17:45.958+0000] {processor.py:161} INFO - Started process (PID=440) to work on /home/airflow/.local/lib/python3.8/site-packages/airflow/example_dags/example_skip_dag.py
[2025-05-13T21:17:45.960+0000] {processor.py:830} INFO - Processing file /home/airflow/.local/lib/python3.8/site-packages/airflow/example_dags/example_skip_dag.py for tasks to queue
[2025-05-13T21:17:45.962+0000] {logging_mixin.py:188} INFO - [2025-05-13T21:17:45.962+0000] {dagbag.py:538} INFO - Filling up the DagBag from /home/airflow/.local/lib/python3.8/site-packages/airflow/example_dags/example_skip_dag.py
[2025-05-13T21:17:45.969+0000] {processor.py:840} INFO - DAG(s) 'example_skip_dag' retrieved from /home/airflow/.local/lib/python3.8/site-packages/airflow/example_dags/example_skip_dag.py
[2025-05-13T21:17:45.995+0000] {logging_mixin.py:188} INFO - [2025-05-13T21:17:45.995+0000] {dag.py:3036} INFO - Sync 1 DAGs
[2025-05-13T21:17:46.021+0000] {logging_mixin.py:188} INFO - [2025-05-13T21:17:46.020+0000] {dag.py:3823} INFO - Setting next_dagrun for example_skip_dag to 2025-05-12 00:00:00+00:00, run_after=2025-05-13 00:00:00+00:00
[2025-05-13T21:17:46.043+0000] {processor.py:183} INFO - Processing /home/airflow/.local/lib/python3.8/site-packages/airflow/example_dags/example_skip_dag.py took 0.087 seconds
[2025-05-13T21:18:16.892+0000] {processor.py:161} INFO - Started process (PID=502) to work on /home/airflow/.local/lib/python3.8/site-packages/airflow/example_dags/example_skip_dag.py
[2025-05-13T21:18:16.894+0000] {processor.py:830} INFO - Processing file /home/airflow/.local/lib/python3.8/site-packages/airflow/example_dags/example_skip_dag.py for tasks to queue
[2025-05-13T21:18:16.895+0000] {logging_mixin.py:188} INFO - [2025-05-13T21:18:16.895+0000] {dagbag.py:538} INFO - Filling up the DagBag from /home/airflow/.local/lib/python3.8/site-packages/airflow/example_dags/example_skip_dag.py
[2025-05-13T21:18:16.906+0000] {processor.py:840} INFO - DAG(s) 'example_skip_dag' retrieved from /home/airflow/.local/lib/python3.8/site-packages/airflow/example_dags/example_skip_dag.py
[2025-05-13T21:18:16.941+0000] {logging_mixin.py:188} INFO - [2025-05-13T21:18:16.940+0000] {dag.py:3036} INFO - Sync 1 DAGs
[2025-05-13T21:18:16.974+0000] {logging_mixin.py:188} INFO - [2025-05-13T21:18:16.973+0000] {dag.py:3823} INFO - Setting next_dagrun for example_skip_dag to 2025-05-12 00:00:00+00:00, run_after=2025-05-13 00:00:00+00:00
[2025-05-13T21:18:17.021+0000] {processor.py:183} INFO - Processing /home/airflow/.local/lib/python3.8/site-packages/airflow/example_dags/example_skip_dag.py took 0.131 seconds
[2025-05-13T21:18:47.233+0000] {processor.py:161} INFO - Started process (PID=557) to work on /home/airflow/.local/lib/python3.8/site-packages/airflow/example_dags/example_skip_dag.py
[2025-05-13T21:18:47.234+0000] {processor.py:830} INFO - Processing file /home/airflow/.local/lib/python3.8/site-packages/airflow/example_dags/example_skip_dag.py for tasks to queue
[2025-05-13T21:18:47.236+0000] {logging_mixin.py:188} INFO - [2025-05-13T21:18:47.235+0000] {dagbag.py:538} INFO - Filling up the DagBag from /home/airflow/.local/lib/python3.8/site-packages/airflow/example_dags/example_skip_dag.py
[2025-05-13T21:18:47.242+0000] {processor.py:840} INFO - DAG(s) 'example_skip_dag' retrieved from /home/airflow/.local/lib/python3.8/site-packages/airflow/example_dags/example_skip_dag.py
[2025-05-13T21:18:47.265+0000] {logging_mixin.py:188} INFO - [2025-05-13T21:18:47.265+0000] {dag.py:3036} INFO - Sync 1 DAGs
[2025-05-13T21:18:47.287+0000] {logging_mixin.py:188} INFO - [2025-05-13T21:18:47.286+0000] {dag.py:3823} INFO - Setting next_dagrun for example_skip_dag to 2025-05-12 00:00:00+00:00, run_after=2025-05-13 00:00:00+00:00
[2025-05-13T21:18:47.308+0000] {processor.py:183} INFO - Processing /home/airflow/.local/lib/python3.8/site-packages/airflow/example_dags/example_skip_dag.py took 0.078 seconds
[2025-05-13T21:19:17.822+0000] {processor.py:161} INFO - Started process (PID=614) to work on /home/airflow/.local/lib/python3.8/site-packages/airflow/example_dags/example_skip_dag.py
[2025-05-13T21:19:17.824+0000] {processor.py:830} INFO - Processing file /home/airflow/.local/lib/python3.8/site-packages/airflow/example_dags/example_skip_dag.py for tasks to queue
[2025-05-13T21:19:17.827+0000] {logging_mixin.py:188} INFO - [2025-05-13T21:19:17.826+0000] {dagbag.py:538} INFO - Filling up the DagBag from /home/airflow/.local/lib/python3.8/site-packages/airflow/example_dags/example_skip_dag.py
[2025-05-13T21:19:17.836+0000] {processor.py:840} INFO - DAG(s) 'example_skip_dag' retrieved from /home/airflow/.local/lib/python3.8/site-packages/airflow/example_dags/example_skip_dag.py
[2025-05-13T21:19:17.870+0000] {logging_mixin.py:188} INFO - [2025-05-13T21:19:17.869+0000] {dag.py:3036} INFO - Sync 1 DAGs
[2025-05-13T21:19:17.901+0000] {logging_mixin.py:188} INFO - [2025-05-13T21:19:17.901+0000] {dag.py:3823} INFO - Setting next_dagrun for example_skip_dag to 2025-05-12 00:00:00+00:00, run_after=2025-05-13 00:00:00+00:00
[2025-05-13T21:19:17.960+0000] {processor.py:183} INFO - Processing /home/airflow/.local/lib/python3.8/site-packages/airflow/example_dags/example_skip_dag.py took 0.142 seconds
[2025-05-13T21:58:09.204+0000] {processor.py:161} INFO - Started process (PID=688) to work on /home/airflow/.local/lib/python3.8/site-packages/airflow/example_dags/example_skip_dag.py
[2025-05-13T21:58:09.208+0000] {processor.py:830} INFO - Processing file /home/airflow/.local/lib/python3.8/site-packages/airflow/example_dags/example_skip_dag.py for tasks to queue
[2025-05-13T21:58:09.211+0000] {logging_mixin.py:188} INFO - [2025-05-13T21:58:09.210+0000] {dagbag.py:538} INFO - Filling up the DagBag from /home/airflow/.local/lib/python3.8/site-packages/airflow/example_dags/example_skip_dag.py
[2025-05-13T21:58:09.224+0000] {processor.py:840} INFO - DAG(s) 'example_skip_dag' retrieved from /home/airflow/.local/lib/python3.8/site-packages/airflow/example_dags/example_skip_dag.py
[2025-05-13T21:58:09.262+0000] {logging_mixin.py:188} INFO - [2025-05-13T21:58:09.261+0000] {dag.py:3036} INFO - Sync 1 DAGs
[2025-05-13T21:58:09.300+0000] {logging_mixin.py:188} INFO - [2025-05-13T21:58:09.300+0000] {dag.py:3823} INFO - Setting next_dagrun for example_skip_dag to 2025-05-12 00:00:00+00:00, run_after=2025-05-13 00:00:00+00:00
[2025-05-13T21:58:09.341+0000] {processor.py:183} INFO - Processing /home/airflow/.local/lib/python3.8/site-packages/airflow/example_dags/example_skip_dag.py took 0.143 seconds
[2025-05-13T21:58:39.471+0000] {processor.py:161} INFO - Started process (PID=744) to work on /home/airflow/.local/lib/python3.8/site-packages/airflow/example_dags/example_skip_dag.py
[2025-05-13T21:58:39.472+0000] {processor.py:830} INFO - Processing file /home/airflow/.local/lib/python3.8/site-packages/airflow/example_dags/example_skip_dag.py for tasks to queue
[2025-05-13T21:58:39.475+0000] {logging_mixin.py:188} INFO - [2025-05-13T21:58:39.474+0000] {dagbag.py:538} INFO - Filling up the DagBag from /home/airflow/.local/lib/python3.8/site-packages/airflow/example_dags/example_skip_dag.py
[2025-05-13T21:58:39.483+0000] {processor.py:840} INFO - DAG(s) 'example_skip_dag' retrieved from /home/airflow/.local/lib/python3.8/site-packages/airflow/example_dags/example_skip_dag.py
[2025-05-13T21:58:39.511+0000] {logging_mixin.py:188} INFO - [2025-05-13T21:58:39.511+0000] {dag.py:3036} INFO - Sync 1 DAGs
[2025-05-13T21:58:39.556+0000] {logging_mixin.py:188} INFO - [2025-05-13T21:58:39.555+0000] {dag.py:3823} INFO - Setting next_dagrun for example_skip_dag to 2025-05-12 00:00:00+00:00, run_after=2025-05-13 00:00:00+00:00
[2025-05-13T21:58:39.595+0000] {processor.py:183} INFO - Processing /home/airflow/.local/lib/python3.8/site-packages/airflow/example_dags/example_skip_dag.py took 0.127 seconds
[2025-05-13T21:59:10.172+0000] {processor.py:161} INFO - Started process (PID=801) to work on /home/airflow/.local/lib/python3.8/site-packages/airflow/example_dags/example_skip_dag.py
[2025-05-13T21:59:10.174+0000] {processor.py:830} INFO - Processing file /home/airflow/.local/lib/python3.8/site-packages/airflow/example_dags/example_skip_dag.py for tasks to queue
[2025-05-13T21:59:10.178+0000] {logging_mixin.py:188} INFO - [2025-05-13T21:59:10.177+0000] {dagbag.py:538} INFO - Filling up the DagBag from /home/airflow/.local/lib/python3.8/site-packages/airflow/example_dags/example_skip_dag.py
[2025-05-13T21:59:10.186+0000] {processor.py:840} INFO - DAG(s) 'example_skip_dag' retrieved from /home/airflow/.local/lib/python3.8/site-packages/airflow/example_dags/example_skip_dag.py
[2025-05-13T21:59:10.221+0000] {logging_mixin.py:188} INFO - [2025-05-13T21:59:10.220+0000] {dag.py:3036} INFO - Sync 1 DAGs
[2025-05-13T21:59:10.254+0000] {logging_mixin.py:188} INFO - [2025-05-13T21:59:10.253+0000] {dag.py:3823} INFO - Setting next_dagrun for example_skip_dag to 2025-05-12 00:00:00+00:00, run_after=2025-05-13 00:00:00+00:00
[2025-05-13T21:59:10.289+0000] {processor.py:183} INFO - Processing /home/airflow/.local/lib/python3.8/site-packages/airflow/example_dags/example_skip_dag.py took 0.121 seconds
[2025-05-13T21:59:41.087+0000] {processor.py:161} INFO - Started process (PID=857) to work on /home/airflow/.local/lib/python3.8/site-packages/airflow/example_dags/example_skip_dag.py
[2025-05-13T21:59:41.088+0000] {processor.py:830} INFO - Processing file /home/airflow/.local/lib/python3.8/site-packages/airflow/example_dags/example_skip_dag.py for tasks to queue
[2025-05-13T21:59:41.091+0000] {logging_mixin.py:188} INFO - [2025-05-13T21:59:41.091+0000] {dagbag.py:538} INFO - Filling up the DagBag from /home/airflow/.local/lib/python3.8/site-packages/airflow/example_dags/example_skip_dag.py
[2025-05-13T21:59:41.102+0000] {processor.py:840} INFO - DAG(s) 'example_skip_dag' retrieved from /home/airflow/.local/lib/python3.8/site-packages/airflow/example_dags/example_skip_dag.py
[2025-05-13T21:59:41.153+0000] {logging_mixin.py:188} INFO - [2025-05-13T21:59:41.153+0000] {dag.py:3036} INFO - Sync 1 DAGs
[2025-05-13T21:59:41.197+0000] {logging_mixin.py:188} INFO - [2025-05-13T21:59:41.197+0000] {dag.py:3823} INFO - Setting next_dagrun for example_skip_dag to 2025-05-12 00:00:00+00:00, run_after=2025-05-13 00:00:00+00:00
[2025-05-13T21:59:41.265+0000] {processor.py:183} INFO - Processing /home/airflow/.local/lib/python3.8/site-packages/airflow/example_dags/example_skip_dag.py took 0.181 seconds
