[2025-05-13T21:09:30.332+0000] {processor.py:161} INFO - Started process (PID=87) to work on /home/airflow/.local/lib/python3.8/site-packages/airflow/example_dags/example_branch_python_dop_operator_3.py
[2025-05-13T21:09:30.334+0000] {processor.py:830} INFO - Processing file /home/airflow/.local/lib/python3.8/site-packages/airflow/example_dags/example_branch_python_dop_operator_3.py for tasks to queue
[2025-05-13T21:09:30.338+0000] {logging_mixin.py:188} INFO - [2025-05-13T21:09:30.336+0000] {dagbag.py:538} INFO - Filling up the DagBag from /home/airflow/.local/lib/python3.8/site-packages/airflow/example_dags/example_branch_python_dop_operator_3.py
[2025-05-13T21:09:30.350+0000] {processor.py:840} INFO - DAG(s) 'example_branch_dop_operator_v3' retrieved from /home/airflow/.local/lib/python3.8/site-packages/airflow/example_dags/example_branch_python_dop_operator_3.py
[2025-05-13T21:09:30.550+0000] {logging_mixin.py:188} INFO - [2025-05-13T21:09:30.550+0000] {dag.py:3036} INFO - Sync 1 DAGs
[2025-05-13T21:09:30.601+0000] {logging_mixin.py:188} INFO - [2025-05-13T21:09:30.601+0000] {dag.py:3823} INFO - Setting next_dagrun for example_branch_dop_operator_v3 to 2025-05-13 21:08:00+00:00, run_after=2025-05-13 21:09:00+00:00
[2025-05-13T21:09:30.644+0000] {processor.py:183} INFO - Processing /home/airflow/.local/lib/python3.8/site-packages/airflow/example_dags/example_branch_python_dop_operator_3.py took 0.315 seconds
[2025-05-13T21:10:01.607+0000] {processor.py:161} INFO - Started process (PID=143) to work on /home/airflow/.local/lib/python3.8/site-packages/airflow/example_dags/example_branch_python_dop_operator_3.py
[2025-05-13T21:10:01.611+0000] {processor.py:830} INFO - Processing file /home/airflow/.local/lib/python3.8/site-packages/airflow/example_dags/example_branch_python_dop_operator_3.py for tasks to queue
[2025-05-13T21:10:01.613+0000] {logging_mixin.py:188} INFO - [2025-05-13T21:10:01.613+0000] {dagbag.py:538} INFO - Filling up the DagBag from /home/airflow/.local/lib/python3.8/site-packages/airflow/example_dags/example_branch_python_dop_operator_3.py
[2025-05-13T21:10:01.627+0000] {processor.py:840} INFO - DAG(s) 'example_branch_dop_operator_v3' retrieved from /home/airflow/.local/lib/python3.8/site-packages/airflow/example_dags/example_branch_python_dop_operator_3.py
[2025-05-13T21:10:01.663+0000] {logging_mixin.py:188} INFO - [2025-05-13T21:10:01.662+0000] {dag.py:3036} INFO - Sync 1 DAGs
[2025-05-13T21:10:01.722+0000] {logging_mixin.py:188} INFO - [2025-05-13T21:10:01.722+0000] {dag.py:3823} INFO - Setting next_dagrun for example_branch_dop_operator_v3 to 2025-05-13 21:09:00+00:00, run_after=2025-05-13 21:10:00+00:00
[2025-05-13T21:10:01.786+0000] {processor.py:183} INFO - Processing /home/airflow/.local/lib/python3.8/site-packages/airflow/example_dags/example_branch_python_dop_operator_3.py took 0.182 seconds
[2025-05-13T21:12:01.412+0000] {processor.py:161} INFO - Started process (PID=177) to work on /home/airflow/.local/lib/python3.8/site-packages/airflow/example_dags/example_branch_python_dop_operator_3.py
[2025-05-13T21:12:01.415+0000] {processor.py:830} INFO - Processing file /home/airflow/.local/lib/python3.8/site-packages/airflow/example_dags/example_branch_python_dop_operator_3.py for tasks to queue
[2025-05-13T21:12:01.417+0000] {logging_mixin.py:188} INFO - [2025-05-13T21:12:01.416+0000] {dagbag.py:538} INFO - Filling up the DagBag from /home/airflow/.local/lib/python3.8/site-packages/airflow/example_dags/example_branch_python_dop_operator_3.py
[2025-05-13T21:12:01.483+0000] {processor.py:840} INFO - DAG(s) 'example_branch_dop_operator_v3' retrieved from /home/airflow/.local/lib/python3.8/site-packages/airflow/example_dags/example_branch_python_dop_operator_3.py
[2025-05-13T21:12:01.812+0000] {logging_mixin.py:188} INFO - [2025-05-13T21:12:01.811+0000] {dag.py:3036} INFO - Sync 1 DAGs
[2025-05-13T21:12:01.933+0000] {logging_mixin.py:188} INFO - [2025-05-13T21:12:01.933+0000] {dag.py:3823} INFO - Setting next_dagrun for example_branch_dop_operator_v3 to 2025-05-13 21:11:00+00:00, run_after=2025-05-13 21:12:00+00:00
[2025-05-13T21:12:01.981+0000] {processor.py:183} INFO - Processing /home/airflow/.local/lib/python3.8/site-packages/airflow/example_dags/example_branch_python_dop_operator_3.py took 0.580 seconds
[2025-05-13T21:14:38.141+0000] {processor.py:161} INFO - Started process (PID=90) to work on /home/airflow/.local/lib/python3.8/site-packages/airflow/example_dags/example_branch_python_dop_operator_3.py
[2025-05-13T21:14:38.149+0000] {processor.py:830} INFO - Processing file /home/airflow/.local/lib/python3.8/site-packages/airflow/example_dags/example_branch_python_dop_operator_3.py for tasks to queue
[2025-05-13T21:14:38.152+0000] {logging_mixin.py:188} INFO - [2025-05-13T21:14:38.152+0000] {dagbag.py:538} INFO - Filling up the DagBag from /home/airflow/.local/lib/python3.8/site-packages/airflow/example_dags/example_branch_python_dop_operator_3.py
[2025-05-13T21:14:38.179+0000] {processor.py:840} INFO - DAG(s) 'example_branch_dop_operator_v3' retrieved from /home/airflow/.local/lib/python3.8/site-packages/airflow/example_dags/example_branch_python_dop_operator_3.py
[2025-05-13T21:14:39.386+0000] {logging_mixin.py:188} INFO - [2025-05-13T21:14:39.385+0000] {dag.py:3036} INFO - Sync 1 DAGs
[2025-05-13T21:14:39.466+0000] {logging_mixin.py:188} INFO - [2025-05-13T21:14:39.466+0000] {dag.py:3823} INFO - Setting next_dagrun for example_branch_dop_operator_v3 to 2025-05-13 21:13:00+00:00, run_after=2025-05-13 21:14:00+00:00
[2025-05-13T21:14:39.506+0000] {processor.py:183} INFO - Processing /home/airflow/.local/lib/python3.8/site-packages/airflow/example_dags/example_branch_python_dop_operator_3.py took 1.369 seconds
[2025-05-13T21:15:10.490+0000] {processor.py:161} INFO - Started process (PID=146) to work on /home/airflow/.local/lib/python3.8/site-packages/airflow/example_dags/example_branch_python_dop_operator_3.py
[2025-05-13T21:15:10.492+0000] {processor.py:830} INFO - Processing file /home/airflow/.local/lib/python3.8/site-packages/airflow/example_dags/example_branch_python_dop_operator_3.py for tasks to queue
[2025-05-13T21:15:10.495+0000] {logging_mixin.py:188} INFO - [2025-05-13T21:15:10.495+0000] {dagbag.py:538} INFO - Filling up the DagBag from /home/airflow/.local/lib/python3.8/site-packages/airflow/example_dags/example_branch_python_dop_operator_3.py
[2025-05-13T21:15:10.503+0000] {processor.py:840} INFO - DAG(s) 'example_branch_dop_operator_v3' retrieved from /home/airflow/.local/lib/python3.8/site-packages/airflow/example_dags/example_branch_python_dop_operator_3.py
[2025-05-13T21:15:10.527+0000] {logging_mixin.py:188} INFO - [2025-05-13T21:15:10.526+0000] {dag.py:3036} INFO - Sync 1 DAGs
[2025-05-13T21:15:10.556+0000] {logging_mixin.py:188} INFO - [2025-05-13T21:15:10.556+0000] {dag.py:3823} INFO - Setting next_dagrun for example_branch_dop_operator_v3 to 2025-05-13 21:14:00+00:00, run_after=2025-05-13 21:15:00+00:00
[2025-05-13T21:15:10.581+0000] {processor.py:183} INFO - Processing /home/airflow/.local/lib/python3.8/site-packages/airflow/example_dags/example_branch_python_dop_operator_3.py took 0.093 seconds
[2025-05-13T21:15:40.916+0000] {processor.py:161} INFO - Started process (PID=202) to work on /home/airflow/.local/lib/python3.8/site-packages/airflow/example_dags/example_branch_python_dop_operator_3.py
[2025-05-13T21:15:40.918+0000] {processor.py:830} INFO - Processing file /home/airflow/.local/lib/python3.8/site-packages/airflow/example_dags/example_branch_python_dop_operator_3.py for tasks to queue
[2025-05-13T21:15:40.922+0000] {logging_mixin.py:188} INFO - [2025-05-13T21:15:40.921+0000] {dagbag.py:538} INFO - Filling up the DagBag from /home/airflow/.local/lib/python3.8/site-packages/airflow/example_dags/example_branch_python_dop_operator_3.py
[2025-05-13T21:15:41.019+0000] {processor.py:840} INFO - DAG(s) 'example_branch_dop_operator_v3' retrieved from /home/airflow/.local/lib/python3.8/site-packages/airflow/example_dags/example_branch_python_dop_operator_3.py
[2025-05-13T21:15:41.054+0000] {logging_mixin.py:188} INFO - [2025-05-13T21:15:41.053+0000] {dag.py:3036} INFO - Sync 1 DAGs
[2025-05-13T21:15:41.092+0000] {logging_mixin.py:188} INFO - [2025-05-13T21:15:41.091+0000] {dag.py:3823} INFO - Setting next_dagrun for example_branch_dop_operator_v3 to 2025-05-13 21:14:00+00:00, run_after=2025-05-13 21:15:00+00:00
[2025-05-13T21:15:41.122+0000] {processor.py:183} INFO - Processing /home/airflow/.local/lib/python3.8/site-packages/airflow/example_dags/example_branch_python_dop_operator_3.py took 0.210 seconds
[2025-05-13T21:16:11.230+0000] {processor.py:161} INFO - Started process (PID=258) to work on /home/airflow/.local/lib/python3.8/site-packages/airflow/example_dags/example_branch_python_dop_operator_3.py
[2025-05-13T21:16:11.232+0000] {processor.py:830} INFO - Processing file /home/airflow/.local/lib/python3.8/site-packages/airflow/example_dags/example_branch_python_dop_operator_3.py for tasks to queue
[2025-05-13T21:16:11.235+0000] {logging_mixin.py:188} INFO - [2025-05-13T21:16:11.234+0000] {dagbag.py:538} INFO - Filling up the DagBag from /home/airflow/.local/lib/python3.8/site-packages/airflow/example_dags/example_branch_python_dop_operator_3.py
[2025-05-13T21:16:11.247+0000] {processor.py:840} INFO - DAG(s) 'example_branch_dop_operator_v3' retrieved from /home/airflow/.local/lib/python3.8/site-packages/airflow/example_dags/example_branch_python_dop_operator_3.py
[2025-05-13T21:16:11.284+0000] {logging_mixin.py:188} INFO - [2025-05-13T21:16:11.283+0000] {dag.py:3036} INFO - Sync 1 DAGs
[2025-05-13T21:16:11.333+0000] {logging_mixin.py:188} INFO - [2025-05-13T21:16:11.333+0000] {dag.py:3823} INFO - Setting next_dagrun for example_branch_dop_operator_v3 to 2025-05-13 21:15:00+00:00, run_after=2025-05-13 21:16:00+00:00
[2025-05-13T21:16:11.376+0000] {processor.py:183} INFO - Processing /home/airflow/.local/lib/python3.8/site-packages/airflow/example_dags/example_branch_python_dop_operator_3.py took 0.151 seconds
[2025-05-13T21:16:41.764+0000] {processor.py:161} INFO - Started process (PID=314) to work on /home/airflow/.local/lib/python3.8/site-packages/airflow/example_dags/example_branch_python_dop_operator_3.py
[2025-05-13T21:16:41.766+0000] {processor.py:830} INFO - Processing file /home/airflow/.local/lib/python3.8/site-packages/airflow/example_dags/example_branch_python_dop_operator_3.py for tasks to queue
[2025-05-13T21:16:41.769+0000] {logging_mixin.py:188} INFO - [2025-05-13T21:16:41.768+0000] {dagbag.py:538} INFO - Filling up the DagBag from /home/airflow/.local/lib/python3.8/site-packages/airflow/example_dags/example_branch_python_dop_operator_3.py
[2025-05-13T21:16:41.785+0000] {processor.py:840} INFO - DAG(s) 'example_branch_dop_operator_v3' retrieved from /home/airflow/.local/lib/python3.8/site-packages/airflow/example_dags/example_branch_python_dop_operator_3.py
[2025-05-13T21:16:41.821+0000] {logging_mixin.py:188} INFO - [2025-05-13T21:16:41.820+0000] {dag.py:3036} INFO - Sync 1 DAGs
[2025-05-13T21:16:41.872+0000] {logging_mixin.py:188} INFO - [2025-05-13T21:16:41.872+0000] {dag.py:3823} INFO - Setting next_dagrun for example_branch_dop_operator_v3 to 2025-05-13 21:15:00+00:00, run_after=2025-05-13 21:16:00+00:00
[2025-05-13T21:16:41.922+0000] {processor.py:183} INFO - Processing /home/airflow/.local/lib/python3.8/site-packages/airflow/example_dags/example_branch_python_dop_operator_3.py took 0.162 seconds
[2025-05-13T21:17:11.995+0000] {processor.py:161} INFO - Started process (PID=370) to work on /home/airflow/.local/lib/python3.8/site-packages/airflow/example_dags/example_branch_python_dop_operator_3.py
[2025-05-13T21:17:11.997+0000] {processor.py:830} INFO - Processing file /home/airflow/.local/lib/python3.8/site-packages/airflow/example_dags/example_branch_python_dop_operator_3.py for tasks to queue
[2025-05-13T21:17:11.999+0000] {logging_mixin.py:188} INFO - [2025-05-13T21:17:11.998+0000] {dagbag.py:538} INFO - Filling up the DagBag from /home/airflow/.local/lib/python3.8/site-packages/airflow/example_dags/example_branch_python_dop_operator_3.py
[2025-05-13T21:17:12.008+0000] {processor.py:840} INFO - DAG(s) 'example_branch_dop_operator_v3' retrieved from /home/airflow/.local/lib/python3.8/site-packages/airflow/example_dags/example_branch_python_dop_operator_3.py
[2025-05-13T21:17:12.044+0000] {logging_mixin.py:188} INFO - [2025-05-13T21:17:12.044+0000] {dag.py:3036} INFO - Sync 1 DAGs
[2025-05-13T21:17:12.073+0000] {logging_mixin.py:188} INFO - [2025-05-13T21:17:12.072+0000] {dag.py:3823} INFO - Setting next_dagrun for example_branch_dop_operator_v3 to 2025-05-13 21:16:00+00:00, run_after=2025-05-13 21:17:00+00:00
[2025-05-13T21:17:12.119+0000] {processor.py:183} INFO - Processing /home/airflow/.local/lib/python3.8/site-packages/airflow/example_dags/example_branch_python_dop_operator_3.py took 0.127 seconds
[2025-05-13T21:17:42.689+0000] {processor.py:161} INFO - Started process (PID=426) to work on /home/airflow/.local/lib/python3.8/site-packages/airflow/example_dags/example_branch_python_dop_operator_3.py
[2025-05-13T21:17:42.691+0000] {processor.py:830} INFO - Processing file /home/airflow/.local/lib/python3.8/site-packages/airflow/example_dags/example_branch_python_dop_operator_3.py for tasks to queue
[2025-05-13T21:17:42.694+0000] {logging_mixin.py:188} INFO - [2025-05-13T21:17:42.693+0000] {dagbag.py:538} INFO - Filling up the DagBag from /home/airflow/.local/lib/python3.8/site-packages/airflow/example_dags/example_branch_python_dop_operator_3.py
[2025-05-13T21:17:42.704+0000] {processor.py:840} INFO - DAG(s) 'example_branch_dop_operator_v3' retrieved from /home/airflow/.local/lib/python3.8/site-packages/airflow/example_dags/example_branch_python_dop_operator_3.py
[2025-05-13T21:17:42.737+0000] {logging_mixin.py:188} INFO - [2025-05-13T21:17:42.736+0000] {dag.py:3036} INFO - Sync 1 DAGs
[2025-05-13T21:17:42.773+0000] {logging_mixin.py:188} INFO - [2025-05-13T21:17:42.772+0000] {dag.py:3823} INFO - Setting next_dagrun for example_branch_dop_operator_v3 to 2025-05-13 21:16:00+00:00, run_after=2025-05-13 21:17:00+00:00
[2025-05-13T21:17:42.808+0000] {processor.py:183} INFO - Processing /home/airflow/.local/lib/python3.8/site-packages/airflow/example_dags/example_branch_python_dop_operator_3.py took 0.122 seconds
[2025-05-13T21:18:13.694+0000] {processor.py:161} INFO - Started process (PID=482) to work on /home/airflow/.local/lib/python3.8/site-packages/airflow/example_dags/example_branch_python_dop_operator_3.py
[2025-05-13T21:18:13.695+0000] {processor.py:830} INFO - Processing file /home/airflow/.local/lib/python3.8/site-packages/airflow/example_dags/example_branch_python_dop_operator_3.py for tasks to queue
[2025-05-13T21:18:13.697+0000] {logging_mixin.py:188} INFO - [2025-05-13T21:18:13.697+0000] {dagbag.py:538} INFO - Filling up the DagBag from /home/airflow/.local/lib/python3.8/site-packages/airflow/example_dags/example_branch_python_dop_operator_3.py
[2025-05-13T21:18:13.708+0000] {processor.py:840} INFO - DAG(s) 'example_branch_dop_operator_v3' retrieved from /home/airflow/.local/lib/python3.8/site-packages/airflow/example_dags/example_branch_python_dop_operator_3.py
[2025-05-13T21:18:13.756+0000] {logging_mixin.py:188} INFO - [2025-05-13T21:18:13.756+0000] {dag.py:3036} INFO - Sync 1 DAGs
[2025-05-13T21:18:13.800+0000] {logging_mixin.py:188} INFO - [2025-05-13T21:18:13.799+0000] {dag.py:3823} INFO - Setting next_dagrun for example_branch_dop_operator_v3 to 2025-05-13 21:17:00+00:00, run_after=2025-05-13 21:18:00+00:00
[2025-05-13T21:18:13.902+0000] {processor.py:183} INFO - Processing /home/airflow/.local/lib/python3.8/site-packages/airflow/example_dags/example_branch_python_dop_operator_3.py took 0.213 seconds
[2025-05-13T21:18:43.975+0000] {processor.py:161} INFO - Started process (PID=538) to work on /home/airflow/.local/lib/python3.8/site-packages/airflow/example_dags/example_branch_python_dop_operator_3.py
[2025-05-13T21:18:43.977+0000] {processor.py:830} INFO - Processing file /home/airflow/.local/lib/python3.8/site-packages/airflow/example_dags/example_branch_python_dop_operator_3.py for tasks to queue
[2025-05-13T21:18:43.980+0000] {logging_mixin.py:188} INFO - [2025-05-13T21:18:43.979+0000] {dagbag.py:538} INFO - Filling up the DagBag from /home/airflow/.local/lib/python3.8/site-packages/airflow/example_dags/example_branch_python_dop_operator_3.py
[2025-05-13T21:18:43.998+0000] {processor.py:840} INFO - DAG(s) 'example_branch_dop_operator_v3' retrieved from /home/airflow/.local/lib/python3.8/site-packages/airflow/example_dags/example_branch_python_dop_operator_3.py
[2025-05-13T21:18:44.031+0000] {logging_mixin.py:188} INFO - [2025-05-13T21:18:44.030+0000] {dag.py:3036} INFO - Sync 1 DAGs
[2025-05-13T21:18:44.066+0000] {logging_mixin.py:188} INFO - [2025-05-13T21:18:44.065+0000] {dag.py:3823} INFO - Setting next_dagrun for example_branch_dop_operator_v3 to 2025-05-13 21:17:00+00:00, run_after=2025-05-13 21:18:00+00:00
[2025-05-13T21:18:44.097+0000] {processor.py:183} INFO - Processing /home/airflow/.local/lib/python3.8/site-packages/airflow/example_dags/example_branch_python_dop_operator_3.py took 0.126 seconds
[2025-05-13T21:19:14.192+0000] {processor.py:161} INFO - Started process (PID=593) to work on /home/airflow/.local/lib/python3.8/site-packages/airflow/example_dags/example_branch_python_dop_operator_3.py
[2025-05-13T21:19:14.194+0000] {processor.py:830} INFO - Processing file /home/airflow/.local/lib/python3.8/site-packages/airflow/example_dags/example_branch_python_dop_operator_3.py for tasks to queue
[2025-05-13T21:19:14.196+0000] {logging_mixin.py:188} INFO - [2025-05-13T21:19:14.196+0000] {dagbag.py:538} INFO - Filling up the DagBag from /home/airflow/.local/lib/python3.8/site-packages/airflow/example_dags/example_branch_python_dop_operator_3.py
[2025-05-13T21:19:14.207+0000] {processor.py:840} INFO - DAG(s) 'example_branch_dop_operator_v3' retrieved from /home/airflow/.local/lib/python3.8/site-packages/airflow/example_dags/example_branch_python_dop_operator_3.py
[2025-05-13T21:19:14.236+0000] {logging_mixin.py:188} INFO - [2025-05-13T21:19:14.235+0000] {dag.py:3036} INFO - Sync 1 DAGs
[2025-05-13T21:19:14.273+0000] {logging_mixin.py:188} INFO - [2025-05-13T21:19:14.273+0000] {dag.py:3823} INFO - Setting next_dagrun for example_branch_dop_operator_v3 to 2025-05-13 21:18:00+00:00, run_after=2025-05-13 21:19:00+00:00
[2025-05-13T21:19:14.331+0000] {processor.py:183} INFO - Processing /home/airflow/.local/lib/python3.8/site-packages/airflow/example_dags/example_branch_python_dop_operator_3.py took 0.143 seconds
[2025-05-13T21:58:05.689+0000] {processor.py:161} INFO - Started process (PID=674) to work on /home/airflow/.local/lib/python3.8/site-packages/airflow/example_dags/example_branch_python_dop_operator_3.py
[2025-05-13T21:58:05.694+0000] {processor.py:830} INFO - Processing file /home/airflow/.local/lib/python3.8/site-packages/airflow/example_dags/example_branch_python_dop_operator_3.py for tasks to queue
[2025-05-13T21:58:05.700+0000] {logging_mixin.py:188} INFO - [2025-05-13T21:58:05.699+0000] {dagbag.py:538} INFO - Filling up the DagBag from /home/airflow/.local/lib/python3.8/site-packages/airflow/example_dags/example_branch_python_dop_operator_3.py
[2025-05-13T21:58:05.821+0000] {processor.py:840} INFO - DAG(s) 'example_branch_dop_operator_v3' retrieved from /home/airflow/.local/lib/python3.8/site-packages/airflow/example_dags/example_branch_python_dop_operator_3.py
[2025-05-13T21:58:05.884+0000] {logging_mixin.py:188} INFO - [2025-05-13T21:58:05.883+0000] {dag.py:3036} INFO - Sync 1 DAGs
[2025-05-13T21:58:06.088+0000] {logging_mixin.py:188} INFO - [2025-05-13T21:58:06.085+0000] {dag.py:3823} INFO - Setting next_dagrun for example_branch_dop_operator_v3 to 2025-05-13 21:57:00+00:00, run_after=2025-05-13 21:58:00+00:00
[2025-05-13T21:58:06.143+0000] {processor.py:183} INFO - Processing /home/airflow/.local/lib/python3.8/site-packages/airflow/example_dags/example_branch_python_dop_operator_3.py took 0.458 seconds
[2025-05-13T21:58:36.469+0000] {processor.py:161} INFO - Started process (PID=731) to work on /home/airflow/.local/lib/python3.8/site-packages/airflow/example_dags/example_branch_python_dop_operator_3.py
[2025-05-13T21:58:36.470+0000] {processor.py:830} INFO - Processing file /home/airflow/.local/lib/python3.8/site-packages/airflow/example_dags/example_branch_python_dop_operator_3.py for tasks to queue
[2025-05-13T21:58:36.473+0000] {logging_mixin.py:188} INFO - [2025-05-13T21:58:36.472+0000] {dagbag.py:538} INFO - Filling up the DagBag from /home/airflow/.local/lib/python3.8/site-packages/airflow/example_dags/example_branch_python_dop_operator_3.py
[2025-05-13T21:58:36.489+0000] {processor.py:840} INFO - DAG(s) 'example_branch_dop_operator_v3' retrieved from /home/airflow/.local/lib/python3.8/site-packages/airflow/example_dags/example_branch_python_dop_operator_3.py
[2025-05-13T21:58:36.515+0000] {logging_mixin.py:188} INFO - [2025-05-13T21:58:36.514+0000] {dag.py:3036} INFO - Sync 1 DAGs
[2025-05-13T21:58:36.548+0000] {logging_mixin.py:188} INFO - [2025-05-13T21:58:36.548+0000] {dag.py:3823} INFO - Setting next_dagrun for example_branch_dop_operator_v3 to 2025-05-13 21:57:00+00:00, run_after=2025-05-13 21:58:00+00:00
[2025-05-13T21:58:36.574+0000] {processor.py:183} INFO - Processing /home/airflow/.local/lib/python3.8/site-packages/airflow/example_dags/example_branch_python_dop_operator_3.py took 0.108 seconds
[2025-05-13T21:59:07.127+0000] {processor.py:161} INFO - Started process (PID=787) to work on /home/airflow/.local/lib/python3.8/site-packages/airflow/example_dags/example_branch_python_dop_operator_3.py
[2025-05-13T21:59:07.129+0000] {processor.py:830} INFO - Processing file /home/airflow/.local/lib/python3.8/site-packages/airflow/example_dags/example_branch_python_dop_operator_3.py for tasks to queue
[2025-05-13T21:59:07.131+0000] {logging_mixin.py:188} INFO - [2025-05-13T21:59:07.131+0000] {dagbag.py:538} INFO - Filling up the DagBag from /home/airflow/.local/lib/python3.8/site-packages/airflow/example_dags/example_branch_python_dop_operator_3.py
[2025-05-13T21:59:07.141+0000] {processor.py:840} INFO - DAG(s) 'example_branch_dop_operator_v3' retrieved from /home/airflow/.local/lib/python3.8/site-packages/airflow/example_dags/example_branch_python_dop_operator_3.py
[2025-05-13T21:59:07.166+0000] {logging_mixin.py:188} INFO - [2025-05-13T21:59:07.165+0000] {dag.py:3036} INFO - Sync 1 DAGs
[2025-05-13T21:59:07.201+0000] {logging_mixin.py:188} INFO - [2025-05-13T21:59:07.200+0000] {dag.py:3823} INFO - Setting next_dagrun for example_branch_dop_operator_v3 to 2025-05-13 21:58:00+00:00, run_after=2025-05-13 21:59:00+00:00
[2025-05-13T21:59:07.231+0000] {processor.py:183} INFO - Processing /home/airflow/.local/lib/python3.8/site-packages/airflow/example_dags/example_branch_python_dop_operator_3.py took 0.107 seconds
[2025-05-13T21:59:37.320+0000] {processor.py:161} INFO - Started process (PID=843) to work on /home/airflow/.local/lib/python3.8/site-packages/airflow/example_dags/example_branch_python_dop_operator_3.py
[2025-05-13T21:59:37.323+0000] {processor.py:830} INFO - Processing file /home/airflow/.local/lib/python3.8/site-packages/airflow/example_dags/example_branch_python_dop_operator_3.py for tasks to queue
[2025-05-13T21:59:37.329+0000] {logging_mixin.py:188} INFO - [2025-05-13T21:59:37.329+0000] {dagbag.py:538} INFO - Filling up the DagBag from /home/airflow/.local/lib/python3.8/site-packages/airflow/example_dags/example_branch_python_dop_operator_3.py
[2025-05-13T21:59:37.354+0000] {processor.py:840} INFO - DAG(s) 'example_branch_dop_operator_v3' retrieved from /home/airflow/.local/lib/python3.8/site-packages/airflow/example_dags/example_branch_python_dop_operator_3.py
[2025-05-13T21:59:37.396+0000] {logging_mixin.py:188} INFO - [2025-05-13T21:59:37.396+0000] {dag.py:3036} INFO - Sync 1 DAGs
[2025-05-13T21:59:37.453+0000] {logging_mixin.py:188} INFO - [2025-05-13T21:59:37.453+0000] {dag.py:3823} INFO - Setting next_dagrun for example_branch_dop_operator_v3 to 2025-05-13 21:58:00+00:00, run_after=2025-05-13 21:59:00+00:00
[2025-05-13T21:59:37.531+0000] {processor.py:183} INFO - Processing /home/airflow/.local/lib/python3.8/site-packages/airflow/example_dags/example_branch_python_dop_operator_3.py took 0.215 seconds
