[2025-05-13T21:09:33.299+0000] {processor.py:161} INFO - Started process (PID=103) to work on /home/airflow/.local/lib/python3.8/site-packages/airflow/example_dags/example_sla_dag.py
[2025-05-13T21:09:33.302+0000] {processor.py:830} INFO - Processing file /home/airflow/.local/lib/python3.8/site-packages/airflow/example_dags/example_sla_dag.py for tasks to queue
[2025-05-13T21:09:33.305+0000] {logging_mixin.py:188} INFO - [2025-05-13T21:09:33.304+0000] {dagbag.py:538} INFO - Filling up the DagBag from /home/airflow/.local/lib/python3.8/site-packages/airflow/example_dags/example_sla_dag.py
[2025-05-13T21:09:33.315+0000] {processor.py:840} INFO - DAG(s) 'example_sla_dag' retrieved from /home/airflow/.local/lib/python3.8/site-packages/airflow/example_dags/example_sla_dag.py
[2025-05-13T21:09:33.489+0000] {logging_mixin.py:188} INFO - [2025-05-13T21:09:33.488+0000] {dag.py:3036} INFO - Sync 1 DAGs
[2025-05-13T21:09:33.542+0000] {logging_mixin.py:188} INFO - [2025-05-13T21:09:33.541+0000] {dag.py:3823} INFO - Setting next_dagrun for example_sla_dag to 2025-05-13 21:06:00+00:00, run_after=2025-05-13 21:08:00+00:00
[2025-05-13T21:09:33.586+0000] {processor.py:183} INFO - Processing /home/airflow/.local/lib/python3.8/site-packages/airflow/example_dags/example_sla_dag.py took 0.290 seconds
[2025-05-13T21:14:43.155+0000] {processor.py:161} INFO - Started process (PID=106) to work on /home/airflow/.local/lib/python3.8/site-packages/airflow/example_dags/example_sla_dag.py
[2025-05-13T21:14:43.158+0000] {processor.py:830} INFO - Processing file /home/airflow/.local/lib/python3.8/site-packages/airflow/example_dags/example_sla_dag.py for tasks to queue
[2025-05-13T21:14:43.161+0000] {logging_mixin.py:188} INFO - [2025-05-13T21:14:43.160+0000] {dagbag.py:538} INFO - Filling up the DagBag from /home/airflow/.local/lib/python3.8/site-packages/airflow/example_dags/example_sla_dag.py
[2025-05-13T21:14:43.175+0000] {processor.py:840} INFO - DAG(s) 'example_sla_dag' retrieved from /home/airflow/.local/lib/python3.8/site-packages/airflow/example_dags/example_sla_dag.py
[2025-05-13T21:14:43.395+0000] {logging_mixin.py:188} INFO - [2025-05-13T21:14:43.395+0000] {dag.py:3036} INFO - Sync 1 DAGs
[2025-05-13T21:14:43.493+0000] {logging_mixin.py:188} INFO - [2025-05-13T21:14:43.493+0000] {dag.py:3823} INFO - Setting next_dagrun for example_sla_dag to 2025-05-13 21:12:00+00:00, run_after=2025-05-13 21:14:00+00:00
[2025-05-13T21:14:43.530+0000] {processor.py:183} INFO - Processing /home/airflow/.local/lib/python3.8/site-packages/airflow/example_dags/example_sla_dag.py took 0.378 seconds
[2025-05-13T21:15:13.621+0000] {processor.py:161} INFO - Started process (PID=162) to work on /home/airflow/.local/lib/python3.8/site-packages/airflow/example_dags/example_sla_dag.py
[2025-05-13T21:15:13.623+0000] {processor.py:830} INFO - Processing file /home/airflow/.local/lib/python3.8/site-packages/airflow/example_dags/example_sla_dag.py for tasks to queue
[2025-05-13T21:15:13.627+0000] {logging_mixin.py:188} INFO - [2025-05-13T21:15:13.626+0000] {dagbag.py:538} INFO - Filling up the DagBag from /home/airflow/.local/lib/python3.8/site-packages/airflow/example_dags/example_sla_dag.py
[2025-05-13T21:15:13.637+0000] {processor.py:840} INFO - DAG(s) 'example_sla_dag' retrieved from /home/airflow/.local/lib/python3.8/site-packages/airflow/example_dags/example_sla_dag.py
[2025-05-13T21:15:13.661+0000] {logging_mixin.py:188} INFO - [2025-05-13T21:15:13.661+0000] {dag.py:3036} INFO - Sync 1 DAGs
[2025-05-13T21:15:13.692+0000] {logging_mixin.py:188} INFO - [2025-05-13T21:15:13.692+0000] {dag.py:3823} INFO - Setting next_dagrun for example_sla_dag to 2025-05-13 21:12:00+00:00, run_after=2025-05-13 21:14:00+00:00
[2025-05-13T21:15:13.716+0000] {processor.py:183} INFO - Processing /home/airflow/.local/lib/python3.8/site-packages/airflow/example_dags/example_sla_dag.py took 0.098 seconds
[2025-05-13T21:15:44.305+0000] {processor.py:161} INFO - Started process (PID=218) to work on /home/airflow/.local/lib/python3.8/site-packages/airflow/example_dags/example_sla_dag.py
[2025-05-13T21:15:44.306+0000] {processor.py:830} INFO - Processing file /home/airflow/.local/lib/python3.8/site-packages/airflow/example_dags/example_sla_dag.py for tasks to queue
[2025-05-13T21:15:44.308+0000] {logging_mixin.py:188} INFO - [2025-05-13T21:15:44.307+0000] {dagbag.py:538} INFO - Filling up the DagBag from /home/airflow/.local/lib/python3.8/site-packages/airflow/example_dags/example_sla_dag.py
[2025-05-13T21:15:44.317+0000] {processor.py:840} INFO - DAG(s) 'example_sla_dag' retrieved from /home/airflow/.local/lib/python3.8/site-packages/airflow/example_dags/example_sla_dag.py
[2025-05-13T21:15:44.338+0000] {logging_mixin.py:188} INFO - [2025-05-13T21:15:44.337+0000] {dag.py:3036} INFO - Sync 1 DAGs
[2025-05-13T21:15:44.365+0000] {logging_mixin.py:188} INFO - [2025-05-13T21:15:44.365+0000] {dag.py:3823} INFO - Setting next_dagrun for example_sla_dag to 2025-05-13 21:12:00+00:00, run_after=2025-05-13 21:14:00+00:00
[2025-05-13T21:15:44.387+0000] {processor.py:183} INFO - Processing /home/airflow/.local/lib/python3.8/site-packages/airflow/example_dags/example_sla_dag.py took 0.085 seconds
[2025-05-13T21:16:14.935+0000] {processor.py:161} INFO - Started process (PID=274) to work on /home/airflow/.local/lib/python3.8/site-packages/airflow/example_dags/example_sla_dag.py
[2025-05-13T21:16:14.946+0000] {processor.py:830} INFO - Processing file /home/airflow/.local/lib/python3.8/site-packages/airflow/example_dags/example_sla_dag.py for tasks to queue
[2025-05-13T21:16:14.949+0000] {logging_mixin.py:188} INFO - [2025-05-13T21:16:14.948+0000] {dagbag.py:538} INFO - Filling up the DagBag from /home/airflow/.local/lib/python3.8/site-packages/airflow/example_dags/example_sla_dag.py
[2025-05-13T21:16:14.964+0000] {processor.py:840} INFO - DAG(s) 'example_sla_dag' retrieved from /home/airflow/.local/lib/python3.8/site-packages/airflow/example_dags/example_sla_dag.py
[2025-05-13T21:16:15.019+0000] {logging_mixin.py:188} INFO - [2025-05-13T21:16:15.018+0000] {dag.py:3036} INFO - Sync 1 DAGs
[2025-05-13T21:16:15.067+0000] {logging_mixin.py:188} INFO - [2025-05-13T21:16:15.067+0000] {dag.py:3823} INFO - Setting next_dagrun for example_sla_dag to 2025-05-13 21:14:00+00:00, run_after=2025-05-13 21:16:00+00:00
[2025-05-13T21:16:15.098+0000] {processor.py:183} INFO - Processing /home/airflow/.local/lib/python3.8/site-packages/airflow/example_dags/example_sla_dag.py took 0.166 seconds
[2025-05-13T21:16:45.147+0000] {processor.py:161} INFO - Started process (PID=330) to work on /home/airflow/.local/lib/python3.8/site-packages/airflow/example_dags/example_sla_dag.py
[2025-05-13T21:16:45.149+0000] {processor.py:830} INFO - Processing file /home/airflow/.local/lib/python3.8/site-packages/airflow/example_dags/example_sla_dag.py for tasks to queue
[2025-05-13T21:16:45.151+0000] {logging_mixin.py:188} INFO - [2025-05-13T21:16:45.150+0000] {dagbag.py:538} INFO - Filling up the DagBag from /home/airflow/.local/lib/python3.8/site-packages/airflow/example_dags/example_sla_dag.py
[2025-05-13T21:16:45.160+0000] {processor.py:840} INFO - DAG(s) 'example_sla_dag' retrieved from /home/airflow/.local/lib/python3.8/site-packages/airflow/example_dags/example_sla_dag.py
[2025-05-13T21:16:45.195+0000] {logging_mixin.py:188} INFO - [2025-05-13T21:16:45.195+0000] {dag.py:3036} INFO - Sync 1 DAGs
[2025-05-13T21:16:45.225+0000] {logging_mixin.py:188} INFO - [2025-05-13T21:16:45.224+0000] {dag.py:3823} INFO - Setting next_dagrun for example_sla_dag to 2025-05-13 21:14:00+00:00, run_after=2025-05-13 21:16:00+00:00
[2025-05-13T21:16:45.245+0000] {processor.py:183} INFO - Processing /home/airflow/.local/lib/python3.8/site-packages/airflow/example_dags/example_sla_dag.py took 0.101 seconds
[2025-05-13T21:17:15.537+0000] {processor.py:161} INFO - Started process (PID=386) to work on /home/airflow/.local/lib/python3.8/site-packages/airflow/example_dags/example_sla_dag.py
[2025-05-13T21:17:15.538+0000] {processor.py:830} INFO - Processing file /home/airflow/.local/lib/python3.8/site-packages/airflow/example_dags/example_sla_dag.py for tasks to queue
[2025-05-13T21:17:15.540+0000] {logging_mixin.py:188} INFO - [2025-05-13T21:17:15.540+0000] {dagbag.py:538} INFO - Filling up the DagBag from /home/airflow/.local/lib/python3.8/site-packages/airflow/example_dags/example_sla_dag.py
[2025-05-13T21:17:15.550+0000] {processor.py:840} INFO - DAG(s) 'example_sla_dag' retrieved from /home/airflow/.local/lib/python3.8/site-packages/airflow/example_dags/example_sla_dag.py
[2025-05-13T21:17:15.574+0000] {logging_mixin.py:188} INFO - [2025-05-13T21:17:15.573+0000] {dag.py:3036} INFO - Sync 1 DAGs
[2025-05-13T21:17:15.617+0000] {logging_mixin.py:188} INFO - [2025-05-13T21:17:15.616+0000] {dag.py:3823} INFO - Setting next_dagrun for example_sla_dag to 2025-05-13 21:14:00+00:00, run_after=2025-05-13 21:16:00+00:00
[2025-05-13T21:17:15.647+0000] {processor.py:183} INFO - Processing /home/airflow/.local/lib/python3.8/site-packages/airflow/example_dags/example_sla_dag.py took 0.113 seconds
[2025-05-13T21:17:46.072+0000] {processor.py:161} INFO - Started process (PID=442) to work on /home/airflow/.local/lib/python3.8/site-packages/airflow/example_dags/example_sla_dag.py
[2025-05-13T21:17:46.073+0000] {processor.py:830} INFO - Processing file /home/airflow/.local/lib/python3.8/site-packages/airflow/example_dags/example_sla_dag.py for tasks to queue
[2025-05-13T21:17:46.075+0000] {logging_mixin.py:188} INFO - [2025-05-13T21:17:46.075+0000] {dagbag.py:538} INFO - Filling up the DagBag from /home/airflow/.local/lib/python3.8/site-packages/airflow/example_dags/example_sla_dag.py
[2025-05-13T21:17:46.084+0000] {processor.py:840} INFO - DAG(s) 'example_sla_dag' retrieved from /home/airflow/.local/lib/python3.8/site-packages/airflow/example_dags/example_sla_dag.py
[2025-05-13T21:17:46.104+0000] {logging_mixin.py:188} INFO - [2025-05-13T21:17:46.104+0000] {dag.py:3036} INFO - Sync 1 DAGs
[2025-05-13T21:17:46.136+0000] {logging_mixin.py:188} INFO - [2025-05-13T21:17:46.135+0000] {dag.py:3823} INFO - Setting next_dagrun for example_sla_dag to 2025-05-13 21:14:00+00:00, run_after=2025-05-13 21:16:00+00:00
[2025-05-13T21:17:46.161+0000] {processor.py:183} INFO - Processing /home/airflow/.local/lib/python3.8/site-packages/airflow/example_dags/example_sla_dag.py took 0.092 seconds
[2025-05-13T21:18:17.060+0000] {processor.py:161} INFO - Started process (PID=504) to work on /home/airflow/.local/lib/python3.8/site-packages/airflow/example_dags/example_sla_dag.py
[2025-05-13T21:18:17.061+0000] {processor.py:830} INFO - Processing file /home/airflow/.local/lib/python3.8/site-packages/airflow/example_dags/example_sla_dag.py for tasks to queue
[2025-05-13T21:18:17.064+0000] {logging_mixin.py:188} INFO - [2025-05-13T21:18:17.063+0000] {dagbag.py:538} INFO - Filling up the DagBag from /home/airflow/.local/lib/python3.8/site-packages/airflow/example_dags/example_sla_dag.py
[2025-05-13T21:18:17.076+0000] {processor.py:840} INFO - DAG(s) 'example_sla_dag' retrieved from /home/airflow/.local/lib/python3.8/site-packages/airflow/example_dags/example_sla_dag.py
[2025-05-13T21:18:17.107+0000] {logging_mixin.py:188} INFO - [2025-05-13T21:18:17.106+0000] {dag.py:3036} INFO - Sync 1 DAGs
[2025-05-13T21:18:17.137+0000] {logging_mixin.py:188} INFO - [2025-05-13T21:18:17.136+0000] {dag.py:3823} INFO - Setting next_dagrun for example_sla_dag to 2025-05-13 21:16:00+00:00, run_after=2025-05-13 21:18:00+00:00
[2025-05-13T21:18:17.181+0000] {processor.py:183} INFO - Processing /home/airflow/.local/lib/python3.8/site-packages/airflow/example_dags/example_sla_dag.py took 0.124 seconds
[2025-05-13T21:18:47.341+0000] {processor.py:161} INFO - Started process (PID=559) to work on /home/airflow/.local/lib/python3.8/site-packages/airflow/example_dags/example_sla_dag.py
[2025-05-13T21:18:47.342+0000] {processor.py:830} INFO - Processing file /home/airflow/.local/lib/python3.8/site-packages/airflow/example_dags/example_sla_dag.py for tasks to queue
[2025-05-13T21:18:47.344+0000] {logging_mixin.py:188} INFO - [2025-05-13T21:18:47.344+0000] {dagbag.py:538} INFO - Filling up the DagBag from /home/airflow/.local/lib/python3.8/site-packages/airflow/example_dags/example_sla_dag.py
[2025-05-13T21:18:47.352+0000] {processor.py:840} INFO - DAG(s) 'example_sla_dag' retrieved from /home/airflow/.local/lib/python3.8/site-packages/airflow/example_dags/example_sla_dag.py
[2025-05-13T21:18:47.373+0000] {logging_mixin.py:188} INFO - [2025-05-13T21:18:47.373+0000] {dag.py:3036} INFO - Sync 1 DAGs
[2025-05-13T21:18:47.402+0000] {logging_mixin.py:188} INFO - [2025-05-13T21:18:47.402+0000] {dag.py:3823} INFO - Setting next_dagrun for example_sla_dag to 2025-05-13 21:16:00+00:00, run_after=2025-05-13 21:18:00+00:00
[2025-05-13T21:18:47.424+0000] {processor.py:183} INFO - Processing /home/airflow/.local/lib/python3.8/site-packages/airflow/example_dags/example_sla_dag.py took 0.086 seconds
[2025-05-13T21:19:18.165+0000] {processor.py:161} INFO - Started process (PID=616) to work on /home/airflow/.local/lib/python3.8/site-packages/airflow/example_dags/example_sla_dag.py
[2025-05-13T21:19:18.166+0000] {processor.py:830} INFO - Processing file /home/airflow/.local/lib/python3.8/site-packages/airflow/example_dags/example_sla_dag.py for tasks to queue
[2025-05-13T21:19:18.168+0000] {logging_mixin.py:188} INFO - [2025-05-13T21:19:18.168+0000] {dagbag.py:538} INFO - Filling up the DagBag from /home/airflow/.local/lib/python3.8/site-packages/airflow/example_dags/example_sla_dag.py
[2025-05-13T21:19:18.176+0000] {processor.py:840} INFO - DAG(s) 'example_sla_dag' retrieved from /home/airflow/.local/lib/python3.8/site-packages/airflow/example_dags/example_sla_dag.py
[2025-05-13T21:19:18.198+0000] {logging_mixin.py:188} INFO - [2025-05-13T21:19:18.198+0000] {dag.py:3036} INFO - Sync 1 DAGs
[2025-05-13T21:19:18.227+0000] {logging_mixin.py:188} INFO - [2025-05-13T21:19:18.227+0000] {dag.py:3823} INFO - Setting next_dagrun for example_sla_dag to 2025-05-13 21:16:00+00:00, run_after=2025-05-13 21:18:00+00:00
[2025-05-13T21:19:18.249+0000] {processor.py:183} INFO - Processing /home/airflow/.local/lib/python3.8/site-packages/airflow/example_dags/example_sla_dag.py took 0.087 seconds
[2025-05-13T21:58:09.378+0000] {processor.py:161} INFO - Started process (PID=690) to work on /home/airflow/.local/lib/python3.8/site-packages/airflow/example_dags/example_sla_dag.py
[2025-05-13T21:58:09.384+0000] {processor.py:830} INFO - Processing file /home/airflow/.local/lib/python3.8/site-packages/airflow/example_dags/example_sla_dag.py for tasks to queue
[2025-05-13T21:58:09.401+0000] {logging_mixin.py:188} INFO - [2025-05-13T21:58:09.400+0000] {dagbag.py:538} INFO - Filling up the DagBag from /home/airflow/.local/lib/python3.8/site-packages/airflow/example_dags/example_sla_dag.py
[2025-05-13T21:58:09.413+0000] {processor.py:840} INFO - DAG(s) 'example_sla_dag' retrieved from /home/airflow/.local/lib/python3.8/site-packages/airflow/example_dags/example_sla_dag.py
[2025-05-13T21:58:09.439+0000] {logging_mixin.py:188} INFO - [2025-05-13T21:58:09.439+0000] {dag.py:3036} INFO - Sync 1 DAGs
[2025-05-13T21:58:09.474+0000] {logging_mixin.py:188} INFO - [2025-05-13T21:58:09.474+0000] {dag.py:3823} INFO - Setting next_dagrun for example_sla_dag to 2025-05-13 21:56:00+00:00, run_after=2025-05-13 21:58:00+00:00
[2025-05-13T21:58:09.511+0000] {processor.py:183} INFO - Processing /home/airflow/.local/lib/python3.8/site-packages/airflow/example_dags/example_sla_dag.py took 0.136 seconds
[2025-05-13T21:58:39.633+0000] {processor.py:161} INFO - Started process (PID=746) to work on /home/airflow/.local/lib/python3.8/site-packages/airflow/example_dags/example_sla_dag.py
[2025-05-13T21:58:39.634+0000] {processor.py:830} INFO - Processing file /home/airflow/.local/lib/python3.8/site-packages/airflow/example_dags/example_sla_dag.py for tasks to queue
[2025-05-13T21:58:39.637+0000] {logging_mixin.py:188} INFO - [2025-05-13T21:58:39.637+0000] {dagbag.py:538} INFO - Filling up the DagBag from /home/airflow/.local/lib/python3.8/site-packages/airflow/example_dags/example_sla_dag.py
[2025-05-13T21:58:39.645+0000] {processor.py:840} INFO - DAG(s) 'example_sla_dag' retrieved from /home/airflow/.local/lib/python3.8/site-packages/airflow/example_dags/example_sla_dag.py
[2025-05-13T21:58:39.673+0000] {logging_mixin.py:188} INFO - [2025-05-13T21:58:39.672+0000] {dag.py:3036} INFO - Sync 1 DAGs
[2025-05-13T21:58:39.709+0000] {logging_mixin.py:188} INFO - [2025-05-13T21:58:39.708+0000] {dag.py:3823} INFO - Setting next_dagrun for example_sla_dag to 2025-05-13 21:56:00+00:00, run_after=2025-05-13 21:58:00+00:00
[2025-05-13T21:58:39.745+0000] {processor.py:183} INFO - Processing /home/airflow/.local/lib/python3.8/site-packages/airflow/example_dags/example_sla_dag.py took 0.114 seconds
[2025-05-13T21:59:10.328+0000] {processor.py:161} INFO - Started process (PID=803) to work on /home/airflow/.local/lib/python3.8/site-packages/airflow/example_dags/example_sla_dag.py
[2025-05-13T21:59:10.330+0000] {processor.py:830} INFO - Processing file /home/airflow/.local/lib/python3.8/site-packages/airflow/example_dags/example_sla_dag.py for tasks to queue
[2025-05-13T21:59:10.333+0000] {logging_mixin.py:188} INFO - [2025-05-13T21:59:10.333+0000] {dagbag.py:538} INFO - Filling up the DagBag from /home/airflow/.local/lib/python3.8/site-packages/airflow/example_dags/example_sla_dag.py
[2025-05-13T21:59:10.347+0000] {processor.py:840} INFO - DAG(s) 'example_sla_dag' retrieved from /home/airflow/.local/lib/python3.8/site-packages/airflow/example_dags/example_sla_dag.py
[2025-05-13T21:59:10.381+0000] {logging_mixin.py:188} INFO - [2025-05-13T21:59:10.380+0000] {dag.py:3036} INFO - Sync 1 DAGs
[2025-05-13T21:59:10.419+0000] {logging_mixin.py:188} INFO - [2025-05-13T21:59:10.418+0000] {dag.py:3823} INFO - Setting next_dagrun for example_sla_dag to 2025-05-13 21:56:00+00:00, run_after=2025-05-13 21:58:00+00:00
[2025-05-13T21:59:10.455+0000] {processor.py:183} INFO - Processing /home/airflow/.local/lib/python3.8/site-packages/airflow/example_dags/example_sla_dag.py took 0.131 seconds
[2025-05-13T21:59:41.337+0000] {processor.py:161} INFO - Started process (PID=859) to work on /home/airflow/.local/lib/python3.8/site-packages/airflow/example_dags/example_sla_dag.py
[2025-05-13T21:59:41.339+0000] {processor.py:830} INFO - Processing file /home/airflow/.local/lib/python3.8/site-packages/airflow/example_dags/example_sla_dag.py for tasks to queue
[2025-05-13T21:59:41.342+0000] {logging_mixin.py:188} INFO - [2025-05-13T21:59:41.341+0000] {dagbag.py:538} INFO - Filling up the DagBag from /home/airflow/.local/lib/python3.8/site-packages/airflow/example_dags/example_sla_dag.py
[2025-05-13T21:59:41.360+0000] {processor.py:840} INFO - DAG(s) 'example_sla_dag' retrieved from /home/airflow/.local/lib/python3.8/site-packages/airflow/example_dags/example_sla_dag.py
[2025-05-13T21:59:41.415+0000] {logging_mixin.py:188} INFO - [2025-05-13T21:59:41.414+0000] {dag.py:3036} INFO - Sync 1 DAGs
[2025-05-13T21:59:41.495+0000] {logging_mixin.py:188} INFO - [2025-05-13T21:59:41.494+0000] {dag.py:3823} INFO - Setting next_dagrun for example_sla_dag to 2025-05-13 21:56:00+00:00, run_after=2025-05-13 21:58:00+00:00
[2025-05-13T21:59:41.534+0000] {processor.py:183} INFO - Processing /home/airflow/.local/lib/python3.8/site-packages/airflow/example_dags/example_sla_dag.py took 0.201 seconds
