[2025-05-13T21:09:08.762+0000] {processor.py:161} INFO - Started process (PID=72) to work on /home/airflow/.local/lib/python3.8/site-packages/airflow/example_dags/example_subdag_operator.py
[2025-05-13T21:09:08.765+0000] {processor.py:830} INFO - Processing file /home/airflow/.local/lib/python3.8/site-packages/airflow/example_dags/example_subdag_operator.py for tasks to queue
[2025-05-13T21:09:08.768+0000] {logging_mixin.py:188} INFO - [2025-05-13T21:09:08.768+0000] {dagbag.py:538} INFO - Filling up the DagBag from /home/airflow/.local/lib/python3.8/site-packages/airflow/example_dags/example_subdag_operator.py
[2025-05-13T21:09:08.817+0000] {processor.py:840} INFO - DAG(s) 'example_subdag_operator.section-1', 'example_subdag_operator.section-2', 'example_subdag_operator' retrieved from /home/airflow/.local/lib/python3.8/site-packages/airflow/example_dags/example_subdag_operator.py
[2025-05-13T21:09:08.998+0000] {logging_mixin.py:188} INFO - [2025-05-13T21:09:08.998+0000] {dag.py:3036} INFO - Sync 3 DAGs
[2025-05-13T21:09:09.051+0000] {logging_mixin.py:188} INFO - [2025-05-13T21:09:09.051+0000] {dag.py:3823} INFO - Setting next_dagrun for example_subdag_operator to 2022-01-01 00:00:00+00:00, run_after=2022-01-01 00:00:00+00:00
[2025-05-13T21:09:09.081+0000] {logging_mixin.py:188} INFO - [2025-05-13T21:09:09.080+0000] {dag.py:3823} INFO - Setting next_dagrun for example_subdag_operator.section-1 to None, run_after=None
[2025-05-13T21:09:09.085+0000] {logging_mixin.py:188} INFO - [2025-05-13T21:09:09.085+0000] {dag.py:3823} INFO - Setting next_dagrun for example_subdag_operator.section-2 to None, run_after=None
[2025-05-13T21:09:09.128+0000] {logging_mixin.py:188} INFO - [2025-05-13T21:09:09.128+0000] {dag.py:3036} INFO - Sync 2 DAGs
[2025-05-13T21:09:09.141+0000] {logging_mixin.py:188} INFO - [2025-05-13T21:09:09.141+0000] {dag.py:3823} INFO - Setting next_dagrun for example_subdag_operator.section-1 to None, run_after=None
[2025-05-13T21:09:09.152+0000] {logging_mixin.py:188} INFO - [2025-05-13T21:09:09.143+0000] {dag.py:3823} INFO - Setting next_dagrun for example_subdag_operator.section-2 to None, run_after=None
[2025-05-13T21:09:09.183+0000] {processor.py:183} INFO - Processing /home/airflow/.local/lib/python3.8/site-packages/airflow/example_dags/example_subdag_operator.py took 0.427 seconds
[2025-05-13T21:09:58.194+0000] {processor.py:161} INFO - Started process (PID=122) to work on /home/airflow/.local/lib/python3.8/site-packages/airflow/example_dags/example_subdag_operator.py
[2025-05-13T21:09:58.209+0000] {processor.py:830} INFO - Processing file /home/airflow/.local/lib/python3.8/site-packages/airflow/example_dags/example_subdag_operator.py for tasks to queue
[2025-05-13T21:09:58.214+0000] {logging_mixin.py:188} INFO - [2025-05-13T21:09:58.211+0000] {dagbag.py:538} INFO - Filling up the DagBag from /home/airflow/.local/lib/python3.8/site-packages/airflow/example_dags/example_subdag_operator.py
[2025-05-13T21:09:59.003+0000] {processor.py:840} INFO - DAG(s) 'example_subdag_operator.section-1', 'example_subdag_operator.section-2', 'example_subdag_operator' retrieved from /home/airflow/.local/lib/python3.8/site-packages/airflow/example_dags/example_subdag_operator.py
[2025-05-13T21:09:59.040+0000] {logging_mixin.py:188} INFO - [2025-05-13T21:09:59.037+0000] {dag.py:3036} INFO - Sync 3 DAGs
[2025-05-13T21:09:59.082+0000] {logging_mixin.py:188} INFO - [2025-05-13T21:09:59.081+0000] {dag.py:3823} INFO - Setting next_dagrun for example_subdag_operator to 2022-01-01 00:00:00+00:00, run_after=2022-01-01 00:00:00+00:00
[2025-05-13T21:09:59.098+0000] {logging_mixin.py:188} INFO - [2025-05-13T21:09:59.097+0000] {dag.py:3823} INFO - Setting next_dagrun for example_subdag_operator.section-1 to None, run_after=None
[2025-05-13T21:09:59.105+0000] {logging_mixin.py:188} INFO - [2025-05-13T21:09:59.104+0000] {dag.py:3823} INFO - Setting next_dagrun for example_subdag_operator.section-2 to None, run_after=None
[2025-05-13T21:09:59.124+0000] {logging_mixin.py:188} INFO - [2025-05-13T21:09:59.124+0000] {dag.py:3036} INFO - Sync 2 DAGs
[2025-05-13T21:09:59.142+0000] {logging_mixin.py:188} INFO - [2025-05-13T21:09:59.142+0000] {dag.py:3823} INFO - Setting next_dagrun for example_subdag_operator.section-1 to None, run_after=None
[2025-05-13T21:09:59.144+0000] {logging_mixin.py:188} INFO - [2025-05-13T21:09:59.144+0000] {dag.py:3823} INFO - Setting next_dagrun for example_subdag_operator.section-2 to None, run_after=None
[2025-05-13T21:09:59.177+0000] {processor.py:183} INFO - Processing /home/airflow/.local/lib/python3.8/site-packages/airflow/example_dags/example_subdag_operator.py took 0.991 seconds
[2025-05-13T21:11:57.105+0000] {processor.py:161} INFO - Started process (PID=162) to work on /home/airflow/.local/lib/python3.8/site-packages/airflow/example_dags/example_subdag_operator.py
[2025-05-13T21:11:57.107+0000] {processor.py:830} INFO - Processing file /home/airflow/.local/lib/python3.8/site-packages/airflow/example_dags/example_subdag_operator.py for tasks to queue
[2025-05-13T21:11:57.109+0000] {logging_mixin.py:188} INFO - [2025-05-13T21:11:57.108+0000] {dagbag.py:538} INFO - Filling up the DagBag from /home/airflow/.local/lib/python3.8/site-packages/airflow/example_dags/example_subdag_operator.py
[2025-05-13T21:11:57.208+0000] {processor.py:840} INFO - DAG(s) 'example_subdag_operator.section-1', 'example_subdag_operator.section-2', 'example_subdag_operator' retrieved from /home/airflow/.local/lib/python3.8/site-packages/airflow/example_dags/example_subdag_operator.py
[2025-05-13T21:11:57.243+0000] {logging_mixin.py:188} INFO - [2025-05-13T21:11:57.243+0000] {dag.py:3036} INFO - Sync 3 DAGs
[2025-05-13T21:11:57.275+0000] {logging_mixin.py:188} INFO - [2025-05-13T21:11:57.275+0000] {dag.py:3823} INFO - Setting next_dagrun for example_subdag_operator to 2022-01-01 00:00:00+00:00, run_after=2022-01-01 00:00:00+00:00
[2025-05-13T21:11:57.283+0000] {logging_mixin.py:188} INFO - [2025-05-13T21:11:57.283+0000] {dag.py:3823} INFO - Setting next_dagrun for example_subdag_operator.section-1 to None, run_after=None
[2025-05-13T21:11:57.286+0000] {logging_mixin.py:188} INFO - [2025-05-13T21:11:57.286+0000] {dag.py:3823} INFO - Setting next_dagrun for example_subdag_operator.section-2 to None, run_after=None
[2025-05-13T21:11:57.300+0000] {logging_mixin.py:188} INFO - [2025-05-13T21:11:57.299+0000] {dag.py:3036} INFO - Sync 2 DAGs
[2025-05-13T21:11:57.309+0000] {logging_mixin.py:188} INFO - [2025-05-13T21:11:57.308+0000] {dag.py:3823} INFO - Setting next_dagrun for example_subdag_operator.section-1 to None, run_after=None
[2025-05-13T21:11:57.310+0000] {logging_mixin.py:188} INFO - [2025-05-13T21:11:57.309+0000] {dag.py:3823} INFO - Setting next_dagrun for example_subdag_operator.section-2 to None, run_after=None
[2025-05-13T21:11:57.332+0000] {processor.py:183} INFO - Processing /home/airflow/.local/lib/python3.8/site-packages/airflow/example_dags/example_subdag_operator.py took 0.232 seconds
[2025-05-13T21:14:19.288+0000] {processor.py:161} INFO - Started process (PID=75) to work on /home/airflow/.local/lib/python3.8/site-packages/airflow/example_dags/example_subdag_operator.py
[2025-05-13T21:14:19.306+0000] {processor.py:830} INFO - Processing file /home/airflow/.local/lib/python3.8/site-packages/airflow/example_dags/example_subdag_operator.py for tasks to queue
[2025-05-13T21:14:19.356+0000] {logging_mixin.py:188} INFO - [2025-05-13T21:14:19.353+0000] {dagbag.py:538} INFO - Filling up the DagBag from /home/airflow/.local/lib/python3.8/site-packages/airflow/example_dags/example_subdag_operator.py
[2025-05-13T21:14:19.665+0000] {processor.py:840} INFO - DAG(s) 'example_subdag_operator.section-1', 'example_subdag_operator.section-2', 'example_subdag_operator' retrieved from /home/airflow/.local/lib/python3.8/site-packages/airflow/example_dags/example_subdag_operator.py
[2025-05-13T21:14:20.317+0000] {logging_mixin.py:188} INFO - [2025-05-13T21:14:20.316+0000] {dag.py:3036} INFO - Sync 3 DAGs
[2025-05-13T21:14:20.378+0000] {logging_mixin.py:188} INFO - [2025-05-13T21:14:20.377+0000] {dag.py:3823} INFO - Setting next_dagrun for example_subdag_operator to 2022-01-01 00:00:00+00:00, run_after=2022-01-01 00:00:00+00:00
[2025-05-13T21:14:20.434+0000] {logging_mixin.py:188} INFO - [2025-05-13T21:14:20.434+0000] {dag.py:3823} INFO - Setting next_dagrun for example_subdag_operator.section-1 to None, run_after=None
[2025-05-13T21:14:20.462+0000] {logging_mixin.py:188} INFO - [2025-05-13T21:14:20.462+0000] {dag.py:3823} INFO - Setting next_dagrun for example_subdag_operator.section-2 to None, run_after=None
[2025-05-13T21:14:20.553+0000] {logging_mixin.py:188} INFO - [2025-05-13T21:14:20.552+0000] {dag.py:3036} INFO - Sync 2 DAGs
[2025-05-13T21:14:20.574+0000] {logging_mixin.py:188} INFO - [2025-05-13T21:14:20.574+0000] {dag.py:3823} INFO - Setting next_dagrun for example_subdag_operator.section-1 to None, run_after=None
[2025-05-13T21:14:20.575+0000] {logging_mixin.py:188} INFO - [2025-05-13T21:14:20.575+0000] {dag.py:3823} INFO - Setting next_dagrun for example_subdag_operator.section-2 to None, run_after=None
[2025-05-13T21:14:20.619+0000] {processor.py:183} INFO - Processing /home/airflow/.local/lib/python3.8/site-packages/airflow/example_dags/example_subdag_operator.py took 1.404 seconds
[2025-05-13T21:14:51.487+0000] {processor.py:161} INFO - Started process (PID=131) to work on /home/airflow/.local/lib/python3.8/site-packages/airflow/example_dags/example_subdag_operator.py
[2025-05-13T21:14:51.498+0000] {processor.py:830} INFO - Processing file /home/airflow/.local/lib/python3.8/site-packages/airflow/example_dags/example_subdag_operator.py for tasks to queue
[2025-05-13T21:14:51.501+0000] {logging_mixin.py:188} INFO - [2025-05-13T21:14:51.500+0000] {dagbag.py:538} INFO - Filling up the DagBag from /home/airflow/.local/lib/python3.8/site-packages/airflow/example_dags/example_subdag_operator.py
[2025-05-13T21:14:51.542+0000] {processor.py:840} INFO - DAG(s) 'example_subdag_operator.section-1', 'example_subdag_operator.section-2', 'example_subdag_operator' retrieved from /home/airflow/.local/lib/python3.8/site-packages/airflow/example_dags/example_subdag_operator.py
[2025-05-13T21:14:51.565+0000] {logging_mixin.py:188} INFO - [2025-05-13T21:14:51.565+0000] {dag.py:3036} INFO - Sync 3 DAGs
[2025-05-13T21:14:51.594+0000] {logging_mixin.py:188} INFO - [2025-05-13T21:14:51.593+0000] {dag.py:3823} INFO - Setting next_dagrun for example_subdag_operator to 2022-01-01 00:00:00+00:00, run_after=2022-01-01 00:00:00+00:00
[2025-05-13T21:14:51.599+0000] {logging_mixin.py:188} INFO - [2025-05-13T21:14:51.599+0000] {dag.py:3823} INFO - Setting next_dagrun for example_subdag_operator.section-1 to None, run_after=None
[2025-05-13T21:14:51.602+0000] {logging_mixin.py:188} INFO - [2025-05-13T21:14:51.602+0000] {dag.py:3823} INFO - Setting next_dagrun for example_subdag_operator.section-2 to None, run_after=None
[2025-05-13T21:14:51.612+0000] {logging_mixin.py:188} INFO - [2025-05-13T21:14:51.611+0000] {dag.py:3036} INFO - Sync 2 DAGs
[2025-05-13T21:14:51.621+0000] {logging_mixin.py:188} INFO - [2025-05-13T21:14:51.621+0000] {dag.py:3823} INFO - Setting next_dagrun for example_subdag_operator.section-1 to None, run_after=None
[2025-05-13T21:14:51.623+0000] {logging_mixin.py:188} INFO - [2025-05-13T21:14:51.622+0000] {dag.py:3823} INFO - Setting next_dagrun for example_subdag_operator.section-2 to None, run_after=None
[2025-05-13T21:14:51.737+0000] {processor.py:183} INFO - Processing /home/airflow/.local/lib/python3.8/site-packages/airflow/example_dags/example_subdag_operator.py took 0.253 seconds
[2025-05-13T21:15:22.209+0000] {processor.py:161} INFO - Started process (PID=185) to work on /home/airflow/.local/lib/python3.8/site-packages/airflow/example_dags/example_subdag_operator.py
[2025-05-13T21:15:22.268+0000] {processor.py:830} INFO - Processing file /home/airflow/.local/lib/python3.8/site-packages/airflow/example_dags/example_subdag_operator.py for tasks to queue
[2025-05-13T21:15:22.435+0000] {logging_mixin.py:188} INFO - [2025-05-13T21:15:22.425+0000] {dagbag.py:538} INFO - Filling up the DagBag from /home/airflow/.local/lib/python3.8/site-packages/airflow/example_dags/example_subdag_operator.py
[2025-05-13T21:15:22.534+0000] {processor.py:840} INFO - DAG(s) 'example_subdag_operator.section-1', 'example_subdag_operator.section-2', 'example_subdag_operator' retrieved from /home/airflow/.local/lib/python3.8/site-packages/airflow/example_dags/example_subdag_operator.py
[2025-05-13T21:15:22.576+0000] {logging_mixin.py:188} INFO - [2025-05-13T21:15:22.576+0000] {dag.py:3036} INFO - Sync 3 DAGs
[2025-05-13T21:15:22.690+0000] {logging_mixin.py:188} INFO - [2025-05-13T21:15:22.689+0000] {dag.py:3823} INFO - Setting next_dagrun for example_subdag_operator to 2022-01-01 00:00:00+00:00, run_after=2022-01-01 00:00:00+00:00
[2025-05-13T21:15:22.704+0000] {logging_mixin.py:188} INFO - [2025-05-13T21:15:22.704+0000] {dag.py:3823} INFO - Setting next_dagrun for example_subdag_operator.section-1 to None, run_after=None
[2025-05-13T21:15:22.715+0000] {logging_mixin.py:188} INFO - [2025-05-13T21:15:22.714+0000] {dag.py:3823} INFO - Setting next_dagrun for example_subdag_operator.section-2 to None, run_after=None
[2025-05-13T21:15:22.740+0000] {logging_mixin.py:188} INFO - [2025-05-13T21:15:22.740+0000] {dag.py:3036} INFO - Sync 2 DAGs
[2025-05-13T21:15:22.761+0000] {logging_mixin.py:188} INFO - [2025-05-13T21:15:22.761+0000] {dag.py:3823} INFO - Setting next_dagrun for example_subdag_operator.section-1 to None, run_after=None
[2025-05-13T21:15:22.763+0000] {logging_mixin.py:188} INFO - [2025-05-13T21:15:22.762+0000] {dag.py:3823} INFO - Setting next_dagrun for example_subdag_operator.section-2 to None, run_after=None
[2025-05-13T21:15:23.190+0000] {processor.py:183} INFO - Processing /home/airflow/.local/lib/python3.8/site-packages/airflow/example_dags/example_subdag_operator.py took 1.059 seconds
[2025-05-13T21:15:53.766+0000] {processor.py:161} INFO - Started process (PID=241) to work on /home/airflow/.local/lib/python3.8/site-packages/airflow/example_dags/example_subdag_operator.py
[2025-05-13T21:15:53.767+0000] {processor.py:830} INFO - Processing file /home/airflow/.local/lib/python3.8/site-packages/airflow/example_dags/example_subdag_operator.py for tasks to queue
[2025-05-13T21:15:53.770+0000] {logging_mixin.py:188} INFO - [2025-05-13T21:15:53.769+0000] {dagbag.py:538} INFO - Filling up the DagBag from /home/airflow/.local/lib/python3.8/site-packages/airflow/example_dags/example_subdag_operator.py
[2025-05-13T21:15:53.820+0000] {processor.py:840} INFO - DAG(s) 'example_subdag_operator.section-1', 'example_subdag_operator.section-2', 'example_subdag_operator' retrieved from /home/airflow/.local/lib/python3.8/site-packages/airflow/example_dags/example_subdag_operator.py
[2025-05-13T21:15:53.843+0000] {logging_mixin.py:188} INFO - [2025-05-13T21:15:53.842+0000] {dag.py:3036} INFO - Sync 3 DAGs
[2025-05-13T21:15:53.873+0000] {logging_mixin.py:188} INFO - [2025-05-13T21:15:53.873+0000] {dag.py:3823} INFO - Setting next_dagrun for example_subdag_operator to 2022-01-01 00:00:00+00:00, run_after=2022-01-01 00:00:00+00:00
[2025-05-13T21:15:53.880+0000] {logging_mixin.py:188} INFO - [2025-05-13T21:15:53.880+0000] {dag.py:3823} INFO - Setting next_dagrun for example_subdag_operator.section-1 to None, run_after=None
[2025-05-13T21:15:53.884+0000] {logging_mixin.py:188} INFO - [2025-05-13T21:15:53.883+0000] {dag.py:3823} INFO - Setting next_dagrun for example_subdag_operator.section-2 to None, run_after=None
[2025-05-13T21:15:53.910+0000] {logging_mixin.py:188} INFO - [2025-05-13T21:15:53.908+0000] {dag.py:3036} INFO - Sync 2 DAGs
[2025-05-13T21:15:53.924+0000] {logging_mixin.py:188} INFO - [2025-05-13T21:15:53.924+0000] {dag.py:3823} INFO - Setting next_dagrun for example_subdag_operator.section-1 to None, run_after=None
[2025-05-13T21:15:53.926+0000] {logging_mixin.py:188} INFO - [2025-05-13T21:15:53.925+0000] {dag.py:3823} INFO - Setting next_dagrun for example_subdag_operator.section-2 to None, run_after=None
[2025-05-13T21:15:53.954+0000] {processor.py:183} INFO - Processing /home/airflow/.local/lib/python3.8/site-packages/airflow/example_dags/example_subdag_operator.py took 0.192 seconds
[2025-05-13T21:16:24.137+0000] {processor.py:161} INFO - Started process (PID=297) to work on /home/airflow/.local/lib/python3.8/site-packages/airflow/example_dags/example_subdag_operator.py
[2025-05-13T21:16:24.140+0000] {processor.py:830} INFO - Processing file /home/airflow/.local/lib/python3.8/site-packages/airflow/example_dags/example_subdag_operator.py for tasks to queue
[2025-05-13T21:16:24.143+0000] {logging_mixin.py:188} INFO - [2025-05-13T21:16:24.142+0000] {dagbag.py:538} INFO - Filling up the DagBag from /home/airflow/.local/lib/python3.8/site-packages/airflow/example_dags/example_subdag_operator.py
[2025-05-13T21:16:24.194+0000] {processor.py:840} INFO - DAG(s) 'example_subdag_operator.section-1', 'example_subdag_operator.section-2', 'example_subdag_operator' retrieved from /home/airflow/.local/lib/python3.8/site-packages/airflow/example_dags/example_subdag_operator.py
[2025-05-13T21:16:24.237+0000] {logging_mixin.py:188} INFO - [2025-05-13T21:16:24.237+0000] {dag.py:3036} INFO - Sync 3 DAGs
[2025-05-13T21:16:24.323+0000] {logging_mixin.py:188} INFO - [2025-05-13T21:16:24.322+0000] {dag.py:3823} INFO - Setting next_dagrun for example_subdag_operator to 2022-01-01 00:00:00+00:00, run_after=2022-01-01 00:00:00+00:00
[2025-05-13T21:16:24.338+0000] {logging_mixin.py:188} INFO - [2025-05-13T21:16:24.335+0000] {dag.py:3823} INFO - Setting next_dagrun for example_subdag_operator.section-1 to None, run_after=None
[2025-05-13T21:16:24.345+0000] {logging_mixin.py:188} INFO - [2025-05-13T21:16:24.344+0000] {dag.py:3823} INFO - Setting next_dagrun for example_subdag_operator.section-2 to None, run_after=None
[2025-05-13T21:16:24.380+0000] {logging_mixin.py:188} INFO - [2025-05-13T21:16:24.380+0000] {dag.py:3036} INFO - Sync 2 DAGs
[2025-05-13T21:16:24.411+0000] {logging_mixin.py:188} INFO - [2025-05-13T21:16:24.401+0000] {dag.py:3823} INFO - Setting next_dagrun for example_subdag_operator.section-1 to None, run_after=None
[2025-05-13T21:16:24.413+0000] {logging_mixin.py:188} INFO - [2025-05-13T21:16:24.412+0000] {dag.py:3823} INFO - Setting next_dagrun for example_subdag_operator.section-2 to None, run_after=None
[2025-05-13T21:16:24.458+0000] {processor.py:183} INFO - Processing /home/airflow/.local/lib/python3.8/site-packages/airflow/example_dags/example_subdag_operator.py took 0.324 seconds
[2025-05-13T21:16:54.606+0000] {processor.py:161} INFO - Started process (PID=353) to work on /home/airflow/.local/lib/python3.8/site-packages/airflow/example_dags/example_subdag_operator.py
[2025-05-13T21:16:54.608+0000] {processor.py:830} INFO - Processing file /home/airflow/.local/lib/python3.8/site-packages/airflow/example_dags/example_subdag_operator.py for tasks to queue
[2025-05-13T21:16:54.610+0000] {logging_mixin.py:188} INFO - [2025-05-13T21:16:54.610+0000] {dagbag.py:538} INFO - Filling up the DagBag from /home/airflow/.local/lib/python3.8/site-packages/airflow/example_dags/example_subdag_operator.py
[2025-05-13T21:16:54.649+0000] {processor.py:840} INFO - DAG(s) 'example_subdag_operator.section-1', 'example_subdag_operator.section-2', 'example_subdag_operator' retrieved from /home/airflow/.local/lib/python3.8/site-packages/airflow/example_dags/example_subdag_operator.py
[2025-05-13T21:16:54.669+0000] {logging_mixin.py:188} INFO - [2025-05-13T21:16:54.668+0000] {dag.py:3036} INFO - Sync 3 DAGs
[2025-05-13T21:16:54.694+0000] {logging_mixin.py:188} INFO - [2025-05-13T21:16:54.694+0000] {dag.py:3823} INFO - Setting next_dagrun for example_subdag_operator to 2022-01-01 00:00:00+00:00, run_after=2022-01-01 00:00:00+00:00
[2025-05-13T21:16:54.699+0000] {logging_mixin.py:188} INFO - [2025-05-13T21:16:54.699+0000] {dag.py:3823} INFO - Setting next_dagrun for example_subdag_operator.section-1 to None, run_after=None
[2025-05-13T21:16:54.702+0000] {logging_mixin.py:188} INFO - [2025-05-13T21:16:54.701+0000] {dag.py:3823} INFO - Setting next_dagrun for example_subdag_operator.section-2 to None, run_after=None
[2025-05-13T21:16:54.714+0000] {logging_mixin.py:188} INFO - [2025-05-13T21:16:54.713+0000] {dag.py:3036} INFO - Sync 2 DAGs
[2025-05-13T21:16:54.722+0000] {logging_mixin.py:188} INFO - [2025-05-13T21:16:54.722+0000] {dag.py:3823} INFO - Setting next_dagrun for example_subdag_operator.section-1 to None, run_after=None
[2025-05-13T21:16:54.723+0000] {logging_mixin.py:188} INFO - [2025-05-13T21:16:54.723+0000] {dag.py:3823} INFO - Setting next_dagrun for example_subdag_operator.section-2 to None, run_after=None
[2025-05-13T21:16:54.742+0000] {processor.py:183} INFO - Processing /home/airflow/.local/lib/python3.8/site-packages/airflow/example_dags/example_subdag_operator.py took 0.138 seconds
[2025-05-13T21:17:25.099+0000] {processor.py:161} INFO - Started process (PID=409) to work on /home/airflow/.local/lib/python3.8/site-packages/airflow/example_dags/example_subdag_operator.py
[2025-05-13T21:17:25.101+0000] {processor.py:830} INFO - Processing file /home/airflow/.local/lib/python3.8/site-packages/airflow/example_dags/example_subdag_operator.py for tasks to queue
[2025-05-13T21:17:25.104+0000] {logging_mixin.py:188} INFO - [2025-05-13T21:17:25.104+0000] {dagbag.py:538} INFO - Filling up the DagBag from /home/airflow/.local/lib/python3.8/site-packages/airflow/example_dags/example_subdag_operator.py
[2025-05-13T21:17:25.137+0000] {processor.py:840} INFO - DAG(s) 'example_subdag_operator.section-1', 'example_subdag_operator.section-2', 'example_subdag_operator' retrieved from /home/airflow/.local/lib/python3.8/site-packages/airflow/example_dags/example_subdag_operator.py
[2025-05-13T21:17:25.160+0000] {logging_mixin.py:188} INFO - [2025-05-13T21:17:25.160+0000] {dag.py:3036} INFO - Sync 3 DAGs
[2025-05-13T21:17:25.191+0000] {logging_mixin.py:188} INFO - [2025-05-13T21:17:25.191+0000] {dag.py:3823} INFO - Setting next_dagrun for example_subdag_operator to 2022-01-01 00:00:00+00:00, run_after=2022-01-01 00:00:00+00:00
[2025-05-13T21:17:25.197+0000] {logging_mixin.py:188} INFO - [2025-05-13T21:17:25.197+0000] {dag.py:3823} INFO - Setting next_dagrun for example_subdag_operator.section-1 to None, run_after=None
[2025-05-13T21:17:25.200+0000] {logging_mixin.py:188} INFO - [2025-05-13T21:17:25.200+0000] {dag.py:3823} INFO - Setting next_dagrun for example_subdag_operator.section-2 to None, run_after=None
[2025-05-13T21:17:25.210+0000] {logging_mixin.py:188} INFO - [2025-05-13T21:17:25.210+0000] {dag.py:3036} INFO - Sync 2 DAGs
[2025-05-13T21:17:25.219+0000] {logging_mixin.py:188} INFO - [2025-05-13T21:17:25.219+0000] {dag.py:3823} INFO - Setting next_dagrun for example_subdag_operator.section-1 to None, run_after=None
[2025-05-13T21:17:25.221+0000] {logging_mixin.py:188} INFO - [2025-05-13T21:17:25.220+0000] {dag.py:3823} INFO - Setting next_dagrun for example_subdag_operator.section-2 to None, run_after=None
[2025-05-13T21:17:25.245+0000] {processor.py:183} INFO - Processing /home/airflow/.local/lib/python3.8/site-packages/airflow/example_dags/example_subdag_operator.py took 0.149 seconds
[2025-05-13T21:17:55.699+0000] {processor.py:161} INFO - Started process (PID=465) to work on /home/airflow/.local/lib/python3.8/site-packages/airflow/example_dags/example_subdag_operator.py
[2025-05-13T21:17:55.700+0000] {processor.py:830} INFO - Processing file /home/airflow/.local/lib/python3.8/site-packages/airflow/example_dags/example_subdag_operator.py for tasks to queue
[2025-05-13T21:17:55.703+0000] {logging_mixin.py:188} INFO - [2025-05-13T21:17:55.702+0000] {dagbag.py:538} INFO - Filling up the DagBag from /home/airflow/.local/lib/python3.8/site-packages/airflow/example_dags/example_subdag_operator.py
[2025-05-13T21:17:55.733+0000] {processor.py:840} INFO - DAG(s) 'example_subdag_operator.section-1', 'example_subdag_operator.section-2', 'example_subdag_operator' retrieved from /home/airflow/.local/lib/python3.8/site-packages/airflow/example_dags/example_subdag_operator.py
[2025-05-13T21:17:55.756+0000] {logging_mixin.py:188} INFO - [2025-05-13T21:17:55.755+0000] {dag.py:3036} INFO - Sync 3 DAGs
[2025-05-13T21:17:55.782+0000] {logging_mixin.py:188} INFO - [2025-05-13T21:17:55.781+0000] {dag.py:3823} INFO - Setting next_dagrun for example_subdag_operator to 2022-01-01 00:00:00+00:00, run_after=2022-01-01 00:00:00+00:00
[2025-05-13T21:17:55.786+0000] {logging_mixin.py:188} INFO - [2025-05-13T21:17:55.786+0000] {dag.py:3823} INFO - Setting next_dagrun for example_subdag_operator.section-1 to None, run_after=None
[2025-05-13T21:17:55.789+0000] {logging_mixin.py:188} INFO - [2025-05-13T21:17:55.788+0000] {dag.py:3823} INFO - Setting next_dagrun for example_subdag_operator.section-2 to None, run_after=None
[2025-05-13T21:17:55.799+0000] {logging_mixin.py:188} INFO - [2025-05-13T21:17:55.799+0000] {dag.py:3036} INFO - Sync 2 DAGs
[2025-05-13T21:17:55.809+0000] {logging_mixin.py:188} INFO - [2025-05-13T21:17:55.808+0000] {dag.py:3823} INFO - Setting next_dagrun for example_subdag_operator.section-1 to None, run_after=None
[2025-05-13T21:17:55.810+0000] {logging_mixin.py:188} INFO - [2025-05-13T21:17:55.810+0000] {dag.py:3823} INFO - Setting next_dagrun for example_subdag_operator.section-2 to None, run_after=None
[2025-05-13T21:17:55.845+0000] {processor.py:183} INFO - Processing /home/airflow/.local/lib/python3.8/site-packages/airflow/example_dags/example_subdag_operator.py took 0.149 seconds
[2025-05-13T21:18:26.494+0000] {processor.py:161} INFO - Started process (PID=521) to work on /home/airflow/.local/lib/python3.8/site-packages/airflow/example_dags/example_subdag_operator.py
[2025-05-13T21:18:26.495+0000] {processor.py:830} INFO - Processing file /home/airflow/.local/lib/python3.8/site-packages/airflow/example_dags/example_subdag_operator.py for tasks to queue
[2025-05-13T21:18:26.497+0000] {logging_mixin.py:188} INFO - [2025-05-13T21:18:26.497+0000] {dagbag.py:538} INFO - Filling up the DagBag from /home/airflow/.local/lib/python3.8/site-packages/airflow/example_dags/example_subdag_operator.py
[2025-05-13T21:18:26.523+0000] {processor.py:840} INFO - DAG(s) 'example_subdag_operator.section-1', 'example_subdag_operator.section-2', 'example_subdag_operator' retrieved from /home/airflow/.local/lib/python3.8/site-packages/airflow/example_dags/example_subdag_operator.py
[2025-05-13T21:18:26.548+0000] {logging_mixin.py:188} INFO - [2025-05-13T21:18:26.548+0000] {dag.py:3036} INFO - Sync 3 DAGs
[2025-05-13T21:18:26.602+0000] {logging_mixin.py:188} INFO - [2025-05-13T21:18:26.601+0000] {dag.py:3823} INFO - Setting next_dagrun for example_subdag_operator to 2022-01-01 00:00:00+00:00, run_after=2022-01-01 00:00:00+00:00
[2025-05-13T21:18:26.608+0000] {logging_mixin.py:188} INFO - [2025-05-13T21:18:26.608+0000] {dag.py:3823} INFO - Setting next_dagrun for example_subdag_operator.section-1 to None, run_after=None
[2025-05-13T21:18:26.610+0000] {logging_mixin.py:188} INFO - [2025-05-13T21:18:26.610+0000] {dag.py:3823} INFO - Setting next_dagrun for example_subdag_operator.section-2 to None, run_after=None
[2025-05-13T21:18:26.626+0000] {logging_mixin.py:188} INFO - [2025-05-13T21:18:26.626+0000] {dag.py:3036} INFO - Sync 2 DAGs
[2025-05-13T21:18:26.635+0000] {logging_mixin.py:188} INFO - [2025-05-13T21:18:26.634+0000] {dag.py:3823} INFO - Setting next_dagrun for example_subdag_operator.section-1 to None, run_after=None
[2025-05-13T21:18:26.636+0000] {logging_mixin.py:188} INFO - [2025-05-13T21:18:26.636+0000] {dag.py:3823} INFO - Setting next_dagrun for example_subdag_operator.section-2 to None, run_after=None
[2025-05-13T21:18:26.659+0000] {processor.py:183} INFO - Processing /home/airflow/.local/lib/python3.8/site-packages/airflow/example_dags/example_subdag_operator.py took 0.167 seconds
[2025-05-13T21:18:56.708+0000] {processor.py:161} INFO - Started process (PID=576) to work on /home/airflow/.local/lib/python3.8/site-packages/airflow/example_dags/example_subdag_operator.py
[2025-05-13T21:18:56.710+0000] {processor.py:830} INFO - Processing file /home/airflow/.local/lib/python3.8/site-packages/airflow/example_dags/example_subdag_operator.py for tasks to queue
[2025-05-13T21:18:56.713+0000] {logging_mixin.py:188} INFO - [2025-05-13T21:18:56.712+0000] {dagbag.py:538} INFO - Filling up the DagBag from /home/airflow/.local/lib/python3.8/site-packages/airflow/example_dags/example_subdag_operator.py
[2025-05-13T21:18:56.746+0000] {processor.py:840} INFO - DAG(s) 'example_subdag_operator.section-1', 'example_subdag_operator.section-2', 'example_subdag_operator' retrieved from /home/airflow/.local/lib/python3.8/site-packages/airflow/example_dags/example_subdag_operator.py
[2025-05-13T21:18:56.766+0000] {logging_mixin.py:188} INFO - [2025-05-13T21:18:56.766+0000] {dag.py:3036} INFO - Sync 3 DAGs
[2025-05-13T21:18:56.798+0000] {logging_mixin.py:188} INFO - [2025-05-13T21:18:56.797+0000] {dag.py:3823} INFO - Setting next_dagrun for example_subdag_operator to 2022-01-01 00:00:00+00:00, run_after=2022-01-01 00:00:00+00:00
[2025-05-13T21:18:56.803+0000] {logging_mixin.py:188} INFO - [2025-05-13T21:18:56.803+0000] {dag.py:3823} INFO - Setting next_dagrun for example_subdag_operator.section-1 to None, run_after=None
[2025-05-13T21:18:56.806+0000] {logging_mixin.py:188} INFO - [2025-05-13T21:18:56.806+0000] {dag.py:3823} INFO - Setting next_dagrun for example_subdag_operator.section-2 to None, run_after=None
[2025-05-13T21:18:56.818+0000] {logging_mixin.py:188} INFO - [2025-05-13T21:18:56.818+0000] {dag.py:3036} INFO - Sync 2 DAGs
[2025-05-13T21:18:56.827+0000] {logging_mixin.py:188} INFO - [2025-05-13T21:18:56.826+0000] {dag.py:3823} INFO - Setting next_dagrun for example_subdag_operator.section-1 to None, run_after=None
[2025-05-13T21:18:56.828+0000] {logging_mixin.py:188} INFO - [2025-05-13T21:18:56.827+0000] {dag.py:3823} INFO - Setting next_dagrun for example_subdag_operator.section-2 to None, run_after=None
[2025-05-13T21:18:56.858+0000] {processor.py:183} INFO - Processing /home/airflow/.local/lib/python3.8/site-packages/airflow/example_dags/example_subdag_operator.py took 0.154 seconds
[2025-05-13T21:19:27.469+0000] {processor.py:161} INFO - Started process (PID=633) to work on /home/airflow/.local/lib/python3.8/site-packages/airflow/example_dags/example_subdag_operator.py
[2025-05-13T21:19:27.471+0000] {processor.py:830} INFO - Processing file /home/airflow/.local/lib/python3.8/site-packages/airflow/example_dags/example_subdag_operator.py for tasks to queue
[2025-05-13T21:19:27.473+0000] {logging_mixin.py:188} INFO - [2025-05-13T21:19:27.473+0000] {dagbag.py:538} INFO - Filling up the DagBag from /home/airflow/.local/lib/python3.8/site-packages/airflow/example_dags/example_subdag_operator.py
[2025-05-13T21:19:27.504+0000] {processor.py:840} INFO - DAG(s) 'example_subdag_operator.section-1', 'example_subdag_operator.section-2', 'example_subdag_operator' retrieved from /home/airflow/.local/lib/python3.8/site-packages/airflow/example_dags/example_subdag_operator.py
[2025-05-13T21:19:27.522+0000] {logging_mixin.py:188} INFO - [2025-05-13T21:19:27.521+0000] {dag.py:3036} INFO - Sync 3 DAGs
[2025-05-13T21:19:27.550+0000] {logging_mixin.py:188} INFO - [2025-05-13T21:19:27.550+0000] {dag.py:3823} INFO - Setting next_dagrun for example_subdag_operator to 2022-01-01 00:00:00+00:00, run_after=2022-01-01 00:00:00+00:00
[2025-05-13T21:19:27.555+0000] {logging_mixin.py:188} INFO - [2025-05-13T21:19:27.555+0000] {dag.py:3823} INFO - Setting next_dagrun for example_subdag_operator.section-1 to None, run_after=None
[2025-05-13T21:19:27.557+0000] {logging_mixin.py:188} INFO - [2025-05-13T21:19:27.557+0000] {dag.py:3823} INFO - Setting next_dagrun for example_subdag_operator.section-2 to None, run_after=None
[2025-05-13T21:19:27.570+0000] {logging_mixin.py:188} INFO - [2025-05-13T21:19:27.569+0000] {dag.py:3036} INFO - Sync 2 DAGs
[2025-05-13T21:19:27.579+0000] {logging_mixin.py:188} INFO - [2025-05-13T21:19:27.579+0000] {dag.py:3823} INFO - Setting next_dagrun for example_subdag_operator.section-1 to None, run_after=None
[2025-05-13T21:19:27.580+0000] {logging_mixin.py:188} INFO - [2025-05-13T21:19:27.580+0000] {dag.py:3823} INFO - Setting next_dagrun for example_subdag_operator.section-2 to None, run_after=None
[2025-05-13T21:19:27.620+0000] {processor.py:183} INFO - Processing /home/airflow/.local/lib/python3.8/site-packages/airflow/example_dags/example_subdag_operator.py took 0.154 seconds
[2025-05-13T21:57:52.904+0000] {processor.py:161} INFO - Started process (PID=660) to work on /home/airflow/.local/lib/python3.8/site-packages/airflow/example_dags/example_subdag_operator.py
[2025-05-13T21:57:52.909+0000] {processor.py:830} INFO - Processing file /home/airflow/.local/lib/python3.8/site-packages/airflow/example_dags/example_subdag_operator.py for tasks to queue
[2025-05-13T21:57:52.928+0000] {logging_mixin.py:188} INFO - [2025-05-13T21:57:52.924+0000] {dagbag.py:538} INFO - Filling up the DagBag from /home/airflow/.local/lib/python3.8/site-packages/airflow/example_dags/example_subdag_operator.py
[2025-05-13T21:57:53.304+0000] {processor.py:840} INFO - DAG(s) 'example_subdag_operator.section-1', 'example_subdag_operator.section-2', 'example_subdag_operator' retrieved from /home/airflow/.local/lib/python3.8/site-packages/airflow/example_dags/example_subdag_operator.py
[2025-05-13T21:57:53.388+0000] {logging_mixin.py:188} INFO - [2025-05-13T21:57:53.387+0000] {dag.py:3036} INFO - Sync 3 DAGs
[2025-05-13T21:57:53.470+0000] {logging_mixin.py:188} INFO - [2025-05-13T21:57:53.469+0000] {dag.py:3823} INFO - Setting next_dagrun for example_subdag_operator to 2022-01-01 00:00:00+00:00, run_after=2022-01-01 00:00:00+00:00
[2025-05-13T21:57:53.564+0000] {logging_mixin.py:188} INFO - [2025-05-13T21:57:53.564+0000] {dag.py:3823} INFO - Setting next_dagrun for example_subdag_operator.section-1 to None, run_after=None
[2025-05-13T21:57:53.570+0000] {logging_mixin.py:188} INFO - [2025-05-13T21:57:53.569+0000] {dag.py:3823} INFO - Setting next_dagrun for example_subdag_operator.section-2 to None, run_after=None
[2025-05-13T21:57:53.625+0000] {logging_mixin.py:188} INFO - [2025-05-13T21:57:53.625+0000] {dag.py:3036} INFO - Sync 2 DAGs
[2025-05-13T21:57:53.657+0000] {logging_mixin.py:188} INFO - [2025-05-13T21:57:53.653+0000] {dag.py:3823} INFO - Setting next_dagrun for example_subdag_operator.section-1 to None, run_after=None
[2025-05-13T21:57:53.664+0000] {logging_mixin.py:188} INFO - [2025-05-13T21:57:53.664+0000] {dag.py:3823} INFO - Setting next_dagrun for example_subdag_operator.section-2 to None, run_after=None
[2025-05-13T21:57:53.784+0000] {processor.py:183} INFO - Processing /home/airflow/.local/lib/python3.8/site-packages/airflow/example_dags/example_subdag_operator.py took 0.933 seconds
[2025-05-13T21:58:23.915+0000] {processor.py:161} INFO - Started process (PID=716) to work on /home/airflow/.local/lib/python3.8/site-packages/airflow/example_dags/example_subdag_operator.py
[2025-05-13T21:58:23.916+0000] {processor.py:830} INFO - Processing file /home/airflow/.local/lib/python3.8/site-packages/airflow/example_dags/example_subdag_operator.py for tasks to queue
[2025-05-13T21:58:23.918+0000] {logging_mixin.py:188} INFO - [2025-05-13T21:58:23.918+0000] {dagbag.py:538} INFO - Filling up the DagBag from /home/airflow/.local/lib/python3.8/site-packages/airflow/example_dags/example_subdag_operator.py
[2025-05-13T21:58:23.950+0000] {processor.py:840} INFO - DAG(s) 'example_subdag_operator.section-1', 'example_subdag_operator.section-2', 'example_subdag_operator' retrieved from /home/airflow/.local/lib/python3.8/site-packages/airflow/example_dags/example_subdag_operator.py
[2025-05-13T21:58:23.969+0000] {logging_mixin.py:188} INFO - [2025-05-13T21:58:23.969+0000] {dag.py:3036} INFO - Sync 3 DAGs
[2025-05-13T21:58:24.000+0000] {logging_mixin.py:188} INFO - [2025-05-13T21:58:24.000+0000] {dag.py:3823} INFO - Setting next_dagrun for example_subdag_operator to 2022-01-01 00:00:00+00:00, run_after=2022-01-01 00:00:00+00:00
[2025-05-13T21:58:24.008+0000] {logging_mixin.py:188} INFO - [2025-05-13T21:58:24.007+0000] {dag.py:3823} INFO - Setting next_dagrun for example_subdag_operator.section-1 to None, run_after=None
[2025-05-13T21:58:24.013+0000] {logging_mixin.py:188} INFO - [2025-05-13T21:58:24.013+0000] {dag.py:3823} INFO - Setting next_dagrun for example_subdag_operator.section-2 to None, run_after=None
[2025-05-13T21:58:24.025+0000] {logging_mixin.py:188} INFO - [2025-05-13T21:58:24.025+0000] {dag.py:3036} INFO - Sync 2 DAGs
[2025-05-13T21:58:24.032+0000] {logging_mixin.py:188} INFO - [2025-05-13T21:58:24.032+0000] {dag.py:3823} INFO - Setting next_dagrun for example_subdag_operator.section-1 to None, run_after=None
[2025-05-13T21:58:24.033+0000] {logging_mixin.py:188} INFO - [2025-05-13T21:58:24.033+0000] {dag.py:3823} INFO - Setting next_dagrun for example_subdag_operator.section-2 to None, run_after=None
[2025-05-13T21:58:24.048+0000] {processor.py:183} INFO - Processing /home/airflow/.local/lib/python3.8/site-packages/airflow/example_dags/example_subdag_operator.py took 0.140 seconds
[2025-05-13T21:58:54.133+0000] {processor.py:161} INFO - Started process (PID=773) to work on /home/airflow/.local/lib/python3.8/site-packages/airflow/example_dags/example_subdag_operator.py
[2025-05-13T21:58:54.135+0000] {processor.py:830} INFO - Processing file /home/airflow/.local/lib/python3.8/site-packages/airflow/example_dags/example_subdag_operator.py for tasks to queue
[2025-05-13T21:58:54.138+0000] {logging_mixin.py:188} INFO - [2025-05-13T21:58:54.137+0000] {dagbag.py:538} INFO - Filling up the DagBag from /home/airflow/.local/lib/python3.8/site-packages/airflow/example_dags/example_subdag_operator.py
[2025-05-13T21:58:54.174+0000] {processor.py:840} INFO - DAG(s) 'example_subdag_operator.section-1', 'example_subdag_operator.section-2', 'example_subdag_operator' retrieved from /home/airflow/.local/lib/python3.8/site-packages/airflow/example_dags/example_subdag_operator.py
[2025-05-13T21:58:54.200+0000] {logging_mixin.py:188} INFO - [2025-05-13T21:58:54.200+0000] {dag.py:3036} INFO - Sync 3 DAGs
[2025-05-13T21:58:54.236+0000] {logging_mixin.py:188} INFO - [2025-05-13T21:58:54.235+0000] {dag.py:3823} INFO - Setting next_dagrun for example_subdag_operator to 2022-01-01 00:00:00+00:00, run_after=2022-01-01 00:00:00+00:00
[2025-05-13T21:58:54.242+0000] {logging_mixin.py:188} INFO - [2025-05-13T21:58:54.242+0000] {dag.py:3823} INFO - Setting next_dagrun for example_subdag_operator.section-1 to None, run_after=None
[2025-05-13T21:58:54.246+0000] {logging_mixin.py:188} INFO - [2025-05-13T21:58:54.245+0000] {dag.py:3823} INFO - Setting next_dagrun for example_subdag_operator.section-2 to None, run_after=None
[2025-05-13T21:58:54.260+0000] {logging_mixin.py:188} INFO - [2025-05-13T21:58:54.259+0000] {dag.py:3036} INFO - Sync 2 DAGs
[2025-05-13T21:58:54.271+0000] {logging_mixin.py:188} INFO - [2025-05-13T21:58:54.271+0000] {dag.py:3823} INFO - Setting next_dagrun for example_subdag_operator.section-1 to None, run_after=None
[2025-05-13T21:58:54.272+0000] {logging_mixin.py:188} INFO - [2025-05-13T21:58:54.272+0000] {dag.py:3823} INFO - Setting next_dagrun for example_subdag_operator.section-2 to None, run_after=None
[2025-05-13T21:58:54.294+0000] {processor.py:183} INFO - Processing /home/airflow/.local/lib/python3.8/site-packages/airflow/example_dags/example_subdag_operator.py took 0.165 seconds
[2025-05-13T21:59:25.000+0000] {processor.py:161} INFO - Started process (PID=829) to work on /home/airflow/.local/lib/python3.8/site-packages/airflow/example_dags/example_subdag_operator.py
[2025-05-13T21:59:25.002+0000] {processor.py:830} INFO - Processing file /home/airflow/.local/lib/python3.8/site-packages/airflow/example_dags/example_subdag_operator.py for tasks to queue
[2025-05-13T21:59:25.005+0000] {logging_mixin.py:188} INFO - [2025-05-13T21:59:25.004+0000] {dagbag.py:538} INFO - Filling up the DagBag from /home/airflow/.local/lib/python3.8/site-packages/airflow/example_dags/example_subdag_operator.py
[2025-05-13T21:59:25.040+0000] {processor.py:840} INFO - DAG(s) 'example_subdag_operator.section-1', 'example_subdag_operator.section-2', 'example_subdag_operator' retrieved from /home/airflow/.local/lib/python3.8/site-packages/airflow/example_dags/example_subdag_operator.py
[2025-05-13T21:59:25.061+0000] {logging_mixin.py:188} INFO - [2025-05-13T21:59:25.061+0000] {dag.py:3036} INFO - Sync 3 DAGs
[2025-05-13T21:59:25.094+0000] {logging_mixin.py:188} INFO - [2025-05-13T21:59:25.093+0000] {dag.py:3823} INFO - Setting next_dagrun for example_subdag_operator to 2022-01-01 00:00:00+00:00, run_after=2022-01-01 00:00:00+00:00
[2025-05-13T21:59:25.101+0000] {logging_mixin.py:188} INFO - [2025-05-13T21:59:25.101+0000] {dag.py:3823} INFO - Setting next_dagrun for example_subdag_operator.section-1 to None, run_after=None
[2025-05-13T21:59:25.105+0000] {logging_mixin.py:188} INFO - [2025-05-13T21:59:25.105+0000] {dag.py:3823} INFO - Setting next_dagrun for example_subdag_operator.section-2 to None, run_after=None
[2025-05-13T21:59:25.127+0000] {logging_mixin.py:188} INFO - [2025-05-13T21:59:25.126+0000] {dag.py:3036} INFO - Sync 2 DAGs
[2025-05-13T21:59:25.140+0000] {logging_mixin.py:188} INFO - [2025-05-13T21:59:25.139+0000] {dag.py:3823} INFO - Setting next_dagrun for example_subdag_operator.section-1 to None, run_after=None
[2025-05-13T21:59:25.141+0000] {logging_mixin.py:188} INFO - [2025-05-13T21:59:25.141+0000] {dag.py:3823} INFO - Setting next_dagrun for example_subdag_operator.section-2 to None, run_after=None
[2025-05-13T21:59:25.164+0000] {processor.py:183} INFO - Processing /home/airflow/.local/lib/python3.8/site-packages/airflow/example_dags/example_subdag_operator.py took 0.168 seconds
