[2025-05-13T21:09:15.567+0000] {processor.py:161} INFO - Started process (PID=80) to work on /home/airflow/.local/lib/python3.8/site-packages/airflow/example_dags/example_short_circuit_operator.py
[2025-05-13T21:09:15.568+0000] {processor.py:830} INFO - Processing file /home/airflow/.local/lib/python3.8/site-packages/airflow/example_dags/example_short_circuit_operator.py for tasks to queue
[2025-05-13T21:09:15.571+0000] {logging_mixin.py:188} INFO - [2025-05-13T21:09:15.570+0000] {dagbag.py:538} INFO - Filling up the DagBag from /home/airflow/.local/lib/python3.8/site-packages/airflow/example_dags/example_short_circuit_operator.py
[2025-05-13T21:09:15.582+0000] {processor.py:840} INFO - DAG(s) 'example_short_circuit_operator' retrieved from /home/airflow/.local/lib/python3.8/site-packages/airflow/example_dags/example_short_circuit_operator.py
[2025-05-13T21:09:28.552+0000] {logging_mixin.py:188} INFO - [2025-05-13T21:09:28.550+0000] {dag.py:3036} INFO - Sync 1 DAGs
[2025-05-13T21:09:28.584+0000] {logging_mixin.py:188} INFO - [2025-05-13T21:09:28.584+0000] {dag.py:3823} INFO - Setting next_dagrun for example_short_circuit_operator to 2025-05-12 00:00:00+00:00, run_after=2025-05-13 00:00:00+00:00
[2025-05-13T21:09:28.628+0000] {processor.py:183} INFO - Processing /home/airflow/.local/lib/python3.8/site-packages/airflow/example_dags/example_short_circuit_operator.py took 13.066 seconds
[2025-05-13T21:10:00.870+0000] {processor.py:161} INFO - Started process (PID=136) to work on /home/airflow/.local/lib/python3.8/site-packages/airflow/example_dags/example_short_circuit_operator.py
[2025-05-13T21:10:00.874+0000] {processor.py:830} INFO - Processing file /home/airflow/.local/lib/python3.8/site-packages/airflow/example_dags/example_short_circuit_operator.py for tasks to queue
[2025-05-13T21:10:00.877+0000] {logging_mixin.py:188} INFO - [2025-05-13T21:10:00.876+0000] {dagbag.py:538} INFO - Filling up the DagBag from /home/airflow/.local/lib/python3.8/site-packages/airflow/example_dags/example_short_circuit_operator.py
[2025-05-13T21:10:00.893+0000] {processor.py:840} INFO - DAG(s) 'example_short_circuit_operator' retrieved from /home/airflow/.local/lib/python3.8/site-packages/airflow/example_dags/example_short_circuit_operator.py
[2025-05-13T21:10:00.949+0000] {logging_mixin.py:188} INFO - [2025-05-13T21:10:00.948+0000] {dag.py:3036} INFO - Sync 1 DAGs
[2025-05-13T21:10:00.995+0000] {logging_mixin.py:188} INFO - [2025-05-13T21:10:00.995+0000] {dag.py:3823} INFO - Setting next_dagrun for example_short_circuit_operator to 2025-05-12 00:00:00+00:00, run_after=2025-05-13 00:00:00+00:00
[2025-05-13T21:10:01.050+0000] {processor.py:183} INFO - Processing /home/airflow/.local/lib/python3.8/site-packages/airflow/example_dags/example_short_circuit_operator.py took 0.189 seconds
[2025-05-13T21:11:58.940+0000] {processor.py:161} INFO - Started process (PID=170) to work on /home/airflow/.local/lib/python3.8/site-packages/airflow/example_dags/example_short_circuit_operator.py
[2025-05-13T21:11:58.942+0000] {processor.py:830} INFO - Processing file /home/airflow/.local/lib/python3.8/site-packages/airflow/example_dags/example_short_circuit_operator.py for tasks to queue
[2025-05-13T21:11:58.945+0000] {logging_mixin.py:188} INFO - [2025-05-13T21:11:58.943+0000] {dagbag.py:538} INFO - Filling up the DagBag from /home/airflow/.local/lib/python3.8/site-packages/airflow/example_dags/example_short_circuit_operator.py
[2025-05-13T21:11:58.958+0000] {processor.py:840} INFO - DAG(s) 'example_short_circuit_operator' retrieved from /home/airflow/.local/lib/python3.8/site-packages/airflow/example_dags/example_short_circuit_operator.py
[2025-05-13T21:11:59.066+0000] {logging_mixin.py:188} INFO - [2025-05-13T21:11:59.066+0000] {dag.py:3036} INFO - Sync 1 DAGs
[2025-05-13T21:11:59.104+0000] {logging_mixin.py:188} INFO - [2025-05-13T21:11:59.104+0000] {dag.py:3823} INFO - Setting next_dagrun for example_short_circuit_operator to 2025-05-12 00:00:00+00:00, run_after=2025-05-13 00:00:00+00:00
[2025-05-13T21:11:59.140+0000] {processor.py:183} INFO - Processing /home/airflow/.local/lib/python3.8/site-packages/airflow/example_dags/example_short_circuit_operator.py took 0.206 seconds
[2025-05-13T21:14:26.959+0000] {processor.py:161} INFO - Started process (PID=83) to work on /home/airflow/.local/lib/python3.8/site-packages/airflow/example_dags/example_short_circuit_operator.py
[2025-05-13T21:14:26.987+0000] {processor.py:830} INFO - Processing file /home/airflow/.local/lib/python3.8/site-packages/airflow/example_dags/example_short_circuit_operator.py for tasks to queue
[2025-05-13T21:14:27.012+0000] {logging_mixin.py:188} INFO - [2025-05-13T21:14:27.011+0000] {dagbag.py:538} INFO - Filling up the DagBag from /home/airflow/.local/lib/python3.8/site-packages/airflow/example_dags/example_short_circuit_operator.py
[2025-05-13T21:14:27.167+0000] {processor.py:840} INFO - DAG(s) 'example_short_circuit_operator' retrieved from /home/airflow/.local/lib/python3.8/site-packages/airflow/example_dags/example_short_circuit_operator.py
[2025-05-13T21:14:28.201+0000] {logging_mixin.py:188} INFO - [2025-05-13T21:14:28.201+0000] {dag.py:3036} INFO - Sync 1 DAGs
[2025-05-13T21:14:28.396+0000] {logging_mixin.py:188} INFO - [2025-05-13T21:14:28.396+0000] {dag.py:3823} INFO - Setting next_dagrun for example_short_circuit_operator to 2025-05-12 00:00:00+00:00, run_after=2025-05-13 00:00:00+00:00
[2025-05-13T21:14:28.597+0000] {processor.py:183} INFO - Processing /home/airflow/.local/lib/python3.8/site-packages/airflow/example_dags/example_short_circuit_operator.py took 1.832 seconds
[2025-05-13T21:14:58.837+0000] {processor.py:161} INFO - Started process (PID=139) to work on /home/airflow/.local/lib/python3.8/site-packages/airflow/example_dags/example_short_circuit_operator.py
[2025-05-13T21:14:58.838+0000] {processor.py:830} INFO - Processing file /home/airflow/.local/lib/python3.8/site-packages/airflow/example_dags/example_short_circuit_operator.py for tasks to queue
[2025-05-13T21:14:58.840+0000] {logging_mixin.py:188} INFO - [2025-05-13T21:14:58.839+0000] {dagbag.py:538} INFO - Filling up the DagBag from /home/airflow/.local/lib/python3.8/site-packages/airflow/example_dags/example_short_circuit_operator.py
[2025-05-13T21:14:58.848+0000] {processor.py:840} INFO - DAG(s) 'example_short_circuit_operator' retrieved from /home/airflow/.local/lib/python3.8/site-packages/airflow/example_dags/example_short_circuit_operator.py
[2025-05-13T21:14:58.887+0000] {logging_mixin.py:188} INFO - [2025-05-13T21:14:58.887+0000] {dag.py:3036} INFO - Sync 1 DAGs
[2025-05-13T21:14:58.915+0000] {logging_mixin.py:188} INFO - [2025-05-13T21:14:58.915+0000] {dag.py:3823} INFO - Setting next_dagrun for example_short_circuit_operator to 2025-05-12 00:00:00+00:00, run_after=2025-05-13 00:00:00+00:00
[2025-05-13T21:14:58.954+0000] {processor.py:183} INFO - Processing /home/airflow/.local/lib/python3.8/site-packages/airflow/example_dags/example_short_circuit_operator.py took 0.120 seconds
[2025-05-13T21:15:29.257+0000] {processor.py:161} INFO - Started process (PID=195) to work on /home/airflow/.local/lib/python3.8/site-packages/airflow/example_dags/example_short_circuit_operator.py
[2025-05-13T21:15:29.261+0000] {processor.py:830} INFO - Processing file /home/airflow/.local/lib/python3.8/site-packages/airflow/example_dags/example_short_circuit_operator.py for tasks to queue
[2025-05-13T21:15:29.263+0000] {logging_mixin.py:188} INFO - [2025-05-13T21:15:29.263+0000] {dagbag.py:538} INFO - Filling up the DagBag from /home/airflow/.local/lib/python3.8/site-packages/airflow/example_dags/example_short_circuit_operator.py
[2025-05-13T21:15:29.271+0000] {processor.py:840} INFO - DAG(s) 'example_short_circuit_operator' retrieved from /home/airflow/.local/lib/python3.8/site-packages/airflow/example_dags/example_short_circuit_operator.py
[2025-05-13T21:15:29.299+0000] {logging_mixin.py:188} INFO - [2025-05-13T21:15:29.299+0000] {dag.py:3036} INFO - Sync 1 DAGs
[2025-05-13T21:15:29.328+0000] {logging_mixin.py:188} INFO - [2025-05-13T21:15:29.328+0000] {dag.py:3823} INFO - Setting next_dagrun for example_short_circuit_operator to 2025-05-12 00:00:00+00:00, run_after=2025-05-13 00:00:00+00:00
[2025-05-13T21:15:29.357+0000] {processor.py:183} INFO - Processing /home/airflow/.local/lib/python3.8/site-packages/airflow/example_dags/example_short_circuit_operator.py took 0.103 seconds
[2025-05-13T21:15:59.447+0000] {processor.py:161} INFO - Started process (PID=251) to work on /home/airflow/.local/lib/python3.8/site-packages/airflow/example_dags/example_short_circuit_operator.py
[2025-05-13T21:15:59.449+0000] {processor.py:830} INFO - Processing file /home/airflow/.local/lib/python3.8/site-packages/airflow/example_dags/example_short_circuit_operator.py for tasks to queue
[2025-05-13T21:15:59.451+0000] {logging_mixin.py:188} INFO - [2025-05-13T21:15:59.450+0000] {dagbag.py:538} INFO - Filling up the DagBag from /home/airflow/.local/lib/python3.8/site-packages/airflow/example_dags/example_short_circuit_operator.py
[2025-05-13T21:15:59.458+0000] {processor.py:840} INFO - DAG(s) 'example_short_circuit_operator' retrieved from /home/airflow/.local/lib/python3.8/site-packages/airflow/example_dags/example_short_circuit_operator.py
[2025-05-13T21:15:59.483+0000] {logging_mixin.py:188} INFO - [2025-05-13T21:15:59.483+0000] {dag.py:3036} INFO - Sync 1 DAGs
[2025-05-13T21:15:59.508+0000] {logging_mixin.py:188} INFO - [2025-05-13T21:15:59.507+0000] {dag.py:3823} INFO - Setting next_dagrun for example_short_circuit_operator to 2025-05-12 00:00:00+00:00, run_after=2025-05-13 00:00:00+00:00
[2025-05-13T21:15:59.550+0000] {processor.py:183} INFO - Processing /home/airflow/.local/lib/python3.8/site-packages/airflow/example_dags/example_short_circuit_operator.py took 0.106 seconds
[2025-05-13T21:16:29.870+0000] {processor.py:161} INFO - Started process (PID=307) to work on /home/airflow/.local/lib/python3.8/site-packages/airflow/example_dags/example_short_circuit_operator.py
[2025-05-13T21:16:29.872+0000] {processor.py:830} INFO - Processing file /home/airflow/.local/lib/python3.8/site-packages/airflow/example_dags/example_short_circuit_operator.py for tasks to queue
[2025-05-13T21:16:29.875+0000] {logging_mixin.py:188} INFO - [2025-05-13T21:16:29.874+0000] {dagbag.py:538} INFO - Filling up the DagBag from /home/airflow/.local/lib/python3.8/site-packages/airflow/example_dags/example_short_circuit_operator.py
[2025-05-13T21:16:29.884+0000] {processor.py:840} INFO - DAG(s) 'example_short_circuit_operator' retrieved from /home/airflow/.local/lib/python3.8/site-packages/airflow/example_dags/example_short_circuit_operator.py
[2025-05-13T21:16:29.926+0000] {logging_mixin.py:188} INFO - [2025-05-13T21:16:29.926+0000] {dag.py:3036} INFO - Sync 1 DAGs
[2025-05-13T21:16:29.971+0000] {logging_mixin.py:188} INFO - [2025-05-13T21:16:29.967+0000] {dag.py:3823} INFO - Setting next_dagrun for example_short_circuit_operator to 2025-05-12 00:00:00+00:00, run_after=2025-05-13 00:00:00+00:00
[2025-05-13T21:16:30.016+0000] {processor.py:183} INFO - Processing /home/airflow/.local/lib/python3.8/site-packages/airflow/example_dags/example_short_circuit_operator.py took 0.152 seconds
[2025-05-13T21:17:00.478+0000] {processor.py:161} INFO - Started process (PID=361) to work on /home/airflow/.local/lib/python3.8/site-packages/airflow/example_dags/example_short_circuit_operator.py
[2025-05-13T21:17:00.480+0000] {processor.py:830} INFO - Processing file /home/airflow/.local/lib/python3.8/site-packages/airflow/example_dags/example_short_circuit_operator.py for tasks to queue
[2025-05-13T21:17:00.484+0000] {logging_mixin.py:188} INFO - [2025-05-13T21:17:00.483+0000] {dagbag.py:538} INFO - Filling up the DagBag from /home/airflow/.local/lib/python3.8/site-packages/airflow/example_dags/example_short_circuit_operator.py
[2025-05-13T21:17:00.495+0000] {processor.py:840} INFO - DAG(s) 'example_short_circuit_operator' retrieved from /home/airflow/.local/lib/python3.8/site-packages/airflow/example_dags/example_short_circuit_operator.py
[2025-05-13T21:17:00.526+0000] {logging_mixin.py:188} INFO - [2025-05-13T21:17:00.526+0000] {dag.py:3036} INFO - Sync 1 DAGs
[2025-05-13T21:17:00.553+0000] {logging_mixin.py:188} INFO - [2025-05-13T21:17:00.553+0000] {dag.py:3823} INFO - Setting next_dagrun for example_short_circuit_operator to 2025-05-12 00:00:00+00:00, run_after=2025-05-13 00:00:00+00:00
[2025-05-13T21:17:00.579+0000] {processor.py:183} INFO - Processing /home/airflow/.local/lib/python3.8/site-packages/airflow/example_dags/example_short_circuit_operator.py took 0.104 seconds
[2025-05-13T21:17:30.753+0000] {processor.py:161} INFO - Started process (PID=417) to work on /home/airflow/.local/lib/python3.8/site-packages/airflow/example_dags/example_short_circuit_operator.py
[2025-05-13T21:17:30.755+0000] {processor.py:830} INFO - Processing file /home/airflow/.local/lib/python3.8/site-packages/airflow/example_dags/example_short_circuit_operator.py for tasks to queue
[2025-05-13T21:17:30.758+0000] {logging_mixin.py:188} INFO - [2025-05-13T21:17:30.757+0000] {dagbag.py:538} INFO - Filling up the DagBag from /home/airflow/.local/lib/python3.8/site-packages/airflow/example_dags/example_short_circuit_operator.py
[2025-05-13T21:17:30.767+0000] {processor.py:840} INFO - DAG(s) 'example_short_circuit_operator' retrieved from /home/airflow/.local/lib/python3.8/site-packages/airflow/example_dags/example_short_circuit_operator.py
[2025-05-13T21:17:30.799+0000] {logging_mixin.py:188} INFO - [2025-05-13T21:17:30.798+0000] {dag.py:3036} INFO - Sync 1 DAGs
[2025-05-13T21:17:30.835+0000] {logging_mixin.py:188} INFO - [2025-05-13T21:17:30.835+0000] {dag.py:3823} INFO - Setting next_dagrun for example_short_circuit_operator to 2025-05-12 00:00:00+00:00, run_after=2025-05-13 00:00:00+00:00
[2025-05-13T21:17:30.871+0000] {processor.py:183} INFO - Processing /home/airflow/.local/lib/python3.8/site-packages/airflow/example_dags/example_short_circuit_operator.py took 0.121 seconds
[2025-05-13T21:18:01.241+0000] {processor.py:161} INFO - Started process (PID=473) to work on /home/airflow/.local/lib/python3.8/site-packages/airflow/example_dags/example_short_circuit_operator.py
[2025-05-13T21:18:01.242+0000] {processor.py:830} INFO - Processing file /home/airflow/.local/lib/python3.8/site-packages/airflow/example_dags/example_short_circuit_operator.py for tasks to queue
[2025-05-13T21:18:01.245+0000] {logging_mixin.py:188} INFO - [2025-05-13T21:18:01.244+0000] {dagbag.py:538} INFO - Filling up the DagBag from /home/airflow/.local/lib/python3.8/site-packages/airflow/example_dags/example_short_circuit_operator.py
[2025-05-13T21:18:01.254+0000] {processor.py:840} INFO - DAG(s) 'example_short_circuit_operator' retrieved from /home/airflow/.local/lib/python3.8/site-packages/airflow/example_dags/example_short_circuit_operator.py
[2025-05-13T21:18:01.290+0000] {logging_mixin.py:188} INFO - [2025-05-13T21:18:01.289+0000] {dag.py:3036} INFO - Sync 1 DAGs
[2025-05-13T21:18:01.319+0000] {logging_mixin.py:188} INFO - [2025-05-13T21:18:01.319+0000] {dag.py:3823} INFO - Setting next_dagrun for example_short_circuit_operator to 2025-05-12 00:00:00+00:00, run_after=2025-05-13 00:00:00+00:00
[2025-05-13T21:18:01.357+0000] {processor.py:183} INFO - Processing /home/airflow/.local/lib/python3.8/site-packages/airflow/example_dags/example_short_circuit_operator.py took 0.120 seconds
[2025-05-13T21:18:32.090+0000] {processor.py:161} INFO - Started process (PID=529) to work on /home/airflow/.local/lib/python3.8/site-packages/airflow/example_dags/example_short_circuit_operator.py
[2025-05-13T21:18:32.091+0000] {processor.py:830} INFO - Processing file /home/airflow/.local/lib/python3.8/site-packages/airflow/example_dags/example_short_circuit_operator.py for tasks to queue
[2025-05-13T21:18:32.093+0000] {logging_mixin.py:188} INFO - [2025-05-13T21:18:32.093+0000] {dagbag.py:538} INFO - Filling up the DagBag from /home/airflow/.local/lib/python3.8/site-packages/airflow/example_dags/example_short_circuit_operator.py
[2025-05-13T21:18:32.106+0000] {processor.py:840} INFO - DAG(s) 'example_short_circuit_operator' retrieved from /home/airflow/.local/lib/python3.8/site-packages/airflow/example_dags/example_short_circuit_operator.py
[2025-05-13T21:18:32.134+0000] {logging_mixin.py:188} INFO - [2025-05-13T21:18:32.134+0000] {dag.py:3036} INFO - Sync 1 DAGs
[2025-05-13T21:18:32.159+0000] {logging_mixin.py:188} INFO - [2025-05-13T21:18:32.159+0000] {dag.py:3823} INFO - Setting next_dagrun for example_short_circuit_operator to 2025-05-12 00:00:00+00:00, run_after=2025-05-13 00:00:00+00:00
[2025-05-13T21:18:32.189+0000] {processor.py:183} INFO - Processing /home/airflow/.local/lib/python3.8/site-packages/airflow/example_dags/example_short_circuit_operator.py took 0.103 seconds
[2025-05-13T21:19:02.570+0000] {processor.py:161} INFO - Started process (PID=584) to work on /home/airflow/.local/lib/python3.8/site-packages/airflow/example_dags/example_short_circuit_operator.py
[2025-05-13T21:19:02.572+0000] {processor.py:830} INFO - Processing file /home/airflow/.local/lib/python3.8/site-packages/airflow/example_dags/example_short_circuit_operator.py for tasks to queue
[2025-05-13T21:19:02.577+0000] {logging_mixin.py:188} INFO - [2025-05-13T21:19:02.577+0000] {dagbag.py:538} INFO - Filling up the DagBag from /home/airflow/.local/lib/python3.8/site-packages/airflow/example_dags/example_short_circuit_operator.py
[2025-05-13T21:19:02.595+0000] {processor.py:840} INFO - DAG(s) 'example_short_circuit_operator' retrieved from /home/airflow/.local/lib/python3.8/site-packages/airflow/example_dags/example_short_circuit_operator.py
[2025-05-13T21:19:02.641+0000] {logging_mixin.py:188} INFO - [2025-05-13T21:19:02.641+0000] {dag.py:3036} INFO - Sync 1 DAGs
[2025-05-13T21:19:02.672+0000] {logging_mixin.py:188} INFO - [2025-05-13T21:19:02.671+0000] {dag.py:3823} INFO - Setting next_dagrun for example_short_circuit_operator to 2025-05-12 00:00:00+00:00, run_after=2025-05-13 00:00:00+00:00
[2025-05-13T21:19:02.722+0000] {processor.py:183} INFO - Processing /home/airflow/.local/lib/python3.8/site-packages/airflow/example_dags/example_short_circuit_operator.py took 0.156 seconds
[2025-05-13T21:19:33.291+0000] {processor.py:161} INFO - Started process (PID=641) to work on /home/airflow/.local/lib/python3.8/site-packages/airflow/example_dags/example_short_circuit_operator.py
[2025-05-13T21:19:33.292+0000] {processor.py:830} INFO - Processing file /home/airflow/.local/lib/python3.8/site-packages/airflow/example_dags/example_short_circuit_operator.py for tasks to queue
[2025-05-13T21:19:33.295+0000] {logging_mixin.py:188} INFO - [2025-05-13T21:19:33.295+0000] {dagbag.py:538} INFO - Filling up the DagBag from /home/airflow/.local/lib/python3.8/site-packages/airflow/example_dags/example_short_circuit_operator.py
[2025-05-13T21:19:33.306+0000] {processor.py:840} INFO - DAG(s) 'example_short_circuit_operator' retrieved from /home/airflow/.local/lib/python3.8/site-packages/airflow/example_dags/example_short_circuit_operator.py
[2025-05-13T21:19:33.374+0000] {logging_mixin.py:188} INFO - [2025-05-13T21:19:33.374+0000] {dag.py:3036} INFO - Sync 1 DAGs
[2025-05-13T21:19:33.408+0000] {logging_mixin.py:188} INFO - [2025-05-13T21:19:33.407+0000] {dag.py:3823} INFO - Setting next_dagrun for example_short_circuit_operator to 2025-05-12 00:00:00+00:00, run_after=2025-05-13 00:00:00+00:00
[2025-05-13T21:19:33.454+0000] {processor.py:183} INFO - Processing /home/airflow/.local/lib/python3.8/site-packages/airflow/example_dags/example_short_circuit_operator.py took 0.168 seconds
[2025-05-13T21:58:04.446+0000] {processor.py:161} INFO - Started process (PID=668) to work on /home/airflow/.local/lib/python3.8/site-packages/airflow/example_dags/example_short_circuit_operator.py
[2025-05-13T21:58:04.448+0000] {processor.py:830} INFO - Processing file /home/airflow/.local/lib/python3.8/site-packages/airflow/example_dags/example_short_circuit_operator.py for tasks to queue
[2025-05-13T21:58:04.450+0000] {logging_mixin.py:188} INFO - [2025-05-13T21:58:04.450+0000] {dagbag.py:538} INFO - Filling up the DagBag from /home/airflow/.local/lib/python3.8/site-packages/airflow/example_dags/example_short_circuit_operator.py
[2025-05-13T21:58:04.482+0000] {processor.py:840} INFO - DAG(s) 'example_short_circuit_operator' retrieved from /home/airflow/.local/lib/python3.8/site-packages/airflow/example_dags/example_short_circuit_operator.py
[2025-05-13T21:58:04.587+0000] {logging_mixin.py:188} INFO - [2025-05-13T21:58:04.587+0000] {dag.py:3036} INFO - Sync 1 DAGs
[2025-05-13T21:58:04.895+0000] {logging_mixin.py:188} INFO - [2025-05-13T21:58:04.891+0000] {dag.py:3823} INFO - Setting next_dagrun for example_short_circuit_operator to 2025-05-12 00:00:00+00:00, run_after=2025-05-13 00:00:00+00:00
[2025-05-13T21:58:04.993+0000] {processor.py:183} INFO - Processing /home/airflow/.local/lib/python3.8/site-packages/airflow/example_dags/example_short_circuit_operator.py took 0.551 seconds
[2025-05-13T21:58:35.095+0000] {processor.py:161} INFO - Started process (PID=724) to work on /home/airflow/.local/lib/python3.8/site-packages/airflow/example_dags/example_short_circuit_operator.py
[2025-05-13T21:58:35.096+0000] {processor.py:830} INFO - Processing file /home/airflow/.local/lib/python3.8/site-packages/airflow/example_dags/example_short_circuit_operator.py for tasks to queue
[2025-05-13T21:58:35.100+0000] {logging_mixin.py:188} INFO - [2025-05-13T21:58:35.099+0000] {dagbag.py:538} INFO - Filling up the DagBag from /home/airflow/.local/lib/python3.8/site-packages/airflow/example_dags/example_short_circuit_operator.py
[2025-05-13T21:58:35.110+0000] {processor.py:840} INFO - DAG(s) 'example_short_circuit_operator' retrieved from /home/airflow/.local/lib/python3.8/site-packages/airflow/example_dags/example_short_circuit_operator.py
[2025-05-13T21:58:35.149+0000] {logging_mixin.py:188} INFO - [2025-05-13T21:58:35.148+0000] {dag.py:3036} INFO - Sync 1 DAGs
[2025-05-13T21:58:35.183+0000] {logging_mixin.py:188} INFO - [2025-05-13T21:58:35.182+0000] {dag.py:3823} INFO - Setting next_dagrun for example_short_circuit_operator to 2025-05-12 00:00:00+00:00, run_after=2025-05-13 00:00:00+00:00
[2025-05-13T21:58:35.219+0000] {processor.py:183} INFO - Processing /home/airflow/.local/lib/python3.8/site-packages/airflow/example_dags/example_short_circuit_operator.py took 0.128 seconds
[2025-05-13T21:59:05.727+0000] {processor.py:161} INFO - Started process (PID=781) to work on /home/airflow/.local/lib/python3.8/site-packages/airflow/example_dags/example_short_circuit_operator.py
[2025-05-13T21:59:05.728+0000] {processor.py:830} INFO - Processing file /home/airflow/.local/lib/python3.8/site-packages/airflow/example_dags/example_short_circuit_operator.py for tasks to queue
[2025-05-13T21:59:05.730+0000] {logging_mixin.py:188} INFO - [2025-05-13T21:59:05.730+0000] {dagbag.py:538} INFO - Filling up the DagBag from /home/airflow/.local/lib/python3.8/site-packages/airflow/example_dags/example_short_circuit_operator.py
[2025-05-13T21:59:05.738+0000] {processor.py:840} INFO - DAG(s) 'example_short_circuit_operator' retrieved from /home/airflow/.local/lib/python3.8/site-packages/airflow/example_dags/example_short_circuit_operator.py
[2025-05-13T21:59:05.767+0000] {logging_mixin.py:188} INFO - [2025-05-13T21:59:05.766+0000] {dag.py:3036} INFO - Sync 1 DAGs
[2025-05-13T21:59:05.794+0000] {logging_mixin.py:188} INFO - [2025-05-13T21:59:05.794+0000] {dag.py:3823} INFO - Setting next_dagrun for example_short_circuit_operator to 2025-05-12 00:00:00+00:00, run_after=2025-05-13 00:00:00+00:00
[2025-05-13T21:59:05.821+0000] {processor.py:183} INFO - Processing /home/airflow/.local/lib/python3.8/site-packages/airflow/example_dags/example_short_circuit_operator.py took 0.098 seconds
[2025-05-13T21:59:35.930+0000] {processor.py:161} INFO - Started process (PID=837) to work on /home/airflow/.local/lib/python3.8/site-packages/airflow/example_dags/example_short_circuit_operator.py
[2025-05-13T21:59:35.932+0000] {processor.py:830} INFO - Processing file /home/airflow/.local/lib/python3.8/site-packages/airflow/example_dags/example_short_circuit_operator.py for tasks to queue
[2025-05-13T21:59:35.934+0000] {logging_mixin.py:188} INFO - [2025-05-13T21:59:35.934+0000] {dagbag.py:538} INFO - Filling up the DagBag from /home/airflow/.local/lib/python3.8/site-packages/airflow/example_dags/example_short_circuit_operator.py
[2025-05-13T21:59:35.942+0000] {processor.py:840} INFO - DAG(s) 'example_short_circuit_operator' retrieved from /home/airflow/.local/lib/python3.8/site-packages/airflow/example_dags/example_short_circuit_operator.py
[2025-05-13T21:59:35.973+0000] {logging_mixin.py:188} INFO - [2025-05-13T21:59:35.972+0000] {dag.py:3036} INFO - Sync 1 DAGs
[2025-05-13T21:59:36.005+0000] {logging_mixin.py:188} INFO - [2025-05-13T21:59:36.004+0000] {dag.py:3823} INFO - Setting next_dagrun for example_short_circuit_operator to 2025-05-12 00:00:00+00:00, run_after=2025-05-13 00:00:00+00:00
[2025-05-13T21:59:36.034+0000] {processor.py:183} INFO - Processing /home/airflow/.local/lib/python3.8/site-packages/airflow/example_dags/example_short_circuit_operator.py took 0.108 seconds
