[2025-05-13T21:09:30.069+0000] {processor.py:161} INFO - Started process (PID=86) to work on /home/airflow/.local/lib/python3.8/site-packages/airflow/example_dags/example_trigger_target_dag.py
[2025-05-13T21:09:30.071+0000] {processor.py:830} INFO - Processing file /home/airflow/.local/lib/python3.8/site-packages/airflow/example_dags/example_trigger_target_dag.py for tasks to queue
[2025-05-13T21:09:30.073+0000] {logging_mixin.py:188} INFO - [2025-05-13T21:09:30.073+0000] {dagbag.py:538} INFO - Filling up the DagBag from /home/airflow/.local/lib/python3.8/site-packages/airflow/example_dags/example_trigger_target_dag.py
[2025-05-13T21:09:30.081+0000] {processor.py:840} INFO - DAG(s) 'example_trigger_target_dag' retrieved from /home/airflow/.local/lib/python3.8/site-packages/airflow/example_dags/example_trigger_target_dag.py
[2025-05-13T21:09:30.265+0000] {logging_mixin.py:188} INFO - [2025-05-13T21:09:30.264+0000] {dag.py:3036} INFO - Sync 1 DAGs
[2025-05-13T21:09:30.300+0000] {logging_mixin.py:188} INFO - [2025-05-13T21:09:30.300+0000] {dag.py:3823} INFO - Setting next_dagrun for example_trigger_target_dag to None, run_after=None
[2025-05-13T21:09:30.349+0000] {processor.py:183} INFO - Processing /home/airflow/.local/lib/python3.8/site-packages/airflow/example_dags/example_trigger_target_dag.py took 0.283 seconds
[2025-05-13T21:10:01.575+0000] {processor.py:161} INFO - Started process (PID=142) to work on /home/airflow/.local/lib/python3.8/site-packages/airflow/example_dags/example_trigger_target_dag.py
[2025-05-13T21:10:01.577+0000] {processor.py:830} INFO - Processing file /home/airflow/.local/lib/python3.8/site-packages/airflow/example_dags/example_trigger_target_dag.py for tasks to queue
[2025-05-13T21:10:01.580+0000] {logging_mixin.py:188} INFO - [2025-05-13T21:10:01.579+0000] {dagbag.py:538} INFO - Filling up the DagBag from /home/airflow/.local/lib/python3.8/site-packages/airflow/example_dags/example_trigger_target_dag.py
[2025-05-13T21:10:01.589+0000] {processor.py:840} INFO - DAG(s) 'example_trigger_target_dag' retrieved from /home/airflow/.local/lib/python3.8/site-packages/airflow/example_dags/example_trigger_target_dag.py
[2025-05-13T21:10:01.652+0000] {logging_mixin.py:188} INFO - [2025-05-13T21:10:01.651+0000] {dag.py:3036} INFO - Sync 1 DAGs
[2025-05-13T21:10:01.672+0000] {logging_mixin.py:188} INFO - [2025-05-13T21:10:01.672+0000] {dag.py:3823} INFO - Setting next_dagrun for example_trigger_target_dag to None, run_after=None
[2025-05-13T21:10:01.709+0000] {processor.py:183} INFO - Processing /home/airflow/.local/lib/python3.8/site-packages/airflow/example_dags/example_trigger_target_dag.py took 0.138 seconds
[2025-05-13T21:12:00.252+0000] {processor.py:161} INFO - Started process (PID=176) to work on /home/airflow/.local/lib/python3.8/site-packages/airflow/example_dags/example_trigger_target_dag.py
[2025-05-13T21:12:00.255+0000] {processor.py:830} INFO - Processing file /home/airflow/.local/lib/python3.8/site-packages/airflow/example_dags/example_trigger_target_dag.py for tasks to queue
[2025-05-13T21:12:00.260+0000] {logging_mixin.py:188} INFO - [2025-05-13T21:12:00.257+0000] {dagbag.py:538} INFO - Filling up the DagBag from /home/airflow/.local/lib/python3.8/site-packages/airflow/example_dags/example_trigger_target_dag.py
[2025-05-13T21:12:00.287+0000] {processor.py:840} INFO - DAG(s) 'example_trigger_target_dag' retrieved from /home/airflow/.local/lib/python3.8/site-packages/airflow/example_dags/example_trigger_target_dag.py
[2025-05-13T21:12:01.098+0000] {logging_mixin.py:188} INFO - [2025-05-13T21:12:01.081+0000] {dag.py:3036} INFO - Sync 1 DAGs
[2025-05-13T21:12:01.134+0000] {logging_mixin.py:188} INFO - [2025-05-13T21:12:01.133+0000] {dag.py:3823} INFO - Setting next_dagrun for example_trigger_target_dag to None, run_after=None
[2025-05-13T21:12:01.216+0000] {processor.py:183} INFO - Processing /home/airflow/.local/lib/python3.8/site-packages/airflow/example_dags/example_trigger_target_dag.py took 0.976 seconds
[2025-05-13T21:14:37.983+0000] {processor.py:161} INFO - Started process (PID=89) to work on /home/airflow/.local/lib/python3.8/site-packages/airflow/example_dags/example_trigger_target_dag.py
[2025-05-13T21:14:37.997+0000] {processor.py:830} INFO - Processing file /home/airflow/.local/lib/python3.8/site-packages/airflow/example_dags/example_trigger_target_dag.py for tasks to queue
[2025-05-13T21:14:38.013+0000] {logging_mixin.py:188} INFO - [2025-05-13T21:14:38.008+0000] {dagbag.py:538} INFO - Filling up the DagBag from /home/airflow/.local/lib/python3.8/site-packages/airflow/example_dags/example_trigger_target_dag.py
[2025-05-13T21:14:38.094+0000] {processor.py:840} INFO - DAG(s) 'example_trigger_target_dag' retrieved from /home/airflow/.local/lib/python3.8/site-packages/airflow/example_dags/example_trigger_target_dag.py
[2025-05-13T21:14:39.127+0000] {logging_mixin.py:188} INFO - [2025-05-13T21:14:39.127+0000] {dag.py:3036} INFO - Sync 1 DAGs
[2025-05-13T21:14:39.231+0000] {logging_mixin.py:188} INFO - [2025-05-13T21:14:39.231+0000] {dag.py:3823} INFO - Setting next_dagrun for example_trigger_target_dag to None, run_after=None
[2025-05-13T21:14:39.320+0000] {processor.py:183} INFO - Processing /home/airflow/.local/lib/python3.8/site-packages/airflow/example_dags/example_trigger_target_dag.py took 1.359 seconds
[2025-05-13T21:15:09.421+0000] {processor.py:161} INFO - Started process (PID=145) to work on /home/airflow/.local/lib/python3.8/site-packages/airflow/example_dags/example_trigger_target_dag.py
[2025-05-13T21:15:09.423+0000] {processor.py:830} INFO - Processing file /home/airflow/.local/lib/python3.8/site-packages/airflow/example_dags/example_trigger_target_dag.py for tasks to queue
[2025-05-13T21:15:09.426+0000] {logging_mixin.py:188} INFO - [2025-05-13T21:15:09.425+0000] {dagbag.py:538} INFO - Filling up the DagBag from /home/airflow/.local/lib/python3.8/site-packages/airflow/example_dags/example_trigger_target_dag.py
[2025-05-13T21:15:09.432+0000] {processor.py:840} INFO - DAG(s) 'example_trigger_target_dag' retrieved from /home/airflow/.local/lib/python3.8/site-packages/airflow/example_dags/example_trigger_target_dag.py
[2025-05-13T21:15:09.457+0000] {logging_mixin.py:188} INFO - [2025-05-13T21:15:09.457+0000] {dag.py:3036} INFO - Sync 1 DAGs
[2025-05-13T21:15:09.472+0000] {logging_mixin.py:188} INFO - [2025-05-13T21:15:09.472+0000] {dag.py:3823} INFO - Setting next_dagrun for example_trigger_target_dag to None, run_after=None
[2025-05-13T21:15:09.498+0000] {processor.py:183} INFO - Processing /home/airflow/.local/lib/python3.8/site-packages/airflow/example_dags/example_trigger_target_dag.py took 0.079 seconds
[2025-05-13T21:15:39.849+0000] {processor.py:161} INFO - Started process (PID=201) to work on /home/airflow/.local/lib/python3.8/site-packages/airflow/example_dags/example_trigger_target_dag.py
[2025-05-13T21:15:39.852+0000] {processor.py:830} INFO - Processing file /home/airflow/.local/lib/python3.8/site-packages/airflow/example_dags/example_trigger_target_dag.py for tasks to queue
[2025-05-13T21:15:39.856+0000] {logging_mixin.py:188} INFO - [2025-05-13T21:15:39.855+0000] {dagbag.py:538} INFO - Filling up the DagBag from /home/airflow/.local/lib/python3.8/site-packages/airflow/example_dags/example_trigger_target_dag.py
[2025-05-13T21:15:39.869+0000] {processor.py:840} INFO - DAG(s) 'example_trigger_target_dag' retrieved from /home/airflow/.local/lib/python3.8/site-packages/airflow/example_dags/example_trigger_target_dag.py
[2025-05-13T21:15:39.897+0000] {logging_mixin.py:188} INFO - [2025-05-13T21:15:39.897+0000] {dag.py:3036} INFO - Sync 1 DAGs
[2025-05-13T21:15:39.912+0000] {logging_mixin.py:188} INFO - [2025-05-13T21:15:39.912+0000] {dag.py:3823} INFO - Setting next_dagrun for example_trigger_target_dag to None, run_after=None
[2025-05-13T21:15:39.938+0000] {processor.py:183} INFO - Processing /home/airflow/.local/lib/python3.8/site-packages/airflow/example_dags/example_trigger_target_dag.py took 0.093 seconds
[2025-05-13T21:16:10.142+0000] {processor.py:161} INFO - Started process (PID=257) to work on /home/airflow/.local/lib/python3.8/site-packages/airflow/example_dags/example_trigger_target_dag.py
[2025-05-13T21:16:10.145+0000] {processor.py:830} INFO - Processing file /home/airflow/.local/lib/python3.8/site-packages/airflow/example_dags/example_trigger_target_dag.py for tasks to queue
[2025-05-13T21:16:10.148+0000] {logging_mixin.py:188} INFO - [2025-05-13T21:16:10.147+0000] {dagbag.py:538} INFO - Filling up the DagBag from /home/airflow/.local/lib/python3.8/site-packages/airflow/example_dags/example_trigger_target_dag.py
[2025-05-13T21:16:10.154+0000] {processor.py:840} INFO - DAG(s) 'example_trigger_target_dag' retrieved from /home/airflow/.local/lib/python3.8/site-packages/airflow/example_dags/example_trigger_target_dag.py
[2025-05-13T21:16:10.183+0000] {logging_mixin.py:188} INFO - [2025-05-13T21:16:10.183+0000] {dag.py:3036} INFO - Sync 1 DAGs
[2025-05-13T21:16:10.201+0000] {logging_mixin.py:188} INFO - [2025-05-13T21:16:10.201+0000] {dag.py:3823} INFO - Setting next_dagrun for example_trigger_target_dag to None, run_after=None
[2025-05-13T21:16:10.234+0000] {processor.py:183} INFO - Processing /home/airflow/.local/lib/python3.8/site-packages/airflow/example_dags/example_trigger_target_dag.py took 0.095 seconds
[2025-05-13T21:16:40.687+0000] {processor.py:161} INFO - Started process (PID=313) to work on /home/airflow/.local/lib/python3.8/site-packages/airflow/example_dags/example_trigger_target_dag.py
[2025-05-13T21:16:40.709+0000] {processor.py:830} INFO - Processing file /home/airflow/.local/lib/python3.8/site-packages/airflow/example_dags/example_trigger_target_dag.py for tasks to queue
[2025-05-13T21:16:40.712+0000] {logging_mixin.py:188} INFO - [2025-05-13T21:16:40.711+0000] {dagbag.py:538} INFO - Filling up the DagBag from /home/airflow/.local/lib/python3.8/site-packages/airflow/example_dags/example_trigger_target_dag.py
[2025-05-13T21:16:40.720+0000] {processor.py:840} INFO - DAG(s) 'example_trigger_target_dag' retrieved from /home/airflow/.local/lib/python3.8/site-packages/airflow/example_dags/example_trigger_target_dag.py
[2025-05-13T21:16:40.747+0000] {logging_mixin.py:188} INFO - [2025-05-13T21:16:40.747+0000] {dag.py:3036} INFO - Sync 1 DAGs
[2025-05-13T21:16:40.763+0000] {logging_mixin.py:188} INFO - [2025-05-13T21:16:40.763+0000] {dag.py:3823} INFO - Setting next_dagrun for example_trigger_target_dag to None, run_after=None
[2025-05-13T21:16:40.803+0000] {processor.py:183} INFO - Processing /home/airflow/.local/lib/python3.8/site-packages/airflow/example_dags/example_trigger_target_dag.py took 0.119 seconds
[2025-05-13T21:17:10.930+0000] {processor.py:161} INFO - Started process (PID=369) to work on /home/airflow/.local/lib/python3.8/site-packages/airflow/example_dags/example_trigger_target_dag.py
[2025-05-13T21:17:10.931+0000] {processor.py:830} INFO - Processing file /home/airflow/.local/lib/python3.8/site-packages/airflow/example_dags/example_trigger_target_dag.py for tasks to queue
[2025-05-13T21:17:10.933+0000] {logging_mixin.py:188} INFO - [2025-05-13T21:17:10.933+0000] {dagbag.py:538} INFO - Filling up the DagBag from /home/airflow/.local/lib/python3.8/site-packages/airflow/example_dags/example_trigger_target_dag.py
[2025-05-13T21:17:10.938+0000] {processor.py:840} INFO - DAG(s) 'example_trigger_target_dag' retrieved from /home/airflow/.local/lib/python3.8/site-packages/airflow/example_dags/example_trigger_target_dag.py
[2025-05-13T21:17:10.959+0000] {logging_mixin.py:188} INFO - [2025-05-13T21:17:10.958+0000] {dag.py:3036} INFO - Sync 1 DAGs
[2025-05-13T21:17:10.971+0000] {logging_mixin.py:188} INFO - [2025-05-13T21:17:10.971+0000] {dag.py:3823} INFO - Setting next_dagrun for example_trigger_target_dag to None, run_after=None
[2025-05-13T21:17:11.001+0000] {processor.py:183} INFO - Processing /home/airflow/.local/lib/python3.8/site-packages/airflow/example_dags/example_trigger_target_dag.py took 0.073 seconds
[2025-05-13T21:17:41.638+0000] {processor.py:161} INFO - Started process (PID=425) to work on /home/airflow/.local/lib/python3.8/site-packages/airflow/example_dags/example_trigger_target_dag.py
[2025-05-13T21:17:41.639+0000] {processor.py:830} INFO - Processing file /home/airflow/.local/lib/python3.8/site-packages/airflow/example_dags/example_trigger_target_dag.py for tasks to queue
[2025-05-13T21:17:41.642+0000] {logging_mixin.py:188} INFO - [2025-05-13T21:17:41.642+0000] {dagbag.py:538} INFO - Filling up the DagBag from /home/airflow/.local/lib/python3.8/site-packages/airflow/example_dags/example_trigger_target_dag.py
[2025-05-13T21:17:41.651+0000] {processor.py:840} INFO - DAG(s) 'example_trigger_target_dag' retrieved from /home/airflow/.local/lib/python3.8/site-packages/airflow/example_dags/example_trigger_target_dag.py
[2025-05-13T21:17:41.670+0000] {logging_mixin.py:188} INFO - [2025-05-13T21:17:41.670+0000] {dag.py:3036} INFO - Sync 1 DAGs
[2025-05-13T21:17:41.684+0000] {logging_mixin.py:188} INFO - [2025-05-13T21:17:41.684+0000] {dag.py:3823} INFO - Setting next_dagrun for example_trigger_target_dag to None, run_after=None
[2025-05-13T21:17:41.708+0000] {processor.py:183} INFO - Processing /home/airflow/.local/lib/python3.8/site-packages/airflow/example_dags/example_trigger_target_dag.py took 0.078 seconds
[2025-05-13T21:18:12.590+0000] {processor.py:161} INFO - Started process (PID=481) to work on /home/airflow/.local/lib/python3.8/site-packages/airflow/example_dags/example_trigger_target_dag.py
[2025-05-13T21:18:12.591+0000] {processor.py:830} INFO - Processing file /home/airflow/.local/lib/python3.8/site-packages/airflow/example_dags/example_trigger_target_dag.py for tasks to queue
[2025-05-13T21:18:12.593+0000] {logging_mixin.py:188} INFO - [2025-05-13T21:18:12.593+0000] {dagbag.py:538} INFO - Filling up the DagBag from /home/airflow/.local/lib/python3.8/site-packages/airflow/example_dags/example_trigger_target_dag.py
[2025-05-13T21:18:12.599+0000] {processor.py:840} INFO - DAG(s) 'example_trigger_target_dag' retrieved from /home/airflow/.local/lib/python3.8/site-packages/airflow/example_dags/example_trigger_target_dag.py
[2025-05-13T21:18:12.644+0000] {logging_mixin.py:188} INFO - [2025-05-13T21:18:12.644+0000] {dag.py:3036} INFO - Sync 1 DAGs
[2025-05-13T21:18:12.665+0000] {logging_mixin.py:188} INFO - [2025-05-13T21:18:12.664+0000] {dag.py:3823} INFO - Setting next_dagrun for example_trigger_target_dag to None, run_after=None
[2025-05-13T21:18:12.716+0000] {processor.py:183} INFO - Processing /home/airflow/.local/lib/python3.8/site-packages/airflow/example_dags/example_trigger_target_dag.py took 0.134 seconds
[2025-05-13T21:18:42.840+0000] {processor.py:161} INFO - Started process (PID=537) to work on /home/airflow/.local/lib/python3.8/site-packages/airflow/example_dags/example_trigger_target_dag.py
[2025-05-13T21:18:42.842+0000] {processor.py:830} INFO - Processing file /home/airflow/.local/lib/python3.8/site-packages/airflow/example_dags/example_trigger_target_dag.py for tasks to queue
[2025-05-13T21:18:42.845+0000] {logging_mixin.py:188} INFO - [2025-05-13T21:18:42.845+0000] {dagbag.py:538} INFO - Filling up the DagBag from /home/airflow/.local/lib/python3.8/site-packages/airflow/example_dags/example_trigger_target_dag.py
[2025-05-13T21:18:42.852+0000] {processor.py:840} INFO - DAG(s) 'example_trigger_target_dag' retrieved from /home/airflow/.local/lib/python3.8/site-packages/airflow/example_dags/example_trigger_target_dag.py
[2025-05-13T21:18:42.878+0000] {logging_mixin.py:188} INFO - [2025-05-13T21:18:42.878+0000] {dag.py:3036} INFO - Sync 1 DAGs
[2025-05-13T21:18:42.893+0000] {logging_mixin.py:188} INFO - [2025-05-13T21:18:42.893+0000] {dag.py:3823} INFO - Setting next_dagrun for example_trigger_target_dag to None, run_after=None
[2025-05-13T21:18:42.923+0000] {processor.py:183} INFO - Processing /home/airflow/.local/lib/python3.8/site-packages/airflow/example_dags/example_trigger_target_dag.py took 0.086 seconds
[2025-05-13T21:19:13.181+0000] {processor.py:161} INFO - Started process (PID=592) to work on /home/airflow/.local/lib/python3.8/site-packages/airflow/example_dags/example_trigger_target_dag.py
[2025-05-13T21:19:13.183+0000] {processor.py:830} INFO - Processing file /home/airflow/.local/lib/python3.8/site-packages/airflow/example_dags/example_trigger_target_dag.py for tasks to queue
[2025-05-13T21:19:13.186+0000] {logging_mixin.py:188} INFO - [2025-05-13T21:19:13.185+0000] {dagbag.py:538} INFO - Filling up the DagBag from /home/airflow/.local/lib/python3.8/site-packages/airflow/example_dags/example_trigger_target_dag.py
[2025-05-13T21:19:13.194+0000] {processor.py:840} INFO - DAG(s) 'example_trigger_target_dag' retrieved from /home/airflow/.local/lib/python3.8/site-packages/airflow/example_dags/example_trigger_target_dag.py
[2025-05-13T21:19:13.221+0000] {logging_mixin.py:188} INFO - [2025-05-13T21:19:13.221+0000] {dag.py:3036} INFO - Sync 1 DAGs
[2025-05-13T21:19:13.238+0000] {logging_mixin.py:188} INFO - [2025-05-13T21:19:13.238+0000] {dag.py:3823} INFO - Setting next_dagrun for example_trigger_target_dag to None, run_after=None
[2025-05-13T21:19:13.309+0000] {processor.py:183} INFO - Processing /home/airflow/.local/lib/python3.8/site-packages/airflow/example_dags/example_trigger_target_dag.py took 0.131 seconds
[2025-05-13T21:58:05.463+0000] {processor.py:161} INFO - Started process (PID=673) to work on /home/airflow/.local/lib/python3.8/site-packages/airflow/example_dags/example_trigger_target_dag.py
[2025-05-13T21:58:05.465+0000] {processor.py:830} INFO - Processing file /home/airflow/.local/lib/python3.8/site-packages/airflow/example_dags/example_trigger_target_dag.py for tasks to queue
[2025-05-13T21:58:05.467+0000] {logging_mixin.py:188} INFO - [2025-05-13T21:58:05.467+0000] {dagbag.py:538} INFO - Filling up the DagBag from /home/airflow/.local/lib/python3.8/site-packages/airflow/example_dags/example_trigger_target_dag.py
[2025-05-13T21:58:05.476+0000] {processor.py:840} INFO - DAG(s) 'example_trigger_target_dag' retrieved from /home/airflow/.local/lib/python3.8/site-packages/airflow/example_dags/example_trigger_target_dag.py
[2025-05-13T21:58:05.535+0000] {logging_mixin.py:188} INFO - [2025-05-13T21:58:05.535+0000] {dag.py:3036} INFO - Sync 1 DAGs
[2025-05-13T21:58:05.566+0000] {logging_mixin.py:188} INFO - [2025-05-13T21:58:05.565+0000] {dag.py:3823} INFO - Setting next_dagrun for example_trigger_target_dag to None, run_after=None
[2025-05-13T21:58:05.620+0000] {processor.py:183} INFO - Processing /home/airflow/.local/lib/python3.8/site-packages/airflow/example_dags/example_trigger_target_dag.py took 0.162 seconds
[2025-05-13T21:58:36.359+0000] {processor.py:161} INFO - Started process (PID=729) to work on /home/airflow/.local/lib/python3.8/site-packages/airflow/example_dags/example_trigger_target_dag.py
[2025-05-13T21:58:36.360+0000] {processor.py:830} INFO - Processing file /home/airflow/.local/lib/python3.8/site-packages/airflow/example_dags/example_trigger_target_dag.py for tasks to queue
[2025-05-13T21:58:36.362+0000] {logging_mixin.py:188} INFO - [2025-05-13T21:58:36.362+0000] {dagbag.py:538} INFO - Filling up the DagBag from /home/airflow/.local/lib/python3.8/site-packages/airflow/example_dags/example_trigger_target_dag.py
[2025-05-13T21:58:36.369+0000] {processor.py:840} INFO - DAG(s) 'example_trigger_target_dag' retrieved from /home/airflow/.local/lib/python3.8/site-packages/airflow/example_dags/example_trigger_target_dag.py
[2025-05-13T21:58:36.395+0000] {logging_mixin.py:188} INFO - [2025-05-13T21:58:36.394+0000] {dag.py:3036} INFO - Sync 1 DAGs
[2025-05-13T21:58:36.412+0000] {logging_mixin.py:188} INFO - [2025-05-13T21:58:36.412+0000] {dag.py:3823} INFO - Setting next_dagrun for example_trigger_target_dag to None, run_after=None
[2025-05-13T21:58:36.437+0000] {processor.py:183} INFO - Processing /home/airflow/.local/lib/python3.8/site-packages/airflow/example_dags/example_trigger_target_dag.py took 0.081 seconds
[2025-05-13T21:59:07.016+0000] {processor.py:161} INFO - Started process (PID=786) to work on /home/airflow/.local/lib/python3.8/site-packages/airflow/example_dags/example_trigger_target_dag.py
[2025-05-13T21:59:07.018+0000] {processor.py:830} INFO - Processing file /home/airflow/.local/lib/python3.8/site-packages/airflow/example_dags/example_trigger_target_dag.py for tasks to queue
[2025-05-13T21:59:07.020+0000] {logging_mixin.py:188} INFO - [2025-05-13T21:59:07.020+0000] {dagbag.py:538} INFO - Filling up the DagBag from /home/airflow/.local/lib/python3.8/site-packages/airflow/example_dags/example_trigger_target_dag.py
[2025-05-13T21:59:07.026+0000] {processor.py:840} INFO - DAG(s) 'example_trigger_target_dag' retrieved from /home/airflow/.local/lib/python3.8/site-packages/airflow/example_dags/example_trigger_target_dag.py
[2025-05-13T21:59:07.052+0000] {logging_mixin.py:188} INFO - [2025-05-13T21:59:07.051+0000] {dag.py:3036} INFO - Sync 1 DAGs
[2025-05-13T21:59:07.067+0000] {logging_mixin.py:188} INFO - [2025-05-13T21:59:07.067+0000] {dag.py:3823} INFO - Setting next_dagrun for example_trigger_target_dag to None, run_after=None
[2025-05-13T21:59:07.091+0000] {processor.py:183} INFO - Processing /home/airflow/.local/lib/python3.8/site-packages/airflow/example_dags/example_trigger_target_dag.py took 0.079 seconds
[2025-05-13T21:59:37.314+0000] {processor.py:161} INFO - Started process (PID=842) to work on /home/airflow/.local/lib/python3.8/site-packages/airflow/example_dags/example_trigger_target_dag.py
[2025-05-13T21:59:37.317+0000] {processor.py:830} INFO - Processing file /home/airflow/.local/lib/python3.8/site-packages/airflow/example_dags/example_trigger_target_dag.py for tasks to queue
[2025-05-13T21:59:37.319+0000] {logging_mixin.py:188} INFO - [2025-05-13T21:59:37.319+0000] {dagbag.py:538} INFO - Filling up the DagBag from /home/airflow/.local/lib/python3.8/site-packages/airflow/example_dags/example_trigger_target_dag.py
[2025-05-13T21:59:37.331+0000] {processor.py:840} INFO - DAG(s) 'example_trigger_target_dag' retrieved from /home/airflow/.local/lib/python3.8/site-packages/airflow/example_dags/example_trigger_target_dag.py
[2025-05-13T21:59:37.385+0000] {logging_mixin.py:188} INFO - [2025-05-13T21:59:37.383+0000] {dag.py:3036} INFO - Sync 1 DAGs
[2025-05-13T21:59:37.450+0000] {logging_mixin.py:188} INFO - [2025-05-13T21:59:37.449+0000] {dag.py:3823} INFO - Setting next_dagrun for example_trigger_target_dag to None, run_after=None
[2025-05-13T21:59:37.509+0000] {processor.py:183} INFO - Processing /home/airflow/.local/lib/python3.8/site-packages/airflow/example_dags/example_trigger_target_dag.py took 0.203 seconds
