[2025-05-13T21:09:29.955+0000] {processor.py:161} INFO - Started process (PID=85) to work on /home/airflow/.local/lib/python3.8/site-packages/airflow/example_dags/example_short_circuit_decorator.py
[2025-05-13T21:09:29.956+0000] {processor.py:830} INFO - Processing file /home/airflow/.local/lib/python3.8/site-packages/airflow/example_dags/example_short_circuit_decorator.py for tasks to queue
[2025-05-13T21:09:29.960+0000] {logging_mixin.py:188} INFO - [2025-05-13T21:09:29.959+0000] {dagbag.py:538} INFO - Filling up the DagBag from /home/airflow/.local/lib/python3.8/site-packages/airflow/example_dags/example_short_circuit_decorator.py
[2025-05-13T21:09:29.975+0000] {processor.py:840} INFO - DAG(s) 'example_short_circuit_decorator' retrieved from /home/airflow/.local/lib/python3.8/site-packages/airflow/example_dags/example_short_circuit_decorator.py
[2025-05-13T21:09:30.176+0000] {logging_mixin.py:188} INFO - [2025-05-13T21:09:30.176+0000] {dag.py:3036} INFO - Sync 1 DAGs
[2025-05-13T21:09:30.215+0000] {logging_mixin.py:188} INFO - [2025-05-13T21:09:30.214+0000] {dag.py:3823} INFO - Setting next_dagrun for example_short_circuit_decorator to 2025-05-12 00:00:00+00:00, run_after=2025-05-13 00:00:00+00:00
[2025-05-13T21:09:30.267+0000] {processor.py:183} INFO - Processing /home/airflow/.local/lib/python3.8/site-packages/airflow/example_dags/example_short_circuit_decorator.py took 0.315 seconds
[2025-05-13T21:10:01.409+0000] {processor.py:161} INFO - Started process (PID=141) to work on /home/airflow/.local/lib/python3.8/site-packages/airflow/example_dags/example_short_circuit_decorator.py
[2025-05-13T21:10:01.412+0000] {processor.py:830} INFO - Processing file /home/airflow/.local/lib/python3.8/site-packages/airflow/example_dags/example_short_circuit_decorator.py for tasks to queue
[2025-05-13T21:10:01.415+0000] {logging_mixin.py:188} INFO - [2025-05-13T21:10:01.415+0000] {dagbag.py:538} INFO - Filling up the DagBag from /home/airflow/.local/lib/python3.8/site-packages/airflow/example_dags/example_short_circuit_decorator.py
[2025-05-13T21:10:01.429+0000] {processor.py:840} INFO - DAG(s) 'example_short_circuit_decorator' retrieved from /home/airflow/.local/lib/python3.8/site-packages/airflow/example_dags/example_short_circuit_decorator.py
[2025-05-13T21:10:01.476+0000] {logging_mixin.py:188} INFO - [2025-05-13T21:10:01.476+0000] {dag.py:3036} INFO - Sync 1 DAGs
[2025-05-13T21:10:01.518+0000] {logging_mixin.py:188} INFO - [2025-05-13T21:10:01.517+0000] {dag.py:3823} INFO - Setting next_dagrun for example_short_circuit_decorator to 2025-05-12 00:00:00+00:00, run_after=2025-05-13 00:00:00+00:00
[2025-05-13T21:10:01.557+0000] {processor.py:183} INFO - Processing /home/airflow/.local/lib/python3.8/site-packages/airflow/example_dags/example_short_circuit_decorator.py took 0.151 seconds
[2025-05-13T21:12:00.252+0000] {processor.py:161} INFO - Started process (PID=175) to work on /home/airflow/.local/lib/python3.8/site-packages/airflow/example_dags/example_short_circuit_decorator.py
[2025-05-13T21:12:00.256+0000] {processor.py:830} INFO - Processing file /home/airflow/.local/lib/python3.8/site-packages/airflow/example_dags/example_short_circuit_decorator.py for tasks to queue
[2025-05-13T21:12:00.261+0000] {logging_mixin.py:188} INFO - [2025-05-13T21:12:00.258+0000] {dagbag.py:538} INFO - Filling up the DagBag from /home/airflow/.local/lib/python3.8/site-packages/airflow/example_dags/example_short_circuit_decorator.py
[2025-05-13T21:12:00.298+0000] {processor.py:840} INFO - DAG(s) 'example_short_circuit_decorator' retrieved from /home/airflow/.local/lib/python3.8/site-packages/airflow/example_dags/example_short_circuit_decorator.py
[2025-05-13T21:12:01.112+0000] {logging_mixin.py:188} INFO - [2025-05-13T21:12:01.112+0000] {dag.py:3036} INFO - Sync 1 DAGs
[2025-05-13T21:12:01.223+0000] {logging_mixin.py:188} INFO - [2025-05-13T21:12:01.222+0000] {dag.py:3823} INFO - Setting next_dagrun for example_short_circuit_decorator to 2025-05-12 00:00:00+00:00, run_after=2025-05-13 00:00:00+00:00
[2025-05-13T21:12:01.287+0000] {processor.py:183} INFO - Processing /home/airflow/.local/lib/python3.8/site-packages/airflow/example_dags/example_short_circuit_decorator.py took 1.048 seconds
[2025-05-13T21:14:36.499+0000] {processor.py:161} INFO - Started process (PID=88) to work on /home/airflow/.local/lib/python3.8/site-packages/airflow/example_dags/example_short_circuit_decorator.py
[2025-05-13T21:14:36.502+0000] {processor.py:830} INFO - Processing file /home/airflow/.local/lib/python3.8/site-packages/airflow/example_dags/example_short_circuit_decorator.py for tasks to queue
[2025-05-13T21:14:36.505+0000] {logging_mixin.py:188} INFO - [2025-05-13T21:14:36.504+0000] {dagbag.py:538} INFO - Filling up the DagBag from /home/airflow/.local/lib/python3.8/site-packages/airflow/example_dags/example_short_circuit_decorator.py
[2025-05-13T21:14:36.518+0000] {processor.py:840} INFO - DAG(s) 'example_short_circuit_decorator' retrieved from /home/airflow/.local/lib/python3.8/site-packages/airflow/example_dags/example_short_circuit_decorator.py
[2025-05-13T21:14:37.221+0000] {logging_mixin.py:188} INFO - [2025-05-13T21:14:37.221+0000] {dag.py:3036} INFO - Sync 1 DAGs
[2025-05-13T21:14:37.426+0000] {logging_mixin.py:188} INFO - [2025-05-13T21:14:37.426+0000] {dag.py:3823} INFO - Setting next_dagrun for example_short_circuit_decorator to 2025-05-12 00:00:00+00:00, run_after=2025-05-13 00:00:00+00:00
[2025-05-13T21:14:37.762+0000] {processor.py:183} INFO - Processing /home/airflow/.local/lib/python3.8/site-packages/airflow/example_dags/example_short_circuit_decorator.py took 1.266 seconds
[2025-05-13T21:15:08.199+0000] {processor.py:161} INFO - Started process (PID=144) to work on /home/airflow/.local/lib/python3.8/site-packages/airflow/example_dags/example_short_circuit_decorator.py
[2025-05-13T21:15:08.201+0000] {processor.py:830} INFO - Processing file /home/airflow/.local/lib/python3.8/site-packages/airflow/example_dags/example_short_circuit_decorator.py for tasks to queue
[2025-05-13T21:15:08.204+0000] {logging_mixin.py:188} INFO - [2025-05-13T21:15:08.203+0000] {dagbag.py:538} INFO - Filling up the DagBag from /home/airflow/.local/lib/python3.8/site-packages/airflow/example_dags/example_short_circuit_decorator.py
[2025-05-13T21:15:08.216+0000] {processor.py:840} INFO - DAG(s) 'example_short_circuit_decorator' retrieved from /home/airflow/.local/lib/python3.8/site-packages/airflow/example_dags/example_short_circuit_decorator.py
[2025-05-13T21:15:08.262+0000] {logging_mixin.py:188} INFO - [2025-05-13T21:15:08.262+0000] {dag.py:3036} INFO - Sync 1 DAGs
[2025-05-13T21:15:08.307+0000] {logging_mixin.py:188} INFO - [2025-05-13T21:15:08.307+0000] {dag.py:3823} INFO - Setting next_dagrun for example_short_circuit_decorator to 2025-05-12 00:00:00+00:00, run_after=2025-05-13 00:00:00+00:00
[2025-05-13T21:15:08.371+0000] {processor.py:183} INFO - Processing /home/airflow/.local/lib/python3.8/site-packages/airflow/example_dags/example_short_circuit_decorator.py took 0.175 seconds
[2025-05-13T21:15:38.649+0000] {processor.py:161} INFO - Started process (PID=200) to work on /home/airflow/.local/lib/python3.8/site-packages/airflow/example_dags/example_short_circuit_decorator.py
[2025-05-13T21:15:38.652+0000] {processor.py:830} INFO - Processing file /home/airflow/.local/lib/python3.8/site-packages/airflow/example_dags/example_short_circuit_decorator.py for tasks to queue
[2025-05-13T21:15:38.655+0000] {logging_mixin.py:188} INFO - [2025-05-13T21:15:38.655+0000] {dagbag.py:538} INFO - Filling up the DagBag from /home/airflow/.local/lib/python3.8/site-packages/airflow/example_dags/example_short_circuit_decorator.py
[2025-05-13T21:15:38.673+0000] {processor.py:840} INFO - DAG(s) 'example_short_circuit_decorator' retrieved from /home/airflow/.local/lib/python3.8/site-packages/airflow/example_dags/example_short_circuit_decorator.py
[2025-05-13T21:15:38.708+0000] {logging_mixin.py:188} INFO - [2025-05-13T21:15:38.707+0000] {dag.py:3036} INFO - Sync 1 DAGs
[2025-05-13T21:15:38.740+0000] {logging_mixin.py:188} INFO - [2025-05-13T21:15:38.740+0000] {dag.py:3823} INFO - Setting next_dagrun for example_short_circuit_decorator to 2025-05-12 00:00:00+00:00, run_after=2025-05-13 00:00:00+00:00
[2025-05-13T21:15:38.778+0000] {processor.py:183} INFO - Processing /home/airflow/.local/lib/python3.8/site-packages/airflow/example_dags/example_short_circuit_decorator.py took 0.132 seconds
[2025-05-13T21:16:08.929+0000] {processor.py:161} INFO - Started process (PID=256) to work on /home/airflow/.local/lib/python3.8/site-packages/airflow/example_dags/example_short_circuit_decorator.py
[2025-05-13T21:16:08.931+0000] {processor.py:830} INFO - Processing file /home/airflow/.local/lib/python3.8/site-packages/airflow/example_dags/example_short_circuit_decorator.py for tasks to queue
[2025-05-13T21:16:08.934+0000] {logging_mixin.py:188} INFO - [2025-05-13T21:16:08.933+0000] {dagbag.py:538} INFO - Filling up the DagBag from /home/airflow/.local/lib/python3.8/site-packages/airflow/example_dags/example_short_circuit_decorator.py
[2025-05-13T21:16:08.951+0000] {processor.py:840} INFO - DAG(s) 'example_short_circuit_decorator' retrieved from /home/airflow/.local/lib/python3.8/site-packages/airflow/example_dags/example_short_circuit_decorator.py
[2025-05-13T21:16:08.985+0000] {logging_mixin.py:188} INFO - [2025-05-13T21:16:08.985+0000] {dag.py:3036} INFO - Sync 1 DAGs
[2025-05-13T21:16:09.024+0000] {logging_mixin.py:188} INFO - [2025-05-13T21:16:09.024+0000] {dag.py:3823} INFO - Setting next_dagrun for example_short_circuit_decorator to 2025-05-12 00:00:00+00:00, run_after=2025-05-13 00:00:00+00:00
[2025-05-13T21:16:09.079+0000] {processor.py:183} INFO - Processing /home/airflow/.local/lib/python3.8/site-packages/airflow/example_dags/example_short_circuit_decorator.py took 0.154 seconds
[2025-05-13T21:16:39.435+0000] {processor.py:161} INFO - Started process (PID=312) to work on /home/airflow/.local/lib/python3.8/site-packages/airflow/example_dags/example_short_circuit_decorator.py
[2025-05-13T21:16:39.474+0000] {processor.py:830} INFO - Processing file /home/airflow/.local/lib/python3.8/site-packages/airflow/example_dags/example_short_circuit_decorator.py for tasks to queue
[2025-05-13T21:16:39.477+0000] {logging_mixin.py:188} INFO - [2025-05-13T21:16:39.476+0000] {dagbag.py:538} INFO - Filling up the DagBag from /home/airflow/.local/lib/python3.8/site-packages/airflow/example_dags/example_short_circuit_decorator.py
[2025-05-13T21:16:39.494+0000] {processor.py:840} INFO - DAG(s) 'example_short_circuit_decorator' retrieved from /home/airflow/.local/lib/python3.8/site-packages/airflow/example_dags/example_short_circuit_decorator.py
[2025-05-13T21:16:39.528+0000] {logging_mixin.py:188} INFO - [2025-05-13T21:16:39.528+0000] {dag.py:3036} INFO - Sync 1 DAGs
[2025-05-13T21:16:39.570+0000] {logging_mixin.py:188} INFO - [2025-05-13T21:16:39.569+0000] {dag.py:3823} INFO - Setting next_dagrun for example_short_circuit_decorator to 2025-05-12 00:00:00+00:00, run_after=2025-05-13 00:00:00+00:00
[2025-05-13T21:16:39.608+0000] {processor.py:183} INFO - Processing /home/airflow/.local/lib/python3.8/site-packages/airflow/example_dags/example_short_circuit_decorator.py took 0.177 seconds
[2025-05-13T21:17:09.790+0000] {processor.py:161} INFO - Started process (PID=368) to work on /home/airflow/.local/lib/python3.8/site-packages/airflow/example_dags/example_short_circuit_decorator.py
[2025-05-13T21:17:09.792+0000] {processor.py:830} INFO - Processing file /home/airflow/.local/lib/python3.8/site-packages/airflow/example_dags/example_short_circuit_decorator.py for tasks to queue
[2025-05-13T21:17:09.794+0000] {logging_mixin.py:188} INFO - [2025-05-13T21:17:09.794+0000] {dagbag.py:538} INFO - Filling up the DagBag from /home/airflow/.local/lib/python3.8/site-packages/airflow/example_dags/example_short_circuit_decorator.py
[2025-05-13T21:17:09.804+0000] {processor.py:840} INFO - DAG(s) 'example_short_circuit_decorator' retrieved from /home/airflow/.local/lib/python3.8/site-packages/airflow/example_dags/example_short_circuit_decorator.py
[2025-05-13T21:17:09.831+0000] {logging_mixin.py:188} INFO - [2025-05-13T21:17:09.830+0000] {dag.py:3036} INFO - Sync 1 DAGs
[2025-05-13T21:17:09.864+0000] {logging_mixin.py:188} INFO - [2025-05-13T21:17:09.863+0000] {dag.py:3823} INFO - Setting next_dagrun for example_short_circuit_decorator to 2025-05-12 00:00:00+00:00, run_after=2025-05-13 00:00:00+00:00
[2025-05-13T21:17:09.887+0000] {processor.py:183} INFO - Processing /home/airflow/.local/lib/python3.8/site-packages/airflow/example_dags/example_short_circuit_decorator.py took 0.101 seconds
[2025-05-13T21:17:40.319+0000] {processor.py:161} INFO - Started process (PID=424) to work on /home/airflow/.local/lib/python3.8/site-packages/airflow/example_dags/example_short_circuit_decorator.py
[2025-05-13T21:17:40.323+0000] {processor.py:830} INFO - Processing file /home/airflow/.local/lib/python3.8/site-packages/airflow/example_dags/example_short_circuit_decorator.py for tasks to queue
[2025-05-13T21:17:40.328+0000] {logging_mixin.py:188} INFO - [2025-05-13T21:17:40.327+0000] {dagbag.py:538} INFO - Filling up the DagBag from /home/airflow/.local/lib/python3.8/site-packages/airflow/example_dags/example_short_circuit_decorator.py
[2025-05-13T21:17:40.350+0000] {processor.py:840} INFO - DAG(s) 'example_short_circuit_decorator' retrieved from /home/airflow/.local/lib/python3.8/site-packages/airflow/example_dags/example_short_circuit_decorator.py
[2025-05-13T21:17:40.488+0000] {logging_mixin.py:188} INFO - [2025-05-13T21:17:40.488+0000] {dag.py:3036} INFO - Sync 1 DAGs
[2025-05-13T21:17:40.568+0000] {logging_mixin.py:188} INFO - [2025-05-13T21:17:40.568+0000] {dag.py:3823} INFO - Setting next_dagrun for example_short_circuit_decorator to 2025-05-12 00:00:00+00:00, run_after=2025-05-13 00:00:00+00:00
[2025-05-13T21:17:40.618+0000] {processor.py:183} INFO - Processing /home/airflow/.local/lib/python3.8/site-packages/airflow/example_dags/example_short_circuit_decorator.py took 0.302 seconds
[2025-05-13T21:18:11.400+0000] {processor.py:161} INFO - Started process (PID=480) to work on /home/airflow/.local/lib/python3.8/site-packages/airflow/example_dags/example_short_circuit_decorator.py
[2025-05-13T21:18:11.402+0000] {processor.py:830} INFO - Processing file /home/airflow/.local/lib/python3.8/site-packages/airflow/example_dags/example_short_circuit_decorator.py for tasks to queue
[2025-05-13T21:18:11.404+0000] {logging_mixin.py:188} INFO - [2025-05-13T21:18:11.404+0000] {dagbag.py:538} INFO - Filling up the DagBag from /home/airflow/.local/lib/python3.8/site-packages/airflow/example_dags/example_short_circuit_decorator.py
[2025-05-13T21:18:11.415+0000] {processor.py:840} INFO - DAG(s) 'example_short_circuit_decorator' retrieved from /home/airflow/.local/lib/python3.8/site-packages/airflow/example_dags/example_short_circuit_decorator.py
[2025-05-13T21:18:11.449+0000] {logging_mixin.py:188} INFO - [2025-05-13T21:18:11.449+0000] {dag.py:3036} INFO - Sync 1 DAGs
[2025-05-13T21:18:11.482+0000] {logging_mixin.py:188} INFO - [2025-05-13T21:18:11.482+0000] {dag.py:3823} INFO - Setting next_dagrun for example_short_circuit_decorator to 2025-05-12 00:00:00+00:00, run_after=2025-05-13 00:00:00+00:00
[2025-05-13T21:18:11.527+0000] {processor.py:183} INFO - Processing /home/airflow/.local/lib/python3.8/site-packages/airflow/example_dags/example_short_circuit_decorator.py took 0.130 seconds
[2025-05-13T21:18:41.628+0000] {processor.py:161} INFO - Started process (PID=535) to work on /home/airflow/.local/lib/python3.8/site-packages/airflow/example_dags/example_short_circuit_decorator.py
[2025-05-13T21:18:41.629+0000] {processor.py:830} INFO - Processing file /home/airflow/.local/lib/python3.8/site-packages/airflow/example_dags/example_short_circuit_decorator.py for tasks to queue
[2025-05-13T21:18:41.632+0000] {logging_mixin.py:188} INFO - [2025-05-13T21:18:41.631+0000] {dagbag.py:538} INFO - Filling up the DagBag from /home/airflow/.local/lib/python3.8/site-packages/airflow/example_dags/example_short_circuit_decorator.py
[2025-05-13T21:18:41.642+0000] {processor.py:840} INFO - DAG(s) 'example_short_circuit_decorator' retrieved from /home/airflow/.local/lib/python3.8/site-packages/airflow/example_dags/example_short_circuit_decorator.py
[2025-05-13T21:18:41.671+0000] {logging_mixin.py:188} INFO - [2025-05-13T21:18:41.671+0000] {dag.py:3036} INFO - Sync 1 DAGs
[2025-05-13T21:18:41.700+0000] {logging_mixin.py:188} INFO - [2025-05-13T21:18:41.700+0000] {dag.py:3823} INFO - Setting next_dagrun for example_short_circuit_decorator to 2025-05-12 00:00:00+00:00, run_after=2025-05-13 00:00:00+00:00
[2025-05-13T21:18:41.780+0000] {processor.py:183} INFO - Processing /home/airflow/.local/lib/python3.8/site-packages/airflow/example_dags/example_short_circuit_decorator.py took 0.155 seconds
[2025-05-13T21:19:11.990+0000] {processor.py:161} INFO - Started process (PID=590) to work on /home/airflow/.local/lib/python3.8/site-packages/airflow/example_dags/example_short_circuit_decorator.py
[2025-05-13T21:19:11.992+0000] {processor.py:830} INFO - Processing file /home/airflow/.local/lib/python3.8/site-packages/airflow/example_dags/example_short_circuit_decorator.py for tasks to queue
[2025-05-13T21:19:11.995+0000] {logging_mixin.py:188} INFO - [2025-05-13T21:19:11.994+0000] {dagbag.py:538} INFO - Filling up the DagBag from /home/airflow/.local/lib/python3.8/site-packages/airflow/example_dags/example_short_circuit_decorator.py
[2025-05-13T21:19:12.007+0000] {processor.py:840} INFO - DAG(s) 'example_short_circuit_decorator' retrieved from /home/airflow/.local/lib/python3.8/site-packages/airflow/example_dags/example_short_circuit_decorator.py
[2025-05-13T21:19:12.040+0000] {logging_mixin.py:188} INFO - [2025-05-13T21:19:12.039+0000] {dag.py:3036} INFO - Sync 1 DAGs
[2025-05-13T21:19:12.075+0000] {logging_mixin.py:188} INFO - [2025-05-13T21:19:12.074+0000] {dag.py:3823} INFO - Setting next_dagrun for example_short_circuit_decorator to 2025-05-12 00:00:00+00:00, run_after=2025-05-13 00:00:00+00:00
[2025-05-13T21:19:12.111+0000] {processor.py:183} INFO - Processing /home/airflow/.local/lib/python3.8/site-packages/airflow/example_dags/example_short_circuit_decorator.py took 0.125 seconds
[2025-05-13T21:19:42.235+0000] {processor.py:161} INFO - Started process (PID=647) to work on /home/airflow/.local/lib/python3.8/site-packages/airflow/example_dags/example_short_circuit_decorator.py
[2025-05-13T21:19:42.237+0000] {processor.py:830} INFO - Processing file /home/airflow/.local/lib/python3.8/site-packages/airflow/example_dags/example_short_circuit_decorator.py for tasks to queue
[2025-05-13T21:19:42.239+0000] {logging_mixin.py:188} INFO - [2025-05-13T21:19:42.239+0000] {dagbag.py:538} INFO - Filling up the DagBag from /home/airflow/.local/lib/python3.8/site-packages/airflow/example_dags/example_short_circuit_decorator.py
[2025-05-13T21:19:42.249+0000] {processor.py:840} INFO - DAG(s) 'example_short_circuit_decorator' retrieved from /home/airflow/.local/lib/python3.8/site-packages/airflow/example_dags/example_short_circuit_decorator.py
[2025-05-13T21:19:42.277+0000] {logging_mixin.py:188} INFO - [2025-05-13T21:19:42.276+0000] {dag.py:3036} INFO - Sync 1 DAGs
[2025-05-13T21:19:42.305+0000] {logging_mixin.py:188} INFO - [2025-05-13T21:19:42.304+0000] {dag.py:3823} INFO - Setting next_dagrun for example_short_circuit_decorator to 2025-05-12 00:00:00+00:00, run_after=2025-05-13 00:00:00+00:00
[2025-05-13T21:19:42.340+0000] {processor.py:183} INFO - Processing /home/airflow/.local/lib/python3.8/site-packages/airflow/example_dags/example_short_circuit_decorator.py took 0.109 seconds
[2025-05-13T21:58:05.453+0000] {processor.py:161} INFO - Started process (PID=672) to work on /home/airflow/.local/lib/python3.8/site-packages/airflow/example_dags/example_short_circuit_decorator.py
[2025-05-13T21:58:05.459+0000] {processor.py:830} INFO - Processing file /home/airflow/.local/lib/python3.8/site-packages/airflow/example_dags/example_short_circuit_decorator.py for tasks to queue
[2025-05-13T21:58:05.470+0000] {logging_mixin.py:188} INFO - [2025-05-13T21:58:05.469+0000] {dagbag.py:538} INFO - Filling up the DagBag from /home/airflow/.local/lib/python3.8/site-packages/airflow/example_dags/example_short_circuit_decorator.py
[2025-05-13T21:58:05.493+0000] {processor.py:840} INFO - DAG(s) 'example_short_circuit_decorator' retrieved from /home/airflow/.local/lib/python3.8/site-packages/airflow/example_dags/example_short_circuit_decorator.py
[2025-05-13T21:58:05.555+0000] {logging_mixin.py:188} INFO - [2025-05-13T21:58:05.555+0000] {dag.py:3036} INFO - Sync 1 DAGs
[2025-05-13T21:58:05.605+0000] {logging_mixin.py:188} INFO - [2025-05-13T21:58:05.605+0000] {dag.py:3823} INFO - Setting next_dagrun for example_short_circuit_decorator to 2025-05-12 00:00:00+00:00, run_after=2025-05-13 00:00:00+00:00
[2025-05-13T21:58:05.653+0000] {processor.py:183} INFO - Processing /home/airflow/.local/lib/python3.8/site-packages/airflow/example_dags/example_short_circuit_decorator.py took 0.204 seconds
[2025-05-13T21:58:36.245+0000] {processor.py:161} INFO - Started process (PID=728) to work on /home/airflow/.local/lib/python3.8/site-packages/airflow/example_dags/example_short_circuit_decorator.py
[2025-05-13T21:58:36.246+0000] {processor.py:830} INFO - Processing file /home/airflow/.local/lib/python3.8/site-packages/airflow/example_dags/example_short_circuit_decorator.py for tasks to queue
[2025-05-13T21:58:36.248+0000] {logging_mixin.py:188} INFO - [2025-05-13T21:58:36.248+0000] {dagbag.py:538} INFO - Filling up the DagBag from /home/airflow/.local/lib/python3.8/site-packages/airflow/example_dags/example_short_circuit_decorator.py
[2025-05-13T21:58:36.258+0000] {processor.py:840} INFO - DAG(s) 'example_short_circuit_decorator' retrieved from /home/airflow/.local/lib/python3.8/site-packages/airflow/example_dags/example_short_circuit_decorator.py
[2025-05-13T21:58:36.289+0000] {logging_mixin.py:188} INFO - [2025-05-13T21:58:36.289+0000] {dag.py:3036} INFO - Sync 1 DAGs
[2025-05-13T21:58:36.315+0000] {logging_mixin.py:188} INFO - [2025-05-13T21:58:36.315+0000] {dag.py:3823} INFO - Setting next_dagrun for example_short_circuit_decorator to 2025-05-12 00:00:00+00:00, run_after=2025-05-13 00:00:00+00:00
[2025-05-13T21:58:36.342+0000] {processor.py:183} INFO - Processing /home/airflow/.local/lib/python3.8/site-packages/airflow/example_dags/example_short_circuit_decorator.py took 0.101 seconds
[2025-05-13T21:59:06.886+0000] {processor.py:161} INFO - Started process (PID=785) to work on /home/airflow/.local/lib/python3.8/site-packages/airflow/example_dags/example_short_circuit_decorator.py
[2025-05-13T21:59:06.887+0000] {processor.py:830} INFO - Processing file /home/airflow/.local/lib/python3.8/site-packages/airflow/example_dags/example_short_circuit_decorator.py for tasks to queue
[2025-05-13T21:59:06.889+0000] {logging_mixin.py:188} INFO - [2025-05-13T21:59:06.889+0000] {dagbag.py:538} INFO - Filling up the DagBag from /home/airflow/.local/lib/python3.8/site-packages/airflow/example_dags/example_short_circuit_decorator.py
[2025-05-13T21:59:06.900+0000] {processor.py:840} INFO - DAG(s) 'example_short_circuit_decorator' retrieved from /home/airflow/.local/lib/python3.8/site-packages/airflow/example_dags/example_short_circuit_decorator.py
[2025-05-13T21:59:06.931+0000] {logging_mixin.py:188} INFO - [2025-05-13T21:59:06.930+0000] {dag.py:3036} INFO - Sync 1 DAGs
[2025-05-13T21:59:06.959+0000] {logging_mixin.py:188} INFO - [2025-05-13T21:59:06.959+0000] {dag.py:3823} INFO - Setting next_dagrun for example_short_circuit_decorator to 2025-05-12 00:00:00+00:00, run_after=2025-05-13 00:00:00+00:00
[2025-05-13T21:59:06.984+0000] {processor.py:183} INFO - Processing /home/airflow/.local/lib/python3.8/site-packages/airflow/example_dags/example_short_circuit_decorator.py took 0.101 seconds
[2025-05-13T21:59:37.147+0000] {processor.py:161} INFO - Started process (PID=841) to work on /home/airflow/.local/lib/python3.8/site-packages/airflow/example_dags/example_short_circuit_decorator.py
[2025-05-13T21:59:37.149+0000] {processor.py:830} INFO - Processing file /home/airflow/.local/lib/python3.8/site-packages/airflow/example_dags/example_short_circuit_decorator.py for tasks to queue
[2025-05-13T21:59:37.152+0000] {logging_mixin.py:188} INFO - [2025-05-13T21:59:37.152+0000] {dagbag.py:538} INFO - Filling up the DagBag from /home/airflow/.local/lib/python3.8/site-packages/airflow/example_dags/example_short_circuit_decorator.py
[2025-05-13T21:59:37.166+0000] {processor.py:840} INFO - DAG(s) 'example_short_circuit_decorator' retrieved from /home/airflow/.local/lib/python3.8/site-packages/airflow/example_dags/example_short_circuit_decorator.py
[2025-05-13T21:59:37.203+0000] {logging_mixin.py:188} INFO - [2025-05-13T21:59:37.202+0000] {dag.py:3036} INFO - Sync 1 DAGs
[2025-05-13T21:59:37.236+0000] {logging_mixin.py:188} INFO - [2025-05-13T21:59:37.236+0000] {dag.py:3823} INFO - Setting next_dagrun for example_short_circuit_decorator to 2025-05-12 00:00:00+00:00, run_after=2025-05-13 00:00:00+00:00
[2025-05-13T21:59:37.274+0000] {processor.py:183} INFO - Processing /home/airflow/.local/lib/python3.8/site-packages/airflow/example_dags/example_short_circuit_decorator.py took 0.131 seconds
