[2025-05-13T21:09:12.366+0000] {processor.py:161} INFO - Started process (PID=79) to work on /home/airflow/.local/lib/python3.8/site-packages/airflow/example_dags/tutorial_objectstorage.py
[2025-05-13T21:09:12.369+0000] {processor.py:830} INFO - Processing file /home/airflow/.local/lib/python3.8/site-packages/airflow/example_dags/tutorial_objectstorage.py for tasks to queue
[2025-05-13T21:09:12.373+0000] {logging_mixin.py:188} INFO - [2025-05-13T21:09:12.372+0000] {dagbag.py:538} INFO - Filling up the DagBag from /home/airflow/.local/lib/python3.8/site-packages/airflow/example_dags/tutorial_objectstorage.py
[2025-05-13T21:09:12.394+0000] {processor.py:840} INFO - DAG(s) 'tutorial_objectstorage' retrieved from /home/airflow/.local/lib/python3.8/site-packages/airflow/example_dags/tutorial_objectstorage.py
[2025-05-13T21:09:16.088+0000] {logging_mixin.py:188} INFO - [2025-05-13T21:09:16.080+0000] {dag.py:3036} INFO - Sync 1 DAGs
[2025-05-13T21:09:16.108+0000] {logging_mixin.py:188} INFO - [2025-05-13T21:09:16.108+0000] {dag.py:3823} INFO - Setting next_dagrun for tutorial_objectstorage to None, run_after=None
[2025-05-13T21:09:16.168+0000] {processor.py:183} INFO - Processing /home/airflow/.local/lib/python3.8/site-packages/airflow/example_dags/tutorial_objectstorage.py took 3.807 seconds
[2025-05-13T21:10:00.685+0000] {processor.py:161} INFO - Started process (PID=135) to work on /home/airflow/.local/lib/python3.8/site-packages/airflow/example_dags/tutorial_objectstorage.py
[2025-05-13T21:10:00.687+0000] {processor.py:830} INFO - Processing file /home/airflow/.local/lib/python3.8/site-packages/airflow/example_dags/tutorial_objectstorage.py for tasks to queue
[2025-05-13T21:10:00.691+0000] {logging_mixin.py:188} INFO - [2025-05-13T21:10:00.691+0000] {dagbag.py:538} INFO - Filling up the DagBag from /home/airflow/.local/lib/python3.8/site-packages/airflow/example_dags/tutorial_objectstorage.py
[2025-05-13T21:10:00.703+0000] {processor.py:840} INFO - DAG(s) 'tutorial_objectstorage' retrieved from /home/airflow/.local/lib/python3.8/site-packages/airflow/example_dags/tutorial_objectstorage.py
[2025-05-13T21:10:00.753+0000] {logging_mixin.py:188} INFO - [2025-05-13T21:10:00.752+0000] {dag.py:3036} INFO - Sync 1 DAGs
[2025-05-13T21:10:00.774+0000] {logging_mixin.py:188} INFO - [2025-05-13T21:10:00.773+0000] {dag.py:3823} INFO - Setting next_dagrun for tutorial_objectstorage to None, run_after=None
[2025-05-13T21:10:00.806+0000] {processor.py:183} INFO - Processing /home/airflow/.local/lib/python3.8/site-packages/airflow/example_dags/tutorial_objectstorage.py took 0.124 seconds
[2025-05-13T21:11:58.616+0000] {processor.py:161} INFO - Started process (PID=169) to work on /home/airflow/.local/lib/python3.8/site-packages/airflow/example_dags/tutorial_objectstorage.py
[2025-05-13T21:11:58.620+0000] {processor.py:830} INFO - Processing file /home/airflow/.local/lib/python3.8/site-packages/airflow/example_dags/tutorial_objectstorage.py for tasks to queue
[2025-05-13T21:11:58.633+0000] {logging_mixin.py:188} INFO - [2025-05-13T21:11:58.632+0000] {dagbag.py:538} INFO - Filling up the DagBag from /home/airflow/.local/lib/python3.8/site-packages/airflow/example_dags/tutorial_objectstorage.py
[2025-05-13T21:11:58.653+0000] {processor.py:840} INFO - DAG(s) 'tutorial_objectstorage' retrieved from /home/airflow/.local/lib/python3.8/site-packages/airflow/example_dags/tutorial_objectstorage.py
[2025-05-13T21:11:59.069+0000] {logging_mixin.py:188} INFO - [2025-05-13T21:11:59.068+0000] {dag.py:3036} INFO - Sync 1 DAGs
[2025-05-13T21:11:59.090+0000] {logging_mixin.py:188} INFO - [2025-05-13T21:11:59.090+0000] {dag.py:3823} INFO - Setting next_dagrun for tutorial_objectstorage to None, run_after=None
[2025-05-13T21:11:59.155+0000] {processor.py:183} INFO - Processing /home/airflow/.local/lib/python3.8/site-packages/airflow/example_dags/tutorial_objectstorage.py took 0.548 seconds
[2025-05-13T21:14:26.832+0000] {processor.py:161} INFO - Started process (PID=82) to work on /home/airflow/.local/lib/python3.8/site-packages/airflow/example_dags/tutorial_objectstorage.py
[2025-05-13T21:14:26.924+0000] {processor.py:830} INFO - Processing file /home/airflow/.local/lib/python3.8/site-packages/airflow/example_dags/tutorial_objectstorage.py for tasks to queue
[2025-05-13T21:14:26.988+0000] {logging_mixin.py:188} INFO - [2025-05-13T21:14:26.982+0000] {dagbag.py:538} INFO - Filling up the DagBag from /home/airflow/.local/lib/python3.8/site-packages/airflow/example_dags/tutorial_objectstorage.py
[2025-05-13T21:14:27.169+0000] {processor.py:840} INFO - DAG(s) 'tutorial_objectstorage' retrieved from /home/airflow/.local/lib/python3.8/site-packages/airflow/example_dags/tutorial_objectstorage.py
[2025-05-13T21:14:28.301+0000] {logging_mixin.py:188} INFO - [2025-05-13T21:14:28.299+0000] {dag.py:3036} INFO - Sync 1 DAGs
[2025-05-13T21:14:28.408+0000] {logging_mixin.py:188} INFO - [2025-05-13T21:14:28.408+0000] {dag.py:3823} INFO - Setting next_dagrun for tutorial_objectstorage to None, run_after=None
[2025-05-13T21:14:28.615+0000] {processor.py:183} INFO - Processing /home/airflow/.local/lib/python3.8/site-packages/airflow/example_dags/tutorial_objectstorage.py took 2.079 seconds
[2025-05-13T21:14:58.835+0000] {processor.py:161} INFO - Started process (PID=138) to work on /home/airflow/.local/lib/python3.8/site-packages/airflow/example_dags/tutorial_objectstorage.py
[2025-05-13T21:14:58.836+0000] {processor.py:830} INFO - Processing file /home/airflow/.local/lib/python3.8/site-packages/airflow/example_dags/tutorial_objectstorage.py for tasks to queue
[2025-05-13T21:14:58.838+0000] {logging_mixin.py:188} INFO - [2025-05-13T21:14:58.838+0000] {dagbag.py:538} INFO - Filling up the DagBag from /home/airflow/.local/lib/python3.8/site-packages/airflow/example_dags/tutorial_objectstorage.py
[2025-05-13T21:14:58.847+0000] {processor.py:840} INFO - DAG(s) 'tutorial_objectstorage' retrieved from /home/airflow/.local/lib/python3.8/site-packages/airflow/example_dags/tutorial_objectstorage.py
[2025-05-13T21:14:58.879+0000] {logging_mixin.py:188} INFO - [2025-05-13T21:14:58.879+0000] {dag.py:3036} INFO - Sync 1 DAGs
[2025-05-13T21:14:58.896+0000] {logging_mixin.py:188} INFO - [2025-05-13T21:14:58.896+0000] {dag.py:3823} INFO - Setting next_dagrun for tutorial_objectstorage to None, run_after=None
[2025-05-13T21:14:58.928+0000] {processor.py:183} INFO - Processing /home/airflow/.local/lib/python3.8/site-packages/airflow/example_dags/tutorial_objectstorage.py took 0.098 seconds
[2025-05-13T21:15:29.255+0000] {processor.py:161} INFO - Started process (PID=194) to work on /home/airflow/.local/lib/python3.8/site-packages/airflow/example_dags/tutorial_objectstorage.py
[2025-05-13T21:15:29.260+0000] {processor.py:830} INFO - Processing file /home/airflow/.local/lib/python3.8/site-packages/airflow/example_dags/tutorial_objectstorage.py for tasks to queue
[2025-05-13T21:15:29.263+0000] {logging_mixin.py:188} INFO - [2025-05-13T21:15:29.262+0000] {dagbag.py:538} INFO - Filling up the DagBag from /home/airflow/.local/lib/python3.8/site-packages/airflow/example_dags/tutorial_objectstorage.py
[2025-05-13T21:15:29.270+0000] {processor.py:840} INFO - DAG(s) 'tutorial_objectstorage' retrieved from /home/airflow/.local/lib/python3.8/site-packages/airflow/example_dags/tutorial_objectstorage.py
[2025-05-13T21:15:29.296+0000] {logging_mixin.py:188} INFO - [2025-05-13T21:15:29.295+0000] {dag.py:3036} INFO - Sync 1 DAGs
[2025-05-13T21:15:29.311+0000] {logging_mixin.py:188} INFO - [2025-05-13T21:15:29.311+0000] {dag.py:3823} INFO - Setting next_dagrun for tutorial_objectstorage to None, run_after=None
[2025-05-13T21:15:29.341+0000] {processor.py:183} INFO - Processing /home/airflow/.local/lib/python3.8/site-packages/airflow/example_dags/tutorial_objectstorage.py took 0.089 seconds
[2025-05-13T21:15:59.447+0000] {processor.py:161} INFO - Started process (PID=250) to work on /home/airflow/.local/lib/python3.8/site-packages/airflow/example_dags/tutorial_objectstorage.py
[2025-05-13T21:15:59.449+0000] {processor.py:830} INFO - Processing file /home/airflow/.local/lib/python3.8/site-packages/airflow/example_dags/tutorial_objectstorage.py for tasks to queue
[2025-05-13T21:15:59.451+0000] {logging_mixin.py:188} INFO - [2025-05-13T21:15:59.451+0000] {dagbag.py:538} INFO - Filling up the DagBag from /home/airflow/.local/lib/python3.8/site-packages/airflow/example_dags/tutorial_objectstorage.py
[2025-05-13T21:15:59.458+0000] {processor.py:840} INFO - DAG(s) 'tutorial_objectstorage' retrieved from /home/airflow/.local/lib/python3.8/site-packages/airflow/example_dags/tutorial_objectstorage.py
[2025-05-13T21:15:59.480+0000] {logging_mixin.py:188} INFO - [2025-05-13T21:15:59.480+0000] {dag.py:3036} INFO - Sync 1 DAGs
[2025-05-13T21:15:59.494+0000] {logging_mixin.py:188} INFO - [2025-05-13T21:15:59.494+0000] {dag.py:3823} INFO - Setting next_dagrun for tutorial_objectstorage to None, run_after=None
[2025-05-13T21:15:59.535+0000] {processor.py:183} INFO - Processing /home/airflow/.local/lib/python3.8/site-packages/airflow/example_dags/tutorial_objectstorage.py took 0.091 seconds
[2025-05-13T21:16:29.877+0000] {processor.py:161} INFO - Started process (PID=306) to work on /home/airflow/.local/lib/python3.8/site-packages/airflow/example_dags/tutorial_objectstorage.py
[2025-05-13T21:16:29.878+0000] {processor.py:830} INFO - Processing file /home/airflow/.local/lib/python3.8/site-packages/airflow/example_dags/tutorial_objectstorage.py for tasks to queue
[2025-05-13T21:16:29.880+0000] {logging_mixin.py:188} INFO - [2025-05-13T21:16:29.880+0000] {dagbag.py:538} INFO - Filling up the DagBag from /home/airflow/.local/lib/python3.8/site-packages/airflow/example_dags/tutorial_objectstorage.py
[2025-05-13T21:16:29.896+0000] {processor.py:840} INFO - DAG(s) 'tutorial_objectstorage' retrieved from /home/airflow/.local/lib/python3.8/site-packages/airflow/example_dags/tutorial_objectstorage.py
[2025-05-13T21:16:29.956+0000] {logging_mixin.py:188} INFO - [2025-05-13T21:16:29.955+0000] {dag.py:3036} INFO - Sync 1 DAGs
[2025-05-13T21:16:29.987+0000] {logging_mixin.py:188} INFO - [2025-05-13T21:16:29.981+0000] {dag.py:3823} INFO - Setting next_dagrun for tutorial_objectstorage to None, run_after=None
[2025-05-13T21:16:30.030+0000] {processor.py:183} INFO - Processing /home/airflow/.local/lib/python3.8/site-packages/airflow/example_dags/tutorial_objectstorage.py took 0.157 seconds
[2025-05-13T21:17:00.476+0000] {processor.py:161} INFO - Started process (PID=360) to work on /home/airflow/.local/lib/python3.8/site-packages/airflow/example_dags/tutorial_objectstorage.py
[2025-05-13T21:17:00.479+0000] {processor.py:830} INFO - Processing file /home/airflow/.local/lib/python3.8/site-packages/airflow/example_dags/tutorial_objectstorage.py for tasks to queue
[2025-05-13T21:17:00.482+0000] {logging_mixin.py:188} INFO - [2025-05-13T21:17:00.482+0000] {dagbag.py:538} INFO - Filling up the DagBag from /home/airflow/.local/lib/python3.8/site-packages/airflow/example_dags/tutorial_objectstorage.py
[2025-05-13T21:17:00.491+0000] {processor.py:840} INFO - DAG(s) 'tutorial_objectstorage' retrieved from /home/airflow/.local/lib/python3.8/site-packages/airflow/example_dags/tutorial_objectstorage.py
[2025-05-13T21:17:00.521+0000] {logging_mixin.py:188} INFO - [2025-05-13T21:17:00.521+0000] {dag.py:3036} INFO - Sync 1 DAGs
[2025-05-13T21:17:00.536+0000] {logging_mixin.py:188} INFO - [2025-05-13T21:17:00.535+0000] {dag.py:3823} INFO - Setting next_dagrun for tutorial_objectstorage to None, run_after=None
[2025-05-13T21:17:00.559+0000] {processor.py:183} INFO - Processing /home/airflow/.local/lib/python3.8/site-packages/airflow/example_dags/tutorial_objectstorage.py took 0.086 seconds
[2025-05-13T21:17:30.753+0000] {processor.py:161} INFO - Started process (PID=416) to work on /home/airflow/.local/lib/python3.8/site-packages/airflow/example_dags/tutorial_objectstorage.py
[2025-05-13T21:17:30.754+0000] {processor.py:830} INFO - Processing file /home/airflow/.local/lib/python3.8/site-packages/airflow/example_dags/tutorial_objectstorage.py for tasks to queue
[2025-05-13T21:17:30.757+0000] {logging_mixin.py:188} INFO - [2025-05-13T21:17:30.756+0000] {dagbag.py:538} INFO - Filling up the DagBag from /home/airflow/.local/lib/python3.8/site-packages/airflow/example_dags/tutorial_objectstorage.py
[2025-05-13T21:17:30.767+0000] {processor.py:840} INFO - DAG(s) 'tutorial_objectstorage' retrieved from /home/airflow/.local/lib/python3.8/site-packages/airflow/example_dags/tutorial_objectstorage.py
[2025-05-13T21:17:30.796+0000] {logging_mixin.py:188} INFO - [2025-05-13T21:17:30.796+0000] {dag.py:3036} INFO - Sync 1 DAGs
[2025-05-13T21:17:30.818+0000] {logging_mixin.py:188} INFO - [2025-05-13T21:17:30.818+0000] {dag.py:3823} INFO - Setting next_dagrun for tutorial_objectstorage to None, run_after=None
[2025-05-13T21:17:30.855+0000] {processor.py:183} INFO - Processing /home/airflow/.local/lib/python3.8/site-packages/airflow/example_dags/tutorial_objectstorage.py took 0.106 seconds
[2025-05-13T21:18:01.240+0000] {processor.py:161} INFO - Started process (PID=472) to work on /home/airflow/.local/lib/python3.8/site-packages/airflow/example_dags/tutorial_objectstorage.py
[2025-05-13T21:18:01.242+0000] {processor.py:830} INFO - Processing file /home/airflow/.local/lib/python3.8/site-packages/airflow/example_dags/tutorial_objectstorage.py for tasks to queue
[2025-05-13T21:18:01.244+0000] {logging_mixin.py:188} INFO - [2025-05-13T21:18:01.244+0000] {dagbag.py:538} INFO - Filling up the DagBag from /home/airflow/.local/lib/python3.8/site-packages/airflow/example_dags/tutorial_objectstorage.py
[2025-05-13T21:18:01.253+0000] {processor.py:840} INFO - DAG(s) 'tutorial_objectstorage' retrieved from /home/airflow/.local/lib/python3.8/site-packages/airflow/example_dags/tutorial_objectstorage.py
[2025-05-13T21:18:01.284+0000] {logging_mixin.py:188} INFO - [2025-05-13T21:18:01.283+0000] {dag.py:3036} INFO - Sync 1 DAGs
[2025-05-13T21:18:01.301+0000] {logging_mixin.py:188} INFO - [2025-05-13T21:18:01.300+0000] {dag.py:3823} INFO - Setting next_dagrun for tutorial_objectstorage to None, run_after=None
[2025-05-13T21:18:01.334+0000] {processor.py:183} INFO - Processing /home/airflow/.local/lib/python3.8/site-packages/airflow/example_dags/tutorial_objectstorage.py took 0.097 seconds
[2025-05-13T21:18:32.089+0000] {processor.py:161} INFO - Started process (PID=528) to work on /home/airflow/.local/lib/python3.8/site-packages/airflow/example_dags/tutorial_objectstorage.py
[2025-05-13T21:18:32.091+0000] {processor.py:830} INFO - Processing file /home/airflow/.local/lib/python3.8/site-packages/airflow/example_dags/tutorial_objectstorage.py for tasks to queue
[2025-05-13T21:18:32.094+0000] {logging_mixin.py:188} INFO - [2025-05-13T21:18:32.093+0000] {dagbag.py:538} INFO - Filling up the DagBag from /home/airflow/.local/lib/python3.8/site-packages/airflow/example_dags/tutorial_objectstorage.py
[2025-05-13T21:18:32.104+0000] {processor.py:840} INFO - DAG(s) 'tutorial_objectstorage' retrieved from /home/airflow/.local/lib/python3.8/site-packages/airflow/example_dags/tutorial_objectstorage.py
[2025-05-13T21:18:32.131+0000] {logging_mixin.py:188} INFO - [2025-05-13T21:18:32.131+0000] {dag.py:3036} INFO - Sync 1 DAGs
[2025-05-13T21:18:32.144+0000] {logging_mixin.py:188} INFO - [2025-05-13T21:18:32.144+0000] {dag.py:3823} INFO - Setting next_dagrun for tutorial_objectstorage to None, run_after=None
[2025-05-13T21:18:32.171+0000] {processor.py:183} INFO - Processing /home/airflow/.local/lib/python3.8/site-packages/airflow/example_dags/tutorial_objectstorage.py took 0.086 seconds
[2025-05-13T21:19:02.575+0000] {processor.py:161} INFO - Started process (PID=583) to work on /home/airflow/.local/lib/python3.8/site-packages/airflow/example_dags/tutorial_objectstorage.py
[2025-05-13T21:19:02.579+0000] {processor.py:830} INFO - Processing file /home/airflow/.local/lib/python3.8/site-packages/airflow/example_dags/tutorial_objectstorage.py for tasks to queue
[2025-05-13T21:19:02.587+0000] {logging_mixin.py:188} INFO - [2025-05-13T21:19:02.587+0000] {dagbag.py:538} INFO - Filling up the DagBag from /home/airflow/.local/lib/python3.8/site-packages/airflow/example_dags/tutorial_objectstorage.py
[2025-05-13T21:19:02.608+0000] {processor.py:840} INFO - DAG(s) 'tutorial_objectstorage' retrieved from /home/airflow/.local/lib/python3.8/site-packages/airflow/example_dags/tutorial_objectstorage.py
[2025-05-13T21:19:02.637+0000] {logging_mixin.py:188} INFO - [2025-05-13T21:19:02.637+0000] {dag.py:3036} INFO - Sync 1 DAGs
[2025-05-13T21:19:02.654+0000] {logging_mixin.py:188} INFO - [2025-05-13T21:19:02.653+0000] {dag.py:3823} INFO - Setting next_dagrun for tutorial_objectstorage to None, run_after=None
[2025-05-13T21:19:02.700+0000] {processor.py:183} INFO - Processing /home/airflow/.local/lib/python3.8/site-packages/airflow/example_dags/tutorial_objectstorage.py took 0.134 seconds
[2025-05-13T21:19:33.288+0000] {processor.py:161} INFO - Started process (PID=640) to work on /home/airflow/.local/lib/python3.8/site-packages/airflow/example_dags/tutorial_objectstorage.py
[2025-05-13T21:19:33.292+0000] {processor.py:830} INFO - Processing file /home/airflow/.local/lib/python3.8/site-packages/airflow/example_dags/tutorial_objectstorage.py for tasks to queue
[2025-05-13T21:19:33.295+0000] {logging_mixin.py:188} INFO - [2025-05-13T21:19:33.295+0000] {dagbag.py:538} INFO - Filling up the DagBag from /home/airflow/.local/lib/python3.8/site-packages/airflow/example_dags/tutorial_objectstorage.py
[2025-05-13T21:19:33.304+0000] {processor.py:840} INFO - DAG(s) 'tutorial_objectstorage' retrieved from /home/airflow/.local/lib/python3.8/site-packages/airflow/example_dags/tutorial_objectstorage.py
[2025-05-13T21:19:33.370+0000] {logging_mixin.py:188} INFO - [2025-05-13T21:19:33.369+0000] {dag.py:3036} INFO - Sync 1 DAGs
[2025-05-13T21:19:33.391+0000] {logging_mixin.py:188} INFO - [2025-05-13T21:19:33.390+0000] {dag.py:3823} INFO - Setting next_dagrun for tutorial_objectstorage to None, run_after=None
[2025-05-13T21:19:33.430+0000] {processor.py:183} INFO - Processing /home/airflow/.local/lib/python3.8/site-packages/airflow/example_dags/tutorial_objectstorage.py took 0.146 seconds
[2025-05-13T21:58:04.314+0000] {processor.py:161} INFO - Started process (PID=667) to work on /home/airflow/.local/lib/python3.8/site-packages/airflow/example_dags/tutorial_objectstorage.py
[2025-05-13T21:58:04.316+0000] {processor.py:830} INFO - Processing file /home/airflow/.local/lib/python3.8/site-packages/airflow/example_dags/tutorial_objectstorage.py for tasks to queue
[2025-05-13T21:58:04.324+0000] {logging_mixin.py:188} INFO - [2025-05-13T21:58:04.324+0000] {dagbag.py:538} INFO - Filling up the DagBag from /home/airflow/.local/lib/python3.8/site-packages/airflow/example_dags/tutorial_objectstorage.py
[2025-05-13T21:58:04.408+0000] {processor.py:840} INFO - DAG(s) 'tutorial_objectstorage' retrieved from /home/airflow/.local/lib/python3.8/site-packages/airflow/example_dags/tutorial_objectstorage.py
[2025-05-13T21:58:04.467+0000] {logging_mixin.py:188} INFO - [2025-05-13T21:58:04.467+0000] {dag.py:3036} INFO - Sync 1 DAGs
[2025-05-13T21:58:04.497+0000] {logging_mixin.py:188} INFO - [2025-05-13T21:58:04.497+0000] {dag.py:3823} INFO - Setting next_dagrun for tutorial_objectstorage to None, run_after=None
[2025-05-13T21:58:04.601+0000] {processor.py:183} INFO - Processing /home/airflow/.local/lib/python3.8/site-packages/airflow/example_dags/tutorial_objectstorage.py took 0.302 seconds
[2025-05-13T21:58:34.919+0000] {processor.py:161} INFO - Started process (PID=723) to work on /home/airflow/.local/lib/python3.8/site-packages/airflow/example_dags/tutorial_objectstorage.py
[2025-05-13T21:58:34.921+0000] {processor.py:830} INFO - Processing file /home/airflow/.local/lib/python3.8/site-packages/airflow/example_dags/tutorial_objectstorage.py for tasks to queue
[2025-05-13T21:58:34.924+0000] {logging_mixin.py:188} INFO - [2025-05-13T21:58:34.924+0000] {dagbag.py:538} INFO - Filling up the DagBag from /home/airflow/.local/lib/python3.8/site-packages/airflow/example_dags/tutorial_objectstorage.py
[2025-05-13T21:58:34.936+0000] {processor.py:840} INFO - DAG(s) 'tutorial_objectstorage' retrieved from /home/airflow/.local/lib/python3.8/site-packages/airflow/example_dags/tutorial_objectstorage.py
[2025-05-13T21:58:34.970+0000] {logging_mixin.py:188} INFO - [2025-05-13T21:58:34.969+0000] {dag.py:3036} INFO - Sync 1 DAGs
[2025-05-13T21:58:34.994+0000] {logging_mixin.py:188} INFO - [2025-05-13T21:58:34.994+0000] {dag.py:3823} INFO - Setting next_dagrun for tutorial_objectstorage to None, run_after=None
[2025-05-13T21:58:35.044+0000] {processor.py:183} INFO - Processing /home/airflow/.local/lib/python3.8/site-packages/airflow/example_dags/tutorial_objectstorage.py took 0.129 seconds
[2025-05-13T21:59:05.381+0000] {processor.py:161} INFO - Started process (PID=780) to work on /home/airflow/.local/lib/python3.8/site-packages/airflow/example_dags/tutorial_objectstorage.py
[2025-05-13T21:59:05.389+0000] {processor.py:830} INFO - Processing file /home/airflow/.local/lib/python3.8/site-packages/airflow/example_dags/tutorial_objectstorage.py for tasks to queue
[2025-05-13T21:59:05.410+0000] {logging_mixin.py:188} INFO - [2025-05-13T21:59:05.409+0000] {dagbag.py:538} INFO - Filling up the DagBag from /home/airflow/.local/lib/python3.8/site-packages/airflow/example_dags/tutorial_objectstorage.py
[2025-05-13T21:59:05.465+0000] {processor.py:840} INFO - DAG(s) 'tutorial_objectstorage' retrieved from /home/airflow/.local/lib/python3.8/site-packages/airflow/example_dags/tutorial_objectstorage.py
[2025-05-13T21:59:05.559+0000] {logging_mixin.py:188} INFO - [2025-05-13T21:59:05.559+0000] {dag.py:3036} INFO - Sync 1 DAGs
[2025-05-13T21:59:05.614+0000] {logging_mixin.py:188} INFO - [2025-05-13T21:59:05.614+0000] {dag.py:3823} INFO - Setting next_dagrun for tutorial_objectstorage to None, run_after=None
[2025-05-13T21:59:05.677+0000] {processor.py:183} INFO - Processing /home/airflow/.local/lib/python3.8/site-packages/airflow/example_dags/tutorial_objectstorage.py took 0.299 seconds
[2025-05-13T21:59:35.770+0000] {processor.py:161} INFO - Started process (PID=836) to work on /home/airflow/.local/lib/python3.8/site-packages/airflow/example_dags/tutorial_objectstorage.py
[2025-05-13T21:59:35.772+0000] {processor.py:830} INFO - Processing file /home/airflow/.local/lib/python3.8/site-packages/airflow/example_dags/tutorial_objectstorage.py for tasks to queue
[2025-05-13T21:59:35.775+0000] {logging_mixin.py:188} INFO - [2025-05-13T21:59:35.774+0000] {dagbag.py:538} INFO - Filling up the DagBag from /home/airflow/.local/lib/python3.8/site-packages/airflow/example_dags/tutorial_objectstorage.py
[2025-05-13T21:59:35.789+0000] {processor.py:840} INFO - DAG(s) 'tutorial_objectstorage' retrieved from /home/airflow/.local/lib/python3.8/site-packages/airflow/example_dags/tutorial_objectstorage.py
[2025-05-13T21:59:35.830+0000] {logging_mixin.py:188} INFO - [2025-05-13T21:59:35.829+0000] {dag.py:3036} INFO - Sync 1 DAGs
[2025-05-13T21:59:35.848+0000] {logging_mixin.py:188} INFO - [2025-05-13T21:59:35.847+0000] {dag.py:3823} INFO - Setting next_dagrun for tutorial_objectstorage to None, run_after=None
[2025-05-13T21:59:35.886+0000] {processor.py:183} INFO - Processing /home/airflow/.local/lib/python3.8/site-packages/airflow/example_dags/tutorial_objectstorage.py took 0.119 seconds
